2023-08-30 08:47:09.161053: I tensorflow/stream_executor/platform/default/dso_loader.cc:49] Successfully opened dynamic library libcudart.so.10.1
2023-08-30 08:47:09.180995: I tensorflow/stream_executor/platform/default/dso_loader.cc:49] Successfully opened dynamic library libcudart.so.10.1
2023-08-30 08:47:09.181489: I tensorflow/stream_executor/platform/default/dso_loader.cc:49] Successfully opened dynamic library libcudart.so.10.1
2023-08-30 08:47:09.181566: I tensorflow/stream_executor/platform/default/dso_loader.cc:49] Successfully opened dynamic library libcudart.so.10.1
2023-08-30 08:47:09.186978: I tensorflow/stream_executor/platform/default/dso_loader.cc:49] Successfully opened dynamic library libcudart.so.10.1
2023-08-30 08:47:09.188009: I tensorflow/stream_executor/platform/default/dso_loader.cc:49] Successfully opened dynamic library libcudart.so.10.1
2023-08-30 08:47:09.161053: I tensorflow/stream_executor/platform/default/dso_loader.cc:49] Successfully opened dynamic library libcudart.so.10.1
2023-08-30 08:47:09.180997: I tensorflow/stream_executor/platform/default/dso_loader.cc:49] Successfully opened dynamic library libcudart.so.10.1
2023-08-30 08:47:09.181676: I tensorflow/stream_executor/platform/default/dso_loader.cc:49] Successfully opened dynamic library libcudart.so.10.1
2023-08-30 08:47:09.181567: I tensorflow/stream_executor/platform/default/dso_loader.cc:49] Successfully opened dynamic library libcudart.so.10.1
2023-08-30 08:47:09.191109: I tensorflow/stream_executor/platform/default/dso_loader.cc:49] Successfully opened dynamic library libcudart.so.10.1
2023-08-30 08:47:09.188208: I tensorflow/stream_executor/platform/default/dso_loader.cc:49] Successfully opened dynamic library libcudart.so.10.1
2023-08-30 08:47:40.158212: I tensorflow/stream_executor/platform/default/dso_loader.cc:49] Successfully opened dynamic library libcuda.so.1
2023-08-30 08:47:40.158329: I tensorflow/stream_executor/platform/default/dso_loader.cc:49] Successfully opened dynamic library libcuda.so.1
2023-08-30 08:47:40.177249: I tensorflow/stream_executor/platform/default/dso_loader.cc:49] Successfully opened dynamic library libcuda.so.1
2023-08-30 08:47:40.177358: I tensorflow/stream_executor/platform/default/dso_loader.cc:49] Successfully opened dynamic library libcuda.so.1
2023-08-30 08:47:40.179413: I tensorflow/stream_executor/platform/default/dso_loader.cc:49] Successfully opened dynamic library libcuda.so.1
2023-08-30 08:47:40.179413: I tensorflow/stream_executor/platform/default/dso_loader.cc:49] Successfully opened dynamic library libcuda.so.1
2023-08-30 08:47:40.180581: I tensorflow/stream_executor/platform/default/dso_loader.cc:49] Successfully opened dynamic library libcuda.so.1
2023-08-30 08:47:40.180578: I tensorflow/stream_executor/platform/default/dso_loader.cc:49] Successfully opened dynamic library libcuda.so.1
2023-08-30 08:47:40.180135: I tensorflow/stream_executor/platform/default/dso_loader.cc:49] Successfully opened dynamic library libcuda.so.1
2023-08-30 08:47:40.180137: I tensorflow/stream_executor/platform/default/dso_loader.cc:49] Successfully opened dynamic library libcuda.so.1
2023-08-30 08:47:40.180483: I tensorflow/stream_executor/platform/default/dso_loader.cc:49] Successfully opened dynamic library libcuda.so.1
2023-08-30 08:47:40.180489: I tensorflow/stream_executor/platform/default/dso_loader.cc:49] Successfully opened dynamic library libcuda.so.1
2023-08-30 08:47:40.237688: I tensorflow/core/common_runtime/gpu/gpu_device.cc:1720] Found device 0 with properties: 
pciBusID: 0000:82:00.0 name: Tesla K40m computeCapability: 3.5
coreClock: 0.8755GHz coreCount: 15 deviceMemorySize: 11.17GiB deviceMemoryBandwidth: 268.58GiB/s
2023-08-30 08:47:40.237753: I tensorflow/stream_executor/platform/default/dso_loader.cc:49] Successfully opened dynamic library libcudart.so.10.1
2023-08-30 08:47:40.249038: I tensorflow/core/common_runtime/gpu/gpu_device.cc:1720] Found device 0 with properties: 
pciBusID: 0000:04:00.0 name: Tesla K40m computeCapability: 3.5
coreClock: 0.8755GHz coreCount: 15 deviceMemorySize: 11.17GiB deviceMemoryBandwidth: 268.58GiB/s
2023-08-30 08:47:40.249122: I tensorflow/stream_executor/platform/default/dso_loader.cc:49] Successfully opened dynamic library libcudart.so.10.1
2023-08-30 08:47:40.251115: I tensorflow/core/common_runtime/gpu/gpu_device.cc:1720] Found device 0 with properties: 
pciBusID: 0000:82:00.0 name: Tesla K40m computeCapability: 3.5
coreClock: 0.8755GHz coreCount: 15 deviceMemorySize: 11.17GiB deviceMemoryBandwidth: 268.58GiB/s
2023-08-30 08:47:40.251152: I tensorflow/stream_executor/platform/default/dso_loader.cc:49] Successfully opened dynamic library libcudart.so.10.1
2023-08-30 08:47:40.250998: I tensorflow/core/common_runtime/gpu/gpu_device.cc:1720] Found device 0 with properties: 
pciBusID: 0000:04:00.0 name: Tesla K40m computeCapability: 3.5
coreClock: 0.8755GHz coreCount: 15 deviceMemorySize: 11.17GiB deviceMemoryBandwidth: 268.58GiB/s
2023-08-30 08:47:40.251067: I tensorflow/stream_executor/platform/default/dso_loader.cc:49] Successfully opened dynamic library libcudart.so.10.1
2023-08-30 08:47:40.253417: I tensorflow/core/common_runtime/gpu/gpu_device.cc:1720] Found device 0 with properties: 
pciBusID: 0000:04:00.0 name: Tesla K40m computeCapability: 3.5
coreClock: 0.8755GHz coreCount: 15 deviceMemorySize: 11.17GiB deviceMemoryBandwidth: 268.58GiB/s
2023-08-30 08:47:40.253446: I tensorflow/stream_executor/platform/default/dso_loader.cc:49] Successfully opened dynamic library libcudart.so.10.1
2023-08-30 08:47:40.256088: I tensorflow/core/common_runtime/gpu/gpu_device.cc:1720] Found device 0 with properties: 
pciBusID: 0000:82:00.0 name: Tesla K40m computeCapability: 3.5
coreClock: 0.8755GHz coreCount: 15 deviceMemorySize: 11.17GiB deviceMemoryBandwidth: 268.58GiB/s
2023-08-30 08:47:40.256152: I tensorflow/stream_executor/platform/default/dso_loader.cc:49] Successfully opened dynamic library libcudart.so.10.1
2023-08-30 08:47:40.258607: I tensorflow/core/common_runtime/gpu/gpu_device.cc:1720] Found device 0 with properties: 
pciBusID: 0000:82:00.0 name: Tesla K40m computeCapability: 3.5
coreClock: 0.8755GHz coreCount: 15 deviceMemorySize: 11.17GiB deviceMemoryBandwidth: 268.58GiB/s
2023-08-30 08:47:40.258642: I tensorflow/stream_executor/platform/default/dso_loader.cc:49] Successfully opened dynamic library libcudart.so.10.1
2023-08-30 08:47:40.263298: I tensorflow/core/common_runtime/gpu/gpu_device.cc:1720] Found device 0 with properties: 
pciBusID: 0000:82:00.0 name: Tesla K40m computeCapability: 3.5
coreClock: 0.8755GHz coreCount: 15 deviceMemorySize: 11.17GiB deviceMemoryBandwidth: 268.58GiB/s
2023-08-30 08:47:40.263326: I tensorflow/stream_executor/platform/default/dso_loader.cc:49] Successfully opened dynamic library libcudart.so.10.1
2023-08-30 08:47:40.265295: I tensorflow/core/common_runtime/gpu/gpu_device.cc:1720] Found device 0 with properties: 
pciBusID: 0000:04:00.0 name: Tesla K40m computeCapability: 3.5
coreClock: 0.8755GHz coreCount: 15 deviceMemorySize: 11.17GiB deviceMemoryBandwidth: 268.58GiB/s
2023-08-30 08:47:40.265322: I tensorflow/stream_executor/platform/default/dso_loader.cc:49] Successfully opened dynamic library libcudart.so.10.1
2023-08-30 08:47:40.266122: I tensorflow/core/common_runtime/gpu/gpu_device.cc:1720] Found device 0 with properties: 
pciBusID: 0000:04:00.0 name: Tesla K40m computeCapability: 3.5
coreClock: 0.8755GHz coreCount: 15 deviceMemorySize: 11.17GiB deviceMemoryBandwidth: 268.58GiB/s
2023-08-30 08:47:40.266185: I tensorflow/stream_executor/platform/default/dso_loader.cc:49] Successfully opened dynamic library libcudart.so.10.1
2023-08-30 08:47:40.271510: I tensorflow/core/common_runtime/gpu/gpu_device.cc:1720] Found device 0 with properties: 
pciBusID: 0000:04:00.0 name: Tesla K40m computeCapability: 3.5
coreClock: 0.8755GHz coreCount: 15 deviceMemorySize: 11.17GiB deviceMemoryBandwidth: 268.58GiB/s
2023-08-30 08:47:40.271538: I tensorflow/stream_executor/platform/default/dso_loader.cc:49] Successfully opened dynamic library libcudart.so.10.1
2023-08-30 08:47:40.273659: I tensorflow/core/common_runtime/gpu/gpu_device.cc:1720] Found device 0 with properties: 
pciBusID: 0000:82:00.0 name: Tesla K40m computeCapability: 3.5
coreClock: 0.8755GHz coreCount: 15 deviceMemorySize: 11.17GiB deviceMemoryBandwidth: 268.58GiB/s
2023-08-30 08:47:40.273688: I tensorflow/stream_executor/platform/default/dso_loader.cc:49] Successfully opened dynamic library libcudart.so.10.1
2023-08-30 08:47:40.329795: I tensorflow/stream_executor/platform/default/dso_loader.cc:49] Successfully opened dynamic library libcublas.so.10
2023-08-30 08:47:40.329800: I tensorflow/stream_executor/platform/default/dso_loader.cc:49] Successfully opened dynamic library libcublas.so.10
2023-08-30 08:47:40.329848: I tensorflow/stream_executor/platform/default/dso_loader.cc:49] Successfully opened dynamic library libcublasLt.so.10
2023-08-30 08:47:40.329876: I tensorflow/stream_executor/platform/default/dso_loader.cc:49] Successfully opened dynamic library libcublasLt.so.10
2023-08-30 08:47:40.431235: I tensorflow/stream_executor/platform/default/dso_loader.cc:49] Successfully opened dynamic library libcublas.so.10
2023-08-30 08:47:40.431217: I tensorflow/stream_executor/platform/default/dso_loader.cc:49] Successfully opened dynamic library libcublas.so.10
2023-08-30 08:47:40.431263: I tensorflow/stream_executor/platform/default/dso_loader.cc:49] Successfully opened dynamic library libcublasLt.so.10
2023-08-30 08:47:40.431326: I tensorflow/stream_executor/platform/default/dso_loader.cc:49] Successfully opened dynamic library libcublasLt.so.10
2023-08-30 08:47:40.436067: I tensorflow/stream_executor/platform/default/dso_loader.cc:49] Successfully opened dynamic library libcublas.so.10
2023-08-30 08:47:40.436062: I tensorflow/stream_executor/platform/default/dso_loader.cc:49] Successfully opened dynamic library libcublas.so.10
2023-08-30 08:47:40.436164: I tensorflow/stream_executor/platform/default/dso_loader.cc:49] Successfully opened dynamic library libcublasLt.so.10
2023-08-30 08:47:40.436152: I tensorflow/stream_executor/platform/default/dso_loader.cc:49] Successfully opened dynamic library libcublasLt.so.10
2023-08-30 08:47:40.436250: I tensorflow/stream_executor/platform/default/dso_loader.cc:49] Successfully opened dynamic library libcublas.so.10
2023-08-30 08:47:40.436263: I tensorflow/stream_executor/platform/default/dso_loader.cc:49] Successfully opened dynamic library libcublas.so.10
2023-08-30 08:47:40.436335: I tensorflow/stream_executor/platform/default/dso_loader.cc:49] Successfully opened dynamic library libcublasLt.so.10
2023-08-30 08:47:40.436343: I tensorflow/stream_executor/platform/default/dso_loader.cc:49] Successfully opened dynamic library libcublasLt.so.10
2023-08-30 08:47:40.436632: I tensorflow/stream_executor/platform/default/dso_loader.cc:49] Successfully opened dynamic library libcublas.so.10
2023-08-30 08:47:40.437252: I tensorflow/stream_executor/platform/default/dso_loader.cc:49] Successfully opened dynamic library libcublas.so.10
2023-08-30 08:47:40.436630: I tensorflow/stream_executor/platform/default/dso_loader.cc:49] Successfully opened dynamic library libcublas.so.10
2023-08-30 08:47:40.436721: I tensorflow/stream_executor/platform/default/dso_loader.cc:49] Successfully opened dynamic library libcublasLt.so.10
2023-08-30 08:47:40.437248: I tensorflow/stream_executor/platform/default/dso_loader.cc:49] Successfully opened dynamic library libcublas.so.10
2023-08-30 08:47:40.436719: I tensorflow/stream_executor/platform/default/dso_loader.cc:49] Successfully opened dynamic library libcublasLt.so.10
2023-08-30 08:47:40.437334: I tensorflow/stream_executor/platform/default/dso_loader.cc:49] Successfully opened dynamic library libcublasLt.so.10
2023-08-30 08:47:40.437332: I tensorflow/stream_executor/platform/default/dso_loader.cc:49] Successfully opened dynamic library libcublasLt.so.10
2023-08-30 08:47:40.442123: I tensorflow/stream_executor/platform/default/dso_loader.cc:49] Successfully opened dynamic library libcufft.so.10
2023-08-30 08:47:40.442130: I tensorflow/stream_executor/platform/default/dso_loader.cc:49] Successfully opened dynamic library libcufft.so.10
2023-08-30 08:47:40.458971: I tensorflow/stream_executor/platform/default/dso_loader.cc:49] Successfully opened dynamic library libcufft.so.10
2023-08-30 08:47:40.458971: I tensorflow/stream_executor/platform/default/dso_loader.cc:49] Successfully opened dynamic library libcufft.so.10
2023-08-30 08:47:40.459445: I tensorflow/stream_executor/platform/default/dso_loader.cc:49] Successfully opened dynamic library libcufft.so.10
2023-08-30 08:47:40.459445: I tensorflow/stream_executor/platform/default/dso_loader.cc:49] Successfully opened dynamic library libcufft.so.10
2023-08-30 08:47:40.464670: I tensorflow/stream_executor/platform/default/dso_loader.cc:49] Successfully opened dynamic library libcufft.so.10
2023-08-30 08:47:40.464671: I tensorflow/stream_executor/platform/default/dso_loader.cc:49] Successfully opened dynamic library libcufft.so.10
2023-08-30 08:47:40.464092: I tensorflow/stream_executor/platform/default/dso_loader.cc:49] Successfully opened dynamic library libcufft.so.10
2023-08-30 08:47:40.464089: I tensorflow/stream_executor/platform/default/dso_loader.cc:49] Successfully opened dynamic library libcufft.so.10
2023-08-30 08:47:40.464865: I tensorflow/stream_executor/platform/default/dso_loader.cc:49] Successfully opened dynamic library libcufft.so.10
2023-08-30 08:47:40.464867: I tensorflow/stream_executor/platform/default/dso_loader.cc:49] Successfully opened dynamic library libcufft.so.10
2023-08-30 08:47:40.514529: I tensorflow/stream_executor/platform/default/dso_loader.cc:49] Successfully opened dynamic library libcurand.so.10
2023-08-30 08:47:40.513895: I tensorflow/stream_executor/platform/default/dso_loader.cc:49] Successfully opened dynamic library libcurand.so.10
2023-08-30 08:47:40.514171: I tensorflow/stream_executor/platform/default/dso_loader.cc:49] Successfully opened dynamic library libcurand.so.10
2023-08-30 08:47:40.514539: I tensorflow/stream_executor/platform/default/dso_loader.cc:49] Successfully opened dynamic library libcurand.so.10
2023-08-30 08:47:40.514180: I tensorflow/stream_executor/platform/default/dso_loader.cc:49] Successfully opened dynamic library libcurand.so.10
2023-08-30 08:47:40.513904: I tensorflow/stream_executor/platform/default/dso_loader.cc:49] Successfully opened dynamic library libcurand.so.10
2023-08-30 08:47:40.514074: I tensorflow/stream_executor/platform/default/dso_loader.cc:49] Successfully opened dynamic library libcurand.so.10
2023-08-30 08:47:40.514083: I tensorflow/stream_executor/platform/default/dso_loader.cc:49] Successfully opened dynamic library libcurand.so.10
2023-08-30 08:47:40.521700: I tensorflow/stream_executor/platform/default/dso_loader.cc:49] Successfully opened dynamic library libcusolver.so.10
2023-08-30 08:47:40.521705: I tensorflow/stream_executor/platform/default/dso_loader.cc:49] Successfully opened dynamic library libcusolver.so.10
2023-08-30 08:47:40.526880: I tensorflow/stream_executor/platform/default/dso_loader.cc:49] Successfully opened dynamic library libcusparse.so.10
2023-08-30 08:47:40.526889: I tensorflow/stream_executor/platform/default/dso_loader.cc:49] Successfully opened dynamic library libcusparse.so.10
2023-08-30 08:47:40.540133: I tensorflow/stream_executor/platform/default/dso_loader.cc:49] Successfully opened dynamic library libcurand.so.10
2023-08-30 08:47:40.540510: I tensorflow/stream_executor/platform/default/dso_loader.cc:49] Successfully opened dynamic library libcurand.so.10
2023-08-30 08:47:40.540538: I tensorflow/stream_executor/platform/default/dso_loader.cc:49] Successfully opened dynamic library libcurand.so.10
2023-08-30 08:47:40.540924: I tensorflow/stream_executor/platform/default/dso_loader.cc:49] Successfully opened dynamic library libcurand.so.10
2023-08-30 08:47:40.748645: I tensorflow/stream_executor/platform/default/dso_loader.cc:49] Successfully opened dynamic library libcusolver.so.10
2023-08-30 08:47:40.748643: I tensorflow/stream_executor/platform/default/dso_loader.cc:49] Successfully opened dynamic library libcusolver.so.10
2023-08-30 08:47:40.748925: I tensorflow/stream_executor/platform/default/dso_loader.cc:49] Successfully opened dynamic library libcusolver.so.10
2023-08-30 08:47:40.748750: I tensorflow/stream_executor/platform/default/dso_loader.cc:49] Successfully opened dynamic library libcusolver.so.10
2023-08-30 08:47:40.748767: I tensorflow/stream_executor/platform/default/dso_loader.cc:49] Successfully opened dynamic library libcusolver.so.10
2023-08-30 08:47:40.749193: I tensorflow/stream_executor/platform/default/dso_loader.cc:49] Successfully opened dynamic library libcusolver.so.10
2023-08-30 08:47:40.748926: I tensorflow/stream_executor/platform/default/dso_loader.cc:49] Successfully opened dynamic library libcusolver.so.10
2023-08-30 08:47:40.749197: I tensorflow/stream_executor/platform/default/dso_loader.cc:49] Successfully opened dynamic library libcusolver.so.10
2023-08-30 08:47:40.750754: I tensorflow/stream_executor/platform/default/dso_loader.cc:49] Successfully opened dynamic library libcusolver.so.10
2023-08-30 08:47:40.750743: I tensorflow/stream_executor/platform/default/dso_loader.cc:49] Successfully opened dynamic library libcusolver.so.10
2023-08-30 08:47:40.825730: I tensorflow/stream_executor/platform/default/dso_loader.cc:49] Successfully opened dynamic library libcusparse.so.10
2023-08-30 08:47:40.825822: I tensorflow/stream_executor/platform/default/dso_loader.cc:49] Successfully opened dynamic library libcusparse.so.10
2023-08-30 08:47:40.828065: I tensorflow/stream_executor/platform/default/dso_loader.cc:49] Successfully opened dynamic library libcusparse.so.10
2023-08-30 08:47:40.828400: I tensorflow/stream_executor/platform/default/dso_loader.cc:49] Successfully opened dynamic library libcusparse.so.10
2023-08-30 08:47:40.828066: I tensorflow/stream_executor/platform/default/dso_loader.cc:49] Successfully opened dynamic library libcusparse.so.10
2023-08-30 08:47:40.828397: I tensorflow/stream_executor/platform/default/dso_loader.cc:49] Successfully opened dynamic library libcusparse.so.10
2023-08-30 08:47:40.828337: I tensorflow/stream_executor/platform/default/dso_loader.cc:49] Successfully opened dynamic library libcusparse.so.10
2023-08-30 08:47:40.828460: I tensorflow/stream_executor/platform/default/dso_loader.cc:49] Successfully opened dynamic library libcusparse.so.10
2023-08-30 08:47:40.828346: I tensorflow/stream_executor/platform/default/dso_loader.cc:49] Successfully opened dynamic library libcusparse.so.10
2023-08-30 08:47:40.828463: I tensorflow/stream_executor/platform/default/dso_loader.cc:49] Successfully opened dynamic library libcusparse.so.10
2023-08-30 08:47:40.894055: I tensorflow/stream_executor/platform/default/dso_loader.cc:49] Successfully opened dynamic library libcudnn.so.7
2023-08-30 08:47:40.894071: I tensorflow/stream_executor/platform/default/dso_loader.cc:49] Successfully opened dynamic library libcudnn.so.7
2023-08-30 08:47:40.899220: I tensorflow/core/common_runtime/gpu/gpu_device.cc:1862] Adding visible gpu devices: 0
2023-08-30 08:47:40.899395: I tensorflow/core/common_runtime/gpu/gpu_device.cc:1862] Adding visible gpu devices: 0
2023-08-30 08:47:40.899774: I tensorflow/stream_executor/platform/default/dso_loader.cc:49] Successfully opened dynamic library libcudnn.so.7
2023-08-30 08:47:40.899782: I tensorflow/stream_executor/platform/default/dso_loader.cc:49] Successfully opened dynamic library libcudnn.so.7
2023-08-30 08:47:40.905480: I tensorflow/stream_executor/platform/default/dso_loader.cc:49] Successfully opened dynamic library libcudnn.so.7
2023-08-30 08:47:40.905479: I tensorflow/stream_executor/platform/default/dso_loader.cc:49] Successfully opened dynamic library libcudnn.so.7
2023-08-30 08:47:40.907704: I tensorflow/core/common_runtime/gpu/gpu_device.cc:1862] Adding visible gpu devices: 0
2023-08-30 08:47:40.908073: I tensorflow/core/common_runtime/gpu/gpu_device.cc:1862] Adding visible gpu devices: 0
2023-08-30 08:47:40.912854: I tensorflow/stream_executor/platform/default/dso_loader.cc:49] Successfully opened dynamic library libcudnn.so.7
2023-08-30 08:47:40.912863: I tensorflow/stream_executor/platform/default/dso_loader.cc:49] Successfully opened dynamic library libcudnn.so.7
2023-08-30 08:47:40.914650: I tensorflow/core/common_runtime/gpu/gpu_device.cc:1862] Adding visible gpu devices: 0
2023-08-30 08:47:40.914828: I tensorflow/core/common_runtime/gpu/gpu_device.cc:1862] Adding visible gpu devices: 0
2023-08-30 08:47:40.918892: I tensorflow/stream_executor/platform/default/dso_loader.cc:49] Successfully opened dynamic library libcudnn.so.7
2023-08-30 08:47:40.918889: I tensorflow/stream_executor/platform/default/dso_loader.cc:49] Successfully opened dynamic library libcudnn.so.7
2023-08-30 08:47:40.919970: I tensorflow/stream_executor/platform/default/dso_loader.cc:49] Successfully opened dynamic library libcudnn.so.7
2023-08-30 08:47:40.919970: I tensorflow/stream_executor/platform/default/dso_loader.cc:49] Successfully opened dynamic library libcudnn.so.7
2023-08-30 08:47:40.922081: I tensorflow/core/common_runtime/gpu/gpu_device.cc:1862] Adding visible gpu devices: 0
2023-08-30 08:47:40.922342: I tensorflow/core/common_runtime/gpu/gpu_device.cc:1862] Adding visible gpu devices: 0
2023-08-30 08:47:40.928077: I tensorflow/core/common_runtime/gpu/gpu_device.cc:1862] Adding visible gpu devices: 0
2023-08-30 08:47:40.928261: I tensorflow/core/common_runtime/gpu/gpu_device.cc:1862] Adding visible gpu devices: 0
2023-08-30 08:47:40.929082: I tensorflow/core/common_runtime/gpu/gpu_device.cc:1862] Adding visible gpu devices: 0
2023-08-30 08:47:40.929340: I tensorflow/core/common_runtime/gpu/gpu_device.cc:1862] Adding visible gpu devices: 0
2023-08-30 08:47:41.535969: I tensorflow/core/platform/cpu_feature_guard.cc:142] This TensorFlow binary is optimized with oneAPI Deep Neural Network Library (oneDNN) to use the following CPU instructions in performance-critical operations:  SSE3 SSE4.1 SSE4.2 AVX AVX2 FMA
To enable them in other operations, rebuild TensorFlow with the appropriate compiler flags.
2023-08-30 08:47:41.536898: I tensorflow/core/platform/cpu_feature_guard.cc:142] This TensorFlow binary is optimized with oneAPI Deep Neural Network Library (oneDNN) to use the following CPU instructions in performance-critical operations:  SSE3 SSE4.1 SSE4.2 AVX AVX2 FMA
To enable them in other operations, rebuild TensorFlow with the appropriate compiler flags.
2023-08-30 08:47:41.537053: I tensorflow/core/platform/cpu_feature_guard.cc:142] This TensorFlow binary is optimized with oneAPI Deep Neural Network Library (oneDNN) to use the following CPU instructions in performance-critical operations:  SSE3 SSE4.1 SSE4.2 AVX AVX2 FMA
To enable them in other operations, rebuild TensorFlow with the appropriate compiler flags.
2023-08-30 08:47:41.538628: I tensorflow/core/platform/cpu_feature_guard.cc:142] This TensorFlow binary is optimized with oneAPI Deep Neural Network Library (oneDNN) to use the following CPU instructions in performance-critical operations:  SSE3 SSE4.1 SSE4.2 AVX AVX2 FMA
To enable them in other operations, rebuild TensorFlow with the appropriate compiler flags.
2023-08-30 08:47:41.539508: I tensorflow/core/platform/cpu_feature_guard.cc:142] This TensorFlow binary is optimized with oneAPI Deep Neural Network Library (oneDNN) to use the following CPU instructions in performance-critical operations:  SSE3 SSE4.1 SSE4.2 AVX AVX2 FMA
To enable them in other operations, rebuild TensorFlow with the appropriate compiler flags.
2023-08-30 08:47:41.539470: I tensorflow/core/platform/cpu_feature_guard.cc:142] This TensorFlow binary is optimized with oneAPI Deep Neural Network Library (oneDNN) to use the following CPU instructions in performance-critical operations:  SSE3 SSE4.1 SSE4.2 AVX AVX2 FMA
To enable them in other operations, rebuild TensorFlow with the appropriate compiler flags.
2023-08-30 08:47:41.540015: I tensorflow/core/platform/cpu_feature_guard.cc:142] This TensorFlow binary is optimized with oneAPI Deep Neural Network Library (oneDNN) to use the following CPU instructions in performance-critical operations:  SSE3 SSE4.1 SSE4.2 AVX AVX2 FMA
To enable them in other operations, rebuild TensorFlow with the appropriate compiler flags.
2023-08-30 08:47:41.540904: I tensorflow/core/platform/cpu_feature_guard.cc:142] This TensorFlow binary is optimized with oneAPI Deep Neural Network Library (oneDNN) to use the following CPU instructions in performance-critical operations:  SSE3 SSE4.1 SSE4.2 AVX AVX2 FMA
To enable them in other operations, rebuild TensorFlow with the appropriate compiler flags.
2023-08-30 08:47:41.542154: I tensorflow/core/platform/cpu_feature_guard.cc:142] This TensorFlow binary is optimized with oneAPI Deep Neural Network Library (oneDNN) to use the following CPU instructions in performance-critical operations:  SSE3 SSE4.1 SSE4.2 AVX AVX2 FMA
To enable them in other operations, rebuild TensorFlow with the appropriate compiler flags.
2023-08-30 08:47:41.543978: I tensorflow/core/platform/cpu_feature_guard.cc:142] This TensorFlow binary is optimized with oneAPI Deep Neural Network Library (oneDNN) to use the following CPU instructions in performance-critical operations:  SSE3 SSE4.1 SSE4.2 AVX AVX2 FMA
To enable them in other operations, rebuild TensorFlow with the appropriate compiler flags.
2023-08-30 08:47:41.546851: I tensorflow/core/platform/cpu_feature_guard.cc:142] This TensorFlow binary is optimized with oneAPI Deep Neural Network Library (oneDNN) to use the following CPU instructions in performance-critical operations:  SSE3 SSE4.1 SSE4.2 AVX AVX2 FMA
To enable them in other operations, rebuild TensorFlow with the appropriate compiler flags.
2023-08-30 08:47:41.547863: I tensorflow/core/platform/cpu_feature_guard.cc:142] This TensorFlow binary is optimized with oneAPI Deep Neural Network Library (oneDNN) to use the following CPU instructions in performance-critical operations:  SSE3 SSE4.1 SSE4.2 AVX AVX2 FMA
To enable them in other operations, rebuild TensorFlow with the appropriate compiler flags.
2023-08-30 08:47:41.550949: I tensorflow/core/platform/profile_utils/cpu_utils.cc:112] CPU Frequency: 2599825000 Hz
2023-08-30 08:47:41.551977: I tensorflow/core/platform/profile_utils/cpu_utils.cc:112] CPU Frequency: 2599690000 Hz
2023-08-30 08:47:41.552277: I tensorflow/core/platform/profile_utils/cpu_utils.cc:112] CPU Frequency: 2599965000 Hz
2023-08-30 08:47:41.554560: I tensorflow/core/platform/profile_utils/cpu_utils.cc:112] CPU Frequency: 2600070000 Hz
2023-08-30 08:47:41.554158: I tensorflow/compiler/xla/service/service.cc:168] XLA service 0x5438720 initialized for platform Host (this does not guarantee that XLA will be used). Devices:
2023-08-30 08:47:41.554186: I tensorflow/compiler/xla/service/service.cc:176]   StreamExecutor device (0): Host, Default Version
2023-08-30 08:47:41.554656: I tensorflow/core/platform/profile_utils/cpu_utils.cc:112] CPU Frequency: 2599855000 Hz
2023-08-30 08:47:41.554686: I tensorflow/compiler/xla/service/service.cc:168] XLA service 0x5733750 initialized for platform Host (this does not guarantee that XLA will be used). Devices:
2023-08-30 08:47:41.554703: I tensorflow/compiler/xla/service/service.cc:176]   StreamExecutor device (0): Host, Default Version
2023-08-30 08:47:41.555275: I tensorflow/compiler/xla/service/service.cc:168] XLA service 0x548e850 initialized for platform Host (this does not guarantee that XLA will be used). Devices:
2023-08-30 08:47:41.555293: I tensorflow/compiler/xla/service/service.cc:176]   StreamExecutor device (0): Host, Default Version
2023-08-30 08:47:41.555065: I tensorflow/core/platform/profile_utils/cpu_utils.cc:112] CPU Frequency: 2599690000 Hz
2023-08-30 08:47:41.555839: I tensorflow/core/platform/profile_utils/cpu_utils.cc:112] CPU Frequency: 2600070000 Hz
2023-08-30 08:47:41.555887: I tensorflow/core/platform/profile_utils/cpu_utils.cc:112] CPU Frequency: 2599885000 Hz
2023-08-30 08:47:41.557339: I tensorflow/compiler/xla/service/service.cc:168] XLA service 0x452d830 initialized for platform Host (this does not guarantee that XLA will be used). Devices:
2023-08-30 08:47:41.557365: I tensorflow/compiler/xla/service/service.cc:176]   StreamExecutor device (0): Host, Default Version
2023-08-30 08:47:41.557190: I tensorflow/core/platform/profile_utils/cpu_utils.cc:112] CPU Frequency: 2599825000 Hz
2023-08-30 08:47:41.557373: I tensorflow/compiler/xla/service/service.cc:168] XLA service 0x4a3e830 initialized for platform Host (this does not guarantee that XLA will be used). Devices:
2023-08-30 08:47:41.557391: I tensorflow/compiler/xla/service/service.cc:176]   StreamExecutor device (0): Host, Default Version
2023-08-30 08:47:41.558539: I tensorflow/compiler/xla/service/service.cc:168] XLA service 0x5d70830 initialized for platform Host (this does not guarantee that XLA will be used). Devices:
2023-08-30 08:47:41.558562: I tensorflow/compiler/xla/service/service.cc:176]   StreamExecutor device (0): Host, Default Version
2023-08-30 08:47:41.558166: I tensorflow/compiler/xla/service/service.cc:168] XLA service 0x560d800 initialized for platform Host (this does not guarantee that XLA will be used). Devices:
2023-08-30 08:47:41.558195: I tensorflow/compiler/xla/service/service.cc:176]   StreamExecutor device (0): Host, Default Version
2023-08-30 08:47:41.558319: I tensorflow/core/platform/profile_utils/cpu_utils.cc:112] CPU Frequency: 2599855000 Hz
2023-08-30 08:47:41.558560: I tensorflow/compiler/xla/service/service.cc:168] XLA service 0x4c03800 initialized for platform Host (this does not guarantee that XLA will be used). Devices:
2023-08-30 08:47:41.558578: I tensorflow/compiler/xla/service/service.cc:176]   StreamExecutor device (0): Host, Default Version
2023-08-30 08:47:41.560100: I tensorflow/compiler/xla/service/service.cc:168] XLA service 0x43c4830 initialized for platform Host (this does not guarantee that XLA will be used). Devices:
2023-08-30 08:47:41.560119: I tensorflow/compiler/xla/service/service.cc:176]   StreamExecutor device (0): Host, Default Version
2023-08-30 08:47:41.560962: I tensorflow/compiler/xla/service/service.cc:168] XLA service 0x592d800 initialized for platform Host (this does not guarantee that XLA will be used). Devices:
2023-08-30 08:47:41.560979: I tensorflow/compiler/xla/service/service.cc:176]   StreamExecutor device (0): Host, Default Version
2023-08-30 08:47:41.561543: I tensorflow/core/platform/profile_utils/cpu_utils.cc:112] CPU Frequency: 2599885000 Hz
2023-08-30 08:47:41.562705: I tensorflow/core/platform/profile_utils/cpu_utils.cc:112] CPU Frequency: 2599965000 Hz
2023-08-30 08:47:41.564201: I tensorflow/compiler/xla/service/service.cc:168] XLA service 0x5b43820 initialized for platform Host (this does not guarantee that XLA will be used). Devices:
2023-08-30 08:47:41.564218: I tensorflow/compiler/xla/service/service.cc:176]   StreamExecutor device (0): Host, Default Version
2023-08-30 08:47:41.565537: I tensorflow/compiler/xla/service/service.cc:168] XLA service 0x4237800 initialized for platform Host (this does not guarantee that XLA will be used). Devices:
2023-08-30 08:47:41.565556: I tensorflow/compiler/xla/service/service.cc:176]   StreamExecutor device (0): Host, Default Version
2023-08-30 08:47:41.721956: I tensorflow/compiler/xla/service/service.cc:168] XLA service 0x5681960 initialized for platform CUDA (this does not guarantee that XLA will be used). Devices:
2023-08-30 08:47:41.722005: I tensorflow/compiler/xla/service/service.cc:176]   StreamExecutor device (0): Tesla K40m, Compute Capability 3.5
2023-08-30 08:47:41.722418: I tensorflow/compiler/xla/service/service.cc:168] XLA service 0x42ab960 initialized for platform CUDA (this does not guarantee that XLA will be used). Devices:
2023-08-30 08:47:41.722464: I tensorflow/compiler/xla/service/service.cc:176]   StreamExecutor device (0): Tesla K40m, Compute Capability 3.5
2023-08-30 08:47:41.722832: I tensorflow/compiler/xla/service/service.cc:168] XLA service 0x4c77960 initialized for platform CUDA (this does not guarantee that XLA will be used). Devices:
2023-08-30 08:47:41.722878: I tensorflow/compiler/xla/service/service.cc:176]   StreamExecutor device (0): Tesla K40m, Compute Capability 3.5
2023-08-30 08:47:41.725306: I tensorflow/core/common_runtime/gpu/gpu_device.cc:1720] Found device 0 with properties: 
pciBusID: 0000:82:00.0 name: Tesla K40m computeCapability: 3.5
coreClock: 0.8755GHz coreCount: 15 deviceMemorySize: 11.17GiB deviceMemoryBandwidth: 268.58GiB/s
2023-08-30 08:47:41.725357: I tensorflow/stream_executor/platform/default/dso_loader.cc:49] Successfully opened dynamic library libcudart.so.10.1
2023-08-30 08:47:41.725407: I tensorflow/stream_executor/platform/default/dso_loader.cc:49] Successfully opened dynamic library libcublas.so.10
2023-08-30 08:47:41.725437: I tensorflow/stream_executor/platform/default/dso_loader.cc:49] Successfully opened dynamic library libcublasLt.so.10
2023-08-30 08:47:41.725464: I tensorflow/stream_executor/platform/default/dso_loader.cc:49] Successfully opened dynamic library libcufft.so.10
2023-08-30 08:47:41.725490: I tensorflow/stream_executor/platform/default/dso_loader.cc:49] Successfully opened dynamic library libcurand.so.10
2023-08-30 08:47:41.725517: I tensorflow/stream_executor/platform/default/dso_loader.cc:49] Successfully opened dynamic library libcusolver.so.10
2023-08-30 08:47:41.725544: I tensorflow/stream_executor/platform/default/dso_loader.cc:49] Successfully opened dynamic library libcusparse.so.10
2023-08-30 08:47:41.725571: I tensorflow/stream_executor/platform/default/dso_loader.cc:49] Successfully opened dynamic library libcudnn.so.7
2023-08-30 08:47:41.726081: I tensorflow/core/common_runtime/gpu/gpu_device.cc:1720] Found device 0 with properties: 
pciBusID: 0000:04:00.0 name: Tesla K40m computeCapability: 3.5
coreClock: 0.8755GHz coreCount: 15 deviceMemorySize: 11.17GiB deviceMemoryBandwidth: 268.58GiB/s
2023-08-30 08:47:41.725856: I tensorflow/core/common_runtime/gpu/gpu_device.cc:1720] Found device 0 with properties: 
pciBusID: 0000:04:00.0 name: Tesla K40m computeCapability: 3.5
coreClock: 0.8755GHz coreCount: 15 deviceMemorySize: 11.17GiB deviceMemoryBandwidth: 268.58GiB/s
2023-08-30 08:47:41.726128: I tensorflow/stream_executor/platform/default/dso_loader.cc:49] Successfully opened dynamic library libcudart.so.10.1
2023-08-30 08:47:41.725908: I tensorflow/stream_executor/platform/default/dso_loader.cc:49] Successfully opened dynamic library libcudart.so.10.1
2023-08-30 08:47:41.726176: I tensorflow/stream_executor/platform/default/dso_loader.cc:49] Successfully opened dynamic library libcublas.so.10
2023-08-30 08:47:41.725958: I tensorflow/stream_executor/platform/default/dso_loader.cc:49] Successfully opened dynamic library libcublas.so.10
2023-08-30 08:47:41.726205: I tensorflow/stream_executor/platform/default/dso_loader.cc:49] Successfully opened dynamic library libcublasLt.so.10
2023-08-30 08:47:41.725987: I tensorflow/stream_executor/platform/default/dso_loader.cc:49] Successfully opened dynamic library libcublasLt.so.10
2023-08-30 08:47:41.726231: I tensorflow/stream_executor/platform/default/dso_loader.cc:49] Successfully opened dynamic library libcufft.so.10
2023-08-30 08:47:41.726022: I tensorflow/stream_executor/platform/default/dso_loader.cc:49] Successfully opened dynamic library libcufft.so.10
2023-08-30 08:47:41.726256: I tensorflow/stream_executor/platform/default/dso_loader.cc:49] Successfully opened dynamic library libcurand.so.10
2023-08-30 08:47:41.726051: I tensorflow/stream_executor/platform/default/dso_loader.cc:49] Successfully opened dynamic library libcurand.so.10
2023-08-30 08:47:41.726282: I tensorflow/stream_executor/platform/default/dso_loader.cc:49] Successfully opened dynamic library libcusolver.so.10
2023-08-30 08:47:41.726081: I tensorflow/stream_executor/platform/default/dso_loader.cc:49] Successfully opened dynamic library libcusolver.so.10
2023-08-30 08:47:41.726312: I tensorflow/stream_executor/platform/default/dso_loader.cc:49] Successfully opened dynamic library libcusparse.so.10
2023-08-30 08:47:41.726108: I tensorflow/stream_executor/platform/default/dso_loader.cc:49] Successfully opened dynamic library libcusparse.so.10
2023-08-30 08:47:41.726338: I tensorflow/stream_executor/platform/default/dso_loader.cc:49] Successfully opened dynamic library libcudnn.so.7
2023-08-30 08:47:41.726136: I tensorflow/stream_executor/platform/default/dso_loader.cc:49] Successfully opened dynamic library libcudnn.so.7
2023-08-30 08:47:41.728250: I tensorflow/compiler/xla/service/service.cc:168] XLA service 0x5bb7980 initialized for platform CUDA (this does not guarantee that XLA will be used). Devices:
2023-08-30 08:47:41.728282: I tensorflow/compiler/xla/service/service.cc:176]   StreamExecutor device (0): Tesla K40m, Compute Capability 3.5
2023-08-30 08:47:41.728062: I tensorflow/compiler/xla/service/service.cc:168] XLA service 0x55029b0 initialized for platform CUDA (this does not guarantee that XLA will be used). Devices:
2023-08-30 08:47:41.728101: I tensorflow/compiler/xla/service/service.cc:176]   StreamExecutor device (0): Tesla K40m, Compute Capability 3.5
2023-08-30 08:47:41.727923: I tensorflow/compiler/xla/service/service.cc:168] XLA service 0x57a78b0 initialized for platform CUDA (this does not guarantee that XLA will be used). Devices:
2023-08-30 08:47:41.727948: I tensorflow/compiler/xla/service/service.cc:176]   StreamExecutor device (0): Tesla K40m, Compute Capability 3.5
2023-08-30 08:47:41.730613: I tensorflow/compiler/xla/service/service.cc:168] XLA service 0x4ab2990 initialized for platform CUDA (this does not guarantee that XLA will be used). Devices:
2023-08-30 08:47:41.730656: I tensorflow/compiler/xla/service/service.cc:176]   StreamExecutor device (0): Tesla K40m, Compute Capability 3.5
2023-08-30 08:47:41.730757: I tensorflow/compiler/xla/service/service.cc:168] XLA service 0x59a1960 initialized for platform CUDA (this does not guarantee that XLA will be used). Devices:
2023-08-30 08:47:41.730796: I tensorflow/compiler/xla/service/service.cc:176]   StreamExecutor device (0): Tesla K40m, Compute Capability 3.5
2023-08-30 08:47:41.730998: I tensorflow/compiler/xla/service/service.cc:168] XLA service 0x4438990 initialized for platform CUDA (this does not guarantee that XLA will be used). Devices:
2023-08-30 08:47:41.731027: I tensorflow/compiler/xla/service/service.cc:176]   StreamExecutor device (0): Tesla K40m, Compute Capability 3.5
2023-08-30 08:47:41.731153: I tensorflow/compiler/xla/service/service.cc:168] XLA service 0x54ac880 initialized for platform CUDA (this does not guarantee that XLA will be used). Devices:
2023-08-30 08:47:41.731176: I tensorflow/compiler/xla/service/service.cc:176]   StreamExecutor device (0): Tesla K40m, Compute Capability 3.5
2023-08-30 08:47:41.731696: I tensorflow/core/common_runtime/gpu/gpu_device.cc:1720] Found device 0 with properties: 
pciBusID: 0000:82:00.0 name: Tesla K40m computeCapability: 3.5
coreClock: 0.8755GHz coreCount: 15 deviceMemorySize: 11.17GiB deviceMemoryBandwidth: 268.58GiB/s
2023-08-30 08:47:41.731735: I tensorflow/stream_executor/platform/default/dso_loader.cc:49] Successfully opened dynamic library libcudart.so.10.1
2023-08-30 08:47:41.731770: I tensorflow/stream_executor/platform/default/dso_loader.cc:49] Successfully opened dynamic library libcublas.so.10
2023-08-30 08:47:41.731789: I tensorflow/stream_executor/platform/default/dso_loader.cc:49] Successfully opened dynamic library libcublasLt.so.10
2023-08-30 08:47:41.731807: I tensorflow/stream_executor/platform/default/dso_loader.cc:49] Successfully opened dynamic library libcufft.so.10
2023-08-30 08:47:41.731825: I tensorflow/stream_executor/platform/default/dso_loader.cc:49] Successfully opened dynamic library libcurand.so.10
2023-08-30 08:47:41.731842: I tensorflow/stream_executor/platform/default/dso_loader.cc:49] Successfully opened dynamic library libcusolver.so.10
2023-08-30 08:47:41.731558: I tensorflow/core/common_runtime/gpu/gpu_device.cc:1720] Found device 0 with properties: 
pciBusID: 0000:04:00.0 name: Tesla K40m computeCapability: 3.5
coreClock: 0.8755GHz coreCount: 15 deviceMemorySize: 11.17GiB deviceMemoryBandwidth: 268.58GiB/s
2023-08-30 08:47:41.731606: I tensorflow/stream_executor/platform/default/dso_loader.cc:49] Successfully opened dynamic library libcudart.so.10.1
2023-08-30 08:47:41.731860: I tensorflow/stream_executor/platform/default/dso_loader.cc:49] Successfully opened dynamic library libcusparse.so.10
2023-08-30 08:47:41.731651: I tensorflow/stream_executor/platform/default/dso_loader.cc:49] Successfully opened dynamic library libcublas.so.10
2023-08-30 08:47:41.731878: I tensorflow/stream_executor/platform/default/dso_loader.cc:49] Successfully opened dynamic library libcudnn.so.7
2023-08-30 08:47:41.731678: I tensorflow/stream_executor/platform/default/dso_loader.cc:49] Successfully opened dynamic library libcublasLt.so.10
2023-08-30 08:47:41.731702: I tensorflow/stream_executor/platform/default/dso_loader.cc:49] Successfully opened dynamic library libcufft.so.10
2023-08-30 08:47:41.731726: I tensorflow/stream_executor/platform/default/dso_loader.cc:49] Successfully opened dynamic library libcurand.so.10
2023-08-30 08:47:41.731750: I tensorflow/stream_executor/platform/default/dso_loader.cc:49] Successfully opened dynamic library libcusolver.so.10
2023-08-30 08:47:41.731774: I tensorflow/stream_executor/platform/default/dso_loader.cc:49] Successfully opened dynamic library libcusparse.so.10
2023-08-30 08:47:41.731799: I tensorflow/stream_executor/platform/default/dso_loader.cc:49] Successfully opened dynamic library libcudnn.so.7
2023-08-30 08:47:41.732048: I tensorflow/core/common_runtime/gpu/gpu_device.cc:1720] Found device 0 with properties: 
pciBusID: 0000:82:00.0 name: Tesla K40m computeCapability: 3.5
coreClock: 0.8755GHz coreCount: 15 deviceMemorySize: 11.17GiB deviceMemoryBandwidth: 268.58GiB/s
2023-08-30 08:47:41.732094: I tensorflow/stream_executor/platform/default/dso_loader.cc:49] Successfully opened dynamic library libcudart.so.10.1
2023-08-30 08:47:41.732139: I tensorflow/stream_executor/platform/default/dso_loader.cc:49] Successfully opened dynamic library libcublas.so.10
2023-08-30 08:47:41.732166: I tensorflow/stream_executor/platform/default/dso_loader.cc:49] Successfully opened dynamic library libcublasLt.so.10
2023-08-30 08:47:41.732191: I tensorflow/stream_executor/platform/default/dso_loader.cc:49] Successfully opened dynamic library libcufft.so.10
2023-08-30 08:47:41.732215: I tensorflow/stream_executor/platform/default/dso_loader.cc:49] Successfully opened dynamic library libcurand.so.10
2023-08-30 08:47:41.732239: I tensorflow/stream_executor/platform/default/dso_loader.cc:49] Successfully opened dynamic library libcusolver.so.10
2023-08-30 08:47:41.732268: I tensorflow/stream_executor/platform/default/dso_loader.cc:49] Successfully opened dynamic library libcusparse.so.10
2023-08-30 08:47:41.732293: I tensorflow/stream_executor/platform/default/dso_loader.cc:49] Successfully opened dynamic library libcudnn.so.7
2023-08-30 08:47:41.733733: I tensorflow/core/common_runtime/gpu/gpu_device.cc:1862] Adding visible gpu devices: 0
2023-08-30 08:47:41.733803: I tensorflow/stream_executor/platform/default/dso_loader.cc:49] Successfully opened dynamic library libcudart.so.10.1
2023-08-30 08:47:41.733646: I tensorflow/core/common_runtime/gpu/gpu_device.cc:1862] Adding visible gpu devices: 0
2023-08-30 08:47:41.733722: I tensorflow/stream_executor/platform/default/dso_loader.cc:49] Successfully opened dynamic library libcudart.so.10.1
2023-08-30 08:47:41.734131: I tensorflow/core/common_runtime/gpu/gpu_device.cc:1862] Adding visible gpu devices: 0
2023-08-30 08:47:41.734203: I tensorflow/stream_executor/platform/default/dso_loader.cc:49] Successfully opened dynamic library libcudart.so.10.1
2023-08-30 08:47:41.734936: I tensorflow/core/common_runtime/gpu/gpu_device.cc:1720] Found device 0 with properties: 
pciBusID: 0000:04:00.0 name: Tesla K40m computeCapability: 3.5
coreClock: 0.8755GHz coreCount: 15 deviceMemorySize: 11.17GiB deviceMemoryBandwidth: 268.58GiB/s
2023-08-30 08:47:41.734985: I tensorflow/stream_executor/platform/default/dso_loader.cc:49] Successfully opened dynamic library libcudart.so.10.1
2023-08-30 08:47:41.735031: I tensorflow/stream_executor/platform/default/dso_loader.cc:49] Successfully opened dynamic library libcublas.so.10
2023-08-30 08:47:41.735061: I tensorflow/stream_executor/platform/default/dso_loader.cc:49] Successfully opened dynamic library libcublasLt.so.10
2023-08-30 08:47:41.735090: I tensorflow/stream_executor/platform/default/dso_loader.cc:49] Successfully opened dynamic library libcufft.so.10
2023-08-30 08:47:41.735086: I tensorflow/core/common_runtime/gpu/gpu_device.cc:1720] Found device 0 with properties: 
pciBusID: 0000:82:00.0 name: Tesla K40m computeCapability: 3.5
coreClock: 0.8755GHz coreCount: 15 deviceMemorySize: 11.17GiB deviceMemoryBandwidth: 268.58GiB/s
2023-08-30 08:47:41.735118: I tensorflow/stream_executor/platform/default/dso_loader.cc:49] Successfully opened dynamic library libcurand.so.10
2023-08-30 08:47:41.735128: I tensorflow/stream_executor/platform/default/dso_loader.cc:49] Successfully opened dynamic library libcudart.so.10.1
2023-08-30 08:47:41.735146: I tensorflow/stream_executor/platform/default/dso_loader.cc:49] Successfully opened dynamic library libcusolver.so.10
2023-08-30 08:47:41.735173: I tensorflow/stream_executor/platform/default/dso_loader.cc:49] Successfully opened dynamic library libcusparse.so.10
2023-08-30 08:47:41.735172: I tensorflow/stream_executor/platform/default/dso_loader.cc:49] Successfully opened dynamic library libcublas.so.10
2023-08-30 08:47:41.735198: I tensorflow/stream_executor/platform/default/dso_loader.cc:49] Successfully opened dynamic library libcublasLt.so.10
2023-08-30 08:47:41.735201: I tensorflow/stream_executor/platform/default/dso_loader.cc:49] Successfully opened dynamic library libcudnn.so.7
2023-08-30 08:47:41.735223: I tensorflow/stream_executor/platform/default/dso_loader.cc:49] Successfully opened dynamic library libcufft.so.10
2023-08-30 08:47:41.735414: I tensorflow/core/common_runtime/gpu/gpu_device.cc:1720] Found device 0 with properties: 
pciBusID: 0000:04:00.0 name: Tesla K40m computeCapability: 3.5
coreClock: 0.8755GHz coreCount: 15 deviceMemorySize: 11.17GiB deviceMemoryBandwidth: 268.58GiB/s
2023-08-30 08:47:41.735248: I tensorflow/stream_executor/platform/default/dso_loader.cc:49] Successfully opened dynamic library libcurand.so.10
2023-08-30 08:47:41.735272: I tensorflow/stream_executor/platform/default/dso_loader.cc:49] Successfully opened dynamic library libcusolver.so.10
2023-08-30 08:47:41.735296: I tensorflow/stream_executor/platform/default/dso_loader.cc:49] Successfully opened dynamic library libcusparse.so.10
2023-08-30 08:47:41.735321: I tensorflow/stream_executor/platform/default/dso_loader.cc:49] Successfully opened dynamic library libcudnn.so.7
2023-08-30 08:47:41.735463: I tensorflow/stream_executor/platform/default/dso_loader.cc:49] Successfully opened dynamic library libcudart.so.10.1
2023-08-30 08:47:41.735511: I tensorflow/stream_executor/platform/default/dso_loader.cc:49] Successfully opened dynamic library libcublas.so.10
2023-08-30 08:47:41.735491: I tensorflow/core/common_runtime/gpu/gpu_device.cc:1720] Found device 0 with properties: 
pciBusID: 0000:82:00.0 name: Tesla K40m computeCapability: 3.5
coreClock: 0.8755GHz coreCount: 15 deviceMemorySize: 11.17GiB deviceMemoryBandwidth: 268.58GiB/s
2023-08-30 08:47:41.735539: I tensorflow/stream_executor/platform/default/dso_loader.cc:49] Successfully opened dynamic library libcublasLt.so.10
2023-08-30 08:47:41.735535: I tensorflow/stream_executor/platform/default/dso_loader.cc:49] Successfully opened dynamic library libcudart.so.10.1
2023-08-30 08:47:41.735565: I tensorflow/stream_executor/platform/default/dso_loader.cc:49] Successfully opened dynamic library libcufft.so.10
2023-08-30 08:47:41.735580: I tensorflow/stream_executor/platform/default/dso_loader.cc:49] Successfully opened dynamic library libcublas.so.10
2023-08-30 08:47:41.735590: I tensorflow/stream_executor/platform/default/dso_loader.cc:49] Successfully opened dynamic library libcurand.so.10
2023-08-30 08:47:41.735607: I tensorflow/stream_executor/platform/default/dso_loader.cc:49] Successfully opened dynamic library libcublasLt.so.10
2023-08-30 08:47:41.735616: I tensorflow/stream_executor/platform/default/dso_loader.cc:49] Successfully opened dynamic library libcusolver.so.10
2023-08-30 08:47:41.735641: I tensorflow/stream_executor/platform/default/dso_loader.cc:49] Successfully opened dynamic library libcusparse.so.10
2023-08-30 08:47:41.735632: I tensorflow/stream_executor/platform/default/dso_loader.cc:49] Successfully opened dynamic library libcufft.so.10
2023-08-30 08:47:41.735667: I tensorflow/stream_executor/platform/default/dso_loader.cc:49] Successfully opened dynamic library libcudnn.so.7
2023-08-30 08:47:41.735657: I tensorflow/stream_executor/platform/default/dso_loader.cc:49] Successfully opened dynamic library libcurand.so.10
2023-08-30 08:47:41.735683: I tensorflow/stream_executor/platform/default/dso_loader.cc:49] Successfully opened dynamic library libcusolver.so.10
2023-08-30 08:47:41.735727: I tensorflow/stream_executor/platform/default/dso_loader.cc:49] Successfully opened dynamic library libcusparse.so.10
2023-08-30 08:47:41.735752: I tensorflow/stream_executor/platform/default/dso_loader.cc:49] Successfully opened dynamic library libcudnn.so.7
2023-08-30 08:47:41.739470: I tensorflow/core/common_runtime/gpu/gpu_device.cc:1862] Adding visible gpu devices: 0
2023-08-30 08:47:41.739539: I tensorflow/stream_executor/platform/default/dso_loader.cc:49] Successfully opened dynamic library libcudart.so.10.1
2023-08-30 08:47:41.739815: I tensorflow/core/common_runtime/gpu/gpu_device.cc:1862] Adding visible gpu devices: 0
2023-08-30 08:47:41.739883: I tensorflow/stream_executor/platform/default/dso_loader.cc:49] Successfully opened dynamic library libcudart.so.10.1
2023-08-30 08:47:41.740167: I tensorflow/core/common_runtime/gpu/gpu_device.cc:1862] Adding visible gpu devices: 0
2023-08-30 08:47:41.740234: I tensorflow/stream_executor/platform/default/dso_loader.cc:49] Successfully opened dynamic library libcudart.so.10.1
2023-08-30 08:47:41.743335: I tensorflow/compiler/xla/service/service.cc:168] XLA service 0x45a1990 initialized for platform CUDA (this does not guarantee that XLA will be used). Devices:
2023-08-30 08:47:41.743376: I tensorflow/compiler/xla/service/service.cc:176]   StreamExecutor device (0): Tesla K40m, Compute Capability 3.5
2023-08-30 08:47:41.743506: I tensorflow/compiler/xla/service/service.cc:168] XLA service 0x5de4990 initialized for platform CUDA (this does not guarantee that XLA will be used). Devices:
2023-08-30 08:47:41.743543: I tensorflow/compiler/xla/service/service.cc:176]   StreamExecutor device (0): Tesla K40m, Compute Capability 3.5
2023-08-30 08:47:41.743544: I tensorflow/core/common_runtime/gpu/gpu_device.cc:1862] Adding visible gpu devices: 0
2023-08-30 08:47:41.743614: I tensorflow/stream_executor/platform/default/dso_loader.cc:49] Successfully opened dynamic library libcudart.so.10.1
2023-08-30 08:47:41.743779: I tensorflow/core/common_runtime/gpu/gpu_device.cc:1862] Adding visible gpu devices: 0
2023-08-30 08:47:41.743846: I tensorflow/stream_executor/platform/default/dso_loader.cc:49] Successfully opened dynamic library libcudart.so.10.1
2023-08-30 08:47:41.744181: I tensorflow/core/common_runtime/gpu/gpu_device.cc:1862] Adding visible gpu devices: 0
2023-08-30 08:47:41.744250: I tensorflow/stream_executor/platform/default/dso_loader.cc:49] Successfully opened dynamic library libcudart.so.10.1
2023-08-30 08:47:41.744421: I tensorflow/core/common_runtime/gpu/gpu_device.cc:1862] Adding visible gpu devices: 0
2023-08-30 08:47:41.744505: I tensorflow/stream_executor/platform/default/dso_loader.cc:49] Successfully opened dynamic library libcudart.so.10.1
2023-08-30 08:47:41.747904: I tensorflow/core/common_runtime/gpu/gpu_device.cc:1720] Found device 0 with properties: 
pciBusID: 0000:04:00.0 name: Tesla K40m computeCapability: 3.5
coreClock: 0.8755GHz coreCount: 15 deviceMemorySize: 11.17GiB deviceMemoryBandwidth: 268.58GiB/s
2023-08-30 08:47:41.747949: I tensorflow/stream_executor/platform/default/dso_loader.cc:49] Successfully opened dynamic library libcudart.so.10.1
2023-08-30 08:47:41.747994: I tensorflow/stream_executor/platform/default/dso_loader.cc:49] Successfully opened dynamic library libcublas.so.10
2023-08-30 08:47:41.748023: I tensorflow/stream_executor/platform/default/dso_loader.cc:49] Successfully opened dynamic library libcublasLt.so.10
2023-08-30 08:47:41.748048: I tensorflow/stream_executor/platform/default/dso_loader.cc:49] Successfully opened dynamic library libcufft.so.10
2023-08-30 08:47:41.748071: I tensorflow/stream_executor/platform/default/dso_loader.cc:49] Successfully opened dynamic library libcurand.so.10
2023-08-30 08:47:41.748063: I tensorflow/core/common_runtime/gpu/gpu_device.cc:1720] Found device 0 with properties: 
pciBusID: 0000:82:00.0 name: Tesla K40m computeCapability: 3.5
coreClock: 0.8755GHz coreCount: 15 deviceMemorySize: 11.17GiB deviceMemoryBandwidth: 268.58GiB/s
2023-08-30 08:47:41.748096: I tensorflow/stream_executor/platform/default/dso_loader.cc:49] Successfully opened dynamic library libcusolver.so.10
2023-08-30 08:47:41.748105: I tensorflow/stream_executor/platform/default/dso_loader.cc:49] Successfully opened dynamic library libcudart.so.10.1
2023-08-30 08:47:41.748120: I tensorflow/stream_executor/platform/default/dso_loader.cc:49] Successfully opened dynamic library libcusparse.so.10
2023-08-30 08:47:41.748145: I tensorflow/stream_executor/platform/default/dso_loader.cc:49] Successfully opened dynamic library libcudnn.so.7
2023-08-30 08:47:41.748150: I tensorflow/stream_executor/platform/default/dso_loader.cc:49] Successfully opened dynamic library libcublas.so.10
2023-08-30 08:47:41.748177: I tensorflow/stream_executor/platform/default/dso_loader.cc:49] Successfully opened dynamic library libcublasLt.so.10
2023-08-30 08:47:41.748202: I tensorflow/stream_executor/platform/default/dso_loader.cc:49] Successfully opened dynamic library libcufft.so.10
2023-08-30 08:47:41.748226: I tensorflow/stream_executor/platform/default/dso_loader.cc:49] Successfully opened dynamic library libcurand.so.10
2023-08-30 08:47:41.748251: I tensorflow/stream_executor/platform/default/dso_loader.cc:49] Successfully opened dynamic library libcusolver.so.10
2023-08-30 08:47:41.748275: I tensorflow/stream_executor/platform/default/dso_loader.cc:49] Successfully opened dynamic library libcusparse.so.10
2023-08-30 08:47:41.748299: I tensorflow/stream_executor/platform/default/dso_loader.cc:49] Successfully opened dynamic library libcudnn.so.7
2023-08-30 08:47:41.756381: I tensorflow/core/common_runtime/gpu/gpu_device.cc:1862] Adding visible gpu devices: 0
2023-08-30 08:47:41.756447: I tensorflow/stream_executor/platform/default/dso_loader.cc:49] Successfully opened dynamic library libcudart.so.10.1
2023-08-30 08:47:41.756608: I tensorflow/core/common_runtime/gpu/gpu_device.cc:1862] Adding visible gpu devices: 0
2023-08-30 08:47:41.756673: I tensorflow/stream_executor/platform/default/dso_loader.cc:49] Successfully opened dynamic library libcudart.so.10.1
2023-08-30 08:47:42.238576: I tensorflow/core/common_runtime/gpu/gpu_device.cc:1261] Device interconnect StreamExecutor with strength 1 edge matrix:
2023-08-30 08:47:42.238610: I tensorflow/core/common_runtime/gpu/gpu_device.cc:1267]      0 
2023-08-30 08:47:42.238622: I tensorflow/core/common_runtime/gpu/gpu_device.cc:1280] 0:   N 
2023-08-30 08:47:42.241049: I tensorflow/core/common_runtime/gpu/gpu_device.cc:1261] Device interconnect StreamExecutor with strength 1 edge matrix:
2023-08-30 08:47:42.241082: I tensorflow/core/common_runtime/gpu/gpu_device.cc:1267]      0 
2023-08-30 08:47:42.241094: I tensorflow/core/common_runtime/gpu/gpu_device.cc:1280] 0:   N 
2023-08-30 08:47:42.241303: I tensorflow/core/common_runtime/gpu/gpu_device.cc:1406] Created TensorFlow device (/job:localhost/replica:0/task:0/device:GPU:0 with 10621 MB memory) -> physical GPU (device: 0, name: Tesla K40m, pci bus id: 0000:04:00.0, compute capability: 3.5)
2023-08-30 08:47:42.243896: I tensorflow/core/common_runtime/gpu/gpu_device.cc:1406] Created TensorFlow device (/job:localhost/replica:0/task:0/device:GPU:0 with 10621 MB memory) -> physical GPU (device: 0, name: Tesla K40m, pci bus id: 0000:82:00.0, compute capability: 3.5)
2023-08-30 08:47:42.245392: I tensorflow/core/common_runtime/gpu/gpu_device.cc:1261] Device interconnect StreamExecutor with strength 1 edge matrix:
2023-08-30 08:47:42.245430: I tensorflow/core/common_runtime/gpu/gpu_device.cc:1267]      0 
2023-08-30 08:47:42.245443: I tensorflow/core/common_runtime/gpu/gpu_device.cc:1280] 0:   N 
2023-08-30 08:47:42.245903: I tensorflow/core/common_runtime/gpu/gpu_device.cc:1261] Device interconnect StreamExecutor with strength 1 edge matrix:
2023-08-30 08:47:42.245942: I tensorflow/core/common_runtime/gpu/gpu_device.cc:1267]      0 
2023-08-30 08:47:42.245954: I tensorflow/core/common_runtime/gpu/gpu_device.cc:1280] 0:   N 
2023-08-30 08:47:42.246127: I tensorflow/core/common_runtime/gpu/gpu_device.cc:1261] Device interconnect StreamExecutor with strength 1 edge matrix:
2023-08-30 08:47:42.246158: I tensorflow/core/common_runtime/gpu/gpu_device.cc:1267]      0 
2023-08-30 08:47:42.246169: I tensorflow/core/common_runtime/gpu/gpu_device.cc:1280] 0:   N 
2023-08-30 08:47:42.248130: I tensorflow/core/common_runtime/gpu/gpu_device.cc:1261] Device interconnect StreamExecutor with strength 1 edge matrix:
2023-08-30 08:47:42.248161: I tensorflow/core/common_runtime/gpu/gpu_device.cc:1267]      0 
2023-08-30 08:47:42.248172: I tensorflow/core/common_runtime/gpu/gpu_device.cc:1280] 0:   N 
2023-08-30 08:47:42.248697: I tensorflow/core/common_runtime/gpu/gpu_device.cc:1406] Created TensorFlow device (/job:localhost/replica:0/task:0/device:GPU:0 with 10621 MB memory) -> physical GPU (device: 0, name: Tesla K40m, pci bus id: 0000:04:00.0, compute capability: 3.5)
2023-08-30 08:47:42.250123: I tensorflow/core/common_runtime/gpu/gpu_device.cc:1406] Created TensorFlow device (/job:localhost/replica:0/task:0/device:GPU:0 with 10621 MB memory) -> physical GPU (device: 0, name: Tesla K40m, pci bus id: 0000:04:00.0, compute capability: 3.5)
2023-08-30 08:47:42.251214: I tensorflow/core/common_runtime/gpu/gpu_device.cc:1406] Created TensorFlow device (/job:localhost/replica:0/task:0/device:GPU:0 with 10621 MB memory) -> physical GPU (device: 0, name: Tesla K40m, pci bus id: 0000:82:00.0, compute capability: 3.5)
2023-08-30 08:47:42.251418: I tensorflow/core/common_runtime/gpu/gpu_device.cc:1406] Created TensorFlow device (/job:localhost/replica:0/task:0/device:GPU:0 with 10621 MB memory) -> physical GPU (device: 0, name: Tesla K40m, pci bus id: 0000:82:00.0, compute capability: 3.5)
2023-08-30 08:47:42.255253: I tensorflow/core/common_runtime/gpu/gpu_device.cc:1261] Device interconnect StreamExecutor with strength 1 edge matrix:
2023-08-30 08:47:42.255291: I tensorflow/core/common_runtime/gpu/gpu_device.cc:1267]      0 
2023-08-30 08:47:42.255304: I tensorflow/core/common_runtime/gpu/gpu_device.cc:1280] 0:   N 
2023-08-30 08:47:42.257188: I tensorflow/core/common_runtime/gpu/gpu_device.cc:1261] Device interconnect StreamExecutor with strength 1 edge matrix:
2023-08-30 08:47:42.257222: I tensorflow/core/common_runtime/gpu/gpu_device.cc:1267]      0 
2023-08-30 08:47:42.257234: I tensorflow/core/common_runtime/gpu/gpu_device.cc:1280] 0:   N 
2023-08-30 08:47:42.258197: I tensorflow/core/common_runtime/gpu/gpu_device.cc:1406] Created TensorFlow device (/job:localhost/replica:0/task:0/device:GPU:0 with 10621 MB memory) -> physical GPU (device: 0, name: Tesla K40m, pci bus id: 0000:04:00.0, compute capability: 3.5)
2023-08-30 08:47:42.258491: I tensorflow/core/common_runtime/gpu/gpu_device.cc:1261] Device interconnect StreamExecutor with strength 1 edge matrix:
2023-08-30 08:47:42.258513: I tensorflow/core/common_runtime/gpu/gpu_device.cc:1267]      0 
2023-08-30 08:47:42.258523: I tensorflow/core/common_runtime/gpu/gpu_device.cc:1280] 0:   N 
2023-08-30 08:47:42.261053: I tensorflow/core/common_runtime/gpu/gpu_device.cc:1406] Created TensorFlow device (/job:localhost/replica:0/task:0/device:GPU:0 with 10621 MB memory) -> physical GPU (device: 0, name: Tesla K40m, pci bus id: 0000:82:00.0, compute capability: 3.5)
2023-08-30 08:47:42.262358: I tensorflow/core/common_runtime/gpu/gpu_device.cc:1406] Created TensorFlow device (/job:localhost/replica:0/task:0/device:GPU:0 with 10621 MB memory) -> physical GPU (device: 0, name: Tesla K40m, pci bus id: 0000:04:00.0, compute capability: 3.5)
2023-08-30 08:47:42.268626: I tensorflow/core/common_runtime/gpu/gpu_device.cc:1261] Device interconnect StreamExecutor with strength 1 edge matrix:
2023-08-30 08:47:42.268658: I tensorflow/core/common_runtime/gpu/gpu_device.cc:1267]      0 
2023-08-30 08:47:42.268670: I tensorflow/core/common_runtime/gpu/gpu_device.cc:1280] 0:   N 
2023-08-30 08:47:42.271363: I tensorflow/core/common_runtime/gpu/gpu_device.cc:1406] Created TensorFlow device (/job:localhost/replica:0/task:0/device:GPU:0 with 10621 MB memory) -> physical GPU (device: 0, name: Tesla K40m, pci bus id: 0000:82:00.0, compute capability: 3.5)
2023-08-30 08:47:42.272593: I tensorflow/core/common_runtime/gpu/gpu_device.cc:1261] Device interconnect StreamExecutor with strength 1 edge matrix:
2023-08-30 08:47:42.272625: I tensorflow/core/common_runtime/gpu/gpu_device.cc:1267]      0 
2023-08-30 08:47:42.272636: I tensorflow/core/common_runtime/gpu/gpu_device.cc:1280] 0:   N 
2023-08-30 08:47:42.275350: I tensorflow/core/common_runtime/gpu/gpu_device.cc:1406] Created TensorFlow device (/job:localhost/replica:0/task:0/device:GPU:0 with 10621 MB memory) -> physical GPU (device: 0, name: Tesla K40m, pci bus id: 0000:04:00.0, compute capability: 3.5)
2023-08-30 08:47:42.284433: I tensorflow/core/common_runtime/gpu/gpu_device.cc:1261] Device interconnect StreamExecutor with strength 1 edge matrix:
2023-08-30 08:47:42.284470: I tensorflow/core/common_runtime/gpu/gpu_device.cc:1267]      0 
2023-08-30 08:47:42.284483: I tensorflow/core/common_runtime/gpu/gpu_device.cc:1280] 0:   N 
2023-08-30 08:47:42.287288: I tensorflow/core/common_runtime/gpu/gpu_device.cc:1406] Created TensorFlow device (/job:localhost/replica:0/task:0/device:GPU:0 with 10621 MB memory) -> physical GPU (device: 0, name: Tesla K40m, pci bus id: 0000:82:00.0, compute capability: 3.5)
2023-08-30 08:47:43.317357: I tensorflow/stream_executor/platform/default/dso_loader.cc:49] Successfully opened dynamic library libcudnn.so.7
2023-08-30 08:47:43.916111: I tensorflow/stream_executor/platform/default/dso_loader.cc:49] Successfully opened dynamic library libcudnn.so.7
2023-08-30 08:47:44.276327: I tensorflow/stream_executor/platform/default/dso_loader.cc:49] Successfully opened dynamic library libcudnn.so.7
2023-08-30 08:47:44.743229: I tensorflow/stream_executor/platform/default/dso_loader.cc:49] Successfully opened dynamic library libcudnn.so.7
2023-08-30 08:47:45.215259: I tensorflow/stream_executor/platform/default/dso_loader.cc:49] Successfully opened dynamic library libcudnn.so.7
2023-08-30 08:47:45.614732: I tensorflow/stream_executor/platform/default/dso_loader.cc:49] Successfully opened dynamic library libcudnn.so.7
2023-08-30 08:47:46.134787: I tensorflow/stream_executor/platform/default/dso_loader.cc:49] Successfully opened dynamic library libcudnn.so.7
2023-08-30 08:47:46.631007: I tensorflow/stream_executor/platform/default/dso_loader.cc:49] Successfully opened dynamic library libcudnn.so.7
2023-08-30 08:47:46.798701: I tensorflow/stream_executor/platform/default/dso_loader.cc:49] Successfully opened dynamic library libcublas.so.10
2023-08-30 08:47:46.799325: I tensorflow/stream_executor/platform/default/dso_loader.cc:49] Successfully opened dynamic library libcublas.so.10
2023-08-30 08:47:46.832448: I tensorflow/stream_executor/platform/default/dso_loader.cc:49] Successfully opened dynamic library libcublas.so.10
2023-08-30 08:47:46.891855: I tensorflow/stream_executor/platform/default/dso_loader.cc:49] Successfully opened dynamic library libcublas.so.10
2023-08-30 08:47:46.911001: I tensorflow/stream_executor/platform/default/dso_loader.cc:49] Successfully opened dynamic library libcublas.so.10
2023-08-30 08:47:46.923684: I tensorflow/stream_executor/platform/default/dso_loader.cc:49] Successfully opened dynamic library libcublas.so.10
2023-08-30 08:47:47.186840: I tensorflow/stream_executor/platform/default/dso_loader.cc:49] Successfully opened dynamic library libcudnn.so.7
2023-08-30 08:47:47.391865: I tensorflow/stream_executor/platform/default/dso_loader.cc:49] Successfully opened dynamic library libcublas.so.10
2023-08-30 08:47:47.578176: I tensorflow/stream_executor/platform/default/dso_loader.cc:49] Successfully opened dynamic library libcublas.so.10
2023-08-30 08:47:47.957297: I tensorflow/stream_executor/platform/default/dso_loader.cc:49] Successfully opened dynamic library libcudnn.so.7
2023-08-30 08:47:47.967049: I tensorflow/stream_executor/platform/default/dso_loader.cc:49] Successfully opened dynamic library libcudnn.so.7
2023-08-30 08:47:48.461542: I tensorflow/stream_executor/platform/default/dso_loader.cc:49] Successfully opened dynamic library libcublas.so.10
2023-08-30 08:47:48.873890: I tensorflow/stream_executor/platform/default/dso_loader.cc:49] Successfully opened dynamic library libcublas.so.10
2023-08-30 08:47:48.916185: I tensorflow/stream_executor/platform/default/dso_loader.cc:49] Successfully opened dynamic library libcudnn.so.7
2023-08-30 08:47:49.157843: I tensorflow/stream_executor/platform/default/dso_loader.cc:49] Successfully opened dynamic library libcublas.so.10
2023-08-30 08:47:49.790385: I tensorflow/stream_executor/platform/default/dso_loader.cc:49] Successfully opened dynamic library libcublas.so.10
2023-08-30 08:48:31.794250: I tensorflow/compiler/mlir/mlir_graph_optimization_pass.cc:116] None of the MLIR optimization passes are enabled (registered 2)
2023-08-30 08:48:32.950477: I tensorflow/compiler/mlir/mlir_graph_optimization_pass.cc:116] None of the MLIR optimization passes are enabled (registered 2)
2023-08-30 08:48:35.588903: I tensorflow/compiler/mlir/mlir_graph_optimization_pass.cc:116] None of the MLIR optimization passes are enabled (registered 2)
2023-08-30 08:48:37.282496: I tensorflow/compiler/mlir/mlir_graph_optimization_pass.cc:116] None of the MLIR optimization passes are enabled (registered 2)
2023-08-30 08:48:41.533857: I tensorflow/compiler/mlir/mlir_graph_optimization_pass.cc:116] None of the MLIR optimization passes are enabled (registered 2)
2023-08-30 08:48:41.920972: I tensorflow/compiler/mlir/mlir_graph_optimization_pass.cc:116] None of the MLIR optimization passes are enabled (registered 2)
2023-08-30 08:48:43.848596: I tensorflow/compiler/mlir/mlir_graph_optimization_pass.cc:116] None of the MLIR optimization passes are enabled (registered 2)
2023-08-30 08:48:43.923014: I tensorflow/compiler/mlir/mlir_graph_optimization_pass.cc:116] None of the MLIR optimization passes are enabled (registered 2)
2023-08-30 08:48:52.034109: I tensorflow/compiler/mlir/mlir_graph_optimization_pass.cc:116] None of the MLIR optimization passes are enabled (registered 2)
2023-08-30 08:48:53.429372: I tensorflow/compiler/mlir/mlir_graph_optimization_pass.cc:116] None of the MLIR optimization passes are enabled (registered 2)
2023-08-30 08:48:54.996187: I tensorflow/compiler/mlir/mlir_graph_optimization_pass.cc:116] None of the MLIR optimization passes are enabled (registered 2)
2023-08-30 08:48:59.341216: I tensorflow/compiler/mlir/mlir_graph_optimization_pass.cc:116] None of the MLIR optimization passes are enabled (registered 2)
