Num GPUs Available:  1

------------ Current Test : ------------
Dataset name : MNIST
Bias : None
Bench test : False
NN name : AdvancedCNN
FDA name : naive
Num Clients : 30
Batch size : 32
Num Epochs : 100
Number of steps until we check RTC : 1
Theta : 7.0
-----------------------------------------

EpochMetrics(epoch=1, total_rounds=9, total_fda_steps=63, accuracy=0.929099977016449)
EpochMetrics(epoch=2, total_rounds=15, total_fda_steps=125, accuracy=0.973800003528595)
EpochMetrics(epoch=3, total_rounds=20, total_fda_steps=188, accuracy=0.9814000129699707)
EpochMetrics(epoch=4, total_rounds=25, total_fda_steps=250, accuracy=0.9854999780654907)
EpochMetrics(epoch=5, total_rounds=29, total_fda_steps=313, accuracy=0.9878000020980835)
EpochMetrics(epoch=6, total_rounds=34, total_fda_steps=375, accuracy=0.9894999861717224)
EpochMetrics(epoch=7, total_rounds=39, total_fda_steps=438, accuracy=0.9908999800682068)
EpochMetrics(epoch=8, total_rounds=43, total_fda_steps=500, accuracy=0.9911999702453613)
EpochMetrics(epoch=9, total_rounds=48, total_fda_steps=563, accuracy=0.9919000267982483)
EpochMetrics(epoch=10, total_rounds=52, total_fda_steps=625, accuracy=0.9919999837875366)
EpochMetrics(epoch=11, total_rounds=57, total_fda_steps=688, accuracy=0.9927999973297119)
EpochMetrics(epoch=12, total_rounds=61, total_fda_steps=750, accuracy=0.9937000274658203)
EpochMetrics(epoch=13, total_rounds=66, total_fda_steps=813, accuracy=0.9937999844551086)
EpochMetrics(epoch=14, total_rounds=70, total_fda_steps=875, accuracy=0.9932000041007996)
EpochMetrics(epoch=15, total_rounds=75, total_fda_steps=938, accuracy=0.9940999746322632)
EpochMetrics(epoch=16, total_rounds=79, total_fda_steps=1000, accuracy=0.9936000108718872)
EpochMetrics(epoch=17, total_rounds=84, total_fda_steps=1063, accuracy=0.9939000010490417)
EpochMetrics(epoch=18, total_rounds=89, total_fda_steps=1125, accuracy=0.9937999844551086)
EpochMetrics(epoch=19, total_rounds=93, total_fda_steps=1188, accuracy=0.9940999746322632)
EpochMetrics(epoch=20, total_rounds=97, total_fda_steps=1250, accuracy=0.9943000078201294)
EpochMetrics(epoch=21, total_rounds=101, total_fda_steps=1313, accuracy=0.9945999979972839)
EpochMetrics(epoch=22, total_rounds=105, total_fda_steps=1375, accuracy=0.9944999814033508)
EpochMetrics(epoch=23, total_rounds=109, total_fda_steps=1438, accuracy=0.9941999912261963)
EpochMetrics(epoch=24, total_rounds=113, total_fda_steps=1500, accuracy=0.9944999814033508)
EpochMetrics(epoch=25, total_rounds=117, total_fda_steps=1563, accuracy=0.9944999814033508)
EpochMetrics(epoch=26, total_rounds=121, total_fda_steps=1625, accuracy=0.9941999912261963)
EpochMetrics(epoch=27, total_rounds=125, total_fda_steps=1688, accuracy=0.9948999881744385)
EpochMetrics(epoch=28, total_rounds=129, total_fda_steps=1750, accuracy=0.9941999912261963)
EpochMetrics(epoch=29, total_rounds=133, total_fda_steps=1813, accuracy=0.9947999715805054)
EpochMetrics(epoch=30, total_rounds=136, total_fda_steps=1875, accuracy=0.9947999715805054)
EpochMetrics(epoch=31, total_rounds=140, total_fda_steps=1938, accuracy=0.995199978351593)
EpochMetrics(epoch=32, total_rounds=144, total_fda_steps=2000, accuracy=0.9947999715805054)
EpochMetrics(epoch=33, total_rounds=148, total_fda_steps=2063, accuracy=0.9944000244140625)
EpochMetrics(epoch=34, total_rounds=151, total_fda_steps=2125, accuracy=0.9951000213623047)
EpochMetrics(epoch=35, total_rounds=155, total_fda_steps=2188, accuracy=0.9951000213623047)
EpochMetrics(epoch=36, total_rounds=159, total_fda_steps=2250, accuracy=0.995199978351593)
EpochMetrics(epoch=37, total_rounds=162, total_fda_steps=2313, accuracy=0.994700014591217)
EpochMetrics(epoch=38, total_rounds=166, total_fda_steps=2375, accuracy=0.9947999715805054)
EpochMetrics(epoch=39, total_rounds=169, total_fda_steps=2438, accuracy=0.995199978351593)
EpochMetrics(epoch=40, total_rounds=173, total_fda_steps=2500, accuracy=0.9950000047683716)
EpochMetrics(epoch=41, total_rounds=177, total_fda_steps=2563, accuracy=0.9948999881744385)
EpochMetrics(epoch=42, total_rounds=181, total_fda_steps=2625, accuracy=0.995199978351593)
EpochMetrics(epoch=43, total_rounds=185, total_fda_steps=2688, accuracy=0.995199978351593)
EpochMetrics(epoch=44, total_rounds=188, total_fda_steps=2750, accuracy=0.9954000115394592)
EpochMetrics(epoch=45, total_rounds=192, total_fda_steps=2813, accuracy=0.9957000017166138)
EpochMetrics(epoch=46, total_rounds=195, total_fda_steps=2875, accuracy=0.9951000213623047)
EpochMetrics(epoch=47, total_rounds=199, total_fda_steps=2938, accuracy=0.9950000047683716)
EpochMetrics(epoch=48, total_rounds=203, total_fda_steps=3000, accuracy=0.9947999715805054)
EpochMetrics(epoch=49, total_rounds=207, total_fda_steps=3063, accuracy=0.9947999715805054)
EpochMetrics(epoch=50, total_rounds=211, total_fda_steps=3125, accuracy=0.9950000047683716)
EpochMetrics(epoch=51, total_rounds=214, total_fda_steps=3188, accuracy=0.9945999979972839)
EpochMetrics(epoch=52, total_rounds=218, total_fda_steps=3250, accuracy=0.9947999715805054)
EpochMetrics(epoch=53, total_rounds=221, total_fda_steps=3313, accuracy=0.9954000115394592)
EpochMetrics(epoch=54, total_rounds=224, total_fda_steps=3375, accuracy=0.9951000213623047)
EpochMetrics(epoch=55, total_rounds=227, total_fda_steps=3438, accuracy=0.9950000047683716)
EpochMetrics(epoch=56, total_rounds=231, total_fda_steps=3500, accuracy=0.9952999949455261)
EpochMetrics(epoch=57, total_rounds=235, total_fda_steps=3563, accuracy=0.9952999949455261)
EpochMetrics(epoch=58, total_rounds=240, total_fda_steps=3625, accuracy=0.9951000213623047)
EpochMetrics(epoch=59, total_rounds=243, total_fda_steps=3688, accuracy=0.9951000213623047)
EpochMetrics(epoch=60, total_rounds=246, total_fda_steps=3750, accuracy=0.9950000047683716)
EpochMetrics(epoch=61, total_rounds=249, total_fda_steps=3813, accuracy=0.9948999881744385)
EpochMetrics(epoch=62, total_rounds=252, total_fda_steps=3875, accuracy=0.9955999851226807)
EpochMetrics(epoch=63, total_rounds=256, total_fda_steps=3938, accuracy=0.9957000017166138)
EpochMetrics(epoch=64, total_rounds=259, total_fda_steps=4000, accuracy=0.9955000281333923)
EpochMetrics(epoch=65, total_rounds=262, total_fda_steps=4063, accuracy=0.995199978351593)
EpochMetrics(epoch=66, total_rounds=266, total_fda_steps=4125, accuracy=0.9950000047683716)
EpochMetrics(epoch=67, total_rounds=269, total_fda_steps=4188, accuracy=0.9952999949455261)
EpochMetrics(epoch=68, total_rounds=273, total_fda_steps=4250, accuracy=0.9954000115394592)
EpochMetrics(epoch=69, total_rounds=276, total_fda_steps=4313, accuracy=0.9952999949455261)
EpochMetrics(epoch=70, total_rounds=280, total_fda_steps=4375, accuracy=0.995199978351593)
EpochMetrics(epoch=71, total_rounds=283, total_fda_steps=4438, accuracy=0.9955000281333923)
EpochMetrics(epoch=72, total_rounds=286, total_fda_steps=4500, accuracy=0.9952999949455261)
EpochMetrics(epoch=73, total_rounds=289, total_fda_steps=4563, accuracy=0.9955000281333923)
EpochMetrics(epoch=74, total_rounds=293, total_fda_steps=4625, accuracy=0.9955999851226807)
EpochMetrics(epoch=75, total_rounds=297, total_fda_steps=4688, accuracy=0.9951000213623047)
EpochMetrics(epoch=76, total_rounds=300, total_fda_steps=4750, accuracy=0.9954000115394592)
EpochMetrics(epoch=77, total_rounds=305, total_fda_steps=4813, accuracy=0.9955999851226807)
EpochMetrics(epoch=78, total_rounds=308, total_fda_steps=4875, accuracy=0.9958000183105469)
EpochMetrics(epoch=79, total_rounds=311, total_fda_steps=4938, accuracy=0.9955999851226807)
EpochMetrics(epoch=80, total_rounds=315, total_fda_steps=5000, accuracy=0.9957000017166138)
EpochMetrics(epoch=81, total_rounds=319, total_fda_steps=5063, accuracy=0.9958000183105469)
EpochMetrics(epoch=82, total_rounds=322, total_fda_steps=5125, accuracy=0.9954000115394592)
EpochMetrics(epoch=83, total_rounds=326, total_fda_steps=5188, accuracy=0.9954000115394592)
EpochMetrics(epoch=84, total_rounds=330, total_fda_steps=5250, accuracy=0.9955000281333923)
EpochMetrics(epoch=85, total_rounds=334, total_fda_steps=5313, accuracy=0.9954000115394592)
EpochMetrics(epoch=86, total_rounds=337, total_fda_steps=5375, accuracy=0.9955000281333923)
EpochMetrics(epoch=87, total_rounds=340, total_fda_steps=5438, accuracy=0.9951000213623047)
EpochMetrics(epoch=88, total_rounds=344, total_fda_steps=5500, accuracy=0.9951000213623047)
EpochMetrics(epoch=89, total_rounds=347, total_fda_steps=5563, accuracy=0.9952999949455261)
EpochMetrics(epoch=90, total_rounds=352, total_fda_steps=5625, accuracy=0.995199978351593)
EpochMetrics(epoch=91, total_rounds=355, total_fda_steps=5688, accuracy=0.9951000213623047)
EpochMetrics(epoch=92, total_rounds=359, total_fda_steps=5750, accuracy=0.995199978351593)
EpochMetrics(epoch=93, total_rounds=361, total_fda_steps=5813, accuracy=0.9952999949455261)
EpochMetrics(epoch=94, total_rounds=364, total_fda_steps=5875, accuracy=0.995199978351593)
EpochMetrics(epoch=95, total_rounds=368, total_fda_steps=5938, accuracy=0.995199978351593)
EpochMetrics(epoch=96, total_rounds=372, total_fda_steps=6000, accuracy=0.9952999949455261)
EpochMetrics(epoch=97, total_rounds=375, total_fda_steps=6063, accuracy=0.9955999851226807)
EpochMetrics(epoch=98, total_rounds=379, total_fda_steps=6125, accuracy=0.9951000213623047)
EpochMetrics(epoch=99, total_rounds=383, total_fda_steps=6188, accuracy=0.995199978351593)
EpochMetrics(epoch=100, total_rounds=388, total_fda_steps=6250, accuracy=0.995199978351593)

------------ Finished Testing : ------------
Dataset name : MNIST
Bias : None
Bench test : False
NN name : AdvancedCNN
FDA name : naive
Num Clients : 30
Batch size : 32
Num Epochs : 100
Number of steps until we check RTC : 1
Theta : 7.0
Total simulation time: 18916.925137281418 sec
-----------------------------------------

