Num GPUs Available:  1

------------ Current Test : ------------
Dataset name : CIFAR10
Bias : None
Bench test : False
NN name : DenseNet201
FDA name : naive
Num Clients : 30
Batch size : 32
Num Epochs : 300
Number of steps until we check RTC : 1
Theta : 350.0
Aggr. Scheme : avg
Per-Layer training : False
-----------------------------------------

EpochMetrics(epoch=1, total_rounds=11, total_fda_steps=53, accuracy=0.10019999742507935, train_accuracy=0.18020834)
EpochMetrics(epoch=2, total_rounds=16, total_fda_steps=105, accuracy=0.12200000137090683, train_accuracy=0.221875)
EpochMetrics(epoch=3, total_rounds=17, total_fda_steps=157, accuracy=0.22619999945163727, train_accuracy=0.2625)
EpochMetrics(epoch=4, total_rounds=18, total_fda_steps=209, accuracy=0.2897000014781952, train_accuracy=0.28854167)
EpochMetrics(epoch=5, total_rounds=19, total_fda_steps=261, accuracy=0.3073999881744385, train_accuracy=0.28229168)
EpochMetrics(epoch=6, total_rounds=19, total_fda_steps=313, accuracy=0.33340001106262207, train_accuracy=0.31354168)
EpochMetrics(epoch=7, total_rounds=20, total_fda_steps=365, accuracy=0.349700003862381, train_accuracy=0.35416666)
EpochMetrics(epoch=8, total_rounds=20, total_fda_steps=417, accuracy=0.37959998846054077, train_accuracy=0.33645833)
EpochMetrics(epoch=9, total_rounds=21, total_fda_steps=469, accuracy=0.38339999318122864, train_accuracy=0.38958332)
EpochMetrics(epoch=10, total_rounds=21, total_fda_steps=521, accuracy=0.40459999442100525, train_accuracy=0.39583334)
EpochMetrics(epoch=11, total_rounds=21, total_fda_steps=573, accuracy=0.41530001163482666, train_accuracy=0.43125)
EpochMetrics(epoch=12, total_rounds=22, total_fda_steps=626, accuracy=0.42239999771118164, train_accuracy=0.39583334)
EpochMetrics(epoch=13, total_rounds=22, total_fda_steps=678, accuracy=0.4426000118255615, train_accuracy=0.39895833)
EpochMetrics(epoch=14, total_rounds=22, total_fda_steps=730, accuracy=0.44670000672340393, train_accuracy=0.4375)
EpochMetrics(epoch=15, total_rounds=22, total_fda_steps=782, accuracy=0.44670000672340393, train_accuracy=0.45729166)
EpochMetrics(epoch=16, total_rounds=23, total_fda_steps=834, accuracy=0.45730000734329224, train_accuracy=0.428125)
EpochMetrics(epoch=17, total_rounds=23, total_fda_steps=886, accuracy=0.4659999907016754, train_accuracy=0.46979168)
EpochMetrics(epoch=18, total_rounds=23, total_fda_steps=938, accuracy=0.4745999872684479, train_accuracy=0.465625)
EpochMetrics(epoch=19, total_rounds=23, total_fda_steps=990, accuracy=0.4729999899864197, train_accuracy=0.47083333)
EpochMetrics(epoch=20, total_rounds=24, total_fda_steps=1042, accuracy=0.4832000136375427, train_accuracy=0.47291666)
EpochMetrics(epoch=21, total_rounds=24, total_fda_steps=1094, accuracy=0.4959999918937683, train_accuracy=0.48333332)
EpochMetrics(epoch=22, total_rounds=24, total_fda_steps=1146, accuracy=0.5023000240325928, train_accuracy=0.50625)
EpochMetrics(epoch=23, total_rounds=24, total_fda_steps=1198, accuracy=0.49779999256134033, train_accuracy=0.53229165)
EpochMetrics(epoch=24, total_rounds=25, total_fda_steps=1251, accuracy=0.5134999752044678, train_accuracy=0.49479166)
EpochMetrics(epoch=25, total_rounds=25, total_fda_steps=1303, accuracy=0.5224000215530396, train_accuracy=0.51770836)
EpochMetrics(epoch=26, total_rounds=25, total_fda_steps=1355, accuracy=0.5249000191688538, train_accuracy=0.5260417)
EpochMetrics(epoch=27, total_rounds=25, total_fda_steps=1407, accuracy=0.53329998254776, train_accuracy=0.57604164)
EpochMetrics(epoch=28, total_rounds=26, total_fda_steps=1459, accuracy=0.5397999882698059, train_accuracy=0.546875)
EpochMetrics(epoch=29, total_rounds=26, total_fda_steps=1511, accuracy=0.5379999876022339, train_accuracy=0.540625)
EpochMetrics(epoch=30, total_rounds=26, total_fda_steps=1563, accuracy=0.5406000018119812, train_accuracy=0.55625)
EpochMetrics(epoch=31, total_rounds=27, total_fda_steps=1615, accuracy=0.5471000075340271, train_accuracy=0.5072917)
EpochMetrics(epoch=32, total_rounds=27, total_fda_steps=1667, accuracy=0.5598999857902527, train_accuracy=0.57395834)
EpochMetrics(epoch=33, total_rounds=27, total_fda_steps=1719, accuracy=0.5576000213623047, train_accuracy=0.56041664)
EpochMetrics(epoch=34, total_rounds=28, total_fda_steps=1771, accuracy=0.5562000274658203, train_accuracy=0.53333336)
EpochMetrics(epoch=35, total_rounds=28, total_fda_steps=1823, accuracy=0.5708000063896179, train_accuracy=0.5864583)
EpochMetrics(epoch=36, total_rounds=29, total_fda_steps=1876, accuracy=0.570900022983551, train_accuracy=0.5364583)
EpochMetrics(epoch=37, total_rounds=29, total_fda_steps=1928, accuracy=0.5852000117301941, train_accuracy=0.5854167)
EpochMetrics(epoch=38, total_rounds=29, total_fda_steps=1980, accuracy=0.5927000045776367, train_accuracy=0.571875)
EpochMetrics(epoch=39, total_rounds=30, total_fda_steps=2032, accuracy=0.6054999828338623, train_accuracy=0.58125)
EpochMetrics(epoch=40, total_rounds=30, total_fda_steps=2084, accuracy=0.600600004196167, train_accuracy=0.6010417)
EpochMetrics(epoch=41, total_rounds=31, total_fda_steps=2136, accuracy=0.5756000280380249, train_accuracy=0.575)
EpochMetrics(epoch=42, total_rounds=31, total_fda_steps=2188, accuracy=0.6097999811172485, train_accuracy=0.63125)
EpochMetrics(epoch=43, total_rounds=31, total_fda_steps=2240, accuracy=0.6216999888420105, train_accuracy=0.6010417)
EpochMetrics(epoch=44, total_rounds=32, total_fda_steps=2292, accuracy=0.6078000068664551, train_accuracy=0.58125)
EpochMetrics(epoch=45, total_rounds=32, total_fda_steps=2344, accuracy=0.5879999995231628, train_accuracy=0.628125)
EpochMetrics(epoch=46, total_rounds=33, total_fda_steps=2396, accuracy=0.58160001039505, train_accuracy=0.5854167)
EpochMetrics(epoch=47, total_rounds=33, total_fda_steps=2448, accuracy=0.5598999857902527, train_accuracy=0.65520835)
EpochMetrics(epoch=48, total_rounds=34, total_fda_steps=2501, accuracy=0.5857999920845032, train_accuracy=0.64166665)
EpochMetrics(epoch=49, total_rounds=35, total_fda_steps=2553, accuracy=0.6159999966621399, train_accuracy=0.62395835)
EpochMetrics(epoch=50, total_rounds=35, total_fda_steps=2605, accuracy=0.6373000144958496, train_accuracy=0.640625)
EpochMetrics(epoch=51, total_rounds=36, total_fda_steps=2657, accuracy=0.6324999928474426, train_accuracy=0.659375)
EpochMetrics(epoch=52, total_rounds=36, total_fda_steps=2709, accuracy=0.61080002784729, train_accuracy=0.67395836)
EpochMetrics(epoch=53, total_rounds=37, total_fda_steps=2761, accuracy=0.6226000189781189, train_accuracy=0.6354167)
EpochMetrics(epoch=54, total_rounds=37, total_fda_steps=2813, accuracy=0.6432999968528748, train_accuracy=0.6614583)
EpochMetrics(epoch=55, total_rounds=38, total_fda_steps=2865, accuracy=0.656000018119812, train_accuracy=0.67604166)
EpochMetrics(epoch=56, total_rounds=38, total_fda_steps=2917, accuracy=0.6607999801635742, train_accuracy=0.640625)
EpochMetrics(epoch=57, total_rounds=39, total_fda_steps=2969, accuracy=0.6656000018119812, train_accuracy=0.621875)
EpochMetrics(epoch=58, total_rounds=39, total_fda_steps=3021, accuracy=0.6603999733924866, train_accuracy=0.67291665)
EpochMetrics(epoch=59, total_rounds=40, total_fda_steps=3073, accuracy=0.676800012588501, train_accuracy=0.67291665)
EpochMetrics(epoch=60, total_rounds=40, total_fda_steps=3126, accuracy=0.6822999715805054, train_accuracy=0.6770833)
EpochMetrics(epoch=61, total_rounds=41, total_fda_steps=3178, accuracy=0.6825000047683716, train_accuracy=0.709375)
EpochMetrics(epoch=62, total_rounds=41, total_fda_steps=3230, accuracy=0.680400013923645, train_accuracy=0.6791667)
EpochMetrics(epoch=63, total_rounds=42, total_fda_steps=3282, accuracy=0.6794000267982483, train_accuracy=0.671875)
EpochMetrics(epoch=64, total_rounds=43, total_fda_steps=3334, accuracy=0.6901999711990356, train_accuracy=0.69166666)
EpochMetrics(epoch=65, total_rounds=43, total_fda_steps=3386, accuracy=0.6814000010490417, train_accuracy=0.684375)
EpochMetrics(epoch=66, total_rounds=44, total_fda_steps=3438, accuracy=0.6796000003814697, train_accuracy=0.6947917)
EpochMetrics(epoch=67, total_rounds=44, total_fda_steps=3490, accuracy=0.6908000111579895, train_accuracy=0.7135417)
EpochMetrics(epoch=68, total_rounds=45, total_fda_steps=3542, accuracy=0.7009000182151794, train_accuracy=0.66041666)
EpochMetrics(epoch=69, total_rounds=46, total_fda_steps=3594, accuracy=0.703499972820282, train_accuracy=0.71875)
EpochMetrics(epoch=70, total_rounds=46, total_fda_steps=3646, accuracy=0.7067999839782715, train_accuracy=0.70416665)
EpochMetrics(epoch=71, total_rounds=47, total_fda_steps=3698, accuracy=0.7092000246047974, train_accuracy=0.671875)
EpochMetrics(epoch=72, total_rounds=47, total_fda_steps=3751, accuracy=0.7141000032424927, train_accuracy=0.73020834)
EpochMetrics(epoch=73, total_rounds=48, total_fda_steps=3803, accuracy=0.7146000266075134, train_accuracy=0.7135417)
EpochMetrics(epoch=74, total_rounds=48, total_fda_steps=3855, accuracy=0.7053999900817871, train_accuracy=0.721875)
EpochMetrics(epoch=75, total_rounds=49, total_fda_steps=3907, accuracy=0.7170000076293945, train_accuracy=0.715625)
EpochMetrics(epoch=76, total_rounds=49, total_fda_steps=3959, accuracy=0.7152000069618225, train_accuracy=0.73020834)
EpochMetrics(epoch=77, total_rounds=50, total_fda_steps=4011, accuracy=0.7214000225067139, train_accuracy=0.71875)
EpochMetrics(epoch=78, total_rounds=50, total_fda_steps=4063, accuracy=0.7152000069618225, train_accuracy=0.7552083)
EpochMetrics(epoch=79, total_rounds=51, total_fda_steps=4115, accuracy=0.7207000255584717, train_accuracy=0.72083336)
EpochMetrics(epoch=80, total_rounds=52, total_fda_steps=4167, accuracy=0.7168999910354614, train_accuracy=0.759375)
EpochMetrics(epoch=81, total_rounds=52, total_fda_steps=4219, accuracy=0.7214000225067139, train_accuracy=0.75)
EpochMetrics(epoch=82, total_rounds=53, total_fda_steps=4271, accuracy=0.7247999906539917, train_accuracy=0.76875)
EpochMetrics(epoch=83, total_rounds=53, total_fda_steps=4323, accuracy=0.7181000113487244, train_accuracy=0.759375)
EpochMetrics(epoch=84, total_rounds=54, total_fda_steps=4376, accuracy=0.7285000085830688, train_accuracy=0.7552083)
EpochMetrics(epoch=85, total_rounds=54, total_fda_steps=4428, accuracy=0.7239999771118164, train_accuracy=0.73541665)
EpochMetrics(epoch=86, total_rounds=55, total_fda_steps=4480, accuracy=0.7311000227928162, train_accuracy=0.725)
EpochMetrics(epoch=87, total_rounds=55, total_fda_steps=4532, accuracy=0.7305999994277954, train_accuracy=0.7739583)
EpochMetrics(epoch=88, total_rounds=56, total_fda_steps=4584, accuracy=0.7311000227928162, train_accuracy=0.725)
EpochMetrics(epoch=89, total_rounds=56, total_fda_steps=4636, accuracy=0.7293999791145325, train_accuracy=0.78333336)
EpochMetrics(epoch=90, total_rounds=57, total_fda_steps=4688, accuracy=0.7322999835014343, train_accuracy=0.74895835)
EpochMetrics(epoch=91, total_rounds=57, total_fda_steps=4740, accuracy=0.7354999780654907, train_accuracy=0.77708334)
EpochMetrics(epoch=92, total_rounds=58, total_fda_steps=4792, accuracy=0.7361999750137329, train_accuracy=0.73645836)
EpochMetrics(epoch=93, total_rounds=58, total_fda_steps=4844, accuracy=0.7299000024795532, train_accuracy=0.771875)
EpochMetrics(epoch=94, total_rounds=59, total_fda_steps=4896, accuracy=0.7390999794006348, train_accuracy=0.784375)
EpochMetrics(epoch=95, total_rounds=59, total_fda_steps=4948, accuracy=0.7409999966621399, train_accuracy=0.8177083)
EpochMetrics(epoch=96, total_rounds=60, total_fda_steps=5001, accuracy=0.7379000186920166, train_accuracy=0.7916667)
EpochMetrics(epoch=97, total_rounds=60, total_fda_steps=5053, accuracy=0.7394000291824341, train_accuracy=0.79375)
EpochMetrics(epoch=98, total_rounds=61, total_fda_steps=5105, accuracy=0.7415000200271606, train_accuracy=0.79375)
EpochMetrics(epoch=99, total_rounds=61, total_fda_steps=5157, accuracy=0.7423999905586243, train_accuracy=0.815625)
EpochMetrics(epoch=100, total_rounds=62, total_fda_steps=5209, accuracy=0.7437000274658203, train_accuracy=0.7729167)
EpochMetrics(epoch=101, total_rounds=62, total_fda_steps=5261, accuracy=0.7422000169754028, train_accuracy=0.81041664)
EpochMetrics(epoch=102, total_rounds=63, total_fda_steps=5313, accuracy=0.7445999979972839, train_accuracy=0.80104166)
EpochMetrics(epoch=103, total_rounds=63, total_fda_steps=5365, accuracy=0.744700014591217, train_accuracy=0.81145835)
EpochMetrics(epoch=104, total_rounds=64, total_fda_steps=5417, accuracy=0.7483999729156494, train_accuracy=0.790625)
EpochMetrics(epoch=105, total_rounds=64, total_fda_steps=5469, accuracy=0.7466999888420105, train_accuracy=0.79270834)
EpochMetrics(epoch=106, total_rounds=65, total_fda_steps=5521, accuracy=0.7491000294685364, train_accuracy=0.821875)
EpochMetrics(epoch=107, total_rounds=66, total_fda_steps=5573, accuracy=0.7530999779701233, train_accuracy=0.796875)
EpochMetrics(epoch=108, total_rounds=66, total_fda_steps=5626, accuracy=0.7505000233650208, train_accuracy=0.81666666)
EpochMetrics(epoch=109, total_rounds=67, total_fda_steps=5678, accuracy=0.7542999982833862, train_accuracy=0.79895836)
EpochMetrics(epoch=110, total_rounds=67, total_fda_steps=5730, accuracy=0.7541999816894531, train_accuracy=0.8208333)
EpochMetrics(epoch=111, total_rounds=68, total_fda_steps=5782, accuracy=0.7565000057220459, train_accuracy=0.8177083)
EpochMetrics(epoch=112, total_rounds=68, total_fda_steps=5834, accuracy=0.7533000111579895, train_accuracy=0.82604164)
EpochMetrics(epoch=113, total_rounds=69, total_fda_steps=5886, accuracy=0.7592999935150146, train_accuracy=0.775)
EpochMetrics(epoch=114, total_rounds=69, total_fda_steps=5938, accuracy=0.754800021648407, train_accuracy=0.81354165)
EpochMetrics(epoch=115, total_rounds=70, total_fda_steps=5990, accuracy=0.7588000297546387, train_accuracy=0.80833334)
EpochMetrics(epoch=116, total_rounds=70, total_fda_steps=6042, accuracy=0.7592999935150146, train_accuracy=0.82395834)
EpochMetrics(epoch=117, total_rounds=71, total_fda_steps=6094, accuracy=0.7585999965667725, train_accuracy=0.79895836)
EpochMetrics(epoch=118, total_rounds=71, total_fda_steps=6146, accuracy=0.762499988079071, train_accuracy=0.8510417)
EpochMetrics(epoch=119, total_rounds=72, total_fda_steps=6198, accuracy=0.7588000297546387, train_accuracy=0.82604164)
EpochMetrics(epoch=120, total_rounds=72, total_fda_steps=6251, accuracy=0.7616999745368958, train_accuracy=0.8666667)
EpochMetrics(epoch=121, total_rounds=73, total_fda_steps=6303, accuracy=0.7580000162124634, train_accuracy=0.7604167)
EpochMetrics(epoch=122, total_rounds=73, total_fda_steps=6355, accuracy=0.7595999836921692, train_accuracy=0.8177083)
EpochMetrics(epoch=123, total_rounds=74, total_fda_steps=6407, accuracy=0.7616999745368958, train_accuracy=0.83229166)
EpochMetrics(epoch=124, total_rounds=74, total_fda_steps=6459, accuracy=0.7610999941825867, train_accuracy=0.81041664)
EpochMetrics(epoch=125, total_rounds=75, total_fda_steps=6511, accuracy=0.7621999979019165, train_accuracy=0.815625)
EpochMetrics(epoch=126, total_rounds=75, total_fda_steps=6563, accuracy=0.7615000009536743, train_accuracy=0.8208333)
EpochMetrics(epoch=127, total_rounds=76, total_fda_steps=6615, accuracy=0.7664999961853027, train_accuracy=0.8364583)
EpochMetrics(epoch=128, total_rounds=77, total_fda_steps=6667, accuracy=0.7646999955177307, train_accuracy=0.815625)
EpochMetrics(epoch=129, total_rounds=77, total_fda_steps=6719, accuracy=0.7675999999046326, train_accuracy=0.83958334)
EpochMetrics(epoch=130, total_rounds=78, total_fda_steps=6771, accuracy=0.7678999900817871, train_accuracy=0.815625)
EpochMetrics(epoch=131, total_rounds=78, total_fda_steps=6823, accuracy=0.7688000202178955, train_accuracy=0.8385417)
EpochMetrics(epoch=132, total_rounds=79, total_fda_steps=6876, accuracy=0.7688000202178955, train_accuracy=0.840625)
EpochMetrics(epoch=133, total_rounds=79, total_fda_steps=6928, accuracy=0.766700029373169, train_accuracy=0.8354167)
EpochMetrics(epoch=134, total_rounds=80, total_fda_steps=6980, accuracy=0.767799973487854, train_accuracy=0.80625)
EpochMetrics(epoch=135, total_rounds=80, total_fda_steps=7032, accuracy=0.7670999765396118, train_accuracy=0.8489583)
EpochMetrics(epoch=136, total_rounds=81, total_fda_steps=7084, accuracy=0.7682999968528748, train_accuracy=0.81354165)
EpochMetrics(epoch=137, total_rounds=81, total_fda_steps=7136, accuracy=0.7669000029563904, train_accuracy=0.840625)
EpochMetrics(epoch=138, total_rounds=82, total_fda_steps=7188, accuracy=0.7675999999046326, train_accuracy=0.81354165)
EpochMetrics(epoch=139, total_rounds=82, total_fda_steps=7240, accuracy=0.7671999931335449, train_accuracy=0.84791666)
EpochMetrics(epoch=140, total_rounds=83, total_fda_steps=7292, accuracy=0.7731000185012817, train_accuracy=0.80833334)
EpochMetrics(epoch=141, total_rounds=84, total_fda_steps=7344, accuracy=0.7713000178337097, train_accuracy=0.840625)
EpochMetrics(epoch=142, total_rounds=84, total_fda_steps=7396, accuracy=0.7702000141143799, train_accuracy=0.85833335)
EpochMetrics(epoch=143, total_rounds=85, total_fda_steps=7448, accuracy=0.7723000049591064, train_accuracy=0.81875)
EpochMetrics(epoch=144, total_rounds=85, total_fda_steps=7501, accuracy=0.7718999981880188, train_accuracy=0.828125)
EpochMetrics(epoch=145, total_rounds=86, total_fda_steps=7553, accuracy=0.7724000215530396, train_accuracy=0.8375)
EpochMetrics(epoch=146, total_rounds=86, total_fda_steps=7605, accuracy=0.766700029373169, train_accuracy=0.846875)
EpochMetrics(epoch=147, total_rounds=87, total_fda_steps=7657, accuracy=0.7687000036239624, train_accuracy=0.83125)
EpochMetrics(epoch=148, total_rounds=87, total_fda_steps=7709, accuracy=0.7724999785423279, train_accuracy=0.853125)
EpochMetrics(epoch=149, total_rounds=88, total_fda_steps=7761, accuracy=0.7756999731063843, train_accuracy=0.82395834)
EpochMetrics(epoch=150, total_rounds=88, total_fda_steps=7813, accuracy=0.7731999754905701, train_accuracy=0.846875)
EpochMetrics(epoch=151, total_rounds=89, total_fda_steps=7865, accuracy=0.7750999927520752, train_accuracy=0.85625)
EpochMetrics(epoch=152, total_rounds=90, total_fda_steps=7917, accuracy=0.7749999761581421, train_accuracy=0.84479165)
EpochMetrics(epoch=153, total_rounds=90, total_fda_steps=7969, accuracy=0.7767000198364258, train_accuracy=0.84375)
EpochMetrics(epoch=154, total_rounds=91, total_fda_steps=8021, accuracy=0.776199996471405, train_accuracy=0.8229167)
EpochMetrics(epoch=155, total_rounds=91, total_fda_steps=8073, accuracy=0.7716000080108643, train_accuracy=0.8510417)
EpochMetrics(epoch=156, total_rounds=92, total_fda_steps=8126, accuracy=0.7757999897003174, train_accuracy=0.8385417)
EpochMetrics(epoch=157, total_rounds=92, total_fda_steps=8178, accuracy=0.774399995803833, train_accuracy=0.871875)
EpochMetrics(epoch=158, total_rounds=93, total_fda_steps=8230, accuracy=0.7781999707221985, train_accuracy=0.83020836)
EpochMetrics(epoch=159, total_rounds=93, total_fda_steps=8282, accuracy=0.7735999822616577, train_accuracy=0.85520834)
EpochMetrics(epoch=160, total_rounds=94, total_fda_steps=8334, accuracy=0.7750999927520752, train_accuracy=0.8510417)
EpochMetrics(epoch=161, total_rounds=94, total_fda_steps=8386, accuracy=0.7764999866485596, train_accuracy=0.87291664)
EpochMetrics(epoch=162, total_rounds=95, total_fda_steps=8438, accuracy=0.7785999774932861, train_accuracy=0.853125)
EpochMetrics(epoch=163, total_rounds=96, total_fda_steps=8490, accuracy=0.7767999768257141, train_accuracy=0.8875)
EpochMetrics(epoch=164, total_rounds=96, total_fda_steps=8542, accuracy=0.7789000272750854, train_accuracy=0.84791666)
EpochMetrics(epoch=165, total_rounds=97, total_fda_steps=8594, accuracy=0.7800999879837036, train_accuracy=0.8541667)
EpochMetrics(epoch=166, total_rounds=97, total_fda_steps=8646, accuracy=0.7775999903678894, train_accuracy=0.85520834)
EpochMetrics(epoch=167, total_rounds=98, total_fda_steps=8698, accuracy=0.7831000089645386, train_accuracy=0.8677083)
EpochMetrics(epoch=168, total_rounds=98, total_fda_steps=8751, accuracy=0.7789000272750854, train_accuracy=0.85520834)
EpochMetrics(epoch=169, total_rounds=99, total_fda_steps=8803, accuracy=0.784600019454956, train_accuracy=0.84583336)
EpochMetrics(epoch=170, total_rounds=100, total_fda_steps=8855, accuracy=0.7785000205039978, train_accuracy=0.840625)
EpochMetrics(epoch=171, total_rounds=100, total_fda_steps=8907, accuracy=0.7800999879837036, train_accuracy=0.853125)
EpochMetrics(epoch=172, total_rounds=101, total_fda_steps=8959, accuracy=0.7838000059127808, train_accuracy=0.87916666)
EpochMetrics(epoch=173, total_rounds=101, total_fda_steps=9011, accuracy=0.781499981880188, train_accuracy=0.840625)
EpochMetrics(epoch=174, total_rounds=102, total_fda_steps=9063, accuracy=0.7856000065803528, train_accuracy=0.8645833)
EpochMetrics(epoch=175, total_rounds=102, total_fda_steps=9115, accuracy=0.7804999947547913, train_accuracy=0.8541667)
EpochMetrics(epoch=176, total_rounds=103, total_fda_steps=9167, accuracy=0.7828999757766724, train_accuracy=0.840625)
EpochMetrics(epoch=177, total_rounds=104, total_fda_steps=9219, accuracy=0.7813000082969666, train_accuracy=0.8625)
EpochMetrics(epoch=178, total_rounds=104, total_fda_steps=9271, accuracy=0.7861999869346619, train_accuracy=0.86041665)
EpochMetrics(epoch=179, total_rounds=105, total_fda_steps=9323, accuracy=0.7864000201225281, train_accuracy=0.840625)
EpochMetrics(epoch=180, total_rounds=105, total_fda_steps=9376, accuracy=0.7840999960899353, train_accuracy=0.871875)
EpochMetrics(epoch=181, total_rounds=106, total_fda_steps=9428, accuracy=0.7876999974250793, train_accuracy=0.88958335)
EpochMetrics(epoch=182, total_rounds=106, total_fda_steps=9480, accuracy=0.78329998254776, train_accuracy=0.87604165)
EpochMetrics(epoch=183, total_rounds=107, total_fda_steps=9532, accuracy=0.7838000059127808, train_accuracy=0.85833335)
EpochMetrics(epoch=184, total_rounds=108, total_fda_steps=9584, accuracy=0.7854999899864197, train_accuracy=0.865625)
EpochMetrics(epoch=185, total_rounds=108, total_fda_steps=9636, accuracy=0.7882999777793884, train_accuracy=0.859375)
EpochMetrics(epoch=186, total_rounds=109, total_fda_steps=9688, accuracy=0.7883999943733215, train_accuracy=0.86041665)
EpochMetrics(epoch=187, total_rounds=109, total_fda_steps=9740, accuracy=0.7850000262260437, train_accuracy=0.85520834)
EpochMetrics(epoch=188, total_rounds=110, total_fda_steps=9792, accuracy=0.7817000150680542, train_accuracy=0.86875)
EpochMetrics(epoch=189, total_rounds=111, total_fda_steps=9844, accuracy=0.7874000072479248, train_accuracy=0.8822917)
EpochMetrics(epoch=190, total_rounds=111, total_fda_steps=9896, accuracy=0.7851999998092651, train_accuracy=0.8802083)
EpochMetrics(epoch=191, total_rounds=112, total_fda_steps=9948, accuracy=0.7893999814987183, train_accuracy=0.871875)
EpochMetrics(epoch=192, total_rounds=112, total_fda_steps=10001, accuracy=0.7861999869346619, train_accuracy=0.85625)
EpochMetrics(epoch=193, total_rounds=113, total_fda_steps=10053, accuracy=0.7915999889373779, train_accuracy=0.825)
EpochMetrics(epoch=194, total_rounds=114, total_fda_steps=10105, accuracy=0.7896999716758728, train_accuracy=0.88125)
EpochMetrics(epoch=195, total_rounds=114, total_fda_steps=10157, accuracy=0.7867000102996826, train_accuracy=0.8510417)
EpochMetrics(epoch=196, total_rounds=115, total_fda_steps=10209, accuracy=0.7918000221252441, train_accuracy=0.87708336)
EpochMetrics(epoch=197, total_rounds=115, total_fda_steps=10261, accuracy=0.7888000011444092, train_accuracy=0.8697917)
EpochMetrics(epoch=198, total_rounds=116, total_fda_steps=10313, accuracy=0.7886999845504761, train_accuracy=0.8697917)
EpochMetrics(epoch=199, total_rounds=117, total_fda_steps=10365, accuracy=0.7896999716758728, train_accuracy=0.8958333)
EpochMetrics(epoch=200, total_rounds=117, total_fda_steps=10417, accuracy=0.7914999723434448, train_accuracy=0.8666667)
EpochMetrics(epoch=201, total_rounds=118, total_fda_steps=10469, accuracy=0.7912999987602234, train_accuracy=0.8958333)
EpochMetrics(epoch=202, total_rounds=118, total_fda_steps=10521, accuracy=0.7888000011444092, train_accuracy=0.8697917)
EpochMetrics(epoch=203, total_rounds=119, total_fda_steps=10573, accuracy=0.7921000123023987, train_accuracy=0.8802083)
EpochMetrics(epoch=204, total_rounds=120, total_fda_steps=10626, accuracy=0.7907999753952026, train_accuracy=0.8677083)
EpochMetrics(epoch=205, total_rounds=120, total_fda_steps=10678, accuracy=0.7865999937057495, train_accuracy=0.86875)
EpochMetrics(epoch=206, total_rounds=121, total_fda_steps=10730, accuracy=0.7932999730110168, train_accuracy=0.8854167)
EpochMetrics(epoch=207, total_rounds=122, total_fda_steps=10782, accuracy=0.7874000072479248, train_accuracy=0.87291664)
EpochMetrics(epoch=208, total_rounds=122, total_fda_steps=10834, accuracy=0.7932000160217285, train_accuracy=0.85833335)
EpochMetrics(epoch=209, total_rounds=123, total_fda_steps=10886, accuracy=0.7962999939918518, train_accuracy=0.88125)
EpochMetrics(epoch=210, total_rounds=123, total_fda_steps=10938, accuracy=0.7904999852180481, train_accuracy=0.8822917)
EpochMetrics(epoch=211, total_rounds=124, total_fda_steps=10990, accuracy=0.794700026512146, train_accuracy=0.8875)
EpochMetrics(epoch=212, total_rounds=125, total_fda_steps=11042, accuracy=0.7926999926567078, train_accuracy=0.8802083)
EpochMetrics(epoch=213, total_rounds=125, total_fda_steps=11094, accuracy=0.7940000295639038, train_accuracy=0.89270836)
EpochMetrics(epoch=214, total_rounds=126, total_fda_steps=11146, accuracy=0.7944999933242798, train_accuracy=0.88125)
EpochMetrics(epoch=215, total_rounds=127, total_fda_steps=11198, accuracy=0.7882999777793884, train_accuracy=0.89270836)
EpochMetrics(epoch=216, total_rounds=127, total_fda_steps=11251, accuracy=0.7922999858856201, train_accuracy=0.8822917)
EpochMetrics(epoch=217, total_rounds=128, total_fda_steps=11303, accuracy=0.7954000234603882, train_accuracy=0.88125)
EpochMetrics(epoch=218, total_rounds=128, total_fda_steps=11355, accuracy=0.7930999994277954, train_accuracy=0.87708336)
EpochMetrics(epoch=219, total_rounds=129, total_fda_steps=11407, accuracy=0.7973999977111816, train_accuracy=0.88125)
EpochMetrics(epoch=220, total_rounds=130, total_fda_steps=11459, accuracy=0.7939000129699707, train_accuracy=0.8875)
EpochMetrics(epoch=221, total_rounds=130, total_fda_steps=11511, accuracy=0.7924000024795532, train_accuracy=0.87083334)
EpochMetrics(epoch=222, total_rounds=131, total_fda_steps=11563, accuracy=0.796500027179718, train_accuracy=0.87395835)
EpochMetrics(epoch=223, total_rounds=132, total_fda_steps=11615, accuracy=0.7955999970436096, train_accuracy=0.8822917)
EpochMetrics(epoch=224, total_rounds=132, total_fda_steps=11667, accuracy=0.7930999994277954, train_accuracy=0.86354166)
EpochMetrics(epoch=225, total_rounds=133, total_fda_steps=11719, accuracy=0.7947999835014343, train_accuracy=0.87291664)
EpochMetrics(epoch=226, total_rounds=134, total_fda_steps=11771, accuracy=0.7946000099182129, train_accuracy=0.90208334)
EpochMetrics(epoch=227, total_rounds=134, total_fda_steps=11823, accuracy=0.791100025177002, train_accuracy=0.88125)
EpochMetrics(epoch=228, total_rounds=135, total_fda_steps=11876, accuracy=0.7958999872207642, train_accuracy=0.88854164)
EpochMetrics(epoch=229, total_rounds=136, total_fda_steps=11928, accuracy=0.7890999913215637, train_accuracy=0.89479166)
EpochMetrics(epoch=230, total_rounds=136, total_fda_steps=11980, accuracy=0.7944999933242798, train_accuracy=0.87083334)
EpochMetrics(epoch=231, total_rounds=137, total_fda_steps=12032, accuracy=0.7976999878883362, train_accuracy=0.9010417)
EpochMetrics(epoch=232, total_rounds=138, total_fda_steps=12084, accuracy=0.7947999835014343, train_accuracy=0.896875)
EpochMetrics(epoch=233, total_rounds=138, total_fda_steps=12136, accuracy=0.7971000075340271, train_accuracy=0.85833335)
EpochMetrics(epoch=234, total_rounds=139, total_fda_steps=12188, accuracy=0.7990000247955322, train_accuracy=0.8854167)
EpochMetrics(epoch=235, total_rounds=139, total_fda_steps=12240, accuracy=0.7954999804496765, train_accuracy=0.875)
EpochMetrics(epoch=236, total_rounds=140, total_fda_steps=12292, accuracy=0.8009999990463257, train_accuracy=0.871875)
EpochMetrics(epoch=237, total_rounds=141, total_fda_steps=12344, accuracy=0.7990999817848206, train_accuracy=0.9010417)
EpochMetrics(epoch=238, total_rounds=141, total_fda_steps=12396, accuracy=0.7961999773979187, train_accuracy=0.87395835)
EpochMetrics(epoch=239, total_rounds=142, total_fda_steps=12448, accuracy=0.7971000075340271, train_accuracy=0.871875)
EpochMetrics(epoch=240, total_rounds=143, total_fda_steps=12501, accuracy=0.8001999855041504, train_accuracy=0.8833333)
EpochMetrics(epoch=241, total_rounds=143, total_fda_steps=12553, accuracy=0.7993000149726868, train_accuracy=0.91979164)
EpochMetrics(epoch=242, total_rounds=143, total_fda_steps=12605, accuracy=0.8003000020980835, train_accuracy=0.96875)
EpochMetrics(epoch=243, total_rounds=143, total_fda_steps=12657, accuracy=0.8004999756813049, train_accuracy=0.9760417)
EpochMetrics(epoch=244, total_rounds=143, total_fda_steps=12709, accuracy=0.8015000224113464, train_accuracy=0.990625)
EpochMetrics(epoch=245, total_rounds=143, total_fda_steps=12761, accuracy=0.8015000224113464, train_accuracy=0.9875)
EpochMetrics(epoch=246, total_rounds=143, total_fda_steps=12813, accuracy=0.8011999726295471, train_accuracy=0.9916667)
EpochMetrics(epoch=247, total_rounds=143, total_fda_steps=12865, accuracy=0.8008000254631042, train_accuracy=0.99583334)
EpochMetrics(epoch=248, total_rounds=143, total_fda_steps=12917, accuracy=0.8009999990463257, train_accuracy=0.996875)
EpochMetrics(epoch=249, total_rounds=143, total_fda_steps=12969, accuracy=0.8015999794006348, train_accuracy=0.99375)
EpochMetrics(epoch=250, total_rounds=143, total_fda_steps=13021, accuracy=0.8022000193595886, train_accuracy=0.99791664)
EpochMetrics(epoch=251, total_rounds=143, total_fda_steps=13073, accuracy=0.8019999861717224, train_accuracy=0.996875)
EpochMetrics(epoch=252, total_rounds=143, total_fda_steps=13126, accuracy=0.802299976348877, train_accuracy=0.99791664)
EpochMetrics(epoch=253, total_rounds=143, total_fda_steps=13178, accuracy=0.801800012588501, train_accuracy=0.996875)
EpochMetrics(epoch=254, total_rounds=143, total_fda_steps=13230, accuracy=0.8022000193595886, train_accuracy=1.0)
EpochMetrics(epoch=255, total_rounds=143, total_fda_steps=13282, accuracy=0.8016999959945679, train_accuracy=0.99895835)
EpochMetrics(epoch=256, total_rounds=143, total_fda_steps=13334, accuracy=0.8019000291824341, train_accuracy=0.996875)
EpochMetrics(epoch=257, total_rounds=143, total_fda_steps=13386, accuracy=0.8022000193595886, train_accuracy=0.99791664)
EpochMetrics(epoch=258, total_rounds=143, total_fda_steps=13438, accuracy=0.8027999997138977, train_accuracy=1.0)
EpochMetrics(epoch=259, total_rounds=143, total_fda_steps=13490, accuracy=0.8030999898910522, train_accuracy=1.0)
EpochMetrics(epoch=260, total_rounds=143, total_fda_steps=13542, accuracy=0.8030999898910522, train_accuracy=0.99791664)
EpochMetrics(epoch=261, total_rounds=143, total_fda_steps=13594, accuracy=0.8029999732971191, train_accuracy=1.0)
EpochMetrics(epoch=262, total_rounds=143, total_fda_steps=13646, accuracy=0.8029000163078308, train_accuracy=1.0)
EpochMetrics(epoch=263, total_rounds=143, total_fda_steps=13698, accuracy=0.803600013256073, train_accuracy=1.0)
EpochMetrics(epoch=264, total_rounds=143, total_fda_steps=13751, accuracy=0.8033000230789185, train_accuracy=1.0)
EpochMetrics(epoch=265, total_rounds=143, total_fda_steps=13803, accuracy=0.8034999966621399, train_accuracy=0.99895835)
EpochMetrics(epoch=266, total_rounds=143, total_fda_steps=13855, accuracy=0.8030999898910522, train_accuracy=1.0)
EpochMetrics(epoch=267, total_rounds=143, total_fda_steps=13907, accuracy=0.8025000095367432, train_accuracy=0.99895835)
EpochMetrics(epoch=268, total_rounds=143, total_fda_steps=13959, accuracy=0.8029000163078308, train_accuracy=1.0)
EpochMetrics(epoch=269, total_rounds=143, total_fda_steps=14011, accuracy=0.8026999831199646, train_accuracy=1.0)
EpochMetrics(epoch=270, total_rounds=143, total_fda_steps=14063, accuracy=0.8029000163078308, train_accuracy=1.0)
EpochMetrics(epoch=271, total_rounds=143, total_fda_steps=14115, accuracy=0.8026999831199646, train_accuracy=0.99895835)
EpochMetrics(epoch=272, total_rounds=143, total_fda_steps=14167, accuracy=0.8027999997138977, train_accuracy=0.99895835)
EpochMetrics(epoch=273, total_rounds=143, total_fda_steps=14219, accuracy=0.8026999831199646, train_accuracy=1.0)
EpochMetrics(epoch=274, total_rounds=143, total_fda_steps=14271, accuracy=0.8025000095367432, train_accuracy=1.0)
EpochMetrics(epoch=275, total_rounds=143, total_fda_steps=14323, accuracy=0.8026999831199646, train_accuracy=1.0)
EpochMetrics(epoch=276, total_rounds=143, total_fda_steps=14376, accuracy=0.8026999831199646, train_accuracy=1.0)
EpochMetrics(epoch=277, total_rounds=143, total_fda_steps=14428, accuracy=0.8026999831199646, train_accuracy=1.0)
EpochMetrics(epoch=278, total_rounds=143, total_fda_steps=14480, accuracy=0.8027999997138977, train_accuracy=1.0)
EpochMetrics(epoch=279, total_rounds=143, total_fda_steps=14532, accuracy=0.8029999732971191, train_accuracy=1.0)
EpochMetrics(epoch=280, total_rounds=143, total_fda_steps=14584, accuracy=0.8026999831199646, train_accuracy=1.0)
EpochMetrics(epoch=281, total_rounds=143, total_fda_steps=14636, accuracy=0.8026999831199646, train_accuracy=0.99791664)
EpochMetrics(epoch=282, total_rounds=143, total_fda_steps=14688, accuracy=0.8026999831199646, train_accuracy=1.0)
EpochMetrics(epoch=283, total_rounds=143, total_fda_steps=14740, accuracy=0.8027999997138977, train_accuracy=0.99895835)
EpochMetrics(epoch=284, total_rounds=143, total_fda_steps=14792, accuracy=0.8026999831199646, train_accuracy=1.0)
EpochMetrics(epoch=285, total_rounds=143, total_fda_steps=14844, accuracy=0.8023999929428101, train_accuracy=1.0)
EpochMetrics(epoch=286, total_rounds=143, total_fda_steps=14896, accuracy=0.8026000261306763, train_accuracy=0.99895835)
EpochMetrics(epoch=287, total_rounds=143, total_fda_steps=14948, accuracy=0.8029000163078308, train_accuracy=1.0)
EpochMetrics(epoch=288, total_rounds=143, total_fda_steps=15001, accuracy=0.8029000163078308, train_accuracy=1.0)
EpochMetrics(epoch=289, total_rounds=143, total_fda_steps=15053, accuracy=0.8023999929428101, train_accuracy=1.0)
EpochMetrics(epoch=290, total_rounds=143, total_fda_steps=15105, accuracy=0.8032000064849854, train_accuracy=1.0)
EpochMetrics(epoch=291, total_rounds=143, total_fda_steps=15157, accuracy=0.8029000163078308, train_accuracy=0.99895835)
EpochMetrics(epoch=292, total_rounds=143, total_fda_steps=15209, accuracy=0.8026999831199646, train_accuracy=1.0)
EpochMetrics(epoch=293, total_rounds=143, total_fda_steps=15261, accuracy=0.8026999831199646, train_accuracy=1.0)
EpochMetrics(epoch=294, total_rounds=143, total_fda_steps=15313, accuracy=0.8027999997138977, train_accuracy=0.99791664)
EpochMetrics(epoch=295, total_rounds=143, total_fda_steps=15365, accuracy=0.8027999997138977, train_accuracy=1.0)
EpochMetrics(epoch=296, total_rounds=143, total_fda_steps=15417, accuracy=0.8025000095367432, train_accuracy=1.0)
EpochMetrics(epoch=297, total_rounds=143, total_fda_steps=15469, accuracy=0.8026999831199646, train_accuracy=0.99895835)
EpochMetrics(epoch=298, total_rounds=143, total_fda_steps=15521, accuracy=0.8026000261306763, train_accuracy=1.0)
EpochMetrics(epoch=299, total_rounds=143, total_fda_steps=15573, accuracy=0.8026999831199646, train_accuracy=0.99895835)
EpochMetrics(epoch=300, total_rounds=143, total_fda_steps=15626, accuracy=0.8026000261306763, train_accuracy=0.99895835)

------------ Finished Testing : ------------
Dataset name : CIFAR10
Bias : None
Bench test : False
NN name : DenseNet201
FDA name : naive
Num Clients : 30
Batch size : 32
Num Epochs : 300
Number of steps until we check RTC : 1
Theta : 350.0
Aggr. Scheme : avg
Per-Layer training : False
Total simulation time: 96917.46521902084 sec
-----------------------------------------

