Num GPUs Available:  1

------------ Current Test : ------------
Dataset name : CIFAR10
Bias : None
Bench test : False
NN name : DenseNet201
FDA name : sketch
Num Clients : 15
Batch size : 32
Num Epochs : 300
Number of steps until we check RTC : 1
Theta : 350.0
Aggr. Scheme : avg
Per-Layer training : False
-----------------------------------------

EpochMetrics(epoch=1, total_rounds=15, total_fda_steps=105, accuracy=0.1745000034570694, train_accuracy=0.20833333)
EpochMetrics(epoch=2, total_rounds=18, total_fda_steps=209, accuracy=0.26660001277923584, train_accuracy=0.25625)
EpochMetrics(epoch=3, total_rounds=19, total_fda_steps=313, accuracy=0.28760001063346863, train_accuracy=0.28958333)
EpochMetrics(epoch=4, total_rounds=20, total_fda_steps=417, accuracy=0.2703000009059906, train_accuracy=0.31041667)
EpochMetrics(epoch=5, total_rounds=21, total_fda_steps=521, accuracy=0.29919999837875366, train_accuracy=0.35833332)
EpochMetrics(epoch=6, total_rounds=21, total_fda_steps=626, accuracy=0.37630000710487366, train_accuracy=0.33958334)
EpochMetrics(epoch=7, total_rounds=22, total_fda_steps=730, accuracy=0.399399995803833, train_accuracy=0.40208334)
EpochMetrics(epoch=8, total_rounds=22, total_fda_steps=834, accuracy=0.41350001096725464, train_accuracy=0.39583334)
EpochMetrics(epoch=9, total_rounds=22, total_fda_steps=938, accuracy=0.4259999990463257, train_accuracy=0.3875)
EpochMetrics(epoch=10, total_rounds=23, total_fda_steps=1042, accuracy=0.46790000796318054, train_accuracy=0.38541666)
EpochMetrics(epoch=11, total_rounds=23, total_fda_steps=1146, accuracy=0.47519999742507935, train_accuracy=0.43333334)
EpochMetrics(epoch=12, total_rounds=23, total_fda_steps=1251, accuracy=0.4767000079154968, train_accuracy=0.45833334)
EpochMetrics(epoch=13, total_rounds=24, total_fda_steps=1355, accuracy=0.499099999666214, train_accuracy=0.42083332)
EpochMetrics(epoch=14, total_rounds=24, total_fda_steps=1459, accuracy=0.5102999806404114, train_accuracy=0.45416668)
EpochMetrics(epoch=15, total_rounds=24, total_fda_steps=1563, accuracy=0.510200023651123, train_accuracy=0.5083333)
EpochMetrics(epoch=16, total_rounds=25, total_fda_steps=1667, accuracy=0.5213000178337097, train_accuracy=0.48125)
EpochMetrics(epoch=17, total_rounds=25, total_fda_steps=1771, accuracy=0.5432999730110168, train_accuracy=0.50625)
EpochMetrics(epoch=18, total_rounds=25, total_fda_steps=1876, accuracy=0.546500027179718, train_accuracy=0.5229167)
EpochMetrics(epoch=19, total_rounds=26, total_fda_steps=1980, accuracy=0.5430999994277954, train_accuracy=0.5229167)
EpochMetrics(epoch=20, total_rounds=26, total_fda_steps=2084, accuracy=0.5745000243186951, train_accuracy=0.54583335)
EpochMetrics(epoch=21, total_rounds=26, total_fda_steps=2188, accuracy=0.5697000026702881, train_accuracy=0.56458336)
EpochMetrics(epoch=22, total_rounds=27, total_fda_steps=2292, accuracy=0.5777000188827515, train_accuracy=0.5375)
EpochMetrics(epoch=23, total_rounds=27, total_fda_steps=2396, accuracy=0.595300018787384, train_accuracy=0.55625)
EpochMetrics(epoch=24, total_rounds=27, total_fda_steps=2501, accuracy=0.6029999852180481, train_accuracy=0.56666666)
EpochMetrics(epoch=25, total_rounds=28, total_fda_steps=2605, accuracy=0.59170001745224, train_accuracy=0.575)
EpochMetrics(epoch=26, total_rounds=28, total_fda_steps=2709, accuracy=0.6019999980926514, train_accuracy=0.6)
EpochMetrics(epoch=27, total_rounds=28, total_fda_steps=2813, accuracy=0.6019999980926514, train_accuracy=0.6020833)
EpochMetrics(epoch=28, total_rounds=29, total_fda_steps=2917, accuracy=0.588100016117096, train_accuracy=0.5729167)
EpochMetrics(epoch=29, total_rounds=30, total_fda_steps=3021, accuracy=0.5914000272750854, train_accuracy=0.65208334)
EpochMetrics(epoch=30, total_rounds=30, total_fda_steps=3126, accuracy=0.6248000264167786, train_accuracy=0.59375)
EpochMetrics(epoch=31, total_rounds=30, total_fda_steps=3230, accuracy=0.6345999836921692, train_accuracy=0.5833333)
EpochMetrics(epoch=32, total_rounds=31, total_fda_steps=3334, accuracy=0.6294000148773193, train_accuracy=0.6145833)
EpochMetrics(epoch=33, total_rounds=32, total_fda_steps=3438, accuracy=0.6363999843597412, train_accuracy=0.6354167)
EpochMetrics(epoch=34, total_rounds=32, total_fda_steps=3542, accuracy=0.641700029373169, train_accuracy=0.62916666)
EpochMetrics(epoch=35, total_rounds=33, total_fda_steps=3646, accuracy=0.6467999815940857, train_accuracy=0.67083335)
EpochMetrics(epoch=36, total_rounds=33, total_fda_steps=3751, accuracy=0.6567000150680542, train_accuracy=0.6666667)
EpochMetrics(epoch=37, total_rounds=34, total_fda_steps=3855, accuracy=0.6614000201225281, train_accuracy=0.65833336)
EpochMetrics(epoch=38, total_rounds=34, total_fda_steps=3959, accuracy=0.6347000002861023, train_accuracy=0.65833336)
EpochMetrics(epoch=39, total_rounds=35, total_fda_steps=4063, accuracy=0.6416000127792358, train_accuracy=0.64166665)
EpochMetrics(epoch=40, total_rounds=36, total_fda_steps=4167, accuracy=0.6620000004768372, train_accuracy=0.6875)
EpochMetrics(epoch=41, total_rounds=36, total_fda_steps=4271, accuracy=0.6759999990463257, train_accuracy=0.67083335)
EpochMetrics(epoch=42, total_rounds=37, total_fda_steps=4376, accuracy=0.6801999807357788, train_accuracy=0.6479167)
EpochMetrics(epoch=43, total_rounds=37, total_fda_steps=4480, accuracy=0.6909000277519226, train_accuracy=0.66875)
EpochMetrics(epoch=44, total_rounds=38, total_fda_steps=4584, accuracy=0.7026000022888184, train_accuracy=0.66041666)
EpochMetrics(epoch=45, total_rounds=38, total_fda_steps=4688, accuracy=0.7042999863624573, train_accuracy=0.70208335)
EpochMetrics(epoch=46, total_rounds=39, total_fda_steps=4792, accuracy=0.7121999859809875, train_accuracy=0.6979167)
EpochMetrics(epoch=47, total_rounds=40, total_fda_steps=4896, accuracy=0.7060999870300293, train_accuracy=0.6875)
EpochMetrics(epoch=48, total_rounds=40, total_fda_steps=5001, accuracy=0.7135000228881836, train_accuracy=0.71458334)
EpochMetrics(epoch=49, total_rounds=41, total_fda_steps=5105, accuracy=0.7141000032424927, train_accuracy=0.71458334)
EpochMetrics(epoch=50, total_rounds=41, total_fda_steps=5209, accuracy=0.7192999720573425, train_accuracy=0.6645833)
EpochMetrics(epoch=51, total_rounds=42, total_fda_steps=5313, accuracy=0.7232000231742859, train_accuracy=0.67291665)
EpochMetrics(epoch=52, total_rounds=42, total_fda_steps=5417, accuracy=0.722599983215332, train_accuracy=0.71458334)
EpochMetrics(epoch=53, total_rounds=43, total_fda_steps=5521, accuracy=0.7307000160217285, train_accuracy=0.7125)
EpochMetrics(epoch=54, total_rounds=44, total_fda_steps=5626, accuracy=0.7354000210762024, train_accuracy=0.73333335)
EpochMetrics(epoch=55, total_rounds=44, total_fda_steps=5730, accuracy=0.7343000173568726, train_accuracy=0.69166666)
EpochMetrics(epoch=56, total_rounds=45, total_fda_steps=5834, accuracy=0.7411999702453613, train_accuracy=0.7104167)
EpochMetrics(epoch=57, total_rounds=45, total_fda_steps=5938, accuracy=0.7373999953269958, train_accuracy=0.75208336)
EpochMetrics(epoch=58, total_rounds=46, total_fda_steps=6042, accuracy=0.7440000176429749, train_accuracy=0.71458334)
EpochMetrics(epoch=59, total_rounds=47, total_fda_steps=6146, accuracy=0.7458000183105469, train_accuracy=0.7416667)
EpochMetrics(epoch=60, total_rounds=47, total_fda_steps=6251, accuracy=0.7447999715805054, train_accuracy=0.7625)
EpochMetrics(epoch=61, total_rounds=48, total_fda_steps=6355, accuracy=0.7469000220298767, train_accuracy=0.71875)
EpochMetrics(epoch=62, total_rounds=48, total_fda_steps=6459, accuracy=0.746399998664856, train_accuracy=0.775)
EpochMetrics(epoch=63, total_rounds=49, total_fda_steps=6563, accuracy=0.7484999895095825, train_accuracy=0.775)
EpochMetrics(epoch=64, total_rounds=50, total_fda_steps=6667, accuracy=0.7537999749183655, train_accuracy=0.75)
EpochMetrics(epoch=65, total_rounds=50, total_fda_steps=6771, accuracy=0.7502999901771545, train_accuracy=0.77708334)
EpochMetrics(epoch=66, total_rounds=51, total_fda_steps=6876, accuracy=0.7566999793052673, train_accuracy=0.7416667)
EpochMetrics(epoch=67, total_rounds=51, total_fda_steps=6980, accuracy=0.7578999996185303, train_accuracy=0.7583333)
EpochMetrics(epoch=68, total_rounds=52, total_fda_steps=7084, accuracy=0.7617999911308289, train_accuracy=0.77708334)
EpochMetrics(epoch=69, total_rounds=53, total_fda_steps=7188, accuracy=0.758899986743927, train_accuracy=0.7604167)
EpochMetrics(epoch=70, total_rounds=53, total_fda_steps=7292, accuracy=0.7559999823570251, train_accuracy=0.7875)
EpochMetrics(epoch=71, total_rounds=54, total_fda_steps=7396, accuracy=0.7656999826431274, train_accuracy=0.79375)
EpochMetrics(epoch=72, total_rounds=55, total_fda_steps=7501, accuracy=0.7649999856948853, train_accuracy=0.7625)
EpochMetrics(epoch=73, total_rounds=55, total_fda_steps=7605, accuracy=0.7627999782562256, train_accuracy=0.76666665)
EpochMetrics(epoch=74, total_rounds=56, total_fda_steps=7709, accuracy=0.7689999938011169, train_accuracy=0.79791665)
EpochMetrics(epoch=75, total_rounds=57, total_fda_steps=7813, accuracy=0.7741000056266785, train_accuracy=0.7708333)
EpochMetrics(epoch=76, total_rounds=57, total_fda_steps=7917, accuracy=0.7659000158309937, train_accuracy=0.8229167)
EpochMetrics(epoch=77, total_rounds=58, total_fda_steps=8021, accuracy=0.7720999717712402, train_accuracy=0.7875)
EpochMetrics(epoch=78, total_rounds=59, total_fda_steps=8126, accuracy=0.7700999975204468, train_accuracy=0.7729167)
EpochMetrics(epoch=79, total_rounds=59, total_fda_steps=8230, accuracy=0.7696999907493591, train_accuracy=0.81041664)
EpochMetrics(epoch=80, total_rounds=60, total_fda_steps=8334, accuracy=0.7666000127792358, train_accuracy=0.81041664)
EpochMetrics(epoch=81, total_rounds=61, total_fda_steps=8438, accuracy=0.7763000130653381, train_accuracy=0.7625)
EpochMetrics(epoch=82, total_rounds=61, total_fda_steps=8542, accuracy=0.7700999975204468, train_accuracy=0.8333333)
EpochMetrics(epoch=83, total_rounds=62, total_fda_steps=8646, accuracy=0.7712000012397766, train_accuracy=0.76458335)
EpochMetrics(epoch=84, total_rounds=63, total_fda_steps=8751, accuracy=0.7731999754905701, train_accuracy=0.775)
EpochMetrics(epoch=85, total_rounds=64, total_fda_steps=8855, accuracy=0.7793999910354614, train_accuracy=0.79583335)
EpochMetrics(epoch=86, total_rounds=64, total_fda_steps=8959, accuracy=0.7735000252723694, train_accuracy=0.79583335)
EpochMetrics(epoch=87, total_rounds=65, total_fda_steps=9063, accuracy=0.7825000286102295, train_accuracy=0.78333336)
EpochMetrics(epoch=88, total_rounds=66, total_fda_steps=9167, accuracy=0.7821000218391418, train_accuracy=0.80833334)
EpochMetrics(epoch=89, total_rounds=66, total_fda_steps=9271, accuracy=0.7815999984741211, train_accuracy=0.78125)
EpochMetrics(epoch=90, total_rounds=67, total_fda_steps=9376, accuracy=0.7821999788284302, train_accuracy=0.78125)
EpochMetrics(epoch=91, total_rounds=68, total_fda_steps=9480, accuracy=0.784500002861023, train_accuracy=0.78333336)
EpochMetrics(epoch=92, total_rounds=69, total_fda_steps=9584, accuracy=0.7901999950408936, train_accuracy=0.80625)
EpochMetrics(epoch=93, total_rounds=69, total_fda_steps=9688, accuracy=0.7851999998092651, train_accuracy=0.8229167)
EpochMetrics(epoch=94, total_rounds=70, total_fda_steps=9792, accuracy=0.7843000292778015, train_accuracy=0.81875)
EpochMetrics(epoch=95, total_rounds=71, total_fda_steps=9896, accuracy=0.7875999808311462, train_accuracy=0.8229167)
EpochMetrics(epoch=96, total_rounds=72, total_fda_steps=10001, accuracy=0.7904999852180481, train_accuracy=0.82916665)
EpochMetrics(epoch=97, total_rounds=72, total_fda_steps=10105, accuracy=0.7843999862670898, train_accuracy=0.82916665)
EpochMetrics(epoch=98, total_rounds=73, total_fda_steps=10209, accuracy=0.7807000279426575, train_accuracy=0.81875)
EpochMetrics(epoch=99, total_rounds=74, total_fda_steps=10313, accuracy=0.788100004196167, train_accuracy=0.82708335)
EpochMetrics(epoch=100, total_rounds=75, total_fda_steps=10417, accuracy=0.7922999858856201, train_accuracy=0.80833334)
EpochMetrics(epoch=101, total_rounds=75, total_fda_steps=10521, accuracy=0.7835000157356262, train_accuracy=0.82708335)
EpochMetrics(epoch=102, total_rounds=76, total_fda_steps=10626, accuracy=0.7838000059127808, train_accuracy=0.8354167)
EpochMetrics(epoch=103, total_rounds=77, total_fda_steps=10730, accuracy=0.7872999906539917, train_accuracy=0.84583336)
EpochMetrics(epoch=104, total_rounds=78, total_fda_steps=10834, accuracy=0.7925000190734863, train_accuracy=0.81041664)
EpochMetrics(epoch=105, total_rounds=79, total_fda_steps=10938, accuracy=0.7900000214576721, train_accuracy=0.84375)
EpochMetrics(epoch=106, total_rounds=79, total_fda_steps=11042, accuracy=0.7904000282287598, train_accuracy=0.8020833)
EpochMetrics(epoch=107, total_rounds=80, total_fda_steps=11146, accuracy=0.7890999913215637, train_accuracy=0.84583336)
EpochMetrics(epoch=108, total_rounds=81, total_fda_steps=11251, accuracy=0.7901999950408936, train_accuracy=0.80833334)
EpochMetrics(epoch=109, total_rounds=82, total_fda_steps=11355, accuracy=0.8026999831199646, train_accuracy=0.8041667)
EpochMetrics(epoch=110, total_rounds=83, total_fda_steps=11459, accuracy=0.7943999767303467, train_accuracy=0.8625)
EpochMetrics(epoch=111, total_rounds=83, total_fda_steps=11563, accuracy=0.7936999797821045, train_accuracy=0.8354167)
EpochMetrics(epoch=112, total_rounds=84, total_fda_steps=11667, accuracy=0.7962999939918518, train_accuracy=0.80625)
EpochMetrics(epoch=113, total_rounds=85, total_fda_steps=11771, accuracy=0.7973999977111816, train_accuracy=0.83125)
EpochMetrics(epoch=114, total_rounds=86, total_fda_steps=11876, accuracy=0.7940000295639038, train_accuracy=0.825)
EpochMetrics(epoch=115, total_rounds=87, total_fda_steps=11980, accuracy=0.7994999885559082, train_accuracy=0.84166664)
EpochMetrics(epoch=116, total_rounds=88, total_fda_steps=12084, accuracy=0.7872999906539917, train_accuracy=0.83958334)
EpochMetrics(epoch=117, total_rounds=88, total_fda_steps=12188, accuracy=0.791700005531311, train_accuracy=0.81666666)
EpochMetrics(epoch=118, total_rounds=89, total_fda_steps=12292, accuracy=0.8004999756813049, train_accuracy=0.8520833)
EpochMetrics(epoch=119, total_rounds=90, total_fda_steps=12396, accuracy=0.7968000173568726, train_accuracy=0.81875)
EpochMetrics(epoch=120, total_rounds=91, total_fda_steps=12501, accuracy=0.8026000261306763, train_accuracy=0.82916665)
EpochMetrics(epoch=121, total_rounds=92, total_fda_steps=12605, accuracy=0.8062999844551086, train_accuracy=0.84583336)
EpochMetrics(epoch=122, total_rounds=93, total_fda_steps=12709, accuracy=0.7993999719619751, train_accuracy=0.89166665)
EpochMetrics(epoch=123, total_rounds=94, total_fda_steps=12813, accuracy=0.8033000230789185, train_accuracy=0.86041665)
EpochMetrics(epoch=124, total_rounds=94, total_fda_steps=12917, accuracy=0.7980999946594238, train_accuracy=0.78333336)
EpochMetrics(epoch=125, total_rounds=95, total_fda_steps=13021, accuracy=0.7972000241279602, train_accuracy=0.85833335)
EpochMetrics(epoch=126, total_rounds=96, total_fda_steps=13126, accuracy=0.7904999852180481, train_accuracy=0.8354167)
EpochMetrics(epoch=127, total_rounds=97, total_fda_steps=13230, accuracy=0.7930999994277954, train_accuracy=0.84375)
EpochMetrics(epoch=128, total_rounds=98, total_fda_steps=13334, accuracy=0.795799970626831, train_accuracy=0.87708336)
EpochMetrics(epoch=129, total_rounds=99, total_fda_steps=13438, accuracy=0.807200014591217, train_accuracy=0.8354167)
EpochMetrics(epoch=130, total_rounds=100, total_fda_steps=13542, accuracy=0.804099977016449, train_accuracy=0.8520833)
EpochMetrics(epoch=131, total_rounds=101, total_fda_steps=13646, accuracy=0.8075000047683716, train_accuracy=0.84375)
EpochMetrics(epoch=132, total_rounds=102, total_fda_steps=13751, accuracy=0.8032000064849854, train_accuracy=0.88125)
EpochMetrics(epoch=133, total_rounds=103, total_fda_steps=13855, accuracy=0.8036999702453613, train_accuracy=0.88958335)
EpochMetrics(epoch=134, total_rounds=104, total_fda_steps=13959, accuracy=0.8050000071525574, train_accuracy=0.8625)
EpochMetrics(epoch=135, total_rounds=105, total_fda_steps=14063, accuracy=0.7965999841690063, train_accuracy=0.90625)
EpochMetrics(epoch=136, total_rounds=105, total_fda_steps=14167, accuracy=0.8004999756813049, train_accuracy=0.83958334)
EpochMetrics(epoch=137, total_rounds=106, total_fda_steps=14271, accuracy=0.8037999868392944, train_accuracy=0.81041664)
EpochMetrics(epoch=138, total_rounds=107, total_fda_steps=14376, accuracy=0.7950000166893005, train_accuracy=0.84375)
EpochMetrics(epoch=139, total_rounds=108, total_fda_steps=14480, accuracy=0.8040000200271606, train_accuracy=0.83958334)
EpochMetrics(epoch=140, total_rounds=109, total_fda_steps=14584, accuracy=0.8037999868392944, train_accuracy=0.8541667)
