Num GPUs Available:  1

------------ Current Test : ------------
Dataset name : MNIST
Bias : None
Bench test : False
NN name : AdvancedCNN
FDA name : naive
Num Clients : 30
Batch size : 32
Num Epochs : 100
Number of steps until we check RTC : 1
Theta : 2.0
-----------------------------------------

EpochMetrics(epoch=1, total_rounds=16, total_fda_steps=63, accuracy=0.9577000141143799)
EpochMetrics(epoch=2, total_rounds=26, total_fda_steps=125, accuracy=0.9794999957084656)
EpochMetrics(epoch=3, total_rounds=35, total_fda_steps=188, accuracy=0.9847999811172485)
EpochMetrics(epoch=4, total_rounds=44, total_fda_steps=250, accuracy=0.9883000254631042)
EpochMetrics(epoch=5, total_rounds=53, total_fda_steps=313, accuracy=0.989300012588501)
EpochMetrics(epoch=6, total_rounds=62, total_fda_steps=375, accuracy=0.9905999898910522)
EpochMetrics(epoch=7, total_rounds=71, total_fda_steps=438, accuracy=0.9915000200271606)
EpochMetrics(epoch=8, total_rounds=80, total_fda_steps=500, accuracy=0.9922000169754028)
EpochMetrics(epoch=9, total_rounds=89, total_fda_steps=563, accuracy=0.9919000267982483)
EpochMetrics(epoch=10, total_rounds=98, total_fda_steps=625, accuracy=0.9922999739646912)
EpochMetrics(epoch=11, total_rounds=107, total_fda_steps=688, accuracy=0.993399977684021)
EpochMetrics(epoch=12, total_rounds=115, total_fda_steps=750, accuracy=0.9934999942779541)
EpochMetrics(epoch=13, total_rounds=124, total_fda_steps=813, accuracy=0.9937999844551086)
EpochMetrics(epoch=14, total_rounds=132, total_fda_steps=875, accuracy=0.9937999844551086)
EpochMetrics(epoch=15, total_rounds=141, total_fda_steps=938, accuracy=0.9937999844551086)
EpochMetrics(epoch=16, total_rounds=149, total_fda_steps=1000, accuracy=0.9940000176429749)
EpochMetrics(epoch=17, total_rounds=158, total_fda_steps=1063, accuracy=0.9940999746322632)
EpochMetrics(epoch=18, total_rounds=166, total_fda_steps=1125, accuracy=0.9944999814033508)
EpochMetrics(epoch=19, total_rounds=175, total_fda_steps=1188, accuracy=0.9937999844551086)
EpochMetrics(epoch=20, total_rounds=183, total_fda_steps=1250, accuracy=0.9940000176429749)
EpochMetrics(epoch=21, total_rounds=191, total_fda_steps=1313, accuracy=0.9943000078201294)
EpochMetrics(epoch=22, total_rounds=199, total_fda_steps=1375, accuracy=0.9937000274658203)
EpochMetrics(epoch=23, total_rounds=207, total_fda_steps=1438, accuracy=0.9939000010490417)
EpochMetrics(epoch=24, total_rounds=215, total_fda_steps=1500, accuracy=0.9944999814033508)
EpochMetrics(epoch=25, total_rounds=224, total_fda_steps=1563, accuracy=0.9940999746322632)
EpochMetrics(epoch=26, total_rounds=233, total_fda_steps=1625, accuracy=0.9947999715805054)
EpochMetrics(epoch=27, total_rounds=240, total_fda_steps=1688, accuracy=0.994700014591217)
EpochMetrics(epoch=28, total_rounds=248, total_fda_steps=1750, accuracy=0.9950000047683716)
EpochMetrics(epoch=29, total_rounds=256, total_fda_steps=1813, accuracy=0.9948999881744385)
EpochMetrics(epoch=30, total_rounds=263, total_fda_steps=1875, accuracy=0.9940000176429749)
EpochMetrics(epoch=31, total_rounds=270, total_fda_steps=1938, accuracy=0.9944000244140625)
EpochMetrics(epoch=32, total_rounds=277, total_fda_steps=2000, accuracy=0.9944000244140625)
EpochMetrics(epoch=33, total_rounds=285, total_fda_steps=2063, accuracy=0.9945999979972839)
EpochMetrics(epoch=34, total_rounds=293, total_fda_steps=2125, accuracy=0.9941999912261963)
EpochMetrics(epoch=35, total_rounds=300, total_fda_steps=2188, accuracy=0.9948999881744385)
EpochMetrics(epoch=36, total_rounds=307, total_fda_steps=2250, accuracy=0.9945999979972839)
EpochMetrics(epoch=37, total_rounds=313, total_fda_steps=2313, accuracy=0.9943000078201294)
EpochMetrics(epoch=38, total_rounds=321, total_fda_steps=2375, accuracy=0.9945999979972839)
EpochMetrics(epoch=39, total_rounds=328, total_fda_steps=2438, accuracy=0.9941999912261963)
EpochMetrics(epoch=40, total_rounds=335, total_fda_steps=2500, accuracy=0.9944999814033508)
EpochMetrics(epoch=41, total_rounds=341, total_fda_steps=2563, accuracy=0.9943000078201294)
EpochMetrics(epoch=42, total_rounds=348, total_fda_steps=2625, accuracy=0.9951000213623047)
EpochMetrics(epoch=43, total_rounds=356, total_fda_steps=2688, accuracy=0.9951000213623047)
EpochMetrics(epoch=44, total_rounds=363, total_fda_steps=2750, accuracy=0.9951000213623047)
EpochMetrics(epoch=45, total_rounds=370, total_fda_steps=2813, accuracy=0.9944000244140625)
EpochMetrics(epoch=46, total_rounds=377, total_fda_steps=2875, accuracy=0.9947999715805054)
EpochMetrics(epoch=47, total_rounds=384, total_fda_steps=2938, accuracy=0.9948999881744385)
EpochMetrics(epoch=48, total_rounds=390, total_fda_steps=3000, accuracy=0.9947999715805054)
EpochMetrics(epoch=49, total_rounds=398, total_fda_steps=3063, accuracy=0.994700014591217)
EpochMetrics(epoch=50, total_rounds=406, total_fda_steps=3125, accuracy=0.9950000047683716)
EpochMetrics(epoch=51, total_rounds=413, total_fda_steps=3188, accuracy=0.9948999881744385)
EpochMetrics(epoch=52, total_rounds=421, total_fda_steps=3250, accuracy=0.995199978351593)
EpochMetrics(epoch=53, total_rounds=430, total_fda_steps=3313, accuracy=0.9940999746322632)
EpochMetrics(epoch=54, total_rounds=437, total_fda_steps=3375, accuracy=0.9948999881744385)
EpochMetrics(epoch=55, total_rounds=444, total_fda_steps=3438, accuracy=0.995199978351593)
EpochMetrics(epoch=56, total_rounds=451, total_fda_steps=3500, accuracy=0.9952999949455261)
EpochMetrics(epoch=57, total_rounds=457, total_fda_steps=3563, accuracy=0.995199978351593)
EpochMetrics(epoch=58, total_rounds=463, total_fda_steps=3625, accuracy=0.9954000115394592)
EpochMetrics(epoch=59, total_rounds=471, total_fda_steps=3688, accuracy=0.9955999851226807)
EpochMetrics(epoch=60, total_rounds=478, total_fda_steps=3750, accuracy=0.9958000183105469)
EpochMetrics(epoch=61, total_rounds=485, total_fda_steps=3813, accuracy=0.9954000115394592)
EpochMetrics(epoch=62, total_rounds=492, total_fda_steps=3875, accuracy=0.9952999949455261)
EpochMetrics(epoch=63, total_rounds=501, total_fda_steps=3938, accuracy=0.9948999881744385)
EpochMetrics(epoch=64, total_rounds=509, total_fda_steps=4000, accuracy=0.9944999814033508)
EpochMetrics(epoch=65, total_rounds=516, total_fda_steps=4063, accuracy=0.9944999814033508)
EpochMetrics(epoch=66, total_rounds=523, total_fda_steps=4125, accuracy=0.9951000213623047)
EpochMetrics(epoch=67, total_rounds=531, total_fda_steps=4188, accuracy=0.9948999881744385)
EpochMetrics(epoch=68, total_rounds=538, total_fda_steps=4250, accuracy=0.9941999912261963)
EpochMetrics(epoch=69, total_rounds=545, total_fda_steps=4313, accuracy=0.9948999881744385)
EpochMetrics(epoch=70, total_rounds=552, total_fda_steps=4375, accuracy=0.994700014591217)
EpochMetrics(epoch=71, total_rounds=558, total_fda_steps=4438, accuracy=0.9950000047683716)
EpochMetrics(epoch=72, total_rounds=564, total_fda_steps=4500, accuracy=0.995199978351593)
EpochMetrics(epoch=73, total_rounds=571, total_fda_steps=4563, accuracy=0.9948999881744385)
EpochMetrics(epoch=74, total_rounds=578, total_fda_steps=4625, accuracy=0.995199978351593)
EpochMetrics(epoch=75, total_rounds=585, total_fda_steps=4688, accuracy=0.9948999881744385)
EpochMetrics(epoch=76, total_rounds=593, total_fda_steps=4750, accuracy=0.9951000213623047)
EpochMetrics(epoch=77, total_rounds=600, total_fda_steps=4813, accuracy=0.9945999979972839)
EpochMetrics(epoch=78, total_rounds=608, total_fda_steps=4875, accuracy=0.995199978351593)
EpochMetrics(epoch=79, total_rounds=614, total_fda_steps=4938, accuracy=0.995199978351593)
EpochMetrics(epoch=80, total_rounds=620, total_fda_steps=5000, accuracy=0.9958000183105469)
EpochMetrics(epoch=81, total_rounds=628, total_fda_steps=5063, accuracy=0.9948999881744385)
EpochMetrics(epoch=82, total_rounds=634, total_fda_steps=5125, accuracy=0.9952999949455261)
EpochMetrics(epoch=83, total_rounds=640, total_fda_steps=5188, accuracy=0.9952999949455261)
EpochMetrics(epoch=84, total_rounds=648, total_fda_steps=5250, accuracy=0.9958000183105469)
EpochMetrics(epoch=85, total_rounds=658, total_fda_steps=5313, accuracy=0.9951000213623047)
EpochMetrics(epoch=86, total_rounds=666, total_fda_steps=5375, accuracy=0.9952999949455261)
EpochMetrics(epoch=87, total_rounds=673, total_fda_steps=5438, accuracy=0.9951000213623047)
EpochMetrics(epoch=88, total_rounds=680, total_fda_steps=5500, accuracy=0.9950000047683716)
EpochMetrics(epoch=89, total_rounds=686, total_fda_steps=5563, accuracy=0.9955000281333923)
EpochMetrics(epoch=90, total_rounds=693, total_fda_steps=5625, accuracy=0.9952999949455261)
EpochMetrics(epoch=91, total_rounds=700, total_fda_steps=5688, accuracy=0.9955999851226807)
EpochMetrics(epoch=92, total_rounds=707, total_fda_steps=5750, accuracy=0.9961000084877014)
EpochMetrics(epoch=93, total_rounds=714, total_fda_steps=5813, accuracy=0.9955000281333923)
EpochMetrics(epoch=94, total_rounds=721, total_fda_steps=5875, accuracy=0.9954000115394592)
EpochMetrics(epoch=95, total_rounds=727, total_fda_steps=5938, accuracy=0.9955999851226807)
EpochMetrics(epoch=96, total_rounds=733, total_fda_steps=6000, accuracy=0.9955999851226807)
EpochMetrics(epoch=97, total_rounds=741, total_fda_steps=6063, accuracy=0.9955000281333923)
EpochMetrics(epoch=98, total_rounds=748, total_fda_steps=6125, accuracy=0.995199978351593)
EpochMetrics(epoch=99, total_rounds=755, total_fda_steps=6188, accuracy=0.9955999851226807)
EpochMetrics(epoch=100, total_rounds=763, total_fda_steps=6250, accuracy=0.9948999881744385)

------------ Finished Testing : ------------
Dataset name : MNIST
Bias : None
Bench test : False
NN name : AdvancedCNN
FDA name : naive
Num Clients : 30
Batch size : 32
Num Epochs : 100
Number of steps until we check RTC : 1
Theta : 2.0
Total simulation time: 18780.56357908249 sec
-----------------------------------------

