Num GPUs Available:  1

------------ Current Test : ------------
Dataset name : CIFAR10
Bias : None
Bench test : False
NN name : DenseNet201
FDA name : naive
Num Clients : 10
Batch size : 32
Num Epochs : 300
Number of steps until we check RTC : 1
Theta : 500.0
Aggr. Scheme : avg
Per-Layer training : False
-----------------------------------------

EpochMetrics(epoch=1, total_rounds=13, total_fda_steps=157, accuracy=0.22179999947547913, train_accuracy=0.225)
EpochMetrics(epoch=2, total_rounds=15, total_fda_steps=313, accuracy=0.337799996137619, train_accuracy=0.296875)
EpochMetrics(epoch=3, total_rounds=16, total_fda_steps=469, accuracy=0.39169999957084656, train_accuracy=0.35)
EpochMetrics(epoch=4, total_rounds=16, total_fda_steps=625, accuracy=0.40939998626708984, train_accuracy=0.39375)
EpochMetrics(epoch=5, total_rounds=17, total_fda_steps=782, accuracy=0.42309999465942383, train_accuracy=0.328125)
EpochMetrics(epoch=6, total_rounds=17, total_fda_steps=938, accuracy=0.4138000011444092, train_accuracy=0.396875)
EpochMetrics(epoch=7, total_rounds=18, total_fda_steps=1094, accuracy=0.45100000500679016, train_accuracy=0.428125)
EpochMetrics(epoch=8, total_rounds=18, total_fda_steps=1250, accuracy=0.4717999994754791, train_accuracy=0.3875)
EpochMetrics(epoch=9, total_rounds=19, total_fda_steps=1407, accuracy=0.4814999997615814, train_accuracy=0.44375)
EpochMetrics(epoch=10, total_rounds=19, total_fda_steps=1563, accuracy=0.4964999854564667, train_accuracy=0.50625)
EpochMetrics(epoch=11, total_rounds=20, total_fda_steps=1719, accuracy=0.5181000232696533, train_accuracy=0.440625)
EpochMetrics(epoch=12, total_rounds=20, total_fda_steps=1875, accuracy=0.5230000019073486, train_accuracy=0.396875)
EpochMetrics(epoch=13, total_rounds=21, total_fda_steps=2032, accuracy=0.5307999849319458, train_accuracy=0.496875)
EpochMetrics(epoch=14, total_rounds=21, total_fda_steps=2188, accuracy=0.5583999752998352, train_accuracy=0.475)
EpochMetrics(epoch=15, total_rounds=22, total_fda_steps=2344, accuracy=0.5684000253677368, train_accuracy=0.503125)
EpochMetrics(epoch=16, total_rounds=22, total_fda_steps=2500, accuracy=0.5321999788284302, train_accuracy=0.540625)
EpochMetrics(epoch=17, total_rounds=23, total_fda_steps=2657, accuracy=0.5249999761581421, train_accuracy=0.51875)
EpochMetrics(epoch=18, total_rounds=24, total_fda_steps=2813, accuracy=0.5504999756813049, train_accuracy=0.546875)
EpochMetrics(epoch=19, total_rounds=24, total_fda_steps=2969, accuracy=0.5861999988555908, train_accuracy=0.559375)
EpochMetrics(epoch=20, total_rounds=25, total_fda_steps=3125, accuracy=0.5503000020980835, train_accuracy=0.5625)
EpochMetrics(epoch=21, total_rounds=26, total_fda_steps=3282, accuracy=0.5630000233650208, train_accuracy=0.575)
EpochMetrics(epoch=22, total_rounds=26, total_fda_steps=3438, accuracy=0.5343999862670898, train_accuracy=0.609375)
EpochMetrics(epoch=23, total_rounds=27, total_fda_steps=3594, accuracy=0.613099992275238, train_accuracy=0.621875)
EpochMetrics(epoch=24, total_rounds=28, total_fda_steps=3750, accuracy=0.6172000169754028, train_accuracy=0.6)
EpochMetrics(epoch=25, total_rounds=29, total_fda_steps=3907, accuracy=0.6528000235557556, train_accuracy=0.646875)
EpochMetrics(epoch=26, total_rounds=29, total_fda_steps=4063, accuracy=0.6610000133514404, train_accuracy=0.61875)
EpochMetrics(epoch=27, total_rounds=30, total_fda_steps=4219, accuracy=0.6593000292778015, train_accuracy=0.6125)
EpochMetrics(epoch=28, total_rounds=31, total_fda_steps=4375, accuracy=0.660099983215332, train_accuracy=0.66875)
EpochMetrics(epoch=29, total_rounds=31, total_fda_steps=4532, accuracy=0.6783999800682068, train_accuracy=0.715625)
EpochMetrics(epoch=30, total_rounds=32, total_fda_steps=4688, accuracy=0.6826000213623047, train_accuracy=0.65625)
EpochMetrics(epoch=31, total_rounds=32, total_fda_steps=4844, accuracy=0.6887000203132629, train_accuracy=0.6875)
EpochMetrics(epoch=32, total_rounds=33, total_fda_steps=5000, accuracy=0.6959999799728394, train_accuracy=0.73125)
EpochMetrics(epoch=33, total_rounds=33, total_fda_steps=5157, accuracy=0.6996999979019165, train_accuracy=0.653125)
EpochMetrics(epoch=34, total_rounds=34, total_fda_steps=5313, accuracy=0.6970999836921692, train_accuracy=0.65625)
EpochMetrics(epoch=35, total_rounds=35, total_fda_steps=5469, accuracy=0.6967999935150146, train_accuracy=0.7125)
EpochMetrics(epoch=36, total_rounds=35, total_fda_steps=5625, accuracy=0.7099999785423279, train_accuracy=0.734375)
EpochMetrics(epoch=37, total_rounds=36, total_fda_steps=5782, accuracy=0.718999981880188, train_accuracy=0.7375)
EpochMetrics(epoch=38, total_rounds=36, total_fda_steps=5938, accuracy=0.722100019454956, train_accuracy=0.73125)
EpochMetrics(epoch=39, total_rounds=37, total_fda_steps=6094, accuracy=0.7272999882698059, train_accuracy=0.721875)
EpochMetrics(epoch=40, total_rounds=37, total_fda_steps=6250, accuracy=0.727400004863739, train_accuracy=0.715625)
EpochMetrics(epoch=41, total_rounds=38, total_fda_steps=6407, accuracy=0.7364000082015991, train_accuracy=0.75)
EpochMetrics(epoch=42, total_rounds=38, total_fda_steps=6563, accuracy=0.7289000153541565, train_accuracy=0.7625)
EpochMetrics(epoch=43, total_rounds=39, total_fda_steps=6719, accuracy=0.7454000115394592, train_accuracy=0.78125)
EpochMetrics(epoch=44, total_rounds=40, total_fda_steps=6875, accuracy=0.7451000213623047, train_accuracy=0.725)
EpochMetrics(epoch=45, total_rounds=40, total_fda_steps=7032, accuracy=0.7351999878883362, train_accuracy=0.7375)
EpochMetrics(epoch=46, total_rounds=41, total_fda_steps=7188, accuracy=0.7365000247955322, train_accuracy=0.73125)
EpochMetrics(epoch=47, total_rounds=41, total_fda_steps=7344, accuracy=0.7480000257492065, train_accuracy=0.753125)
EpochMetrics(epoch=48, total_rounds=42, total_fda_steps=7500, accuracy=0.7475000023841858, train_accuracy=0.775)
EpochMetrics(epoch=49, total_rounds=42, total_fda_steps=7657, accuracy=0.7487000226974487, train_accuracy=0.740625)
EpochMetrics(epoch=50, total_rounds=43, total_fda_steps=7813, accuracy=0.7491999864578247, train_accuracy=0.775)
EpochMetrics(epoch=51, total_rounds=44, total_fda_steps=7969, accuracy=0.757099986076355, train_accuracy=0.734375)
EpochMetrics(epoch=52, total_rounds=44, total_fda_steps=8125, accuracy=0.7573000192642212, train_accuracy=0.771875)
EpochMetrics(epoch=53, total_rounds=45, total_fda_steps=8282, accuracy=0.7576000094413757, train_accuracy=0.75625)
EpochMetrics(epoch=54, total_rounds=45, total_fda_steps=8438, accuracy=0.7569000124931335, train_accuracy=0.759375)
EpochMetrics(epoch=55, total_rounds=46, total_fda_steps=8594, accuracy=0.7652000188827515, train_accuracy=0.75625)
EpochMetrics(epoch=56, total_rounds=47, total_fda_steps=8750, accuracy=0.7649999856948853, train_accuracy=0.740625)
EpochMetrics(epoch=57, total_rounds=47, total_fda_steps=8907, accuracy=0.7620999813079834, train_accuracy=0.796875)
EpochMetrics(epoch=58, total_rounds=48, total_fda_steps=9063, accuracy=0.7702999711036682, train_accuracy=0.734375)
EpochMetrics(epoch=59, total_rounds=49, total_fda_steps=9219, accuracy=0.7644000053405762, train_accuracy=0.75625)
EpochMetrics(epoch=60, total_rounds=49, total_fda_steps=9375, accuracy=0.7644000053405762, train_accuracy=0.7875)
EpochMetrics(epoch=61, total_rounds=50, total_fda_steps=9532, accuracy=0.7716000080108643, train_accuracy=0.740625)
EpochMetrics(epoch=62, total_rounds=51, total_fda_steps=9688, accuracy=0.7706000208854675, train_accuracy=0.7625)
EpochMetrics(epoch=63, total_rounds=51, total_fda_steps=9844, accuracy=0.7664999961853027, train_accuracy=0.81875)
EpochMetrics(epoch=64, total_rounds=52, total_fda_steps=10000, accuracy=0.7738999724388123, train_accuracy=0.771875)
EpochMetrics(epoch=65, total_rounds=53, total_fda_steps=10157, accuracy=0.7670000195503235, train_accuracy=0.815625)
EpochMetrics(epoch=66, total_rounds=53, total_fda_steps=10313, accuracy=0.7734000086784363, train_accuracy=0.825)
EpochMetrics(epoch=67, total_rounds=54, total_fda_steps=10469, accuracy=0.776199996471405, train_accuracy=0.821875)
EpochMetrics(epoch=68, total_rounds=55, total_fda_steps=10625, accuracy=0.7754999995231628, train_accuracy=0.8125)
EpochMetrics(epoch=69, total_rounds=55, total_fda_steps=10782, accuracy=0.7716000080108643, train_accuracy=0.828125)
EpochMetrics(epoch=70, total_rounds=56, total_fda_steps=10938, accuracy=0.766700029373169, train_accuracy=0.809375)
EpochMetrics(epoch=71, total_rounds=57, total_fda_steps=11094, accuracy=0.779699981212616, train_accuracy=0.809375)
EpochMetrics(epoch=72, total_rounds=57, total_fda_steps=11250, accuracy=0.7709000110626221, train_accuracy=0.78125)
EpochMetrics(epoch=73, total_rounds=58, total_fda_steps=11407, accuracy=0.7795000076293945, train_accuracy=0.784375)
EpochMetrics(epoch=74, total_rounds=59, total_fda_steps=11563, accuracy=0.7720000147819519, train_accuracy=0.8125)
EpochMetrics(epoch=75, total_rounds=59, total_fda_steps=11719, accuracy=0.777400016784668, train_accuracy=0.775)
EpochMetrics(epoch=76, total_rounds=60, total_fda_steps=11875, accuracy=0.7835000157356262, train_accuracy=0.778125)
EpochMetrics(epoch=77, total_rounds=61, total_fda_steps=12032, accuracy=0.7843999862670898, train_accuracy=0.821875)
EpochMetrics(epoch=78, total_rounds=62, total_fda_steps=12188, accuracy=0.7878999710083008, train_accuracy=0.834375)
EpochMetrics(epoch=79, total_rounds=62, total_fda_steps=12344, accuracy=0.77920001745224, train_accuracy=0.803125)
EpochMetrics(epoch=80, total_rounds=63, total_fda_steps=12500, accuracy=0.7771999835968018, train_accuracy=0.84375)
EpochMetrics(epoch=81, total_rounds=64, total_fda_steps=12657, accuracy=0.7833999991416931, train_accuracy=0.83125)
EpochMetrics(epoch=82, total_rounds=65, total_fda_steps=12813, accuracy=0.7878000140190125, train_accuracy=0.79375)
EpochMetrics(epoch=83, total_rounds=65, total_fda_steps=12969, accuracy=0.7820000052452087, train_accuracy=0.790625)
EpochMetrics(epoch=84, total_rounds=66, total_fda_steps=13125, accuracy=0.7900999784469604, train_accuracy=0.809375)
EpochMetrics(epoch=85, total_rounds=67, total_fda_steps=13282, accuracy=0.7842000126838684, train_accuracy=0.78125)
EpochMetrics(epoch=86, total_rounds=68, total_fda_steps=13438, accuracy=0.784600019454956, train_accuracy=0.8)
EpochMetrics(epoch=87, total_rounds=68, total_fda_steps=13594, accuracy=0.7893000245094299, train_accuracy=0.81875)
EpochMetrics(epoch=88, total_rounds=69, total_fda_steps=13750, accuracy=0.7915999889373779, train_accuracy=0.78125)
EpochMetrics(epoch=89, total_rounds=70, total_fda_steps=13907, accuracy=0.7878000140190125, train_accuracy=0.859375)
EpochMetrics(epoch=90, total_rounds=71, total_fda_steps=14063, accuracy=0.7912999987602234, train_accuracy=0.796875)
EpochMetrics(epoch=91, total_rounds=72, total_fda_steps=14219, accuracy=0.7889000177383423, train_accuracy=0.85)
EpochMetrics(epoch=92, total_rounds=72, total_fda_steps=14375, accuracy=0.7889999747276306, train_accuracy=0.85)
EpochMetrics(epoch=93, total_rounds=73, total_fda_steps=14532, accuracy=0.7878999710083008, train_accuracy=0.803125)
EpochMetrics(epoch=94, total_rounds=74, total_fda_steps=14688, accuracy=0.7950000166893005, train_accuracy=0.815625)
EpochMetrics(epoch=95, total_rounds=75, total_fda_steps=14844, accuracy=0.7939000129699707, train_accuracy=0.83125)
EpochMetrics(epoch=96, total_rounds=76, total_fda_steps=15000, accuracy=0.7924000024795532, train_accuracy=0.8375)
EpochMetrics(epoch=97, total_rounds=77, total_fda_steps=15157, accuracy=0.7940999865531921, train_accuracy=0.85625)
EpochMetrics(epoch=98, total_rounds=77, total_fda_steps=15313, accuracy=0.7925999760627747, train_accuracy=0.83125)
EpochMetrics(epoch=99, total_rounds=78, total_fda_steps=15469, accuracy=0.7980999946594238, train_accuracy=0.80625)
EpochMetrics(epoch=100, total_rounds=79, total_fda_steps=15625, accuracy=0.7907000184059143, train_accuracy=0.76875)
EpochMetrics(epoch=101, total_rounds=80, total_fda_steps=15782, accuracy=0.7935000061988831, train_accuracy=0.8125)
EpochMetrics(epoch=102, total_rounds=81, total_fda_steps=15938, accuracy=0.796999990940094, train_accuracy=0.85)
EpochMetrics(epoch=103, total_rounds=82, total_fda_steps=16094, accuracy=0.7972999811172485, train_accuracy=0.834375)
EpochMetrics(epoch=104, total_rounds=83, total_fda_steps=16250, accuracy=0.7955999970436096, train_accuracy=0.8625)
EpochMetrics(epoch=105, total_rounds=84, total_fda_steps=16407, accuracy=0.7944999933242798, train_accuracy=0.88125)
EpochMetrics(epoch=106, total_rounds=84, total_fda_steps=16563, accuracy=0.8037999868392944, train_accuracy=0.8375)
EpochMetrics(epoch=107, total_rounds=85, total_fda_steps=16719, accuracy=0.8014000058174133, train_accuracy=0.871875)
EpochMetrics(epoch=108, total_rounds=86, total_fda_steps=16875, accuracy=0.7998999953269958, train_accuracy=0.859375)
EpochMetrics(epoch=109, total_rounds=87, total_fda_steps=17032, accuracy=0.7982000112533569, train_accuracy=0.8375)
EpochMetrics(epoch=110, total_rounds=88, total_fda_steps=17188, accuracy=0.7950999736785889, train_accuracy=0.85)
EpochMetrics(epoch=111, total_rounds=89, total_fda_steps=17344, accuracy=0.8008999824523926, train_accuracy=0.796875)
EpochMetrics(epoch=112, total_rounds=90, total_fda_steps=17500, accuracy=0.803600013256073, train_accuracy=0.8375)
EpochMetrics(epoch=113, total_rounds=91, total_fda_steps=17657, accuracy=0.8034999966621399, train_accuracy=0.84375)
EpochMetrics(epoch=114, total_rounds=92, total_fda_steps=17813, accuracy=0.7979999780654907, train_accuracy=0.834375)
EpochMetrics(epoch=115, total_rounds=93, total_fda_steps=17969, accuracy=0.7965999841690063, train_accuracy=0.846875)
EpochMetrics(epoch=116, total_rounds=94, total_fda_steps=18125, accuracy=0.8023999929428101, train_accuracy=0.8625)
EpochMetrics(epoch=117, total_rounds=95, total_fda_steps=18282, accuracy=0.8027999997138977, train_accuracy=0.875)
EpochMetrics(epoch=118, total_rounds=96, total_fda_steps=18438, accuracy=0.802299976348877, train_accuracy=0.859375)
EpochMetrics(epoch=119, total_rounds=97, total_fda_steps=18594, accuracy=0.8032000064849854, train_accuracy=0.86875)
EpochMetrics(epoch=120, total_rounds=98, total_fda_steps=18750, accuracy=0.8004000186920166, train_accuracy=0.865625)
EpochMetrics(epoch=121, total_rounds=99, total_fda_steps=18907, accuracy=0.8036999702453613, train_accuracy=0.9)
EpochMetrics(epoch=122, total_rounds=100, total_fda_steps=19063, accuracy=0.8014000058174133, train_accuracy=0.865625)
EpochMetrics(epoch=123, total_rounds=101, total_fda_steps=19219, accuracy=0.7968999743461609, train_accuracy=0.884375)
EpochMetrics(epoch=124, total_rounds=102, total_fda_steps=19375, accuracy=0.8055999875068665, train_accuracy=0.878125)
EpochMetrics(epoch=125, total_rounds=103, total_fda_steps=19532, accuracy=0.8070999979972839, train_accuracy=0.890625)
EpochMetrics(epoch=126, total_rounds=104, total_fda_steps=19688, accuracy=0.8025000095367432, train_accuracy=0.86875)
EpochMetrics(epoch=127, total_rounds=105, total_fda_steps=19844, accuracy=0.807200014591217, train_accuracy=0.88125)
EpochMetrics(epoch=128, total_rounds=106, total_fda_steps=20000, accuracy=0.8059999942779541, train_accuracy=0.871875)
EpochMetrics(epoch=129, total_rounds=107, total_fda_steps=20157, accuracy=0.8037999868392944, train_accuracy=0.903125)
EpochMetrics(epoch=130, total_rounds=108, total_fda_steps=20313, accuracy=0.8068000078201294, train_accuracy=0.875)
EpochMetrics(epoch=131, total_rounds=109, total_fda_steps=20469, accuracy=0.8093000054359436, train_accuracy=0.86875)
EpochMetrics(epoch=132, total_rounds=110, total_fda_steps=20625, accuracy=0.805899977684021, train_accuracy=0.840625)
EpochMetrics(epoch=133, total_rounds=111, total_fda_steps=20782, accuracy=0.8039000034332275, train_accuracy=0.859375)
EpochMetrics(epoch=134, total_rounds=112, total_fda_steps=20938, accuracy=0.8019999861717224, train_accuracy=0.86875)
EpochMetrics(epoch=135, total_rounds=113, total_fda_steps=21094, accuracy=0.8059999942779541, train_accuracy=0.83125)
EpochMetrics(epoch=136, total_rounds=114, total_fda_steps=21250, accuracy=0.8037999868392944, train_accuracy=0.825)
EpochMetrics(epoch=137, total_rounds=115, total_fda_steps=21407, accuracy=0.7989000082015991, train_accuracy=0.853125)
EpochMetrics(epoch=138, total_rounds=116, total_fda_steps=21563, accuracy=0.8059999942779541, train_accuracy=0.840625)
EpochMetrics(epoch=139, total_rounds=117, total_fda_steps=21719, accuracy=0.7989000082015991, train_accuracy=0.840625)
EpochMetrics(epoch=140, total_rounds=118, total_fda_steps=21875, accuracy=0.8059999942779541, train_accuracy=0.83125)
EpochMetrics(epoch=141, total_rounds=119, total_fda_steps=22032, accuracy=0.8026000261306763, train_accuracy=0.846875)
EpochMetrics(epoch=142, total_rounds=121, total_fda_steps=22188, accuracy=0.8094000220298767, train_accuracy=0.91875)
EpochMetrics(epoch=143, total_rounds=122, total_fda_steps=22344, accuracy=0.8100000023841858, train_accuracy=0.865625)
EpochMetrics(epoch=144, total_rounds=123, total_fda_steps=22500, accuracy=0.807200014591217, train_accuracy=0.821875)
EpochMetrics(epoch=145, total_rounds=124, total_fda_steps=22657, accuracy=0.8076000213623047, train_accuracy=0.8875)
EpochMetrics(epoch=146, total_rounds=125, total_fda_steps=22813, accuracy=0.8091999888420105, train_accuracy=0.8375)
EpochMetrics(epoch=147, total_rounds=126, total_fda_steps=22969, accuracy=0.8036999702453613, train_accuracy=0.7875)
EpochMetrics(epoch=148, total_rounds=127, total_fda_steps=23125, accuracy=0.8065000176429749, train_accuracy=0.83125)
EpochMetrics(epoch=149, total_rounds=129, total_fda_steps=23282, accuracy=0.8108999729156494, train_accuracy=0.925)
EpochMetrics(epoch=150, total_rounds=130, total_fda_steps=23438, accuracy=0.8098999857902527, train_accuracy=0.915625)
EpochMetrics(epoch=151, total_rounds=131, total_fda_steps=23594, accuracy=0.8082000017166138, train_accuracy=0.9)
EpochMetrics(epoch=152, total_rounds=132, total_fda_steps=23750, accuracy=0.8125, train_accuracy=0.840625)
EpochMetrics(epoch=153, total_rounds=133, total_fda_steps=23907, accuracy=0.8130999803543091, train_accuracy=0.840625)
EpochMetrics(epoch=154, total_rounds=134, total_fda_steps=24063, accuracy=0.8057000041007996, train_accuracy=0.81875)
EpochMetrics(epoch=155, total_rounds=136, total_fda_steps=24219, accuracy=0.8069999814033508, train_accuracy=0.93125)
EpochMetrics(epoch=156, total_rounds=137, total_fda_steps=24375, accuracy=0.8131999969482422, train_accuracy=0.9)
EpochMetrics(epoch=157, total_rounds=138, total_fda_steps=24532, accuracy=0.8075000047683716, train_accuracy=0.8625)
EpochMetrics(epoch=158, total_rounds=139, total_fda_steps=24688, accuracy=0.8083999752998352, train_accuracy=0.85625)
EpochMetrics(epoch=159, total_rounds=140, total_fda_steps=24844, accuracy=0.8054999709129333, train_accuracy=0.859375)
EpochMetrics(epoch=160, total_rounds=142, total_fda_steps=25000, accuracy=0.8080999851226807, train_accuracy=0.909375)
EpochMetrics(epoch=161, total_rounds=143, total_fda_steps=25157, accuracy=0.8165000081062317, train_accuracy=0.9)
EpochMetrics(epoch=162, total_rounds=144, total_fda_steps=25313, accuracy=0.8151000142097473, train_accuracy=0.871875)
EpochMetrics(epoch=163, total_rounds=145, total_fda_steps=25469, accuracy=0.8111000061035156, train_accuracy=0.875)
EpochMetrics(epoch=164, total_rounds=146, total_fda_steps=25625, accuracy=0.8090000152587891, train_accuracy=0.828125)
EpochMetrics(epoch=165, total_rounds=148, total_fda_steps=25782, accuracy=0.8044000267982483, train_accuracy=0.8875)
EpochMetrics(epoch=166, total_rounds=149, total_fda_steps=25938, accuracy=0.8079000115394592, train_accuracy=0.86875)
EpochMetrics(epoch=167, total_rounds=150, total_fda_steps=26094, accuracy=0.807699978351593, train_accuracy=0.85)
EpochMetrics(epoch=168, total_rounds=151, total_fda_steps=26250, accuracy=0.808899998664856, train_accuracy=0.86875)
EpochMetrics(epoch=169, total_rounds=153, total_fda_steps=26407, accuracy=0.8131999969482422, train_accuracy=0.875)
EpochMetrics(epoch=170, total_rounds=154, total_fda_steps=26563, accuracy=0.8156999945640564, train_accuracy=0.85625)
EpochMetrics(epoch=171, total_rounds=155, total_fda_steps=26719, accuracy=0.8133999705314636, train_accuracy=0.884375)
EpochMetrics(epoch=172, total_rounds=156, total_fda_steps=26875, accuracy=0.8095999956130981, train_accuracy=0.8375)
EpochMetrics(epoch=173, total_rounds=158, total_fda_steps=27032, accuracy=0.8156999945640564, train_accuracy=0.93125)
EpochMetrics(epoch=174, total_rounds=159, total_fda_steps=27188, accuracy=0.8148999810218811, train_accuracy=0.9)
EpochMetrics(epoch=175, total_rounds=160, total_fda_steps=27344, accuracy=0.8091999888420105, train_accuracy=0.840625)
EpochMetrics(epoch=176, total_rounds=162, total_fda_steps=27500, accuracy=0.8100000023841858, train_accuracy=0.934375)
EpochMetrics(epoch=177, total_rounds=163, total_fda_steps=27657, accuracy=0.8156999945640564, train_accuracy=0.928125)
EpochMetrics(epoch=178, total_rounds=164, total_fda_steps=27813, accuracy=0.8151000142097473, train_accuracy=0.84375)
EpochMetrics(epoch=179, total_rounds=165, total_fda_steps=27969, accuracy=0.8087000250816345, train_accuracy=0.78125)
EpochMetrics(epoch=180, total_rounds=167, total_fda_steps=28125, accuracy=0.8156999945640564, train_accuracy=0.903125)
EpochMetrics(epoch=181, total_rounds=168, total_fda_steps=28282, accuracy=0.8095999956130981, train_accuracy=0.85)
EpochMetrics(epoch=182, total_rounds=169, total_fda_steps=28438, accuracy=0.8090000152587891, train_accuracy=0.809375)
EpochMetrics(epoch=183, total_rounds=171, total_fda_steps=28594, accuracy=0.8145999908447266, train_accuracy=0.903125)
EpochMetrics(epoch=184, total_rounds=172, total_fda_steps=28750, accuracy=0.8165000081062317, train_accuracy=0.84375)
EpochMetrics(epoch=185, total_rounds=173, total_fda_steps=28907, accuracy=0.8004000186920166, train_accuracy=0.85)
EpochMetrics(epoch=186, total_rounds=175, total_fda_steps=29063, accuracy=0.8152999877929688, train_accuracy=0.921875)
EpochMetrics(epoch=187, total_rounds=176, total_fda_steps=29219, accuracy=0.814300000667572, train_accuracy=0.834375)
EpochMetrics(epoch=188, total_rounds=177, total_fda_steps=29375, accuracy=0.8147000074386597, train_accuracy=0.85625)
EpochMetrics(epoch=189, total_rounds=179, total_fda_steps=29532, accuracy=0.8137000203132629, train_accuracy=0.909375)
EpochMetrics(epoch=190, total_rounds=180, total_fda_steps=29688, accuracy=0.8141000270843506, train_accuracy=0.86875)
EpochMetrics(epoch=191, total_rounds=181, total_fda_steps=29844, accuracy=0.8055999875068665, train_accuracy=0.81875)
EpochMetrics(epoch=192, total_rounds=183, total_fda_steps=30000, accuracy=0.8215000033378601, train_accuracy=0.903125)
EpochMetrics(epoch=193, total_rounds=184, total_fda_steps=30157, accuracy=0.8131999969482422, train_accuracy=0.85)
EpochMetrics(epoch=194, total_rounds=186, total_fda_steps=30313, accuracy=0.8230999708175659, train_accuracy=0.915625)
EpochMetrics(epoch=195, total_rounds=187, total_fda_steps=30469, accuracy=0.8163999915122986, train_accuracy=0.896875)
EpochMetrics(epoch=196, total_rounds=188, total_fda_steps=30625, accuracy=0.8064000010490417, train_accuracy=0.828125)
EpochMetrics(epoch=197, total_rounds=190, total_fda_steps=30782, accuracy=0.8130999803543091, train_accuracy=0.8875)
EpochMetrics(epoch=198, total_rounds=191, total_fda_steps=30938, accuracy=0.8113999962806702, train_accuracy=0.86875)
EpochMetrics(epoch=199, total_rounds=193, total_fda_steps=31094, accuracy=0.816100001335144, train_accuracy=0.909375)
EpochMetrics(epoch=200, total_rounds=194, total_fda_steps=31250, accuracy=0.8165000081062317, train_accuracy=0.890625)
EpochMetrics(epoch=201, total_rounds=195, total_fda_steps=31407, accuracy=0.8130999803543091, train_accuracy=0.85)
EpochMetrics(epoch=202, total_rounds=197, total_fda_steps=31563, accuracy=0.8170999884605408, train_accuracy=0.921875)
EpochMetrics(epoch=203, total_rounds=198, total_fda_steps=31719, accuracy=0.8105999827384949, train_accuracy=0.871875)
EpochMetrics(epoch=204, total_rounds=200, total_fda_steps=31875, accuracy=0.8187000155448914, train_accuracy=0.94375)
EpochMetrics(epoch=205, total_rounds=201, total_fda_steps=32032, accuracy=0.8118000030517578, train_accuracy=0.865625)
EpochMetrics(epoch=206, total_rounds=202, total_fda_steps=32188, accuracy=0.8136000037193298, train_accuracy=0.7875)
EpochMetrics(epoch=207, total_rounds=204, total_fda_steps=32344, accuracy=0.8202000260353088, train_accuracy=0.88125)
EpochMetrics(epoch=208, total_rounds=205, total_fda_steps=32500, accuracy=0.8180000185966492, train_accuracy=0.8625)
EpochMetrics(epoch=209, total_rounds=207, total_fda_steps=32657, accuracy=0.8169000148773193, train_accuracy=0.9125)
EpochMetrics(epoch=210, total_rounds=208, total_fda_steps=32813, accuracy=0.8097000122070312, train_accuracy=0.878125)
EpochMetrics(epoch=211, total_rounds=210, total_fda_steps=32969, accuracy=0.8155999779701233, train_accuracy=0.91875)
EpochMetrics(epoch=212, total_rounds=211, total_fda_steps=33125, accuracy=0.8151000142097473, train_accuracy=0.9)
EpochMetrics(epoch=213, total_rounds=213, total_fda_steps=33282, accuracy=0.8119000196456909, train_accuracy=0.946875)
EpochMetrics(epoch=214, total_rounds=214, total_fda_steps=33438, accuracy=0.8149999976158142, train_accuracy=0.890625)
EpochMetrics(epoch=215, total_rounds=215, total_fda_steps=33594, accuracy=0.8166999816894531, train_accuracy=0.840625)
EpochMetrics(epoch=216, total_rounds=217, total_fda_steps=33750, accuracy=0.817799985408783, train_accuracy=0.934375)
EpochMetrics(epoch=217, total_rounds=218, total_fda_steps=33907, accuracy=0.8162999749183655, train_accuracy=0.828125)
EpochMetrics(epoch=218, total_rounds=220, total_fda_steps=34063, accuracy=0.8166000247001648, train_accuracy=0.88125)
EpochMetrics(epoch=219, total_rounds=221, total_fda_steps=34219, accuracy=0.8133000135421753, train_accuracy=0.828125)
EpochMetrics(epoch=220, total_rounds=223, total_fda_steps=34375, accuracy=0.8198999762535095, train_accuracy=0.91875)
EpochMetrics(epoch=221, total_rounds=224, total_fda_steps=34532, accuracy=0.8108999729156494, train_accuracy=0.8375)
EpochMetrics(epoch=222, total_rounds=226, total_fda_steps=34688, accuracy=0.8184000253677368, train_accuracy=0.9125)
EpochMetrics(epoch=223, total_rounds=227, total_fda_steps=34844, accuracy=0.8184000253677368, train_accuracy=0.840625)
EpochMetrics(epoch=224, total_rounds=229, total_fda_steps=35000, accuracy=0.8187000155448914, train_accuracy=0.928125)
EpochMetrics(epoch=225, total_rounds=230, total_fda_steps=35157, accuracy=0.8065000176429749, train_accuracy=0.834375)
EpochMetrics(epoch=226, total_rounds=232, total_fda_steps=35313, accuracy=0.8166000247001648, train_accuracy=0.89375)
EpochMetrics(epoch=227, total_rounds=233, total_fda_steps=35469, accuracy=0.8129000067710876, train_accuracy=0.86875)
EpochMetrics(epoch=228, total_rounds=235, total_fda_steps=35625, accuracy=0.8177000284194946, train_accuracy=0.90625)
EpochMetrics(epoch=229, total_rounds=236, total_fda_steps=35782, accuracy=0.8148999810218811, train_accuracy=0.853125)
EpochMetrics(epoch=230, total_rounds=238, total_fda_steps=35938, accuracy=0.8187999725341797, train_accuracy=0.925)
EpochMetrics(epoch=231, total_rounds=239, total_fda_steps=36094, accuracy=0.8188999891281128, train_accuracy=0.84375)
EpochMetrics(epoch=232, total_rounds=241, total_fda_steps=36250, accuracy=0.8123999834060669, train_accuracy=0.903125)
EpochMetrics(epoch=233, total_rounds=242, total_fda_steps=36407, accuracy=0.8109999895095825, train_accuracy=0.85625)
EpochMetrics(epoch=234, total_rounds=244, total_fda_steps=36563, accuracy=0.8156999945640564, train_accuracy=0.875)
EpochMetrics(epoch=235, total_rounds=245, total_fda_steps=36719, accuracy=0.8087000250816345, train_accuracy=0.8125)
EpochMetrics(epoch=236, total_rounds=247, total_fda_steps=36875, accuracy=0.8133999705314636, train_accuracy=0.925)
EpochMetrics(epoch=237, total_rounds=249, total_fda_steps=37032, accuracy=0.8149999976158142, train_accuracy=0.940625)
EpochMetrics(epoch=238, total_rounds=250, total_fda_steps=37188, accuracy=0.8101000189781189, train_accuracy=0.909375)
EpochMetrics(epoch=239, total_rounds=252, total_fda_steps=37344, accuracy=0.8151000142097473, train_accuracy=0.9125)
EpochMetrics(epoch=240, total_rounds=253, total_fda_steps=37500, accuracy=0.8185999989509583, train_accuracy=0.884375)
EpochMetrics(epoch=241, total_rounds=253, total_fda_steps=37657, accuracy=0.8203999996185303, train_accuracy=0.940625)
EpochMetrics(epoch=242, total_rounds=253, total_fda_steps=37813, accuracy=0.8228999972343445, train_accuracy=0.975)
EpochMetrics(epoch=243, total_rounds=253, total_fda_steps=37969, accuracy=0.8242999911308289, train_accuracy=0.9875)
EpochMetrics(epoch=244, total_rounds=253, total_fda_steps=38125, accuracy=0.8253999948501587, train_accuracy=0.978125)
EpochMetrics(epoch=245, total_rounds=253, total_fda_steps=38282, accuracy=0.8233000040054321, train_accuracy=0.978125)
EpochMetrics(epoch=246, total_rounds=253, total_fda_steps=38438, accuracy=0.8269000053405762, train_accuracy=0.996875)
EpochMetrics(epoch=247, total_rounds=253, total_fda_steps=38594, accuracy=0.82669997215271, train_accuracy=0.984375)
EpochMetrics(epoch=248, total_rounds=253, total_fda_steps=38750, accuracy=0.8258000016212463, train_accuracy=0.996875)
EpochMetrics(epoch=249, total_rounds=253, total_fda_steps=38907, accuracy=0.8270000219345093, train_accuracy=0.99375)
EpochMetrics(epoch=250, total_rounds=253, total_fda_steps=39063, accuracy=0.826200008392334, train_accuracy=0.996875)
EpochMetrics(epoch=251, total_rounds=253, total_fda_steps=39219, accuracy=0.8256999850273132, train_accuracy=0.996875)
EpochMetrics(epoch=252, total_rounds=253, total_fda_steps=39375, accuracy=0.8256000280380249, train_accuracy=1.0)
EpochMetrics(epoch=253, total_rounds=253, total_fda_steps=39532, accuracy=0.8267999887466431, train_accuracy=1.0)
EpochMetrics(epoch=254, total_rounds=253, total_fda_steps=39688, accuracy=0.8263000249862671, train_accuracy=1.0)
EpochMetrics(epoch=255, total_rounds=253, total_fda_steps=39844, accuracy=0.8263999819755554, train_accuracy=1.0)
EpochMetrics(epoch=256, total_rounds=253, total_fda_steps=40000, accuracy=0.8270000219345093, train_accuracy=0.996875)
EpochMetrics(epoch=257, total_rounds=253, total_fda_steps=40157, accuracy=0.8263999819755554, train_accuracy=1.0)
EpochMetrics(epoch=258, total_rounds=253, total_fda_steps=40313, accuracy=0.82669997215271, train_accuracy=1.0)
EpochMetrics(epoch=259, total_rounds=253, total_fda_steps=40469, accuracy=0.8270000219345093, train_accuracy=0.996875)
EpochMetrics(epoch=260, total_rounds=253, total_fda_steps=40625, accuracy=0.8263000249862671, train_accuracy=0.996875)
EpochMetrics(epoch=261, total_rounds=253, total_fda_steps=40782, accuracy=0.8274999856948853, train_accuracy=1.0)
EpochMetrics(epoch=262, total_rounds=253, total_fda_steps=40938, accuracy=0.826200008392334, train_accuracy=1.0)
EpochMetrics(epoch=263, total_rounds=253, total_fda_steps=41094, accuracy=0.8266000151634216, train_accuracy=1.0)
EpochMetrics(epoch=264, total_rounds=253, total_fda_steps=41250, accuracy=0.8274000287055969, train_accuracy=1.0)
EpochMetrics(epoch=265, total_rounds=253, total_fda_steps=41407, accuracy=0.8256000280380249, train_accuracy=1.0)
EpochMetrics(epoch=266, total_rounds=253, total_fda_steps=41563, accuracy=0.82669997215271, train_accuracy=1.0)
EpochMetrics(epoch=267, total_rounds=253, total_fda_steps=41719, accuracy=0.8269000053405762, train_accuracy=1.0)
EpochMetrics(epoch=268, total_rounds=253, total_fda_steps=41875, accuracy=0.8276000022888184, train_accuracy=0.996875)
EpochMetrics(epoch=269, total_rounds=253, total_fda_steps=42032, accuracy=0.8263000249862671, train_accuracy=1.0)
EpochMetrics(epoch=270, total_rounds=253, total_fda_steps=42188, accuracy=0.8277999758720398, train_accuracy=0.996875)
EpochMetrics(epoch=271, total_rounds=253, total_fda_steps=42344, accuracy=0.8277000188827515, train_accuracy=1.0)
EpochMetrics(epoch=272, total_rounds=253, total_fda_steps=42500, accuracy=0.8274000287055969, train_accuracy=0.996875)
EpochMetrics(epoch=273, total_rounds=253, total_fda_steps=42657, accuracy=0.8276000022888184, train_accuracy=1.0)
EpochMetrics(epoch=274, total_rounds=253, total_fda_steps=42813, accuracy=0.8274999856948853, train_accuracy=1.0)
EpochMetrics(epoch=275, total_rounds=253, total_fda_steps=42969, accuracy=0.8277999758720398, train_accuracy=0.996875)
EpochMetrics(epoch=276, total_rounds=253, total_fda_steps=43125, accuracy=0.8277000188827515, train_accuracy=1.0)
EpochMetrics(epoch=277, total_rounds=253, total_fda_steps=43282, accuracy=0.8273000121116638, train_accuracy=1.0)
EpochMetrics(epoch=278, total_rounds=253, total_fda_steps=43438, accuracy=0.8278999924659729, train_accuracy=1.0)
EpochMetrics(epoch=279, total_rounds=253, total_fda_steps=43594, accuracy=0.8267999887466431, train_accuracy=1.0)
EpochMetrics(epoch=280, total_rounds=253, total_fda_steps=43750, accuracy=0.8277999758720398, train_accuracy=1.0)
EpochMetrics(epoch=281, total_rounds=253, total_fda_steps=43907, accuracy=0.8274000287055969, train_accuracy=1.0)
EpochMetrics(epoch=282, total_rounds=253, total_fda_steps=44063, accuracy=0.8277999758720398, train_accuracy=1.0)
EpochMetrics(epoch=283, total_rounds=253, total_fda_steps=44219, accuracy=0.8277999758720398, train_accuracy=1.0)
EpochMetrics(epoch=284, total_rounds=253, total_fda_steps=44375, accuracy=0.8277000188827515, train_accuracy=0.99375)
EpochMetrics(epoch=285, total_rounds=253, total_fda_steps=44532, accuracy=0.8273000121116638, train_accuracy=1.0)
EpochMetrics(epoch=286, total_rounds=253, total_fda_steps=44688, accuracy=0.8273000121116638, train_accuracy=1.0)
EpochMetrics(epoch=287, total_rounds=253, total_fda_steps=44844, accuracy=0.8273000121116638, train_accuracy=1.0)
EpochMetrics(epoch=288, total_rounds=253, total_fda_steps=45000, accuracy=0.8276000022888184, train_accuracy=1.0)
EpochMetrics(epoch=289, total_rounds=253, total_fda_steps=45157, accuracy=0.8271999955177307, train_accuracy=1.0)
EpochMetrics(epoch=290, total_rounds=253, total_fda_steps=45313, accuracy=0.8274999856948853, train_accuracy=1.0)
EpochMetrics(epoch=291, total_rounds=253, total_fda_steps=45469, accuracy=0.8274000287055969, train_accuracy=1.0)
EpochMetrics(epoch=292, total_rounds=253, total_fda_steps=45625, accuracy=0.8277999758720398, train_accuracy=1.0)
EpochMetrics(epoch=293, total_rounds=253, total_fda_steps=45782, accuracy=0.8281000256538391, train_accuracy=0.996875)
EpochMetrics(epoch=294, total_rounds=253, total_fda_steps=45938, accuracy=0.8271999955177307, train_accuracy=1.0)
EpochMetrics(epoch=295, total_rounds=253, total_fda_steps=46094, accuracy=0.8274999856948853, train_accuracy=1.0)
EpochMetrics(epoch=296, total_rounds=253, total_fda_steps=46250, accuracy=0.8277999758720398, train_accuracy=1.0)
EpochMetrics(epoch=297, total_rounds=253, total_fda_steps=46407, accuracy=0.8274000287055969, train_accuracy=1.0)
EpochMetrics(epoch=298, total_rounds=253, total_fda_steps=46563, accuracy=0.8277000188827515, train_accuracy=1.0)
EpochMetrics(epoch=299, total_rounds=253, total_fda_steps=46719, accuracy=0.8274999856948853, train_accuracy=1.0)
EpochMetrics(epoch=300, total_rounds=253, total_fda_steps=46875, accuracy=0.8274000287055969, train_accuracy=1.0)

------------ Finished Testing : ------------
Dataset name : CIFAR10
Bias : None
Bench test : False
NN name : DenseNet201
FDA name : naive
Num Clients : 10
Batch size : 32
Num Epochs : 300
Number of steps until we check RTC : 1
Theta : 500.0
Aggr. Scheme : avg
Per-Layer training : False
Total simulation time: 96370.18056988716 sec
-----------------------------------------

