Num GPUs Available:  1

------------ Current Test : ------------
Dataset name : MNIST
Bias : None
Bench test : False
NN name : AdvancedCNN
FDA name : naive
Num Clients : 10
Batch size : 32
Num Epochs : 100
Number of steps until we check RTC : 1
Theta : 2.0
-----------------------------------------

EpochMetrics(epoch=1, total_rounds=35, total_fda_steps=188, accuracy=0.982699990272522)
EpochMetrics(epoch=2, total_rounds=63, total_fda_steps=375, accuracy=0.9886000156402588)
EpochMetrics(epoch=3, total_rounds=90, total_fda_steps=563, accuracy=0.9904000163078308)
EpochMetrics(epoch=4, total_rounds=116, total_fda_steps=750, accuracy=0.9932000041007996)
EpochMetrics(epoch=5, total_rounds=143, total_fda_steps=938, accuracy=0.9932000041007996)
EpochMetrics(epoch=6, total_rounds=170, total_fda_steps=1125, accuracy=0.9937000274658203)
EpochMetrics(epoch=7, total_rounds=195, total_fda_steps=1313, accuracy=0.993399977684021)
EpochMetrics(epoch=8, total_rounds=219, total_fda_steps=1500, accuracy=0.9945999979972839)
EpochMetrics(epoch=9, total_rounds=245, total_fda_steps=1688, accuracy=0.9939000010490417)
EpochMetrics(epoch=10, total_rounds=269, total_fda_steps=1875, accuracy=0.9939000010490417)
EpochMetrics(epoch=11, total_rounds=295, total_fda_steps=2063, accuracy=0.9937999844551086)
EpochMetrics(epoch=12, total_rounds=319, total_fda_steps=2250, accuracy=0.9939000010490417)
EpochMetrics(epoch=13, total_rounds=343, total_fda_steps=2438, accuracy=0.9939000010490417)
EpochMetrics(epoch=14, total_rounds=364, total_fda_steps=2625, accuracy=0.9943000078201294)
EpochMetrics(epoch=15, total_rounds=389, total_fda_steps=2813, accuracy=0.9944000244140625)
EpochMetrics(epoch=16, total_rounds=416, total_fda_steps=3000, accuracy=0.9941999912261963)
EpochMetrics(epoch=17, total_rounds=438, total_fda_steps=3188, accuracy=0.9947999715805054)
EpochMetrics(epoch=18, total_rounds=461, total_fda_steps=3375, accuracy=0.9934999942779541)
EpochMetrics(epoch=19, total_rounds=484, total_fda_steps=3563, accuracy=0.9937000274658203)
EpochMetrics(epoch=20, total_rounds=507, total_fda_steps=3750, accuracy=0.9947999715805054)
EpochMetrics(epoch=21, total_rounds=531, total_fda_steps=3938, accuracy=0.9940999746322632)
EpochMetrics(epoch=22, total_rounds=549, total_fda_steps=4125, accuracy=0.9944000244140625)
EpochMetrics(epoch=23, total_rounds=569, total_fda_steps=4313, accuracy=0.9926999807357788)
EpochMetrics(epoch=24, total_rounds=594, total_fda_steps=4500, accuracy=0.9944999814033508)
EpochMetrics(epoch=25, total_rounds=617, total_fda_steps=4688, accuracy=0.994700014591217)
EpochMetrics(epoch=26, total_rounds=638, total_fda_steps=4875, accuracy=0.9945999979972839)
EpochMetrics(epoch=27, total_rounds=656, total_fda_steps=5063, accuracy=0.9950000047683716)
EpochMetrics(epoch=28, total_rounds=681, total_fda_steps=5250, accuracy=0.9945999979972839)
EpochMetrics(epoch=29, total_rounds=705, total_fda_steps=5438, accuracy=0.9948999881744385)
EpochMetrics(epoch=30, total_rounds=726, total_fda_steps=5625, accuracy=0.9950000047683716)
EpochMetrics(epoch=31, total_rounds=748, total_fda_steps=5813, accuracy=0.9951000213623047)
EpochMetrics(epoch=32, total_rounds=768, total_fda_steps=6000, accuracy=0.9951000213623047)
EpochMetrics(epoch=33, total_rounds=791, total_fda_steps=6188, accuracy=0.9947999715805054)
EpochMetrics(epoch=34, total_rounds=815, total_fda_steps=6375, accuracy=0.994700014591217)
EpochMetrics(epoch=35, total_rounds=834, total_fda_steps=6563, accuracy=0.9947999715805054)
EpochMetrics(epoch=36, total_rounds=855, total_fda_steps=6750, accuracy=0.9950000047683716)
EpochMetrics(epoch=37, total_rounds=878, total_fda_steps=6938, accuracy=0.9952999949455261)
EpochMetrics(epoch=38, total_rounds=902, total_fda_steps=7125, accuracy=0.9944999814033508)
EpochMetrics(epoch=39, total_rounds=928, total_fda_steps=7313, accuracy=0.995199978351593)
EpochMetrics(epoch=40, total_rounds=956, total_fda_steps=7500, accuracy=0.9952999949455261)
EpochMetrics(epoch=41, total_rounds=978, total_fda_steps=7688, accuracy=0.9952999949455261)
EpochMetrics(epoch=42, total_rounds=1001, total_fda_steps=7875, accuracy=0.9957000017166138)
EpochMetrics(epoch=43, total_rounds=1024, total_fda_steps=8063, accuracy=0.9951000213623047)
EpochMetrics(epoch=44, total_rounds=1040, total_fda_steps=8250, accuracy=0.9954000115394592)
EpochMetrics(epoch=45, total_rounds=1062, total_fda_steps=8438, accuracy=0.9955000281333923)
EpochMetrics(epoch=46, total_rounds=1081, total_fda_steps=8625, accuracy=0.995199978351593)
EpochMetrics(epoch=47, total_rounds=1092, total_fda_steps=8813, accuracy=0.9954000115394592)
EpochMetrics(epoch=48, total_rounds=1103, total_fda_steps=9000, accuracy=0.9951000213623047)
EpochMetrics(epoch=49, total_rounds=1128, total_fda_steps=9188, accuracy=0.9948999881744385)
EpochMetrics(epoch=50, total_rounds=1151, total_fda_steps=9375, accuracy=0.9954000115394592)
EpochMetrics(epoch=51, total_rounds=1172, total_fda_steps=9563, accuracy=0.9952999949455261)
EpochMetrics(epoch=52, total_rounds=1195, total_fda_steps=9750, accuracy=0.9947999715805054)
EpochMetrics(epoch=53, total_rounds=1215, total_fda_steps=9938, accuracy=0.9940999746322632)
EpochMetrics(epoch=54, total_rounds=1248, total_fda_steps=10125, accuracy=0.9943000078201294)
EpochMetrics(epoch=55, total_rounds=1270, total_fda_steps=10313, accuracy=0.9948999881744385)
EpochMetrics(epoch=56, total_rounds=1296, total_fda_steps=10500, accuracy=0.994700014591217)
EpochMetrics(epoch=57, total_rounds=1313, total_fda_steps=10688, accuracy=0.994700014591217)
EpochMetrics(epoch=58, total_rounds=1328, total_fda_steps=10875, accuracy=0.9943000078201294)
EpochMetrics(epoch=59, total_rounds=1359, total_fda_steps=11063, accuracy=0.9940000176429749)
EpochMetrics(epoch=60, total_rounds=1379, total_fda_steps=11250, accuracy=0.9945999979972839)
EpochMetrics(epoch=61, total_rounds=1397, total_fda_steps=11438, accuracy=0.9945999979972839)
EpochMetrics(epoch=62, total_rounds=1413, total_fda_steps=11625, accuracy=0.9948999881744385)
EpochMetrics(epoch=63, total_rounds=1439, total_fda_steps=11813, accuracy=0.9944999814033508)
EpochMetrics(epoch=64, total_rounds=1455, total_fda_steps=12000, accuracy=0.9947999715805054)
EpochMetrics(epoch=65, total_rounds=1475, total_fda_steps=12188, accuracy=0.9952999949455261)
EpochMetrics(epoch=66, total_rounds=1494, total_fda_steps=12375, accuracy=0.9948999881744385)
EpochMetrics(epoch=67, total_rounds=1519, total_fda_steps=12563, accuracy=0.995199978351593)
EpochMetrics(epoch=68, total_rounds=1542, total_fda_steps=12750, accuracy=0.9955000281333923)
EpochMetrics(epoch=69, total_rounds=1565, total_fda_steps=12938, accuracy=0.9955999851226807)
EpochMetrics(epoch=70, total_rounds=1587, total_fda_steps=13125, accuracy=0.9945999979972839)
EpochMetrics(epoch=71, total_rounds=1608, total_fda_steps=13313, accuracy=0.995199978351593)
EpochMetrics(epoch=72, total_rounds=1631, total_fda_steps=13500, accuracy=0.9951000213623047)
EpochMetrics(epoch=73, total_rounds=1655, total_fda_steps=13688, accuracy=0.995199978351593)
EpochMetrics(epoch=74, total_rounds=1675, total_fda_steps=13875, accuracy=0.9944999814033508)
EpochMetrics(epoch=75, total_rounds=1686, total_fda_steps=14063, accuracy=0.9947999715805054)
EpochMetrics(epoch=76, total_rounds=1701, total_fda_steps=14250, accuracy=0.9951000213623047)
EpochMetrics(epoch=77, total_rounds=1723, total_fda_steps=14438, accuracy=0.994700014591217)
EpochMetrics(epoch=78, total_rounds=1745, total_fda_steps=14625, accuracy=0.9951000213623047)
EpochMetrics(epoch=79, total_rounds=1760, total_fda_steps=14813, accuracy=0.9957000017166138)
EpochMetrics(epoch=80, total_rounds=1777, total_fda_steps=15000, accuracy=0.9955000281333923)
EpochMetrics(epoch=81, total_rounds=1797, total_fda_steps=15188, accuracy=0.9944999814033508)
EpochMetrics(epoch=82, total_rounds=1818, total_fda_steps=15375, accuracy=0.9948999881744385)
EpochMetrics(epoch=83, total_rounds=1845, total_fda_steps=15563, accuracy=0.9947999715805054)
EpochMetrics(epoch=84, total_rounds=1867, total_fda_steps=15750, accuracy=0.9950000047683716)
EpochMetrics(epoch=85, total_rounds=1877, total_fda_steps=15938, accuracy=0.9945999979972839)
EpochMetrics(epoch=86, total_rounds=1899, total_fda_steps=16125, accuracy=0.9952999949455261)
EpochMetrics(epoch=87, total_rounds=1917, total_fda_steps=16313, accuracy=0.9951000213623047)
EpochMetrics(epoch=88, total_rounds=1948, total_fda_steps=16500, accuracy=0.9941999912261963)
EpochMetrics(epoch=89, total_rounds=1976, total_fda_steps=16688, accuracy=0.9944000244140625)
EpochMetrics(epoch=90, total_rounds=1992, total_fda_steps=16875, accuracy=0.9954000115394592)
EpochMetrics(epoch=91, total_rounds=2017, total_fda_steps=17063, accuracy=0.9948999881744385)
EpochMetrics(epoch=92, total_rounds=2041, total_fda_steps=17250, accuracy=0.9950000047683716)
EpochMetrics(epoch=93, total_rounds=2053, total_fda_steps=17438, accuracy=0.9966999888420105)
EpochMetrics(epoch=94, total_rounds=2066, total_fda_steps=17625, accuracy=0.9955000281333923)
EpochMetrics(epoch=95, total_rounds=2075, total_fda_steps=17813, accuracy=0.9955999851226807)
EpochMetrics(epoch=96, total_rounds=2100, total_fda_steps=18000, accuracy=0.9951000213623047)
EpochMetrics(epoch=97, total_rounds=2121, total_fda_steps=18188, accuracy=0.9955000281333923)
EpochMetrics(epoch=98, total_rounds=2135, total_fda_steps=18375, accuracy=0.9955999851226807)
EpochMetrics(epoch=99, total_rounds=2145, total_fda_steps=18563, accuracy=0.9954000115394592)
EpochMetrics(epoch=100, total_rounds=2157, total_fda_steps=18750, accuracy=0.9955000281333923)

------------ Finished Testing : ------------
Dataset name : MNIST
Bias : None
Bench test : False
NN name : AdvancedCNN
FDA name : naive
Num Clients : 10
Batch size : 32
Num Epochs : 100
Number of steps until we check RTC : 1
Theta : 2.0
Total simulation time: 18986.961220264435 sec
-----------------------------------------

