2023-08-31 13:11:47.415444: I tensorflow/stream_executor/platform/default/dso_loader.cc:49] Successfully opened dynamic library libcudart.so.10.1
2023-08-31 13:11:47.416530: I tensorflow/stream_executor/platform/default/dso_loader.cc:49] Successfully opened dynamic library libcudart.so.10.1
2023-08-31 13:11:47.415452: I tensorflow/stream_executor/platform/default/dso_loader.cc:49] Successfully opened dynamic library libcudart.so.10.1
2023-08-31 13:11:47.416534: I tensorflow/stream_executor/platform/default/dso_loader.cc:49] Successfully opened dynamic library libcudart.so.10.1
2023-08-31 13:11:47.460282: I tensorflow/stream_executor/platform/default/dso_loader.cc:49] Successfully opened dynamic library libcudart.so.10.1
2023-08-31 13:11:47.467607: I tensorflow/stream_executor/platform/default/dso_loader.cc:49] Successfully opened dynamic library libcudart.so.10.1
2023-08-31 13:11:47.469774: I tensorflow/stream_executor/platform/default/dso_loader.cc:49] Successfully opened dynamic library libcudart.so.10.1
2023-08-31 13:11:47.474700: I tensorflow/stream_executor/platform/default/dso_loader.cc:49] Successfully opened dynamic library libcudart.so.10.1
2023-08-31 13:11:47.460292: I tensorflow/stream_executor/platform/default/dso_loader.cc:49] Successfully opened dynamic library libcudart.so.10.1
2023-08-31 13:11:47.467613: I tensorflow/stream_executor/platform/default/dso_loader.cc:49] Successfully opened dynamic library libcudart.so.10.1
2023-08-31 13:11:47.469781: I tensorflow/stream_executor/platform/default/dso_loader.cc:49] Successfully opened dynamic library libcudart.so.10.1
2023-08-31 13:11:47.474711: I tensorflow/stream_executor/platform/default/dso_loader.cc:49] Successfully opened dynamic library libcudart.so.10.1
2023-08-31 13:12:25.576229: I tensorflow/stream_executor/platform/default/dso_loader.cc:49] Successfully opened dynamic library libcuda.so.1
2023-08-31 13:12:25.576232: I tensorflow/stream_executor/platform/default/dso_loader.cc:49] Successfully opened dynamic library libcuda.so.1
2023-08-31 13:12:25.576311: I tensorflow/stream_executor/platform/default/dso_loader.cc:49] Successfully opened dynamic library libcuda.so.1
2023-08-31 13:12:25.576313: I tensorflow/stream_executor/platform/default/dso_loader.cc:49] Successfully opened dynamic library libcuda.so.1
2023-08-31 13:12:25.577337: I tensorflow/stream_executor/platform/default/dso_loader.cc:49] Successfully opened dynamic library libcuda.so.1
2023-08-31 13:12:25.577341: I tensorflow/stream_executor/platform/default/dso_loader.cc:49] Successfully opened dynamic library libcuda.so.1
2023-08-31 13:12:25.576728: I tensorflow/stream_executor/platform/default/dso_loader.cc:49] Successfully opened dynamic library libcuda.so.1
2023-08-31 13:12:25.576728: I tensorflow/stream_executor/platform/default/dso_loader.cc:49] Successfully opened dynamic library libcuda.so.1
2023-08-31 13:12:25.579340: I tensorflow/stream_executor/platform/default/dso_loader.cc:49] Successfully opened dynamic library libcuda.so.1
2023-08-31 13:12:25.579344: I tensorflow/stream_executor/platform/default/dso_loader.cc:49] Successfully opened dynamic library libcuda.so.1
2023-08-31 13:12:25.579010: I tensorflow/stream_executor/platform/default/dso_loader.cc:49] Successfully opened dynamic library libcuda.so.1
2023-08-31 13:12:25.579008: I tensorflow/stream_executor/platform/default/dso_loader.cc:49] Successfully opened dynamic library libcuda.so.1
2023-08-31 13:12:25.764953: I tensorflow/core/common_runtime/gpu/gpu_device.cc:1720] Found device 0 with properties: 
pciBusID: 0000:04:00.0 name: Tesla K40m computeCapability: 3.5
coreClock: 0.8755GHz coreCount: 15 deviceMemorySize: 11.17GiB deviceMemoryBandwidth: 268.58GiB/s
2023-08-31 13:12:25.765063: I tensorflow/stream_executor/platform/default/dso_loader.cc:49] Successfully opened dynamic library libcudart.so.10.1
2023-08-31 13:12:25.764761: I tensorflow/core/common_runtime/gpu/gpu_device.cc:1720] Found device 0 with properties: 
pciBusID: 0000:04:00.0 name: Tesla K40m computeCapability: 3.5
coreClock: 0.8755GHz coreCount: 15 deviceMemorySize: 11.17GiB deviceMemoryBandwidth: 268.58GiB/s
2023-08-31 13:12:25.764866: I tensorflow/stream_executor/platform/default/dso_loader.cc:49] Successfully opened dynamic library libcudart.so.10.1
2023-08-31 13:12:25.769306: I tensorflow/core/common_runtime/gpu/gpu_device.cc:1720] Found device 0 with properties: 
pciBusID: 0000:04:00.0 name: Tesla K40m computeCapability: 3.5
coreClock: 0.8755GHz coreCount: 15 deviceMemorySize: 11.17GiB deviceMemoryBandwidth: 268.58GiB/s
2023-08-31 13:12:25.769410: I tensorflow/stream_executor/platform/default/dso_loader.cc:49] Successfully opened dynamic library libcudart.so.10.1
2023-08-31 13:12:25.774539: I tensorflow/core/common_runtime/gpu/gpu_device.cc:1720] Found device 0 with properties: 
pciBusID: 0000:82:00.0 name: Tesla K40m computeCapability: 3.5
coreClock: 0.8755GHz coreCount: 15 deviceMemorySize: 11.17GiB deviceMemoryBandwidth: 268.58GiB/s
2023-08-31 13:12:25.774636: I tensorflow/stream_executor/platform/default/dso_loader.cc:49] Successfully opened dynamic library libcudart.so.10.1
2023-08-31 13:12:25.777625: I tensorflow/core/common_runtime/gpu/gpu_device.cc:1720] Found device 0 with properties: 
pciBusID: 0000:04:00.0 name: Tesla K40m computeCapability: 3.5
coreClock: 0.8755GHz coreCount: 15 deviceMemorySize: 11.17GiB deviceMemoryBandwidth: 268.58GiB/s
2023-08-31 13:12:25.777724: I tensorflow/stream_executor/platform/default/dso_loader.cc:49] Successfully opened dynamic library libcudart.so.10.1
2023-08-31 13:12:25.779184: I tensorflow/core/common_runtime/gpu/gpu_device.cc:1720] Found device 0 with properties: 
pciBusID: 0000:82:00.0 name: Tesla K40m computeCapability: 3.5
coreClock: 0.8755GHz coreCount: 15 deviceMemorySize: 11.17GiB deviceMemoryBandwidth: 268.58GiB/s
2023-08-31 13:12:25.779225: I tensorflow/stream_executor/platform/default/dso_loader.cc:49] Successfully opened dynamic library libcudart.so.10.1
2023-08-31 13:12:25.778999: I tensorflow/core/common_runtime/gpu/gpu_device.cc:1720] Found device 0 with properties: 
pciBusID: 0000:82:00.0 name: Tesla K40m computeCapability: 3.5
coreClock: 0.8755GHz coreCount: 15 deviceMemorySize: 11.17GiB deviceMemoryBandwidth: 268.58GiB/s
2023-08-31 13:12:25.779036: I tensorflow/stream_executor/platform/default/dso_loader.cc:49] Successfully opened dynamic library libcudart.so.10.1
2023-08-31 13:12:25.785115: I tensorflow/core/common_runtime/gpu/gpu_device.cc:1720] Found device 0 with properties: 
pciBusID: 0000:82:00.0 name: Tesla K40m computeCapability: 3.5
coreClock: 0.8755GHz coreCount: 15 deviceMemorySize: 11.17GiB deviceMemoryBandwidth: 268.58GiB/s
2023-08-31 13:12:25.785159: I tensorflow/stream_executor/platform/default/dso_loader.cc:49] Successfully opened dynamic library libcudart.so.10.1
2023-08-31 13:12:25.785490: I tensorflow/core/common_runtime/gpu/gpu_device.cc:1720] Found device 0 with properties: 
pciBusID: 0000:82:00.0 name: Tesla K40m computeCapability: 3.5
coreClock: 0.8755GHz coreCount: 15 deviceMemorySize: 11.17GiB deviceMemoryBandwidth: 268.58GiB/s
2023-08-31 13:12:25.785561: I tensorflow/stream_executor/platform/default/dso_loader.cc:49] Successfully opened dynamic library libcudart.so.10.1
2023-08-31 13:12:25.788227: I tensorflow/core/common_runtime/gpu/gpu_device.cc:1720] Found device 0 with properties: 
pciBusID: 0000:04:00.0 name: Tesla K40m computeCapability: 3.5
coreClock: 0.8755GHz coreCount: 15 deviceMemorySize: 11.17GiB deviceMemoryBandwidth: 268.58GiB/s
2023-08-31 13:12:25.788259: I tensorflow/stream_executor/platform/default/dso_loader.cc:49] Successfully opened dynamic library libcudart.so.10.1
2023-08-31 13:12:25.790501: I tensorflow/core/common_runtime/gpu/gpu_device.cc:1720] Found device 0 with properties: 
pciBusID: 0000:04:00.0 name: Tesla K40m computeCapability: 3.5
coreClock: 0.8755GHz coreCount: 15 deviceMemorySize: 11.17GiB deviceMemoryBandwidth: 268.58GiB/s
2023-08-31 13:12:25.790609: I tensorflow/stream_executor/platform/default/dso_loader.cc:49] Successfully opened dynamic library libcudart.so.10.1
2023-08-31 13:12:25.798177: I tensorflow/core/common_runtime/gpu/gpu_device.cc:1720] Found device 0 with properties: 
pciBusID: 0000:82:00.0 name: Tesla K40m computeCapability: 3.5
coreClock: 0.8755GHz coreCount: 15 deviceMemorySize: 11.17GiB deviceMemoryBandwidth: 268.58GiB/s
2023-08-31 13:12:25.798210: I tensorflow/stream_executor/platform/default/dso_loader.cc:49] Successfully opened dynamic library libcudart.so.10.1
2023-08-31 13:12:25.988378: I tensorflow/stream_executor/platform/default/dso_loader.cc:49] Successfully opened dynamic library libcublas.so.10
2023-08-31 13:12:25.988386: I tensorflow/stream_executor/platform/default/dso_loader.cc:49] Successfully opened dynamic library libcublas.so.10
2023-08-31 13:12:25.988438: I tensorflow/stream_executor/platform/default/dso_loader.cc:49] Successfully opened dynamic library libcublasLt.so.10
2023-08-31 13:12:25.988470: I tensorflow/stream_executor/platform/default/dso_loader.cc:49] Successfully opened dynamic library libcublasLt.so.10
2023-08-31 13:12:25.993836: I tensorflow/stream_executor/platform/default/dso_loader.cc:49] Successfully opened dynamic library libcublas.so.10
2023-08-31 13:12:25.993841: I tensorflow/stream_executor/platform/default/dso_loader.cc:49] Successfully opened dynamic library libcublas.so.10
2023-08-31 13:12:25.993893: I tensorflow/stream_executor/platform/default/dso_loader.cc:49] Successfully opened dynamic library libcublasLt.so.10
2023-08-31 13:12:25.993935: I tensorflow/stream_executor/platform/default/dso_loader.cc:49] Successfully opened dynamic library libcublasLt.so.10
2023-08-31 13:12:25.994241: I tensorflow/stream_executor/platform/default/dso_loader.cc:49] Successfully opened dynamic library libcublas.so.10
2023-08-31 13:12:25.994238: I tensorflow/stream_executor/platform/default/dso_loader.cc:49] Successfully opened dynamic library libcublas.so.10
2023-08-31 13:12:25.994339: I tensorflow/stream_executor/platform/default/dso_loader.cc:49] Successfully opened dynamic library libcublasLt.so.10
2023-08-31 13:12:25.994334: I tensorflow/stream_executor/platform/default/dso_loader.cc:49] Successfully opened dynamic library libcublasLt.so.10
2023-08-31 13:12:25.999825: I tensorflow/stream_executor/platform/default/dso_loader.cc:49] Successfully opened dynamic library libcublas.so.10
2023-08-31 13:12:25.999824: I tensorflow/stream_executor/platform/default/dso_loader.cc:49] Successfully opened dynamic library libcublas.so.10
2023-08-31 13:12:25.999929: I tensorflow/stream_executor/platform/default/dso_loader.cc:49] Successfully opened dynamic library libcublasLt.so.10
2023-08-31 13:12:25.999919: I tensorflow/stream_executor/platform/default/dso_loader.cc:49] Successfully opened dynamic library libcublasLt.so.10
2023-08-31 13:12:26.001713: I tensorflow/stream_executor/platform/default/dso_loader.cc:49] Successfully opened dynamic library libcublas.so.10
2023-08-31 13:12:26.001707: I tensorflow/stream_executor/platform/default/dso_loader.cc:49] Successfully opened dynamic library libcublas.so.10
2023-08-31 13:12:26.001804: I tensorflow/stream_executor/platform/default/dso_loader.cc:49] Successfully opened dynamic library libcublasLt.so.10
2023-08-31 13:12:26.001802: I tensorflow/stream_executor/platform/default/dso_loader.cc:49] Successfully opened dynamic library libcublasLt.so.10
2023-08-31 13:12:26.005181: I tensorflow/stream_executor/platform/default/dso_loader.cc:49] Successfully opened dynamic library libcublas.so.10
2023-08-31 13:12:26.005169: I tensorflow/stream_executor/platform/default/dso_loader.cc:49] Successfully opened dynamic library libcublas.so.10
2023-08-31 13:12:26.005263: I tensorflow/stream_executor/platform/default/dso_loader.cc:49] Successfully opened dynamic library libcublasLt.so.10
2023-08-31 13:12:26.005278: I tensorflow/stream_executor/platform/default/dso_loader.cc:49] Successfully opened dynamic library libcublasLt.so.10
2023-08-31 13:12:26.120547: I tensorflow/stream_executor/platform/default/dso_loader.cc:49] Successfully opened dynamic library libcufft.so.10
2023-08-31 13:12:26.120546: I tensorflow/stream_executor/platform/default/dso_loader.cc:49] Successfully opened dynamic library libcufft.so.10
2023-08-31 13:12:26.120347: I tensorflow/stream_executor/platform/default/dso_loader.cc:49] Successfully opened dynamic library libcufft.so.10
2023-08-31 13:12:26.120348: I tensorflow/stream_executor/platform/default/dso_loader.cc:49] Successfully opened dynamic library libcufft.so.10
2023-08-31 13:12:26.121709: I tensorflow/stream_executor/platform/default/dso_loader.cc:49] Successfully opened dynamic library libcufft.so.10
2023-08-31 13:12:26.121729: I tensorflow/stream_executor/platform/default/dso_loader.cc:49] Successfully opened dynamic library libcufft.so.10
2023-08-31 13:12:26.124813: I tensorflow/stream_executor/platform/default/dso_loader.cc:49] Successfully opened dynamic library libcufft.so.10
2023-08-31 13:12:26.124820: I tensorflow/stream_executor/platform/default/dso_loader.cc:49] Successfully opened dynamic library libcufft.so.10
2023-08-31 13:12:26.128439: I tensorflow/stream_executor/platform/default/dso_loader.cc:49] Successfully opened dynamic library libcufft.so.10
2023-08-31 13:12:26.128446: I tensorflow/stream_executor/platform/default/dso_loader.cc:49] Successfully opened dynamic library libcufft.so.10
2023-08-31 13:12:26.130203: I tensorflow/stream_executor/platform/default/dso_loader.cc:49] Successfully opened dynamic library libcufft.so.10
2023-08-31 13:12:26.130212: I tensorflow/stream_executor/platform/default/dso_loader.cc:49] Successfully opened dynamic library libcufft.so.10
2023-08-31 13:12:26.229526: I tensorflow/stream_executor/platform/default/dso_loader.cc:49] Successfully opened dynamic library libcurand.so.10
2023-08-31 13:12:26.227360: I tensorflow/stream_executor/platform/default/dso_loader.cc:49] Successfully opened dynamic library libcurand.so.10
2023-08-31 13:12:26.229898: I tensorflow/stream_executor/platform/default/dso_loader.cc:49] Successfully opened dynamic library libcurand.so.10
2023-08-31 13:12:26.227754: I tensorflow/stream_executor/platform/default/dso_loader.cc:49] Successfully opened dynamic library libcurand.so.10
2023-08-31 13:12:26.258122: I tensorflow/stream_executor/platform/default/dso_loader.cc:49] Successfully opened dynamic library libcurand.so.10
2023-08-31 13:12:26.258141: I tensorflow/stream_executor/platform/default/dso_loader.cc:49] Successfully opened dynamic library libcurand.so.10
2023-08-31 13:12:26.259576: I tensorflow/stream_executor/platform/default/dso_loader.cc:49] Successfully opened dynamic library libcurand.so.10
2023-08-31 13:12:26.259581: I tensorflow/stream_executor/platform/default/dso_loader.cc:49] Successfully opened dynamic library libcurand.so.10
2023-08-31 13:12:26.259324: I tensorflow/stream_executor/platform/default/dso_loader.cc:49] Successfully opened dynamic library libcurand.so.10
2023-08-31 13:12:26.259329: I tensorflow/stream_executor/platform/default/dso_loader.cc:49] Successfully opened dynamic library libcurand.so.10
2023-08-31 13:12:26.260020: I tensorflow/stream_executor/platform/default/dso_loader.cc:49] Successfully opened dynamic library libcurand.so.10
2023-08-31 13:12:26.260337: I tensorflow/stream_executor/platform/default/dso_loader.cc:49] Successfully opened dynamic library libcurand.so.10
2023-08-31 13:12:26.430091: I tensorflow/stream_executor/platform/default/dso_loader.cc:49] Successfully opened dynamic library libcusolver.so.10
2023-08-31 13:12:26.430426: I tensorflow/stream_executor/platform/default/dso_loader.cc:49] Successfully opened dynamic library libcusolver.so.10
2023-08-31 13:12:26.430091: I tensorflow/stream_executor/platform/default/dso_loader.cc:49] Successfully opened dynamic library libcusolver.so.10
2023-08-31 13:12:26.430433: I tensorflow/stream_executor/platform/default/dso_loader.cc:49] Successfully opened dynamic library libcusolver.so.10
2023-08-31 13:12:26.431730: I tensorflow/stream_executor/platform/default/dso_loader.cc:49] Successfully opened dynamic library libcusolver.so.10
2023-08-31 13:12:26.431739: I tensorflow/stream_executor/platform/default/dso_loader.cc:49] Successfully opened dynamic library libcusolver.so.10
2023-08-31 13:12:26.438739: I tensorflow/stream_executor/platform/default/dso_loader.cc:49] Successfully opened dynamic library libcusolver.so.10
2023-08-31 13:12:26.438740: I tensorflow/stream_executor/platform/default/dso_loader.cc:49] Successfully opened dynamic library libcusolver.so.10
2023-08-31 13:12:26.438401: I tensorflow/stream_executor/platform/default/dso_loader.cc:49] Successfully opened dynamic library libcusolver.so.10
2023-08-31 13:12:26.438409: I tensorflow/stream_executor/platform/default/dso_loader.cc:49] Successfully opened dynamic library libcusolver.so.10
2023-08-31 13:12:26.449521: I tensorflow/stream_executor/platform/default/dso_loader.cc:49] Successfully opened dynamic library libcusolver.so.10
2023-08-31 13:12:26.449518: I tensorflow/stream_executor/platform/default/dso_loader.cc:49] Successfully opened dynamic library libcusolver.so.10
2023-08-31 13:12:26.514553: I tensorflow/stream_executor/platform/default/dso_loader.cc:49] Successfully opened dynamic library libcusparse.so.10
2023-08-31 13:12:26.514691: I tensorflow/stream_executor/platform/default/dso_loader.cc:49] Successfully opened dynamic library libcusparse.so.10
2023-08-31 13:12:26.514144: I tensorflow/stream_executor/platform/default/dso_loader.cc:49] Successfully opened dynamic library libcusparse.so.10
2023-08-31 13:12:26.514152: I tensorflow/stream_executor/platform/default/dso_loader.cc:49] Successfully opened dynamic library libcusparse.so.10
2023-08-31 13:12:26.516688: I tensorflow/stream_executor/platform/default/dso_loader.cc:49] Successfully opened dynamic library libcusparse.so.10
2023-08-31 13:12:26.516695: I tensorflow/stream_executor/platform/default/dso_loader.cc:49] Successfully opened dynamic library libcusparse.so.10
2023-08-31 13:12:26.514371: I tensorflow/stream_executor/platform/default/dso_loader.cc:49] Successfully opened dynamic library libcusparse.so.10
2023-08-31 13:12:26.514365: I tensorflow/stream_executor/platform/default/dso_loader.cc:49] Successfully opened dynamic library libcusparse.so.10
2023-08-31 13:12:26.516380: I tensorflow/stream_executor/platform/default/dso_loader.cc:49] Successfully opened dynamic library libcusparse.so.10
2023-08-31 13:12:26.516375: I tensorflow/stream_executor/platform/default/dso_loader.cc:49] Successfully opened dynamic library libcusparse.so.10
2023-08-31 13:12:26.515750: I tensorflow/stream_executor/platform/default/dso_loader.cc:49] Successfully opened dynamic library libcusparse.so.10
2023-08-31 13:12:26.515754: I tensorflow/stream_executor/platform/default/dso_loader.cc:49] Successfully opened dynamic library libcusparse.so.10
2023-08-31 13:12:26.802492: I tensorflow/stream_executor/platform/default/dso_loader.cc:49] Successfully opened dynamic library libcudnn.so.7
2023-08-31 13:12:26.802498: I tensorflow/stream_executor/platform/default/dso_loader.cc:49] Successfully opened dynamic library libcudnn.so.7
2023-08-31 13:12:26.805444: I tensorflow/stream_executor/platform/default/dso_loader.cc:49] Successfully opened dynamic library libcudnn.so.7
2023-08-31 13:12:26.805451: I tensorflow/stream_executor/platform/default/dso_loader.cc:49] Successfully opened dynamic library libcudnn.so.7
2023-08-31 13:12:26.804452: I tensorflow/stream_executor/platform/default/dso_loader.cc:49] Successfully opened dynamic library libcudnn.so.7
2023-08-31 13:12:26.804460: I tensorflow/stream_executor/platform/default/dso_loader.cc:49] Successfully opened dynamic library libcudnn.so.7
2023-08-31 13:12:26.810472: I tensorflow/core/common_runtime/gpu/gpu_device.cc:1862] Adding visible gpu devices: 0
2023-08-31 13:12:26.810602: I tensorflow/core/common_runtime/gpu/gpu_device.cc:1862] Adding visible gpu devices: 0
2023-08-31 13:12:26.809439: I tensorflow/core/common_runtime/gpu/gpu_device.cc:1862] Adding visible gpu devices: 0
2023-08-31 13:12:26.809789: I tensorflow/core/common_runtime/gpu/gpu_device.cc:1862] Adding visible gpu devices: 0
2023-08-31 13:12:26.809484: I tensorflow/stream_executor/platform/default/dso_loader.cc:49] Successfully opened dynamic library libcudnn.so.7
2023-08-31 13:12:26.809486: I tensorflow/stream_executor/platform/default/dso_loader.cc:49] Successfully opened dynamic library libcudnn.so.7
2023-08-31 13:12:26.811067: I tensorflow/core/common_runtime/gpu/gpu_device.cc:1862] Adding visible gpu devices: 0
2023-08-31 13:12:26.811552: I tensorflow/core/common_runtime/gpu/gpu_device.cc:1862] Adding visible gpu devices: 0
2023-08-31 13:12:26.815631: I tensorflow/stream_executor/platform/default/dso_loader.cc:49] Successfully opened dynamic library libcudnn.so.7
2023-08-31 13:12:26.815643: I tensorflow/stream_executor/platform/default/dso_loader.cc:49] Successfully opened dynamic library libcudnn.so.7
2023-08-31 13:12:26.814361: I tensorflow/stream_executor/platform/default/dso_loader.cc:49] Successfully opened dynamic library libcudnn.so.7
2023-08-31 13:12:26.814365: I tensorflow/stream_executor/platform/default/dso_loader.cc:49] Successfully opened dynamic library libcudnn.so.7
2023-08-31 13:12:26.818535: I tensorflow/core/common_runtime/gpu/gpu_device.cc:1862] Adding visible gpu devices: 0
2023-08-31 13:12:26.818734: I tensorflow/core/common_runtime/gpu/gpu_device.cc:1862] Adding visible gpu devices: 0
2023-08-31 13:12:26.824848: I tensorflow/core/common_runtime/gpu/gpu_device.cc:1862] Adding visible gpu devices: 0
2023-08-31 13:12:26.823558: I tensorflow/core/common_runtime/gpu/gpu_device.cc:1862] Adding visible gpu devices: 0
2023-08-31 13:12:26.824968: I tensorflow/core/common_runtime/gpu/gpu_device.cc:1862] Adding visible gpu devices: 0
2023-08-31 13:12:26.823669: I tensorflow/core/common_runtime/gpu/gpu_device.cc:1862] Adding visible gpu devices: 0
2023-08-31 13:12:27.456258: I tensorflow/core/platform/cpu_feature_guard.cc:142] This TensorFlow binary is optimized with oneAPI Deep Neural Network Library (oneDNN) to use the following CPU instructions in performance-critical operations:  SSE3 SSE4.1 SSE4.2 AVX AVX2 FMA
To enable them in other operations, rebuild TensorFlow with the appropriate compiler flags.
2023-08-31 13:12:27.458920: I tensorflow/core/platform/cpu_feature_guard.cc:142] This TensorFlow binary is optimized with oneAPI Deep Neural Network Library (oneDNN) to use the following CPU instructions in performance-critical operations:  SSE3 SSE4.1 SSE4.2 AVX AVX2 FMA
To enable them in other operations, rebuild TensorFlow with the appropriate compiler flags.
2023-08-31 13:12:27.459624: I tensorflow/core/platform/cpu_feature_guard.cc:142] This TensorFlow binary is optimized with oneAPI Deep Neural Network Library (oneDNN) to use the following CPU instructions in performance-critical operations:  SSE3 SSE4.1 SSE4.2 AVX AVX2 FMA
To enable them in other operations, rebuild TensorFlow with the appropriate compiler flags.
2023-08-31 13:12:27.461593: I tensorflow/core/platform/cpu_feature_guard.cc:142] This TensorFlow binary is optimized with oneAPI Deep Neural Network Library (oneDNN) to use the following CPU instructions in performance-critical operations:  SSE3 SSE4.1 SSE4.2 AVX AVX2 FMA
To enable them in other operations, rebuild TensorFlow with the appropriate compiler flags.
2023-08-31 13:12:27.461589: I tensorflow/core/platform/cpu_feature_guard.cc:142] This TensorFlow binary is optimized with oneAPI Deep Neural Network Library (oneDNN) to use the following CPU instructions in performance-critical operations:  SSE3 SSE4.1 SSE4.2 AVX AVX2 FMA
To enable them in other operations, rebuild TensorFlow with the appropriate compiler flags.
2023-08-31 13:12:27.463600: I tensorflow/core/platform/cpu_feature_guard.cc:142] This TensorFlow binary is optimized with oneAPI Deep Neural Network Library (oneDNN) to use the following CPU instructions in performance-critical operations:  SSE3 SSE4.1 SSE4.2 AVX AVX2 FMA
To enable them in other operations, rebuild TensorFlow with the appropriate compiler flags.
2023-08-31 13:12:27.462603: I tensorflow/core/platform/cpu_feature_guard.cc:142] This TensorFlow binary is optimized with oneAPI Deep Neural Network Library (oneDNN) to use the following CPU instructions in performance-critical operations:  SSE3 SSE4.1 SSE4.2 AVX AVX2 FMA
To enable them in other operations, rebuild TensorFlow with the appropriate compiler flags.
2023-08-31 13:12:27.464892: I tensorflow/core/platform/cpu_feature_guard.cc:142] This TensorFlow binary is optimized with oneAPI Deep Neural Network Library (oneDNN) to use the following CPU instructions in performance-critical operations:  SSE3 SSE4.1 SSE4.2 AVX AVX2 FMA
To enable them in other operations, rebuild TensorFlow with the appropriate compiler flags.
2023-08-31 13:12:27.467815: I tensorflow/core/platform/cpu_feature_guard.cc:142] This TensorFlow binary is optimized with oneAPI Deep Neural Network Library (oneDNN) to use the following CPU instructions in performance-critical operations:  SSE3 SSE4.1 SSE4.2 AVX AVX2 FMA
To enable them in other operations, rebuild TensorFlow with the appropriate compiler flags.
2023-08-31 13:12:27.466586: I tensorflow/core/platform/cpu_feature_guard.cc:142] This TensorFlow binary is optimized with oneAPI Deep Neural Network Library (oneDNN) to use the following CPU instructions in performance-critical operations:  SSE3 SSE4.1 SSE4.2 AVX AVX2 FMA
To enable them in other operations, rebuild TensorFlow with the appropriate compiler flags.
2023-08-31 13:12:27.466584: I tensorflow/core/platform/cpu_feature_guard.cc:142] This TensorFlow binary is optimized with oneAPI Deep Neural Network Library (oneDNN) to use the following CPU instructions in performance-critical operations:  SSE3 SSE4.1 SSE4.2 AVX AVX2 FMA
To enable them in other operations, rebuild TensorFlow with the appropriate compiler flags.
2023-08-31 13:12:27.474585: I tensorflow/core/platform/cpu_feature_guard.cc:142] This TensorFlow binary is optimized with oneAPI Deep Neural Network Library (oneDNN) to use the following CPU instructions in performance-critical operations:  SSE3 SSE4.1 SSE4.2 AVX AVX2 FMA
To enable them in other operations, rebuild TensorFlow with the appropriate compiler flags.
2023-08-31 13:12:27.473436: I tensorflow/core/platform/profile_utils/cpu_utils.cc:112] CPU Frequency: 2600130000 Hz
2023-08-31 13:12:27.474464: I tensorflow/core/platform/profile_utils/cpu_utils.cc:112] CPU Frequency: 2599935000 Hz
2023-08-31 13:12:27.474590: I tensorflow/core/platform/profile_utils/cpu_utils.cc:112] CPU Frequency: 2599935000 Hz
2023-08-31 13:12:27.476134: I tensorflow/compiler/xla/service/service.cc:168] XLA service 0x4e5cc70 initialized for platform Host (this does not guarantee that XLA will be used). Devices:
2023-08-31 13:12:27.476152: I tensorflow/compiler/xla/service/service.cc:176]   StreamExecutor device (0): Host, Default Version
2023-08-31 13:12:27.478868: I tensorflow/core/platform/profile_utils/cpu_utils.cc:112] CPU Frequency: 2600195000 Hz
2023-08-31 13:12:27.477249: I tensorflow/compiler/xla/service/service.cc:168] XLA service 0x4aa3bb0 initialized for platform Host (this does not guarantee that XLA will be used). Devices:
2023-08-31 13:12:27.477270: I tensorflow/compiler/xla/service/service.cc:176]   StreamExecutor device (0): Host, Default Version
2023-08-31 13:12:27.477560: I tensorflow/compiler/xla/service/service.cc:168] XLA service 0x5038cd0 initialized for platform Host (this does not guarantee that XLA will be used). Devices:
2023-08-31 13:12:27.477579: I tensorflow/compiler/xla/service/service.cc:176]   StreamExecutor device (0): Host, Default Version
2023-08-31 13:12:27.478564: I tensorflow/core/platform/profile_utils/cpu_utils.cc:112] CPU Frequency: 2599855000 Hz
2023-08-31 13:12:27.478688: I tensorflow/core/platform/profile_utils/cpu_utils.cc:112] CPU Frequency: 2599855000 Hz
2023-08-31 13:12:27.478536: I tensorflow/core/platform/profile_utils/cpu_utils.cc:112] CPU Frequency: 2600130000 Hz
2023-08-31 13:12:27.481476: I tensorflow/compiler/xla/service/service.cc:168] XLA service 0x520cca0 initialized for platform Host (this does not guarantee that XLA will be used). Devices:
2023-08-31 13:12:27.481494: I tensorflow/compiler/xla/service/service.cc:176]   StreamExecutor device (0): Host, Default Version
2023-08-31 13:12:27.483561: I tensorflow/core/platform/profile_utils/cpu_utils.cc:112] CPU Frequency: 2600015000 Hz
2023-08-31 13:12:27.481593: I tensorflow/compiler/xla/service/service.cc:168] XLA service 0x524aca0 initialized for platform Host (this does not guarantee that XLA will be used). Devices:
2023-08-31 13:12:27.481630: I tensorflow/compiler/xla/service/service.cc:176]   StreamExecutor device (0): Host, Default Version
2023-08-31 13:12:27.482484: I tensorflow/core/platform/profile_utils/cpu_utils.cc:112] CPU Frequency: 2599775000 Hz
2023-08-31 13:12:27.481933: I tensorflow/compiler/xla/service/service.cc:168] XLA service 0x4529c70 initialized for platform Host (this does not guarantee that XLA will be used). Devices:
2023-08-31 13:12:27.481970: I tensorflow/compiler/xla/service/service.cc:176]   StreamExecutor device (0): Host, Default Version
2023-08-31 13:12:27.483763: I tensorflow/core/platform/profile_utils/cpu_utils.cc:112] CPU Frequency: 2600195000 Hz
2023-08-31 13:12:27.482419: I tensorflow/compiler/xla/service/service.cc:168] XLA service 0x4b56c60 initialized for platform Host (this does not guarantee that XLA will be used). Devices:
2023-08-31 13:12:27.482458: I tensorflow/compiler/xla/service/service.cc:176]   StreamExecutor device (0): Host, Default Version
2023-08-31 13:12:27.486673: I tensorflow/compiler/xla/service/service.cc:168] XLA service 0x456dc80 initialized for platform Host (this does not guarantee that XLA will be used). Devices:
2023-08-31 13:12:27.486690: I tensorflow/compiler/xla/service/service.cc:176]   StreamExecutor device (0): Host, Default Version
2023-08-31 13:12:27.486217: I tensorflow/compiler/xla/service/service.cc:168] XLA service 0x4b4cc70 initialized for platform Host (this does not guarantee that XLA will be used). Devices:
2023-08-31 13:12:27.486239: I tensorflow/compiler/xla/service/service.cc:176]   StreamExecutor device (0): Host, Default Version
2023-08-31 13:12:27.485721: I tensorflow/compiler/xla/service/service.cc:168] XLA service 0x4e7fc50 initialized for platform Host (this does not guarantee that XLA will be used). Devices:
2023-08-31 13:12:27.485747: I tensorflow/compiler/xla/service/service.cc:176]   StreamExecutor device (0): Host, Default Version
2023-08-31 13:12:27.488318: I tensorflow/core/platform/profile_utils/cpu_utils.cc:112] CPU Frequency: 2600015000 Hz
2023-08-31 13:12:27.489035: I tensorflow/core/platform/profile_utils/cpu_utils.cc:112] CPU Frequency: 2599775000 Hz
2023-08-31 13:12:27.490828: I tensorflow/compiler/xla/service/service.cc:168] XLA service 0x4b8dc90 initialized for platform Host (this does not guarantee that XLA will be used). Devices:
2023-08-31 13:12:27.490846: I tensorflow/compiler/xla/service/service.cc:176]   StreamExecutor device (0): Host, Default Version
2023-08-31 13:12:27.491670: I tensorflow/compiler/xla/service/service.cc:168] XLA service 0x51d3c50 initialized for platform Host (this does not guarantee that XLA will be used). Devices:
2023-08-31 13:12:27.491689: I tensorflow/compiler/xla/service/service.cc:176]   StreamExecutor device (0): Host, Default Version
2023-08-31 13:12:27.637726: I tensorflow/compiler/xla/service/service.cc:168] XLA service 0x4b17d10 initialized for platform CUDA (this does not guarantee that XLA will be used). Devices:
2023-08-31 13:12:27.637768: I tensorflow/compiler/xla/service/service.cc:176]   StreamExecutor device (0): Tesla K40m, Compute Capability 3.5
2023-08-31 13:12:27.641911: I tensorflow/compiler/xla/service/service.cc:168] XLA service 0x5280e00 initialized for platform CUDA (this does not guarantee that XLA will be used). Devices:
2023-08-31 13:12:27.641937: I tensorflow/compiler/xla/service/service.cc:176]   StreamExecutor device (0): Tesla K40m, Compute Capability 3.5
2023-08-31 13:12:27.641869: I tensorflow/compiler/xla/service/service.cc:168] XLA service 0x50ace30 initialized for platform CUDA (this does not guarantee that XLA will be used). Devices:
2023-08-31 13:12:27.641897: I tensorflow/compiler/xla/service/service.cc:176]   StreamExecutor device (0): Tesla K40m, Compute Capability 3.5
2023-08-31 13:12:27.645569: I tensorflow/compiler/xla/service/service.cc:168] XLA service 0x45e1de0 initialized for platform CUDA (this does not guarantee that XLA will be used). Devices:
2023-08-31 13:12:27.645608: I tensorflow/compiler/xla/service/service.cc:176]   StreamExecutor device (0): Tesla K40m, Compute Capability 3.5
2023-08-31 13:12:27.645554: I tensorflow/compiler/xla/service/service.cc:168] XLA service 0x4c01df0 initialized for platform CUDA (this does not guarantee that XLA will be used). Devices:
2023-08-31 13:12:27.645609: I tensorflow/compiler/xla/service/service.cc:176]   StreamExecutor device (0): Tesla K40m, Compute Capability 3.5
2023-08-31 13:12:27.646521: I tensorflow/compiler/xla/service/service.cc:168] XLA service 0x4bc0dd0 initialized for platform CUDA (this does not guarantee that XLA will be used). Devices:
2023-08-31 13:12:27.646561: I tensorflow/compiler/xla/service/service.cc:176]   StreamExecutor device (0): Tesla K40m, Compute Capability 3.5
2023-08-31 13:12:27.648192: I tensorflow/compiler/xla/service/service.cc:168] XLA service 0x4bcadc0 initialized for platform CUDA (this does not guarantee that XLA will be used). Devices:
2023-08-31 13:12:27.648233: I tensorflow/compiler/xla/service/service.cc:176]   StreamExecutor device (0): Tesla K40m, Compute Capability 3.5
2023-08-31 13:12:27.648231: I tensorflow/compiler/xla/service/service.cc:168] XLA service 0x459ddd0 initialized for platform CUDA (this does not guarantee that XLA will be used). Devices:
2023-08-31 13:12:27.648271: I tensorflow/compiler/xla/service/service.cc:176]   StreamExecutor device (0): Tesla K40m, Compute Capability 3.5
2023-08-31 13:12:27.651458: I tensorflow/compiler/xla/service/service.cc:168] XLA service 0x4ed0dd0 initialized for platform CUDA (this does not guarantee that XLA will be used). Devices:
2023-08-31 13:12:27.651492: I tensorflow/compiler/xla/service/service.cc:176]   StreamExecutor device (0): Tesla K40m, Compute Capability 3.5
2023-08-31 13:12:27.651468: I tensorflow/compiler/xla/service/service.cc:168] XLA service 0x52bee00 initialized for platform CUDA (this does not guarantee that XLA will be used). Devices:
2023-08-31 13:12:27.651504: I tensorflow/compiler/xla/service/service.cc:176]   StreamExecutor device (0): Tesla K40m, Compute Capability 3.5
2023-08-31 13:12:27.654339: I tensorflow/compiler/xla/service/service.cc:168] XLA service 0x5247db0 initialized for platform CUDA (this does not guarantee that XLA will be used). Devices:
2023-08-31 13:12:27.654388: I tensorflow/compiler/xla/service/service.cc:176]   StreamExecutor device (0): Tesla K40m, Compute Capability 3.5
2023-08-31 13:12:27.654430: I tensorflow/compiler/xla/service/service.cc:168] XLA service 0x4ef3db0 initialized for platform CUDA (this does not guarantee that XLA will be used). Devices:
2023-08-31 13:12:27.654479: I tensorflow/compiler/xla/service/service.cc:176]   StreamExecutor device (0): Tesla K40m, Compute Capability 3.5
2023-08-31 13:12:27.712511: I tensorflow/core/common_runtime/gpu/gpu_device.cc:1720] Found device 0 with properties: 
pciBusID: 0000:04:00.0 name: Tesla K40m computeCapability: 3.5
coreClock: 0.8755GHz coreCount: 15 deviceMemorySize: 11.17GiB deviceMemoryBandwidth: 268.58GiB/s
2023-08-31 13:12:27.712560: I tensorflow/stream_executor/platform/default/dso_loader.cc:49] Successfully opened dynamic library libcudart.so.10.1
2023-08-31 13:12:27.712580: I tensorflow/core/common_runtime/gpu/gpu_device.cc:1720] Found device 0 with properties: 
pciBusID: 0000:82:00.0 name: Tesla K40m computeCapability: 3.5
coreClock: 0.8755GHz coreCount: 15 deviceMemorySize: 11.17GiB deviceMemoryBandwidth: 268.58GiB/s
2023-08-31 13:12:27.712606: I tensorflow/stream_executor/platform/default/dso_loader.cc:49] Successfully opened dynamic library libcublas.so.10
2023-08-31 13:12:27.712624: I tensorflow/stream_executor/platform/default/dso_loader.cc:49] Successfully opened dynamic library libcudart.so.10.1
2023-08-31 13:12:27.712633: I tensorflow/stream_executor/platform/default/dso_loader.cc:49] Successfully opened dynamic library libcublasLt.so.10
2023-08-31 13:12:27.712658: I tensorflow/stream_executor/platform/default/dso_loader.cc:49] Successfully opened dynamic library libcufft.so.10
2023-08-31 13:12:27.712668: I tensorflow/stream_executor/platform/default/dso_loader.cc:49] Successfully opened dynamic library libcublas.so.10
2023-08-31 13:12:27.712683: I tensorflow/stream_executor/platform/default/dso_loader.cc:49] Successfully opened dynamic library libcurand.so.10
2023-08-31 13:12:27.712694: I tensorflow/stream_executor/platform/default/dso_loader.cc:49] Successfully opened dynamic library libcublasLt.so.10
2023-08-31 13:12:27.712708: I tensorflow/stream_executor/platform/default/dso_loader.cc:49] Successfully opened dynamic library libcusolver.so.10
2023-08-31 13:12:27.712720: I tensorflow/stream_executor/platform/default/dso_loader.cc:49] Successfully opened dynamic library libcufft.so.10
2023-08-31 13:12:27.712733: I tensorflow/stream_executor/platform/default/dso_loader.cc:49] Successfully opened dynamic library libcusparse.so.10
2023-08-31 13:12:27.712745: I tensorflow/stream_executor/platform/default/dso_loader.cc:49] Successfully opened dynamic library libcurand.so.10
2023-08-31 13:12:27.712759: I tensorflow/stream_executor/platform/default/dso_loader.cc:49] Successfully opened dynamic library libcudnn.so.7
2023-08-31 13:12:27.712769: I tensorflow/stream_executor/platform/default/dso_loader.cc:49] Successfully opened dynamic library libcusolver.so.10
2023-08-31 13:12:27.712794: I tensorflow/stream_executor/platform/default/dso_loader.cc:49] Successfully opened dynamic library libcusparse.so.10
2023-08-31 13:12:27.712820: I tensorflow/stream_executor/platform/default/dso_loader.cc:49] Successfully opened dynamic library libcudnn.so.7
2023-08-31 13:12:27.716328: I tensorflow/core/common_runtime/gpu/gpu_device.cc:1720] Found device 0 with properties: 
pciBusID: 0000:04:00.0 name: Tesla K40m computeCapability: 3.5
coreClock: 0.8755GHz coreCount: 15 deviceMemorySize: 11.17GiB deviceMemoryBandwidth: 268.58GiB/s
2023-08-31 13:12:27.716377: I tensorflow/stream_executor/platform/default/dso_loader.cc:49] Successfully opened dynamic library libcudart.so.10.1
2023-08-31 13:12:27.716425: I tensorflow/stream_executor/platform/default/dso_loader.cc:49] Successfully opened dynamic library libcublas.so.10
2023-08-31 13:12:27.716452: I tensorflow/stream_executor/platform/default/dso_loader.cc:49] Successfully opened dynamic library libcublasLt.so.10
2023-08-31 13:12:27.716487: I tensorflow/stream_executor/platform/default/dso_loader.cc:49] Successfully opened dynamic library libcufft.so.10
2023-08-31 13:12:27.716493: I tensorflow/core/common_runtime/gpu/gpu_device.cc:1720] Found device 0 with properties: 
pciBusID: 0000:82:00.0 name: Tesla K40m computeCapability: 3.5
coreClock: 0.8755GHz coreCount: 15 deviceMemorySize: 11.17GiB deviceMemoryBandwidth: 268.58GiB/s
2023-08-31 13:12:27.716512: I tensorflow/stream_executor/platform/default/dso_loader.cc:49] Successfully opened dynamic library libcurand.so.10
2023-08-31 13:12:27.716538: I tensorflow/stream_executor/platform/default/dso_loader.cc:49] Successfully opened dynamic library libcusolver.so.10
2023-08-31 13:12:27.716540: I tensorflow/stream_executor/platform/default/dso_loader.cc:49] Successfully opened dynamic library libcudart.so.10.1
2023-08-31 13:12:27.716563: I tensorflow/stream_executor/platform/default/dso_loader.cc:49] Successfully opened dynamic library libcusparse.so.10
2023-08-31 13:12:27.716589: I tensorflow/stream_executor/platform/default/dso_loader.cc:49] Successfully opened dynamic library libcudnn.so.7
2023-08-31 13:12:27.716586: I tensorflow/stream_executor/platform/default/dso_loader.cc:49] Successfully opened dynamic library libcublas.so.10
2023-08-31 13:12:27.716614: I tensorflow/stream_executor/platform/default/dso_loader.cc:49] Successfully opened dynamic library libcublasLt.so.10
2023-08-31 13:12:27.716641: I tensorflow/stream_executor/platform/default/dso_loader.cc:49] Successfully opened dynamic library libcufft.so.10
2023-08-31 13:12:27.716666: I tensorflow/stream_executor/platform/default/dso_loader.cc:49] Successfully opened dynamic library libcurand.so.10
2023-08-31 13:12:27.716692: I tensorflow/stream_executor/platform/default/dso_loader.cc:49] Successfully opened dynamic library libcusolver.so.10
2023-08-31 13:12:27.716718: I tensorflow/stream_executor/platform/default/dso_loader.cc:49] Successfully opened dynamic library libcusparse.so.10
2023-08-31 13:12:27.716744: I tensorflow/stream_executor/platform/default/dso_loader.cc:49] Successfully opened dynamic library libcudnn.so.7
2023-08-31 13:12:27.717807: I tensorflow/core/common_runtime/gpu/gpu_device.cc:1720] Found device 0 with properties: 
pciBusID: 0000:04:00.0 name: Tesla K40m computeCapability: 3.5
coreClock: 0.8755GHz coreCount: 15 deviceMemorySize: 11.17GiB deviceMemoryBandwidth: 268.58GiB/s
2023-08-31 13:12:27.717863: I tensorflow/stream_executor/platform/default/dso_loader.cc:49] Successfully opened dynamic library libcudart.so.10.1
2023-08-31 13:12:27.717912: I tensorflow/stream_executor/platform/default/dso_loader.cc:49] Successfully opened dynamic library libcublas.so.10
2023-08-31 13:12:27.717953: I tensorflow/stream_executor/platform/default/dso_loader.cc:49] Successfully opened dynamic library libcublasLt.so.10
2023-08-31 13:12:27.717983: I tensorflow/stream_executor/platform/default/dso_loader.cc:49] Successfully opened dynamic library libcufft.so.10
2023-08-31 13:12:27.718011: I tensorflow/stream_executor/platform/default/dso_loader.cc:49] Successfully opened dynamic library libcurand.so.10
2023-08-31 13:12:27.717970: I tensorflow/core/common_runtime/gpu/gpu_device.cc:1720] Found device 0 with properties: 
pciBusID: 0000:82:00.0 name: Tesla K40m computeCapability: 3.5
coreClock: 0.8755GHz coreCount: 15 deviceMemorySize: 11.17GiB deviceMemoryBandwidth: 268.58GiB/s
2023-08-31 13:12:27.718037: I tensorflow/stream_executor/platform/default/dso_loader.cc:49] Successfully opened dynamic library libcusolver.so.10
2023-08-31 13:12:27.718063: I tensorflow/stream_executor/platform/default/dso_loader.cc:49] Successfully opened dynamic library libcusparse.so.10
2023-08-31 13:12:27.718056: I tensorflow/stream_executor/platform/default/dso_loader.cc:49] Successfully opened dynamic library libcudart.so.10.1
2023-08-31 13:12:27.718091: I tensorflow/stream_executor/platform/default/dso_loader.cc:49] Successfully opened dynamic library libcudnn.so.7
2023-08-31 13:12:27.718131: I tensorflow/stream_executor/platform/default/dso_loader.cc:49] Successfully opened dynamic library libcublas.so.10
2023-08-31 13:12:27.718165: I tensorflow/stream_executor/platform/default/dso_loader.cc:49] Successfully opened dynamic library libcublasLt.so.10
2023-08-31 13:12:27.718194: I tensorflow/stream_executor/platform/default/dso_loader.cc:49] Successfully opened dynamic library libcufft.so.10
2023-08-31 13:12:27.718234: I tensorflow/stream_executor/platform/default/dso_loader.cc:49] Successfully opened dynamic library libcurand.so.10
2023-08-31 13:12:27.718261: I tensorflow/stream_executor/platform/default/dso_loader.cc:49] Successfully opened dynamic library libcusolver.so.10
2023-08-31 13:12:27.718286: I tensorflow/stream_executor/platform/default/dso_loader.cc:49] Successfully opened dynamic library libcusparse.so.10
2023-08-31 13:12:27.718312: I tensorflow/stream_executor/platform/default/dso_loader.cc:49] Successfully opened dynamic library libcudnn.so.7
2023-08-31 13:12:27.719304: I tensorflow/core/common_runtime/gpu/gpu_device.cc:1720] Found device 0 with properties: 
pciBusID: 0000:82:00.0 name: Tesla K40m computeCapability: 3.5
coreClock: 0.8755GHz coreCount: 15 deviceMemorySize: 11.17GiB deviceMemoryBandwidth: 268.58GiB/s
2023-08-31 13:12:27.719353: I tensorflow/stream_executor/platform/default/dso_loader.cc:49] Successfully opened dynamic library libcudart.so.10.1
2023-08-31 13:12:27.719398: I tensorflow/stream_executor/platform/default/dso_loader.cc:49] Successfully opened dynamic library libcublas.so.10
2023-08-31 13:12:27.719424: I tensorflow/stream_executor/platform/default/dso_loader.cc:49] Successfully opened dynamic library libcublasLt.so.10
2023-08-31 13:12:27.719449: I tensorflow/stream_executor/platform/default/dso_loader.cc:49] Successfully opened dynamic library libcufft.so.10
2023-08-31 13:12:27.719460: I tensorflow/core/common_runtime/gpu/gpu_device.cc:1720] Found device 0 with properties: 
pciBusID: 0000:04:00.0 name: Tesla K40m computeCapability: 3.5
coreClock: 0.8755GHz coreCount: 15 deviceMemorySize: 11.17GiB deviceMemoryBandwidth: 268.58GiB/s
2023-08-31 13:12:27.719474: I tensorflow/stream_executor/platform/default/dso_loader.cc:49] Successfully opened dynamic library libcurand.so.10
2023-08-31 13:12:27.719500: I tensorflow/stream_executor/platform/default/dso_loader.cc:49] Successfully opened dynamic library libcusolver.so.10
2023-08-31 13:12:27.719524: I tensorflow/stream_executor/platform/default/dso_loader.cc:49] Successfully opened dynamic library libcusparse.so.10
2023-08-31 13:12:27.719542: I tensorflow/stream_executor/platform/default/dso_loader.cc:49] Successfully opened dynamic library libcudart.so.10.1
2023-08-31 13:12:27.719549: I tensorflow/stream_executor/platform/default/dso_loader.cc:49] Successfully opened dynamic library libcudnn.so.7
2023-08-31 13:12:27.719591: I tensorflow/stream_executor/platform/default/dso_loader.cc:49] Successfully opened dynamic library libcublas.so.10
2023-08-31 13:12:27.719645: I tensorflow/stream_executor/platform/default/dso_loader.cc:49] Successfully opened dynamic library libcublasLt.so.10
2023-08-31 13:12:27.719677: I tensorflow/stream_executor/platform/default/dso_loader.cc:49] Successfully opened dynamic library libcufft.so.10
2023-08-31 13:12:27.719705: I tensorflow/stream_executor/platform/default/dso_loader.cc:49] Successfully opened dynamic library libcurand.so.10
2023-08-31 13:12:27.719752: I tensorflow/stream_executor/platform/default/dso_loader.cc:49] Successfully opened dynamic library libcusolver.so.10
2023-08-31 13:12:27.719792: I tensorflow/stream_executor/platform/default/dso_loader.cc:49] Successfully opened dynamic library libcusparse.so.10
2023-08-31 13:12:27.719841: I tensorflow/stream_executor/platform/default/dso_loader.cc:49] Successfully opened dynamic library libcudnn.so.7
2023-08-31 13:12:27.719175: I tensorflow/core/common_runtime/gpu/gpu_device.cc:1720] Found device 0 with properties: 
pciBusID: 0000:82:00.0 name: Tesla K40m computeCapability: 3.5
coreClock: 0.8755GHz coreCount: 15 deviceMemorySize: 11.17GiB deviceMemoryBandwidth: 268.58GiB/s
2023-08-31 13:12:27.719228: I tensorflow/stream_executor/platform/default/dso_loader.cc:49] Successfully opened dynamic library libcudart.so.10.1
2023-08-31 13:12:27.719277: I tensorflow/stream_executor/platform/default/dso_loader.cc:49] Successfully opened dynamic library libcublas.so.10
2023-08-31 13:12:27.719304: I tensorflow/stream_executor/platform/default/dso_loader.cc:49] Successfully opened dynamic library libcublasLt.so.10
2023-08-31 13:12:27.719329: I tensorflow/stream_executor/platform/default/dso_loader.cc:49] Successfully opened dynamic library libcufft.so.10
2023-08-31 13:12:27.719353: I tensorflow/stream_executor/platform/default/dso_loader.cc:49] Successfully opened dynamic library libcurand.so.10
2023-08-31 13:12:27.719394: I tensorflow/stream_executor/platform/default/dso_loader.cc:49] Successfully opened dynamic library libcusolver.so.10
2023-08-31 13:12:27.719421: I tensorflow/stream_executor/platform/default/dso_loader.cc:49] Successfully opened dynamic library libcusparse.so.10
2023-08-31 13:12:27.719447: I tensorflow/stream_executor/platform/default/dso_loader.cc:49] Successfully opened dynamic library libcudnn.so.7
2023-08-31 13:12:27.719544: I tensorflow/core/common_runtime/gpu/gpu_device.cc:1720] Found device 0 with properties: 
pciBusID: 0000:04:00.0 name: Tesla K40m computeCapability: 3.5
coreClock: 0.8755GHz coreCount: 15 deviceMemorySize: 11.17GiB deviceMemoryBandwidth: 268.58GiB/s
2023-08-31 13:12:27.719594: I tensorflow/stream_executor/platform/default/dso_loader.cc:49] Successfully opened dynamic library libcudart.so.10.1
2023-08-31 13:12:27.719792: I tensorflow/core/common_runtime/gpu/gpu_device.cc:1720] Found device 0 with properties: 
pciBusID: 0000:04:00.0 name: Tesla K40m computeCapability: 3.5
coreClock: 0.8755GHz coreCount: 15 deviceMemorySize: 11.17GiB deviceMemoryBandwidth: 268.58GiB/s
2023-08-31 13:12:27.719843: I tensorflow/stream_executor/platform/default/dso_loader.cc:49] Successfully opened dynamic library libcudart.so.10.1
2023-08-31 13:12:27.719890: I tensorflow/stream_executor/platform/default/dso_loader.cc:49] Successfully opened dynamic library libcublas.so.10
2023-08-31 13:12:27.719639: I tensorflow/stream_executor/platform/default/dso_loader.cc:49] Successfully opened dynamic library libcublas.so.10
2023-08-31 13:12:27.719917: I tensorflow/stream_executor/platform/default/dso_loader.cc:49] Successfully opened dynamic library libcublasLt.so.10
2023-08-31 13:12:27.719668: I tensorflow/stream_executor/platform/default/dso_loader.cc:49] Successfully opened dynamic library libcublasLt.so.10
2023-08-31 13:12:27.719943: I tensorflow/stream_executor/platform/default/dso_loader.cc:49] Successfully opened dynamic library libcufft.so.10
2023-08-31 13:12:27.719693: I tensorflow/stream_executor/platform/default/dso_loader.cc:49] Successfully opened dynamic library libcufft.so.10
2023-08-31 13:12:27.719968: I tensorflow/stream_executor/platform/default/dso_loader.cc:49] Successfully opened dynamic library libcurand.so.10
2023-08-31 13:12:27.719718: I tensorflow/stream_executor/platform/default/dso_loader.cc:49] Successfully opened dynamic library libcurand.so.10
2023-08-31 13:12:27.719945: I tensorflow/core/common_runtime/gpu/gpu_device.cc:1720] Found device 0 with properties: 
pciBusID: 0000:82:00.0 name: Tesla K40m computeCapability: 3.5
coreClock: 0.8755GHz coreCount: 15 deviceMemorySize: 11.17GiB deviceMemoryBandwidth: 268.58GiB/s
2023-08-31 13:12:27.719743: I tensorflow/stream_executor/platform/default/dso_loader.cc:49] Successfully opened dynamic library libcusolver.so.10
2023-08-31 13:12:27.719993: I tensorflow/stream_executor/platform/default/dso_loader.cc:49] Successfully opened dynamic library libcusolver.so.10
2023-08-31 13:12:27.720017: I tensorflow/stream_executor/platform/default/dso_loader.cc:49] Successfully opened dynamic library libcusparse.so.10
2023-08-31 13:12:27.719769: I tensorflow/stream_executor/platform/default/dso_loader.cc:49] Successfully opened dynamic library libcusparse.so.10
2023-08-31 13:12:27.719989: I tensorflow/stream_executor/platform/default/dso_loader.cc:49] Successfully opened dynamic library libcudart.so.10.1
2023-08-31 13:12:27.720033: I tensorflow/stream_executor/platform/default/dso_loader.cc:49] Successfully opened dynamic library libcublas.so.10
2023-08-31 13:12:27.719795: I tensorflow/stream_executor/platform/default/dso_loader.cc:49] Successfully opened dynamic library libcudnn.so.7
2023-08-31 13:12:27.720042: I tensorflow/stream_executor/platform/default/dso_loader.cc:49] Successfully opened dynamic library libcudnn.so.7
2023-08-31 13:12:27.720060: I tensorflow/stream_executor/platform/default/dso_loader.cc:49] Successfully opened dynamic library libcublasLt.so.10
2023-08-31 13:12:27.720084: I tensorflow/stream_executor/platform/default/dso_loader.cc:49] Successfully opened dynamic library libcufft.so.10
2023-08-31 13:12:27.720108: I tensorflow/stream_executor/platform/default/dso_loader.cc:49] Successfully opened dynamic library libcurand.so.10
2023-08-31 13:12:27.720132: I tensorflow/stream_executor/platform/default/dso_loader.cc:49] Successfully opened dynamic library libcusolver.so.10
2023-08-31 13:12:27.720156: I tensorflow/stream_executor/platform/default/dso_loader.cc:49] Successfully opened dynamic library libcusparse.so.10
2023-08-31 13:12:27.720181: I tensorflow/stream_executor/platform/default/dso_loader.cc:49] Successfully opened dynamic library libcudnn.so.7
2023-08-31 13:12:27.721099: I tensorflow/core/common_runtime/gpu/gpu_device.cc:1862] Adding visible gpu devices: 0
2023-08-31 13:12:27.721292: I tensorflow/stream_executor/platform/default/dso_loader.cc:49] Successfully opened dynamic library libcudart.so.10.1
2023-08-31 13:12:27.721339: I tensorflow/core/common_runtime/gpu/gpu_device.cc:1862] Adding visible gpu devices: 0
2023-08-31 13:12:27.721404: I tensorflow/stream_executor/platform/default/dso_loader.cc:49] Successfully opened dynamic library libcudart.so.10.1
2023-08-31 13:12:27.724950: I tensorflow/core/common_runtime/gpu/gpu_device.cc:1862] Adding visible gpu devices: 0
2023-08-31 13:12:27.725118: I tensorflow/stream_executor/platform/default/dso_loader.cc:49] Successfully opened dynamic library libcudart.so.10.1
2023-08-31 13:12:27.725182: I tensorflow/core/common_runtime/gpu/gpu_device.cc:1862] Adding visible gpu devices: 0
2023-08-31 13:12:27.725250: I tensorflow/stream_executor/platform/default/dso_loader.cc:49] Successfully opened dynamic library libcudart.so.10.1
2023-08-31 13:12:27.726585: I tensorflow/core/common_runtime/gpu/gpu_device.cc:1862] Adding visible gpu devices: 0
2023-08-31 13:12:27.726838: I tensorflow/stream_executor/platform/default/dso_loader.cc:49] Successfully opened dynamic library libcudart.so.10.1
2023-08-31 13:12:27.726904: I tensorflow/core/common_runtime/gpu/gpu_device.cc:1862] Adding visible gpu devices: 0
2023-08-31 13:12:27.727008: I tensorflow/stream_executor/platform/default/dso_loader.cc:49] Successfully opened dynamic library libcudart.so.10.1
2023-08-31 13:12:27.727640: I tensorflow/core/common_runtime/gpu/gpu_device.cc:1862] Adding visible gpu devices: 0
2023-08-31 13:12:27.727802: I tensorflow/stream_executor/platform/default/dso_loader.cc:49] Successfully opened dynamic library libcudart.so.10.1
2023-08-31 13:12:27.728051: I tensorflow/core/common_runtime/gpu/gpu_device.cc:1862] Adding visible gpu devices: 0
2023-08-31 13:12:27.728119: I tensorflow/stream_executor/platform/default/dso_loader.cc:49] Successfully opened dynamic library libcudart.so.10.1
2023-08-31 13:12:27.727547: I tensorflow/core/common_runtime/gpu/gpu_device.cc:1862] Adding visible gpu devices: 0
2023-08-31 13:12:27.727702: I tensorflow/stream_executor/platform/default/dso_loader.cc:49] Successfully opened dynamic library libcudart.so.10.1
2023-08-31 13:12:27.727905: I tensorflow/core/common_runtime/gpu/gpu_device.cc:1862] Adding visible gpu devices: 0
2023-08-31 13:12:27.727972: I tensorflow/stream_executor/platform/default/dso_loader.cc:49] Successfully opened dynamic library libcudart.so.10.1
2023-08-31 13:12:27.728383: I tensorflow/core/common_runtime/gpu/gpu_device.cc:1862] Adding visible gpu devices: 0
2023-08-31 13:12:27.728535: I tensorflow/core/common_runtime/gpu/gpu_device.cc:1862] Adding visible gpu devices: 0
2023-08-31 13:12:27.728554: I tensorflow/stream_executor/platform/default/dso_loader.cc:49] Successfully opened dynamic library libcudart.so.10.1
2023-08-31 13:12:27.728598: I tensorflow/stream_executor/platform/default/dso_loader.cc:49] Successfully opened dynamic library libcudart.so.10.1
2023-08-31 13:12:28.376681: I tensorflow/core/common_runtime/gpu/gpu_device.cc:1261] Device interconnect StreamExecutor with strength 1 edge matrix:
2023-08-31 13:12:28.376718: I tensorflow/core/common_runtime/gpu/gpu_device.cc:1267]      0 
2023-08-31 13:12:28.376748: I tensorflow/core/common_runtime/gpu/gpu_device.cc:1280] 0:   N 
2023-08-31 13:12:28.377034: I tensorflow/core/common_runtime/gpu/gpu_device.cc:1261] Device interconnect StreamExecutor with strength 1 edge matrix:
2023-08-31 13:12:28.377056: I tensorflow/core/common_runtime/gpu/gpu_device.cc:1267]      0 
2023-08-31 13:12:28.377067: I tensorflow/core/common_runtime/gpu/gpu_device.cc:1280] 0:   N 
2023-08-31 13:12:28.381454: I tensorflow/core/common_runtime/gpu/gpu_device.cc:1406] Created TensorFlow device (/job:localhost/replica:0/task:0/device:GPU:0 with 10621 MB memory) -> physical GPU (device: 0, name: Tesla K40m, pci bus id: 0000:82:00.0, compute capability: 3.5)
2023-08-31 13:12:28.381549: I tensorflow/core/common_runtime/gpu/gpu_device.cc:1406] Created TensorFlow device (/job:localhost/replica:0/task:0/device:GPU:0 with 10621 MB memory) -> physical GPU (device: 0, name: Tesla K40m, pci bus id: 0000:04:00.0, compute capability: 3.5)
2023-08-31 13:12:28.392073: I tensorflow/core/common_runtime/gpu/gpu_device.cc:1261] Device interconnect StreamExecutor with strength 1 edge matrix:
2023-08-31 13:12:28.392107: I tensorflow/core/common_runtime/gpu/gpu_device.cc:1267]      0 
2023-08-31 13:12:28.392136: I tensorflow/core/common_runtime/gpu/gpu_device.cc:1280] 0:   N 
2023-08-31 13:12:28.395137: I tensorflow/core/common_runtime/gpu/gpu_device.cc:1406] Created TensorFlow device (/job:localhost/replica:0/task:0/device:GPU:0 with 10621 MB memory) -> physical GPU (device: 0, name: Tesla K40m, pci bus id: 0000:82:00.0, compute capability: 3.5)
2023-08-31 13:12:28.397998: I tensorflow/core/common_runtime/gpu/gpu_device.cc:1261] Device interconnect StreamExecutor with strength 1 edge matrix:
2023-08-31 13:12:28.398019: I tensorflow/core/common_runtime/gpu/gpu_device.cc:1267]      0 
2023-08-31 13:12:28.398030: I tensorflow/core/common_runtime/gpu/gpu_device.cc:1280] 0:   N 
2023-08-31 13:12:28.400563: I tensorflow/core/common_runtime/gpu/gpu_device.cc:1406] Created TensorFlow device (/job:localhost/replica:0/task:0/device:GPU:0 with 10621 MB memory) -> physical GPU (device: 0, name: Tesla K40m, pci bus id: 0000:04:00.0, compute capability: 3.5)
2023-08-31 13:12:28.405908: I tensorflow/core/common_runtime/gpu/gpu_device.cc:1261] Device interconnect StreamExecutor with strength 1 edge matrix:
2023-08-31 13:12:28.405946: I tensorflow/core/common_runtime/gpu/gpu_device.cc:1267]      0 
2023-08-31 13:12:28.405977: I tensorflow/core/common_runtime/gpu/gpu_device.cc:1280] 0:   N 
2023-08-31 13:12:28.407894: I tensorflow/core/common_runtime/gpu/gpu_device.cc:1261] Device interconnect StreamExecutor with strength 1 edge matrix:
2023-08-31 13:12:28.407917: I tensorflow/core/common_runtime/gpu/gpu_device.cc:1267]      0 
2023-08-31 13:12:28.407932: I tensorflow/core/common_runtime/gpu/gpu_device.cc:1280] 0:   N 
2023-08-31 13:12:28.408786: I tensorflow/core/common_runtime/gpu/gpu_device.cc:1406] Created TensorFlow device (/job:localhost/replica:0/task:0/device:GPU:0 with 10621 MB memory) -> physical GPU (device: 0, name: Tesla K40m, pci bus id: 0000:04:00.0, compute capability: 3.5)
2023-08-31 13:12:28.411063: I tensorflow/core/common_runtime/gpu/gpu_device.cc:1406] Created TensorFlow device (/job:localhost/replica:0/task:0/device:GPU:0 with 10621 MB memory) -> physical GPU (device: 0, name: Tesla K40m, pci bus id: 0000:82:00.0, compute capability: 3.5)
2023-08-31 13:12:28.409230: I tensorflow/core/common_runtime/gpu/gpu_device.cc:1261] Device interconnect StreamExecutor with strength 1 edge matrix:
2023-08-31 13:12:28.409269: I tensorflow/core/common_runtime/gpu/gpu_device.cc:1267]      0 
2023-08-31 13:12:28.409301: I tensorflow/core/common_runtime/gpu/gpu_device.cc:1280] 0:   N 
2023-08-31 13:12:28.409756: I tensorflow/core/common_runtime/gpu/gpu_device.cc:1261] Device interconnect StreamExecutor with strength 1 edge matrix:
2023-08-31 13:12:28.409788: I tensorflow/core/common_runtime/gpu/gpu_device.cc:1267]      0 
2023-08-31 13:12:28.409799: I tensorflow/core/common_runtime/gpu/gpu_device.cc:1280] 0:   N 
2023-08-31 13:12:28.414066: I tensorflow/core/common_runtime/gpu/gpu_device.cc:1406] Created TensorFlow device (/job:localhost/replica:0/task:0/device:GPU:0 with 10621 MB memory) -> physical GPU (device: 0, name: Tesla K40m, pci bus id: 0000:82:00.0, compute capability: 3.5)
2023-08-31 13:12:28.414905: I tensorflow/core/common_runtime/gpu/gpu_device.cc:1406] Created TensorFlow device (/job:localhost/replica:0/task:0/device:GPU:0 with 10621 MB memory) -> physical GPU (device: 0, name: Tesla K40m, pci bus id: 0000:04:00.0, compute capability: 3.5)
2023-08-31 13:12:28.419888: I tensorflow/core/common_runtime/gpu/gpu_device.cc:1261] Device interconnect StreamExecutor with strength 1 edge matrix:
2023-08-31 13:12:28.419923: I tensorflow/core/common_runtime/gpu/gpu_device.cc:1267]      0 
2023-08-31 13:12:28.419955: I tensorflow/core/common_runtime/gpu/gpu_device.cc:1280] 0:   N 
2023-08-31 13:12:28.421720: I tensorflow/core/common_runtime/gpu/gpu_device.cc:1261] Device interconnect StreamExecutor with strength 1 edge matrix:
2023-08-31 13:12:28.421754: I tensorflow/core/common_runtime/gpu/gpu_device.cc:1267]      0 
2023-08-31 13:12:28.421766: I tensorflow/core/common_runtime/gpu/gpu_device.cc:1280] 0:   N 
2023-08-31 13:12:28.422894: I tensorflow/core/common_runtime/gpu/gpu_device.cc:1406] Created TensorFlow device (/job:localhost/replica:0/task:0/device:GPU:0 with 10621 MB memory) -> physical GPU (device: 0, name: Tesla K40m, pci bus id: 0000:04:00.0, compute capability: 3.5)
2023-08-31 13:12:28.425554: I tensorflow/core/common_runtime/gpu/gpu_device.cc:1406] Created TensorFlow device (/job:localhost/replica:0/task:0/device:GPU:0 with 10621 MB memory) -> physical GPU (device: 0, name: Tesla K40m, pci bus id: 0000:82:00.0, compute capability: 3.5)
2023-08-31 13:12:28.433231: I tensorflow/core/common_runtime/gpu/gpu_device.cc:1261] Device interconnect StreamExecutor with strength 1 edge matrix:
2023-08-31 13:12:28.433266: I tensorflow/core/common_runtime/gpu/gpu_device.cc:1267]      0 
2023-08-31 13:12:28.433296: I tensorflow/core/common_runtime/gpu/gpu_device.cc:1280] 0:   N 
2023-08-31 13:12:28.436305: I tensorflow/core/common_runtime/gpu/gpu_device.cc:1406] Created TensorFlow device (/job:localhost/replica:0/task:0/device:GPU:0 with 10621 MB memory) -> physical GPU (device: 0, name: Tesla K40m, pci bus id: 0000:82:00.0, compute capability: 3.5)
2023-08-31 13:12:28.442093: I tensorflow/core/common_runtime/gpu/gpu_device.cc:1261] Device interconnect StreamExecutor with strength 1 edge matrix:
2023-08-31 13:12:28.442115: I tensorflow/core/common_runtime/gpu/gpu_device.cc:1267]      0 
2023-08-31 13:12:28.442125: I tensorflow/core/common_runtime/gpu/gpu_device.cc:1280] 0:   N 
2023-08-31 13:12:28.444658: I tensorflow/core/common_runtime/gpu/gpu_device.cc:1406] Created TensorFlow device (/job:localhost/replica:0/task:0/device:GPU:0 with 10621 MB memory) -> physical GPU (device: 0, name: Tesla K40m, pci bus id: 0000:04:00.0, compute capability: 3.5)
2023-08-31 13:12:29.805886: I tensorflow/stream_executor/platform/default/dso_loader.cc:49] Successfully opened dynamic library libcudnn.so.7
2023-08-31 13:12:30.108391: I tensorflow/stream_executor/platform/default/dso_loader.cc:49] Successfully opened dynamic library libcudnn.so.7
2023-08-31 13:12:30.713975: I tensorflow/stream_executor/platform/default/dso_loader.cc:49] Successfully opened dynamic library libcudnn.so.7
2023-08-31 13:12:30.984589: I tensorflow/stream_executor/platform/default/dso_loader.cc:49] Successfully opened dynamic library libcudnn.so.7
2023-08-31 13:12:31.671176: I tensorflow/stream_executor/platform/default/dso_loader.cc:49] Successfully opened dynamic library libcudnn.so.7
2023-08-31 13:12:31.677964: I tensorflow/stream_executor/platform/default/dso_loader.cc:49] Successfully opened dynamic library libcublas.so.10
2023-08-31 13:12:31.681944: I tensorflow/stream_executor/platform/default/dso_loader.cc:49] Successfully opened dynamic library libcublas.so.10
2023-08-31 13:12:31.929219: I tensorflow/stream_executor/platform/default/dso_loader.cc:49] Successfully opened dynamic library libcublas.so.10
2023-08-31 13:12:31.936881: I tensorflow/stream_executor/platform/default/dso_loader.cc:49] Successfully opened dynamic library libcudnn.so.7
2023-08-31 13:12:31.978558: I tensorflow/stream_executor/platform/default/dso_loader.cc:49] Successfully opened dynamic library libcublas.so.10
2023-08-31 13:12:32.447377: I tensorflow/stream_executor/platform/default/dso_loader.cc:49] Successfully opened dynamic library libcudnn.so.7
2023-08-31 13:12:32.847269: I tensorflow/stream_executor/platform/default/dso_loader.cc:49] Successfully opened dynamic library libcublas.so.10
2023-08-31 13:12:32.932729: I tensorflow/stream_executor/platform/default/dso_loader.cc:49] Successfully opened dynamic library libcublas.so.10
2023-08-31 13:12:33.150060: I tensorflow/stream_executor/platform/default/dso_loader.cc:49] Successfully opened dynamic library libcudnn.so.7
2023-08-31 13:12:33.437804: I tensorflow/stream_executor/platform/default/dso_loader.cc:49] Successfully opened dynamic library libcudnn.so.7
2023-08-31 13:12:33.630101: I tensorflow/stream_executor/platform/default/dso_loader.cc:49] Successfully opened dynamic library libcublas.so.10
2023-08-31 13:12:33.884150: I tensorflow/stream_executor/platform/default/dso_loader.cc:49] Successfully opened dynamic library libcudnn.so.7
2023-08-31 13:12:34.034478: I tensorflow/stream_executor/platform/default/dso_loader.cc:49] Successfully opened dynamic library libcublas.so.10
2023-08-31 13:12:34.641788: I tensorflow/stream_executor/platform/default/dso_loader.cc:49] Successfully opened dynamic library libcudnn.so.7
2023-08-31 13:12:34.644706: I tensorflow/stream_executor/platform/default/dso_loader.cc:49] Successfully opened dynamic library libcublas.so.10
2023-08-31 13:12:34.792124: I tensorflow/stream_executor/platform/default/dso_loader.cc:49] Successfully opened dynamic library libcublas.so.10
2023-08-31 13:12:34.801767: I tensorflow/stream_executor/platform/default/dso_loader.cc:49] Successfully opened dynamic library libcudnn.so.7
2023-08-31 13:12:35.781642: I tensorflow/stream_executor/platform/default/dso_loader.cc:49] Successfully opened dynamic library libcublas.so.10
2023-08-31 13:12:35.810390: I tensorflow/stream_executor/platform/default/dso_loader.cc:49] Successfully opened dynamic library libcublas.so.10
2023-08-31 13:17:24.115765: I tensorflow/compiler/mlir/mlir_graph_optimization_pass.cc:116] None of the MLIR optimization passes are enabled (registered 2)
2023-08-31 13:17:30.435598: I tensorflow/compiler/mlir/mlir_graph_optimization_pass.cc:116] None of the MLIR optimization passes are enabled (registered 2)
2023-08-31 13:17:39.809134: I tensorflow/compiler/mlir/mlir_graph_optimization_pass.cc:116] None of the MLIR optimization passes are enabled (registered 2)
2023-08-31 13:17:47.756705: I tensorflow/compiler/mlir/mlir_graph_optimization_pass.cc:116] None of the MLIR optimization passes are enabled (registered 2)
2023-08-31 13:17:58.916897: I tensorflow/compiler/mlir/mlir_graph_optimization_pass.cc:116] None of the MLIR optimization passes are enabled (registered 2)
2023-08-31 13:18:08.485825: I tensorflow/compiler/mlir/mlir_graph_optimization_pass.cc:116] None of the MLIR optimization passes are enabled (registered 2)
2023-08-31 13:18:24.744233: I tensorflow/compiler/mlir/mlir_graph_optimization_pass.cc:116] None of the MLIR optimization passes are enabled (registered 2)
2023-08-31 13:18:30.186733: I tensorflow/compiler/mlir/mlir_graph_optimization_pass.cc:116] None of the MLIR optimization passes are enabled (registered 2)
2023-08-31 13:18:37.609508: I tensorflow/compiler/mlir/mlir_graph_optimization_pass.cc:116] None of the MLIR optimization passes are enabled (registered 2)
2023-08-31 13:18:45.245885: I tensorflow/compiler/mlir/mlir_graph_optimization_pass.cc:116] None of the MLIR optimization passes are enabled (registered 2)
2023-08-31 13:19:07.539641: I tensorflow/compiler/mlir/mlir_graph_optimization_pass.cc:116] None of the MLIR optimization passes are enabled (registered 2)
2023-08-31 13:19:13.804488: I tensorflow/compiler/mlir/mlir_graph_optimization_pass.cc:116] None of the MLIR optimization passes are enabled (registered 2)
