Num GPUs Available:  1
Num GPUs Available:  1
Num GPUs Available:  1
Num GPUs Available:  1
Num GPUs Available:  1
Num GPUs Available:  1

------------ Current Test : ------------
Dataset name : MNIST
Bias : None
Bench test : False

NN name : AdvancedCNN------------ Current Test : ------------

FDA name : sketchDataset name : MNIST

Num Clients : 45
Bias : NoneBatch size : 32

Bench test : FalseNum Epochs : 100


NN name : AdvancedCNNNumber of steps until we check RTC : 1------------ Current Test : ------------


FDA name : sketchDataset name : MNIST


Num Clients : 5
Theta : 75.0Bias : None------------ Current Test : ------------Batch size : 32



-----------------------------------------Dataset name : MNISTBench test : FalseNum Epochs : 100





------------ Current Test : ------------NN name : AdvancedCNNNumber of steps until we check RTC : 1Bias : None



FDA name : sketchDataset name : MNIST
Bench test : False
Num Clients : 50
Theta : 50.0Bias : None
NN name : AdvancedCNN


-----------------------------------------Batch size : 32FDA name : sketch

Bench test : False
Num Epochs : 100

Num Clients : 50
NN name : AdvancedCNN
Number of steps until we check RTC : 1
Batch size : 32
FDA name : sketch


Num Epochs : 100------------ Current Test : ------------Num Clients : 45


Theta : 75.0Number of steps until we check RTC : 1Dataset name : MNIST
Batch size : 32


-----------------------------------------
Num Epochs : 100Bias : None


Theta : 50.0Number of steps until we check RTC : 1
Bench test : False
-----------------------------------------

NN name : AdvancedCNN

Theta : 50.0FDA name : sketch

-----------------------------------------Num Clients : 10


Batch size : 32
Num Epochs : 100
Number of steps until we check RTC : 1
Theta : 75.0
-----------------------------------------

EpochMetrics(epoch=1, total_rounds=1, total_fda_steps=38, accuracy=0.11349999904632568)
EpochMetrics(epoch=1, total_rounds=5, total_fda_steps=188, accuracy=0.9544000029563904)
EpochMetrics(epoch=1, total_rounds=2, total_fda_steps=38, accuracy=0.11349999904632568)
EpochMetrics(epoch=1, total_rounds=2, total_fda_steps=42, accuracy=0.11349999904632568)
EpochMetrics(epoch=1, total_rounds=1, total_fda_steps=42, accuracy=0.11349999904632568)
EpochMetrics(epoch=1, total_rounds=7, total_fda_steps=375, accuracy=0.972000002861023)
EpochMetrics(epoch=2, total_rounds=2, total_fda_steps=75, accuracy=0.11349999904632568)
EpochMetrics(epoch=2, total_rounds=2, total_fda_steps=75, accuracy=0.11349999904632568)
EpochMetrics(epoch=2, total_rounds=7, total_fda_steps=375, accuracy=0.9801999926567078)
EpochMetrics(epoch=2, total_rounds=2, total_fda_steps=84, accuracy=0.11349999904632568)
EpochMetrics(epoch=2, total_rounds=2, total_fda_steps=84, accuracy=0.11349999904632568)
EpochMetrics(epoch=2, total_rounds=11, total_fda_steps=750, accuracy=0.9865999817848206)
EpochMetrics(epoch=3, total_rounds=3, total_fda_steps=113, accuracy=0.225600004196167)
EpochMetrics(epoch=3, total_rounds=3, total_fda_steps=113, accuracy=0.11349999904632568)
EpochMetrics(epoch=3, total_rounds=3, total_fda_steps=125, accuracy=0.11349999904632568)
EpochMetrics(epoch=3, total_rounds=8, total_fda_steps=563, accuracy=0.9865000247955322)
EpochMetrics(epoch=3, total_rounds=3, total_fda_steps=125, accuracy=0.6672000288963318)
EpochMetrics(epoch=3, total_rounds=14, total_fda_steps=1125, accuracy=0.9901000261306763)
EpochMetrics(epoch=4, total_rounds=4, total_fda_steps=150, accuracy=0.8047000169754028)
EpochMetrics(epoch=4, total_rounds=3, total_fda_steps=150, accuracy=0.11349999904632568)
EpochMetrics(epoch=4, total_rounds=9, total_fda_steps=750, accuracy=0.9890999794006348)
EpochMetrics(epoch=4, total_rounds=3, total_fda_steps=167, accuracy=0.11349999904632568)
EpochMetrics(epoch=4, total_rounds=4, total_fda_steps=167, accuracy=0.8865000009536743)
EpochMetrics(epoch=4, total_rounds=17, total_fda_steps=1500, accuracy=0.9909999966621399)
EpochMetrics(epoch=5, total_rounds=5, total_fda_steps=188, accuracy=0.9322999715805054)
EpochMetrics(epoch=5, total_rounds=5, total_fda_steps=188, accuracy=0.8198999762535095)
EpochMetrics(epoch=5, total_rounds=11, total_fda_steps=938, accuracy=0.989799976348877)
EpochMetrics(epoch=5, total_rounds=4, total_fda_steps=209, accuracy=0.5483999848365784)
EpochMetrics(epoch=5, total_rounds=5, total_fda_steps=209, accuracy=0.9498999714851379)
EpochMetrics(epoch=5, total_rounds=20, total_fda_steps=1875, accuracy=0.9927999973297119)
EpochMetrics(epoch=6, total_rounds=5, total_fda_steps=225, accuracy=0.9509999752044678)
EpochMetrics(epoch=6, total_rounds=7, total_fda_steps=225, accuracy=0.8827999830245972)
EpochMetrics(epoch=6, total_rounds=7, total_fda_steps=250, accuracy=0.8967999815940857)
EpochMetrics(epoch=6, total_rounds=12, total_fda_steps=1125, accuracy=0.9915000200271606)
EpochMetrics(epoch=6, total_rounds=6, total_fda_steps=250, accuracy=0.9595000147819519)
EpochMetrics(epoch=6, total_rounds=23, total_fda_steps=2250, accuracy=0.9934999942779541)
EpochMetrics(epoch=7, total_rounds=6, total_fda_steps=263, accuracy=0.965499997138977)
EpochMetrics(epoch=7, total_rounds=7, total_fda_steps=263, accuracy=0.9261999726295471)
EpochMetrics(epoch=7, total_rounds=8, total_fda_steps=292, accuracy=0.9516000151634216)
EpochMetrics(epoch=7, total_rounds=13, total_fda_steps=1313, accuracy=0.9927999973297119)
EpochMetrics(epoch=7, total_rounds=6, total_fda_steps=292, accuracy=0.9663000106811523)
EpochMetrics(epoch=7, total_rounds=27, total_fda_steps=2625, accuracy=0.9941999912261963)
EpochMetrics(epoch=8, total_rounds=6, total_fda_steps=300, accuracy=0.9696999788284302)
EpochMetrics(epoch=8, total_rounds=8, total_fda_steps=300, accuracy=0.9491999745368958)
EpochMetrics(epoch=8, total_rounds=9, total_fda_steps=334, accuracy=0.9639000296592712)
EpochMetrics(epoch=8, total_rounds=14, total_fda_steps=1500, accuracy=0.9936000108718872)
EpochMetrics(epoch=8, total_rounds=6, total_fda_steps=334, accuracy=0.9696999788284302)
EpochMetrics(epoch=8, total_rounds=31, total_fda_steps=3000, accuracy=0.9941999912261963)
EpochMetrics(epoch=9, total_rounds=6, total_fda_steps=338, accuracy=0.9707000255584717)
EpochMetrics(epoch=9, total_rounds=9, total_fda_steps=338, accuracy=0.9591000080108643)
EpochMetrics(epoch=9, total_rounds=9, total_fda_steps=375, accuracy=0.9706000089645386)
EpochMetrics(epoch=9, total_rounds=16, total_fda_steps=1688, accuracy=0.9941999912261963)
EpochMetrics(epoch=9, total_rounds=7, total_fda_steps=375, accuracy=0.9742000102996826)
EpochMetrics(epoch=10, total_rounds=7, total_fda_steps=375, accuracy=0.9751999974250793)
EpochMetrics(epoch=9, total_rounds=34, total_fda_steps=3375, accuracy=0.994700014591217)
EpochMetrics(epoch=10, total_rounds=9, total_fda_steps=375, accuracy=0.9635999798774719)
EpochMetrics(epoch=10, total_rounds=10, total_fda_steps=417, accuracy=0.9747999906539917)
EpochMetrics(epoch=10, total_rounds=17, total_fda_steps=1875, accuracy=0.9940999746322632)
EpochMetrics(epoch=10, total_rounds=7, total_fda_steps=417, accuracy=0.9771000146865845)
EpochMetrics(epoch=11, total_rounds=7, total_fda_steps=413, accuracy=0.9767000079154968)
EpochMetrics(epoch=10, total_rounds=37, total_fda_steps=3750, accuracy=0.9940000176429749)
EpochMetrics(epoch=11, total_rounds=10, total_fda_steps=413, accuracy=0.9706000089645386)
EpochMetrics(epoch=11, total_rounds=11, total_fda_steps=459, accuracy=0.9779999852180481)
EpochMetrics(epoch=11, total_rounds=18, total_fda_steps=2063, accuracy=0.9940999746322632)
EpochMetrics(epoch=11, total_rounds=7, total_fda_steps=459, accuracy=0.9789000153541565)
EpochMetrics(epoch=12, total_rounds=7, total_fda_steps=450, accuracy=0.9776999950408936)
EpochMetrics(epoch=11, total_rounds=41, total_fda_steps=4125, accuracy=0.9945999979972839)
EpochMetrics(epoch=12, total_rounds=10, total_fda_steps=450, accuracy=0.9721999764442444)
EpochMetrics(epoch=12, total_rounds=11, total_fda_steps=500, accuracy=0.9814000129699707)
EpochMetrics(epoch=12, total_rounds=20, total_fda_steps=2250, accuracy=0.9939000010490417)
EpochMetrics(epoch=12, total_rounds=8, total_fda_steps=500, accuracy=0.9811000227928162)
EpochMetrics(epoch=13, total_rounds=8, total_fda_steps=488, accuracy=0.9801999926567078)
EpochMetrics(epoch=12, total_rounds=45, total_fda_steps=4500, accuracy=0.9947999715805054)
EpochMetrics(epoch=13, total_rounds=11, total_fda_steps=488, accuracy=0.9764000177383423)
EpochMetrics(epoch=13, total_rounds=12, total_fda_steps=542, accuracy=0.982699990272522)
EpochMetrics(epoch=13, total_rounds=21, total_fda_steps=2438, accuracy=0.9945999979972839)
EpochMetrics(epoch=13, total_rounds=8, total_fda_steps=542, accuracy=0.982200026512146)
EpochMetrics(epoch=14, total_rounds=8, total_fda_steps=525, accuracy=0.9815999865531921)
EpochMetrics(epoch=14, total_rounds=11, total_fda_steps=525, accuracy=0.9782000184059143)
EpochMetrics(epoch=13, total_rounds=48, total_fda_steps=4875, accuracy=0.9944000244140625)
EpochMetrics(epoch=14, total_rounds=12, total_fda_steps=584, accuracy=0.9846000075340271)
EpochMetrics(epoch=14, total_rounds=23, total_fda_steps=2625, accuracy=0.994700014591217)
EpochMetrics(epoch=14, total_rounds=8, total_fda_steps=584, accuracy=0.9839000105857849)
EpochMetrics(epoch=15, total_rounds=8, total_fda_steps=563, accuracy=0.9821000099182129)
EpochMetrics(epoch=15, total_rounds=12, total_fda_steps=563, accuracy=0.9805999994277954)
EpochMetrics(epoch=14, total_rounds=52, total_fda_steps=5250, accuracy=0.9948999881744385)
EpochMetrics(epoch=15, total_rounds=13, total_fda_steps=625, accuracy=0.9843999743461609)
EpochMetrics(epoch=15, total_rounds=24, total_fda_steps=2813, accuracy=0.9945999979972839)
EpochMetrics(epoch=15, total_rounds=9, total_fda_steps=625, accuracy=0.9837999939918518)
EpochMetrics(epoch=16, total_rounds=8, total_fda_steps=600, accuracy=0.9821000099182129)
EpochMetrics(epoch=16, total_rounds=12, total_fda_steps=600, accuracy=0.980400025844574)
EpochMetrics(epoch=16, total_rounds=13, total_fda_steps=667, accuracy=0.9853000044822693)
EpochMetrics(epoch=16, total_rounds=26, total_fda_steps=3000, accuracy=0.994700014591217)
EpochMetrics(epoch=15, total_rounds=55, total_fda_steps=5625, accuracy=0.9950000047683716)
EpochMetrics(epoch=16, total_rounds=9, total_fda_steps=667, accuracy=0.9848999977111816)
EpochMetrics(epoch=17, total_rounds=9, total_fda_steps=638, accuracy=0.9837999939918518)
EpochMetrics(epoch=17, total_rounds=13, total_fda_steps=638, accuracy=0.982200026512146)
EpochMetrics(epoch=17, total_rounds=14, total_fda_steps=709, accuracy=0.9861000180244446)
EpochMetrics(epoch=17, total_rounds=27, total_fda_steps=3188, accuracy=0.995199978351593)
EpochMetrics(epoch=16, total_rounds=59, total_fda_steps=6000, accuracy=0.9940999746322632)
EpochMetrics(epoch=18, total_rounds=9, total_fda_steps=675, accuracy=0.9837999939918518)
EpochMetrics(epoch=17, total_rounds=9, total_fda_steps=709, accuracy=0.9860000014305115)
EpochMetrics(epoch=18, total_rounds=13, total_fda_steps=675, accuracy=0.9825999736785889)
EpochMetrics(epoch=18, total_rounds=14, total_fda_steps=750, accuracy=0.9872000217437744)
EpochMetrics(epoch=18, total_rounds=29, total_fda_steps=3375, accuracy=0.9945999979972839)
EpochMetrics(epoch=17, total_rounds=63, total_fda_steps=6375, accuracy=0.9947999715805054)
EpochMetrics(epoch=19, total_rounds=9, total_fda_steps=713, accuracy=0.9843999743461609)
EpochMetrics(epoch=18, total_rounds=9, total_fda_steps=750, accuracy=0.9861000180244446)
EpochMetrics(epoch=19, total_rounds=13, total_fda_steps=713, accuracy=0.982699990272522)
EpochMetrics(epoch=19, total_rounds=15, total_fda_steps=792, accuracy=0.9876999855041504)
EpochMetrics(epoch=19, total_rounds=30, total_fda_steps=3563, accuracy=0.9943000078201294)
EpochMetrics(epoch=20, total_rounds=10, total_fda_steps=750, accuracy=0.9843999743461609)
EpochMetrics(epoch=19, total_rounds=10, total_fda_steps=792, accuracy=0.9869999885559082)
EpochMetrics(epoch=18, total_rounds=66, total_fda_steps=6750, accuracy=0.9945999979972839)
EpochMetrics(epoch=20, total_rounds=14, total_fda_steps=750, accuracy=0.9846000075340271)
EpochMetrics(epoch=20, total_rounds=15, total_fda_steps=834, accuracy=0.988099992275238)
EpochMetrics(epoch=20, total_rounds=31, total_fda_steps=3750, accuracy=0.9952999949455261)
EpochMetrics(epoch=21, total_rounds=10, total_fda_steps=788, accuracy=0.9860000014305115)
EpochMetrics(epoch=20, total_rounds=10, total_fda_steps=834, accuracy=0.987500011920929)
EpochMetrics(epoch=19, total_rounds=70, total_fda_steps=7125, accuracy=0.994700014591217)
EpochMetrics(epoch=21, total_rounds=14, total_fda_steps=788, accuracy=0.984499990940094)
EpochMetrics(epoch=21, total_rounds=15, total_fda_steps=875, accuracy=0.9886000156402588)
EpochMetrics(epoch=22, total_rounds=10, total_fda_steps=825, accuracy=0.986299991607666)
EpochMetrics(epoch=21, total_rounds=33, total_fda_steps=3938, accuracy=0.9943000078201294)
EpochMetrics(epoch=21, total_rounds=10, total_fda_steps=875, accuracy=0.986299991607666)
EpochMetrics(epoch=20, total_rounds=74, total_fda_steps=7500, accuracy=0.9950000047683716)
EpochMetrics(epoch=22, total_rounds=15, total_fda_steps=825, accuracy=0.9866999983787537)
EpochMetrics(epoch=22, total_rounds=16, total_fda_steps=917, accuracy=0.9896000027656555)
EpochMetrics(epoch=23, total_rounds=10, total_fda_steps=863, accuracy=0.9864000082015991)
EpochMetrics(epoch=22, total_rounds=34, total_fda_steps=4125, accuracy=0.9950000047683716)
EpochMetrics(epoch=22, total_rounds=11, total_fda_steps=917, accuracy=0.9871000051498413)
EpochMetrics(epoch=21, total_rounds=78, total_fda_steps=7875, accuracy=0.994700014591217)
EpochMetrics(epoch=23, total_rounds=15, total_fda_steps=863, accuracy=0.9865000247955322)
EpochMetrics(epoch=24, total_rounds=10, total_fda_steps=900, accuracy=0.98580002784729)
EpochMetrics(epoch=23, total_rounds=16, total_fda_steps=959, accuracy=0.9890000224113464)
EpochMetrics(epoch=23, total_rounds=36, total_fda_steps=4313, accuracy=0.9952999949455261)
EpochMetrics(epoch=23, total_rounds=11, total_fda_steps=959, accuracy=0.988099992275238)
EpochMetrics(epoch=22, total_rounds=81, total_fda_steps=8250, accuracy=0.9944000244140625)
EpochMetrics(epoch=24, total_rounds=15, total_fda_steps=900, accuracy=0.9864000082015991)
EpochMetrics(epoch=25, total_rounds=11, total_fda_steps=938, accuracy=0.9868000149726868)
EpochMetrics(epoch=24, total_rounds=17, total_fda_steps=1000, accuracy=0.9900000095367432)
EpochMetrics(epoch=24, total_rounds=38, total_fda_steps=4500, accuracy=0.995199978351593)
EpochMetrics(epoch=24, total_rounds=11, total_fda_steps=1000, accuracy=0.9882000088691711)
EpochMetrics(epoch=23, total_rounds=85, total_fda_steps=8625, accuracy=0.995199978351593)
EpochMetrics(epoch=25, total_rounds=16, total_fda_steps=938, accuracy=0.9872999787330627)
EpochMetrics(epoch=26, total_rounds=11, total_fda_steps=975, accuracy=0.9876000285148621)
EpochMetrics(epoch=25, total_rounds=17, total_fda_steps=1042, accuracy=0.9902999997138977)
EpochMetrics(epoch=25, total_rounds=39, total_fda_steps=4688, accuracy=0.995199978351593)
EpochMetrics(epoch=25, total_rounds=11, total_fda_steps=1042, accuracy=0.9883000254631042)
EpochMetrics(epoch=24, total_rounds=88, total_fda_steps=9000, accuracy=0.9952999949455261)
EpochMetrics(epoch=26, total_rounds=16, total_fda_steps=975, accuracy=0.9879000186920166)
EpochMetrics(epoch=27, total_rounds=11, total_fda_steps=1013, accuracy=0.9876999855041504)
EpochMetrics(epoch=26, total_rounds=18, total_fda_steps=1084, accuracy=0.9905999898910522)
EpochMetrics(epoch=26, total_rounds=41, total_fda_steps=4875, accuracy=0.995199978351593)
EpochMetrics(epoch=26, total_rounds=12, total_fda_steps=1084, accuracy=0.9886000156402588)
EpochMetrics(epoch=25, total_rounds=92, total_fda_steps=9375, accuracy=0.9947999715805054)
EpochMetrics(epoch=28, total_rounds=11, total_fda_steps=1050, accuracy=0.9879999756813049)
EpochMetrics(epoch=27, total_rounds=17, total_fda_steps=1013, accuracy=0.988099992275238)
EpochMetrics(epoch=27, total_rounds=18, total_fda_steps=1125, accuracy=0.9901000261306763)
EpochMetrics(epoch=27, total_rounds=42, total_fda_steps=5063, accuracy=0.9958000183105469)
EpochMetrics(epoch=27, total_rounds=12, total_fda_steps=1125, accuracy=0.9887999892234802)
EpochMetrics(epoch=29, total_rounds=12, total_fda_steps=1088, accuracy=0.9890999794006348)
EpochMetrics(epoch=28, total_rounds=17, total_fda_steps=1050, accuracy=0.9882000088691711)
EpochMetrics(epoch=26, total_rounds=96, total_fda_steps=9750, accuracy=0.9951000213623047)
EpochMetrics(epoch=28, total_rounds=19, total_fda_steps=1167, accuracy=0.9904000163078308)
EpochMetrics(epoch=28, total_rounds=44, total_fda_steps=5250, accuracy=0.9944999814033508)
EpochMetrics(epoch=28, total_rounds=12, total_fda_steps=1167, accuracy=0.9886999726295471)
EpochMetrics(epoch=30, total_rounds=12, total_fda_steps=1125, accuracy=0.989799976348877)
EpochMetrics(epoch=29, total_rounds=17, total_fda_steps=1088, accuracy=0.9887999892234802)
EpochMetrics(epoch=27, total_rounds=99, total_fda_steps=10125, accuracy=0.9948999881744385)
EpochMetrics(epoch=29, total_rounds=19, total_fda_steps=1209, accuracy=0.9901000261306763)
EpochMetrics(epoch=29, total_rounds=45, total_fda_steps=5438, accuracy=0.9955000281333923)
EpochMetrics(epoch=29, total_rounds=12, total_fda_steps=1209, accuracy=0.9887999892234802)
EpochMetrics(epoch=31, total_rounds=12, total_fda_steps=1163, accuracy=0.9894999861717224)
EpochMetrics(epoch=30, total_rounds=18, total_fda_steps=1125, accuracy=0.9891999959945679)
EpochMetrics(epoch=28, total_rounds=102, total_fda_steps=10500, accuracy=0.9945999979972839)
EpochMetrics(epoch=30, total_rounds=20, total_fda_steps=1250, accuracy=0.9902999997138977)
EpochMetrics(epoch=30, total_rounds=47, total_fda_steps=5625, accuracy=0.9950000047683716)
EpochMetrics(epoch=30, total_rounds=13, total_fda_steps=1250, accuracy=0.9894999861717224)
EpochMetrics(epoch=32, total_rounds=12, total_fda_steps=1200, accuracy=0.9894000291824341)
EpochMetrics(epoch=31, total_rounds=18, total_fda_steps=1163, accuracy=0.9891999959945679)
EpochMetrics(epoch=31, total_rounds=20, total_fda_steps=1292, accuracy=0.9912999868392944)
EpochMetrics(epoch=29, total_rounds=105, total_fda_steps=10875, accuracy=0.9948999881744385)
EpochMetrics(epoch=31, total_rounds=48, total_fda_steps=5813, accuracy=0.9955999851226807)
EpochMetrics(epoch=31, total_rounds=13, total_fda_steps=1292, accuracy=0.9900000095367432)
EpochMetrics(epoch=33, total_rounds=13, total_fda_steps=1238, accuracy=0.991100013256073)
EpochMetrics(epoch=32, total_rounds=19, total_fda_steps=1200, accuracy=0.9886000156402588)
EpochMetrics(epoch=32, total_rounds=20, total_fda_steps=1334, accuracy=0.9909999966621399)
EpochMetrics(epoch=30, total_rounds=109, total_fda_steps=11250, accuracy=0.9939000010490417)
EpochMetrics(epoch=32, total_rounds=50, total_fda_steps=6000, accuracy=0.9952999949455261)
EpochMetrics(epoch=32, total_rounds=13, total_fda_steps=1334, accuracy=0.9890000224113464)
EpochMetrics(epoch=34, total_rounds=13, total_fda_steps=1275, accuracy=0.9905999898910522)
EpochMetrics(epoch=33, total_rounds=19, total_fda_steps=1238, accuracy=0.9897000193595886)
EpochMetrics(epoch=33, total_rounds=21, total_fda_steps=1375, accuracy=0.991599977016449)
EpochMetrics(epoch=33, total_rounds=51, total_fda_steps=6188, accuracy=0.9947999715805054)
EpochMetrics(epoch=31, total_rounds=112, total_fda_steps=11625, accuracy=0.9939000010490417)
EpochMetrics(epoch=33, total_rounds=14, total_fda_steps=1375, accuracy=0.9896000027656555)
EpochMetrics(epoch=35, total_rounds=13, total_fda_steps=1313, accuracy=0.9902999997138977)
EpochMetrics(epoch=34, total_rounds=19, total_fda_steps=1275, accuracy=0.9897000193595886)
EpochMetrics(epoch=34, total_rounds=21, total_fda_steps=1417, accuracy=0.9916999936103821)
EpochMetrics(epoch=34, total_rounds=53, total_fda_steps=6375, accuracy=0.9951000213623047)
EpochMetrics(epoch=32, total_rounds=115, total_fda_steps=12000, accuracy=0.9944999814033508)
EpochMetrics(epoch=36, total_rounds=13, total_fda_steps=1350, accuracy=0.9902999997138977)
EpochMetrics(epoch=34, total_rounds=14, total_fda_steps=1417, accuracy=0.989799976348877)
EpochMetrics(epoch=35, total_rounds=20, total_fda_steps=1313, accuracy=0.9901999831199646)
EpochMetrics(epoch=35, total_rounds=22, total_fda_steps=1459, accuracy=0.9916999936103821)
EpochMetrics(epoch=35, total_rounds=54, total_fda_steps=6563, accuracy=0.995199978351593)
EpochMetrics(epoch=33, total_rounds=119, total_fda_steps=12375, accuracy=0.9948999881744385)
EpochMetrics(epoch=37, total_rounds=14, total_fda_steps=1388, accuracy=0.9907000064849854)
EpochMetrics(epoch=35, total_rounds=14, total_fda_steps=1459, accuracy=0.9905999898910522)
EpochMetrics(epoch=36, total_rounds=20, total_fda_steps=1350, accuracy=0.9904999732971191)
EpochMetrics(epoch=36, total_rounds=22, total_fda_steps=1500, accuracy=0.9919999837875366)
EpochMetrics(epoch=36, total_rounds=56, total_fda_steps=6750, accuracy=0.9950000047683716)
EpochMetrics(epoch=38, total_rounds=14, total_fda_steps=1425, accuracy=0.9905999898910522)
EpochMetrics(epoch=34, total_rounds=122, total_fda_steps=12750, accuracy=0.9947999715805054)
EpochMetrics(epoch=36, total_rounds=14, total_fda_steps=1500, accuracy=0.9901999831199646)
EpochMetrics(epoch=37, total_rounds=20, total_fda_steps=1388, accuracy=0.989799976348877)
EpochMetrics(epoch=37, total_rounds=23, total_fda_steps=1542, accuracy=0.9919000267982483)
EpochMetrics(epoch=37, total_rounds=57, total_fda_steps=6938, accuracy=0.9947999715805054)
EpochMetrics(epoch=39, total_rounds=14, total_fda_steps=1463, accuracy=0.9904999732971191)
EpochMetrics(epoch=35, total_rounds=126, total_fda_steps=13125, accuracy=0.9948999881744385)
EpochMetrics(epoch=37, total_rounds=15, total_fda_steps=1542, accuracy=0.9908000230789185)
EpochMetrics(epoch=38, total_rounds=21, total_fda_steps=1425, accuracy=0.991100013256073)
EpochMetrics(epoch=38, total_rounds=23, total_fda_steps=1584, accuracy=0.991599977016449)
EpochMetrics(epoch=38, total_rounds=58, total_fda_steps=7125, accuracy=0.9955999851226807)
EpochMetrics(epoch=40, total_rounds=14, total_fda_steps=1500, accuracy=0.9907000064849854)
EpochMetrics(epoch=38, total_rounds=15, total_fda_steps=1584, accuracy=0.9908999800682068)
EpochMetrics(epoch=36, total_rounds=129, total_fda_steps=13500, accuracy=0.9937000274658203)
EpochMetrics(epoch=39, total_rounds=21, total_fda_steps=1463, accuracy=0.991100013256073)
EpochMetrics(epoch=39, total_rounds=24, total_fda_steps=1625, accuracy=0.9919999837875366)
EpochMetrics(epoch=39, total_rounds=60, total_fda_steps=7313, accuracy=0.995199978351593)
EpochMetrics(epoch=41, total_rounds=15, total_fda_steps=1538, accuracy=0.9911999702453613)
EpochMetrics(epoch=39, total_rounds=15, total_fda_steps=1625, accuracy=0.991100013256073)
EpochMetrics(epoch=37, total_rounds=132, total_fda_steps=13875, accuracy=0.9940000176429749)
EpochMetrics(epoch=40, total_rounds=22, total_fda_steps=1500, accuracy=0.9904999732971191)
EpochMetrics(epoch=40, total_rounds=24, total_fda_steps=1667, accuracy=0.9922000169754028)
EpochMetrics(epoch=40, total_rounds=61, total_fda_steps=7500, accuracy=0.9951000213623047)
EpochMetrics(epoch=42, total_rounds=15, total_fda_steps=1575, accuracy=0.991100013256073)
EpochMetrics(epoch=40, total_rounds=15, total_fda_steps=1667, accuracy=0.9908999800682068)
EpochMetrics(epoch=41, total_rounds=22, total_fda_steps=1538, accuracy=0.9911999702453613)
EpochMetrics(epoch=38, total_rounds=136, total_fda_steps=14250, accuracy=0.9945999979972839)
EpochMetrics(epoch=41, total_rounds=24, total_fda_steps=1709, accuracy=0.9922000169754028)
EpochMetrics(epoch=43, total_rounds=15, total_fda_steps=1613, accuracy=0.9908999800682068)
EpochMetrics(epoch=41, total_rounds=63, total_fda_steps=7688, accuracy=0.9948999881744385)
EpochMetrics(epoch=41, total_rounds=16, total_fda_steps=1709, accuracy=0.9914000034332275)
EpochMetrics(epoch=42, total_rounds=22, total_fda_steps=1575, accuracy=0.9915000200271606)
EpochMetrics(epoch=39, total_rounds=139, total_fda_steps=14625, accuracy=0.995199978351593)
EpochMetrics(epoch=42, total_rounds=25, total_fda_steps=1750, accuracy=0.9932000041007996)
EpochMetrics(epoch=44, total_rounds=15, total_fda_steps=1650, accuracy=0.9914000034332275)
EpochMetrics(epoch=42, total_rounds=64, total_fda_steps=7875, accuracy=0.9948999881744385)
EpochMetrics(epoch=42, total_rounds=16, total_fda_steps=1750, accuracy=0.9909999966621399)
EpochMetrics(epoch=43, total_rounds=23, total_fda_steps=1613, accuracy=0.9922000169754028)
EpochMetrics(epoch=40, total_rounds=142, total_fda_steps=15000, accuracy=0.994700014591217)
EpochMetrics(epoch=43, total_rounds=25, total_fda_steps=1792, accuracy=0.9929999709129333)
EpochMetrics(epoch=45, total_rounds=16, total_fda_steps=1688, accuracy=0.9915000200271606)
EpochMetrics(epoch=43, total_rounds=65, total_fda_steps=8063, accuracy=0.9951000213623047)
EpochMetrics(epoch=43, total_rounds=16, total_fda_steps=1792, accuracy=0.9911999702453613)
EpochMetrics(epoch=44, total_rounds=23, total_fda_steps=1650, accuracy=0.9921000003814697)
EpochMetrics(epoch=41, total_rounds=145, total_fda_steps=15375, accuracy=0.994700014591217)
EpochMetrics(epoch=44, total_rounds=26, total_fda_steps=1834, accuracy=0.9926000237464905)
EpochMetrics(epoch=46, total_rounds=16, total_fda_steps=1725, accuracy=0.9912999868392944)
EpochMetrics(epoch=44, total_rounds=67, total_fda_steps=8250, accuracy=0.9955000281333923)
EpochMetrics(epoch=44, total_rounds=17, total_fda_steps=1834, accuracy=0.9909999966621399)
EpochMetrics(epoch=45, total_rounds=24, total_fda_steps=1688, accuracy=0.9915000200271606)
EpochMetrics(epoch=45, total_rounds=26, total_fda_steps=1875, accuracy=0.9929999709129333)
EpochMetrics(epoch=42, total_rounds=148, total_fda_steps=15750, accuracy=0.9939000010490417)
EpochMetrics(epoch=47, total_rounds=16, total_fda_steps=1763, accuracy=0.9911999702453613)
EpochMetrics(epoch=45, total_rounds=69, total_fda_steps=8438, accuracy=0.9954000115394592)
EpochMetrics(epoch=45, total_rounds=17, total_fda_steps=1875, accuracy=0.9916999936103821)
EpochMetrics(epoch=46, total_rounds=24, total_fda_steps=1725, accuracy=0.9919000267982483)
EpochMetrics(epoch=48, total_rounds=16, total_fda_steps=1800, accuracy=0.9915000200271606)
EpochMetrics(epoch=46, total_rounds=27, total_fda_steps=1917, accuracy=0.9926999807357788)
EpochMetrics(epoch=43, total_rounds=152, total_fda_steps=16125, accuracy=0.9941999912261963)
EpochMetrics(epoch=46, total_rounds=70, total_fda_steps=8625, accuracy=0.9955999851226807)
EpochMetrics(epoch=47, total_rounds=24, total_fda_steps=1763, accuracy=0.9915000200271606)
EpochMetrics(epoch=46, total_rounds=17, total_fda_steps=1917, accuracy=0.9922000169754028)
EpochMetrics(epoch=49, total_rounds=17, total_fda_steps=1838, accuracy=0.9916999936103821)
EpochMetrics(epoch=47, total_rounds=27, total_fda_steps=1959, accuracy=0.9929999709129333)
EpochMetrics(epoch=44, total_rounds=154, total_fda_steps=16500, accuracy=0.9950000047683716)
EpochMetrics(epoch=47, total_rounds=72, total_fda_steps=8813, accuracy=0.994700014591217)
EpochMetrics(epoch=48, total_rounds=25, total_fda_steps=1800, accuracy=0.9919000267982483)
EpochMetrics(epoch=47, total_rounds=17, total_fda_steps=1959, accuracy=0.9916999936103821)
EpochMetrics(epoch=50, total_rounds=17, total_fda_steps=1875, accuracy=0.9919999837875366)
EpochMetrics(epoch=48, total_rounds=28, total_fda_steps=2000, accuracy=0.9929999709129333)
EpochMetrics(epoch=45, total_rounds=157, total_fda_steps=16875, accuracy=0.9947999715805054)
EpochMetrics(epoch=48, total_rounds=73, total_fda_steps=9000, accuracy=0.995199978351593)
EpochMetrics(epoch=49, total_rounds=25, total_fda_steps=1838, accuracy=0.9919999837875366)
EpochMetrics(epoch=48, total_rounds=18, total_fda_steps=2000, accuracy=0.9926000237464905)
EpochMetrics(epoch=51, total_rounds=17, total_fda_steps=1913, accuracy=0.9916999936103821)
EpochMetrics(epoch=49, total_rounds=28, total_fda_steps=2042, accuracy=0.9937999844551086)
EpochMetrics(epoch=49, total_rounds=75, total_fda_steps=9188, accuracy=0.9955000281333923)
EpochMetrics(epoch=46, total_rounds=158, total_fda_steps=17250, accuracy=0.9945999979972839)
EpochMetrics(epoch=50, total_rounds=25, total_fda_steps=1875, accuracy=0.9919000267982483)
EpochMetrics(epoch=49, total_rounds=18, total_fda_steps=2042, accuracy=0.9926999807357788)
EpochMetrics(epoch=52, total_rounds=17, total_fda_steps=1950, accuracy=0.991599977016449)
EpochMetrics(epoch=50, total_rounds=29, total_fda_steps=2084, accuracy=0.9934999942779541)
EpochMetrics(epoch=50, total_rounds=76, total_fda_steps=9375, accuracy=0.9950000047683716)
EpochMetrics(epoch=47, total_rounds=162, total_fda_steps=17625, accuracy=0.9954000115394592)
EpochMetrics(epoch=51, total_rounds=26, total_fda_steps=1913, accuracy=0.9919999837875366)
EpochMetrics(epoch=50, total_rounds=18, total_fda_steps=2084, accuracy=0.9923999905586243)
EpochMetrics(epoch=53, total_rounds=18, total_fda_steps=1988, accuracy=0.9919000267982483)
EpochMetrics(epoch=51, total_rounds=29, total_fda_steps=2125, accuracy=0.993399977684021)
EpochMetrics(epoch=51, total_rounds=78, total_fda_steps=9563, accuracy=0.9950000047683716)
EpochMetrics(epoch=48, total_rounds=165, total_fda_steps=18000, accuracy=0.9944999814033508)
EpochMetrics(epoch=52, total_rounds=26, total_fda_steps=1950, accuracy=0.9919999837875366)
EpochMetrics(epoch=54, total_rounds=18, total_fda_steps=2025, accuracy=0.9919999837875366)
EpochMetrics(epoch=51, total_rounds=19, total_fda_steps=2125, accuracy=0.9919999837875366)
EpochMetrics(epoch=52, total_rounds=30, total_fda_steps=2167, accuracy=0.9937999844551086)
EpochMetrics(epoch=52, total_rounds=79, total_fda_steps=9750, accuracy=0.9952999949455261)
EpochMetrics(epoch=49, total_rounds=168, total_fda_steps=18375, accuracy=0.995199978351593)
EpochMetrics(epoch=53, total_rounds=27, total_fda_steps=1988, accuracy=0.9919000267982483)
EpochMetrics(epoch=55, total_rounds=18, total_fda_steps=2063, accuracy=0.9919999837875366)
EpochMetrics(epoch=52, total_rounds=19, total_fda_steps=2167, accuracy=0.9926999807357788)
EpochMetrics(epoch=53, total_rounds=30, total_fda_steps=2209, accuracy=0.9940000176429749)
EpochMetrics(epoch=53, total_rounds=80, total_fda_steps=9938, accuracy=0.9955000281333923)
EpochMetrics(epoch=50, total_rounds=171, total_fda_steps=18750, accuracy=0.9950000047683716)
EpochMetrics(epoch=54, total_rounds=27, total_fda_steps=2025, accuracy=0.9922000169754028)
EpochMetrics(epoch=56, total_rounds=18, total_fda_steps=2100, accuracy=0.9919999837875366)
EpochMetrics(epoch=53, total_rounds=19, total_fda_steps=2209, accuracy=0.9923999905586243)
EpochMetrics(epoch=54, total_rounds=30, total_fda_steps=2250, accuracy=0.9940999746322632)
EpochMetrics(epoch=54, total_rounds=82, total_fda_steps=10125, accuracy=0.9952999949455261)
EpochMetrics(epoch=55, total_rounds=27, total_fda_steps=2063, accuracy=0.9919999837875366)
EpochMetrics(epoch=51, total_rounds=174, total_fda_steps=19125, accuracy=0.9947999715805054)
EpochMetrics(epoch=57, total_rounds=18, total_fda_steps=2138, accuracy=0.9918000102043152)
EpochMetrics(epoch=54, total_rounds=19, total_fda_steps=2250, accuracy=0.9922000169754028)
EpochMetrics(epoch=55, total_rounds=31, total_fda_steps=2292, accuracy=0.9940000176429749)
EpochMetrics(epoch=55, total_rounds=84, total_fda_steps=10313, accuracy=0.9952999949455261)
EpochMetrics(epoch=56, total_rounds=28, total_fda_steps=2100, accuracy=0.9922999739646912)
EpochMetrics(epoch=58, total_rounds=19, total_fda_steps=2175, accuracy=0.9926000237464905)
EpochMetrics(epoch=52, total_rounds=176, total_fda_steps=19500, accuracy=0.995199978351593)
EpochMetrics(epoch=55, total_rounds=20, total_fda_steps=2292, accuracy=0.9932000041007996)
EpochMetrics(epoch=56, total_rounds=31, total_fda_steps=2334, accuracy=0.9936000108718872)
EpochMetrics(epoch=56, total_rounds=85, total_fda_steps=10500, accuracy=0.9954000115394592)
EpochMetrics(epoch=59, total_rounds=19, total_fda_steps=2213, accuracy=0.9926000237464905)
EpochMetrics(epoch=57, total_rounds=28, total_fda_steps=2138, accuracy=0.9926000237464905)
EpochMetrics(epoch=53, total_rounds=178, total_fda_steps=19875, accuracy=0.9948999881744385)
EpochMetrics(epoch=56, total_rounds=20, total_fda_steps=2334, accuracy=0.9926999807357788)
EpochMetrics(epoch=57, total_rounds=32, total_fda_steps=2375, accuracy=0.9936000108718872)
EpochMetrics(epoch=57, total_rounds=87, total_fda_steps=10688, accuracy=0.995199978351593)
EpochMetrics(epoch=60, total_rounds=19, total_fda_steps=2250, accuracy=0.9922000169754028)
EpochMetrics(epoch=58, total_rounds=29, total_fda_steps=2175, accuracy=0.9921000003814697)
EpochMetrics(epoch=54, total_rounds=182, total_fda_steps=20250, accuracy=0.9945999979972839)
EpochMetrics(epoch=57, total_rounds=20, total_fda_steps=2375, accuracy=0.992900013923645)
EpochMetrics(epoch=58, total_rounds=32, total_fda_steps=2417, accuracy=0.9940000176429749)
EpochMetrics(epoch=58, total_rounds=88, total_fda_steps=10875, accuracy=0.9961000084877014)
EpochMetrics(epoch=61, total_rounds=19, total_fda_steps=2288, accuracy=0.9922000169754028)
EpochMetrics(epoch=59, total_rounds=29, total_fda_steps=2213, accuracy=0.9923999905586243)
EpochMetrics(epoch=58, total_rounds=20, total_fda_steps=2417, accuracy=0.9923999905586243)
EpochMetrics(epoch=55, total_rounds=185, total_fda_steps=20625, accuracy=0.9945999979972839)
EpochMetrics(epoch=59, total_rounds=33, total_fda_steps=2459, accuracy=0.9937999844551086)
EpochMetrics(epoch=59, total_rounds=89, total_fda_steps=11063, accuracy=0.9959999918937683)
EpochMetrics(epoch=62, total_rounds=20, total_fda_steps=2325, accuracy=0.992900013923645)
EpochMetrics(epoch=60, total_rounds=29, total_fda_steps=2250, accuracy=0.9922999739646912)
EpochMetrics(epoch=59, total_rounds=21, total_fda_steps=2459, accuracy=0.9933000206947327)
EpochMetrics(epoch=56, total_rounds=187, total_fda_steps=21000, accuracy=0.9951000213623047)
EpochMetrics(epoch=60, total_rounds=33, total_fda_steps=2500, accuracy=0.9939000010490417)
EpochMetrics(epoch=60, total_rounds=90, total_fda_steps=11250, accuracy=0.9955999851226807)
EpochMetrics(epoch=63, total_rounds=20, total_fda_steps=2363, accuracy=0.9929999709129333)
EpochMetrics(epoch=61, total_rounds=30, total_fda_steps=2288, accuracy=0.9922999739646912)
EpochMetrics(epoch=60, total_rounds=21, total_fda_steps=2500, accuracy=0.9929999709129333)
EpochMetrics(epoch=61, total_rounds=34, total_fda_steps=2542, accuracy=0.9937999844551086)
EpochMetrics(epoch=57, total_rounds=190, total_fda_steps=21375, accuracy=0.9943000078201294)
EpochMetrics(epoch=64, total_rounds=20, total_fda_steps=2400, accuracy=0.9922999739646912)
EpochMetrics(epoch=61, total_rounds=92, total_fda_steps=11438, accuracy=0.9954000115394592)
EpochMetrics(epoch=62, total_rounds=30, total_fda_steps=2325, accuracy=0.9926000237464905)
EpochMetrics(epoch=61, total_rounds=21, total_fda_steps=2542, accuracy=0.9930999875068665)
EpochMetrics(epoch=62, total_rounds=34, total_fda_steps=2584, accuracy=0.9939000010490417)
EpochMetrics(epoch=58, total_rounds=193, total_fda_steps=21750, accuracy=0.9950000047683716)
EpochMetrics(epoch=65, total_rounds=20, total_fda_steps=2438, accuracy=0.9932000041007996)
EpochMetrics(epoch=62, total_rounds=94, total_fda_steps=11625, accuracy=0.9955000281333923)
EpochMetrics(epoch=63, total_rounds=31, total_fda_steps=2363, accuracy=0.992900013923645)
EpochMetrics(epoch=62, total_rounds=22, total_fda_steps=2584, accuracy=0.9930999875068665)
EpochMetrics(epoch=63, total_rounds=34, total_fda_steps=2625, accuracy=0.9939000010490417)
EpochMetrics(epoch=59, total_rounds=197, total_fda_steps=22125, accuracy=0.9948999881744385)
EpochMetrics(epoch=66, total_rounds=21, total_fda_steps=2475, accuracy=0.9927999973297119)
EpochMetrics(epoch=63, total_rounds=96, total_fda_steps=11813, accuracy=0.9957000017166138)
EpochMetrics(epoch=64, total_rounds=31, total_fda_steps=2400, accuracy=0.9926999807357788)
EpochMetrics(epoch=63, total_rounds=22, total_fda_steps=2625, accuracy=0.993399977684021)
EpochMetrics(epoch=64, total_rounds=35, total_fda_steps=2667, accuracy=0.9940999746322632)
EpochMetrics(epoch=67, total_rounds=21, total_fda_steps=2513, accuracy=0.9930999875068665)
EpochMetrics(epoch=60, total_rounds=200, total_fda_steps=22500, accuracy=0.9947999715805054)
EpochMetrics(epoch=64, total_rounds=97, total_fda_steps=12000, accuracy=0.9954000115394592)
EpochMetrics(epoch=65, total_rounds=31, total_fda_steps=2438, accuracy=0.9929999709129333)
EpochMetrics(epoch=64, total_rounds=22, total_fda_steps=2667, accuracy=0.993399977684021)
EpochMetrics(epoch=65, total_rounds=35, total_fda_steps=2709, accuracy=0.9943000078201294)
EpochMetrics(epoch=68, total_rounds=21, total_fda_steps=2550, accuracy=0.9926999807357788)
EpochMetrics(epoch=61, total_rounds=202, total_fda_steps=22875, accuracy=0.9947999715805054)
EpochMetrics(epoch=65, total_rounds=98, total_fda_steps=12188, accuracy=0.9958000183105469)
EpochMetrics(epoch=66, total_rounds=32, total_fda_steps=2475, accuracy=0.9932000041007996)
EpochMetrics(epoch=65, total_rounds=22, total_fda_steps=2709, accuracy=0.9930999875068665)
EpochMetrics(epoch=66, total_rounds=36, total_fda_steps=2750, accuracy=0.9943000078201294)
EpochMetrics(epoch=69, total_rounds=22, total_fda_steps=2588, accuracy=0.9927999973297119)
EpochMetrics(epoch=66, total_rounds=99, total_fda_steps=12375, accuracy=0.995199978351593)
EpochMetrics(epoch=62, total_rounds=204, total_fda_steps=23250, accuracy=0.994700014591217)
EpochMetrics(epoch=67, total_rounds=32, total_fda_steps=2513, accuracy=0.9929999709129333)
EpochMetrics(epoch=66, total_rounds=23, total_fda_steps=2750, accuracy=0.9937000274658203)
EpochMetrics(epoch=67, total_rounds=36, total_fda_steps=2792, accuracy=0.9944999814033508)
EpochMetrics(epoch=70, total_rounds=22, total_fda_steps=2625, accuracy=0.9932000041007996)
EpochMetrics(epoch=67, total_rounds=100, total_fda_steps=12563, accuracy=0.9955000281333923)
EpochMetrics(epoch=63, total_rounds=205, total_fda_steps=23625, accuracy=0.9948999881744385)
EpochMetrics(epoch=68, total_rounds=33, total_fda_steps=2550, accuracy=0.9932000041007996)
EpochMetrics(epoch=68, total_rounds=37, total_fda_steps=2834, accuracy=0.9941999912261963)
EpochMetrics(epoch=67, total_rounds=23, total_fda_steps=2792, accuracy=0.9934999942779541)
EpochMetrics(epoch=71, total_rounds=22, total_fda_steps=2663, accuracy=0.992900013923645)
EpochMetrics(epoch=68, total_rounds=101, total_fda_steps=12750, accuracy=0.9952999949455261)
EpochMetrics(epoch=69, total_rounds=33, total_fda_steps=2588, accuracy=0.9933000206947327)
EpochMetrics(epoch=64, total_rounds=206, total_fda_steps=24000, accuracy=0.994700014591217)
EpochMetrics(epoch=69, total_rounds=37, total_fda_steps=2875, accuracy=0.9944000244140625)
EpochMetrics(epoch=68, total_rounds=23, total_fda_steps=2834, accuracy=0.9933000206947327)
EpochMetrics(epoch=72, total_rounds=22, total_fda_steps=2700, accuracy=0.992900013923645)
EpochMetrics(epoch=69, total_rounds=103, total_fda_steps=12938, accuracy=0.9955000281333923)
EpochMetrics(epoch=70, total_rounds=34, total_fda_steps=2625, accuracy=0.9926000237464905)
EpochMetrics(epoch=65, total_rounds=209, total_fda_steps=24375, accuracy=0.9947999715805054)
EpochMetrics(epoch=70, total_rounds=38, total_fda_steps=2917, accuracy=0.9941999912261963)
EpochMetrics(epoch=73, total_rounds=23, total_fda_steps=2738, accuracy=0.9932000041007996)
EpochMetrics(epoch=69, total_rounds=24, total_fda_steps=2875, accuracy=0.9937999844551086)
EpochMetrics(epoch=70, total_rounds=104, total_fda_steps=13125, accuracy=0.9952999949455261)
EpochMetrics(epoch=71, total_rounds=34, total_fda_steps=2663, accuracy=0.9936000108718872)
EpochMetrics(epoch=66, total_rounds=213, total_fda_steps=24750, accuracy=0.9941999912261963)
EpochMetrics(epoch=74, total_rounds=23, total_fda_steps=2775, accuracy=0.9933000206947327)
EpochMetrics(epoch=71, total_rounds=38, total_fda_steps=2959, accuracy=0.9945999979972839)
EpochMetrics(epoch=70, total_rounds=24, total_fda_steps=2917, accuracy=0.9933000206947327)
EpochMetrics(epoch=71, total_rounds=105, total_fda_steps=13313, accuracy=0.9957000017166138)
EpochMetrics(epoch=72, total_rounds=34, total_fda_steps=2700, accuracy=0.993399977684021)
EpochMetrics(epoch=67, total_rounds=216, total_fda_steps=25125, accuracy=0.9947999715805054)
EpochMetrics(epoch=75, total_rounds=23, total_fda_steps=2813, accuracy=0.9929999709129333)
EpochMetrics(epoch=72, total_rounds=39, total_fda_steps=3000, accuracy=0.9939000010490417)
EpochMetrics(epoch=71, total_rounds=24, total_fda_steps=2959, accuracy=0.9934999942779541)
EpochMetrics(epoch=72, total_rounds=107, total_fda_steps=13500, accuracy=0.9955999851226807)
EpochMetrics(epoch=73, total_rounds=35, total_fda_steps=2738, accuracy=0.9933000206947327)
EpochMetrics(epoch=68, total_rounds=218, total_fda_steps=25500, accuracy=0.9948999881744385)
EpochMetrics(epoch=76, total_rounds=23, total_fda_steps=2850, accuracy=0.9933000206947327)
EpochMetrics(epoch=73, total_rounds=39, total_fda_steps=3042, accuracy=0.9937000274658203)
EpochMetrics(epoch=72, total_rounds=24, total_fda_steps=3000, accuracy=0.993399977684021)
EpochMetrics(epoch=73, total_rounds=108, total_fda_steps=13688, accuracy=0.9958000183105469)
EpochMetrics(epoch=74, total_rounds=35, total_fda_steps=2775, accuracy=0.9932000041007996)
EpochMetrics(epoch=77, total_rounds=24, total_fda_steps=2888, accuracy=0.9936000108718872)
EpochMetrics(epoch=69, total_rounds=220, total_fda_steps=25875, accuracy=0.9952999949455261)
EpochMetrics(epoch=74, total_rounds=40, total_fda_steps=3084, accuracy=0.9936000108718872)
EpochMetrics(epoch=73, total_rounds=25, total_fda_steps=3042, accuracy=0.993399977684021)
EpochMetrics(epoch=74, total_rounds=110, total_fda_steps=13875, accuracy=0.9951000213623047)
EpochMetrics(epoch=75, total_rounds=36, total_fda_steps=2813, accuracy=0.9934999942779541)
EpochMetrics(epoch=78, total_rounds=24, total_fda_steps=2925, accuracy=0.9937999844551086)
EpochMetrics(epoch=75, total_rounds=40, total_fda_steps=3125, accuracy=0.9939000010490417)
EpochMetrics(epoch=70, total_rounds=223, total_fda_steps=26250, accuracy=0.994700014591217)
EpochMetrics(epoch=74, total_rounds=25, total_fda_steps=3084, accuracy=0.9937000274658203)
EpochMetrics(epoch=75, total_rounds=111, total_fda_steps=14063, accuracy=0.9955000281333923)
EpochMetrics(epoch=76, total_rounds=36, total_fda_steps=2850, accuracy=0.9936000108718872)
EpochMetrics(epoch=79, total_rounds=24, total_fda_steps=2963, accuracy=0.993399977684021)
EpochMetrics(epoch=76, total_rounds=40, total_fda_steps=3167, accuracy=0.9943000078201294)
EpochMetrics(epoch=71, total_rounds=225, total_fda_steps=26625, accuracy=0.994700014591217)
EpochMetrics(epoch=75, total_rounds=25, total_fda_steps=3125, accuracy=0.9936000108718872)
EpochMetrics(epoch=76, total_rounds=113, total_fda_steps=14250, accuracy=0.9955000281333923)
EpochMetrics(epoch=77, total_rounds=36, total_fda_steps=2888, accuracy=0.9937000274658203)
EpochMetrics(epoch=80, total_rounds=24, total_fda_steps=3000, accuracy=0.9936000108718872)
EpochMetrics(epoch=77, total_rounds=41, total_fda_steps=3209, accuracy=0.9940000176429749)
EpochMetrics(epoch=76, total_rounds=26, total_fda_steps=3167, accuracy=0.9934999942779541)
EpochMetrics(epoch=72, total_rounds=227, total_fda_steps=27000, accuracy=0.994700014591217)
EpochMetrics(epoch=77, total_rounds=114, total_fda_steps=14438, accuracy=0.9958999752998352)
EpochMetrics(epoch=78, total_rounds=37, total_fda_steps=2925, accuracy=0.9936000108718872)
EpochMetrics(epoch=81, total_rounds=25, total_fda_steps=3038, accuracy=0.9934999942779541)
EpochMetrics(epoch=78, total_rounds=41, total_fda_steps=3250, accuracy=0.9943000078201294)
EpochMetrics(epoch=77, total_rounds=26, total_fda_steps=3209, accuracy=0.9937000274658203)
EpochMetrics(epoch=73, total_rounds=230, total_fda_steps=27375, accuracy=0.9944000244140625)
EpochMetrics(epoch=78, total_rounds=115, total_fda_steps=14625, accuracy=0.9955999851226807)
EpochMetrics(epoch=79, total_rounds=37, total_fda_steps=2963, accuracy=0.9937999844551086)
EpochMetrics(epoch=82, total_rounds=25, total_fda_steps=3075, accuracy=0.9937999844551086)
EpochMetrics(epoch=79, total_rounds=42, total_fda_steps=3292, accuracy=0.9944000244140625)
EpochMetrics(epoch=78, total_rounds=26, total_fda_steps=3250, accuracy=0.993399977684021)
EpochMetrics(epoch=74, total_rounds=232, total_fda_steps=27750, accuracy=0.9945999979972839)
EpochMetrics(epoch=80, total_rounds=38, total_fda_steps=3000, accuracy=0.9939000010490417)
EpochMetrics(epoch=79, total_rounds=116, total_fda_steps=14813, accuracy=0.9957000017166138)
EpochMetrics(epoch=83, total_rounds=25, total_fda_steps=3113, accuracy=0.9937999844551086)
EpochMetrics(epoch=80, total_rounds=42, total_fda_steps=3334, accuracy=0.9943000078201294)
EpochMetrics(epoch=79, total_rounds=26, total_fda_steps=3292, accuracy=0.9936000108718872)
EpochMetrics(epoch=75, total_rounds=234, total_fda_steps=28125, accuracy=0.995199978351593)
EpochMetrics(epoch=81, total_rounds=38, total_fda_steps=3038, accuracy=0.9937000274658203)
EpochMetrics(epoch=80, total_rounds=118, total_fda_steps=15000, accuracy=0.9952999949455261)
EpochMetrics(epoch=84, total_rounds=25, total_fda_steps=3150, accuracy=0.9937999844551086)
EpochMetrics(epoch=81, total_rounds=43, total_fda_steps=3375, accuracy=0.9940000176429749)
EpochMetrics(epoch=80, total_rounds=27, total_fda_steps=3334, accuracy=0.9937999844551086)
EpochMetrics(epoch=82, total_rounds=39, total_fda_steps=3075, accuracy=0.9937000274658203)
EpochMetrics(epoch=76, total_rounds=237, total_fda_steps=28500, accuracy=0.9944999814033508)
EpochMetrics(epoch=85, total_rounds=26, total_fda_steps=3188, accuracy=0.9937999844551086)
EpochMetrics(epoch=81, total_rounds=119, total_fda_steps=15188, accuracy=0.9951000213623047)
EpochMetrics(epoch=82, total_rounds=43, total_fda_steps=3417, accuracy=0.994700014591217)
EpochMetrics(epoch=81, total_rounds=27, total_fda_steps=3375, accuracy=0.9937999844551086)
EpochMetrics(epoch=86, total_rounds=26, total_fda_steps=3225, accuracy=0.9936000108718872)
EpochMetrics(epoch=83, total_rounds=39, total_fda_steps=3113, accuracy=0.9937999844551086)
EpochMetrics(epoch=82, total_rounds=120, total_fda_steps=15375, accuracy=0.9952999949455261)
EpochMetrics(epoch=77, total_rounds=240, total_fda_steps=28875, accuracy=0.994700014591217)
EpochMetrics(epoch=83, total_rounds=44, total_fda_steps=3459, accuracy=0.9941999912261963)
EpochMetrics(epoch=82, total_rounds=27, total_fda_steps=3417, accuracy=0.9937000274658203)
EpochMetrics(epoch=87, total_rounds=26, total_fda_steps=3263, accuracy=0.9939000010490417)
EpochMetrics(epoch=84, total_rounds=39, total_fda_steps=3150, accuracy=0.9940000176429749)
EpochMetrics(epoch=83, total_rounds=121, total_fda_steps=15563, accuracy=0.995199978351593)
EpochMetrics(epoch=78, total_rounds=243, total_fda_steps=29250, accuracy=0.9945999979972839)
EpochMetrics(epoch=84, total_rounds=44, total_fda_steps=3500, accuracy=0.9945999979972839)
EpochMetrics(epoch=83, total_rounds=28, total_fda_steps=3459, accuracy=0.9943000078201294)
EpochMetrics(epoch=88, total_rounds=26, total_fda_steps=3300, accuracy=0.9937000274658203)
EpochMetrics(epoch=85, total_rounds=40, total_fda_steps=3188, accuracy=0.9934999942779541)
EpochMetrics(epoch=84, total_rounds=122, total_fda_steps=15750, accuracy=0.9952999949455261)
EpochMetrics(epoch=79, total_rounds=245, total_fda_steps=29625, accuracy=0.994700014591217)
EpochMetrics(epoch=85, total_rounds=45, total_fda_steps=3542, accuracy=0.9943000078201294)
EpochMetrics(epoch=84, total_rounds=28, total_fda_steps=3500, accuracy=0.9940000176429749)
EpochMetrics(epoch=89, total_rounds=27, total_fda_steps=3338, accuracy=0.9937000274658203)
EpochMetrics(epoch=86, total_rounds=40, total_fda_steps=3225, accuracy=0.9940000176429749)
EpochMetrics(epoch=85, total_rounds=124, total_fda_steps=15938, accuracy=0.9950000047683716)
EpochMetrics(epoch=80, total_rounds=246, total_fda_steps=30000, accuracy=0.9948999881744385)
EpochMetrics(epoch=86, total_rounds=45, total_fda_steps=3584, accuracy=0.9945999979972839)
EpochMetrics(epoch=85, total_rounds=28, total_fda_steps=3542, accuracy=0.9937000274658203)
EpochMetrics(epoch=90, total_rounds=27, total_fda_steps=3375, accuracy=0.9939000010490417)
EpochMetrics(epoch=87, total_rounds=41, total_fda_steps=3263, accuracy=0.9941999912261963)
EpochMetrics(epoch=86, total_rounds=126, total_fda_steps=16125, accuracy=0.9957000017166138)
EpochMetrics(epoch=81, total_rounds=247, total_fda_steps=30375, accuracy=0.9945999979972839)
EpochMetrics(epoch=87, total_rounds=46, total_fda_steps=3625, accuracy=0.9944999814033508)
EpochMetrics(epoch=91, total_rounds=27, total_fda_steps=3413, accuracy=0.9937999844551086)
EpochMetrics(epoch=86, total_rounds=29, total_fda_steps=3584, accuracy=0.9936000108718872)
EpochMetrics(epoch=88, total_rounds=41, total_fda_steps=3300, accuracy=0.9939000010490417)
EpochMetrics(epoch=87, total_rounds=128, total_fda_steps=16313, accuracy=0.9957000017166138)
EpochMetrics(epoch=82, total_rounds=250, total_fda_steps=30750, accuracy=0.9944000244140625)
EpochMetrics(epoch=88, total_rounds=46, total_fda_steps=3667, accuracy=0.9944999814033508)
EpochMetrics(epoch=92, total_rounds=27, total_fda_steps=3450, accuracy=0.9936000108718872)
EpochMetrics(epoch=87, total_rounds=29, total_fda_steps=3625, accuracy=0.9939000010490417)
EpochMetrics(epoch=89, total_rounds=41, total_fda_steps=3338, accuracy=0.9940999746322632)
EpochMetrics(epoch=88, total_rounds=128, total_fda_steps=16500, accuracy=0.9957000017166138)
EpochMetrics(epoch=83, total_rounds=255, total_fda_steps=31125, accuracy=0.9944000244140625)
EpochMetrics(epoch=89, total_rounds=47, total_fda_steps=3709, accuracy=0.9943000078201294)
EpochMetrics(epoch=93, total_rounds=28, total_fda_steps=3488, accuracy=0.9940000176429749)
EpochMetrics(epoch=88, total_rounds=29, total_fda_steps=3667, accuracy=0.9937999844551086)
EpochMetrics(epoch=90, total_rounds=42, total_fda_steps=3375, accuracy=0.9940999746322632)
EpochMetrics(epoch=89, total_rounds=130, total_fda_steps=16688, accuracy=0.9954000115394592)
EpochMetrics(epoch=90, total_rounds=47, total_fda_steps=3750, accuracy=0.994700014591217)
EpochMetrics(epoch=84, total_rounds=257, total_fda_steps=31500, accuracy=0.9951000213623047)
EpochMetrics(epoch=94, total_rounds=28, total_fda_steps=3525, accuracy=0.9944999814033508)
EpochMetrics(epoch=89, total_rounds=30, total_fda_steps=3709, accuracy=0.9941999912261963)
EpochMetrics(epoch=91, total_rounds=42, total_fda_steps=3413, accuracy=0.9940000176429749)
EpochMetrics(epoch=90, total_rounds=131, total_fda_steps=16875, accuracy=0.9958000183105469)
EpochMetrics(epoch=91, total_rounds=47, total_fda_steps=3792, accuracy=0.9948999881744385)
EpochMetrics(epoch=95, total_rounds=28, total_fda_steps=3563, accuracy=0.9941999912261963)
EpochMetrics(epoch=85, total_rounds=258, total_fda_steps=31875, accuracy=0.994700014591217)
EpochMetrics(epoch=90, total_rounds=30, total_fda_steps=3750, accuracy=0.9943000078201294)
EpochMetrics(epoch=92, total_rounds=43, total_fda_steps=3450, accuracy=0.9939000010490417)
EpochMetrics(epoch=91, total_rounds=131, total_fda_steps=17063, accuracy=0.9957000017166138)
EpochMetrics(epoch=96, total_rounds=28, total_fda_steps=3600, accuracy=0.9937999844551086)
EpochMetrics(epoch=92, total_rounds=48, total_fda_steps=3834, accuracy=0.9944999814033508)
EpochMetrics(epoch=86, total_rounds=260, total_fda_steps=32250, accuracy=0.9947999715805054)
EpochMetrics(epoch=91, total_rounds=30, total_fda_steps=3792, accuracy=0.9936000108718872)
EpochMetrics(epoch=93, total_rounds=43, total_fda_steps=3488, accuracy=0.9940000176429749)
EpochMetrics(epoch=92, total_rounds=133, total_fda_steps=17250, accuracy=0.9955000281333923)
EpochMetrics(epoch=97, total_rounds=29, total_fda_steps=3638, accuracy=0.9943000078201294)
EpochMetrics(epoch=93, total_rounds=48, total_fda_steps=3875, accuracy=0.9948999881744385)
EpochMetrics(epoch=87, total_rounds=262, total_fda_steps=32625, accuracy=0.9951000213623047)
EpochMetrics(epoch=94, total_rounds=43, total_fda_steps=3525, accuracy=0.9940000176429749)
EpochMetrics(epoch=92, total_rounds=30, total_fda_steps=3834, accuracy=0.9941999912261963)
EpochMetrics(epoch=93, total_rounds=134, total_fda_steps=17438, accuracy=0.9958999752998352)
EpochMetrics(epoch=98, total_rounds=29, total_fda_steps=3675, accuracy=0.9944000244140625)
EpochMetrics(epoch=94, total_rounds=49, total_fda_steps=3917, accuracy=0.9947999715805054)
EpochMetrics(epoch=88, total_rounds=263, total_fda_steps=33000, accuracy=0.9947999715805054)
EpochMetrics(epoch=95, total_rounds=44, total_fda_steps=3563, accuracy=0.9943000078201294)
EpochMetrics(epoch=93, total_rounds=31, total_fda_steps=3875, accuracy=0.9944000244140625)
EpochMetrics(epoch=94, total_rounds=135, total_fda_steps=17625, accuracy=0.9958000183105469)
EpochMetrics(epoch=99, total_rounds=29, total_fda_steps=3713, accuracy=0.9940999746322632)
EpochMetrics(epoch=95, total_rounds=49, total_fda_steps=3959, accuracy=0.9944000244140625)
EpochMetrics(epoch=96, total_rounds=44, total_fda_steps=3600, accuracy=0.9944000244140625)
EpochMetrics(epoch=94, total_rounds=31, total_fda_steps=3917, accuracy=0.9943000078201294)
EpochMetrics(epoch=89, total_rounds=266, total_fda_steps=33375, accuracy=0.9940999746322632)
EpochMetrics(epoch=95, total_rounds=137, total_fda_steps=17813, accuracy=0.9951000213623047)
EpochMetrics(epoch=100, total_rounds=30, total_fda_steps=3750, accuracy=0.9940000176429749)

------------ Finished Testing : ------------
Dataset name : MNIST
Bias : None
Bench test : False
NN name : AdvancedCNN
FDA name : sketch
Num Clients : 50
Batch size : 32
Num Epochs : 100
Number of steps until we check RTC : 1
Theta : 75.0
Total simulation time: 102281.75431752205 sec
-----------------------------------------

EpochMetrics(epoch=96, total_rounds=50, total_fda_steps=4000, accuracy=0.9950000047683716)
EpochMetrics(epoch=97, total_rounds=45, total_fda_steps=3638, accuracy=0.9943000078201294)
EpochMetrics(epoch=95, total_rounds=31, total_fda_steps=3959, accuracy=0.9944000244140625)
EpochMetrics(epoch=90, total_rounds=269, total_fda_steps=33750, accuracy=0.9940999746322632)
EpochMetrics(epoch=96, total_rounds=137, total_fda_steps=18000, accuracy=0.9955000281333923)
EpochMetrics(epoch=97, total_rounds=50, total_fda_steps=4042, accuracy=0.9945999979972839)
EpochMetrics(epoch=98, total_rounds=45, total_fda_steps=3675, accuracy=0.9943000078201294)
EpochMetrics(epoch=96, total_rounds=32, total_fda_steps=4000, accuracy=0.9943000078201294)
EpochMetrics(epoch=91, total_rounds=272, total_fda_steps=34125, accuracy=0.9954000115394592)
EpochMetrics(epoch=97, total_rounds=139, total_fda_steps=18188, accuracy=0.9954000115394592)
EpochMetrics(epoch=98, total_rounds=51, total_fda_steps=4084, accuracy=0.9948999881744385)
EpochMetrics(epoch=99, total_rounds=46, total_fda_steps=3713, accuracy=0.9943000078201294)
EpochMetrics(epoch=97, total_rounds=32, total_fda_steps=4042, accuracy=0.9944000244140625)
EpochMetrics(epoch=98, total_rounds=140, total_fda_steps=18375, accuracy=0.9954000115394592)
EpochMetrics(epoch=92, total_rounds=274, total_fda_steps=34500, accuracy=0.9944000244140625)
EpochMetrics(epoch=99, total_rounds=51, total_fda_steps=4125, accuracy=0.9944999814033508)
EpochMetrics(epoch=100, total_rounds=46, total_fda_steps=3750, accuracy=0.9941999912261963)

------------ Finished Testing : ------------
Dataset name : MNIST
Bias : None
Bench test : False
NN name : AdvancedCNN
FDA name : sketch
Num Clients : 50
Batch size : 32
Num Epochs : 100
Number of steps until we check RTC : 1
Theta : 50.0
Total simulation time: 105573.44460344315 sec
-----------------------------------------

EpochMetrics(epoch=98, total_rounds=32, total_fda_steps=4084, accuracy=0.9944000244140625)
EpochMetrics(epoch=99, total_rounds=141, total_fda_steps=18563, accuracy=0.9952999949455261)
EpochMetrics(epoch=93, total_rounds=277, total_fda_steps=34875, accuracy=0.9941999912261963)
EpochMetrics(epoch=100, total_rounds=52, total_fda_steps=4167, accuracy=0.9947999715805054)

------------ Finished Testing : ------------
Dataset name : MNIST
Bias : None
Bench test : False
NN name : AdvancedCNN
FDA name : sketch
Num Clients : 45
Batch size : 32
Num Epochs : 100
Number of steps until we check RTC : 1
Theta : 50.0
Total simulation time: 106196.03508400917 sec
-----------------------------------------

EpochMetrics(epoch=99, total_rounds=33, total_fda_steps=4125, accuracy=0.9939000010490417)
EpochMetrics(epoch=100, total_rounds=143, total_fda_steps=18750, accuracy=0.9952999949455261)

------------ Finished Testing : ------------
Dataset name : MNIST
Bias : None
Bench test : False
NN name : AdvancedCNN
FDA name : sketch
Num Clients : 10
Batch size : 32
Num Epochs : 100
Number of steps until we check RTC : 1
Theta : 75.0
Total simulation time: 106716.88835120201 sec
-----------------------------------------

EpochMetrics(epoch=94, total_rounds=278, total_fda_steps=35250, accuracy=0.9940000176429749)
EpochMetrics(epoch=100, total_rounds=33, total_fda_steps=4167, accuracy=0.9944000244140625)

------------ Finished Testing : ------------
Dataset name : MNIST
Bias : None
Bench test : False
NN name : AdvancedCNN
FDA name : sketch
Num Clients : 45
Batch size : 32
Num Epochs : 100
Number of steps until we check RTC : 1
Theta : 75.0
Total simulation time: 107236.55403804779 sec
-----------------------------------------

EpochMetrics(epoch=95, total_rounds=281, total_fda_steps=35625, accuracy=0.995199978351593)
EpochMetrics(epoch=96, total_rounds=282, total_fda_steps=36000, accuracy=0.9950000047683716)
EpochMetrics(epoch=97, total_rounds=282, total_fda_steps=36375, accuracy=0.9950000047683716)
EpochMetrics(epoch=98, total_rounds=283, total_fda_steps=36750, accuracy=0.9944000244140625)
EpochMetrics(epoch=99, total_rounds=287, total_fda_steps=37125, accuracy=0.9947999715805054)
EpochMetrics(epoch=100, total_rounds=288, total_fda_steps=37500, accuracy=0.9948999881744385)

------------ Finished Testing : ------------
Dataset name : MNIST
Bias : None
Bench test : False
NN name : AdvancedCNN
FDA name : sketch
Num Clients : 5
Batch size : 32
Num Epochs : 100
Number of steps until we check RTC : 1
Theta : 50.0
Total simulation time: 110965.46747994423 sec
-----------------------------------------







The specified 6 processes have all been started.
All processes terminated. Exiting.
