Num GPUs Available:  1

------------ Current Test : ------------
NN name : LeNet-5
FDA name : synchronous
Num Clients : 15
Batch size : 32
Num Epochs : 250
Number of steps until we check RTC : 1
Theta : 0.0
-----------------------------------------

EpochMetrics(epoch=1, total_rounds=125, total_fda_steps=125, accuracy=0.902400016784668)
EpochMetrics(epoch=2, total_rounds=250, total_fda_steps=250, accuracy=0.9254999756813049)
EpochMetrics(epoch=3, total_rounds=375, total_fda_steps=375, accuracy=0.9419999718666077)
EpochMetrics(epoch=4, total_rounds=500, total_fda_steps=500, accuracy=0.9492999911308289)
EpochMetrics(epoch=5, total_rounds=625, total_fda_steps=625, accuracy=0.95660001039505)
EpochMetrics(epoch=6, total_rounds=750, total_fda_steps=750, accuracy=0.9613000154495239)
EpochMetrics(epoch=7, total_rounds=875, total_fda_steps=875, accuracy=0.9653000235557556)
EpochMetrics(epoch=8, total_rounds=1000, total_fda_steps=1000, accuracy=0.9674000144004822)
EpochMetrics(epoch=9, total_rounds=1125, total_fda_steps=1125, accuracy=0.9692000150680542)
EpochMetrics(epoch=10, total_rounds=1250, total_fda_steps=1250, accuracy=0.9721999764442444)
EpochMetrics(epoch=11, total_rounds=1375, total_fda_steps=1375, accuracy=0.9732999801635742)
EpochMetrics(epoch=12, total_rounds=1500, total_fda_steps=1500, accuracy=0.9757000207901001)
EpochMetrics(epoch=13, total_rounds=1625, total_fda_steps=1625, accuracy=0.975600004196167)
EpochMetrics(epoch=14, total_rounds=1750, total_fda_steps=1750, accuracy=0.9768000245094299)
EpochMetrics(epoch=15, total_rounds=1875, total_fda_steps=1875, accuracy=0.9789999723434448)
EpochMetrics(epoch=16, total_rounds=2000, total_fda_steps=2000, accuracy=0.9793000221252441)
EpochMetrics(epoch=17, total_rounds=2125, total_fda_steps=2125, accuracy=0.9800999760627747)
EpochMetrics(epoch=18, total_rounds=2250, total_fda_steps=2250, accuracy=0.9796000123023987)
EpochMetrics(epoch=19, total_rounds=2375, total_fda_steps=2375, accuracy=0.9812999963760376)
EpochMetrics(epoch=20, total_rounds=2500, total_fda_steps=2500, accuracy=0.9811999797821045)
EpochMetrics(epoch=21, total_rounds=2625, total_fda_steps=2625, accuracy=0.9825000166893005)
EpochMetrics(epoch=22, total_rounds=2750, total_fda_steps=2750, accuracy=0.9821000099182129)
EpochMetrics(epoch=23, total_rounds=2875, total_fda_steps=2875, accuracy=0.9829000234603882)
EpochMetrics(epoch=24, total_rounds=3000, total_fda_steps=3000, accuracy=0.9830999970436096)
EpochMetrics(epoch=25, total_rounds=3125, total_fda_steps=3125, accuracy=0.982699990272522)
EpochMetrics(epoch=26, total_rounds=3250, total_fda_steps=3250, accuracy=0.9833999872207642)
EpochMetrics(epoch=27, total_rounds=3375, total_fda_steps=3375, accuracy=0.9830999970436096)
EpochMetrics(epoch=28, total_rounds=3500, total_fda_steps=3500, accuracy=0.9832000136375427)
EpochMetrics(epoch=29, total_rounds=3625, total_fda_steps=3625, accuracy=0.9836999773979187)
EpochMetrics(epoch=30, total_rounds=3750, total_fda_steps=3750, accuracy=0.9843000173568726)
EpochMetrics(epoch=31, total_rounds=3875, total_fda_steps=3875, accuracy=0.9843999743461609)
EpochMetrics(epoch=32, total_rounds=4000, total_fda_steps=4000, accuracy=0.9846000075340271)
EpochMetrics(epoch=33, total_rounds=4125, total_fda_steps=4125, accuracy=0.9840999841690063)
EpochMetrics(epoch=34, total_rounds=4250, total_fda_steps=4250, accuracy=0.9843000173568726)
EpochMetrics(epoch=35, total_rounds=4375, total_fda_steps=4375, accuracy=0.9853000044822693)
EpochMetrics(epoch=36, total_rounds=4500, total_fda_steps=4500, accuracy=0.9847000241279602)
EpochMetrics(epoch=37, total_rounds=4625, total_fda_steps=4625, accuracy=0.9850000143051147)
EpochMetrics(epoch=38, total_rounds=4750, total_fda_steps=4750, accuracy=0.9861999750137329)
EpochMetrics(epoch=39, total_rounds=4875, total_fda_steps=4875, accuracy=0.9855999946594238)
EpochMetrics(epoch=40, total_rounds=5000, total_fda_steps=5000, accuracy=0.9847999811172485)
EpochMetrics(epoch=41, total_rounds=5125, total_fda_steps=5125, accuracy=0.984499990940094)
EpochMetrics(epoch=42, total_rounds=5250, total_fda_steps=5250, accuracy=0.9854000210762024)
EpochMetrics(epoch=43, total_rounds=5375, total_fda_steps=5375, accuracy=0.98580002784729)
EpochMetrics(epoch=44, total_rounds=5500, total_fda_steps=5500, accuracy=0.9858999848365784)
EpochMetrics(epoch=45, total_rounds=5625, total_fda_steps=5625, accuracy=0.9861000180244446)
EpochMetrics(epoch=46, total_rounds=5750, total_fda_steps=5750, accuracy=0.9855999946594238)
EpochMetrics(epoch=47, total_rounds=5875, total_fda_steps=5875, accuracy=0.9840999841690063)
EpochMetrics(epoch=48, total_rounds=6000, total_fda_steps=6000, accuracy=0.9853000044822693)
EpochMetrics(epoch=49, total_rounds=6125, total_fda_steps=6125, accuracy=0.9853000044822693)
EpochMetrics(epoch=50, total_rounds=6250, total_fda_steps=6250, accuracy=0.9857000112533569)
EpochMetrics(epoch=51, total_rounds=6375, total_fda_steps=6375, accuracy=0.9854999780654907)
EpochMetrics(epoch=52, total_rounds=6500, total_fda_steps=6500, accuracy=0.9857000112533569)
EpochMetrics(epoch=53, total_rounds=6625, total_fda_steps=6625, accuracy=0.9851999878883362)
EpochMetrics(epoch=54, total_rounds=6750, total_fda_steps=6750, accuracy=0.9861999750137329)
EpochMetrics(epoch=55, total_rounds=6875, total_fda_steps=6875, accuracy=0.9850000143051147)
EpochMetrics(epoch=56, total_rounds=7000, total_fda_steps=7000, accuracy=0.9850000143051147)
EpochMetrics(epoch=57, total_rounds=7125, total_fda_steps=7125, accuracy=0.98580002784729)
EpochMetrics(epoch=58, total_rounds=7250, total_fda_steps=7250, accuracy=0.9858999848365784)
EpochMetrics(epoch=59, total_rounds=7375, total_fda_steps=7375, accuracy=0.9861000180244446)
EpochMetrics(epoch=60, total_rounds=7500, total_fda_steps=7500, accuracy=0.9864000082015991)
EpochMetrics(epoch=61, total_rounds=7625, total_fda_steps=7625, accuracy=0.9855999946594238)
EpochMetrics(epoch=62, total_rounds=7750, total_fda_steps=7750, accuracy=0.9850999712944031)
EpochMetrics(epoch=63, total_rounds=7875, total_fda_steps=7875, accuracy=0.9861000180244446)
EpochMetrics(epoch=64, total_rounds=8000, total_fda_steps=8000, accuracy=0.9855999946594238)
EpochMetrics(epoch=65, total_rounds=8125, total_fda_steps=8125, accuracy=0.9861000180244446)
EpochMetrics(epoch=66, total_rounds=8250, total_fda_steps=8250, accuracy=0.9847999811172485)
EpochMetrics(epoch=67, total_rounds=8375, total_fda_steps=8375, accuracy=0.9860000014305115)
EpochMetrics(epoch=68, total_rounds=8500, total_fda_steps=8500, accuracy=0.9860000014305115)
EpochMetrics(epoch=69, total_rounds=8625, total_fda_steps=8625, accuracy=0.9872000217437744)
EpochMetrics(epoch=70, total_rounds=8750, total_fda_steps=8750, accuracy=0.9861000180244446)
EpochMetrics(epoch=71, total_rounds=8875, total_fda_steps=8875, accuracy=0.9860000014305115)
EpochMetrics(epoch=72, total_rounds=9000, total_fda_steps=9000, accuracy=0.9865000247955322)
EpochMetrics(epoch=73, total_rounds=9125, total_fda_steps=9125, accuracy=0.9864000082015991)
EpochMetrics(epoch=74, total_rounds=9250, total_fda_steps=9250, accuracy=0.9858999848365784)
EpochMetrics(epoch=75, total_rounds=9375, total_fda_steps=9375, accuracy=0.9868000149726868)
EpochMetrics(epoch=76, total_rounds=9500, total_fda_steps=9500, accuracy=0.9855999946594238)
EpochMetrics(epoch=77, total_rounds=9625, total_fda_steps=9625, accuracy=0.9868000149726868)
EpochMetrics(epoch=78, total_rounds=9750, total_fda_steps=9750, accuracy=0.9871000051498413)
EpochMetrics(epoch=79, total_rounds=9875, total_fda_steps=9875, accuracy=0.9868999719619751)
EpochMetrics(epoch=80, total_rounds=10000, total_fda_steps=10000, accuracy=0.9868000149726868)
EpochMetrics(epoch=81, total_rounds=10125, total_fda_steps=10125, accuracy=0.986299991607666)
EpochMetrics(epoch=82, total_rounds=10250, total_fda_steps=10250, accuracy=0.9857000112533569)
EpochMetrics(epoch=83, total_rounds=10375, total_fda_steps=10375, accuracy=0.9865999817848206)
EpochMetrics(epoch=84, total_rounds=10500, total_fda_steps=10500, accuracy=0.9861000180244446)
EpochMetrics(epoch=85, total_rounds=10625, total_fda_steps=10625, accuracy=0.9869999885559082)
EpochMetrics(epoch=86, total_rounds=10750, total_fda_steps=10750, accuracy=0.9861999750137329)
EpochMetrics(epoch=87, total_rounds=10875, total_fda_steps=10875, accuracy=0.9869999885559082)
EpochMetrics(epoch=88, total_rounds=11000, total_fda_steps=11000, accuracy=0.987500011920929)
EpochMetrics(epoch=89, total_rounds=11125, total_fda_steps=11125, accuracy=0.9869999885559082)
EpochMetrics(epoch=90, total_rounds=11250, total_fda_steps=11250, accuracy=0.9864000082015991)
EpochMetrics(epoch=91, total_rounds=11375, total_fda_steps=11375, accuracy=0.9865000247955322)
EpochMetrics(epoch=92, total_rounds=11500, total_fda_steps=11500, accuracy=0.9876000285148621)
EpochMetrics(epoch=93, total_rounds=11625, total_fda_steps=11625, accuracy=0.9866999983787537)
EpochMetrics(epoch=94, total_rounds=11750, total_fda_steps=11750, accuracy=0.9865999817848206)
EpochMetrics(epoch=95, total_rounds=11875, total_fda_steps=11875, accuracy=0.9869999885559082)
EpochMetrics(epoch=96, total_rounds=12000, total_fda_steps=12000, accuracy=0.9872000217437744)
EpochMetrics(epoch=97, total_rounds=12125, total_fda_steps=12125, accuracy=0.9868000149726868)
EpochMetrics(epoch=98, total_rounds=12250, total_fda_steps=12250, accuracy=0.9872999787330627)
EpochMetrics(epoch=99, total_rounds=12375, total_fda_steps=12375, accuracy=0.9876999855041504)
EpochMetrics(epoch=100, total_rounds=12500, total_fda_steps=12500, accuracy=0.9868000149726868)
EpochMetrics(epoch=101, total_rounds=12625, total_fda_steps=12625, accuracy=0.9869999885559082)
EpochMetrics(epoch=102, total_rounds=12750, total_fda_steps=12750, accuracy=0.9872000217437744)
EpochMetrics(epoch=103, total_rounds=12875, total_fda_steps=12875, accuracy=0.9861000180244446)
EpochMetrics(epoch=104, total_rounds=13000, total_fda_steps=13000, accuracy=0.9868000149726868)
EpochMetrics(epoch=105, total_rounds=13125, total_fda_steps=13125, accuracy=0.987500011920929)
EpochMetrics(epoch=106, total_rounds=13250, total_fda_steps=13250, accuracy=0.9869999885559082)
EpochMetrics(epoch=107, total_rounds=13375, total_fda_steps=13375, accuracy=0.9868999719619751)
EpochMetrics(epoch=108, total_rounds=13500, total_fda_steps=13500, accuracy=0.9864000082015991)
EpochMetrics(epoch=109, total_rounds=13625, total_fda_steps=13625, accuracy=0.9868999719619751)
EpochMetrics(epoch=110, total_rounds=13750, total_fda_steps=13750, accuracy=0.9871000051498413)
EpochMetrics(epoch=111, total_rounds=13875, total_fda_steps=13875, accuracy=0.9868000149726868)
EpochMetrics(epoch=112, total_rounds=14000, total_fda_steps=14000, accuracy=0.9866999983787537)
EpochMetrics(epoch=113, total_rounds=14125, total_fda_steps=14125, accuracy=0.9869999885559082)
EpochMetrics(epoch=114, total_rounds=14250, total_fda_steps=14250, accuracy=0.987500011920929)
EpochMetrics(epoch=115, total_rounds=14375, total_fda_steps=14375, accuracy=0.987500011920929)
EpochMetrics(epoch=116, total_rounds=14500, total_fda_steps=14500, accuracy=0.9869999885559082)
EpochMetrics(epoch=117, total_rounds=14625, total_fda_steps=14625, accuracy=0.9866999983787537)
EpochMetrics(epoch=118, total_rounds=14750, total_fda_steps=14750, accuracy=0.9873999953269958)
EpochMetrics(epoch=119, total_rounds=14875, total_fda_steps=14875, accuracy=0.9871000051498413)
EpochMetrics(epoch=120, total_rounds=15000, total_fda_steps=15000, accuracy=0.9868999719619751)
EpochMetrics(epoch=121, total_rounds=15125, total_fda_steps=15125, accuracy=0.9869999885559082)
EpochMetrics(epoch=122, total_rounds=15250, total_fda_steps=15250, accuracy=0.9872000217437744)
EpochMetrics(epoch=123, total_rounds=15375, total_fda_steps=15375, accuracy=0.9868000149726868)
EpochMetrics(epoch=124, total_rounds=15500, total_fda_steps=15500, accuracy=0.9873999953269958)
EpochMetrics(epoch=125, total_rounds=15625, total_fda_steps=15625, accuracy=0.9855999946594238)
EpochMetrics(epoch=126, total_rounds=15750, total_fda_steps=15750, accuracy=0.9868999719619751)
EpochMetrics(epoch=127, total_rounds=15875, total_fda_steps=15875, accuracy=0.9868999719619751)
EpochMetrics(epoch=128, total_rounds=16000, total_fda_steps=16000, accuracy=0.9864000082015991)
EpochMetrics(epoch=129, total_rounds=16125, total_fda_steps=16125, accuracy=0.9871000051498413)
EpochMetrics(epoch=130, total_rounds=16250, total_fda_steps=16250, accuracy=0.9872000217437744)
EpochMetrics(epoch=131, total_rounds=16375, total_fda_steps=16375, accuracy=0.9876999855041504)
EpochMetrics(epoch=132, total_rounds=16500, total_fda_steps=16500, accuracy=0.9873999953269958)
EpochMetrics(epoch=133, total_rounds=16625, total_fda_steps=16625, accuracy=0.9872000217437744)
EpochMetrics(epoch=134, total_rounds=16750, total_fda_steps=16750, accuracy=0.9872999787330627)
EpochMetrics(epoch=135, total_rounds=16875, total_fda_steps=16875, accuracy=0.9872999787330627)
EpochMetrics(epoch=136, total_rounds=17000, total_fda_steps=17000, accuracy=0.9869999885559082)
EpochMetrics(epoch=137, total_rounds=17125, total_fda_steps=17125, accuracy=0.9873999953269958)
EpochMetrics(epoch=138, total_rounds=17250, total_fda_steps=17250, accuracy=0.9871000051498413)
EpochMetrics(epoch=139, total_rounds=17375, total_fda_steps=17375, accuracy=0.987500011920929)
EpochMetrics(epoch=140, total_rounds=17500, total_fda_steps=17500, accuracy=0.9869999885559082)
EpochMetrics(epoch=141, total_rounds=17625, total_fda_steps=17625, accuracy=0.987500011920929)
EpochMetrics(epoch=142, total_rounds=17750, total_fda_steps=17750, accuracy=0.9872999787330627)
EpochMetrics(epoch=143, total_rounds=17875, total_fda_steps=17875, accuracy=0.987500011920929)
EpochMetrics(epoch=144, total_rounds=18000, total_fda_steps=18000, accuracy=0.9876000285148621)
EpochMetrics(epoch=145, total_rounds=18125, total_fda_steps=18125, accuracy=0.9879000186920166)
EpochMetrics(epoch=146, total_rounds=18250, total_fda_steps=18250, accuracy=0.9876000285148621)
EpochMetrics(epoch=147, total_rounds=18375, total_fda_steps=18375, accuracy=0.9876999855041504)
EpochMetrics(epoch=148, total_rounds=18500, total_fda_steps=18500, accuracy=0.9878000020980835)
EpochMetrics(epoch=149, total_rounds=18625, total_fda_steps=18625, accuracy=0.9876999855041504)
EpochMetrics(epoch=150, total_rounds=18750, total_fda_steps=18750, accuracy=0.9876999855041504)
EpochMetrics(epoch=151, total_rounds=18875, total_fda_steps=18875, accuracy=0.9876999855041504)
EpochMetrics(epoch=152, total_rounds=19000, total_fda_steps=19000, accuracy=0.987500011920929)
EpochMetrics(epoch=153, total_rounds=19125, total_fda_steps=19125, accuracy=0.9876999855041504)
EpochMetrics(epoch=154, total_rounds=19250, total_fda_steps=19250, accuracy=0.9873999953269958)
EpochMetrics(epoch=155, total_rounds=19375, total_fda_steps=19375, accuracy=0.9832000136375427)
EpochMetrics(epoch=156, total_rounds=19500, total_fda_steps=19500, accuracy=0.9860000014305115)
EpochMetrics(epoch=157, total_rounds=19625, total_fda_steps=19625, accuracy=0.9868000149726868)
EpochMetrics(epoch=158, total_rounds=19750, total_fda_steps=19750, accuracy=0.9865999817848206)
EpochMetrics(epoch=159, total_rounds=19875, total_fda_steps=19875, accuracy=0.9872999787330627)
EpochMetrics(epoch=160, total_rounds=20000, total_fda_steps=20000, accuracy=0.9872999787330627)
EpochMetrics(epoch=161, total_rounds=20125, total_fda_steps=20125, accuracy=0.9872999787330627)
EpochMetrics(epoch=162, total_rounds=20250, total_fda_steps=20250, accuracy=0.9872999787330627)
EpochMetrics(epoch=163, total_rounds=20375, total_fda_steps=20375, accuracy=0.9872000217437744)
EpochMetrics(epoch=164, total_rounds=20500, total_fda_steps=20500, accuracy=0.987500011920929)
EpochMetrics(epoch=165, total_rounds=20625, total_fda_steps=20625, accuracy=0.9872999787330627)
EpochMetrics(epoch=166, total_rounds=20750, total_fda_steps=20750, accuracy=0.9872999787330627)
EpochMetrics(epoch=167, total_rounds=20875, total_fda_steps=20875, accuracy=0.9876000285148621)
EpochMetrics(epoch=168, total_rounds=21000, total_fda_steps=21000, accuracy=0.987500011920929)
EpochMetrics(epoch=169, total_rounds=21125, total_fda_steps=21125, accuracy=0.9878000020980835)
EpochMetrics(epoch=170, total_rounds=21250, total_fda_steps=21250, accuracy=0.9876999855041504)
EpochMetrics(epoch=171, total_rounds=21375, total_fda_steps=21375, accuracy=0.9878000020980835)
EpochMetrics(epoch=172, total_rounds=21500, total_fda_steps=21500, accuracy=0.9879000186920166)
EpochMetrics(epoch=173, total_rounds=21625, total_fda_steps=21625, accuracy=0.9876000285148621)
EpochMetrics(epoch=174, total_rounds=21750, total_fda_steps=21750, accuracy=0.9879000186920166)
EpochMetrics(epoch=175, total_rounds=21875, total_fda_steps=21875, accuracy=0.9879999756813049)
EpochMetrics(epoch=176, total_rounds=22000, total_fda_steps=22000, accuracy=0.9879999756813049)
EpochMetrics(epoch=177, total_rounds=22125, total_fda_steps=22125, accuracy=0.9872999787330627)
EpochMetrics(epoch=178, total_rounds=22250, total_fda_steps=22250, accuracy=0.9879000186920166)
EpochMetrics(epoch=179, total_rounds=22375, total_fda_steps=22375, accuracy=0.9878000020980835)
EpochMetrics(epoch=180, total_rounds=22500, total_fda_steps=22500, accuracy=0.9876999855041504)
EpochMetrics(epoch=181, total_rounds=22625, total_fda_steps=22625, accuracy=0.9876999855041504)
EpochMetrics(epoch=182, total_rounds=22750, total_fda_steps=22750, accuracy=0.987500011920929)
EpochMetrics(epoch=183, total_rounds=22875, total_fda_steps=22875, accuracy=0.988099992275238)
EpochMetrics(epoch=184, total_rounds=23000, total_fda_steps=23000, accuracy=0.9879000186920166)
EpochMetrics(epoch=185, total_rounds=23125, total_fda_steps=23125, accuracy=0.987500011920929)
EpochMetrics(epoch=186, total_rounds=23250, total_fda_steps=23250, accuracy=0.9876999855041504)
EpochMetrics(epoch=187, total_rounds=23375, total_fda_steps=23375, accuracy=0.9878000020980835)
EpochMetrics(epoch=188, total_rounds=23500, total_fda_steps=23500, accuracy=0.9876999855041504)
EpochMetrics(epoch=189, total_rounds=23625, total_fda_steps=23625, accuracy=0.9876999855041504)
EpochMetrics(epoch=190, total_rounds=23750, total_fda_steps=23750, accuracy=0.9879000186920166)
EpochMetrics(epoch=191, total_rounds=23875, total_fda_steps=23875, accuracy=0.9876999855041504)
EpochMetrics(epoch=192, total_rounds=24000, total_fda_steps=24000, accuracy=0.9878000020980835)
EpochMetrics(epoch=193, total_rounds=24125, total_fda_steps=24125, accuracy=0.9878000020980835)
EpochMetrics(epoch=194, total_rounds=24250, total_fda_steps=24250, accuracy=0.9876999855041504)
EpochMetrics(epoch=195, total_rounds=24375, total_fda_steps=24375, accuracy=0.9879999756813049)
EpochMetrics(epoch=196, total_rounds=24500, total_fda_steps=24500, accuracy=0.9872999787330627)
EpochMetrics(epoch=197, total_rounds=24625, total_fda_steps=24625, accuracy=0.9872000217437744)
EpochMetrics(epoch=198, total_rounds=24750, total_fda_steps=24750, accuracy=0.9883000254631042)
EpochMetrics(epoch=199, total_rounds=24875, total_fda_steps=24875, accuracy=0.9876000285148621)
EpochMetrics(epoch=200, total_rounds=25000, total_fda_steps=25000, accuracy=0.9882000088691711)
EpochMetrics(epoch=201, total_rounds=25125, total_fda_steps=25125, accuracy=0.9873999953269958)
EpochMetrics(epoch=202, total_rounds=25250, total_fda_steps=25250, accuracy=0.9847999811172485)
EpochMetrics(epoch=203, total_rounds=25375, total_fda_steps=25375, accuracy=0.9864000082015991)
EpochMetrics(epoch=204, total_rounds=25500, total_fda_steps=25500, accuracy=0.9865000247955322)
EpochMetrics(epoch=205, total_rounds=25625, total_fda_steps=25625, accuracy=0.98580002784729)
EpochMetrics(epoch=206, total_rounds=25750, total_fda_steps=25750, accuracy=0.9868000149726868)
EpochMetrics(epoch=207, total_rounds=25875, total_fda_steps=25875, accuracy=0.9869999885559082)
EpochMetrics(epoch=208, total_rounds=26000, total_fda_steps=26000, accuracy=0.9871000051498413)
EpochMetrics(epoch=209, total_rounds=26125, total_fda_steps=26125, accuracy=0.9869999885559082)
EpochMetrics(epoch=210, total_rounds=26250, total_fda_steps=26250, accuracy=0.9872999787330627)
EpochMetrics(epoch=211, total_rounds=26375, total_fda_steps=26375, accuracy=0.9871000051498413)
EpochMetrics(epoch=212, total_rounds=26500, total_fda_steps=26500, accuracy=0.9871000051498413)
EpochMetrics(epoch=213, total_rounds=26625, total_fda_steps=26625, accuracy=0.9871000051498413)
EpochMetrics(epoch=214, total_rounds=26750, total_fda_steps=26750, accuracy=0.9872000217437744)
EpochMetrics(epoch=215, total_rounds=26875, total_fda_steps=26875, accuracy=0.9872000217437744)
EpochMetrics(epoch=216, total_rounds=27000, total_fda_steps=27000, accuracy=0.9871000051498413)
EpochMetrics(epoch=217, total_rounds=27125, total_fda_steps=27125, accuracy=0.9873999953269958)
EpochMetrics(epoch=218, total_rounds=27250, total_fda_steps=27250, accuracy=0.9872000217437744)
EpochMetrics(epoch=219, total_rounds=27375, total_fda_steps=27375, accuracy=0.9871000051498413)
EpochMetrics(epoch=220, total_rounds=27500, total_fda_steps=27500, accuracy=0.9872000217437744)
EpochMetrics(epoch=221, total_rounds=27625, total_fda_steps=27625, accuracy=0.9872000217437744)
EpochMetrics(epoch=222, total_rounds=27750, total_fda_steps=27750, accuracy=0.9869999885559082)
EpochMetrics(epoch=223, total_rounds=27875, total_fda_steps=27875, accuracy=0.9872999787330627)
EpochMetrics(epoch=224, total_rounds=28000, total_fda_steps=28000, accuracy=0.9872000217437744)
EpochMetrics(epoch=225, total_rounds=28125, total_fda_steps=28125, accuracy=0.987500011920929)
EpochMetrics(epoch=226, total_rounds=28250, total_fda_steps=28250, accuracy=0.9872000217437744)
EpochMetrics(epoch=227, total_rounds=28375, total_fda_steps=28375, accuracy=0.9872000217437744)
EpochMetrics(epoch=228, total_rounds=28500, total_fda_steps=28500, accuracy=0.9869999885559082)
EpochMetrics(epoch=229, total_rounds=28625, total_fda_steps=28625, accuracy=0.9873999953269958)
EpochMetrics(epoch=230, total_rounds=28750, total_fda_steps=28750, accuracy=0.9873999953269958)
EpochMetrics(epoch=231, total_rounds=28875, total_fda_steps=28875, accuracy=0.9873999953269958)
EpochMetrics(epoch=232, total_rounds=29000, total_fda_steps=29000, accuracy=0.9876000285148621)
EpochMetrics(epoch=233, total_rounds=29125, total_fda_steps=29125, accuracy=0.9876999855041504)
EpochMetrics(epoch=234, total_rounds=29250, total_fda_steps=29250, accuracy=0.9878000020980835)
EpochMetrics(epoch=235, total_rounds=29375, total_fda_steps=29375, accuracy=0.987500011920929)
EpochMetrics(epoch=236, total_rounds=29500, total_fda_steps=29500, accuracy=0.9876999855041504)
EpochMetrics(epoch=237, total_rounds=29625, total_fda_steps=29625, accuracy=0.987500011920929)
EpochMetrics(epoch=238, total_rounds=29750, total_fda_steps=29750, accuracy=0.9876999855041504)
EpochMetrics(epoch=239, total_rounds=29875, total_fda_steps=29875, accuracy=0.9878000020980835)
EpochMetrics(epoch=240, total_rounds=30000, total_fda_steps=30000, accuracy=0.9876000285148621)
EpochMetrics(epoch=241, total_rounds=30125, total_fda_steps=30125, accuracy=0.987500011920929)
EpochMetrics(epoch=242, total_rounds=30250, total_fda_steps=30250, accuracy=0.987500011920929)
EpochMetrics(epoch=243, total_rounds=30375, total_fda_steps=30375, accuracy=0.988099992275238)
EpochMetrics(epoch=244, total_rounds=30500, total_fda_steps=30500, accuracy=0.9876000285148621)
EpochMetrics(epoch=245, total_rounds=30625, total_fda_steps=30625, accuracy=0.9878000020980835)
EpochMetrics(epoch=246, total_rounds=30750, total_fda_steps=30750, accuracy=0.9879000186920166)
EpochMetrics(epoch=247, total_rounds=30875, total_fda_steps=30875, accuracy=0.9879000186920166)
EpochMetrics(epoch=248, total_rounds=31000, total_fda_steps=31000, accuracy=0.987500011920929)
EpochMetrics(epoch=249, total_rounds=31125, total_fda_steps=31125, accuracy=0.9876000285148621)
EpochMetrics(epoch=250, total_rounds=31250, total_fda_steps=31250, accuracy=0.9876000285148621)

------------ Finished Testing : ------------
NN name : LeNet-5
FDA name : synchronous
Num Clients : 15
Batch size : 32
Num Epochs : 250
Number of steps until we check RTC : 1
Theta : 0.0
Total simulation time: 52726.548615932465 sec
-----------------------------------------

