Num GPUs Available:  1

------------ Current Test : ------------
NN name : LeNet-5
FDA name : synchronous
Num Clients : 40
Batch size : 64
Num Epochs : 250
Number of steps until we check RTC : 1
Theta : 0.0
-----------------------------------------

EpochMetrics(epoch=1, total_rounds=24, total_fda_steps=24, accuracy=0.7842000126838684)
EpochMetrics(epoch=2, total_rounds=47, total_fda_steps=47, accuracy=0.8677999973297119)
EpochMetrics(epoch=3, total_rounds=71, total_fda_steps=71, accuracy=0.8945000171661377)
EpochMetrics(epoch=4, total_rounds=94, total_fda_steps=94, accuracy=0.90420001745224)
EpochMetrics(epoch=5, total_rounds=118, total_fda_steps=118, accuracy=0.911899983882904)
EpochMetrics(epoch=6, total_rounds=141, total_fda_steps=141, accuracy=0.9154999852180481)
EpochMetrics(epoch=7, total_rounds=165, total_fda_steps=165, accuracy=0.9203000068664551)
EpochMetrics(epoch=8, total_rounds=188, total_fda_steps=188, accuracy=0.9258999824523926)
EpochMetrics(epoch=9, total_rounds=211, total_fda_steps=211, accuracy=0.9297000169754028)
EpochMetrics(epoch=10, total_rounds=235, total_fda_steps=235, accuracy=0.9350000023841858)
EpochMetrics(epoch=11, total_rounds=258, total_fda_steps=258, accuracy=0.9376999735832214)
EpochMetrics(epoch=12, total_rounds=282, total_fda_steps=282, accuracy=0.9404000043869019)
EpochMetrics(epoch=13, total_rounds=305, total_fda_steps=305, accuracy=0.9441999793052673)
EpochMetrics(epoch=14, total_rounds=329, total_fda_steps=329, accuracy=0.9467999935150146)
EpochMetrics(epoch=15, total_rounds=352, total_fda_steps=352, accuracy=0.9491999745368958)
EpochMetrics(epoch=16, total_rounds=375, total_fda_steps=375, accuracy=0.9509999752044678)
EpochMetrics(epoch=17, total_rounds=399, total_fda_steps=399, accuracy=0.9523000121116638)
EpochMetrics(epoch=18, total_rounds=422, total_fda_steps=422, accuracy=0.955299973487854)
EpochMetrics(epoch=19, total_rounds=446, total_fda_steps=446, accuracy=0.9574000239372253)
EpochMetrics(epoch=20, total_rounds=469, total_fda_steps=469, accuracy=0.9591000080108643)
EpochMetrics(epoch=21, total_rounds=493, total_fda_steps=493, accuracy=0.9598000049591064)
EpochMetrics(epoch=22, total_rounds=516, total_fda_steps=516, accuracy=0.9606999754905701)
EpochMetrics(epoch=23, total_rounds=540, total_fda_steps=540, accuracy=0.9631999731063843)
EpochMetrics(epoch=24, total_rounds=563, total_fda_steps=563, accuracy=0.9632999897003174)
EpochMetrics(epoch=25, total_rounds=586, total_fda_steps=586, accuracy=0.9652000069618225)
EpochMetrics(epoch=26, total_rounds=610, total_fda_steps=610, accuracy=0.9659000039100647)
EpochMetrics(epoch=27, total_rounds=633, total_fda_steps=633, accuracy=0.9666000008583069)
EpochMetrics(epoch=28, total_rounds=657, total_fda_steps=657, accuracy=0.9672999978065491)
EpochMetrics(epoch=29, total_rounds=680, total_fda_steps=680, accuracy=0.9682999849319458)
EpochMetrics(epoch=30, total_rounds=704, total_fda_steps=704, accuracy=0.968500018119812)
EpochMetrics(epoch=31, total_rounds=727, total_fda_steps=727, accuracy=0.9689000248908997)
EpochMetrics(epoch=32, total_rounds=750, total_fda_steps=750, accuracy=0.970300018787384)
EpochMetrics(epoch=33, total_rounds=774, total_fda_steps=774, accuracy=0.9710999727249146)
EpochMetrics(epoch=34, total_rounds=797, total_fda_steps=797, accuracy=0.9713000059127808)
EpochMetrics(epoch=35, total_rounds=821, total_fda_steps=821, accuracy=0.9714999794960022)
EpochMetrics(epoch=36, total_rounds=844, total_fda_steps=844, accuracy=0.9731000065803528)
EpochMetrics(epoch=37, total_rounds=868, total_fda_steps=868, accuracy=0.9735999703407288)
EpochMetrics(epoch=38, total_rounds=891, total_fda_steps=891, accuracy=0.9740999937057495)
EpochMetrics(epoch=39, total_rounds=915, total_fda_steps=915, accuracy=0.9746000170707703)
EpochMetrics(epoch=40, total_rounds=938, total_fda_steps=938, accuracy=0.9746000170707703)
EpochMetrics(epoch=41, total_rounds=961, total_fda_steps=961, accuracy=0.9747999906539917)
EpochMetrics(epoch=42, total_rounds=985, total_fda_steps=985, accuracy=0.9761999845504761)
EpochMetrics(epoch=43, total_rounds=1008, total_fda_steps=1008, accuracy=0.9757999777793884)
EpochMetrics(epoch=44, total_rounds=1032, total_fda_steps=1032, accuracy=0.9761000275611877)
EpochMetrics(epoch=45, total_rounds=1055, total_fda_steps=1055, accuracy=0.9765999913215637)
EpochMetrics(epoch=46, total_rounds=1079, total_fda_steps=1079, accuracy=0.9775000214576721)
EpochMetrics(epoch=47, total_rounds=1102, total_fda_steps=1102, accuracy=0.9782000184059143)
EpochMetrics(epoch=48, total_rounds=1125, total_fda_steps=1125, accuracy=0.9785000085830688)
EpochMetrics(epoch=49, total_rounds=1149, total_fda_steps=1149, accuracy=0.9779999852180481)
EpochMetrics(epoch=50, total_rounds=1172, total_fda_steps=1172, accuracy=0.9783999919891357)
EpochMetrics(epoch=51, total_rounds=1196, total_fda_steps=1196, accuracy=0.979200005531311)
EpochMetrics(epoch=52, total_rounds=1219, total_fda_steps=1219, accuracy=0.979200005531311)
EpochMetrics(epoch=53, total_rounds=1243, total_fda_steps=1243, accuracy=0.9790999889373779)
EpochMetrics(epoch=54, total_rounds=1266, total_fda_steps=1266, accuracy=0.9789000153541565)
EpochMetrics(epoch=55, total_rounds=1290, total_fda_steps=1290, accuracy=0.9790999889373779)
EpochMetrics(epoch=56, total_rounds=1313, total_fda_steps=1313, accuracy=0.9796000123023987)
EpochMetrics(epoch=57, total_rounds=1336, total_fda_steps=1336, accuracy=0.9803000092506409)
EpochMetrics(epoch=58, total_rounds=1360, total_fda_steps=1360, accuracy=0.9804999828338623)
EpochMetrics(epoch=59, total_rounds=1383, total_fda_steps=1383, accuracy=0.9818000197410583)
EpochMetrics(epoch=60, total_rounds=1407, total_fda_steps=1407, accuracy=0.9811999797821045)
EpochMetrics(epoch=61, total_rounds=1430, total_fda_steps=1430, accuracy=0.9819999933242798)
EpochMetrics(epoch=62, total_rounds=1454, total_fda_steps=1454, accuracy=0.9819999933242798)
EpochMetrics(epoch=63, total_rounds=1477, total_fda_steps=1477, accuracy=0.9815999865531921)
EpochMetrics(epoch=64, total_rounds=1500, total_fda_steps=1500, accuracy=0.982200026512146)
EpochMetrics(epoch=65, total_rounds=1524, total_fda_steps=1524, accuracy=0.9817000031471252)
EpochMetrics(epoch=66, total_rounds=1547, total_fda_steps=1547, accuracy=0.9829999804496765)
EpochMetrics(epoch=67, total_rounds=1571, total_fda_steps=1571, accuracy=0.9825000166893005)
EpochMetrics(epoch=68, total_rounds=1594, total_fda_steps=1594, accuracy=0.9822999835014343)
EpochMetrics(epoch=69, total_rounds=1618, total_fda_steps=1618, accuracy=0.982699990272522)
EpochMetrics(epoch=70, total_rounds=1641, total_fda_steps=1641, accuracy=0.9832000136375427)
EpochMetrics(epoch=71, total_rounds=1665, total_fda_steps=1665, accuracy=0.983299970626831)
EpochMetrics(epoch=72, total_rounds=1688, total_fda_steps=1688, accuracy=0.983299970626831)
EpochMetrics(epoch=73, total_rounds=1711, total_fda_steps=1711, accuracy=0.9829999804496765)
EpochMetrics(epoch=74, total_rounds=1735, total_fda_steps=1735, accuracy=0.9833999872207642)
EpochMetrics(epoch=75, total_rounds=1758, total_fda_steps=1758, accuracy=0.9846000075340271)
EpochMetrics(epoch=76, total_rounds=1782, total_fda_steps=1782, accuracy=0.9839000105857849)
EpochMetrics(epoch=77, total_rounds=1805, total_fda_steps=1805, accuracy=0.9835000038146973)
EpochMetrics(epoch=78, total_rounds=1829, total_fda_steps=1829, accuracy=0.9850000143051147)
EpochMetrics(epoch=79, total_rounds=1852, total_fda_steps=1852, accuracy=0.9843999743461609)
EpochMetrics(epoch=80, total_rounds=1875, total_fda_steps=1875, accuracy=0.9840999841690063)
EpochMetrics(epoch=81, total_rounds=1899, total_fda_steps=1899, accuracy=0.9847000241279602)
EpochMetrics(epoch=82, total_rounds=1922, total_fda_steps=1922, accuracy=0.9848999977111816)
EpochMetrics(epoch=83, total_rounds=1946, total_fda_steps=1946, accuracy=0.9853000044822693)
EpochMetrics(epoch=84, total_rounds=1969, total_fda_steps=1969, accuracy=0.9851999878883362)
EpochMetrics(epoch=85, total_rounds=1993, total_fda_steps=1993, accuracy=0.9850999712944031)
EpochMetrics(epoch=86, total_rounds=2016, total_fda_steps=2016, accuracy=0.9853000044822693)
EpochMetrics(epoch=87, total_rounds=2040, total_fda_steps=2040, accuracy=0.9847000241279602)
EpochMetrics(epoch=88, total_rounds=2063, total_fda_steps=2063, accuracy=0.9851999878883362)
EpochMetrics(epoch=89, total_rounds=2086, total_fda_steps=2086, accuracy=0.9857000112533569)
EpochMetrics(epoch=90, total_rounds=2110, total_fda_steps=2110, accuracy=0.9847999811172485)
EpochMetrics(epoch=91, total_rounds=2133, total_fda_steps=2133, accuracy=0.9858999848365784)
EpochMetrics(epoch=92, total_rounds=2157, total_fda_steps=2157, accuracy=0.9860000014305115)
EpochMetrics(epoch=93, total_rounds=2180, total_fda_steps=2180, accuracy=0.9861000180244446)
EpochMetrics(epoch=94, total_rounds=2204, total_fda_steps=2204, accuracy=0.98580002784729)
EpochMetrics(epoch=95, total_rounds=2227, total_fda_steps=2227, accuracy=0.9855999946594238)
EpochMetrics(epoch=96, total_rounds=2250, total_fda_steps=2250, accuracy=0.986299991607666)
EpochMetrics(epoch=97, total_rounds=2274, total_fda_steps=2274, accuracy=0.9858999848365784)
EpochMetrics(epoch=98, total_rounds=2297, total_fda_steps=2297, accuracy=0.9855999946594238)
EpochMetrics(epoch=99, total_rounds=2321, total_fda_steps=2321, accuracy=0.9854999780654907)
EpochMetrics(epoch=100, total_rounds=2344, total_fda_steps=2344, accuracy=0.9860000014305115)
EpochMetrics(epoch=101, total_rounds=2368, total_fda_steps=2368, accuracy=0.9864000082015991)
EpochMetrics(epoch=102, total_rounds=2391, total_fda_steps=2391, accuracy=0.9861999750137329)
EpochMetrics(epoch=103, total_rounds=2415, total_fda_steps=2415, accuracy=0.9858999848365784)
EpochMetrics(epoch=104, total_rounds=2438, total_fda_steps=2438, accuracy=0.986299991607666)
EpochMetrics(epoch=105, total_rounds=2461, total_fda_steps=2461, accuracy=0.98580002784729)
EpochMetrics(epoch=106, total_rounds=2485, total_fda_steps=2485, accuracy=0.986299991607666)
EpochMetrics(epoch=107, total_rounds=2508, total_fda_steps=2508, accuracy=0.9868000149726868)
EpochMetrics(epoch=108, total_rounds=2532, total_fda_steps=2532, accuracy=0.9866999983787537)
EpochMetrics(epoch=109, total_rounds=2555, total_fda_steps=2555, accuracy=0.9865999817848206)
EpochMetrics(epoch=110, total_rounds=2579, total_fda_steps=2579, accuracy=0.9869999885559082)
EpochMetrics(epoch=111, total_rounds=2602, total_fda_steps=2602, accuracy=0.9861000180244446)
EpochMetrics(epoch=112, total_rounds=2625, total_fda_steps=2625, accuracy=0.9865000247955322)
EpochMetrics(epoch=113, total_rounds=2649, total_fda_steps=2649, accuracy=0.986299991607666)
EpochMetrics(epoch=114, total_rounds=2672, total_fda_steps=2672, accuracy=0.9866999983787537)
EpochMetrics(epoch=115, total_rounds=2696, total_fda_steps=2696, accuracy=0.9871000051498413)
EpochMetrics(epoch=116, total_rounds=2719, total_fda_steps=2719, accuracy=0.9876000285148621)
EpochMetrics(epoch=117, total_rounds=2743, total_fda_steps=2743, accuracy=0.9873999953269958)
EpochMetrics(epoch=118, total_rounds=2766, total_fda_steps=2766, accuracy=0.9869999885559082)
EpochMetrics(epoch=119, total_rounds=2790, total_fda_steps=2790, accuracy=0.987500011920929)
EpochMetrics(epoch=120, total_rounds=2813, total_fda_steps=2813, accuracy=0.9868999719619751)
EpochMetrics(epoch=121, total_rounds=2836, total_fda_steps=2836, accuracy=0.987500011920929)
EpochMetrics(epoch=122, total_rounds=2860, total_fda_steps=2860, accuracy=0.9872000217437744)
EpochMetrics(epoch=123, total_rounds=2883, total_fda_steps=2883, accuracy=0.9879999756813049)
EpochMetrics(epoch=124, total_rounds=2907, total_fda_steps=2907, accuracy=0.9873999953269958)
EpochMetrics(epoch=125, total_rounds=2930, total_fda_steps=2930, accuracy=0.9876000285148621)
EpochMetrics(epoch=126, total_rounds=2954, total_fda_steps=2954, accuracy=0.9879000186920166)
EpochMetrics(epoch=127, total_rounds=2977, total_fda_steps=2977, accuracy=0.9868000149726868)
EpochMetrics(epoch=128, total_rounds=3000, total_fda_steps=3000, accuracy=0.9873999953269958)
EpochMetrics(epoch=129, total_rounds=3024, total_fda_steps=3024, accuracy=0.9872999787330627)
EpochMetrics(epoch=130, total_rounds=3047, total_fda_steps=3047, accuracy=0.9873999953269958)
EpochMetrics(epoch=131, total_rounds=3071, total_fda_steps=3071, accuracy=0.987500011920929)
EpochMetrics(epoch=132, total_rounds=3094, total_fda_steps=3094, accuracy=0.9876000285148621)
EpochMetrics(epoch=133, total_rounds=3118, total_fda_steps=3118, accuracy=0.9879999756813049)
EpochMetrics(epoch=134, total_rounds=3141, total_fda_steps=3141, accuracy=0.9876999855041504)
EpochMetrics(epoch=135, total_rounds=3165, total_fda_steps=3165, accuracy=0.9876000285148621)
EpochMetrics(epoch=136, total_rounds=3188, total_fda_steps=3188, accuracy=0.987500011920929)
EpochMetrics(epoch=137, total_rounds=3211, total_fda_steps=3211, accuracy=0.9876999855041504)
EpochMetrics(epoch=138, total_rounds=3235, total_fda_steps=3235, accuracy=0.9886999726295471)
EpochMetrics(epoch=139, total_rounds=3258, total_fda_steps=3258, accuracy=0.987500011920929)
EpochMetrics(epoch=140, total_rounds=3282, total_fda_steps=3282, accuracy=0.9876999855041504)
EpochMetrics(epoch=141, total_rounds=3305, total_fda_steps=3305, accuracy=0.9883999824523926)
EpochMetrics(epoch=142, total_rounds=3329, total_fda_steps=3329, accuracy=0.9879000186920166)
EpochMetrics(epoch=143, total_rounds=3352, total_fda_steps=3352, accuracy=0.9883000254631042)
EpochMetrics(epoch=144, total_rounds=3375, total_fda_steps=3375, accuracy=0.9878000020980835)
EpochMetrics(epoch=145, total_rounds=3399, total_fda_steps=3399, accuracy=0.9872999787330627)
EpochMetrics(epoch=146, total_rounds=3422, total_fda_steps=3422, accuracy=0.9878000020980835)
EpochMetrics(epoch=147, total_rounds=3446, total_fda_steps=3446, accuracy=0.9879000186920166)
EpochMetrics(epoch=148, total_rounds=3469, total_fda_steps=3469, accuracy=0.9879000186920166)
EpochMetrics(epoch=149, total_rounds=3493, total_fda_steps=3493, accuracy=0.9876999855041504)
EpochMetrics(epoch=150, total_rounds=3516, total_fda_steps=3516, accuracy=0.9876000285148621)
EpochMetrics(epoch=151, total_rounds=3540, total_fda_steps=3540, accuracy=0.9883999824523926)
EpochMetrics(epoch=152, total_rounds=3563, total_fda_steps=3563, accuracy=0.988099992275238)
EpochMetrics(epoch=153, total_rounds=3586, total_fda_steps=3586, accuracy=0.9878000020980835)
EpochMetrics(epoch=154, total_rounds=3610, total_fda_steps=3610, accuracy=0.9883999824523926)
EpochMetrics(epoch=155, total_rounds=3633, total_fda_steps=3633, accuracy=0.9878000020980835)
EpochMetrics(epoch=156, total_rounds=3657, total_fda_steps=3657, accuracy=0.9879999756813049)
EpochMetrics(epoch=157, total_rounds=3680, total_fda_steps=3680, accuracy=0.9882000088691711)
EpochMetrics(epoch=158, total_rounds=3704, total_fda_steps=3704, accuracy=0.9878000020980835)
EpochMetrics(epoch=159, total_rounds=3727, total_fda_steps=3727, accuracy=0.9882000088691711)
EpochMetrics(epoch=160, total_rounds=3750, total_fda_steps=3750, accuracy=0.9879000186920166)
EpochMetrics(epoch=161, total_rounds=3774, total_fda_steps=3774, accuracy=0.988099992275238)
EpochMetrics(epoch=162, total_rounds=3797, total_fda_steps=3797, accuracy=0.9883999824523926)
EpochMetrics(epoch=163, total_rounds=3821, total_fda_steps=3821, accuracy=0.9876999855041504)
EpochMetrics(epoch=164, total_rounds=3844, total_fda_steps=3844, accuracy=0.9890000224113464)
EpochMetrics(epoch=165, total_rounds=3868, total_fda_steps=3868, accuracy=0.9879999756813049)
EpochMetrics(epoch=166, total_rounds=3891, total_fda_steps=3891, accuracy=0.9883000254631042)
EpochMetrics(epoch=167, total_rounds=3915, total_fda_steps=3915, accuracy=0.988099992275238)
EpochMetrics(epoch=168, total_rounds=3938, total_fda_steps=3938, accuracy=0.988099992275238)
EpochMetrics(epoch=169, total_rounds=3961, total_fda_steps=3961, accuracy=0.988099992275238)
EpochMetrics(epoch=170, total_rounds=3985, total_fda_steps=3985, accuracy=0.9878000020980835)
EpochMetrics(epoch=171, total_rounds=4008, total_fda_steps=4008, accuracy=0.9879999756813049)
EpochMetrics(epoch=172, total_rounds=4032, total_fda_steps=4032, accuracy=0.9882000088691711)
EpochMetrics(epoch=173, total_rounds=4055, total_fda_steps=4055, accuracy=0.9883999824523926)
EpochMetrics(epoch=174, total_rounds=4079, total_fda_steps=4079, accuracy=0.9883999824523926)
EpochMetrics(epoch=175, total_rounds=4102, total_fda_steps=4102, accuracy=0.9886000156402588)
EpochMetrics(epoch=176, total_rounds=4125, total_fda_steps=4125, accuracy=0.9886999726295471)
EpochMetrics(epoch=177, total_rounds=4149, total_fda_steps=4149, accuracy=0.988099992275238)
EpochMetrics(epoch=178, total_rounds=4172, total_fda_steps=4172, accuracy=0.9890999794006348)
EpochMetrics(epoch=179, total_rounds=4196, total_fda_steps=4196, accuracy=0.9887999892234802)
EpochMetrics(epoch=180, total_rounds=4219, total_fda_steps=4219, accuracy=0.9882000088691711)
EpochMetrics(epoch=181, total_rounds=4243, total_fda_steps=4243, accuracy=0.9884999990463257)
EpochMetrics(epoch=182, total_rounds=4266, total_fda_steps=4266, accuracy=0.9878000020980835)
EpochMetrics(epoch=183, total_rounds=4290, total_fda_steps=4290, accuracy=0.9883000254631042)
EpochMetrics(epoch=184, total_rounds=4313, total_fda_steps=4313, accuracy=0.9876999855041504)
EpochMetrics(epoch=185, total_rounds=4336, total_fda_steps=4336, accuracy=0.9879999756813049)
EpochMetrics(epoch=186, total_rounds=4360, total_fda_steps=4360, accuracy=0.9886000156402588)
EpochMetrics(epoch=187, total_rounds=4383, total_fda_steps=4383, accuracy=0.9882000088691711)
EpochMetrics(epoch=188, total_rounds=4407, total_fda_steps=4407, accuracy=0.9884999990463257)
EpochMetrics(epoch=189, total_rounds=4430, total_fda_steps=4430, accuracy=0.9878000020980835)
EpochMetrics(epoch=190, total_rounds=4454, total_fda_steps=4454, accuracy=0.9882000088691711)
EpochMetrics(epoch=191, total_rounds=4477, total_fda_steps=4477, accuracy=0.9878000020980835)
EpochMetrics(epoch=192, total_rounds=4500, total_fda_steps=4500, accuracy=0.9883999824523926)
EpochMetrics(epoch=193, total_rounds=4524, total_fda_steps=4524, accuracy=0.9891999959945679)
EpochMetrics(epoch=194, total_rounds=4547, total_fda_steps=4547, accuracy=0.9883000254631042)
EpochMetrics(epoch=195, total_rounds=4571, total_fda_steps=4571, accuracy=0.9884999990463257)
EpochMetrics(epoch=196, total_rounds=4594, total_fda_steps=4594, accuracy=0.9884999990463257)
EpochMetrics(epoch=197, total_rounds=4618, total_fda_steps=4618, accuracy=0.9887999892234802)
EpochMetrics(epoch=198, total_rounds=4641, total_fda_steps=4641, accuracy=0.988099992275238)
EpochMetrics(epoch=199, total_rounds=4665, total_fda_steps=4665, accuracy=0.9883999824523926)
EpochMetrics(epoch=200, total_rounds=4688, total_fda_steps=4688, accuracy=0.9884999990463257)
EpochMetrics(epoch=201, total_rounds=4711, total_fda_steps=4711, accuracy=0.9886000156402588)
EpochMetrics(epoch=202, total_rounds=4735, total_fda_steps=4735, accuracy=0.9883000254631042)
EpochMetrics(epoch=203, total_rounds=4758, total_fda_steps=4758, accuracy=0.9886000156402588)
EpochMetrics(epoch=204, total_rounds=4782, total_fda_steps=4782, accuracy=0.9882000088691711)
EpochMetrics(epoch=205, total_rounds=4805, total_fda_steps=4805, accuracy=0.9883000254631042)
EpochMetrics(epoch=206, total_rounds=4829, total_fda_steps=4829, accuracy=0.9883000254631042)
EpochMetrics(epoch=207, total_rounds=4852, total_fda_steps=4852, accuracy=0.9883000254631042)
EpochMetrics(epoch=208, total_rounds=4875, total_fda_steps=4875, accuracy=0.9884999990463257)
EpochMetrics(epoch=209, total_rounds=4899, total_fda_steps=4899, accuracy=0.9884999990463257)
EpochMetrics(epoch=210, total_rounds=4922, total_fda_steps=4922, accuracy=0.9883999824523926)
EpochMetrics(epoch=211, total_rounds=4946, total_fda_steps=4946, accuracy=0.9883000254631042)
EpochMetrics(epoch=212, total_rounds=4969, total_fda_steps=4969, accuracy=0.9882000088691711)
EpochMetrics(epoch=213, total_rounds=4993, total_fda_steps=4993, accuracy=0.9883999824523926)
EpochMetrics(epoch=214, total_rounds=5016, total_fda_steps=5016, accuracy=0.9882000088691711)
EpochMetrics(epoch=215, total_rounds=5040, total_fda_steps=5040, accuracy=0.9886999726295471)
EpochMetrics(epoch=216, total_rounds=5063, total_fda_steps=5063, accuracy=0.9884999990463257)
EpochMetrics(epoch=217, total_rounds=5086, total_fda_steps=5086, accuracy=0.9883000254631042)
EpochMetrics(epoch=218, total_rounds=5110, total_fda_steps=5110, accuracy=0.988099992275238)
EpochMetrics(epoch=219, total_rounds=5133, total_fda_steps=5133, accuracy=0.9882000088691711)
EpochMetrics(epoch=220, total_rounds=5157, total_fda_steps=5157, accuracy=0.9884999990463257)
EpochMetrics(epoch=221, total_rounds=5180, total_fda_steps=5180, accuracy=0.9879999756813049)
EpochMetrics(epoch=222, total_rounds=5204, total_fda_steps=5204, accuracy=0.9886000156402588)
EpochMetrics(epoch=223, total_rounds=5227, total_fda_steps=5227, accuracy=0.9886000156402588)
EpochMetrics(epoch=224, total_rounds=5250, total_fda_steps=5250, accuracy=0.9883000254631042)
EpochMetrics(epoch=225, total_rounds=5274, total_fda_steps=5274, accuracy=0.9883000254631042)
EpochMetrics(epoch=226, total_rounds=5297, total_fda_steps=5297, accuracy=0.9886999726295471)
EpochMetrics(epoch=227, total_rounds=5321, total_fda_steps=5321, accuracy=0.9886999726295471)
EpochMetrics(epoch=228, total_rounds=5344, total_fda_steps=5344, accuracy=0.988099992275238)
EpochMetrics(epoch=229, total_rounds=5368, total_fda_steps=5368, accuracy=0.9886000156402588)
EpochMetrics(epoch=230, total_rounds=5391, total_fda_steps=5391, accuracy=0.9879000186920166)
EpochMetrics(epoch=231, total_rounds=5415, total_fda_steps=5415, accuracy=0.9886000156402588)
EpochMetrics(epoch=232, total_rounds=5438, total_fda_steps=5438, accuracy=0.9886999726295471)
EpochMetrics(epoch=233, total_rounds=5461, total_fda_steps=5461, accuracy=0.9883000254631042)
EpochMetrics(epoch=234, total_rounds=5485, total_fda_steps=5485, accuracy=0.9886000156402588)
EpochMetrics(epoch=235, total_rounds=5508, total_fda_steps=5508, accuracy=0.9886999726295471)
EpochMetrics(epoch=236, total_rounds=5532, total_fda_steps=5532, accuracy=0.9879999756813049)
EpochMetrics(epoch=237, total_rounds=5555, total_fda_steps=5555, accuracy=0.9886000156402588)
EpochMetrics(epoch=238, total_rounds=5579, total_fda_steps=5579, accuracy=0.9884999990463257)
EpochMetrics(epoch=239, total_rounds=5602, total_fda_steps=5602, accuracy=0.988099992275238)
EpochMetrics(epoch=240, total_rounds=5625, total_fda_steps=5625, accuracy=0.9882000088691711)
EpochMetrics(epoch=241, total_rounds=5649, total_fda_steps=5649, accuracy=0.9884999990463257)
EpochMetrics(epoch=242, total_rounds=5672, total_fda_steps=5672, accuracy=0.9884999990463257)
EpochMetrics(epoch=243, total_rounds=5696, total_fda_steps=5696, accuracy=0.9883999824523926)
EpochMetrics(epoch=244, total_rounds=5719, total_fda_steps=5719, accuracy=0.9886000156402588)
EpochMetrics(epoch=245, total_rounds=5743, total_fda_steps=5743, accuracy=0.9883999824523926)
EpochMetrics(epoch=246, total_rounds=5766, total_fda_steps=5766, accuracy=0.9884999990463257)
EpochMetrics(epoch=247, total_rounds=5790, total_fda_steps=5790, accuracy=0.9884999990463257)
EpochMetrics(epoch=248, total_rounds=5813, total_fda_steps=5813, accuracy=0.9886000156402588)
EpochMetrics(epoch=249, total_rounds=5836, total_fda_steps=5836, accuracy=0.9887999892234802)
EpochMetrics(epoch=250, total_rounds=5860, total_fda_steps=5860, accuracy=0.9887999892234802)

------------ Finished Testing : ------------
NN name : LeNet-5
FDA name : synchronous
Num Clients : 40
Batch size : 64
Num Epochs : 250
Number of steps until we check RTC : 1
Theta : 0.0
Total simulation time: 25731.548291921616 sec
-----------------------------------------

