Num GPUs Available:  1

------------ Current Test : ------------
NN name : LeNet-5
FDA name : synchronous
Num Clients : 25
Batch size : 32
Num Epochs : 250
Number of steps until we check RTC : 1
Theta : 0.0
-----------------------------------------

EpochMetrics(epoch=1, total_rounds=75, total_fda_steps=75, accuracy=0.8920000195503235)
EpochMetrics(epoch=2, total_rounds=150, total_fda_steps=150, accuracy=0.9110000133514404)
EpochMetrics(epoch=3, total_rounds=225, total_fda_steps=225, accuracy=0.9262999892234802)
EpochMetrics(epoch=4, total_rounds=300, total_fda_steps=300, accuracy=0.9344000220298767)
EpochMetrics(epoch=5, total_rounds=375, total_fda_steps=375, accuracy=0.9409000277519226)
EpochMetrics(epoch=6, total_rounds=450, total_fda_steps=450, accuracy=0.9469000101089478)
EpochMetrics(epoch=7, total_rounds=525, total_fda_steps=525, accuracy=0.9537000060081482)
EpochMetrics(epoch=8, total_rounds=600, total_fda_steps=600, accuracy=0.9574000239372253)
EpochMetrics(epoch=9, total_rounds=675, total_fda_steps=675, accuracy=0.9598000049591064)
EpochMetrics(epoch=10, total_rounds=750, total_fda_steps=750, accuracy=0.9624000191688538)
EpochMetrics(epoch=11, total_rounds=825, total_fda_steps=825, accuracy=0.9648000001907349)
EpochMetrics(epoch=12, total_rounds=900, total_fda_steps=900, accuracy=0.9664000272750854)
EpochMetrics(epoch=13, total_rounds=975, total_fda_steps=975, accuracy=0.9684000015258789)
EpochMetrics(epoch=14, total_rounds=1050, total_fda_steps=1050, accuracy=0.9696000218391418)
EpochMetrics(epoch=15, total_rounds=1125, total_fda_steps=1125, accuracy=0.9714999794960022)
EpochMetrics(epoch=16, total_rounds=1200, total_fda_steps=1200, accuracy=0.9722999930381775)
EpochMetrics(epoch=17, total_rounds=1275, total_fda_steps=1275, accuracy=0.9731000065803528)
EpochMetrics(epoch=18, total_rounds=1350, total_fda_steps=1350, accuracy=0.9749000072479248)
EpochMetrics(epoch=19, total_rounds=1425, total_fda_steps=1425, accuracy=0.9747999906539917)
EpochMetrics(epoch=20, total_rounds=1500, total_fda_steps=1500, accuracy=0.975600004196167)
EpochMetrics(epoch=21, total_rounds=1575, total_fda_steps=1575, accuracy=0.9771999716758728)
EpochMetrics(epoch=22, total_rounds=1650, total_fda_steps=1650, accuracy=0.9782000184059143)
EpochMetrics(epoch=23, total_rounds=1725, total_fda_steps=1725, accuracy=0.9782000184059143)
EpochMetrics(epoch=24, total_rounds=1800, total_fda_steps=1800, accuracy=0.9789999723434448)
EpochMetrics(epoch=25, total_rounds=1875, total_fda_steps=1875, accuracy=0.9797000288963318)
EpochMetrics(epoch=26, total_rounds=1950, total_fda_steps=1950, accuracy=0.9800000190734863)
EpochMetrics(epoch=27, total_rounds=2025, total_fda_steps=2025, accuracy=0.9800999760627747)
EpochMetrics(epoch=28, total_rounds=2100, total_fda_steps=2100, accuracy=0.9815999865531921)
EpochMetrics(epoch=29, total_rounds=2175, total_fda_steps=2175, accuracy=0.9818999767303467)
EpochMetrics(epoch=30, total_rounds=2250, total_fda_steps=2250, accuracy=0.983299970626831)
EpochMetrics(epoch=31, total_rounds=2325, total_fda_steps=2325, accuracy=0.9818000197410583)
EpochMetrics(epoch=32, total_rounds=2400, total_fda_steps=2400, accuracy=0.9832000136375427)
EpochMetrics(epoch=33, total_rounds=2475, total_fda_steps=2475, accuracy=0.9832000136375427)
EpochMetrics(epoch=34, total_rounds=2550, total_fda_steps=2550, accuracy=0.9837999939918518)
EpochMetrics(epoch=35, total_rounds=2625, total_fda_steps=2625, accuracy=0.9832000136375427)
EpochMetrics(epoch=36, total_rounds=2700, total_fda_steps=2700, accuracy=0.9847000241279602)
EpochMetrics(epoch=37, total_rounds=2775, total_fda_steps=2775, accuracy=0.9825999736785889)
EpochMetrics(epoch=38, total_rounds=2850, total_fda_steps=2850, accuracy=0.9848999977111816)
EpochMetrics(epoch=39, total_rounds=2925, total_fda_steps=2925, accuracy=0.9850999712944031)
EpochMetrics(epoch=40, total_rounds=3000, total_fda_steps=3000, accuracy=0.9850999712944031)
EpochMetrics(epoch=41, total_rounds=3075, total_fda_steps=3075, accuracy=0.9842000007629395)
EpochMetrics(epoch=42, total_rounds=3150, total_fda_steps=3150, accuracy=0.9847000241279602)
EpochMetrics(epoch=43, total_rounds=3225, total_fda_steps=3225, accuracy=0.9858999848365784)
EpochMetrics(epoch=44, total_rounds=3300, total_fda_steps=3300, accuracy=0.9860000014305115)
EpochMetrics(epoch=45, total_rounds=3375, total_fda_steps=3375, accuracy=0.9864000082015991)
EpochMetrics(epoch=46, total_rounds=3450, total_fda_steps=3450, accuracy=0.9854999780654907)
EpochMetrics(epoch=47, total_rounds=3525, total_fda_steps=3525, accuracy=0.9855999946594238)
EpochMetrics(epoch=48, total_rounds=3600, total_fda_steps=3600, accuracy=0.9861999750137329)
EpochMetrics(epoch=49, total_rounds=3675, total_fda_steps=3675, accuracy=0.9861999750137329)
EpochMetrics(epoch=50, total_rounds=3750, total_fda_steps=3750, accuracy=0.9860000014305115)
EpochMetrics(epoch=51, total_rounds=3825, total_fda_steps=3825, accuracy=0.9865999817848206)
EpochMetrics(epoch=52, total_rounds=3900, total_fda_steps=3900, accuracy=0.9868000149726868)
EpochMetrics(epoch=53, total_rounds=3975, total_fda_steps=3975, accuracy=0.9865000247955322)
EpochMetrics(epoch=54, total_rounds=4050, total_fda_steps=4050, accuracy=0.9872000217437744)
EpochMetrics(epoch=55, total_rounds=4125, total_fda_steps=4125, accuracy=0.9871000051498413)
EpochMetrics(epoch=56, total_rounds=4200, total_fda_steps=4200, accuracy=0.9868000149726868)
EpochMetrics(epoch=57, total_rounds=4275, total_fda_steps=4275, accuracy=0.9868999719619751)
EpochMetrics(epoch=58, total_rounds=4350, total_fda_steps=4350, accuracy=0.9865000247955322)
EpochMetrics(epoch=59, total_rounds=4425, total_fda_steps=4425, accuracy=0.9872000217437744)
EpochMetrics(epoch=60, total_rounds=4500, total_fda_steps=4500, accuracy=0.9869999885559082)
EpochMetrics(epoch=61, total_rounds=4575, total_fda_steps=4575, accuracy=0.9868999719619751)
EpochMetrics(epoch=62, total_rounds=4650, total_fda_steps=4650, accuracy=0.987500011920929)
EpochMetrics(epoch=63, total_rounds=4725, total_fda_steps=4725, accuracy=0.9879999756813049)
EpochMetrics(epoch=64, total_rounds=4800, total_fda_steps=4800, accuracy=0.9868999719619751)
EpochMetrics(epoch=65, total_rounds=4875, total_fda_steps=4875, accuracy=0.9873999953269958)
EpochMetrics(epoch=66, total_rounds=4950, total_fda_steps=4950, accuracy=0.9878000020980835)
EpochMetrics(epoch=67, total_rounds=5025, total_fda_steps=5025, accuracy=0.9879999756813049)
EpochMetrics(epoch=68, total_rounds=5100, total_fda_steps=5100, accuracy=0.9871000051498413)
EpochMetrics(epoch=69, total_rounds=5175, total_fda_steps=5175, accuracy=0.9869999885559082)
EpochMetrics(epoch=70, total_rounds=5250, total_fda_steps=5250, accuracy=0.9876000285148621)
EpochMetrics(epoch=71, total_rounds=5325, total_fda_steps=5325, accuracy=0.9873999953269958)
EpochMetrics(epoch=72, total_rounds=5400, total_fda_steps=5400, accuracy=0.988099992275238)
EpochMetrics(epoch=73, total_rounds=5475, total_fda_steps=5475, accuracy=0.9883999824523926)
EpochMetrics(epoch=74, total_rounds=5550, total_fda_steps=5550, accuracy=0.9886999726295471)
EpochMetrics(epoch=75, total_rounds=5625, total_fda_steps=5625, accuracy=0.9878000020980835)
EpochMetrics(epoch=76, total_rounds=5700, total_fda_steps=5700, accuracy=0.9872000217437744)
EpochMetrics(epoch=77, total_rounds=5775, total_fda_steps=5775, accuracy=0.9878000020980835)
EpochMetrics(epoch=78, total_rounds=5850, total_fda_steps=5850, accuracy=0.9876999855041504)
EpochMetrics(epoch=79, total_rounds=5925, total_fda_steps=5925, accuracy=0.988099992275238)
EpochMetrics(epoch=80, total_rounds=6000, total_fda_steps=6000, accuracy=0.9876999855041504)
EpochMetrics(epoch=81, total_rounds=6075, total_fda_steps=6075, accuracy=0.9865000247955322)
EpochMetrics(epoch=82, total_rounds=6150, total_fda_steps=6150, accuracy=0.9876999855041504)
EpochMetrics(epoch=83, total_rounds=6225, total_fda_steps=6225, accuracy=0.9878000020980835)
EpochMetrics(epoch=84, total_rounds=6300, total_fda_steps=6300, accuracy=0.9886999726295471)
EpochMetrics(epoch=85, total_rounds=6375, total_fda_steps=6375, accuracy=0.9876000285148621)
EpochMetrics(epoch=86, total_rounds=6450, total_fda_steps=6450, accuracy=0.9873999953269958)
EpochMetrics(epoch=87, total_rounds=6525, total_fda_steps=6525, accuracy=0.988099992275238)
EpochMetrics(epoch=88, total_rounds=6600, total_fda_steps=6600, accuracy=0.987500011920929)
EpochMetrics(epoch=89, total_rounds=6675, total_fda_steps=6675, accuracy=0.9871000051498413)
EpochMetrics(epoch=90, total_rounds=6750, total_fda_steps=6750, accuracy=0.9869999885559082)
EpochMetrics(epoch=91, total_rounds=6825, total_fda_steps=6825, accuracy=0.987500011920929)
EpochMetrics(epoch=92, total_rounds=6900, total_fda_steps=6900, accuracy=0.9882000088691711)
EpochMetrics(epoch=93, total_rounds=6975, total_fda_steps=6975, accuracy=0.9879999756813049)
EpochMetrics(epoch=94, total_rounds=7050, total_fda_steps=7050, accuracy=0.987500011920929)
EpochMetrics(epoch=95, total_rounds=7125, total_fda_steps=7125, accuracy=0.9883000254631042)
EpochMetrics(epoch=96, total_rounds=7200, total_fda_steps=7200, accuracy=0.9882000088691711)
EpochMetrics(epoch=97, total_rounds=7275, total_fda_steps=7275, accuracy=0.9872000217437744)
EpochMetrics(epoch=98, total_rounds=7350, total_fda_steps=7350, accuracy=0.9873999953269958)
EpochMetrics(epoch=99, total_rounds=7425, total_fda_steps=7425, accuracy=0.9879000186920166)
EpochMetrics(epoch=100, total_rounds=7500, total_fda_steps=7500, accuracy=0.9872999787330627)
EpochMetrics(epoch=101, total_rounds=7575, total_fda_steps=7575, accuracy=0.9884999990463257)
EpochMetrics(epoch=102, total_rounds=7650, total_fda_steps=7650, accuracy=0.9869999885559082)
EpochMetrics(epoch=103, total_rounds=7725, total_fda_steps=7725, accuracy=0.9879000186920166)
EpochMetrics(epoch=104, total_rounds=7800, total_fda_steps=7800, accuracy=0.9878000020980835)
EpochMetrics(epoch=105, total_rounds=7875, total_fda_steps=7875, accuracy=0.9879999756813049)
EpochMetrics(epoch=106, total_rounds=7950, total_fda_steps=7950, accuracy=0.9886000156402588)
EpochMetrics(epoch=107, total_rounds=8025, total_fda_steps=8025, accuracy=0.9883000254631042)
EpochMetrics(epoch=108, total_rounds=8100, total_fda_steps=8100, accuracy=0.9886999726295471)
EpochMetrics(epoch=109, total_rounds=8175, total_fda_steps=8175, accuracy=0.9891999959945679)
EpochMetrics(epoch=110, total_rounds=8250, total_fda_steps=8250, accuracy=0.9886000156402588)
EpochMetrics(epoch=111, total_rounds=8325, total_fda_steps=8325, accuracy=0.9883999824523926)
EpochMetrics(epoch=112, total_rounds=8400, total_fda_steps=8400, accuracy=0.9878000020980835)
EpochMetrics(epoch=113, total_rounds=8475, total_fda_steps=8475, accuracy=0.9879000186920166)
EpochMetrics(epoch=114, total_rounds=8550, total_fda_steps=8550, accuracy=0.9878000020980835)
EpochMetrics(epoch=115, total_rounds=8625, total_fda_steps=8625, accuracy=0.9876999855041504)
EpochMetrics(epoch=116, total_rounds=8700, total_fda_steps=8700, accuracy=0.988099992275238)
EpochMetrics(epoch=117, total_rounds=8775, total_fda_steps=8775, accuracy=0.9886000156402588)
EpochMetrics(epoch=118, total_rounds=8850, total_fda_steps=8850, accuracy=0.9876000285148621)
EpochMetrics(epoch=119, total_rounds=8925, total_fda_steps=8925, accuracy=0.9879999756813049)
EpochMetrics(epoch=120, total_rounds=9000, total_fda_steps=9000, accuracy=0.9878000020980835)
EpochMetrics(epoch=121, total_rounds=9075, total_fda_steps=9075, accuracy=0.9882000088691711)
EpochMetrics(epoch=122, total_rounds=9150, total_fda_steps=9150, accuracy=0.9876999855041504)
EpochMetrics(epoch=123, total_rounds=9225, total_fda_steps=9225, accuracy=0.989300012588501)
EpochMetrics(epoch=124, total_rounds=9300, total_fda_steps=9300, accuracy=0.9884999990463257)
EpochMetrics(epoch=125, total_rounds=9375, total_fda_steps=9375, accuracy=0.9890000224113464)
EpochMetrics(epoch=126, total_rounds=9450, total_fda_steps=9450, accuracy=0.9883999824523926)
EpochMetrics(epoch=127, total_rounds=9525, total_fda_steps=9525, accuracy=0.9889000058174133)
EpochMetrics(epoch=128, total_rounds=9600, total_fda_steps=9600, accuracy=0.9883999824523926)
EpochMetrics(epoch=129, total_rounds=9675, total_fda_steps=9675, accuracy=0.9879999756813049)
EpochMetrics(epoch=130, total_rounds=9750, total_fda_steps=9750, accuracy=0.9883999824523926)
EpochMetrics(epoch=131, total_rounds=9825, total_fda_steps=9825, accuracy=0.9886999726295471)
EpochMetrics(epoch=132, total_rounds=9900, total_fda_steps=9900, accuracy=0.9883000254631042)
EpochMetrics(epoch=133, total_rounds=9975, total_fda_steps=9975, accuracy=0.9887999892234802)
EpochMetrics(epoch=134, total_rounds=10050, total_fda_steps=10050, accuracy=0.9886000156402588)
EpochMetrics(epoch=135, total_rounds=10125, total_fda_steps=10125, accuracy=0.9879000186920166)
EpochMetrics(epoch=136, total_rounds=10200, total_fda_steps=10200, accuracy=0.9883999824523926)
EpochMetrics(epoch=137, total_rounds=10275, total_fda_steps=10275, accuracy=0.9891999959945679)
EpochMetrics(epoch=138, total_rounds=10350, total_fda_steps=10350, accuracy=0.9889000058174133)
EpochMetrics(epoch=139, total_rounds=10425, total_fda_steps=10425, accuracy=0.9883999824523926)
EpochMetrics(epoch=140, total_rounds=10500, total_fda_steps=10500, accuracy=0.9884999990463257)
EpochMetrics(epoch=141, total_rounds=10575, total_fda_steps=10575, accuracy=0.9889000058174133)
EpochMetrics(epoch=142, total_rounds=10650, total_fda_steps=10650, accuracy=0.9883000254631042)
EpochMetrics(epoch=143, total_rounds=10725, total_fda_steps=10725, accuracy=0.9886999726295471)
EpochMetrics(epoch=144, total_rounds=10800, total_fda_steps=10800, accuracy=0.9878000020980835)
EpochMetrics(epoch=145, total_rounds=10875, total_fda_steps=10875, accuracy=0.9883999824523926)
EpochMetrics(epoch=146, total_rounds=10950, total_fda_steps=10950, accuracy=0.9883000254631042)
EpochMetrics(epoch=147, total_rounds=11025, total_fda_steps=11025, accuracy=0.9879000186920166)
EpochMetrics(epoch=148, total_rounds=11100, total_fda_steps=11100, accuracy=0.988099992275238)
EpochMetrics(epoch=149, total_rounds=11175, total_fda_steps=11175, accuracy=0.9883000254631042)
EpochMetrics(epoch=150, total_rounds=11250, total_fda_steps=11250, accuracy=0.9883000254631042)
EpochMetrics(epoch=151, total_rounds=11325, total_fda_steps=11325, accuracy=0.9876000285148621)
EpochMetrics(epoch=152, total_rounds=11400, total_fda_steps=11400, accuracy=0.9883999824523926)
EpochMetrics(epoch=153, total_rounds=11475, total_fda_steps=11475, accuracy=0.9883999824523926)
EpochMetrics(epoch=154, total_rounds=11550, total_fda_steps=11550, accuracy=0.9883000254631042)
EpochMetrics(epoch=155, total_rounds=11625, total_fda_steps=11625, accuracy=0.9879000186920166)
EpochMetrics(epoch=156, total_rounds=11700, total_fda_steps=11700, accuracy=0.9883999824523926)
EpochMetrics(epoch=157, total_rounds=11775, total_fda_steps=11775, accuracy=0.9882000088691711)
EpochMetrics(epoch=158, total_rounds=11850, total_fda_steps=11850, accuracy=0.9882000088691711)
EpochMetrics(epoch=159, total_rounds=11925, total_fda_steps=11925, accuracy=0.9883000254631042)
EpochMetrics(epoch=160, total_rounds=12000, total_fda_steps=12000, accuracy=0.9883999824523926)
EpochMetrics(epoch=161, total_rounds=12075, total_fda_steps=12075, accuracy=0.9889000058174133)
EpochMetrics(epoch=162, total_rounds=12150, total_fda_steps=12150, accuracy=0.9883999824523926)
EpochMetrics(epoch=163, total_rounds=12225, total_fda_steps=12225, accuracy=0.9886000156402588)
EpochMetrics(epoch=164, total_rounds=12300, total_fda_steps=12300, accuracy=0.9882000088691711)
EpochMetrics(epoch=165, total_rounds=12375, total_fda_steps=12375, accuracy=0.9883000254631042)
EpochMetrics(epoch=166, total_rounds=12450, total_fda_steps=12450, accuracy=0.9883999824523926)
EpochMetrics(epoch=167, total_rounds=12525, total_fda_steps=12525, accuracy=0.9886000156402588)
EpochMetrics(epoch=168, total_rounds=12600, total_fda_steps=12600, accuracy=0.9879999756813049)
EpochMetrics(epoch=169, total_rounds=12675, total_fda_steps=12675, accuracy=0.9887999892234802)
EpochMetrics(epoch=170, total_rounds=12750, total_fda_steps=12750, accuracy=0.9882000088691711)
EpochMetrics(epoch=171, total_rounds=12825, total_fda_steps=12825, accuracy=0.9884999990463257)
EpochMetrics(epoch=172, total_rounds=12900, total_fda_steps=12900, accuracy=0.9890000224113464)
EpochMetrics(epoch=173, total_rounds=12975, total_fda_steps=12975, accuracy=0.9883000254631042)
EpochMetrics(epoch=174, total_rounds=13050, total_fda_steps=13050, accuracy=0.9883000254631042)
EpochMetrics(epoch=175, total_rounds=13125, total_fda_steps=13125, accuracy=0.9886000156402588)
EpochMetrics(epoch=176, total_rounds=13200, total_fda_steps=13200, accuracy=0.9887999892234802)
EpochMetrics(epoch=177, total_rounds=13275, total_fda_steps=13275, accuracy=0.9883000254631042)
EpochMetrics(epoch=178, total_rounds=13350, total_fda_steps=13350, accuracy=0.9882000088691711)
EpochMetrics(epoch=179, total_rounds=13425, total_fda_steps=13425, accuracy=0.988099992275238)
EpochMetrics(epoch=180, total_rounds=13500, total_fda_steps=13500, accuracy=0.9883000254631042)
EpochMetrics(epoch=181, total_rounds=13575, total_fda_steps=13575, accuracy=0.9882000088691711)
EpochMetrics(epoch=182, total_rounds=13650, total_fda_steps=13650, accuracy=0.9879999756813049)
EpochMetrics(epoch=183, total_rounds=13725, total_fda_steps=13725, accuracy=0.988099992275238)
EpochMetrics(epoch=184, total_rounds=13800, total_fda_steps=13800, accuracy=0.9883000254631042)
EpochMetrics(epoch=185, total_rounds=13875, total_fda_steps=13875, accuracy=0.9887999892234802)
EpochMetrics(epoch=186, total_rounds=13950, total_fda_steps=13950, accuracy=0.9883999824523926)
EpochMetrics(epoch=187, total_rounds=14025, total_fda_steps=14025, accuracy=0.9889000058174133)
EpochMetrics(epoch=188, total_rounds=14100, total_fda_steps=14100, accuracy=0.9886999726295471)
EpochMetrics(epoch=189, total_rounds=14175, total_fda_steps=14175, accuracy=0.9884999990463257)
EpochMetrics(epoch=190, total_rounds=14250, total_fda_steps=14250, accuracy=0.9879999756813049)
EpochMetrics(epoch=191, total_rounds=14325, total_fda_steps=14325, accuracy=0.9890999794006348)
EpochMetrics(epoch=192, total_rounds=14400, total_fda_steps=14400, accuracy=0.988099992275238)
EpochMetrics(epoch=193, total_rounds=14475, total_fda_steps=14475, accuracy=0.9884999990463257)
EpochMetrics(epoch=194, total_rounds=14550, total_fda_steps=14550, accuracy=0.988099992275238)
EpochMetrics(epoch=195, total_rounds=14625, total_fda_steps=14625, accuracy=0.9882000088691711)
EpochMetrics(epoch=196, total_rounds=14700, total_fda_steps=14700, accuracy=0.9879999756813049)
EpochMetrics(epoch=197, total_rounds=14775, total_fda_steps=14775, accuracy=0.9886000156402588)
EpochMetrics(epoch=198, total_rounds=14850, total_fda_steps=14850, accuracy=0.9886000156402588)
EpochMetrics(epoch=199, total_rounds=14925, total_fda_steps=14925, accuracy=0.9879999756813049)
EpochMetrics(epoch=200, total_rounds=15000, total_fda_steps=15000, accuracy=0.9883999824523926)
EpochMetrics(epoch=201, total_rounds=15075, total_fda_steps=15075, accuracy=0.9886000156402588)
EpochMetrics(epoch=202, total_rounds=15150, total_fda_steps=15150, accuracy=0.9883999824523926)
EpochMetrics(epoch=203, total_rounds=15225, total_fda_steps=15225, accuracy=0.9879999756813049)
EpochMetrics(epoch=204, total_rounds=15300, total_fda_steps=15300, accuracy=0.988099992275238)
EpochMetrics(epoch=205, total_rounds=15375, total_fda_steps=15375, accuracy=0.9883999824523926)
EpochMetrics(epoch=206, total_rounds=15450, total_fda_steps=15450, accuracy=0.9879000186920166)
EpochMetrics(epoch=207, total_rounds=15525, total_fda_steps=15525, accuracy=0.9890000224113464)
EpochMetrics(epoch=208, total_rounds=15600, total_fda_steps=15600, accuracy=0.9876000285148621)
EpochMetrics(epoch=209, total_rounds=15675, total_fda_steps=15675, accuracy=0.9884999990463257)
EpochMetrics(epoch=210, total_rounds=15750, total_fda_steps=15750, accuracy=0.9889000058174133)
EpochMetrics(epoch=211, total_rounds=15825, total_fda_steps=15825, accuracy=0.9883999824523926)
EpochMetrics(epoch=212, total_rounds=15900, total_fda_steps=15900, accuracy=0.9879999756813049)
EpochMetrics(epoch=213, total_rounds=15975, total_fda_steps=15975, accuracy=0.988099992275238)
EpochMetrics(epoch=214, total_rounds=16050, total_fda_steps=16050, accuracy=0.988099992275238)
EpochMetrics(epoch=215, total_rounds=16125, total_fda_steps=16125, accuracy=0.9883000254631042)
EpochMetrics(epoch=216, total_rounds=16200, total_fda_steps=16200, accuracy=0.9883999824523926)
EpochMetrics(epoch=217, total_rounds=16275, total_fda_steps=16275, accuracy=0.9879999756813049)
EpochMetrics(epoch=218, total_rounds=16350, total_fda_steps=16350, accuracy=0.9879000186920166)
EpochMetrics(epoch=219, total_rounds=16425, total_fda_steps=16425, accuracy=0.9889000058174133)
EpochMetrics(epoch=220, total_rounds=16500, total_fda_steps=16500, accuracy=0.9886999726295471)
EpochMetrics(epoch=221, total_rounds=16575, total_fda_steps=16575, accuracy=0.9886999726295471)
EpochMetrics(epoch=222, total_rounds=16650, total_fda_steps=16650, accuracy=0.9884999990463257)
EpochMetrics(epoch=223, total_rounds=16725, total_fda_steps=16725, accuracy=0.9889000058174133)
EpochMetrics(epoch=224, total_rounds=16800, total_fda_steps=16800, accuracy=0.9882000088691711)
EpochMetrics(epoch=225, total_rounds=16875, total_fda_steps=16875, accuracy=0.9889000058174133)
EpochMetrics(epoch=226, total_rounds=16950, total_fda_steps=16950, accuracy=0.9884999990463257)
EpochMetrics(epoch=227, total_rounds=17025, total_fda_steps=17025, accuracy=0.9886000156402588)
EpochMetrics(epoch=228, total_rounds=17100, total_fda_steps=17100, accuracy=0.9890000224113464)
EpochMetrics(epoch=229, total_rounds=17175, total_fda_steps=17175, accuracy=0.9882000088691711)
EpochMetrics(epoch=230, total_rounds=17250, total_fda_steps=17250, accuracy=0.9876999855041504)
EpochMetrics(epoch=231, total_rounds=17325, total_fda_steps=17325, accuracy=0.9882000088691711)
EpochMetrics(epoch=232, total_rounds=17400, total_fda_steps=17400, accuracy=0.9887999892234802)
EpochMetrics(epoch=233, total_rounds=17475, total_fda_steps=17475, accuracy=0.989300012588501)
EpochMetrics(epoch=234, total_rounds=17550, total_fda_steps=17550, accuracy=0.9890000224113464)
EpochMetrics(epoch=235, total_rounds=17625, total_fda_steps=17625, accuracy=0.9886000156402588)
EpochMetrics(epoch=236, total_rounds=17700, total_fda_steps=17700, accuracy=0.9891999959945679)
EpochMetrics(epoch=237, total_rounds=17775, total_fda_steps=17775, accuracy=0.9887999892234802)
EpochMetrics(epoch=238, total_rounds=17850, total_fda_steps=17850, accuracy=0.9887999892234802)
EpochMetrics(epoch=239, total_rounds=17925, total_fda_steps=17925, accuracy=0.9887999892234802)
EpochMetrics(epoch=240, total_rounds=18000, total_fda_steps=18000, accuracy=0.9890000224113464)
EpochMetrics(epoch=241, total_rounds=18075, total_fda_steps=18075, accuracy=0.9889000058174133)
EpochMetrics(epoch=242, total_rounds=18150, total_fda_steps=18150, accuracy=0.9886999726295471)
EpochMetrics(epoch=243, total_rounds=18225, total_fda_steps=18225, accuracy=0.9890999794006348)
EpochMetrics(epoch=244, total_rounds=18300, total_fda_steps=18300, accuracy=0.9889000058174133)
EpochMetrics(epoch=245, total_rounds=18375, total_fda_steps=18375, accuracy=0.9889000058174133)
EpochMetrics(epoch=246, total_rounds=18450, total_fda_steps=18450, accuracy=0.9889000058174133)
EpochMetrics(epoch=247, total_rounds=18525, total_fda_steps=18525, accuracy=0.9890000224113464)
EpochMetrics(epoch=248, total_rounds=18600, total_fda_steps=18600, accuracy=0.9886000156402588)
EpochMetrics(epoch=249, total_rounds=18675, total_fda_steps=18675, accuracy=0.9886000156402588)
EpochMetrics(epoch=250, total_rounds=18750, total_fda_steps=18750, accuracy=0.9889000058174133)

------------ Finished Testing : ------------
NN name : LeNet-5
FDA name : synchronous
Num Clients : 25
Batch size : 32
Num Epochs : 250
Number of steps until we check RTC : 1
Theta : 0.0
Total simulation time: 52584.67242836952 sec
-----------------------------------------

