Num GPUs Available:  1

------------ Current Test : ------------
NN name : LeNet-5
FDA name : synchronous
Num Clients : 30
Batch size : 32
Num Epochs : 250
Number of steps until we check RTC : 1
Theta : 0.0
-----------------------------------------

EpochMetrics(epoch=1, total_rounds=63, total_fda_steps=63, accuracy=0.8844000101089478)
EpochMetrics(epoch=2, total_rounds=125, total_fda_steps=125, accuracy=0.9056000113487244)
EpochMetrics(epoch=3, total_rounds=188, total_fda_steps=188, accuracy=0.9180999994277954)
EpochMetrics(epoch=4, total_rounds=250, total_fda_steps=250, accuracy=0.9271000027656555)
EpochMetrics(epoch=5, total_rounds=313, total_fda_steps=313, accuracy=0.9341999888420105)
EpochMetrics(epoch=6, total_rounds=375, total_fda_steps=375, accuracy=0.9399999976158142)
EpochMetrics(epoch=7, total_rounds=438, total_fda_steps=438, accuracy=0.9455999732017517)
EpochMetrics(epoch=8, total_rounds=500, total_fda_steps=500, accuracy=0.949400007724762)
EpochMetrics(epoch=9, total_rounds=563, total_fda_steps=563, accuracy=0.9527000188827515)
EpochMetrics(epoch=10, total_rounds=625, total_fda_steps=625, accuracy=0.95660001039505)
EpochMetrics(epoch=11, total_rounds=688, total_fda_steps=688, accuracy=0.9602000117301941)
EpochMetrics(epoch=12, total_rounds=750, total_fda_steps=750, accuracy=0.9613000154495239)
EpochMetrics(epoch=13, total_rounds=813, total_fda_steps=813, accuracy=0.9628999829292297)
EpochMetrics(epoch=14, total_rounds=875, total_fda_steps=875, accuracy=0.964900016784668)
EpochMetrics(epoch=15, total_rounds=938, total_fda_steps=938, accuracy=0.9671000242233276)
EpochMetrics(epoch=16, total_rounds=1000, total_fda_steps=1000, accuracy=0.9684000015258789)
EpochMetrics(epoch=17, total_rounds=1063, total_fda_steps=1063, accuracy=0.9689000248908997)
EpochMetrics(epoch=18, total_rounds=1125, total_fda_steps=1125, accuracy=0.9702000021934509)
EpochMetrics(epoch=19, total_rounds=1188, total_fda_steps=1188, accuracy=0.9704999923706055)
EpochMetrics(epoch=20, total_rounds=1250, total_fda_steps=1250, accuracy=0.9710999727249146)
EpochMetrics(epoch=21, total_rounds=1313, total_fda_steps=1313, accuracy=0.9722999930381775)
EpochMetrics(epoch=22, total_rounds=1375, total_fda_steps=1375, accuracy=0.9733999967575073)
EpochMetrics(epoch=23, total_rounds=1438, total_fda_steps=1438, accuracy=0.9740999937057495)
EpochMetrics(epoch=24, total_rounds=1500, total_fda_steps=1500, accuracy=0.9750000238418579)
EpochMetrics(epoch=25, total_rounds=1563, total_fda_steps=1563, accuracy=0.9761999845504761)
EpochMetrics(epoch=26, total_rounds=1625, total_fda_steps=1625, accuracy=0.9771000146865845)
EpochMetrics(epoch=27, total_rounds=1688, total_fda_steps=1688, accuracy=0.9778000116348267)
EpochMetrics(epoch=28, total_rounds=1750, total_fda_steps=1750, accuracy=0.9779999852180481)
EpochMetrics(epoch=29, total_rounds=1813, total_fda_steps=1813, accuracy=0.979200005531311)
EpochMetrics(epoch=30, total_rounds=1875, total_fda_steps=1875, accuracy=0.9782999753952026)
EpochMetrics(epoch=31, total_rounds=1938, total_fda_steps=1938, accuracy=0.9787999987602234)
EpochMetrics(epoch=32, total_rounds=2000, total_fda_steps=2000, accuracy=0.9793999791145325)
EpochMetrics(epoch=33, total_rounds=2063, total_fda_steps=2063, accuracy=0.9811999797821045)
EpochMetrics(epoch=34, total_rounds=2125, total_fda_steps=2125, accuracy=0.9805999994277954)
EpochMetrics(epoch=35, total_rounds=2188, total_fda_steps=2188, accuracy=0.9810000061988831)
EpochMetrics(epoch=36, total_rounds=2250, total_fda_steps=2250, accuracy=0.9811000227928162)
EpochMetrics(epoch=37, total_rounds=2313, total_fda_steps=2313, accuracy=0.9815999865531921)
EpochMetrics(epoch=38, total_rounds=2375, total_fda_steps=2375, accuracy=0.9824000000953674)
EpochMetrics(epoch=39, total_rounds=2438, total_fda_steps=2438, accuracy=0.9825000166893005)
EpochMetrics(epoch=40, total_rounds=2500, total_fda_steps=2500, accuracy=0.9822999835014343)
EpochMetrics(epoch=41, total_rounds=2563, total_fda_steps=2563, accuracy=0.982699990272522)
EpochMetrics(epoch=42, total_rounds=2625, total_fda_steps=2625, accuracy=0.9829999804496765)
EpochMetrics(epoch=43, total_rounds=2688, total_fda_steps=2688, accuracy=0.9836999773979187)
EpochMetrics(epoch=44, total_rounds=2750, total_fda_steps=2750, accuracy=0.9837999939918518)
EpochMetrics(epoch=45, total_rounds=2813, total_fda_steps=2813, accuracy=0.9837999939918518)
EpochMetrics(epoch=46, total_rounds=2875, total_fda_steps=2875, accuracy=0.9837999939918518)
EpochMetrics(epoch=47, total_rounds=2938, total_fda_steps=2938, accuracy=0.9840999841690063)
EpochMetrics(epoch=48, total_rounds=3000, total_fda_steps=3000, accuracy=0.9842000007629395)
EpochMetrics(epoch=49, total_rounds=3063, total_fda_steps=3063, accuracy=0.984499990940094)
EpochMetrics(epoch=50, total_rounds=3125, total_fda_steps=3125, accuracy=0.9851999878883362)
EpochMetrics(epoch=51, total_rounds=3188, total_fda_steps=3188, accuracy=0.9847000241279602)
EpochMetrics(epoch=52, total_rounds=3250, total_fda_steps=3250, accuracy=0.9843000173568726)
EpochMetrics(epoch=53, total_rounds=3313, total_fda_steps=3313, accuracy=0.9847999811172485)
EpochMetrics(epoch=54, total_rounds=3375, total_fda_steps=3375, accuracy=0.9855999946594238)
EpochMetrics(epoch=55, total_rounds=3438, total_fda_steps=3438, accuracy=0.9854999780654907)
EpochMetrics(epoch=56, total_rounds=3500, total_fda_steps=3500, accuracy=0.9854000210762024)
EpochMetrics(epoch=57, total_rounds=3563, total_fda_steps=3563, accuracy=0.9854999780654907)
EpochMetrics(epoch=58, total_rounds=3625, total_fda_steps=3625, accuracy=0.9861000180244446)
EpochMetrics(epoch=59, total_rounds=3688, total_fda_steps=3688, accuracy=0.9858999848365784)
EpochMetrics(epoch=60, total_rounds=3750, total_fda_steps=3750, accuracy=0.9857000112533569)
EpochMetrics(epoch=61, total_rounds=3813, total_fda_steps=3813, accuracy=0.986299991607666)
EpochMetrics(epoch=62, total_rounds=3875, total_fda_steps=3875, accuracy=0.9864000082015991)
EpochMetrics(epoch=63, total_rounds=3938, total_fda_steps=3938, accuracy=0.9857000112533569)
EpochMetrics(epoch=64, total_rounds=4000, total_fda_steps=4000, accuracy=0.9865000247955322)
EpochMetrics(epoch=65, total_rounds=4063, total_fda_steps=4063, accuracy=0.9865000247955322)
EpochMetrics(epoch=66, total_rounds=4125, total_fda_steps=4125, accuracy=0.9868000149726868)
EpochMetrics(epoch=67, total_rounds=4188, total_fda_steps=4188, accuracy=0.98580002784729)
EpochMetrics(epoch=68, total_rounds=4250, total_fda_steps=4250, accuracy=0.9872000217437744)
EpochMetrics(epoch=69, total_rounds=4313, total_fda_steps=4313, accuracy=0.9873999953269958)
EpochMetrics(epoch=70, total_rounds=4375, total_fda_steps=4375, accuracy=0.9869999885559082)
EpochMetrics(epoch=71, total_rounds=4438, total_fda_steps=4438, accuracy=0.9878000020980835)
EpochMetrics(epoch=72, total_rounds=4500, total_fda_steps=4500, accuracy=0.9872999787330627)
EpochMetrics(epoch=73, total_rounds=4563, total_fda_steps=4563, accuracy=0.987500011920929)
EpochMetrics(epoch=74, total_rounds=4625, total_fda_steps=4625, accuracy=0.9873999953269958)
EpochMetrics(epoch=75, total_rounds=4688, total_fda_steps=4688, accuracy=0.9871000051498413)
EpochMetrics(epoch=76, total_rounds=4750, total_fda_steps=4750, accuracy=0.9872000217437744)
EpochMetrics(epoch=77, total_rounds=4813, total_fda_steps=4813, accuracy=0.9879000186920166)
EpochMetrics(epoch=78, total_rounds=4875, total_fda_steps=4875, accuracy=0.9883999824523926)
EpochMetrics(epoch=79, total_rounds=4938, total_fda_steps=4938, accuracy=0.987500011920929)
EpochMetrics(epoch=80, total_rounds=5000, total_fda_steps=5000, accuracy=0.988099992275238)
EpochMetrics(epoch=81, total_rounds=5063, total_fda_steps=5063, accuracy=0.988099992275238)
EpochMetrics(epoch=82, total_rounds=5125, total_fda_steps=5125, accuracy=0.9871000051498413)
EpochMetrics(epoch=83, total_rounds=5188, total_fda_steps=5188, accuracy=0.9879000186920166)
EpochMetrics(epoch=84, total_rounds=5250, total_fda_steps=5250, accuracy=0.9872999787330627)
EpochMetrics(epoch=85, total_rounds=5313, total_fda_steps=5313, accuracy=0.9872999787330627)
EpochMetrics(epoch=86, total_rounds=5375, total_fda_steps=5375, accuracy=0.9872999787330627)
EpochMetrics(epoch=87, total_rounds=5438, total_fda_steps=5438, accuracy=0.9882000088691711)
EpochMetrics(epoch=88, total_rounds=5500, total_fda_steps=5500, accuracy=0.9878000020980835)
EpochMetrics(epoch=89, total_rounds=5563, total_fda_steps=5563, accuracy=0.987500011920929)
EpochMetrics(epoch=90, total_rounds=5625, total_fda_steps=5625, accuracy=0.9869999885559082)
EpochMetrics(epoch=91, total_rounds=5688, total_fda_steps=5688, accuracy=0.9873999953269958)
EpochMetrics(epoch=92, total_rounds=5750, total_fda_steps=5750, accuracy=0.9876999855041504)
EpochMetrics(epoch=93, total_rounds=5813, total_fda_steps=5813, accuracy=0.9878000020980835)
EpochMetrics(epoch=94, total_rounds=5875, total_fda_steps=5875, accuracy=0.9878000020980835)
EpochMetrics(epoch=95, total_rounds=5938, total_fda_steps=5938, accuracy=0.9878000020980835)
EpochMetrics(epoch=96, total_rounds=6000, total_fda_steps=6000, accuracy=0.9872999787330627)
EpochMetrics(epoch=97, total_rounds=6063, total_fda_steps=6063, accuracy=0.9878000020980835)
EpochMetrics(epoch=98, total_rounds=6125, total_fda_steps=6125, accuracy=0.987500011920929)
EpochMetrics(epoch=99, total_rounds=6188, total_fda_steps=6188, accuracy=0.9883000254631042)
EpochMetrics(epoch=100, total_rounds=6250, total_fda_steps=6250, accuracy=0.988099992275238)
EpochMetrics(epoch=101, total_rounds=6313, total_fda_steps=6313, accuracy=0.9872000217437744)
EpochMetrics(epoch=102, total_rounds=6375, total_fda_steps=6375, accuracy=0.9876999855041504)
EpochMetrics(epoch=103, total_rounds=6438, total_fda_steps=6438, accuracy=0.9878000020980835)
EpochMetrics(epoch=104, total_rounds=6500, total_fda_steps=6500, accuracy=0.9876999855041504)
EpochMetrics(epoch=105, total_rounds=6563, total_fda_steps=6563, accuracy=0.9876000285148621)
EpochMetrics(epoch=106, total_rounds=6625, total_fda_steps=6625, accuracy=0.9879999756813049)
EpochMetrics(epoch=107, total_rounds=6688, total_fda_steps=6688, accuracy=0.9879999756813049)
EpochMetrics(epoch=108, total_rounds=6750, total_fda_steps=6750, accuracy=0.9879000186920166)
EpochMetrics(epoch=109, total_rounds=6813, total_fda_steps=6813, accuracy=0.9876000285148621)
EpochMetrics(epoch=110, total_rounds=6875, total_fda_steps=6875, accuracy=0.9873999953269958)
EpochMetrics(epoch=111, total_rounds=6938, total_fda_steps=6938, accuracy=0.9876000285148621)
EpochMetrics(epoch=112, total_rounds=7000, total_fda_steps=7000, accuracy=0.9882000088691711)
EpochMetrics(epoch=113, total_rounds=7063, total_fda_steps=7063, accuracy=0.9878000020980835)
EpochMetrics(epoch=114, total_rounds=7125, total_fda_steps=7125, accuracy=0.9879000186920166)
EpochMetrics(epoch=115, total_rounds=7188, total_fda_steps=7188, accuracy=0.9879000186920166)
EpochMetrics(epoch=116, total_rounds=7250, total_fda_steps=7250, accuracy=0.9879999756813049)
EpochMetrics(epoch=117, total_rounds=7313, total_fda_steps=7313, accuracy=0.9887999892234802)
EpochMetrics(epoch=118, total_rounds=7375, total_fda_steps=7375, accuracy=0.9883999824523926)
EpochMetrics(epoch=119, total_rounds=7438, total_fda_steps=7438, accuracy=0.9878000020980835)
EpochMetrics(epoch=120, total_rounds=7500, total_fda_steps=7500, accuracy=0.987500011920929)
EpochMetrics(epoch=121, total_rounds=7563, total_fda_steps=7563, accuracy=0.9882000088691711)
EpochMetrics(epoch=122, total_rounds=7625, total_fda_steps=7625, accuracy=0.9883000254631042)
EpochMetrics(epoch=123, total_rounds=7688, total_fda_steps=7688, accuracy=0.9883000254631042)
EpochMetrics(epoch=124, total_rounds=7750, total_fda_steps=7750, accuracy=0.9878000020980835)
EpochMetrics(epoch=125, total_rounds=7813, total_fda_steps=7813, accuracy=0.988099992275238)
EpochMetrics(epoch=126, total_rounds=7875, total_fda_steps=7875, accuracy=0.988099992275238)
EpochMetrics(epoch=127, total_rounds=7938, total_fda_steps=7938, accuracy=0.988099992275238)
EpochMetrics(epoch=128, total_rounds=8000, total_fda_steps=8000, accuracy=0.9879000186920166)
EpochMetrics(epoch=129, total_rounds=8063, total_fda_steps=8063, accuracy=0.9879999756813049)
EpochMetrics(epoch=130, total_rounds=8125, total_fda_steps=8125, accuracy=0.9879999756813049)
EpochMetrics(epoch=131, total_rounds=8188, total_fda_steps=8188, accuracy=0.9876000285148621)
EpochMetrics(epoch=132, total_rounds=8250, total_fda_steps=8250, accuracy=0.9879999756813049)
EpochMetrics(epoch=133, total_rounds=8313, total_fda_steps=8313, accuracy=0.9873999953269958)
EpochMetrics(epoch=134, total_rounds=8375, total_fda_steps=8375, accuracy=0.9878000020980835)
EpochMetrics(epoch=135, total_rounds=8438, total_fda_steps=8438, accuracy=0.9876999855041504)
EpochMetrics(epoch=136, total_rounds=8500, total_fda_steps=8500, accuracy=0.9886999726295471)
EpochMetrics(epoch=137, total_rounds=8563, total_fda_steps=8563, accuracy=0.9883999824523926)
EpochMetrics(epoch=138, total_rounds=8625, total_fda_steps=8625, accuracy=0.9879000186920166)
EpochMetrics(epoch=139, total_rounds=8688, total_fda_steps=8688, accuracy=0.987500011920929)
EpochMetrics(epoch=140, total_rounds=8750, total_fda_steps=8750, accuracy=0.9879999756813049)
EpochMetrics(epoch=141, total_rounds=8813, total_fda_steps=8813, accuracy=0.9886999726295471)
EpochMetrics(epoch=142, total_rounds=8875, total_fda_steps=8875, accuracy=0.987500011920929)
EpochMetrics(epoch=143, total_rounds=8938, total_fda_steps=8938, accuracy=0.988099992275238)
EpochMetrics(epoch=144, total_rounds=9000, total_fda_steps=9000, accuracy=0.9883000254631042)
EpochMetrics(epoch=145, total_rounds=9063, total_fda_steps=9063, accuracy=0.9876999855041504)
EpochMetrics(epoch=146, total_rounds=9125, total_fda_steps=9125, accuracy=0.9884999990463257)
EpochMetrics(epoch=147, total_rounds=9188, total_fda_steps=9188, accuracy=0.9882000088691711)
EpochMetrics(epoch=148, total_rounds=9250, total_fda_steps=9250, accuracy=0.9882000088691711)
EpochMetrics(epoch=149, total_rounds=9313, total_fda_steps=9313, accuracy=0.988099992275238)
EpochMetrics(epoch=150, total_rounds=9375, total_fda_steps=9375, accuracy=0.9887999892234802)
EpochMetrics(epoch=151, total_rounds=9438, total_fda_steps=9438, accuracy=0.988099992275238)
EpochMetrics(epoch=152, total_rounds=9500, total_fda_steps=9500, accuracy=0.9884999990463257)
EpochMetrics(epoch=153, total_rounds=9563, total_fda_steps=9563, accuracy=0.9890999794006348)
EpochMetrics(epoch=154, total_rounds=9625, total_fda_steps=9625, accuracy=0.9884999990463257)
EpochMetrics(epoch=155, total_rounds=9688, total_fda_steps=9688, accuracy=0.9878000020980835)
EpochMetrics(epoch=156, total_rounds=9750, total_fda_steps=9750, accuracy=0.9878000020980835)
EpochMetrics(epoch=157, total_rounds=9813, total_fda_steps=9813, accuracy=0.9878000020980835)
EpochMetrics(epoch=158, total_rounds=9875, total_fda_steps=9875, accuracy=0.9876999855041504)
EpochMetrics(epoch=159, total_rounds=9938, total_fda_steps=9938, accuracy=0.9879000186920166)
EpochMetrics(epoch=160, total_rounds=10000, total_fda_steps=10000, accuracy=0.988099992275238)
EpochMetrics(epoch=161, total_rounds=10063, total_fda_steps=10063, accuracy=0.9879999756813049)
EpochMetrics(epoch=162, total_rounds=10125, total_fda_steps=10125, accuracy=0.988099992275238)
EpochMetrics(epoch=163, total_rounds=10188, total_fda_steps=10188, accuracy=0.988099992275238)
EpochMetrics(epoch=164, total_rounds=10250, total_fda_steps=10250, accuracy=0.9879999756813049)
EpochMetrics(epoch=165, total_rounds=10313, total_fda_steps=10313, accuracy=0.9882000088691711)
EpochMetrics(epoch=166, total_rounds=10375, total_fda_steps=10375, accuracy=0.9882000088691711)
EpochMetrics(epoch=167, total_rounds=10438, total_fda_steps=10438, accuracy=0.9883999824523926)
EpochMetrics(epoch=168, total_rounds=10500, total_fda_steps=10500, accuracy=0.9883000254631042)
EpochMetrics(epoch=169, total_rounds=10563, total_fda_steps=10563, accuracy=0.9883000254631042)
EpochMetrics(epoch=170, total_rounds=10625, total_fda_steps=10625, accuracy=0.988099992275238)
EpochMetrics(epoch=171, total_rounds=10688, total_fda_steps=10688, accuracy=0.9883000254631042)
EpochMetrics(epoch=172, total_rounds=10750, total_fda_steps=10750, accuracy=0.9883000254631042)
EpochMetrics(epoch=173, total_rounds=10813, total_fda_steps=10813, accuracy=0.9879000186920166)
EpochMetrics(epoch=174, total_rounds=10875, total_fda_steps=10875, accuracy=0.9886000156402588)
EpochMetrics(epoch=175, total_rounds=10938, total_fda_steps=10938, accuracy=0.9886999726295471)
EpochMetrics(epoch=176, total_rounds=11000, total_fda_steps=11000, accuracy=0.9876999855041504)
EpochMetrics(epoch=177, total_rounds=11063, total_fda_steps=11063, accuracy=0.9879999756813049)
EpochMetrics(epoch=178, total_rounds=11125, total_fda_steps=11125, accuracy=0.9879999756813049)
EpochMetrics(epoch=179, total_rounds=11188, total_fda_steps=11188, accuracy=0.9886000156402588)
EpochMetrics(epoch=180, total_rounds=11250, total_fda_steps=11250, accuracy=0.9879999756813049)
EpochMetrics(epoch=181, total_rounds=11313, total_fda_steps=11313, accuracy=0.9876999855041504)
EpochMetrics(epoch=182, total_rounds=11375, total_fda_steps=11375, accuracy=0.988099992275238)
EpochMetrics(epoch=183, total_rounds=11438, total_fda_steps=11438, accuracy=0.9878000020980835)
EpochMetrics(epoch=184, total_rounds=11500, total_fda_steps=11500, accuracy=0.9879999756813049)
EpochMetrics(epoch=185, total_rounds=11563, total_fda_steps=11563, accuracy=0.987500011920929)
EpochMetrics(epoch=186, total_rounds=11625, total_fda_steps=11625, accuracy=0.9879000186920166)
EpochMetrics(epoch=187, total_rounds=11688, total_fda_steps=11688, accuracy=0.9883999824523926)
EpochMetrics(epoch=188, total_rounds=11750, total_fda_steps=11750, accuracy=0.9879000186920166)
EpochMetrics(epoch=189, total_rounds=11813, total_fda_steps=11813, accuracy=0.9882000088691711)
EpochMetrics(epoch=190, total_rounds=11875, total_fda_steps=11875, accuracy=0.9883999824523926)
EpochMetrics(epoch=191, total_rounds=11938, total_fda_steps=11938, accuracy=0.9882000088691711)
EpochMetrics(epoch=192, total_rounds=12000, total_fda_steps=12000, accuracy=0.987500011920929)
EpochMetrics(epoch=193, total_rounds=12063, total_fda_steps=12063, accuracy=0.9872000217437744)
EpochMetrics(epoch=194, total_rounds=12125, total_fda_steps=12125, accuracy=0.9883000254631042)
EpochMetrics(epoch=195, total_rounds=12188, total_fda_steps=12188, accuracy=0.9876999855041504)
EpochMetrics(epoch=196, total_rounds=12250, total_fda_steps=12250, accuracy=0.9883999824523926)
EpochMetrics(epoch=197, total_rounds=12313, total_fda_steps=12313, accuracy=0.9878000020980835)
EpochMetrics(epoch=198, total_rounds=12375, total_fda_steps=12375, accuracy=0.9882000088691711)
EpochMetrics(epoch=199, total_rounds=12438, total_fda_steps=12438, accuracy=0.9886000156402588)
EpochMetrics(epoch=200, total_rounds=12500, total_fda_steps=12500, accuracy=0.9879000186920166)
EpochMetrics(epoch=201, total_rounds=12563, total_fda_steps=12563, accuracy=0.9879999756813049)
EpochMetrics(epoch=202, total_rounds=12625, total_fda_steps=12625, accuracy=0.9878000020980835)
EpochMetrics(epoch=203, total_rounds=12688, total_fda_steps=12688, accuracy=0.9878000020980835)
EpochMetrics(epoch=204, total_rounds=12750, total_fda_steps=12750, accuracy=0.9886999726295471)
EpochMetrics(epoch=205, total_rounds=12813, total_fda_steps=12813, accuracy=0.988099992275238)
EpochMetrics(epoch=206, total_rounds=12875, total_fda_steps=12875, accuracy=0.988099992275238)
EpochMetrics(epoch=207, total_rounds=12938, total_fda_steps=12938, accuracy=0.9882000088691711)
EpochMetrics(epoch=208, total_rounds=13000, total_fda_steps=13000, accuracy=0.9884999990463257)
EpochMetrics(epoch=209, total_rounds=13063, total_fda_steps=13063, accuracy=0.9884999990463257)
EpochMetrics(epoch=210, total_rounds=13125, total_fda_steps=13125, accuracy=0.9887999892234802)
EpochMetrics(epoch=211, total_rounds=13188, total_fda_steps=13188, accuracy=0.9889000058174133)
EpochMetrics(epoch=212, total_rounds=13250, total_fda_steps=13250, accuracy=0.9886000156402588)
EpochMetrics(epoch=213, total_rounds=13313, total_fda_steps=13313, accuracy=0.9886000156402588)
EpochMetrics(epoch=214, total_rounds=13375, total_fda_steps=13375, accuracy=0.9889000058174133)
EpochMetrics(epoch=215, total_rounds=13438, total_fda_steps=13438, accuracy=0.9883000254631042)
EpochMetrics(epoch=216, total_rounds=13500, total_fda_steps=13500, accuracy=0.9879000186920166)
EpochMetrics(epoch=217, total_rounds=13563, total_fda_steps=13563, accuracy=0.9884999990463257)
EpochMetrics(epoch=218, total_rounds=13625, total_fda_steps=13625, accuracy=0.9879999756813049)
EpochMetrics(epoch=219, total_rounds=13688, total_fda_steps=13688, accuracy=0.9886000156402588)
EpochMetrics(epoch=220, total_rounds=13750, total_fda_steps=13750, accuracy=0.9883000254631042)
EpochMetrics(epoch=221, total_rounds=13813, total_fda_steps=13813, accuracy=0.9883000254631042)
EpochMetrics(epoch=222, total_rounds=13875, total_fda_steps=13875, accuracy=0.9883000254631042)
EpochMetrics(epoch=223, total_rounds=13938, total_fda_steps=13938, accuracy=0.988099992275238)
EpochMetrics(epoch=224, total_rounds=14000, total_fda_steps=14000, accuracy=0.9889000058174133)
EpochMetrics(epoch=225, total_rounds=14063, total_fda_steps=14063, accuracy=0.9886000156402588)
EpochMetrics(epoch=226, total_rounds=14125, total_fda_steps=14125, accuracy=0.9876000285148621)
EpochMetrics(epoch=227, total_rounds=14188, total_fda_steps=14188, accuracy=0.9883000254631042)
EpochMetrics(epoch=228, total_rounds=14250, total_fda_steps=14250, accuracy=0.9884999990463257)
EpochMetrics(epoch=229, total_rounds=14313, total_fda_steps=14313, accuracy=0.9884999990463257)
EpochMetrics(epoch=230, total_rounds=14375, total_fda_steps=14375, accuracy=0.9882000088691711)
EpochMetrics(epoch=231, total_rounds=14438, total_fda_steps=14438, accuracy=0.9883999824523926)
EpochMetrics(epoch=232, total_rounds=14500, total_fda_steps=14500, accuracy=0.9884999990463257)
EpochMetrics(epoch=233, total_rounds=14563, total_fda_steps=14563, accuracy=0.9883000254631042)
EpochMetrics(epoch=234, total_rounds=14625, total_fda_steps=14625, accuracy=0.9878000020980835)
EpochMetrics(epoch=235, total_rounds=14688, total_fda_steps=14688, accuracy=0.9882000088691711)
EpochMetrics(epoch=236, total_rounds=14750, total_fda_steps=14750, accuracy=0.9878000020980835)
EpochMetrics(epoch=237, total_rounds=14813, total_fda_steps=14813, accuracy=0.988099992275238)
EpochMetrics(epoch=238, total_rounds=14875, total_fda_steps=14875, accuracy=0.9883000254631042)
EpochMetrics(epoch=239, total_rounds=14938, total_fda_steps=14938, accuracy=0.9882000088691711)
EpochMetrics(epoch=240, total_rounds=15000, total_fda_steps=15000, accuracy=0.9886000156402588)
EpochMetrics(epoch=241, total_rounds=15063, total_fda_steps=15063, accuracy=0.9884999990463257)
EpochMetrics(epoch=242, total_rounds=15125, total_fda_steps=15125, accuracy=0.988099992275238)
EpochMetrics(epoch=243, total_rounds=15188, total_fda_steps=15188, accuracy=0.9883000254631042)
EpochMetrics(epoch=244, total_rounds=15250, total_fda_steps=15250, accuracy=0.9883999824523926)
EpochMetrics(epoch=245, total_rounds=15313, total_fda_steps=15313, accuracy=0.9883999824523926)
EpochMetrics(epoch=246, total_rounds=15375, total_fda_steps=15375, accuracy=0.988099992275238)
EpochMetrics(epoch=247, total_rounds=15438, total_fda_steps=15438, accuracy=0.9879000186920166)
EpochMetrics(epoch=248, total_rounds=15500, total_fda_steps=15500, accuracy=0.9883999824523926)
EpochMetrics(epoch=249, total_rounds=15563, total_fda_steps=15563, accuracy=0.9886000156402588)
EpochMetrics(epoch=250, total_rounds=15625, total_fda_steps=15625, accuracy=0.9882000088691711)

------------ Finished Testing : ------------
NN name : LeNet-5
FDA name : synchronous
Num Clients : 30
Batch size : 32
Num Epochs : 250
Number of steps until we check RTC : 1
Theta : 0.0
Total simulation time: 52404.62268805504 sec
-----------------------------------------

