Num GPUs Available:  1

------------ Current Test : ------------
NN name : LeNet-5
FDA name : synchronous
Num Clients : 50
Batch size : 128
Num Epochs : 250
Number of steps until we check RTC : 1
Theta : 0.0
-----------------------------------------

EpochMetrics(epoch=1, total_rounds=10, total_fda_steps=10, accuracy=0.6741999983787537)
EpochMetrics(epoch=2, total_rounds=19, total_fda_steps=19, accuracy=0.7501999735832214)
EpochMetrics(epoch=3, total_rounds=29, total_fda_steps=29, accuracy=0.8310999870300293)
EpochMetrics(epoch=4, total_rounds=38, total_fda_steps=38, accuracy=0.8610000014305115)
EpochMetrics(epoch=5, total_rounds=47, total_fda_steps=47, accuracy=0.876800000667572)
EpochMetrics(epoch=6, total_rounds=57, total_fda_steps=57, accuracy=0.8866000175476074)
EpochMetrics(epoch=7, total_rounds=66, total_fda_steps=66, accuracy=0.8913999795913696)
EpochMetrics(epoch=8, total_rounds=75, total_fda_steps=75, accuracy=0.8985999822616577)
EpochMetrics(epoch=9, total_rounds=85, total_fda_steps=85, accuracy=0.9014999866485596)
EpochMetrics(epoch=10, total_rounds=94, total_fda_steps=94, accuracy=0.9047999978065491)
EpochMetrics(epoch=11, total_rounds=104, total_fda_steps=104, accuracy=0.9090999960899353)
EpochMetrics(epoch=12, total_rounds=113, total_fda_steps=113, accuracy=0.911300003528595)
EpochMetrics(epoch=13, total_rounds=122, total_fda_steps=122, accuracy=0.9154000282287598)
EpochMetrics(epoch=14, total_rounds=132, total_fda_steps=132, accuracy=0.9165999889373779)
EpochMetrics(epoch=15, total_rounds=141, total_fda_steps=141, accuracy=0.9186000227928162)
EpochMetrics(epoch=16, total_rounds=150, total_fda_steps=150, accuracy=0.9214000105857849)
EpochMetrics(epoch=17, total_rounds=160, total_fda_steps=160, accuracy=0.9229000210762024)
EpochMetrics(epoch=18, total_rounds=169, total_fda_steps=169, accuracy=0.9258000254631042)
EpochMetrics(epoch=19, total_rounds=179, total_fda_steps=179, accuracy=0.9279000163078308)
EpochMetrics(epoch=20, total_rounds=188, total_fda_steps=188, accuracy=0.929099977016449)
EpochMetrics(epoch=21, total_rounds=197, total_fda_steps=197, accuracy=0.932200014591217)
EpochMetrics(epoch=22, total_rounds=207, total_fda_steps=207, accuracy=0.9345999956130981)
EpochMetrics(epoch=23, total_rounds=216, total_fda_steps=216, accuracy=0.9348000288009644)
EpochMetrics(epoch=24, total_rounds=225, total_fda_steps=225, accuracy=0.9370999932289124)
EpochMetrics(epoch=25, total_rounds=235, total_fda_steps=235, accuracy=0.9384999871253967)
EpochMetrics(epoch=26, total_rounds=244, total_fda_steps=244, accuracy=0.9401999711990356)
EpochMetrics(epoch=27, total_rounds=254, total_fda_steps=254, accuracy=0.9419000148773193)
EpochMetrics(epoch=28, total_rounds=263, total_fda_steps=263, accuracy=0.9434000253677368)
EpochMetrics(epoch=29, total_rounds=272, total_fda_steps=272, accuracy=0.9438999891281128)
EpochMetrics(epoch=30, total_rounds=282, total_fda_steps=282, accuracy=0.9452999830245972)
EpochMetrics(epoch=31, total_rounds=291, total_fda_steps=291, accuracy=0.9458000063896179)
EpochMetrics(epoch=32, total_rounds=300, total_fda_steps=300, accuracy=0.9474999904632568)
EpochMetrics(epoch=33, total_rounds=310, total_fda_steps=310, accuracy=0.949400007724762)
EpochMetrics(epoch=34, total_rounds=319, total_fda_steps=319, accuracy=0.9502999782562256)
EpochMetrics(epoch=35, total_rounds=329, total_fda_steps=329, accuracy=0.951200008392334)
EpochMetrics(epoch=36, total_rounds=338, total_fda_steps=338, accuracy=0.9524000287055969)
EpochMetrics(epoch=37, total_rounds=347, total_fda_steps=347, accuracy=0.9527000188827515)
EpochMetrics(epoch=38, total_rounds=357, total_fda_steps=357, accuracy=0.9539999961853027)
EpochMetrics(epoch=39, total_rounds=366, total_fda_steps=366, accuracy=0.9549000263214111)
EpochMetrics(epoch=40, total_rounds=375, total_fda_steps=375, accuracy=0.9556000232696533)
EpochMetrics(epoch=41, total_rounds=385, total_fda_steps=385, accuracy=0.9559999704360962)
EpochMetrics(epoch=42, total_rounds=394, total_fda_steps=394, accuracy=0.9564999938011169)
EpochMetrics(epoch=43, total_rounds=404, total_fda_steps=404, accuracy=0.9573000073432922)
EpochMetrics(epoch=44, total_rounds=413, total_fda_steps=413, accuracy=0.9581000208854675)
EpochMetrics(epoch=45, total_rounds=422, total_fda_steps=422, accuracy=0.958299994468689)
EpochMetrics(epoch=46, total_rounds=432, total_fda_steps=432, accuracy=0.9592999815940857)
EpochMetrics(epoch=47, total_rounds=441, total_fda_steps=441, accuracy=0.9598000049591064)
EpochMetrics(epoch=48, total_rounds=450, total_fda_steps=450, accuracy=0.9599999785423279)
EpochMetrics(epoch=49, total_rounds=460, total_fda_steps=460, accuracy=0.9603000283241272)
EpochMetrics(epoch=50, total_rounds=469, total_fda_steps=469, accuracy=0.9616000056266785)
EpochMetrics(epoch=51, total_rounds=479, total_fda_steps=479, accuracy=0.9613000154495239)
EpochMetrics(epoch=52, total_rounds=488, total_fda_steps=488, accuracy=0.9616000056266785)
EpochMetrics(epoch=53, total_rounds=497, total_fda_steps=497, accuracy=0.961899995803833)
EpochMetrics(epoch=54, total_rounds=507, total_fda_steps=507, accuracy=0.9632999897003174)
EpochMetrics(epoch=55, total_rounds=516, total_fda_steps=516, accuracy=0.9632999897003174)
EpochMetrics(epoch=56, total_rounds=525, total_fda_steps=525, accuracy=0.9634000062942505)
EpochMetrics(epoch=57, total_rounds=535, total_fda_steps=535, accuracy=0.9648000001907349)
EpochMetrics(epoch=58, total_rounds=544, total_fda_steps=544, accuracy=0.9650999903678894)
EpochMetrics(epoch=59, total_rounds=554, total_fda_steps=554, accuracy=0.9652000069618225)
EpochMetrics(epoch=60, total_rounds=563, total_fda_steps=563, accuracy=0.9660999774932861)
EpochMetrics(epoch=61, total_rounds=572, total_fda_steps=572, accuracy=0.9664999842643738)
EpochMetrics(epoch=62, total_rounds=582, total_fda_steps=582, accuracy=0.96670001745224)
EpochMetrics(epoch=63, total_rounds=591, total_fda_steps=591, accuracy=0.967199981212616)
EpochMetrics(epoch=64, total_rounds=600, total_fda_steps=600, accuracy=0.9677000045776367)
EpochMetrics(epoch=65, total_rounds=610, total_fda_steps=610, accuracy=0.9671000242233276)
EpochMetrics(epoch=66, total_rounds=619, total_fda_steps=619, accuracy=0.9678000211715698)
EpochMetrics(epoch=67, total_rounds=629, total_fda_steps=629, accuracy=0.9688000082969666)
EpochMetrics(epoch=68, total_rounds=638, total_fda_steps=638, accuracy=0.968500018119812)
EpochMetrics(epoch=69, total_rounds=647, total_fda_steps=647, accuracy=0.9692999720573425)
EpochMetrics(epoch=70, total_rounds=657, total_fda_steps=657, accuracy=0.9690999984741211)
EpochMetrics(epoch=71, total_rounds=666, total_fda_steps=666, accuracy=0.9696000218391418)
EpochMetrics(epoch=72, total_rounds=675, total_fda_steps=675, accuracy=0.9693999886512756)
EpochMetrics(epoch=73, total_rounds=685, total_fda_steps=685, accuracy=0.9700999855995178)
EpochMetrics(epoch=74, total_rounds=694, total_fda_steps=694, accuracy=0.970300018787384)
EpochMetrics(epoch=75, total_rounds=704, total_fda_steps=704, accuracy=0.9706000089645386)
EpochMetrics(epoch=76, total_rounds=713, total_fda_steps=713, accuracy=0.97079998254776)
EpochMetrics(epoch=77, total_rounds=722, total_fda_steps=722, accuracy=0.9713000059127808)
EpochMetrics(epoch=78, total_rounds=732, total_fda_steps=732, accuracy=0.9717000126838684)
EpochMetrics(epoch=79, total_rounds=741, total_fda_steps=741, accuracy=0.9714000225067139)
EpochMetrics(epoch=80, total_rounds=750, total_fda_steps=750, accuracy=0.9714999794960022)
EpochMetrics(epoch=81, total_rounds=760, total_fda_steps=760, accuracy=0.9721999764442444)
EpochMetrics(epoch=82, total_rounds=769, total_fda_steps=769, accuracy=0.9717000126838684)
EpochMetrics(epoch=83, total_rounds=779, total_fda_steps=779, accuracy=0.9721999764442444)
EpochMetrics(epoch=84, total_rounds=788, total_fda_steps=788, accuracy=0.972599983215332)
EpochMetrics(epoch=85, total_rounds=797, total_fda_steps=797, accuracy=0.9726999998092651)
EpochMetrics(epoch=86, total_rounds=807, total_fda_steps=807, accuracy=0.9728999733924866)
EpochMetrics(epoch=87, total_rounds=816, total_fda_steps=816, accuracy=0.9728000164031982)
EpochMetrics(epoch=88, total_rounds=825, total_fda_steps=825, accuracy=0.9733999967575073)
EpochMetrics(epoch=89, total_rounds=835, total_fda_steps=835, accuracy=0.9735999703407288)
EpochMetrics(epoch=90, total_rounds=844, total_fda_steps=844, accuracy=0.9740999937057495)
EpochMetrics(epoch=91, total_rounds=854, total_fda_steps=854, accuracy=0.9732999801635742)
EpochMetrics(epoch=92, total_rounds=863, total_fda_steps=863, accuracy=0.9739000201225281)
EpochMetrics(epoch=93, total_rounds=872, total_fda_steps=872, accuracy=0.9736999869346619)
EpochMetrics(epoch=94, total_rounds=882, total_fda_steps=882, accuracy=0.9740999937057495)
EpochMetrics(epoch=95, total_rounds=891, total_fda_steps=891, accuracy=0.9740999937057495)
EpochMetrics(epoch=96, total_rounds=900, total_fda_steps=900, accuracy=0.9751999974250793)
EpochMetrics(epoch=97, total_rounds=910, total_fda_steps=910, accuracy=0.9750000238418579)
EpochMetrics(epoch=98, total_rounds=919, total_fda_steps=919, accuracy=0.9750999808311462)
EpochMetrics(epoch=99, total_rounds=929, total_fda_steps=929, accuracy=0.9749000072479248)
EpochMetrics(epoch=100, total_rounds=938, total_fda_steps=938, accuracy=0.9750000238418579)
EpochMetrics(epoch=101, total_rounds=947, total_fda_steps=947, accuracy=0.9751999974250793)
EpochMetrics(epoch=102, total_rounds=957, total_fda_steps=957, accuracy=0.9753000140190125)
EpochMetrics(epoch=103, total_rounds=966, total_fda_steps=966, accuracy=0.9761000275611877)
EpochMetrics(epoch=104, total_rounds=975, total_fda_steps=975, accuracy=0.9767000079154968)
EpochMetrics(epoch=105, total_rounds=985, total_fda_steps=985, accuracy=0.9761999845504761)
EpochMetrics(epoch=106, total_rounds=994, total_fda_steps=994, accuracy=0.9761999845504761)
EpochMetrics(epoch=107, total_rounds=1004, total_fda_steps=1004, accuracy=0.9761999845504761)
EpochMetrics(epoch=108, total_rounds=1013, total_fda_steps=1013, accuracy=0.977400004863739)
EpochMetrics(epoch=109, total_rounds=1022, total_fda_steps=1022, accuracy=0.9768000245094299)
EpochMetrics(epoch=110, total_rounds=1032, total_fda_steps=1032, accuracy=0.9771999716758728)
EpochMetrics(epoch=111, total_rounds=1041, total_fda_steps=1041, accuracy=0.9768000245094299)
EpochMetrics(epoch=112, total_rounds=1050, total_fda_steps=1050, accuracy=0.977400004863739)
EpochMetrics(epoch=113, total_rounds=1060, total_fda_steps=1060, accuracy=0.9769999980926514)
EpochMetrics(epoch=114, total_rounds=1069, total_fda_steps=1069, accuracy=0.9775000214576721)
EpochMetrics(epoch=115, total_rounds=1079, total_fda_steps=1079, accuracy=0.9776999950408936)
EpochMetrics(epoch=116, total_rounds=1088, total_fda_steps=1088, accuracy=0.9779999852180481)
EpochMetrics(epoch=117, total_rounds=1097, total_fda_steps=1097, accuracy=0.9779000282287598)
EpochMetrics(epoch=118, total_rounds=1107, total_fda_steps=1107, accuracy=0.9781000018119812)
EpochMetrics(epoch=119, total_rounds=1116, total_fda_steps=1116, accuracy=0.9778000116348267)
EpochMetrics(epoch=120, total_rounds=1125, total_fda_steps=1125, accuracy=0.9775999784469604)
EpochMetrics(epoch=121, total_rounds=1135, total_fda_steps=1135, accuracy=0.9785000085830688)
EpochMetrics(epoch=122, total_rounds=1144, total_fda_steps=1144, accuracy=0.9783999919891357)
EpochMetrics(epoch=123, total_rounds=1154, total_fda_steps=1154, accuracy=0.9789000153541565)
EpochMetrics(epoch=124, total_rounds=1163, total_fda_steps=1163, accuracy=0.978600025177002)
EpochMetrics(epoch=125, total_rounds=1172, total_fda_steps=1172, accuracy=0.9793999791145325)
EpochMetrics(epoch=126, total_rounds=1182, total_fda_steps=1182, accuracy=0.9790999889373779)
EpochMetrics(epoch=127, total_rounds=1191, total_fda_steps=1191, accuracy=0.979200005531311)
EpochMetrics(epoch=128, total_rounds=1200, total_fda_steps=1200, accuracy=0.9793000221252441)
EpochMetrics(epoch=129, total_rounds=1210, total_fda_steps=1210, accuracy=0.9794999957084656)
EpochMetrics(epoch=130, total_rounds=1219, total_fda_steps=1219, accuracy=0.9797000288963318)
EpochMetrics(epoch=131, total_rounds=1229, total_fda_steps=1229, accuracy=0.9793000221252441)
EpochMetrics(epoch=132, total_rounds=1238, total_fda_steps=1238, accuracy=0.9794999957084656)
EpochMetrics(epoch=133, total_rounds=1247, total_fda_steps=1247, accuracy=0.9793000221252441)
EpochMetrics(epoch=134, total_rounds=1257, total_fda_steps=1257, accuracy=0.9800000190734863)
EpochMetrics(epoch=135, total_rounds=1266, total_fda_steps=1266, accuracy=0.9790999889373779)
EpochMetrics(epoch=136, total_rounds=1275, total_fda_steps=1275, accuracy=0.9801999926567078)
EpochMetrics(epoch=137, total_rounds=1285, total_fda_steps=1285, accuracy=0.9807000160217285)
EpochMetrics(epoch=138, total_rounds=1294, total_fda_steps=1294, accuracy=0.9807999730110168)
EpochMetrics(epoch=139, total_rounds=1304, total_fda_steps=1304, accuracy=0.9800999760627747)
EpochMetrics(epoch=140, total_rounds=1313, total_fda_steps=1313, accuracy=0.9800999760627747)
EpochMetrics(epoch=141, total_rounds=1322, total_fda_steps=1322, accuracy=0.9804999828338623)
EpochMetrics(epoch=142, total_rounds=1332, total_fda_steps=1332, accuracy=0.9814000129699707)
EpochMetrics(epoch=143, total_rounds=1341, total_fda_steps=1341, accuracy=0.9799000024795532)
EpochMetrics(epoch=144, total_rounds=1350, total_fda_steps=1350, accuracy=0.9800999760627747)
EpochMetrics(epoch=145, total_rounds=1360, total_fda_steps=1360, accuracy=0.9811000227928162)
EpochMetrics(epoch=146, total_rounds=1369, total_fda_steps=1369, accuracy=0.9807999730110168)
EpochMetrics(epoch=147, total_rounds=1379, total_fda_steps=1379, accuracy=0.9807999730110168)
EpochMetrics(epoch=148, total_rounds=1388, total_fda_steps=1388, accuracy=0.9811999797821045)
EpochMetrics(epoch=149, total_rounds=1397, total_fda_steps=1397, accuracy=0.9817000031471252)
EpochMetrics(epoch=150, total_rounds=1407, total_fda_steps=1407, accuracy=0.9814000129699707)
EpochMetrics(epoch=151, total_rounds=1416, total_fda_steps=1416, accuracy=0.9814000129699707)
EpochMetrics(epoch=152, total_rounds=1425, total_fda_steps=1425, accuracy=0.9818999767303467)
EpochMetrics(epoch=153, total_rounds=1435, total_fda_steps=1435, accuracy=0.9818000197410583)
EpochMetrics(epoch=154, total_rounds=1444, total_fda_steps=1444, accuracy=0.9815999865531921)
EpochMetrics(epoch=155, total_rounds=1454, total_fda_steps=1454, accuracy=0.9815000295639038)
EpochMetrics(epoch=156, total_rounds=1463, total_fda_steps=1463, accuracy=0.9817000031471252)
EpochMetrics(epoch=157, total_rounds=1472, total_fda_steps=1472, accuracy=0.9818999767303467)
EpochMetrics(epoch=158, total_rounds=1482, total_fda_steps=1482, accuracy=0.9818000197410583)
EpochMetrics(epoch=159, total_rounds=1491, total_fda_steps=1491, accuracy=0.9814000129699707)
EpochMetrics(epoch=160, total_rounds=1500, total_fda_steps=1500, accuracy=0.9819999933242798)
EpochMetrics(epoch=161, total_rounds=1510, total_fda_steps=1510, accuracy=0.9812999963760376)
EpochMetrics(epoch=162, total_rounds=1519, total_fda_steps=1519, accuracy=0.9818000197410583)
EpochMetrics(epoch=163, total_rounds=1529, total_fda_steps=1529, accuracy=0.9818999767303467)
EpochMetrics(epoch=164, total_rounds=1538, total_fda_steps=1538, accuracy=0.9811999797821045)
EpochMetrics(epoch=165, total_rounds=1547, total_fda_steps=1547, accuracy=0.982200026512146)
EpochMetrics(epoch=166, total_rounds=1557, total_fda_steps=1557, accuracy=0.982200026512146)
EpochMetrics(epoch=167, total_rounds=1566, total_fda_steps=1566, accuracy=0.9821000099182129)
EpochMetrics(epoch=168, total_rounds=1575, total_fda_steps=1575, accuracy=0.9818999767303467)
EpochMetrics(epoch=169, total_rounds=1585, total_fda_steps=1585, accuracy=0.9818000197410583)
EpochMetrics(epoch=170, total_rounds=1594, total_fda_steps=1594, accuracy=0.9824000000953674)
EpochMetrics(epoch=171, total_rounds=1604, total_fda_steps=1604, accuracy=0.9818999767303467)
EpochMetrics(epoch=172, total_rounds=1613, total_fda_steps=1613, accuracy=0.9824000000953674)
EpochMetrics(epoch=173, total_rounds=1622, total_fda_steps=1622, accuracy=0.9819999933242798)
EpochMetrics(epoch=174, total_rounds=1632, total_fda_steps=1632, accuracy=0.982200026512146)
EpochMetrics(epoch=175, total_rounds=1641, total_fda_steps=1641, accuracy=0.982200026512146)
EpochMetrics(epoch=176, total_rounds=1650, total_fda_steps=1650, accuracy=0.982699990272522)
EpochMetrics(epoch=177, total_rounds=1660, total_fda_steps=1660, accuracy=0.9828000068664551)
EpochMetrics(epoch=178, total_rounds=1669, total_fda_steps=1669, accuracy=0.9829999804496765)
EpochMetrics(epoch=179, total_rounds=1679, total_fda_steps=1679, accuracy=0.982699990272522)
EpochMetrics(epoch=180, total_rounds=1688, total_fda_steps=1688, accuracy=0.9821000099182129)
EpochMetrics(epoch=181, total_rounds=1697, total_fda_steps=1697, accuracy=0.9829999804496765)
EpochMetrics(epoch=182, total_rounds=1707, total_fda_steps=1707, accuracy=0.982699990272522)
EpochMetrics(epoch=183, total_rounds=1716, total_fda_steps=1716, accuracy=0.9830999970436096)
EpochMetrics(epoch=184, total_rounds=1725, total_fda_steps=1725, accuracy=0.9828000068664551)
EpochMetrics(epoch=185, total_rounds=1735, total_fda_steps=1735, accuracy=0.9825999736785889)
EpochMetrics(epoch=186, total_rounds=1744, total_fda_steps=1744, accuracy=0.9829000234603882)
EpochMetrics(epoch=187, total_rounds=1754, total_fda_steps=1754, accuracy=0.9832000136375427)
EpochMetrics(epoch=188, total_rounds=1763, total_fda_steps=1763, accuracy=0.9828000068664551)
EpochMetrics(epoch=189, total_rounds=1772, total_fda_steps=1772, accuracy=0.9829000234603882)
EpochMetrics(epoch=190, total_rounds=1782, total_fda_steps=1782, accuracy=0.9832000136375427)
EpochMetrics(epoch=191, total_rounds=1791, total_fda_steps=1791, accuracy=0.9829999804496765)
EpochMetrics(epoch=192, total_rounds=1800, total_fda_steps=1800, accuracy=0.9833999872207642)
EpochMetrics(epoch=193, total_rounds=1810, total_fda_steps=1810, accuracy=0.9832000136375427)
EpochMetrics(epoch=194, total_rounds=1819, total_fda_steps=1819, accuracy=0.9829999804496765)
EpochMetrics(epoch=195, total_rounds=1829, total_fda_steps=1829, accuracy=0.9830999970436096)
EpochMetrics(epoch=196, total_rounds=1838, total_fda_steps=1838, accuracy=0.9832000136375427)
EpochMetrics(epoch=197, total_rounds=1847, total_fda_steps=1847, accuracy=0.9830999970436096)
EpochMetrics(epoch=198, total_rounds=1857, total_fda_steps=1857, accuracy=0.9832000136375427)
EpochMetrics(epoch=199, total_rounds=1866, total_fda_steps=1866, accuracy=0.9835000038146973)
EpochMetrics(epoch=200, total_rounds=1875, total_fda_steps=1875, accuracy=0.9832000136375427)
EpochMetrics(epoch=201, total_rounds=1885, total_fda_steps=1885, accuracy=0.9836999773979187)
EpochMetrics(epoch=202, total_rounds=1894, total_fda_steps=1894, accuracy=0.983299970626831)
EpochMetrics(epoch=203, total_rounds=1904, total_fda_steps=1904, accuracy=0.9833999872207642)
EpochMetrics(epoch=204, total_rounds=1913, total_fda_steps=1913, accuracy=0.9836999773979187)
EpochMetrics(epoch=205, total_rounds=1922, total_fda_steps=1922, accuracy=0.9836999773979187)
EpochMetrics(epoch=206, total_rounds=1932, total_fda_steps=1932, accuracy=0.9839000105857849)
EpochMetrics(epoch=207, total_rounds=1941, total_fda_steps=1941, accuracy=0.9830999970436096)
EpochMetrics(epoch=208, total_rounds=1950, total_fda_steps=1950, accuracy=0.9843000173568726)
EpochMetrics(epoch=209, total_rounds=1960, total_fda_steps=1960, accuracy=0.9832000136375427)
EpochMetrics(epoch=210, total_rounds=1969, total_fda_steps=1969, accuracy=0.984000027179718)
EpochMetrics(epoch=211, total_rounds=1979, total_fda_steps=1979, accuracy=0.9842000007629395)
EpochMetrics(epoch=212, total_rounds=1988, total_fda_steps=1988, accuracy=0.9839000105857849)
EpochMetrics(epoch=213, total_rounds=1997, total_fda_steps=1997, accuracy=0.984499990940094)
EpochMetrics(epoch=214, total_rounds=2007, total_fda_steps=2007, accuracy=0.9842000007629395)
EpochMetrics(epoch=215, total_rounds=2016, total_fda_steps=2016, accuracy=0.9839000105857849)
EpochMetrics(epoch=216, total_rounds=2025, total_fda_steps=2025, accuracy=0.984000027179718)
EpochMetrics(epoch=217, total_rounds=2035, total_fda_steps=2035, accuracy=0.9842000007629395)
EpochMetrics(epoch=218, total_rounds=2044, total_fda_steps=2044, accuracy=0.9837999939918518)
EpochMetrics(epoch=219, total_rounds=2054, total_fda_steps=2054, accuracy=0.9843000173568726)
EpochMetrics(epoch=220, total_rounds=2063, total_fda_steps=2063, accuracy=0.9848999977111816)
EpochMetrics(epoch=221, total_rounds=2072, total_fda_steps=2072, accuracy=0.9842000007629395)
EpochMetrics(epoch=222, total_rounds=2082, total_fda_steps=2082, accuracy=0.984000027179718)
EpochMetrics(epoch=223, total_rounds=2091, total_fda_steps=2091, accuracy=0.984000027179718)
EpochMetrics(epoch=224, total_rounds=2100, total_fda_steps=2100, accuracy=0.9848999977111816)
EpochMetrics(epoch=225, total_rounds=2110, total_fda_steps=2110, accuracy=0.984499990940094)
EpochMetrics(epoch=226, total_rounds=2119, total_fda_steps=2119, accuracy=0.9843999743461609)
EpochMetrics(epoch=227, total_rounds=2129, total_fda_steps=2129, accuracy=0.9846000075340271)
EpochMetrics(epoch=228, total_rounds=2138, total_fda_steps=2138, accuracy=0.9840999841690063)
EpochMetrics(epoch=229, total_rounds=2147, total_fda_steps=2147, accuracy=0.9840999841690063)
EpochMetrics(epoch=230, total_rounds=2157, total_fda_steps=2157, accuracy=0.9847000241279602)
EpochMetrics(epoch=231, total_rounds=2166, total_fda_steps=2166, accuracy=0.9848999977111816)
EpochMetrics(epoch=232, total_rounds=2175, total_fda_steps=2175, accuracy=0.9850000143051147)
EpochMetrics(epoch=233, total_rounds=2185, total_fda_steps=2185, accuracy=0.9842000007629395)
EpochMetrics(epoch=234, total_rounds=2194, total_fda_steps=2194, accuracy=0.9842000007629395)
EpochMetrics(epoch=235, total_rounds=2204, total_fda_steps=2204, accuracy=0.9847000241279602)
EpochMetrics(epoch=236, total_rounds=2213, total_fda_steps=2213, accuracy=0.9850000143051147)
EpochMetrics(epoch=237, total_rounds=2222, total_fda_steps=2222, accuracy=0.9851999878883362)
EpochMetrics(epoch=238, total_rounds=2232, total_fda_steps=2232, accuracy=0.9850999712944031)
EpochMetrics(epoch=239, total_rounds=2241, total_fda_steps=2241, accuracy=0.9843999743461609)
EpochMetrics(epoch=240, total_rounds=2250, total_fda_steps=2250, accuracy=0.9850000143051147)
EpochMetrics(epoch=241, total_rounds=2260, total_fda_steps=2260, accuracy=0.9848999977111816)
EpochMetrics(epoch=242, total_rounds=2269, total_fda_steps=2269, accuracy=0.9848999977111816)
EpochMetrics(epoch=243, total_rounds=2279, total_fda_steps=2279, accuracy=0.9850999712944031)
EpochMetrics(epoch=244, total_rounds=2288, total_fda_steps=2288, accuracy=0.9850000143051147)
EpochMetrics(epoch=245, total_rounds=2297, total_fda_steps=2297, accuracy=0.9848999977111816)
EpochMetrics(epoch=246, total_rounds=2307, total_fda_steps=2307, accuracy=0.9853000044822693)
EpochMetrics(epoch=247, total_rounds=2316, total_fda_steps=2316, accuracy=0.9851999878883362)
EpochMetrics(epoch=248, total_rounds=2325, total_fda_steps=2325, accuracy=0.984499990940094)
EpochMetrics(epoch=249, total_rounds=2335, total_fda_steps=2335, accuracy=0.9854999780654907)
EpochMetrics(epoch=250, total_rounds=2344, total_fda_steps=2344, accuracy=0.9850999712944031)

------------ Finished Testing : ------------
NN name : LeNet-5
FDA name : synchronous
Num Clients : 50
Batch size : 128
Num Epochs : 250
Number of steps until we check RTC : 1
Theta : 0.0
Total simulation time: 13869.972299575806 sec
-----------------------------------------

