Num GPUs Available:  1

------------ Current Test : ------------
NN name : LeNet-5
FDA name : naive
Num Clients : 5
Batch size : 64
Num Epochs : 350
Number of steps until we check RTC : 1
Theta : 0.5
-----------------------------------------

EpochMetrics(epoch=1, total_rounds=14, total_fda_steps=188, accuracy=0.9190999865531921)
EpochMetrics(epoch=2, total_rounds=22, total_fda_steps=375, accuracy=0.9453999996185303)
EpochMetrics(epoch=3, total_rounds=29, total_fda_steps=563, accuracy=0.9585999846458435)
EpochMetrics(epoch=4, total_rounds=36, total_fda_steps=750, accuracy=0.9657999873161316)
EpochMetrics(epoch=5, total_rounds=44, total_fda_steps=938, accuracy=0.9708999991416931)
EpochMetrics(epoch=6, total_rounds=51, total_fda_steps=1125, accuracy=0.9725000262260437)
EpochMetrics(epoch=7, total_rounds=59, total_fda_steps=1313, accuracy=0.9768999814987183)
EpochMetrics(epoch=8, total_rounds=66, total_fda_steps=1500, accuracy=0.9794999957084656)
EpochMetrics(epoch=9, total_rounds=73, total_fda_steps=1688, accuracy=0.9811000227928162)
EpochMetrics(epoch=10, total_rounds=81, total_fda_steps=1875, accuracy=0.980400025844574)
EpochMetrics(epoch=11, total_rounds=88, total_fda_steps=2063, accuracy=0.982699990272522)
EpochMetrics(epoch=12, total_rounds=96, total_fda_steps=2250, accuracy=0.9835000038146973)
EpochMetrics(epoch=13, total_rounds=103, total_fda_steps=2438, accuracy=0.9848999977111816)
EpochMetrics(epoch=14, total_rounds=111, total_fda_steps=2625, accuracy=0.9843999743461609)
EpochMetrics(epoch=15, total_rounds=118, total_fda_steps=2813, accuracy=0.9839000105857849)
EpochMetrics(epoch=16, total_rounds=126, total_fda_steps=3000, accuracy=0.9858999848365784)
EpochMetrics(epoch=17, total_rounds=134, total_fda_steps=3188, accuracy=0.9861999750137329)
EpochMetrics(epoch=18, total_rounds=141, total_fda_steps=3375, accuracy=0.9864000082015991)
EpochMetrics(epoch=19, total_rounds=149, total_fda_steps=3563, accuracy=0.986299991607666)
EpochMetrics(epoch=20, total_rounds=155, total_fda_steps=3750, accuracy=0.9868000149726868)
EpochMetrics(epoch=21, total_rounds=163, total_fda_steps=3938, accuracy=0.9861999750137329)
EpochMetrics(epoch=22, total_rounds=170, total_fda_steps=4125, accuracy=0.9868999719619751)
EpochMetrics(epoch=23, total_rounds=177, total_fda_steps=4313, accuracy=0.9869999885559082)
EpochMetrics(epoch=24, total_rounds=185, total_fda_steps=4500, accuracy=0.9871000051498413)
EpochMetrics(epoch=25, total_rounds=192, total_fda_steps=4688, accuracy=0.9869999885559082)
EpochMetrics(epoch=26, total_rounds=199, total_fda_steps=4875, accuracy=0.9876000285148621)
EpochMetrics(epoch=27, total_rounds=207, total_fda_steps=5063, accuracy=0.9879000186920166)
EpochMetrics(epoch=28, total_rounds=214, total_fda_steps=5250, accuracy=0.9868999719619751)
EpochMetrics(epoch=29, total_rounds=221, total_fda_steps=5438, accuracy=0.9871000051498413)
EpochMetrics(epoch=30, total_rounds=229, total_fda_steps=5625, accuracy=0.9878000020980835)
EpochMetrics(epoch=31, total_rounds=236, total_fda_steps=5813, accuracy=0.987500011920929)
EpochMetrics(epoch=32, total_rounds=243, total_fda_steps=6000, accuracy=0.9876999855041504)
EpochMetrics(epoch=33, total_rounds=250, total_fda_steps=6188, accuracy=0.9876999855041504)
EpochMetrics(epoch=34, total_rounds=257, total_fda_steps=6375, accuracy=0.9878000020980835)
EpochMetrics(epoch=35, total_rounds=264, total_fda_steps=6563, accuracy=0.9883999824523926)
EpochMetrics(epoch=36, total_rounds=271, total_fda_steps=6750, accuracy=0.988099992275238)
EpochMetrics(epoch=37, total_rounds=279, total_fda_steps=6938, accuracy=0.9878000020980835)
EpochMetrics(epoch=38, total_rounds=286, total_fda_steps=7125, accuracy=0.9873999953269958)
EpochMetrics(epoch=39, total_rounds=292, total_fda_steps=7313, accuracy=0.9878000020980835)
EpochMetrics(epoch=40, total_rounds=299, total_fda_steps=7500, accuracy=0.9873999953269958)
EpochMetrics(epoch=41, total_rounds=306, total_fda_steps=7688, accuracy=0.989300012588501)
EpochMetrics(epoch=42, total_rounds=313, total_fda_steps=7875, accuracy=0.9879999756813049)
EpochMetrics(epoch=43, total_rounds=320, total_fda_steps=8063, accuracy=0.9883000254631042)
EpochMetrics(epoch=44, total_rounds=327, total_fda_steps=8250, accuracy=0.9883999824523926)
EpochMetrics(epoch=45, total_rounds=332, total_fda_steps=8438, accuracy=0.988099992275238)
EpochMetrics(epoch=46, total_rounds=338, total_fda_steps=8625, accuracy=0.9879999756813049)
EpochMetrics(epoch=47, total_rounds=345, total_fda_steps=8813, accuracy=0.9887999892234802)
EpochMetrics(epoch=48, total_rounds=352, total_fda_steps=9000, accuracy=0.9883999824523926)
EpochMetrics(epoch=49, total_rounds=359, total_fda_steps=9188, accuracy=0.9884999990463257)
EpochMetrics(epoch=50, total_rounds=367, total_fda_steps=9375, accuracy=0.988099992275238)
EpochMetrics(epoch=51, total_rounds=374, total_fda_steps=9563, accuracy=0.9879999756813049)
EpochMetrics(epoch=52, total_rounds=380, total_fda_steps=9750, accuracy=0.9879000186920166)
EpochMetrics(epoch=53, total_rounds=387, total_fda_steps=9938, accuracy=0.9887999892234802)
EpochMetrics(epoch=54, total_rounds=392, total_fda_steps=10125, accuracy=0.9879999756813049)
EpochMetrics(epoch=55, total_rounds=398, total_fda_steps=10313, accuracy=0.9887999892234802)
EpochMetrics(epoch=56, total_rounds=404, total_fda_steps=10500, accuracy=0.9883999824523926)
EpochMetrics(epoch=57, total_rounds=414, total_fda_steps=10688, accuracy=0.9872000217437744)
EpochMetrics(epoch=58, total_rounds=425, total_fda_steps=10875, accuracy=0.9882000088691711)
EpochMetrics(epoch=59, total_rounds=431, total_fda_steps=11063, accuracy=0.9886000156402588)
EpochMetrics(epoch=60, total_rounds=438, total_fda_steps=11250, accuracy=0.9882000088691711)
EpochMetrics(epoch=61, total_rounds=443, total_fda_steps=11438, accuracy=0.9887999892234802)
EpochMetrics(epoch=62, total_rounds=449, total_fda_steps=11625, accuracy=0.9887999892234802)
EpochMetrics(epoch=63, total_rounds=456, total_fda_steps=11813, accuracy=0.9883999824523926)
EpochMetrics(epoch=64, total_rounds=461, total_fda_steps=12000, accuracy=0.9876999855041504)
EpochMetrics(epoch=65, total_rounds=469, total_fda_steps=12188, accuracy=0.9876000285148621)
EpochMetrics(epoch=66, total_rounds=476, total_fda_steps=12375, accuracy=0.9882000088691711)
EpochMetrics(epoch=67, total_rounds=483, total_fda_steps=12563, accuracy=0.9882000088691711)
EpochMetrics(epoch=68, total_rounds=493, total_fda_steps=12750, accuracy=0.9886000156402588)
EpochMetrics(epoch=69, total_rounds=503, total_fda_steps=12938, accuracy=0.9882000088691711)
EpochMetrics(epoch=70, total_rounds=510, total_fda_steps=13125, accuracy=0.9890999794006348)
EpochMetrics(epoch=71, total_rounds=514, total_fda_steps=13313, accuracy=0.9879999756813049)
EpochMetrics(epoch=72, total_rounds=524, total_fda_steps=13500, accuracy=0.9878000020980835)
EpochMetrics(epoch=73, total_rounds=531, total_fda_steps=13688, accuracy=0.9886000156402588)
EpochMetrics(epoch=74, total_rounds=536, total_fda_steps=13875, accuracy=0.9883000254631042)
EpochMetrics(epoch=75, total_rounds=544, total_fda_steps=14063, accuracy=0.9879000186920166)
EpochMetrics(epoch=76, total_rounds=550, total_fda_steps=14250, accuracy=0.9886999726295471)
EpochMetrics(epoch=77, total_rounds=556, total_fda_steps=14438, accuracy=0.9886000156402588)
EpochMetrics(epoch=78, total_rounds=559, total_fda_steps=14625, accuracy=0.9882000088691711)
EpochMetrics(epoch=79, total_rounds=566, total_fda_steps=14813, accuracy=0.9884999990463257)
EpochMetrics(epoch=80, total_rounds=571, total_fda_steps=15000, accuracy=0.9886000156402588)
EpochMetrics(epoch=81, total_rounds=578, total_fda_steps=15188, accuracy=0.9876000285148621)
EpochMetrics(epoch=82, total_rounds=586, total_fda_steps=15375, accuracy=0.9883000254631042)
EpochMetrics(epoch=83, total_rounds=592, total_fda_steps=15563, accuracy=0.9891999959945679)
EpochMetrics(epoch=84, total_rounds=599, total_fda_steps=15750, accuracy=0.9883999824523926)
EpochMetrics(epoch=85, total_rounds=608, total_fda_steps=15938, accuracy=0.9889000058174133)
EpochMetrics(epoch=86, total_rounds=617, total_fda_steps=16125, accuracy=0.9879999756813049)
EpochMetrics(epoch=87, total_rounds=625, total_fda_steps=16313, accuracy=0.9886000156402588)
EpochMetrics(epoch=88, total_rounds=632, total_fda_steps=16500, accuracy=0.9879999756813049)
EpochMetrics(epoch=89, total_rounds=639, total_fda_steps=16688, accuracy=0.9886999726295471)
EpochMetrics(epoch=90, total_rounds=645, total_fda_steps=16875, accuracy=0.989300012588501)
EpochMetrics(epoch=91, total_rounds=650, total_fda_steps=17063, accuracy=0.9887999892234802)
EpochMetrics(epoch=92, total_rounds=657, total_fda_steps=17250, accuracy=0.9896000027656555)
EpochMetrics(epoch=93, total_rounds=661, total_fda_steps=17438, accuracy=0.989300012588501)
EpochMetrics(epoch=94, total_rounds=668, total_fda_steps=17625, accuracy=0.9887999892234802)
EpochMetrics(epoch=95, total_rounds=682, total_fda_steps=17813, accuracy=0.9879000186920166)
EpochMetrics(epoch=96, total_rounds=689, total_fda_steps=18000, accuracy=0.9886000156402588)
EpochMetrics(epoch=97, total_rounds=694, total_fda_steps=18188, accuracy=0.988099992275238)
EpochMetrics(epoch=98, total_rounds=698, total_fda_steps=18375, accuracy=0.9878000020980835)
EpochMetrics(epoch=99, total_rounds=702, total_fda_steps=18563, accuracy=0.9884999990463257)
EpochMetrics(epoch=100, total_rounds=704, total_fda_steps=18750, accuracy=0.9886999726295471)
EpochMetrics(epoch=101, total_rounds=706, total_fda_steps=18938, accuracy=0.9884999990463257)
EpochMetrics(epoch=102, total_rounds=713, total_fda_steps=19125, accuracy=0.9882000088691711)
EpochMetrics(epoch=103, total_rounds=722, total_fda_steps=19313, accuracy=0.9879999756813049)
EpochMetrics(epoch=104, total_rounds=733, total_fda_steps=19500, accuracy=0.9883999824523926)
EpochMetrics(epoch=105, total_rounds=741, total_fda_steps=19688, accuracy=0.9879999756813049)
EpochMetrics(epoch=106, total_rounds=746, total_fda_steps=19875, accuracy=0.9883999824523926)
EpochMetrics(epoch=107, total_rounds=749, total_fda_steps=20063, accuracy=0.9883000254631042)
EpochMetrics(epoch=108, total_rounds=758, total_fda_steps=20250, accuracy=0.9884999990463257)
EpochMetrics(epoch=109, total_rounds=765, total_fda_steps=20438, accuracy=0.9889000058174133)
EpochMetrics(epoch=110, total_rounds=772, total_fda_steps=20625, accuracy=0.9890000224113464)
EpochMetrics(epoch=111, total_rounds=780, total_fda_steps=20813, accuracy=0.9876999855041504)
EpochMetrics(epoch=112, total_rounds=786, total_fda_steps=21000, accuracy=0.9884999990463257)
EpochMetrics(epoch=113, total_rounds=795, total_fda_steps=21188, accuracy=0.988099992275238)
EpochMetrics(epoch=114, total_rounds=800, total_fda_steps=21375, accuracy=0.9879999756813049)
EpochMetrics(epoch=115, total_rounds=805, total_fda_steps=21563, accuracy=0.9884999990463257)
EpochMetrics(epoch=116, total_rounds=811, total_fda_steps=21750, accuracy=0.9883999824523926)
EpochMetrics(epoch=117, total_rounds=814, total_fda_steps=21938, accuracy=0.9884999990463257)
EpochMetrics(epoch=118, total_rounds=821, total_fda_steps=22125, accuracy=0.988099992275238)
EpochMetrics(epoch=119, total_rounds=825, total_fda_steps=22313, accuracy=0.9883999824523926)
EpochMetrics(epoch=120, total_rounds=831, total_fda_steps=22500, accuracy=0.9879999756813049)
EpochMetrics(epoch=121, total_rounds=840, total_fda_steps=22688, accuracy=0.9886000156402588)
EpochMetrics(epoch=122, total_rounds=851, total_fda_steps=22875, accuracy=0.9878000020980835)
EpochMetrics(epoch=123, total_rounds=857, total_fda_steps=23063, accuracy=0.9887999892234802)
EpochMetrics(epoch=124, total_rounds=866, total_fda_steps=23250, accuracy=0.988099992275238)
EpochMetrics(epoch=125, total_rounds=872, total_fda_steps=23438, accuracy=0.9879999756813049)
EpochMetrics(epoch=126, total_rounds=880, total_fda_steps=23625, accuracy=0.9884999990463257)
EpochMetrics(epoch=127, total_rounds=890, total_fda_steps=23813, accuracy=0.9876000285148621)
EpochMetrics(epoch=128, total_rounds=899, total_fda_steps=24000, accuracy=0.9887999892234802)
EpochMetrics(epoch=129, total_rounds=907, total_fda_steps=24188, accuracy=0.9884999990463257)
EpochMetrics(epoch=130, total_rounds=915, total_fda_steps=24375, accuracy=0.9884999990463257)
EpochMetrics(epoch=131, total_rounds=921, total_fda_steps=24563, accuracy=0.988099992275238)
EpochMetrics(epoch=132, total_rounds=929, total_fda_steps=24750, accuracy=0.9882000088691711)
EpochMetrics(epoch=133, total_rounds=931, total_fda_steps=24938, accuracy=0.988099992275238)
EpochMetrics(epoch=134, total_rounds=934, total_fda_steps=25125, accuracy=0.9879000186920166)
EpochMetrics(epoch=135, total_rounds=934, total_fda_steps=25313, accuracy=0.9879999756813049)
EpochMetrics(epoch=136, total_rounds=934, total_fda_steps=25500, accuracy=0.9879999756813049)
EpochMetrics(epoch=137, total_rounds=934, total_fda_steps=25688, accuracy=0.988099992275238)
EpochMetrics(epoch=138, total_rounds=934, total_fda_steps=25875, accuracy=0.9883000254631042)
EpochMetrics(epoch=139, total_rounds=934, total_fda_steps=26063, accuracy=0.988099992275238)
EpochMetrics(epoch=140, total_rounds=934, total_fda_steps=26250, accuracy=0.9882000088691711)
EpochMetrics(epoch=141, total_rounds=934, total_fda_steps=26438, accuracy=0.9883000254631042)
EpochMetrics(epoch=142, total_rounds=934, total_fda_steps=26625, accuracy=0.9882000088691711)
EpochMetrics(epoch=143, total_rounds=934, total_fda_steps=26813, accuracy=0.9882000088691711)
EpochMetrics(epoch=144, total_rounds=934, total_fda_steps=27000, accuracy=0.9883999824523926)
EpochMetrics(epoch=145, total_rounds=935, total_fda_steps=27188, accuracy=0.9882000088691711)
EpochMetrics(epoch=146, total_rounds=946, total_fda_steps=27375, accuracy=0.9869999885559082)
EpochMetrics(epoch=147, total_rounds=969, total_fda_steps=27563, accuracy=0.9876999855041504)
EpochMetrics(epoch=148, total_rounds=980, total_fda_steps=27750, accuracy=0.9879999756813049)
EpochMetrics(epoch=149, total_rounds=989, total_fda_steps=27938, accuracy=0.9882000088691711)
EpochMetrics(epoch=150, total_rounds=998, total_fda_steps=28125, accuracy=0.988099992275238)
EpochMetrics(epoch=151, total_rounds=1001, total_fda_steps=28313, accuracy=0.9883999824523926)
EpochMetrics(epoch=152, total_rounds=1005, total_fda_steps=28500, accuracy=0.9884999990463257)
EpochMetrics(epoch=153, total_rounds=1010, total_fda_steps=28688, accuracy=0.988099992275238)
EpochMetrics(epoch=154, total_rounds=1014, total_fda_steps=28875, accuracy=0.9878000020980835)
EpochMetrics(epoch=155, total_rounds=1028, total_fda_steps=29063, accuracy=0.9887999892234802)
EpochMetrics(epoch=156, total_rounds=1038, total_fda_steps=29250, accuracy=0.9890000224113464)
EpochMetrics(epoch=157, total_rounds=1039, total_fda_steps=29438, accuracy=0.9886999726295471)
EpochMetrics(epoch=158, total_rounds=1040, total_fda_steps=29625, accuracy=0.989300012588501)
EpochMetrics(epoch=159, total_rounds=1040, total_fda_steps=29813, accuracy=0.9890999794006348)
EpochMetrics(epoch=160, total_rounds=1040, total_fda_steps=30000, accuracy=0.989300012588501)
EpochMetrics(epoch=161, total_rounds=1040, total_fda_steps=30188, accuracy=0.9891999959945679)
EpochMetrics(epoch=162, total_rounds=1040, total_fda_steps=30375, accuracy=0.9891999959945679)
EpochMetrics(epoch=163, total_rounds=1040, total_fda_steps=30563, accuracy=0.989300012588501)
EpochMetrics(epoch=164, total_rounds=1040, total_fda_steps=30750, accuracy=0.9894000291824341)
EpochMetrics(epoch=165, total_rounds=1040, total_fda_steps=30938, accuracy=0.989300012588501)
EpochMetrics(epoch=166, total_rounds=1040, total_fda_steps=31125, accuracy=0.9890999794006348)
EpochMetrics(epoch=167, total_rounds=1040, total_fda_steps=31313, accuracy=0.9890999794006348)
EpochMetrics(epoch=168, total_rounds=1040, total_fda_steps=31500, accuracy=0.9889000058174133)
EpochMetrics(epoch=169, total_rounds=1040, total_fda_steps=31688, accuracy=0.9889000058174133)
EpochMetrics(epoch=170, total_rounds=1040, total_fda_steps=31875, accuracy=0.9887999892234802)
EpochMetrics(epoch=171, total_rounds=1040, total_fda_steps=32063, accuracy=0.9889000058174133)
EpochMetrics(epoch=172, total_rounds=1041, total_fda_steps=32250, accuracy=0.9889000058174133)
EpochMetrics(epoch=173, total_rounds=1042, total_fda_steps=32438, accuracy=0.9887999892234802)
EpochMetrics(epoch=174, total_rounds=1072, total_fda_steps=32625, accuracy=0.9879000186920166)
EpochMetrics(epoch=175, total_rounds=1087, total_fda_steps=32813, accuracy=0.9883999824523926)
EpochMetrics(epoch=176, total_rounds=1103, total_fda_steps=33000, accuracy=0.988099992275238)
EpochMetrics(epoch=177, total_rounds=1112, total_fda_steps=33188, accuracy=0.987500011920929)
EpochMetrics(epoch=178, total_rounds=1119, total_fda_steps=33375, accuracy=0.9876000285148621)
EpochMetrics(epoch=179, total_rounds=1122, total_fda_steps=33563, accuracy=0.9879000186920166)
EpochMetrics(epoch=180, total_rounds=1122, total_fda_steps=33750, accuracy=0.988099992275238)
EpochMetrics(epoch=181, total_rounds=1122, total_fda_steps=33938, accuracy=0.9882000088691711)
EpochMetrics(epoch=182, total_rounds=1123, total_fda_steps=34125, accuracy=0.9882000088691711)
EpochMetrics(epoch=183, total_rounds=1125, total_fda_steps=34313, accuracy=0.9879000186920166)
EpochMetrics(epoch=184, total_rounds=1137, total_fda_steps=34500, accuracy=0.9876000285148621)
EpochMetrics(epoch=185, total_rounds=1149, total_fda_steps=34688, accuracy=0.9879000186920166)
EpochMetrics(epoch=186, total_rounds=1164, total_fda_steps=34875, accuracy=0.9883999824523926)
EpochMetrics(epoch=187, total_rounds=1171, total_fda_steps=35063, accuracy=0.9872000217437744)
EpochMetrics(epoch=188, total_rounds=1179, total_fda_steps=35250, accuracy=0.9876999855041504)
EpochMetrics(epoch=189, total_rounds=1184, total_fda_steps=35438, accuracy=0.9882000088691711)
EpochMetrics(epoch=190, total_rounds=1186, total_fda_steps=35625, accuracy=0.9887999892234802)
EpochMetrics(epoch=191, total_rounds=1186, total_fda_steps=35813, accuracy=0.9886000156402588)
EpochMetrics(epoch=192, total_rounds=1192, total_fda_steps=36000, accuracy=0.9883000254631042)
EpochMetrics(epoch=193, total_rounds=1195, total_fda_steps=36188, accuracy=0.9886999726295471)
EpochMetrics(epoch=194, total_rounds=1195, total_fda_steps=36375, accuracy=0.9887999892234802)
EpochMetrics(epoch=195, total_rounds=1196, total_fda_steps=36563, accuracy=0.9889000058174133)
EpochMetrics(epoch=196, total_rounds=1200, total_fda_steps=36750, accuracy=0.987500011920929)
EpochMetrics(epoch=197, total_rounds=1210, total_fda_steps=36938, accuracy=0.9886999726295471)
EpochMetrics(epoch=198, total_rounds=1219, total_fda_steps=37125, accuracy=0.9878000020980835)
EpochMetrics(epoch=199, total_rounds=1230, total_fda_steps=37313, accuracy=0.9882000088691711)
EpochMetrics(epoch=200, total_rounds=1237, total_fda_steps=37500, accuracy=0.9876999855041504)
EpochMetrics(epoch=201, total_rounds=1240, total_fda_steps=37688, accuracy=0.9879999756813049)
EpochMetrics(epoch=202, total_rounds=1241, total_fda_steps=37875, accuracy=0.9876999855041504)
EpochMetrics(epoch=203, total_rounds=1246, total_fda_steps=38063, accuracy=0.9889000058174133)
EpochMetrics(epoch=204, total_rounds=1254, total_fda_steps=38250, accuracy=0.9889000058174133)
EpochMetrics(epoch=205, total_rounds=1260, total_fda_steps=38438, accuracy=0.9878000020980835)
EpochMetrics(epoch=206, total_rounds=1264, total_fda_steps=38625, accuracy=0.9882000088691711)
EpochMetrics(epoch=207, total_rounds=1267, total_fda_steps=38813, accuracy=0.988099992275238)
EpochMetrics(epoch=208, total_rounds=1267, total_fda_steps=39000, accuracy=0.988099992275238)
EpochMetrics(epoch=209, total_rounds=1267, total_fda_steps=39188, accuracy=0.9884999990463257)
EpochMetrics(epoch=210, total_rounds=1267, total_fda_steps=39375, accuracy=0.9883000254631042)
EpochMetrics(epoch=211, total_rounds=1267, total_fda_steps=39563, accuracy=0.9883000254631042)
EpochMetrics(epoch=212, total_rounds=1267, total_fda_steps=39750, accuracy=0.9883999824523926)
EpochMetrics(epoch=213, total_rounds=1267, total_fda_steps=39938, accuracy=0.9883999824523926)
EpochMetrics(epoch=214, total_rounds=1267, total_fda_steps=40125, accuracy=0.9884999990463257)
EpochMetrics(epoch=215, total_rounds=1267, total_fda_steps=40313, accuracy=0.9884999990463257)
EpochMetrics(epoch=216, total_rounds=1267, total_fda_steps=40500, accuracy=0.9884999990463257)
EpochMetrics(epoch=217, total_rounds=1267, total_fda_steps=40688, accuracy=0.9884999990463257)
EpochMetrics(epoch=218, total_rounds=1267, total_fda_steps=40875, accuracy=0.9884999990463257)
EpochMetrics(epoch=219, total_rounds=1267, total_fda_steps=41063, accuracy=0.9884999990463257)
EpochMetrics(epoch=220, total_rounds=1268, total_fda_steps=41250, accuracy=0.9884999990463257)
EpochMetrics(epoch=221, total_rounds=1268, total_fda_steps=41438, accuracy=0.9884999990463257)
EpochMetrics(epoch=222, total_rounds=1268, total_fda_steps=41625, accuracy=0.9884999990463257)
EpochMetrics(epoch=223, total_rounds=1276, total_fda_steps=41813, accuracy=0.987500011920929)
EpochMetrics(epoch=224, total_rounds=1303, total_fda_steps=42000, accuracy=0.9883999824523926)
EpochMetrics(epoch=225, total_rounds=1316, total_fda_steps=42188, accuracy=0.9873999953269958)
EpochMetrics(epoch=226, total_rounds=1328, total_fda_steps=42375, accuracy=0.987500011920929)
EpochMetrics(epoch=227, total_rounds=1336, total_fda_steps=42563, accuracy=0.9879999756813049)
EpochMetrics(epoch=228, total_rounds=1339, total_fda_steps=42750, accuracy=0.9876000285148621)
EpochMetrics(epoch=229, total_rounds=1348, total_fda_steps=42938, accuracy=0.9878000020980835)
EpochMetrics(epoch=230, total_rounds=1356, total_fda_steps=43125, accuracy=0.987500011920929)
EpochMetrics(epoch=231, total_rounds=1361, total_fda_steps=43313, accuracy=0.9878000020980835)
EpochMetrics(epoch=232, total_rounds=1368, total_fda_steps=43500, accuracy=0.987500011920929)
EpochMetrics(epoch=233, total_rounds=1376, total_fda_steps=43688, accuracy=0.9882000088691711)
EpochMetrics(epoch=234, total_rounds=1382, total_fda_steps=43875, accuracy=0.9876999855041504)
EpochMetrics(epoch=235, total_rounds=1391, total_fda_steps=44063, accuracy=0.9882000088691711)
EpochMetrics(epoch=236, total_rounds=1395, total_fda_steps=44250, accuracy=0.9883999824523926)
EpochMetrics(epoch=237, total_rounds=1399, total_fda_steps=44438, accuracy=0.9878000020980835)
EpochMetrics(epoch=238, total_rounds=1399, total_fda_steps=44625, accuracy=0.9876999855041504)
EpochMetrics(epoch=239, total_rounds=1399, total_fda_steps=44813, accuracy=0.9879000186920166)
EpochMetrics(epoch=240, total_rounds=1399, total_fda_steps=45000, accuracy=0.9879000186920166)
EpochMetrics(epoch=241, total_rounds=1399, total_fda_steps=45188, accuracy=0.9879000186920166)
EpochMetrics(epoch=242, total_rounds=1399, total_fda_steps=45375, accuracy=0.9878000020980835)
EpochMetrics(epoch=243, total_rounds=1399, total_fda_steps=45563, accuracy=0.9876000285148621)
EpochMetrics(epoch=244, total_rounds=1399, total_fda_steps=45750, accuracy=0.9876000285148621)
EpochMetrics(epoch=245, total_rounds=1399, total_fda_steps=45938, accuracy=0.987500011920929)
EpochMetrics(epoch=246, total_rounds=1399, total_fda_steps=46125, accuracy=0.987500011920929)
EpochMetrics(epoch=247, total_rounds=1399, total_fda_steps=46313, accuracy=0.987500011920929)
EpochMetrics(epoch=248, total_rounds=1399, total_fda_steps=46500, accuracy=0.987500011920929)
EpochMetrics(epoch=249, total_rounds=1399, total_fda_steps=46688, accuracy=0.987500011920929)
EpochMetrics(epoch=250, total_rounds=1400, total_fda_steps=46875, accuracy=0.9876999855041504)
EpochMetrics(epoch=251, total_rounds=1400, total_fda_steps=47063, accuracy=0.9879999756813049)
EpochMetrics(epoch=252, total_rounds=1400, total_fda_steps=47250, accuracy=0.9879999756813049)
EpochMetrics(epoch=253, total_rounds=1400, total_fda_steps=47438, accuracy=0.988099992275238)
EpochMetrics(epoch=254, total_rounds=1400, total_fda_steps=47625, accuracy=0.988099992275238)
EpochMetrics(epoch=255, total_rounds=1400, total_fda_steps=47813, accuracy=0.9882000088691711)
EpochMetrics(epoch=256, total_rounds=1400, total_fda_steps=48000, accuracy=0.9882000088691711)
EpochMetrics(epoch=257, total_rounds=1400, total_fda_steps=48188, accuracy=0.9882000088691711)
EpochMetrics(epoch=258, total_rounds=1400, total_fda_steps=48375, accuracy=0.9882000088691711)
EpochMetrics(epoch=259, total_rounds=1400, total_fda_steps=48563, accuracy=0.9882000088691711)
EpochMetrics(epoch=260, total_rounds=1400, total_fda_steps=48750, accuracy=0.9882000088691711)
EpochMetrics(epoch=261, total_rounds=1400, total_fda_steps=48938, accuracy=0.9882000088691711)
EpochMetrics(epoch=262, total_rounds=1400, total_fda_steps=49125, accuracy=0.9883000254631042)
EpochMetrics(epoch=263, total_rounds=1401, total_fda_steps=49313, accuracy=0.9882000088691711)
EpochMetrics(epoch=264, total_rounds=1403, total_fda_steps=49500, accuracy=0.987500011920929)
EpochMetrics(epoch=265, total_rounds=1442, total_fda_steps=49688, accuracy=0.9872000217437744)
EpochMetrics(epoch=266, total_rounds=1458, total_fda_steps=49875, accuracy=0.9879000186920166)
EpochMetrics(epoch=267, total_rounds=1465, total_fda_steps=50063, accuracy=0.9872000217437744)
EpochMetrics(epoch=268, total_rounds=1472, total_fda_steps=50250, accuracy=0.9878000020980835)
EpochMetrics(epoch=269, total_rounds=1474, total_fda_steps=50438, accuracy=0.9879000186920166)
EpochMetrics(epoch=270, total_rounds=1480, total_fda_steps=50625, accuracy=0.9878000020980835)
EpochMetrics(epoch=271, total_rounds=1482, total_fda_steps=50813, accuracy=0.9883999824523926)
EpochMetrics(epoch=272, total_rounds=1484, total_fda_steps=51000, accuracy=0.9879999756813049)
EpochMetrics(epoch=273, total_rounds=1490, total_fda_steps=51188, accuracy=0.987500011920929)
EpochMetrics(epoch=274, total_rounds=1499, total_fda_steps=51375, accuracy=0.9873999953269958)
EpochMetrics(epoch=275, total_rounds=1508, total_fda_steps=51563, accuracy=0.9883999824523926)
EpochMetrics(epoch=276, total_rounds=1520, total_fda_steps=51750, accuracy=0.9879999756813049)
EpochMetrics(epoch=277, total_rounds=1523, total_fda_steps=51938, accuracy=0.9887999892234802)
EpochMetrics(epoch=278, total_rounds=1523, total_fda_steps=52125, accuracy=0.9886999726295471)
EpochMetrics(epoch=279, total_rounds=1523, total_fda_steps=52313, accuracy=0.9886999726295471)
EpochMetrics(epoch=280, total_rounds=1523, total_fda_steps=52500, accuracy=0.9886999726295471)
EpochMetrics(epoch=281, total_rounds=1523, total_fda_steps=52688, accuracy=0.9886000156402588)
EpochMetrics(epoch=282, total_rounds=1523, total_fda_steps=52875, accuracy=0.9887999892234802)
EpochMetrics(epoch=283, total_rounds=1523, total_fda_steps=53063, accuracy=0.9887999892234802)
EpochMetrics(epoch=284, total_rounds=1523, total_fda_steps=53250, accuracy=0.9887999892234802)
EpochMetrics(epoch=285, total_rounds=1523, total_fda_steps=53438, accuracy=0.9887999892234802)
EpochMetrics(epoch=286, total_rounds=1523, total_fda_steps=53625, accuracy=0.9886999726295471)
EpochMetrics(epoch=287, total_rounds=1523, total_fda_steps=53813, accuracy=0.9886999726295471)
EpochMetrics(epoch=288, total_rounds=1523, total_fda_steps=54000, accuracy=0.9886999726295471)
EpochMetrics(epoch=289, total_rounds=1523, total_fda_steps=54188, accuracy=0.9886999726295471)
EpochMetrics(epoch=290, total_rounds=1523, total_fda_steps=54375, accuracy=0.9886999726295471)
EpochMetrics(epoch=291, total_rounds=1523, total_fda_steps=54563, accuracy=0.9886999726295471)
EpochMetrics(epoch=292, total_rounds=1524, total_fda_steps=54750, accuracy=0.9886999726295471)
EpochMetrics(epoch=293, total_rounds=1524, total_fda_steps=54938, accuracy=0.9884999990463257)
EpochMetrics(epoch=294, total_rounds=1524, total_fda_steps=55125, accuracy=0.9887999892234802)
EpochMetrics(epoch=295, total_rounds=1524, total_fda_steps=55313, accuracy=0.9889000058174133)
EpochMetrics(epoch=296, total_rounds=1524, total_fda_steps=55500, accuracy=0.9889000058174133)
EpochMetrics(epoch=297, total_rounds=1524, total_fda_steps=55688, accuracy=0.9890000224113464)
EpochMetrics(epoch=298, total_rounds=1524, total_fda_steps=55875, accuracy=0.9889000058174133)
EpochMetrics(epoch=299, total_rounds=1524, total_fda_steps=56063, accuracy=0.9890000224113464)
EpochMetrics(epoch=300, total_rounds=1524, total_fda_steps=56250, accuracy=0.9890999794006348)
EpochMetrics(epoch=301, total_rounds=1524, total_fda_steps=56438, accuracy=0.9890999794006348)
EpochMetrics(epoch=302, total_rounds=1524, total_fda_steps=56625, accuracy=0.9890000224113464)
EpochMetrics(epoch=303, total_rounds=1524, total_fda_steps=56813, accuracy=0.9890999794006348)
EpochMetrics(epoch=304, total_rounds=1524, total_fda_steps=57000, accuracy=0.9890999794006348)
EpochMetrics(epoch=305, total_rounds=1524, total_fda_steps=57188, accuracy=0.9891999959945679)
EpochMetrics(epoch=306, total_rounds=1524, total_fda_steps=57375, accuracy=0.9890999794006348)
EpochMetrics(epoch=307, total_rounds=1525, total_fda_steps=57563, accuracy=0.9891999959945679)
EpochMetrics(epoch=308, total_rounds=1546, total_fda_steps=57750, accuracy=0.9879999756813049)
EpochMetrics(epoch=309, total_rounds=1574, total_fda_steps=57938, accuracy=0.9886999726295471)
EpochMetrics(epoch=310, total_rounds=1585, total_fda_steps=58125, accuracy=0.988099992275238)
EpochMetrics(epoch=311, total_rounds=1589, total_fda_steps=58313, accuracy=0.9886999726295471)
EpochMetrics(epoch=312, total_rounds=1596, total_fda_steps=58500, accuracy=0.9886000156402588)
EpochMetrics(epoch=313, total_rounds=1602, total_fda_steps=58688, accuracy=0.9887999892234802)
EpochMetrics(epoch=314, total_rounds=1605, total_fda_steps=58875, accuracy=0.9884999990463257)
EpochMetrics(epoch=315, total_rounds=1606, total_fda_steps=59063, accuracy=0.9884999990463257)
EpochMetrics(epoch=316, total_rounds=1606, total_fda_steps=59250, accuracy=0.9886999726295471)
EpochMetrics(epoch=317, total_rounds=1606, total_fda_steps=59438, accuracy=0.9889000058174133)
EpochMetrics(epoch=318, total_rounds=1606, total_fda_steps=59625, accuracy=0.9887999892234802)
EpochMetrics(epoch=319, total_rounds=1611, total_fda_steps=59813, accuracy=0.9886999726295471)
EpochMetrics(epoch=320, total_rounds=1619, total_fda_steps=60000, accuracy=0.9886999726295471)
EpochMetrics(epoch=321, total_rounds=1625, total_fda_steps=60188, accuracy=0.9878000020980835)
EpochMetrics(epoch=322, total_rounds=1639, total_fda_steps=60375, accuracy=0.987500011920929)
EpochMetrics(epoch=323, total_rounds=1652, total_fda_steps=60563, accuracy=0.9876999855041504)
EpochMetrics(epoch=324, total_rounds=1660, total_fda_steps=60750, accuracy=0.9871000051498413)
EpochMetrics(epoch=325, total_rounds=1667, total_fda_steps=60938, accuracy=0.9876999855041504)
EpochMetrics(epoch=326, total_rounds=1673, total_fda_steps=61125, accuracy=0.9876999855041504)
EpochMetrics(epoch=327, total_rounds=1680, total_fda_steps=61313, accuracy=0.9866999983787537)
EpochMetrics(epoch=328, total_rounds=1685, total_fda_steps=61500, accuracy=0.9879999756813049)
EpochMetrics(epoch=329, total_rounds=1688, total_fda_steps=61688, accuracy=0.9879999756813049)
EpochMetrics(epoch=330, total_rounds=1688, total_fda_steps=61875, accuracy=0.9878000020980835)
EpochMetrics(epoch=331, total_rounds=1688, total_fda_steps=62063, accuracy=0.9876999855041504)
EpochMetrics(epoch=332, total_rounds=1691, total_fda_steps=62250, accuracy=0.9879000186920166)
EpochMetrics(epoch=333, total_rounds=1693, total_fda_steps=62438, accuracy=0.9876999855041504)
EpochMetrics(epoch=334, total_rounds=1693, total_fda_steps=62625, accuracy=0.9876999855041504)
EpochMetrics(epoch=335, total_rounds=1694, total_fda_steps=62813, accuracy=0.9879000186920166)
EpochMetrics(epoch=336, total_rounds=1694, total_fda_steps=63000, accuracy=0.988099992275238)
EpochMetrics(epoch=337, total_rounds=1694, total_fda_steps=63188, accuracy=0.9879000186920166)
EpochMetrics(epoch=338, total_rounds=1694, total_fda_steps=63375, accuracy=0.9879999756813049)
EpochMetrics(epoch=339, total_rounds=1694, total_fda_steps=63563, accuracy=0.9882000088691711)
EpochMetrics(epoch=340, total_rounds=1694, total_fda_steps=63750, accuracy=0.9883000254631042)
EpochMetrics(epoch=341, total_rounds=1694, total_fda_steps=63938, accuracy=0.9883999824523926)
EpochMetrics(epoch=342, total_rounds=1694, total_fda_steps=64125, accuracy=0.9883000254631042)
EpochMetrics(epoch=343, total_rounds=1694, total_fda_steps=64313, accuracy=0.9882000088691711)
EpochMetrics(epoch=344, total_rounds=1694, total_fda_steps=64500, accuracy=0.9882000088691711)
EpochMetrics(epoch=345, total_rounds=1694, total_fda_steps=64688, accuracy=0.9882000088691711)
EpochMetrics(epoch=346, total_rounds=1694, total_fda_steps=64875, accuracy=0.9882000088691711)
EpochMetrics(epoch=347, total_rounds=1694, total_fda_steps=65063, accuracy=0.988099992275238)
EpochMetrics(epoch=348, total_rounds=1694, total_fda_steps=65250, accuracy=0.988099992275238)
EpochMetrics(epoch=349, total_rounds=1694, total_fda_steps=65438, accuracy=0.9882000088691711)
EpochMetrics(epoch=350, total_rounds=1694, total_fda_steps=65625, accuracy=0.9883000254631042)

------------ Finished Testing : ------------
NN name : LeNet-5
FDA name : naive
Num Clients : 5
Batch size : 64
Num Epochs : 350
Number of steps until we check RTC : 1
Theta : 0.5
Total simulation time: 56601.44225382805 sec
-----------------------------------------

