Num GPUs Available:  1

------------ Current Test : ------------
NN name : LeNet-5
FDA name : naive
Num Clients : 45
Batch size : 32
Num Epochs : 350
Number of steps until we check RTC : 1
Theta : 0.5
-----------------------------------------

EpochMetrics(epoch=1, total_rounds=7, total_fda_steps=42, accuracy=0.8503999710083008)
EpochMetrics(epoch=2, total_rounds=10, total_fda_steps=84, accuracy=0.8945000171661377)
EpochMetrics(epoch=3, total_rounds=12, total_fda_steps=125, accuracy=0.9057999849319458)
EpochMetrics(epoch=4, total_rounds=15, total_fda_steps=167, accuracy=0.9135000109672546)
EpochMetrics(epoch=5, total_rounds=17, total_fda_steps=209, accuracy=0.9217000007629395)
EpochMetrics(epoch=6, total_rounds=20, total_fda_steps=250, accuracy=0.9273999929428101)
EpochMetrics(epoch=7, total_rounds=22, total_fda_steps=292, accuracy=0.9318000078201294)
EpochMetrics(epoch=8, total_rounds=24, total_fda_steps=334, accuracy=0.9365000128746033)
EpochMetrics(epoch=9, total_rounds=27, total_fda_steps=375, accuracy=0.9391000270843506)
EpochMetrics(epoch=10, total_rounds=29, total_fda_steps=417, accuracy=0.9429000020027161)
EpochMetrics(epoch=11, total_rounds=31, total_fda_steps=459, accuracy=0.9465000033378601)
EpochMetrics(epoch=12, total_rounds=34, total_fda_steps=500, accuracy=0.9483000040054321)
EpochMetrics(epoch=13, total_rounds=36, total_fda_steps=542, accuracy=0.9506999850273132)
EpochMetrics(epoch=14, total_rounds=38, total_fda_steps=584, accuracy=0.953000009059906)
EpochMetrics(epoch=15, total_rounds=40, total_fda_steps=625, accuracy=0.9549999833106995)
EpochMetrics(epoch=16, total_rounds=43, total_fda_steps=667, accuracy=0.9570000171661377)
EpochMetrics(epoch=17, total_rounds=45, total_fda_steps=709, accuracy=0.9585999846458435)
EpochMetrics(epoch=18, total_rounds=47, total_fda_steps=750, accuracy=0.9605000019073486)
EpochMetrics(epoch=19, total_rounds=49, total_fda_steps=792, accuracy=0.9610999822616577)
EpochMetrics(epoch=20, total_rounds=52, total_fda_steps=834, accuracy=0.9627000093460083)
EpochMetrics(epoch=21, total_rounds=54, total_fda_steps=875, accuracy=0.9642000198364258)
EpochMetrics(epoch=22, total_rounds=56, total_fda_steps=917, accuracy=0.9657999873161316)
EpochMetrics(epoch=23, total_rounds=58, total_fda_steps=959, accuracy=0.9667999744415283)
EpochMetrics(epoch=24, total_rounds=60, total_fda_steps=1000, accuracy=0.9667999744415283)
EpochMetrics(epoch=25, total_rounds=63, total_fda_steps=1042, accuracy=0.9682999849319458)
EpochMetrics(epoch=26, total_rounds=65, total_fda_steps=1084, accuracy=0.9682999849319458)
EpochMetrics(epoch=27, total_rounds=67, total_fda_steps=1125, accuracy=0.9699000120162964)
EpochMetrics(epoch=28, total_rounds=69, total_fda_steps=1167, accuracy=0.9702000021934509)
EpochMetrics(epoch=29, total_rounds=72, total_fda_steps=1209, accuracy=0.9703999757766724)
EpochMetrics(epoch=30, total_rounds=74, total_fda_steps=1250, accuracy=0.9713000059127808)
EpochMetrics(epoch=31, total_rounds=76, total_fda_steps=1292, accuracy=0.9717000126838684)
EpochMetrics(epoch=32, total_rounds=78, total_fda_steps=1334, accuracy=0.9715999960899353)
EpochMetrics(epoch=33, total_rounds=80, total_fda_steps=1375, accuracy=0.9718000292778015)
EpochMetrics(epoch=34, total_rounds=83, total_fda_steps=1417, accuracy=0.9731000065803528)
EpochMetrics(epoch=35, total_rounds=85, total_fda_steps=1459, accuracy=0.9731000065803528)
EpochMetrics(epoch=36, total_rounds=87, total_fda_steps=1500, accuracy=0.9736999869346619)
EpochMetrics(epoch=37, total_rounds=89, total_fda_steps=1542, accuracy=0.9747999906539917)
EpochMetrics(epoch=38, total_rounds=92, total_fda_steps=1584, accuracy=0.9753999710083008)
EpochMetrics(epoch=39, total_rounds=94, total_fda_steps=1625, accuracy=0.9751999974250793)
EpochMetrics(epoch=40, total_rounds=96, total_fda_steps=1667, accuracy=0.975600004196167)
EpochMetrics(epoch=41, total_rounds=98, total_fda_steps=1709, accuracy=0.9763000011444092)
EpochMetrics(epoch=42, total_rounds=100, total_fda_steps=1750, accuracy=0.9764999747276306)
EpochMetrics(epoch=43, total_rounds=102, total_fda_steps=1792, accuracy=0.9772999882698059)
EpochMetrics(epoch=44, total_rounds=104, total_fda_steps=1834, accuracy=0.9771000146865845)
EpochMetrics(epoch=45, total_rounds=107, total_fda_steps=1875, accuracy=0.9776999950408936)
EpochMetrics(epoch=46, total_rounds=109, total_fda_steps=1917, accuracy=0.9789000153541565)
EpochMetrics(epoch=47, total_rounds=111, total_fda_steps=1959, accuracy=0.9789999723434448)
EpochMetrics(epoch=48, total_rounds=113, total_fda_steps=2000, accuracy=0.9786999821662903)
EpochMetrics(epoch=49, total_rounds=115, total_fda_steps=2042, accuracy=0.9789000153541565)
EpochMetrics(epoch=50, total_rounds=117, total_fda_steps=2084, accuracy=0.9793999791145325)
EpochMetrics(epoch=51, total_rounds=119, total_fda_steps=2125, accuracy=0.980400025844574)
EpochMetrics(epoch=52, total_rounds=122, total_fda_steps=2167, accuracy=0.980400025844574)
EpochMetrics(epoch=53, total_rounds=124, total_fda_steps=2209, accuracy=0.98089998960495)
EpochMetrics(epoch=54, total_rounds=126, total_fda_steps=2250, accuracy=0.9807999730110168)
EpochMetrics(epoch=55, total_rounds=128, total_fda_steps=2292, accuracy=0.9812999963760376)
EpochMetrics(epoch=56, total_rounds=130, total_fda_steps=2334, accuracy=0.9815000295639038)
EpochMetrics(epoch=57, total_rounds=132, total_fda_steps=2375, accuracy=0.9815999865531921)
EpochMetrics(epoch=58, total_rounds=134, total_fda_steps=2417, accuracy=0.9815000295639038)
EpochMetrics(epoch=59, total_rounds=136, total_fda_steps=2459, accuracy=0.9817000031471252)
EpochMetrics(epoch=60, total_rounds=138, total_fda_steps=2500, accuracy=0.9822999835014343)
EpochMetrics(epoch=61, total_rounds=141, total_fda_steps=2542, accuracy=0.9825000166893005)
EpochMetrics(epoch=62, total_rounds=143, total_fda_steps=2584, accuracy=0.9821000099182129)
EpochMetrics(epoch=63, total_rounds=145, total_fda_steps=2625, accuracy=0.9821000099182129)
EpochMetrics(epoch=64, total_rounds=147, total_fda_steps=2667, accuracy=0.9829999804496765)
EpochMetrics(epoch=65, total_rounds=149, total_fda_steps=2709, accuracy=0.9835000038146973)
EpochMetrics(epoch=66, total_rounds=151, total_fda_steps=2750, accuracy=0.9835000038146973)
EpochMetrics(epoch=67, total_rounds=153, total_fda_steps=2792, accuracy=0.9833999872207642)
EpochMetrics(epoch=68, total_rounds=155, total_fda_steps=2834, accuracy=0.9829000234603882)
EpochMetrics(epoch=69, total_rounds=157, total_fda_steps=2875, accuracy=0.9833999872207642)
EpochMetrics(epoch=70, total_rounds=159, total_fda_steps=2917, accuracy=0.9825000166893005)
EpochMetrics(epoch=71, total_rounds=161, total_fda_steps=2959, accuracy=0.9835000038146973)
EpochMetrics(epoch=72, total_rounds=163, total_fda_steps=3000, accuracy=0.9836999773979187)
EpochMetrics(epoch=73, total_rounds=165, total_fda_steps=3042, accuracy=0.9836999773979187)
EpochMetrics(epoch=74, total_rounds=167, total_fda_steps=3084, accuracy=0.9840999841690063)
EpochMetrics(epoch=75, total_rounds=169, total_fda_steps=3125, accuracy=0.9846000075340271)
EpochMetrics(epoch=76, total_rounds=171, total_fda_steps=3167, accuracy=0.9843000173568726)
EpochMetrics(epoch=77, total_rounds=173, total_fda_steps=3209, accuracy=0.984000027179718)
EpochMetrics(epoch=78, total_rounds=175, total_fda_steps=3250, accuracy=0.9842000007629395)
EpochMetrics(epoch=79, total_rounds=177, total_fda_steps=3292, accuracy=0.984499990940094)
EpochMetrics(epoch=80, total_rounds=179, total_fda_steps=3334, accuracy=0.9843000173568726)
EpochMetrics(epoch=81, total_rounds=181, total_fda_steps=3375, accuracy=0.9850000143051147)
EpochMetrics(epoch=82, total_rounds=183, total_fda_steps=3417, accuracy=0.984499990940094)
EpochMetrics(epoch=83, total_rounds=185, total_fda_steps=3459, accuracy=0.984499990940094)
EpochMetrics(epoch=84, total_rounds=187, total_fda_steps=3500, accuracy=0.9854000210762024)
EpochMetrics(epoch=85, total_rounds=189, total_fda_steps=3542, accuracy=0.9854000210762024)
EpochMetrics(epoch=86, total_rounds=191, total_fda_steps=3584, accuracy=0.9850999712944031)
EpochMetrics(epoch=87, total_rounds=193, total_fda_steps=3625, accuracy=0.9848999977111816)
EpochMetrics(epoch=88, total_rounds=195, total_fda_steps=3667, accuracy=0.9843999743461609)
EpochMetrics(epoch=89, total_rounds=197, total_fda_steps=3709, accuracy=0.9837999939918518)
EpochMetrics(epoch=90, total_rounds=199, total_fda_steps=3750, accuracy=0.984499990940094)
EpochMetrics(epoch=91, total_rounds=201, total_fda_steps=3792, accuracy=0.9851999878883362)
EpochMetrics(epoch=92, total_rounds=203, total_fda_steps=3834, accuracy=0.984499990940094)
EpochMetrics(epoch=93, total_rounds=205, total_fda_steps=3875, accuracy=0.9855999946594238)
EpochMetrics(epoch=94, total_rounds=207, total_fda_steps=3917, accuracy=0.9853000044822693)
EpochMetrics(epoch=95, total_rounds=209, total_fda_steps=3959, accuracy=0.9853000044822693)
EpochMetrics(epoch=96, total_rounds=211, total_fda_steps=4000, accuracy=0.9854999780654907)
EpochMetrics(epoch=97, total_rounds=213, total_fda_steps=4042, accuracy=0.9846000075340271)
EpochMetrics(epoch=98, total_rounds=215, total_fda_steps=4084, accuracy=0.9850999712944031)
EpochMetrics(epoch=99, total_rounds=217, total_fda_steps=4125, accuracy=0.9853000044822693)
EpochMetrics(epoch=100, total_rounds=218, total_fda_steps=4167, accuracy=0.9850999712944031)
EpochMetrics(epoch=101, total_rounds=220, total_fda_steps=4209, accuracy=0.9851999878883362)
EpochMetrics(epoch=102, total_rounds=222, total_fda_steps=4250, accuracy=0.9847999811172485)
EpochMetrics(epoch=103, total_rounds=224, total_fda_steps=4292, accuracy=0.9858999848365784)
EpochMetrics(epoch=104, total_rounds=226, total_fda_steps=4334, accuracy=0.9855999946594238)
EpochMetrics(epoch=105, total_rounds=228, total_fda_steps=4375, accuracy=0.9854999780654907)
EpochMetrics(epoch=106, total_rounds=230, total_fda_steps=4417, accuracy=0.9854000210762024)
EpochMetrics(epoch=107, total_rounds=232, total_fda_steps=4459, accuracy=0.9857000112533569)
EpochMetrics(epoch=108, total_rounds=234, total_fda_steps=4500, accuracy=0.9860000014305115)
EpochMetrics(epoch=109, total_rounds=236, total_fda_steps=4542, accuracy=0.9857000112533569)
EpochMetrics(epoch=110, total_rounds=238, total_fda_steps=4584, accuracy=0.9858999848365784)
EpochMetrics(epoch=111, total_rounds=240, total_fda_steps=4625, accuracy=0.9854000210762024)
EpochMetrics(epoch=112, total_rounds=242, total_fda_steps=4667, accuracy=0.9854999780654907)
EpochMetrics(epoch=113, total_rounds=243, total_fda_steps=4709, accuracy=0.9850000143051147)
EpochMetrics(epoch=114, total_rounds=245, total_fda_steps=4750, accuracy=0.9857000112533569)
EpochMetrics(epoch=115, total_rounds=247, total_fda_steps=4792, accuracy=0.9857000112533569)
EpochMetrics(epoch=116, total_rounds=249, total_fda_steps=4834, accuracy=0.9857000112533569)
EpochMetrics(epoch=117, total_rounds=251, total_fda_steps=4875, accuracy=0.9861000180244446)
EpochMetrics(epoch=118, total_rounds=253, total_fda_steps=4917, accuracy=0.9858999848365784)
EpochMetrics(epoch=119, total_rounds=255, total_fda_steps=4959, accuracy=0.9860000014305115)
EpochMetrics(epoch=120, total_rounds=257, total_fda_steps=5000, accuracy=0.9860000014305115)
EpochMetrics(epoch=121, total_rounds=259, total_fda_steps=5042, accuracy=0.9861000180244446)
EpochMetrics(epoch=122, total_rounds=261, total_fda_steps=5084, accuracy=0.9861000180244446)
EpochMetrics(epoch=123, total_rounds=263, total_fda_steps=5125, accuracy=0.9861000180244446)
EpochMetrics(epoch=124, total_rounds=265, total_fda_steps=5167, accuracy=0.9857000112533569)
EpochMetrics(epoch=125, total_rounds=267, total_fda_steps=5209, accuracy=0.9866999983787537)
EpochMetrics(epoch=126, total_rounds=268, total_fda_steps=5250, accuracy=0.9868000149726868)
EpochMetrics(epoch=127, total_rounds=270, total_fda_steps=5292, accuracy=0.9861999750137329)
EpochMetrics(epoch=128, total_rounds=272, total_fda_steps=5334, accuracy=0.9866999983787537)
EpochMetrics(epoch=129, total_rounds=274, total_fda_steps=5375, accuracy=0.9861999750137329)
EpochMetrics(epoch=130, total_rounds=276, total_fda_steps=5417, accuracy=0.9861000180244446)
EpochMetrics(epoch=131, total_rounds=278, total_fda_steps=5459, accuracy=0.9865000247955322)
EpochMetrics(epoch=132, total_rounds=279, total_fda_steps=5500, accuracy=0.9866999983787537)
EpochMetrics(epoch=133, total_rounds=281, total_fda_steps=5542, accuracy=0.9865000247955322)
EpochMetrics(epoch=134, total_rounds=283, total_fda_steps=5584, accuracy=0.9865999817848206)
EpochMetrics(epoch=135, total_rounds=285, total_fda_steps=5625, accuracy=0.9865999817848206)
EpochMetrics(epoch=136, total_rounds=287, total_fda_steps=5667, accuracy=0.9868000149726868)
EpochMetrics(epoch=137, total_rounds=289, total_fda_steps=5709, accuracy=0.9865999817848206)
EpochMetrics(epoch=138, total_rounds=291, total_fda_steps=5750, accuracy=0.9868000149726868)
EpochMetrics(epoch=139, total_rounds=292, total_fda_steps=5792, accuracy=0.9865999817848206)
EpochMetrics(epoch=140, total_rounds=294, total_fda_steps=5834, accuracy=0.9865999817848206)
EpochMetrics(epoch=141, total_rounds=296, total_fda_steps=5875, accuracy=0.9866999983787537)
EpochMetrics(epoch=142, total_rounds=298, total_fda_steps=5917, accuracy=0.9864000082015991)
EpochMetrics(epoch=143, total_rounds=300, total_fda_steps=5959, accuracy=0.9865000247955322)
EpochMetrics(epoch=144, total_rounds=301, total_fda_steps=6000, accuracy=0.9872999787330627)
EpochMetrics(epoch=145, total_rounds=303, total_fda_steps=6042, accuracy=0.9868999719619751)
EpochMetrics(epoch=146, total_rounds=305, total_fda_steps=6084, accuracy=0.9865000247955322)
EpochMetrics(epoch=147, total_rounds=307, total_fda_steps=6125, accuracy=0.9865999817848206)
EpochMetrics(epoch=148, total_rounds=309, total_fda_steps=6167, accuracy=0.9865999817848206)
EpochMetrics(epoch=149, total_rounds=311, total_fda_steps=6209, accuracy=0.9868000149726868)
EpochMetrics(epoch=150, total_rounds=313, total_fda_steps=6250, accuracy=0.9866999983787537)
EpochMetrics(epoch=151, total_rounds=314, total_fda_steps=6292, accuracy=0.9868000149726868)
EpochMetrics(epoch=152, total_rounds=316, total_fda_steps=6334, accuracy=0.9872000217437744)
EpochMetrics(epoch=153, total_rounds=318, total_fda_steps=6375, accuracy=0.9872000217437744)
EpochMetrics(epoch=154, total_rounds=320, total_fda_steps=6417, accuracy=0.9868000149726868)
EpochMetrics(epoch=155, total_rounds=322, total_fda_steps=6459, accuracy=0.9864000082015991)
EpochMetrics(epoch=156, total_rounds=324, total_fda_steps=6500, accuracy=0.9873999953269958)
EpochMetrics(epoch=157, total_rounds=326, total_fda_steps=6542, accuracy=0.9869999885559082)
EpochMetrics(epoch=158, total_rounds=327, total_fda_steps=6584, accuracy=0.9873999953269958)
EpochMetrics(epoch=159, total_rounds=329, total_fda_steps=6625, accuracy=0.9869999885559082)
EpochMetrics(epoch=160, total_rounds=331, total_fda_steps=6667, accuracy=0.9871000051498413)
EpochMetrics(epoch=161, total_rounds=333, total_fda_steps=6709, accuracy=0.9871000051498413)
EpochMetrics(epoch=162, total_rounds=335, total_fda_steps=6750, accuracy=0.9871000051498413)
EpochMetrics(epoch=163, total_rounds=336, total_fda_steps=6792, accuracy=0.9869999885559082)
EpochMetrics(epoch=164, total_rounds=338, total_fda_steps=6834, accuracy=0.9871000051498413)
EpochMetrics(epoch=165, total_rounds=340, total_fda_steps=6875, accuracy=0.9872999787330627)
EpochMetrics(epoch=166, total_rounds=342, total_fda_steps=6917, accuracy=0.9873999953269958)
EpochMetrics(epoch=167, total_rounds=344, total_fda_steps=6959, accuracy=0.9869999885559082)
EpochMetrics(epoch=168, total_rounds=346, total_fda_steps=7000, accuracy=0.9869999885559082)
EpochMetrics(epoch=169, total_rounds=348, total_fda_steps=7042, accuracy=0.9872999787330627)
EpochMetrics(epoch=170, total_rounds=350, total_fda_steps=7084, accuracy=0.9869999885559082)
EpochMetrics(epoch=171, total_rounds=351, total_fda_steps=7125, accuracy=0.9868999719619751)
EpochMetrics(epoch=172, total_rounds=353, total_fda_steps=7167, accuracy=0.9869999885559082)
EpochMetrics(epoch=173, total_rounds=355, total_fda_steps=7209, accuracy=0.9872000217437744)
EpochMetrics(epoch=174, total_rounds=357, total_fda_steps=7250, accuracy=0.9868999719619751)
EpochMetrics(epoch=175, total_rounds=359, total_fda_steps=7292, accuracy=0.9868000149726868)
EpochMetrics(epoch=176, total_rounds=361, total_fda_steps=7334, accuracy=0.9871000051498413)
EpochMetrics(epoch=177, total_rounds=362, total_fda_steps=7375, accuracy=0.9878000020980835)
EpochMetrics(epoch=178, total_rounds=364, total_fda_steps=7417, accuracy=0.9871000051498413)
EpochMetrics(epoch=179, total_rounds=366, total_fda_steps=7459, accuracy=0.9876999855041504)
EpochMetrics(epoch=180, total_rounds=368, total_fda_steps=7500, accuracy=0.9869999885559082)
EpochMetrics(epoch=181, total_rounds=369, total_fda_steps=7542, accuracy=0.9873999953269958)
EpochMetrics(epoch=182, total_rounds=371, total_fda_steps=7584, accuracy=0.9868000149726868)
EpochMetrics(epoch=183, total_rounds=373, total_fda_steps=7625, accuracy=0.9869999885559082)
EpochMetrics(epoch=184, total_rounds=375, total_fda_steps=7667, accuracy=0.9871000051498413)
EpochMetrics(epoch=185, total_rounds=376, total_fda_steps=7709, accuracy=0.9864000082015991)
EpochMetrics(epoch=186, total_rounds=378, total_fda_steps=7750, accuracy=0.9871000051498413)
EpochMetrics(epoch=187, total_rounds=380, total_fda_steps=7792, accuracy=0.987500011920929)
EpochMetrics(epoch=188, total_rounds=382, total_fda_steps=7834, accuracy=0.9872000217437744)
EpochMetrics(epoch=189, total_rounds=383, total_fda_steps=7875, accuracy=0.9869999885559082)
EpochMetrics(epoch=190, total_rounds=385, total_fda_steps=7917, accuracy=0.9876999855041504)
EpochMetrics(epoch=191, total_rounds=387, total_fda_steps=7959, accuracy=0.9872999787330627)
EpochMetrics(epoch=192, total_rounds=388, total_fda_steps=8000, accuracy=0.9871000051498413)
EpochMetrics(epoch=193, total_rounds=390, total_fda_steps=8042, accuracy=0.987500011920929)
EpochMetrics(epoch=194, total_rounds=392, total_fda_steps=8084, accuracy=0.9868999719619751)
EpochMetrics(epoch=195, total_rounds=393, total_fda_steps=8125, accuracy=0.9872000217437744)
EpochMetrics(epoch=196, total_rounds=395, total_fda_steps=8167, accuracy=0.9868000149726868)
EpochMetrics(epoch=197, total_rounds=397, total_fda_steps=8209, accuracy=0.9868999719619751)
EpochMetrics(epoch=198, total_rounds=399, total_fda_steps=8250, accuracy=0.9871000051498413)
EpochMetrics(epoch=199, total_rounds=400, total_fda_steps=8292, accuracy=0.9869999885559082)
EpochMetrics(epoch=200, total_rounds=402, total_fda_steps=8334, accuracy=0.9865999817848206)
EpochMetrics(epoch=201, total_rounds=404, total_fda_steps=8375, accuracy=0.9868999719619751)
EpochMetrics(epoch=202, total_rounds=406, total_fda_steps=8417, accuracy=0.9868000149726868)
EpochMetrics(epoch=203, total_rounds=408, total_fda_steps=8459, accuracy=0.9872000217437744)
EpochMetrics(epoch=204, total_rounds=409, total_fda_steps=8500, accuracy=0.9871000051498413)
EpochMetrics(epoch=205, total_rounds=411, total_fda_steps=8542, accuracy=0.9866999983787537)
EpochMetrics(epoch=206, total_rounds=413, total_fda_steps=8584, accuracy=0.9865999817848206)
EpochMetrics(epoch=207, total_rounds=414, total_fda_steps=8625, accuracy=0.9872999787330627)
EpochMetrics(epoch=208, total_rounds=416, total_fda_steps=8667, accuracy=0.9872999787330627)
EpochMetrics(epoch=209, total_rounds=418, total_fda_steps=8709, accuracy=0.9872999787330627)
EpochMetrics(epoch=210, total_rounds=420, total_fda_steps=8750, accuracy=0.9872999787330627)
EpochMetrics(epoch=211, total_rounds=422, total_fda_steps=8792, accuracy=0.9868999719619751)
EpochMetrics(epoch=212, total_rounds=424, total_fda_steps=8834, accuracy=0.9868999719619751)
EpochMetrics(epoch=213, total_rounds=425, total_fda_steps=8875, accuracy=0.9872999787330627)
EpochMetrics(epoch=214, total_rounds=427, total_fda_steps=8917, accuracy=0.987500011920929)
EpochMetrics(epoch=215, total_rounds=428, total_fda_steps=8959, accuracy=0.9871000051498413)
EpochMetrics(epoch=216, total_rounds=430, total_fda_steps=9000, accuracy=0.9871000051498413)
EpochMetrics(epoch=217, total_rounds=432, total_fda_steps=9042, accuracy=0.9868999719619751)
EpochMetrics(epoch=218, total_rounds=434, total_fda_steps=9084, accuracy=0.9869999885559082)
EpochMetrics(epoch=219, total_rounds=436, total_fda_steps=9125, accuracy=0.9872999787330627)
EpochMetrics(epoch=220, total_rounds=437, total_fda_steps=9167, accuracy=0.9872000217437744)
EpochMetrics(epoch=221, total_rounds=439, total_fda_steps=9209, accuracy=0.9868000149726868)
EpochMetrics(epoch=222, total_rounds=441, total_fda_steps=9250, accuracy=0.9873999953269958)
EpochMetrics(epoch=223, total_rounds=443, total_fda_steps=9292, accuracy=0.9868000149726868)
EpochMetrics(epoch=224, total_rounds=444, total_fda_steps=9334, accuracy=0.9869999885559082)
EpochMetrics(epoch=225, total_rounds=446, total_fda_steps=9375, accuracy=0.9868000149726868)
EpochMetrics(epoch=226, total_rounds=448, total_fda_steps=9417, accuracy=0.9873999953269958)
EpochMetrics(epoch=227, total_rounds=449, total_fda_steps=9459, accuracy=0.9873999953269958)
EpochMetrics(epoch=228, total_rounds=451, total_fda_steps=9500, accuracy=0.987500011920929)
EpochMetrics(epoch=229, total_rounds=452, total_fda_steps=9542, accuracy=0.9866999983787537)
EpochMetrics(epoch=230, total_rounds=454, total_fda_steps=9584, accuracy=0.9869999885559082)
EpochMetrics(epoch=231, total_rounds=456, total_fda_steps=9625, accuracy=0.9868000149726868)
EpochMetrics(epoch=232, total_rounds=458, total_fda_steps=9667, accuracy=0.9868999719619751)
EpochMetrics(epoch=233, total_rounds=460, total_fda_steps=9709, accuracy=0.9871000051498413)
EpochMetrics(epoch=234, total_rounds=461, total_fda_steps=9750, accuracy=0.9872999787330627)
EpochMetrics(epoch=235, total_rounds=463, total_fda_steps=9792, accuracy=0.9869999885559082)
EpochMetrics(epoch=236, total_rounds=464, total_fda_steps=9834, accuracy=0.9872000217437744)
EpochMetrics(epoch=237, total_rounds=466, total_fda_steps=9875, accuracy=0.9872000217437744)
EpochMetrics(epoch=238, total_rounds=468, total_fda_steps=9917, accuracy=0.9876999855041504)
EpochMetrics(epoch=239, total_rounds=469, total_fda_steps=9959, accuracy=0.9871000051498413)
EpochMetrics(epoch=240, total_rounds=471, total_fda_steps=10000, accuracy=0.9869999885559082)
EpochMetrics(epoch=241, total_rounds=473, total_fda_steps=10042, accuracy=0.9869999885559082)
EpochMetrics(epoch=242, total_rounds=475, total_fda_steps=10084, accuracy=0.9868999719619751)
EpochMetrics(epoch=243, total_rounds=476, total_fda_steps=10125, accuracy=0.9866999983787537)
EpochMetrics(epoch=244, total_rounds=478, total_fda_steps=10167, accuracy=0.987500011920929)
EpochMetrics(epoch=245, total_rounds=480, total_fda_steps=10209, accuracy=0.987500011920929)
EpochMetrics(epoch=246, total_rounds=482, total_fda_steps=10250, accuracy=0.9869999885559082)
EpochMetrics(epoch=247, total_rounds=483, total_fda_steps=10292, accuracy=0.9872000217437744)
EpochMetrics(epoch=248, total_rounds=485, total_fda_steps=10334, accuracy=0.9869999885559082)
EpochMetrics(epoch=249, total_rounds=486, total_fda_steps=10375, accuracy=0.9872000217437744)
EpochMetrics(epoch=250, total_rounds=488, total_fda_steps=10417, accuracy=0.9869999885559082)
EpochMetrics(epoch=251, total_rounds=489, total_fda_steps=10459, accuracy=0.9872999787330627)
EpochMetrics(epoch=252, total_rounds=491, total_fda_steps=10500, accuracy=0.987500011920929)
EpochMetrics(epoch=253, total_rounds=493, total_fda_steps=10542, accuracy=0.9876999855041504)
EpochMetrics(epoch=254, total_rounds=494, total_fda_steps=10584, accuracy=0.987500011920929)
EpochMetrics(epoch=255, total_rounds=496, total_fda_steps=10625, accuracy=0.9872000217437744)
EpochMetrics(epoch=256, total_rounds=498, total_fda_steps=10667, accuracy=0.987500011920929)
EpochMetrics(epoch=257, total_rounds=499, total_fda_steps=10709, accuracy=0.987500011920929)
EpochMetrics(epoch=258, total_rounds=501, total_fda_steps=10750, accuracy=0.9865999817848206)
EpochMetrics(epoch=259, total_rounds=502, total_fda_steps=10792, accuracy=0.9876999855041504)
EpochMetrics(epoch=260, total_rounds=504, total_fda_steps=10834, accuracy=0.9873999953269958)
EpochMetrics(epoch=261, total_rounds=505, total_fda_steps=10875, accuracy=0.9876000285148621)
EpochMetrics(epoch=262, total_rounds=507, total_fda_steps=10917, accuracy=0.9873999953269958)
EpochMetrics(epoch=263, total_rounds=509, total_fda_steps=10959, accuracy=0.987500011920929)
EpochMetrics(epoch=264, total_rounds=510, total_fda_steps=11000, accuracy=0.9878000020980835)
EpochMetrics(epoch=265, total_rounds=512, total_fda_steps=11042, accuracy=0.9878000020980835)
EpochMetrics(epoch=266, total_rounds=514, total_fda_steps=11084, accuracy=0.9872999787330627)
EpochMetrics(epoch=267, total_rounds=515, total_fda_steps=11125, accuracy=0.9879999756813049)
EpochMetrics(epoch=268, total_rounds=517, total_fda_steps=11167, accuracy=0.987500011920929)
EpochMetrics(epoch=269, total_rounds=519, total_fda_steps=11209, accuracy=0.9871000051498413)
EpochMetrics(epoch=270, total_rounds=520, total_fda_steps=11250, accuracy=0.9872000217437744)
EpochMetrics(epoch=271, total_rounds=522, total_fda_steps=11292, accuracy=0.9872000217437744)
EpochMetrics(epoch=272, total_rounds=523, total_fda_steps=11334, accuracy=0.987500011920929)
EpochMetrics(epoch=273, total_rounds=524, total_fda_steps=11375, accuracy=0.987500011920929)
EpochMetrics(epoch=274, total_rounds=526, total_fda_steps=11417, accuracy=0.9876000285148621)
EpochMetrics(epoch=275, total_rounds=528, total_fda_steps=11459, accuracy=0.987500011920929)
EpochMetrics(epoch=276, total_rounds=529, total_fda_steps=11500, accuracy=0.987500011920929)
EpochMetrics(epoch=277, total_rounds=531, total_fda_steps=11542, accuracy=0.9873999953269958)
EpochMetrics(epoch=278, total_rounds=533, total_fda_steps=11584, accuracy=0.9873999953269958)
EpochMetrics(epoch=279, total_rounds=534, total_fda_steps=11625, accuracy=0.9871000051498413)
EpochMetrics(epoch=280, total_rounds=537, total_fda_steps=11667, accuracy=0.9872999787330627)
EpochMetrics(epoch=281, total_rounds=538, total_fda_steps=11709, accuracy=0.9876999855041504)
EpochMetrics(epoch=282, total_rounds=540, total_fda_steps=11750, accuracy=0.9866999983787537)
EpochMetrics(epoch=283, total_rounds=542, total_fda_steps=11792, accuracy=0.9868000149726868)
EpochMetrics(epoch=284, total_rounds=543, total_fda_steps=11834, accuracy=0.9869999885559082)
EpochMetrics(epoch=285, total_rounds=545, total_fda_steps=11875, accuracy=0.9869999885559082)
EpochMetrics(epoch=286, total_rounds=547, total_fda_steps=11917, accuracy=0.9872999787330627)
EpochMetrics(epoch=287, total_rounds=548, total_fda_steps=11959, accuracy=0.9872999787330627)
EpochMetrics(epoch=288, total_rounds=550, total_fda_steps=12000, accuracy=0.9871000051498413)
EpochMetrics(epoch=289, total_rounds=552, total_fda_steps=12042, accuracy=0.9873999953269958)
EpochMetrics(epoch=290, total_rounds=554, total_fda_steps=12084, accuracy=0.9872999787330627)
EpochMetrics(epoch=291, total_rounds=556, total_fda_steps=12125, accuracy=0.9872000217437744)
EpochMetrics(epoch=292, total_rounds=557, total_fda_steps=12167, accuracy=0.9869999885559082)
EpochMetrics(epoch=293, total_rounds=559, total_fda_steps=12209, accuracy=0.9876000285148621)
EpochMetrics(epoch=294, total_rounds=560, total_fda_steps=12250, accuracy=0.9872999787330627)
EpochMetrics(epoch=295, total_rounds=561, total_fda_steps=12292, accuracy=0.987500011920929)
EpochMetrics(epoch=296, total_rounds=563, total_fda_steps=12334, accuracy=0.987500011920929)
EpochMetrics(epoch=297, total_rounds=564, total_fda_steps=12375, accuracy=0.9872000217437744)
EpochMetrics(epoch=298, total_rounds=566, total_fda_steps=12417, accuracy=0.9872000217437744)
EpochMetrics(epoch=299, total_rounds=568, total_fda_steps=12459, accuracy=0.9872999787330627)
EpochMetrics(epoch=300, total_rounds=570, total_fda_steps=12500, accuracy=0.9876000285148621)
EpochMetrics(epoch=301, total_rounds=571, total_fda_steps=12542, accuracy=0.9873999953269958)
EpochMetrics(epoch=302, total_rounds=572, total_fda_steps=12584, accuracy=0.9872999787330627)
EpochMetrics(epoch=303, total_rounds=574, total_fda_steps=12625, accuracy=0.9878000020980835)
EpochMetrics(epoch=304, total_rounds=575, total_fda_steps=12667, accuracy=0.9872000217437744)
EpochMetrics(epoch=305, total_rounds=577, total_fda_steps=12709, accuracy=0.9876000285148621)
EpochMetrics(epoch=306, total_rounds=578, total_fda_steps=12750, accuracy=0.9873999953269958)
EpochMetrics(epoch=307, total_rounds=579, total_fda_steps=12792, accuracy=0.9873999953269958)
EpochMetrics(epoch=308, total_rounds=581, total_fda_steps=12834, accuracy=0.9873999953269958)
EpochMetrics(epoch=309, total_rounds=583, total_fda_steps=12875, accuracy=0.9872000217437744)
EpochMetrics(epoch=310, total_rounds=584, total_fda_steps=12917, accuracy=0.9873999953269958)
EpochMetrics(epoch=311, total_rounds=586, total_fda_steps=12959, accuracy=0.9873999953269958)
EpochMetrics(epoch=312, total_rounds=587, total_fda_steps=13000, accuracy=0.9871000051498413)
EpochMetrics(epoch=313, total_rounds=589, total_fda_steps=13042, accuracy=0.9876000285148621)
EpochMetrics(epoch=314, total_rounds=591, total_fda_steps=13084, accuracy=0.9876999855041504)
EpochMetrics(epoch=315, total_rounds=592, total_fda_steps=13125, accuracy=0.9878000020980835)
EpochMetrics(epoch=316, total_rounds=594, total_fda_steps=13167, accuracy=0.9872000217437744)
EpochMetrics(epoch=317, total_rounds=595, total_fda_steps=13209, accuracy=0.9873999953269958)
EpochMetrics(epoch=318, total_rounds=596, total_fda_steps=13250, accuracy=0.987500011920929)
EpochMetrics(epoch=319, total_rounds=598, total_fda_steps=13292, accuracy=0.987500011920929)
EpochMetrics(epoch=320, total_rounds=600, total_fda_steps=13334, accuracy=0.9872999787330627)
EpochMetrics(epoch=321, total_rounds=601, total_fda_steps=13375, accuracy=0.987500011920929)
EpochMetrics(epoch=322, total_rounds=602, total_fda_steps=13417, accuracy=0.9869999885559082)
EpochMetrics(epoch=323, total_rounds=603, total_fda_steps=13459, accuracy=0.9871000051498413)
EpochMetrics(epoch=324, total_rounds=605, total_fda_steps=13500, accuracy=0.9872000217437744)
EpochMetrics(epoch=325, total_rounds=607, total_fda_steps=13542, accuracy=0.9872999787330627)
EpochMetrics(epoch=326, total_rounds=608, total_fda_steps=13584, accuracy=0.9872999787330627)
EpochMetrics(epoch=327, total_rounds=609, total_fda_steps=13625, accuracy=0.9872999787330627)
EpochMetrics(epoch=328, total_rounds=611, total_fda_steps=13667, accuracy=0.9869999885559082)
EpochMetrics(epoch=329, total_rounds=612, total_fda_steps=13709, accuracy=0.9876000285148621)
EpochMetrics(epoch=330, total_rounds=613, total_fda_steps=13750, accuracy=0.9872000217437744)
EpochMetrics(epoch=331, total_rounds=615, total_fda_steps=13792, accuracy=0.9876000285148621)
EpochMetrics(epoch=332, total_rounds=617, total_fda_steps=13834, accuracy=0.9872999787330627)
EpochMetrics(epoch=333, total_rounds=618, total_fda_steps=13875, accuracy=0.9876000285148621)
EpochMetrics(epoch=334, total_rounds=620, total_fda_steps=13917, accuracy=0.9879000186920166)
EpochMetrics(epoch=335, total_rounds=621, total_fda_steps=13959, accuracy=0.988099992275238)
EpochMetrics(epoch=336, total_rounds=622, total_fda_steps=14000, accuracy=0.987500011920929)
EpochMetrics(epoch=337, total_rounds=624, total_fda_steps=14042, accuracy=0.9872000217437744)
EpochMetrics(epoch=338, total_rounds=626, total_fda_steps=14084, accuracy=0.9873999953269958)
EpochMetrics(epoch=339, total_rounds=627, total_fda_steps=14125, accuracy=0.987500011920929)
EpochMetrics(epoch=340, total_rounds=629, total_fda_steps=14167, accuracy=0.9872000217437744)
EpochMetrics(epoch=341, total_rounds=631, total_fda_steps=14209, accuracy=0.987500011920929)
EpochMetrics(epoch=342, total_rounds=632, total_fda_steps=14250, accuracy=0.9873999953269958)
EpochMetrics(epoch=343, total_rounds=634, total_fda_steps=14292, accuracy=0.9872000217437744)
EpochMetrics(epoch=344, total_rounds=635, total_fda_steps=14334, accuracy=0.9873999953269958)
EpochMetrics(epoch=345, total_rounds=636, total_fda_steps=14375, accuracy=0.9876000285148621)
EpochMetrics(epoch=346, total_rounds=638, total_fda_steps=14417, accuracy=0.9876000285148621)
EpochMetrics(epoch=347, total_rounds=640, total_fda_steps=14459, accuracy=0.9873999953269958)
EpochMetrics(epoch=348, total_rounds=642, total_fda_steps=14500, accuracy=0.987500011920929)
EpochMetrics(epoch=349, total_rounds=643, total_fda_steps=14542, accuracy=0.987500011920929)
EpochMetrics(epoch=350, total_rounds=645, total_fda_steps=14584, accuracy=0.9872999787330627)

------------ Finished Testing : ------------
NN name : LeNet-5
FDA name : naive
Num Clients : 45
Batch size : 32
Num Epochs : 350
Number of steps until we check RTC : 1
Theta : 0.5
Total simulation time: 72462.62623763084 sec
-----------------------------------------

