Num GPUs Available:  1

------------ Current Test : ------------
NN name : LeNet-5
FDA name : linear
Num Clients : 35
Batch size : 32
Num Epochs : 350
Number of steps until we check RTC : 1
Theta : 0.5
-----------------------------------------

EpochMetrics(epoch=1, total_rounds=5, total_fda_steps=54, accuracy=0.8654000163078308)
EpochMetrics(epoch=2, total_rounds=8, total_fda_steps=108, accuracy=0.8992000222206116)
EpochMetrics(epoch=3, total_rounds=10, total_fda_steps=161, accuracy=0.9115999937057495)
EpochMetrics(epoch=4, total_rounds=13, total_fda_steps=215, accuracy=0.919700026512146)
EpochMetrics(epoch=5, total_rounds=15, total_fda_steps=268, accuracy=0.9279000163078308)
EpochMetrics(epoch=6, total_rounds=18, total_fda_steps=322, accuracy=0.9318000078201294)
EpochMetrics(epoch=7, total_rounds=21, total_fda_steps=375, accuracy=0.9373999834060669)
EpochMetrics(epoch=8, total_rounds=24, total_fda_steps=429, accuracy=0.9404000043869019)
EpochMetrics(epoch=9, total_rounds=26, total_fda_steps=483, accuracy=0.944100022315979)
EpochMetrics(epoch=10, total_rounds=29, total_fda_steps=536, accuracy=0.9467999935150146)
EpochMetrics(epoch=11, total_rounds=32, total_fda_steps=590, accuracy=0.9513999819755554)
EpochMetrics(epoch=12, total_rounds=34, total_fda_steps=643, accuracy=0.9527000188827515)
EpochMetrics(epoch=13, total_rounds=37, total_fda_steps=697, accuracy=0.9546999931335449)
EpochMetrics(epoch=14, total_rounds=40, total_fda_steps=750, accuracy=0.9567999839782715)
EpochMetrics(epoch=15, total_rounds=42, total_fda_steps=804, accuracy=0.9602000117301941)
EpochMetrics(epoch=16, total_rounds=45, total_fda_steps=858, accuracy=0.9610000252723694)
EpochMetrics(epoch=17, total_rounds=48, total_fda_steps=911, accuracy=0.9629999995231628)
EpochMetrics(epoch=18, total_rounds=50, total_fda_steps=965, accuracy=0.9642000198364258)
EpochMetrics(epoch=19, total_rounds=53, total_fda_steps=1018, accuracy=0.96670001745224)
EpochMetrics(epoch=20, total_rounds=56, total_fda_steps=1072, accuracy=0.9670000076293945)
EpochMetrics(epoch=21, total_rounds=59, total_fda_steps=1125, accuracy=0.9685999751091003)
EpochMetrics(epoch=22, total_rounds=61, total_fda_steps=1179, accuracy=0.9696999788284302)
EpochMetrics(epoch=23, total_rounds=64, total_fda_steps=1233, accuracy=0.9704999923706055)
EpochMetrics(epoch=24, total_rounds=67, total_fda_steps=1286, accuracy=0.9715999960899353)
EpochMetrics(epoch=25, total_rounds=69, total_fda_steps=1340, accuracy=0.9718000292778015)
EpochMetrics(epoch=26, total_rounds=72, total_fda_steps=1393, accuracy=0.9728000164031982)
EpochMetrics(epoch=27, total_rounds=75, total_fda_steps=1447, accuracy=0.9728999733924866)
EpochMetrics(epoch=28, total_rounds=77, total_fda_steps=1500, accuracy=0.9736999869346619)
EpochMetrics(epoch=29, total_rounds=80, total_fda_steps=1554, accuracy=0.9751999974250793)
EpochMetrics(epoch=30, total_rounds=82, total_fda_steps=1608, accuracy=0.9750000238418579)
EpochMetrics(epoch=31, total_rounds=85, total_fda_steps=1661, accuracy=0.9753000140190125)
EpochMetrics(epoch=32, total_rounds=88, total_fda_steps=1715, accuracy=0.9764999747276306)
EpochMetrics(epoch=33, total_rounds=90, total_fda_steps=1768, accuracy=0.9768000245094299)
EpochMetrics(epoch=34, total_rounds=93, total_fda_steps=1822, accuracy=0.9768999814987183)
EpochMetrics(epoch=35, total_rounds=95, total_fda_steps=1875, accuracy=0.9782000184059143)
EpochMetrics(epoch=36, total_rounds=98, total_fda_steps=1929, accuracy=0.9782000184059143)
EpochMetrics(epoch=37, total_rounds=101, total_fda_steps=1983, accuracy=0.9782999753952026)
EpochMetrics(epoch=38, total_rounds=103, total_fda_steps=2036, accuracy=0.9794999957084656)
EpochMetrics(epoch=39, total_rounds=106, total_fda_steps=2090, accuracy=0.9794999957084656)
EpochMetrics(epoch=40, total_rounds=108, total_fda_steps=2143, accuracy=0.9800999760627747)
EpochMetrics(epoch=41, total_rounds=111, total_fda_steps=2197, accuracy=0.9799000024795532)
EpochMetrics(epoch=42, total_rounds=114, total_fda_steps=2250, accuracy=0.9800000190734863)
EpochMetrics(epoch=43, total_rounds=116, total_fda_steps=2304, accuracy=0.9797000288963318)
EpochMetrics(epoch=44, total_rounds=119, total_fda_steps=2358, accuracy=0.9807999730110168)
EpochMetrics(epoch=45, total_rounds=122, total_fda_steps=2411, accuracy=0.9807999730110168)
EpochMetrics(epoch=46, total_rounds=124, total_fda_steps=2465, accuracy=0.98089998960495)
EpochMetrics(epoch=47, total_rounds=127, total_fda_steps=2518, accuracy=0.98089998960495)
EpochMetrics(epoch=48, total_rounds=129, total_fda_steps=2572, accuracy=0.9818000197410583)
EpochMetrics(epoch=49, total_rounds=132, total_fda_steps=2625, accuracy=0.9815000295639038)
EpochMetrics(epoch=50, total_rounds=134, total_fda_steps=2679, accuracy=0.9815999865531921)
EpochMetrics(epoch=51, total_rounds=137, total_fda_steps=2733, accuracy=0.9818999767303467)
EpochMetrics(epoch=52, total_rounds=139, total_fda_steps=2786, accuracy=0.9828000068664551)
EpochMetrics(epoch=53, total_rounds=142, total_fda_steps=2840, accuracy=0.9822999835014343)
EpochMetrics(epoch=54, total_rounds=144, total_fda_steps=2893, accuracy=0.9829000234603882)
EpochMetrics(epoch=55, total_rounds=147, total_fda_steps=2947, accuracy=0.9829000234603882)
EpochMetrics(epoch=56, total_rounds=149, total_fda_steps=3000, accuracy=0.9829999804496765)
EpochMetrics(epoch=57, total_rounds=152, total_fda_steps=3054, accuracy=0.9835000038146973)
EpochMetrics(epoch=58, total_rounds=155, total_fda_steps=3108, accuracy=0.9836000204086304)
EpochMetrics(epoch=59, total_rounds=157, total_fda_steps=3161, accuracy=0.9836000204086304)
EpochMetrics(epoch=60, total_rounds=160, total_fda_steps=3215, accuracy=0.9837999939918518)
EpochMetrics(epoch=61, total_rounds=162, total_fda_steps=3268, accuracy=0.9840999841690063)
EpochMetrics(epoch=62, total_rounds=165, total_fda_steps=3322, accuracy=0.9850999712944031)
EpochMetrics(epoch=63, total_rounds=167, total_fda_steps=3375, accuracy=0.9853000044822693)
EpochMetrics(epoch=64, total_rounds=170, total_fda_steps=3429, accuracy=0.9840999841690063)
EpochMetrics(epoch=65, total_rounds=172, total_fda_steps=3483, accuracy=0.9848999977111816)
EpochMetrics(epoch=66, total_rounds=175, total_fda_steps=3536, accuracy=0.9851999878883362)
EpochMetrics(epoch=67, total_rounds=177, total_fda_steps=3590, accuracy=0.984499990940094)
EpochMetrics(epoch=68, total_rounds=180, total_fda_steps=3643, accuracy=0.9851999878883362)
EpochMetrics(epoch=69, total_rounds=182, total_fda_steps=3697, accuracy=0.9850000143051147)
EpochMetrics(epoch=70, total_rounds=185, total_fda_steps=3750, accuracy=0.9847000241279602)
EpochMetrics(epoch=71, total_rounds=187, total_fda_steps=3804, accuracy=0.9854000210762024)
EpochMetrics(epoch=72, total_rounds=190, total_fda_steps=3858, accuracy=0.9850000143051147)
EpochMetrics(epoch=73, total_rounds=192, total_fda_steps=3911, accuracy=0.9851999878883362)
EpochMetrics(epoch=74, total_rounds=194, total_fda_steps=3965, accuracy=0.9854999780654907)
EpochMetrics(epoch=75, total_rounds=197, total_fda_steps=4018, accuracy=0.9854999780654907)
EpochMetrics(epoch=76, total_rounds=199, total_fda_steps=4072, accuracy=0.9851999878883362)
EpochMetrics(epoch=77, total_rounds=202, total_fda_steps=4125, accuracy=0.9848999977111816)
EpochMetrics(epoch=78, total_rounds=204, total_fda_steps=4179, accuracy=0.9855999946594238)
EpochMetrics(epoch=79, total_rounds=207, total_fda_steps=4233, accuracy=0.9857000112533569)
EpochMetrics(epoch=80, total_rounds=209, total_fda_steps=4286, accuracy=0.9861000180244446)
EpochMetrics(epoch=81, total_rounds=212, total_fda_steps=4340, accuracy=0.98580002784729)
EpochMetrics(epoch=82, total_rounds=214, total_fda_steps=4393, accuracy=0.9855999946594238)
EpochMetrics(epoch=83, total_rounds=216, total_fda_steps=4447, accuracy=0.9851999878883362)
EpochMetrics(epoch=84, total_rounds=219, total_fda_steps=4500, accuracy=0.9854000210762024)
EpochMetrics(epoch=85, total_rounds=221, total_fda_steps=4554, accuracy=0.9851999878883362)
EpochMetrics(epoch=86, total_rounds=224, total_fda_steps=4608, accuracy=0.9860000014305115)
EpochMetrics(epoch=87, total_rounds=226, total_fda_steps=4661, accuracy=0.9860000014305115)
EpochMetrics(epoch=88, total_rounds=228, total_fda_steps=4715, accuracy=0.9858999848365784)
EpochMetrics(epoch=89, total_rounds=231, total_fda_steps=4768, accuracy=0.98580002784729)
EpochMetrics(epoch=90, total_rounds=233, total_fda_steps=4822, accuracy=0.9861000180244446)
EpochMetrics(epoch=91, total_rounds=236, total_fda_steps=4875, accuracy=0.98580002784729)
EpochMetrics(epoch=92, total_rounds=238, total_fda_steps=4929, accuracy=0.9858999848365784)
EpochMetrics(epoch=93, total_rounds=241, total_fda_steps=4983, accuracy=0.9855999946594238)
EpochMetrics(epoch=94, total_rounds=243, total_fda_steps=5036, accuracy=0.9855999946594238)
EpochMetrics(epoch=95, total_rounds=245, total_fda_steps=5090, accuracy=0.9857000112533569)
EpochMetrics(epoch=96, total_rounds=248, total_fda_steps=5143, accuracy=0.9861000180244446)
EpochMetrics(epoch=97, total_rounds=250, total_fda_steps=5197, accuracy=0.9861999750137329)
EpochMetrics(epoch=98, total_rounds=253, total_fda_steps=5250, accuracy=0.9860000014305115)
EpochMetrics(epoch=99, total_rounds=255, total_fda_steps=5304, accuracy=0.9861000180244446)
EpochMetrics(epoch=100, total_rounds=258, total_fda_steps=5358, accuracy=0.9861000180244446)
EpochMetrics(epoch=101, total_rounds=260, total_fda_steps=5411, accuracy=0.9866999983787537)
EpochMetrics(epoch=102, total_rounds=262, total_fda_steps=5465, accuracy=0.9865000247955322)
EpochMetrics(epoch=103, total_rounds=265, total_fda_steps=5518, accuracy=0.9865000247955322)
EpochMetrics(epoch=104, total_rounds=267, total_fda_steps=5572, accuracy=0.9861999750137329)
EpochMetrics(epoch=105, total_rounds=270, total_fda_steps=5625, accuracy=0.9861000180244446)
EpochMetrics(epoch=106, total_rounds=272, total_fda_steps=5679, accuracy=0.9868000149726868)
EpochMetrics(epoch=107, total_rounds=275, total_fda_steps=5733, accuracy=0.986299991607666)
EpochMetrics(epoch=108, total_rounds=277, total_fda_steps=5786, accuracy=0.9864000082015991)
EpochMetrics(epoch=109, total_rounds=279, total_fda_steps=5840, accuracy=0.9865000247955322)
EpochMetrics(epoch=110, total_rounds=281, total_fda_steps=5893, accuracy=0.9861999750137329)
EpochMetrics(epoch=111, total_rounds=284, total_fda_steps=5947, accuracy=0.9866999983787537)
EpochMetrics(epoch=112, total_rounds=286, total_fda_steps=6000, accuracy=0.9865999817848206)
EpochMetrics(epoch=113, total_rounds=288, total_fda_steps=6054, accuracy=0.9866999983787537)
EpochMetrics(epoch=114, total_rounds=291, total_fda_steps=6108, accuracy=0.9865999817848206)
EpochMetrics(epoch=115, total_rounds=293, total_fda_steps=6161, accuracy=0.9861999750137329)
EpochMetrics(epoch=116, total_rounds=295, total_fda_steps=6215, accuracy=0.9868000149726868)
EpochMetrics(epoch=117, total_rounds=298, total_fda_steps=6268, accuracy=0.9868999719619751)
EpochMetrics(epoch=118, total_rounds=300, total_fda_steps=6322, accuracy=0.9868000149726868)
EpochMetrics(epoch=119, total_rounds=302, total_fda_steps=6375, accuracy=0.9865000247955322)
EpochMetrics(epoch=120, total_rounds=305, total_fda_steps=6429, accuracy=0.9864000082015991)
EpochMetrics(epoch=121, total_rounds=307, total_fda_steps=6483, accuracy=0.9865000247955322)
EpochMetrics(epoch=122, total_rounds=310, total_fda_steps=6536, accuracy=0.9866999983787537)
EpochMetrics(epoch=123, total_rounds=312, total_fda_steps=6590, accuracy=0.9865999817848206)
EpochMetrics(epoch=124, total_rounds=314, total_fda_steps=6643, accuracy=0.9872000217437744)
EpochMetrics(epoch=125, total_rounds=317, total_fda_steps=6697, accuracy=0.9868000149726868)
EpochMetrics(epoch=126, total_rounds=319, total_fda_steps=6750, accuracy=0.9865999817848206)
EpochMetrics(epoch=127, total_rounds=321, total_fda_steps=6804, accuracy=0.9868000149726868)
EpochMetrics(epoch=128, total_rounds=323, total_fda_steps=6858, accuracy=0.9865999817848206)
EpochMetrics(epoch=129, total_rounds=326, total_fda_steps=6911, accuracy=0.9868000149726868)
EpochMetrics(epoch=130, total_rounds=328, total_fda_steps=6965, accuracy=0.9868999719619751)
EpochMetrics(epoch=131, total_rounds=330, total_fda_steps=7018, accuracy=0.9868999719619751)
EpochMetrics(epoch=132, total_rounds=333, total_fda_steps=7072, accuracy=0.9869999885559082)
EpochMetrics(epoch=133, total_rounds=335, total_fda_steps=7125, accuracy=0.9869999885559082)
EpochMetrics(epoch=134, total_rounds=337, total_fda_steps=7179, accuracy=0.9869999885559082)
EpochMetrics(epoch=135, total_rounds=339, total_fda_steps=7233, accuracy=0.9872999787330627)
EpochMetrics(epoch=136, total_rounds=341, total_fda_steps=7286, accuracy=0.9866999983787537)
EpochMetrics(epoch=137, total_rounds=344, total_fda_steps=7340, accuracy=0.9871000051498413)
EpochMetrics(epoch=138, total_rounds=346, total_fda_steps=7393, accuracy=0.9868999719619751)
EpochMetrics(epoch=139, total_rounds=348, total_fda_steps=7447, accuracy=0.9869999885559082)
EpochMetrics(epoch=140, total_rounds=350, total_fda_steps=7500, accuracy=0.9865999817848206)
EpochMetrics(epoch=141, total_rounds=353, total_fda_steps=7554, accuracy=0.9871000051498413)
EpochMetrics(epoch=142, total_rounds=355, total_fda_steps=7608, accuracy=0.9873999953269958)
EpochMetrics(epoch=143, total_rounds=358, total_fda_steps=7661, accuracy=0.9873999953269958)
EpochMetrics(epoch=144, total_rounds=360, total_fda_steps=7715, accuracy=0.9868000149726868)
EpochMetrics(epoch=145, total_rounds=362, total_fda_steps=7768, accuracy=0.9865000247955322)
EpochMetrics(epoch=146, total_rounds=364, total_fda_steps=7822, accuracy=0.9865000247955322)
EpochMetrics(epoch=147, total_rounds=366, total_fda_steps=7875, accuracy=0.9872999787330627)
EpochMetrics(epoch=148, total_rounds=369, total_fda_steps=7929, accuracy=0.9872999787330627)
EpochMetrics(epoch=149, total_rounds=371, total_fda_steps=7983, accuracy=0.9868999719619751)
EpochMetrics(epoch=150, total_rounds=373, total_fda_steps=8036, accuracy=0.9869999885559082)
EpochMetrics(epoch=151, total_rounds=375, total_fda_steps=8090, accuracy=0.9871000051498413)
EpochMetrics(epoch=152, total_rounds=378, total_fda_steps=8143, accuracy=0.9869999885559082)
EpochMetrics(epoch=153, total_rounds=380, total_fda_steps=8197, accuracy=0.9869999885559082)
EpochMetrics(epoch=154, total_rounds=382, total_fda_steps=8250, accuracy=0.9869999885559082)
EpochMetrics(epoch=155, total_rounds=385, total_fda_steps=8304, accuracy=0.9869999885559082)
EpochMetrics(epoch=156, total_rounds=387, total_fda_steps=8358, accuracy=0.9871000051498413)
EpochMetrics(epoch=157, total_rounds=390, total_fda_steps=8411, accuracy=0.987500011920929)
EpochMetrics(epoch=158, total_rounds=392, total_fda_steps=8465, accuracy=0.9873999953269958)
EpochMetrics(epoch=159, total_rounds=394, total_fda_steps=8518, accuracy=0.9868999719619751)
EpochMetrics(epoch=160, total_rounds=396, total_fda_steps=8572, accuracy=0.9873999953269958)
EpochMetrics(epoch=161, total_rounds=398, total_fda_steps=8625, accuracy=0.9869999885559082)
EpochMetrics(epoch=162, total_rounds=400, total_fda_steps=8679, accuracy=0.9865999817848206)
EpochMetrics(epoch=163, total_rounds=402, total_fda_steps=8733, accuracy=0.9865999817848206)
EpochMetrics(epoch=164, total_rounds=404, total_fda_steps=8786, accuracy=0.9868000149726868)
EpochMetrics(epoch=165, total_rounds=407, total_fda_steps=8840, accuracy=0.9871000051498413)
EpochMetrics(epoch=166, total_rounds=409, total_fda_steps=8893, accuracy=0.9872000217437744)
EpochMetrics(epoch=167, total_rounds=412, total_fda_steps=8947, accuracy=0.9873999953269958)
EpochMetrics(epoch=168, total_rounds=414, total_fda_steps=9000, accuracy=0.9868999719619751)
EpochMetrics(epoch=169, total_rounds=416, total_fda_steps=9054, accuracy=0.9869999885559082)
EpochMetrics(epoch=170, total_rounds=419, total_fda_steps=9108, accuracy=0.9868000149726868)
EpochMetrics(epoch=171, total_rounds=421, total_fda_steps=9161, accuracy=0.9868999719619751)
EpochMetrics(epoch=172, total_rounds=423, total_fda_steps=9215, accuracy=0.9871000051498413)
EpochMetrics(epoch=173, total_rounds=425, total_fda_steps=9268, accuracy=0.9868999719619751)
EpochMetrics(epoch=174, total_rounds=427, total_fda_steps=9322, accuracy=0.9871000051498413)
EpochMetrics(epoch=175, total_rounds=430, total_fda_steps=9375, accuracy=0.9873999953269958)
EpochMetrics(epoch=176, total_rounds=432, total_fda_steps=9429, accuracy=0.9872999787330627)
EpochMetrics(epoch=177, total_rounds=434, total_fda_steps=9483, accuracy=0.9876000285148621)
EpochMetrics(epoch=178, total_rounds=437, total_fda_steps=9536, accuracy=0.9865999817848206)
EpochMetrics(epoch=179, total_rounds=439, total_fda_steps=9590, accuracy=0.9869999885559082)
EpochMetrics(epoch=180, total_rounds=441, total_fda_steps=9643, accuracy=0.9868999719619751)
EpochMetrics(epoch=181, total_rounds=443, total_fda_steps=9697, accuracy=0.9872999787330627)
EpochMetrics(epoch=182, total_rounds=445, total_fda_steps=9750, accuracy=0.9871000051498413)
EpochMetrics(epoch=183, total_rounds=447, total_fda_steps=9804, accuracy=0.9871000051498413)
EpochMetrics(epoch=184, total_rounds=450, total_fda_steps=9858, accuracy=0.9872999787330627)
EpochMetrics(epoch=185, total_rounds=452, total_fda_steps=9911, accuracy=0.9872999787330627)
EpochMetrics(epoch=186, total_rounds=454, total_fda_steps=9965, accuracy=0.9871000051498413)
EpochMetrics(epoch=187, total_rounds=456, total_fda_steps=10018, accuracy=0.987500011920929)
EpochMetrics(epoch=188, total_rounds=458, total_fda_steps=10072, accuracy=0.9868999719619751)
EpochMetrics(epoch=189, total_rounds=460, total_fda_steps=10125, accuracy=0.9865000247955322)
EpochMetrics(epoch=190, total_rounds=463, total_fda_steps=10179, accuracy=0.9868999719619751)
EpochMetrics(epoch=191, total_rounds=465, total_fda_steps=10233, accuracy=0.9871000051498413)
EpochMetrics(epoch=192, total_rounds=467, total_fda_steps=10286, accuracy=0.9868999719619751)
EpochMetrics(epoch=193, total_rounds=469, total_fda_steps=10340, accuracy=0.9876000285148621)
EpochMetrics(epoch=194, total_rounds=471, total_fda_steps=10393, accuracy=0.987500011920929)
EpochMetrics(epoch=195, total_rounds=473, total_fda_steps=10447, accuracy=0.9873999953269958)
EpochMetrics(epoch=196, total_rounds=475, total_fda_steps=10500, accuracy=0.9872000217437744)
EpochMetrics(epoch=197, total_rounds=477, total_fda_steps=10554, accuracy=0.9869999885559082)
EpochMetrics(epoch=198, total_rounds=480, total_fda_steps=10608, accuracy=0.9868999719619751)
EpochMetrics(epoch=199, total_rounds=482, total_fda_steps=10661, accuracy=0.987500011920929)
EpochMetrics(epoch=200, total_rounds=483, total_fda_steps=10715, accuracy=0.9873999953269958)
EpochMetrics(epoch=201, total_rounds=485, total_fda_steps=10768, accuracy=0.987500011920929)
EpochMetrics(epoch=202, total_rounds=488, total_fda_steps=10822, accuracy=0.987500011920929)
EpochMetrics(epoch=203, total_rounds=489, total_fda_steps=10875, accuracy=0.9872999787330627)
EpochMetrics(epoch=204, total_rounds=491, total_fda_steps=10929, accuracy=0.9872000217437744)
EpochMetrics(epoch=205, total_rounds=493, total_fda_steps=10983, accuracy=0.9872999787330627)
EpochMetrics(epoch=206, total_rounds=495, total_fda_steps=11036, accuracy=0.9876000285148621)
EpochMetrics(epoch=207, total_rounds=498, total_fda_steps=11090, accuracy=0.9873999953269958)
EpochMetrics(epoch=208, total_rounds=500, total_fda_steps=11143, accuracy=0.9872000217437744)
EpochMetrics(epoch=209, total_rounds=502, total_fda_steps=11197, accuracy=0.9871000051498413)
EpochMetrics(epoch=210, total_rounds=504, total_fda_steps=11250, accuracy=0.9868999719619751)
EpochMetrics(epoch=211, total_rounds=506, total_fda_steps=11304, accuracy=0.9866999983787537)
EpochMetrics(epoch=212, total_rounds=507, total_fda_steps=11358, accuracy=0.9872999787330627)
EpochMetrics(epoch=213, total_rounds=509, total_fda_steps=11411, accuracy=0.987500011920929)
EpochMetrics(epoch=214, total_rounds=511, total_fda_steps=11465, accuracy=0.9869999885559082)
EpochMetrics(epoch=215, total_rounds=513, total_fda_steps=11518, accuracy=0.9871000051498413)
EpochMetrics(epoch=216, total_rounds=515, total_fda_steps=11572, accuracy=0.9873999953269958)
EpochMetrics(epoch=217, total_rounds=517, total_fda_steps=11625, accuracy=0.9872999787330627)
EpochMetrics(epoch=218, total_rounds=520, total_fda_steps=11679, accuracy=0.9876000285148621)
EpochMetrics(epoch=219, total_rounds=522, total_fda_steps=11733, accuracy=0.9872999787330627)
EpochMetrics(epoch=220, total_rounds=524, total_fda_steps=11786, accuracy=0.9872000217437744)
EpochMetrics(epoch=221, total_rounds=526, total_fda_steps=11840, accuracy=0.9869999885559082)
EpochMetrics(epoch=222, total_rounds=528, total_fda_steps=11893, accuracy=0.9872999787330627)
EpochMetrics(epoch=223, total_rounds=530, total_fda_steps=11947, accuracy=0.9872000217437744)
EpochMetrics(epoch=224, total_rounds=533, total_fda_steps=12000, accuracy=0.9868999719619751)
EpochMetrics(epoch=225, total_rounds=535, total_fda_steps=12054, accuracy=0.9865999817848206)
EpochMetrics(epoch=226, total_rounds=536, total_fda_steps=12108, accuracy=0.9873999953269958)
EpochMetrics(epoch=227, total_rounds=538, total_fda_steps=12161, accuracy=0.9868999719619751)
EpochMetrics(epoch=228, total_rounds=540, total_fda_steps=12215, accuracy=0.9868000149726868)
EpochMetrics(epoch=229, total_rounds=542, total_fda_steps=12268, accuracy=0.9869999885559082)
EpochMetrics(epoch=230, total_rounds=544, total_fda_steps=12322, accuracy=0.9868999719619751)
EpochMetrics(epoch=231, total_rounds=546, total_fda_steps=12375, accuracy=0.9869999885559082)
EpochMetrics(epoch=232, total_rounds=548, total_fda_steps=12429, accuracy=0.9872000217437744)
EpochMetrics(epoch=233, total_rounds=550, total_fda_steps=12483, accuracy=0.9866999983787537)
EpochMetrics(epoch=234, total_rounds=552, total_fda_steps=12536, accuracy=0.987500011920929)
EpochMetrics(epoch=235, total_rounds=554, total_fda_steps=12590, accuracy=0.9871000051498413)
EpochMetrics(epoch=236, total_rounds=556, total_fda_steps=12643, accuracy=0.9876000285148621)
EpochMetrics(epoch=237, total_rounds=558, total_fda_steps=12697, accuracy=0.9873999953269958)
EpochMetrics(epoch=238, total_rounds=560, total_fda_steps=12750, accuracy=0.9876000285148621)
EpochMetrics(epoch=239, total_rounds=562, total_fda_steps=12804, accuracy=0.987500011920929)
EpochMetrics(epoch=240, total_rounds=563, total_fda_steps=12858, accuracy=0.9876999855041504)
EpochMetrics(epoch=241, total_rounds=565, total_fda_steps=12911, accuracy=0.9873999953269958)
EpochMetrics(epoch=242, total_rounds=567, total_fda_steps=12965, accuracy=0.9873999953269958)
EpochMetrics(epoch=243, total_rounds=570, total_fda_steps=13018, accuracy=0.9876999855041504)
EpochMetrics(epoch=244, total_rounds=572, total_fda_steps=13072, accuracy=0.9872000217437744)
EpochMetrics(epoch=245, total_rounds=573, total_fda_steps=13125, accuracy=0.9872000217437744)
EpochMetrics(epoch=246, total_rounds=575, total_fda_steps=13179, accuracy=0.9872000217437744)
EpochMetrics(epoch=247, total_rounds=577, total_fda_steps=13233, accuracy=0.9868000149726868)
EpochMetrics(epoch=248, total_rounds=579, total_fda_steps=13286, accuracy=0.9868000149726868)
EpochMetrics(epoch=249, total_rounds=581, total_fda_steps=13340, accuracy=0.987500011920929)
EpochMetrics(epoch=250, total_rounds=584, total_fda_steps=13393, accuracy=0.9876000285148621)
EpochMetrics(epoch=251, total_rounds=586, total_fda_steps=13447, accuracy=0.9872999787330627)
EpochMetrics(epoch=252, total_rounds=588, total_fda_steps=13500, accuracy=0.9868999719619751)
EpochMetrics(epoch=253, total_rounds=590, total_fda_steps=13554, accuracy=0.9872999787330627)
EpochMetrics(epoch=254, total_rounds=593, total_fda_steps=13608, accuracy=0.9865000247955322)
EpochMetrics(epoch=255, total_rounds=594, total_fda_steps=13661, accuracy=0.9869999885559082)
EpochMetrics(epoch=256, total_rounds=596, total_fda_steps=13715, accuracy=0.9871000051498413)
EpochMetrics(epoch=257, total_rounds=598, total_fda_steps=13768, accuracy=0.9872999787330627)
EpochMetrics(epoch=258, total_rounds=600, total_fda_steps=13822, accuracy=0.9869999885559082)
EpochMetrics(epoch=259, total_rounds=602, total_fda_steps=13875, accuracy=0.9871000051498413)
EpochMetrics(epoch=260, total_rounds=604, total_fda_steps=13929, accuracy=0.9868999719619751)
EpochMetrics(epoch=261, total_rounds=606, total_fda_steps=13983, accuracy=0.9872999787330627)
EpochMetrics(epoch=262, total_rounds=609, total_fda_steps=14036, accuracy=0.9868999719619751)
EpochMetrics(epoch=263, total_rounds=610, total_fda_steps=14090, accuracy=0.9872000217437744)
EpochMetrics(epoch=264, total_rounds=612, total_fda_steps=14143, accuracy=0.9869999885559082)
EpochMetrics(epoch=265, total_rounds=614, total_fda_steps=14197, accuracy=0.9873999953269958)
EpochMetrics(epoch=266, total_rounds=617, total_fda_steps=14250, accuracy=0.9872000217437744)
EpochMetrics(epoch=267, total_rounds=619, total_fda_steps=14304, accuracy=0.9872000217437744)
EpochMetrics(epoch=268, total_rounds=621, total_fda_steps=14358, accuracy=0.9873999953269958)
EpochMetrics(epoch=269, total_rounds=623, total_fda_steps=14411, accuracy=0.987500011920929)
EpochMetrics(epoch=270, total_rounds=625, total_fda_steps=14465, accuracy=0.9872999787330627)
EpochMetrics(epoch=271, total_rounds=626, total_fda_steps=14518, accuracy=0.9866999983787537)
EpochMetrics(epoch=272, total_rounds=629, total_fda_steps=14572, accuracy=0.9866999983787537)
EpochMetrics(epoch=273, total_rounds=631, total_fda_steps=14625, accuracy=0.9872999787330627)
EpochMetrics(epoch=274, total_rounds=633, total_fda_steps=14679, accuracy=0.987500011920929)
EpochMetrics(epoch=275, total_rounds=636, total_fda_steps=14733, accuracy=0.9872999787330627)
EpochMetrics(epoch=276, total_rounds=638, total_fda_steps=14786, accuracy=0.9869999885559082)
EpochMetrics(epoch=277, total_rounds=639, total_fda_steps=14840, accuracy=0.9873999953269958)
EpochMetrics(epoch=278, total_rounds=641, total_fda_steps=14893, accuracy=0.9873999953269958)
EpochMetrics(epoch=279, total_rounds=642, total_fda_steps=14947, accuracy=0.9871000051498413)
EpochMetrics(epoch=280, total_rounds=644, total_fda_steps=15000, accuracy=0.9868999719619751)
EpochMetrics(epoch=281, total_rounds=647, total_fda_steps=15054, accuracy=0.9869999885559082)
EpochMetrics(epoch=282, total_rounds=649, total_fda_steps=15108, accuracy=0.9865999817848206)
EpochMetrics(epoch=283, total_rounds=651, total_fda_steps=15161, accuracy=0.9866999983787537)
EpochMetrics(epoch=284, total_rounds=653, total_fda_steps=15215, accuracy=0.9869999885559082)
EpochMetrics(epoch=285, total_rounds=655, total_fda_steps=15268, accuracy=0.9868000149726868)
EpochMetrics(epoch=286, total_rounds=657, total_fda_steps=15322, accuracy=0.9868999719619751)
EpochMetrics(epoch=287, total_rounds=659, total_fda_steps=15375, accuracy=0.9868999719619751)
EpochMetrics(epoch=288, total_rounds=662, total_fda_steps=15429, accuracy=0.9868999719619751)
EpochMetrics(epoch=289, total_rounds=664, total_fda_steps=15483, accuracy=0.9866999983787537)
EpochMetrics(epoch=290, total_rounds=666, total_fda_steps=15536, accuracy=0.9868999719619751)
EpochMetrics(epoch=291, total_rounds=668, total_fda_steps=15590, accuracy=0.9865999817848206)
EpochMetrics(epoch=292, total_rounds=669, total_fda_steps=15643, accuracy=0.9871000051498413)
EpochMetrics(epoch=293, total_rounds=671, total_fda_steps=15697, accuracy=0.9868999719619751)
EpochMetrics(epoch=294, total_rounds=673, total_fda_steps=15750, accuracy=0.9872000217437744)
EpochMetrics(epoch=295, total_rounds=675, total_fda_steps=15804, accuracy=0.9871000051498413)
EpochMetrics(epoch=296, total_rounds=677, total_fda_steps=15858, accuracy=0.9868999719619751)
EpochMetrics(epoch=297, total_rounds=678, total_fda_steps=15911, accuracy=0.9871000051498413)
EpochMetrics(epoch=298, total_rounds=680, total_fda_steps=15965, accuracy=0.9872000217437744)
EpochMetrics(epoch=299, total_rounds=682, total_fda_steps=16018, accuracy=0.9869999885559082)
EpochMetrics(epoch=300, total_rounds=684, total_fda_steps=16072, accuracy=0.9872000217437744)
EpochMetrics(epoch=301, total_rounds=686, total_fda_steps=16125, accuracy=0.9871000051498413)
EpochMetrics(epoch=302, total_rounds=687, total_fda_steps=16179, accuracy=0.9872000217437744)
EpochMetrics(epoch=303, total_rounds=689, total_fda_steps=16233, accuracy=0.9868000149726868)
EpochMetrics(epoch=304, total_rounds=691, total_fda_steps=16286, accuracy=0.9872000217437744)
EpochMetrics(epoch=305, total_rounds=693, total_fda_steps=16340, accuracy=0.9869999885559082)
EpochMetrics(epoch=306, total_rounds=695, total_fda_steps=16393, accuracy=0.9872000217437744)
EpochMetrics(epoch=307, total_rounds=696, total_fda_steps=16447, accuracy=0.987500011920929)
EpochMetrics(epoch=308, total_rounds=698, total_fda_steps=16500, accuracy=0.9871000051498413)
EpochMetrics(epoch=309, total_rounds=700, total_fda_steps=16554, accuracy=0.9868000149726868)
EpochMetrics(epoch=310, total_rounds=702, total_fda_steps=16608, accuracy=0.9873999953269958)
EpochMetrics(epoch=311, total_rounds=704, total_fda_steps=16661, accuracy=0.987500011920929)
EpochMetrics(epoch=312, total_rounds=706, total_fda_steps=16715, accuracy=0.9872000217437744)
EpochMetrics(epoch=313, total_rounds=707, total_fda_steps=16768, accuracy=0.9872999787330627)
EpochMetrics(epoch=314, total_rounds=708, total_fda_steps=16822, accuracy=0.9872000217437744)
EpochMetrics(epoch=315, total_rounds=710, total_fda_steps=16875, accuracy=0.9872000217437744)
EpochMetrics(epoch=316, total_rounds=712, total_fda_steps=16929, accuracy=0.987500011920929)
EpochMetrics(epoch=317, total_rounds=714, total_fda_steps=16983, accuracy=0.9872999787330627)
EpochMetrics(epoch=318, total_rounds=716, total_fda_steps=17036, accuracy=0.9871000051498413)
EpochMetrics(epoch=319, total_rounds=718, total_fda_steps=17090, accuracy=0.9872000217437744)
EpochMetrics(epoch=320, total_rounds=720, total_fda_steps=17143, accuracy=0.9873999953269958)
EpochMetrics(epoch=321, total_rounds=722, total_fda_steps=17197, accuracy=0.9876000285148621)
EpochMetrics(epoch=322, total_rounds=724, total_fda_steps=17250, accuracy=0.9872999787330627)
EpochMetrics(epoch=323, total_rounds=725, total_fda_steps=17304, accuracy=0.9872000217437744)
EpochMetrics(epoch=324, total_rounds=727, total_fda_steps=17358, accuracy=0.9872999787330627)
EpochMetrics(epoch=325, total_rounds=729, total_fda_steps=17411, accuracy=0.9876999855041504)
EpochMetrics(epoch=326, total_rounds=731, total_fda_steps=17465, accuracy=0.9872999787330627)
EpochMetrics(epoch=327, total_rounds=732, total_fda_steps=17518, accuracy=0.9872000217437744)
EpochMetrics(epoch=328, total_rounds=733, total_fda_steps=17572, accuracy=0.987500011920929)
EpochMetrics(epoch=329, total_rounds=735, total_fda_steps=17625, accuracy=0.9869999885559082)
EpochMetrics(epoch=330, total_rounds=737, total_fda_steps=17679, accuracy=0.9869999885559082)
EpochMetrics(epoch=331, total_rounds=738, total_fda_steps=17733, accuracy=0.9873999953269958)
EpochMetrics(epoch=332, total_rounds=741, total_fda_steps=17786, accuracy=0.9873999953269958)
EpochMetrics(epoch=333, total_rounds=744, total_fda_steps=17840, accuracy=0.987500011920929)
EpochMetrics(epoch=334, total_rounds=745, total_fda_steps=17893, accuracy=0.9872000217437744)
EpochMetrics(epoch=335, total_rounds=748, total_fda_steps=17947, accuracy=0.9872999787330627)
EpochMetrics(epoch=336, total_rounds=750, total_fda_steps=18000, accuracy=0.987500011920929)
EpochMetrics(epoch=337, total_rounds=751, total_fda_steps=18054, accuracy=0.9873999953269958)
EpochMetrics(epoch=338, total_rounds=753, total_fda_steps=18108, accuracy=0.9872000217437744)
EpochMetrics(epoch=339, total_rounds=754, total_fda_steps=18161, accuracy=0.9876000285148621)
EpochMetrics(epoch=340, total_rounds=756, total_fda_steps=18215, accuracy=0.9876999855041504)
EpochMetrics(epoch=341, total_rounds=758, total_fda_steps=18268, accuracy=0.9872000217437744)
EpochMetrics(epoch=342, total_rounds=760, total_fda_steps=18322, accuracy=0.9878000020980835)
EpochMetrics(epoch=343, total_rounds=762, total_fda_steps=18375, accuracy=0.9872999787330627)
EpochMetrics(epoch=344, total_rounds=763, total_fda_steps=18429, accuracy=0.9871000051498413)
EpochMetrics(epoch=345, total_rounds=765, total_fda_steps=18483, accuracy=0.9868999719619751)
EpochMetrics(epoch=346, total_rounds=767, total_fda_steps=18536, accuracy=0.9872000217437744)
EpochMetrics(epoch=347, total_rounds=768, total_fda_steps=18590, accuracy=0.9872999787330627)
EpochMetrics(epoch=348, total_rounds=769, total_fda_steps=18643, accuracy=0.9872999787330627)
EpochMetrics(epoch=349, total_rounds=770, total_fda_steps=18697, accuracy=0.987500011920929)
EpochMetrics(epoch=350, total_rounds=772, total_fda_steps=18750, accuracy=0.9876000285148621)

------------ Finished Testing : ------------
NN name : LeNet-5
FDA name : linear
Num Clients : 35
Batch size : 32
Num Epochs : 350
Number of steps until we check RTC : 1
Theta : 0.5
Total simulation time: 75608.75577187538 sec
-----------------------------------------

