Num GPUs Available:  1

------------ Current Test : ------------
NN name : LeNet-5
FDA name : sketch
Num Clients : 15
Batch size : 32
Num Epochs : 350
Number of steps until we check RTC : 1
Theta : 0.5
-----------------------------------------

retracing `sketch_for_vector`
EpochMetrics(epoch=1, total_rounds=6, total_fda_steps=125, accuracy=0.9064000248908997)
EpochMetrics(epoch=2, total_rounds=11, total_fda_steps=250, accuracy=0.9240000247955322)
EpochMetrics(epoch=3, total_rounds=16, total_fda_steps=375, accuracy=0.9386000037193298)
EpochMetrics(epoch=4, total_rounds=22, total_fda_steps=500, accuracy=0.9473999738693237)
EpochMetrics(epoch=5, total_rounds=27, total_fda_steps=625, accuracy=0.9528999924659729)
EpochMetrics(epoch=6, total_rounds=32, total_fda_steps=750, accuracy=0.9581999778747559)
EpochMetrics(epoch=7, total_rounds=38, total_fda_steps=875, accuracy=0.9616000056266785)
EpochMetrics(epoch=8, total_rounds=43, total_fda_steps=1000, accuracy=0.9634000062942505)
EpochMetrics(epoch=9, total_rounds=48, total_fda_steps=1125, accuracy=0.9672999978065491)
EpochMetrics(epoch=10, total_rounds=54, total_fda_steps=1250, accuracy=0.968999981880188)
EpochMetrics(epoch=11, total_rounds=59, total_fda_steps=1375, accuracy=0.9696999788284302)
EpochMetrics(epoch=12, total_rounds=65, total_fda_steps=1500, accuracy=0.9725000262260437)
EpochMetrics(epoch=13, total_rounds=70, total_fda_steps=1625, accuracy=0.9728000164031982)
EpochMetrics(epoch=14, total_rounds=75, total_fda_steps=1750, accuracy=0.9754999876022339)
EpochMetrics(epoch=15, total_rounds=81, total_fda_steps=1875, accuracy=0.9769999980926514)
EpochMetrics(epoch=16, total_rounds=86, total_fda_steps=2000, accuracy=0.9776999950408936)
EpochMetrics(epoch=17, total_rounds=92, total_fda_steps=2125, accuracy=0.9787999987602234)
EpochMetrics(epoch=18, total_rounds=97, total_fda_steps=2250, accuracy=0.9796000123023987)
EpochMetrics(epoch=19, total_rounds=103, total_fda_steps=2375, accuracy=0.9796000123023987)
EpochMetrics(epoch=20, total_rounds=108, total_fda_steps=2500, accuracy=0.9801999926567078)
EpochMetrics(epoch=21, total_rounds=114, total_fda_steps=2625, accuracy=0.980400025844574)
EpochMetrics(epoch=22, total_rounds=119, total_fda_steps=2750, accuracy=0.98089998960495)
EpochMetrics(epoch=23, total_rounds=125, total_fda_steps=2875, accuracy=0.9811000227928162)
EpochMetrics(epoch=24, total_rounds=130, total_fda_steps=3000, accuracy=0.9822999835014343)
EpochMetrics(epoch=25, total_rounds=136, total_fda_steps=3125, accuracy=0.9821000099182129)
EpochMetrics(epoch=26, total_rounds=141, total_fda_steps=3250, accuracy=0.9829000234603882)
EpochMetrics(epoch=27, total_rounds=147, total_fda_steps=3375, accuracy=0.9829999804496765)
EpochMetrics(epoch=28, total_rounds=152, total_fda_steps=3500, accuracy=0.9830999970436096)
EpochMetrics(epoch=29, total_rounds=158, total_fda_steps=3625, accuracy=0.9836000204086304)
EpochMetrics(epoch=30, total_rounds=163, total_fda_steps=3750, accuracy=0.983299970626831)
EpochMetrics(epoch=31, total_rounds=168, total_fda_steps=3875, accuracy=0.9842000007629395)
EpochMetrics(epoch=32, total_rounds=173, total_fda_steps=4000, accuracy=0.9836999773979187)
EpochMetrics(epoch=33, total_rounds=179, total_fda_steps=4125, accuracy=0.9842000007629395)
EpochMetrics(epoch=34, total_rounds=184, total_fda_steps=4250, accuracy=0.9837999939918518)
EpochMetrics(epoch=35, total_rounds=189, total_fda_steps=4375, accuracy=0.9847999811172485)
EpochMetrics(epoch=36, total_rounds=194, total_fda_steps=4500, accuracy=0.9846000075340271)
EpochMetrics(epoch=37, total_rounds=199, total_fda_steps=4625, accuracy=0.9847999811172485)
EpochMetrics(epoch=38, total_rounds=205, total_fda_steps=4750, accuracy=0.9850000143051147)
EpochMetrics(epoch=39, total_rounds=210, total_fda_steps=4875, accuracy=0.9854999780654907)
EpochMetrics(epoch=40, total_rounds=216, total_fda_steps=5000, accuracy=0.9855999946594238)
EpochMetrics(epoch=41, total_rounds=221, total_fda_steps=5125, accuracy=0.98580002784729)
EpochMetrics(epoch=42, total_rounds=226, total_fda_steps=5250, accuracy=0.9860000014305115)
EpochMetrics(epoch=43, total_rounds=231, total_fda_steps=5375, accuracy=0.9860000014305115)
EpochMetrics(epoch=44, total_rounds=237, total_fda_steps=5500, accuracy=0.98580002784729)
EpochMetrics(epoch=45, total_rounds=241, total_fda_steps=5625, accuracy=0.9854999780654907)
EpochMetrics(epoch=46, total_rounds=247, total_fda_steps=5750, accuracy=0.9850999712944031)
EpochMetrics(epoch=47, total_rounds=252, total_fda_steps=5875, accuracy=0.9865000247955322)
EpochMetrics(epoch=48, total_rounds=257, total_fda_steps=6000, accuracy=0.98580002784729)
EpochMetrics(epoch=49, total_rounds=262, total_fda_steps=6125, accuracy=0.9851999878883362)
EpochMetrics(epoch=50, total_rounds=267, total_fda_steps=6250, accuracy=0.9861000180244446)
EpochMetrics(epoch=51, total_rounds=272, total_fda_steps=6375, accuracy=0.9857000112533569)
EpochMetrics(epoch=52, total_rounds=277, total_fda_steps=6500, accuracy=0.9855999946594238)
EpochMetrics(epoch=53, total_rounds=282, total_fda_steps=6625, accuracy=0.98580002784729)
EpochMetrics(epoch=54, total_rounds=287, total_fda_steps=6750, accuracy=0.986299991607666)
EpochMetrics(epoch=55, total_rounds=292, total_fda_steps=6875, accuracy=0.9864000082015991)
EpochMetrics(epoch=56, total_rounds=297, total_fda_steps=7000, accuracy=0.9865999817848206)
EpochMetrics(epoch=57, total_rounds=302, total_fda_steps=7125, accuracy=0.9868000149726868)
EpochMetrics(epoch=58, total_rounds=307, total_fda_steps=7250, accuracy=0.9864000082015991)
EpochMetrics(epoch=59, total_rounds=312, total_fda_steps=7375, accuracy=0.9868000149726868)
EpochMetrics(epoch=60, total_rounds=317, total_fda_steps=7500, accuracy=0.9866999983787537)
EpochMetrics(epoch=61, total_rounds=321, total_fda_steps=7625, accuracy=0.9858999848365784)
EpochMetrics(epoch=62, total_rounds=327, total_fda_steps=7750, accuracy=0.9868999719619751)
EpochMetrics(epoch=63, total_rounds=332, total_fda_steps=7875, accuracy=0.9860000014305115)
EpochMetrics(epoch=64, total_rounds=337, total_fda_steps=8000, accuracy=0.9861000180244446)
EpochMetrics(epoch=65, total_rounds=341, total_fda_steps=8125, accuracy=0.9868999719619751)
EpochMetrics(epoch=66, total_rounds=347, total_fda_steps=8250, accuracy=0.9865999817848206)
EpochMetrics(epoch=67, total_rounds=351, total_fda_steps=8375, accuracy=0.9865999817848206)
EpochMetrics(epoch=68, total_rounds=356, total_fda_steps=8500, accuracy=0.9872999787330627)
EpochMetrics(epoch=69, total_rounds=361, total_fda_steps=8625, accuracy=0.9865000247955322)
EpochMetrics(epoch=70, total_rounds=366, total_fda_steps=8750, accuracy=0.9872999787330627)
EpochMetrics(epoch=71, total_rounds=370, total_fda_steps=8875, accuracy=0.9872000217437744)
EpochMetrics(epoch=72, total_rounds=375, total_fda_steps=9000, accuracy=0.9858999848365784)
EpochMetrics(epoch=73, total_rounds=380, total_fda_steps=9125, accuracy=0.9869999885559082)
EpochMetrics(epoch=74, total_rounds=384, total_fda_steps=9250, accuracy=0.9871000051498413)
EpochMetrics(epoch=75, total_rounds=389, total_fda_steps=9375, accuracy=0.9866999983787537)
EpochMetrics(epoch=76, total_rounds=394, total_fda_steps=9500, accuracy=0.9869999885559082)
EpochMetrics(epoch=77, total_rounds=399, total_fda_steps=9625, accuracy=0.9865999817848206)
EpochMetrics(epoch=78, total_rounds=403, total_fda_steps=9750, accuracy=0.9865999817848206)
EpochMetrics(epoch=79, total_rounds=407, total_fda_steps=9875, accuracy=0.9864000082015991)
EpochMetrics(epoch=80, total_rounds=412, total_fda_steps=10000, accuracy=0.9865000247955322)
EpochMetrics(epoch=81, total_rounds=416, total_fda_steps=10125, accuracy=0.9868999719619751)
EpochMetrics(epoch=82, total_rounds=421, total_fda_steps=10250, accuracy=0.9871000051498413)
EpochMetrics(epoch=83, total_rounds=426, total_fda_steps=10375, accuracy=0.9871000051498413)
EpochMetrics(epoch=84, total_rounds=430, total_fda_steps=10500, accuracy=0.9872000217437744)
EpochMetrics(epoch=85, total_rounds=435, total_fda_steps=10625, accuracy=0.9872999787330627)
EpochMetrics(epoch=86, total_rounds=439, total_fda_steps=10750, accuracy=0.9876999855041504)
EpochMetrics(epoch=87, total_rounds=444, total_fda_steps=10875, accuracy=0.9876999855041504)
EpochMetrics(epoch=88, total_rounds=449, total_fda_steps=11000, accuracy=0.9865999817848206)
EpochMetrics(epoch=89, total_rounds=454, total_fda_steps=11125, accuracy=0.9868999719619751)
EpochMetrics(epoch=90, total_rounds=459, total_fda_steps=11250, accuracy=0.9868000149726868)
EpochMetrics(epoch=91, total_rounds=464, total_fda_steps=11375, accuracy=0.9868000149726868)
EpochMetrics(epoch=92, total_rounds=468, total_fda_steps=11500, accuracy=0.987500011920929)
EpochMetrics(epoch=93, total_rounds=473, total_fda_steps=11625, accuracy=0.9866999983787537)
EpochMetrics(epoch=94, total_rounds=477, total_fda_steps=11750, accuracy=0.9876000285148621)
EpochMetrics(epoch=95, total_rounds=481, total_fda_steps=11875, accuracy=0.9882000088691711)
EpochMetrics(epoch=96, total_rounds=486, total_fda_steps=12000, accuracy=0.9871000051498413)
EpochMetrics(epoch=97, total_rounds=491, total_fda_steps=12125, accuracy=0.9872999787330627)
EpochMetrics(epoch=98, total_rounds=494, total_fda_steps=12250, accuracy=0.9879999756813049)
EpochMetrics(epoch=99, total_rounds=500, total_fda_steps=12375, accuracy=0.9866999983787537)
EpochMetrics(epoch=100, total_rounds=505, total_fda_steps=12500, accuracy=0.9872999787330627)
EpochMetrics(epoch=101, total_rounds=510, total_fda_steps=12625, accuracy=0.9872999787330627)
EpochMetrics(epoch=102, total_rounds=515, total_fda_steps=12750, accuracy=0.987500011920929)
EpochMetrics(epoch=103, total_rounds=519, total_fda_steps=12875, accuracy=0.9868999719619751)
EpochMetrics(epoch=104, total_rounds=524, total_fda_steps=13000, accuracy=0.9879999756813049)
EpochMetrics(epoch=105, total_rounds=528, total_fda_steps=13125, accuracy=0.9872000217437744)
EpochMetrics(epoch=106, total_rounds=532, total_fda_steps=13250, accuracy=0.9869999885559082)
EpochMetrics(epoch=107, total_rounds=536, total_fda_steps=13375, accuracy=0.9872000217437744)
EpochMetrics(epoch=108, total_rounds=540, total_fda_steps=13500, accuracy=0.9876999855041504)
EpochMetrics(epoch=109, total_rounds=545, total_fda_steps=13625, accuracy=0.9873999953269958)
EpochMetrics(epoch=110, total_rounds=549, total_fda_steps=13750, accuracy=0.9883000254631042)
EpochMetrics(epoch=111, total_rounds=555, total_fda_steps=13875, accuracy=0.9872000217437744)
EpochMetrics(epoch=112, total_rounds=558, total_fda_steps=14000, accuracy=0.9879999756813049)
EpochMetrics(epoch=113, total_rounds=562, total_fda_steps=14125, accuracy=0.9876999855041504)
EpochMetrics(epoch=114, total_rounds=566, total_fda_steps=14250, accuracy=0.987500011920929)
EpochMetrics(epoch=115, total_rounds=571, total_fda_steps=14375, accuracy=0.9876999855041504)
EpochMetrics(epoch=116, total_rounds=575, total_fda_steps=14500, accuracy=0.9873999953269958)
EpochMetrics(epoch=117, total_rounds=580, total_fda_steps=14625, accuracy=0.9865999817848206)
EpochMetrics(epoch=118, total_rounds=584, total_fda_steps=14750, accuracy=0.9872000217437744)
EpochMetrics(epoch=119, total_rounds=588, total_fda_steps=14875, accuracy=0.9871000051498413)
EpochMetrics(epoch=120, total_rounds=592, total_fda_steps=15000, accuracy=0.9866999983787537)
EpochMetrics(epoch=121, total_rounds=595, total_fda_steps=15125, accuracy=0.9865999817848206)
EpochMetrics(epoch=122, total_rounds=600, total_fda_steps=15250, accuracy=0.9871000051498413)
EpochMetrics(epoch=123, total_rounds=604, total_fda_steps=15375, accuracy=0.9876999855041504)
EpochMetrics(epoch=124, total_rounds=609, total_fda_steps=15500, accuracy=0.9872000217437744)
EpochMetrics(epoch=125, total_rounds=614, total_fda_steps=15625, accuracy=0.9868000149726868)
EpochMetrics(epoch=126, total_rounds=619, total_fda_steps=15750, accuracy=0.987500011920929)
EpochMetrics(epoch=127, total_rounds=624, total_fda_steps=15875, accuracy=0.9868000149726868)
EpochMetrics(epoch=128, total_rounds=627, total_fda_steps=16000, accuracy=0.9869999885559082)
EpochMetrics(epoch=129, total_rounds=631, total_fda_steps=16125, accuracy=0.9871000051498413)
EpochMetrics(epoch=130, total_rounds=634, total_fda_steps=16250, accuracy=0.9872000217437744)
EpochMetrics(epoch=131, total_rounds=636, total_fda_steps=16375, accuracy=0.987500011920929)
EpochMetrics(epoch=132, total_rounds=642, total_fda_steps=16500, accuracy=0.9868000149726868)
EpochMetrics(epoch=133, total_rounds=648, total_fda_steps=16625, accuracy=0.9876000285148621)
EpochMetrics(epoch=134, total_rounds=654, total_fda_steps=16750, accuracy=0.9868999719619751)
EpochMetrics(epoch=135, total_rounds=659, total_fda_steps=16875, accuracy=0.9872999787330627)
EpochMetrics(epoch=136, total_rounds=663, total_fda_steps=17000, accuracy=0.9878000020980835)
EpochMetrics(epoch=137, total_rounds=666, total_fda_steps=17125, accuracy=0.9876999855041504)
EpochMetrics(epoch=138, total_rounds=671, total_fda_steps=17250, accuracy=0.9868999719619751)
EpochMetrics(epoch=139, total_rounds=674, total_fda_steps=17375, accuracy=0.9876999855041504)
EpochMetrics(epoch=140, total_rounds=676, total_fda_steps=17500, accuracy=0.9876000285148621)
EpochMetrics(epoch=141, total_rounds=680, total_fda_steps=17625, accuracy=0.9872999787330627)
EpochMetrics(epoch=142, total_rounds=682, total_fda_steps=17750, accuracy=0.9882000088691711)
EpochMetrics(epoch=143, total_rounds=688, total_fda_steps=17875, accuracy=0.9873999953269958)
EpochMetrics(epoch=144, total_rounds=692, total_fda_steps=18000, accuracy=0.9869999885559082)
EpochMetrics(epoch=145, total_rounds=696, total_fda_steps=18125, accuracy=0.9876999855041504)
EpochMetrics(epoch=146, total_rounds=700, total_fda_steps=18250, accuracy=0.9871000051498413)
EpochMetrics(epoch=147, total_rounds=706, total_fda_steps=18375, accuracy=0.987500011920929)
EpochMetrics(epoch=148, total_rounds=712, total_fda_steps=18500, accuracy=0.9876000285148621)
EpochMetrics(epoch=149, total_rounds=719, total_fda_steps=18625, accuracy=0.9873999953269958)
EpochMetrics(epoch=150, total_rounds=723, total_fda_steps=18750, accuracy=0.9879999756813049)
EpochMetrics(epoch=151, total_rounds=727, total_fda_steps=18875, accuracy=0.9872000217437744)
EpochMetrics(epoch=152, total_rounds=732, total_fda_steps=19000, accuracy=0.9879000186920166)
EpochMetrics(epoch=153, total_rounds=735, total_fda_steps=19125, accuracy=0.9879999756813049)
EpochMetrics(epoch=154, total_rounds=737, total_fda_steps=19250, accuracy=0.9876000285148621)
EpochMetrics(epoch=155, total_rounds=743, total_fda_steps=19375, accuracy=0.9878000020980835)
EpochMetrics(epoch=156, total_rounds=746, total_fda_steps=19500, accuracy=0.9882000088691711)
EpochMetrics(epoch=157, total_rounds=751, total_fda_steps=19625, accuracy=0.9876999855041504)
EpochMetrics(epoch=158, total_rounds=753, total_fda_steps=19750, accuracy=0.9876000285148621)
EpochMetrics(epoch=159, total_rounds=756, total_fda_steps=19875, accuracy=0.9872000217437744)
EpochMetrics(epoch=160, total_rounds=761, total_fda_steps=20000, accuracy=0.9872000217437744)
EpochMetrics(epoch=161, total_rounds=766, total_fda_steps=20125, accuracy=0.9873999953269958)
EpochMetrics(epoch=162, total_rounds=771, total_fda_steps=20250, accuracy=0.9872000217437744)
EpochMetrics(epoch=163, total_rounds=776, total_fda_steps=20375, accuracy=0.9873999953269958)
EpochMetrics(epoch=164, total_rounds=780, total_fda_steps=20500, accuracy=0.987500011920929)
EpochMetrics(epoch=165, total_rounds=785, total_fda_steps=20625, accuracy=0.9879999756813049)
EpochMetrics(epoch=166, total_rounds=788, total_fda_steps=20750, accuracy=0.9876999855041504)
EpochMetrics(epoch=167, total_rounds=791, total_fda_steps=20875, accuracy=0.9879000186920166)
EpochMetrics(epoch=168, total_rounds=795, total_fda_steps=21000, accuracy=0.9876000285148621)
EpochMetrics(epoch=169, total_rounds=799, total_fda_steps=21125, accuracy=0.9872999787330627)
EpochMetrics(epoch=170, total_rounds=803, total_fda_steps=21250, accuracy=0.9871000051498413)
EpochMetrics(epoch=171, total_rounds=806, total_fda_steps=21375, accuracy=0.9872999787330627)
EpochMetrics(epoch=172, total_rounds=809, total_fda_steps=21500, accuracy=0.9871000051498413)
EpochMetrics(epoch=173, total_rounds=812, total_fda_steps=21625, accuracy=0.9869999885559082)
EpochMetrics(epoch=174, total_rounds=817, total_fda_steps=21750, accuracy=0.9866999983787537)
EpochMetrics(epoch=175, total_rounds=821, total_fda_steps=21875, accuracy=0.9872999787330627)
EpochMetrics(epoch=176, total_rounds=826, total_fda_steps=22000, accuracy=0.9872999787330627)
EpochMetrics(epoch=177, total_rounds=828, total_fda_steps=22125, accuracy=0.9879999756813049)
EpochMetrics(epoch=178, total_rounds=831, total_fda_steps=22250, accuracy=0.9879999756813049)
EpochMetrics(epoch=179, total_rounds=835, total_fda_steps=22375, accuracy=0.9872000217437744)
EpochMetrics(epoch=180, total_rounds=837, total_fda_steps=22500, accuracy=0.9872999787330627)
EpochMetrics(epoch=181, total_rounds=842, total_fda_steps=22625, accuracy=0.9878000020980835)
EpochMetrics(epoch=182, total_rounds=847, total_fda_steps=22750, accuracy=0.9872999787330627)
EpochMetrics(epoch=183, total_rounds=851, total_fda_steps=22875, accuracy=0.9873999953269958)
EpochMetrics(epoch=184, total_rounds=856, total_fda_steps=23000, accuracy=0.987500011920929)
EpochMetrics(epoch=185, total_rounds=862, total_fda_steps=23125, accuracy=0.9872999787330627)
EpochMetrics(epoch=186, total_rounds=867, total_fda_steps=23250, accuracy=0.9872999787330627)
EpochMetrics(epoch=187, total_rounds=871, total_fda_steps=23375, accuracy=0.9876999855041504)
EpochMetrics(epoch=188, total_rounds=873, total_fda_steps=23500, accuracy=0.9876000285148621)
EpochMetrics(epoch=189, total_rounds=874, total_fda_steps=23625, accuracy=0.9872000217437744)
EpochMetrics(epoch=190, total_rounds=878, total_fda_steps=23750, accuracy=0.9872999787330627)
EpochMetrics(epoch=191, total_rounds=880, total_fda_steps=23875, accuracy=0.9873999953269958)
EpochMetrics(epoch=192, total_rounds=883, total_fda_steps=24000, accuracy=0.9876000285148621)
EpochMetrics(epoch=193, total_rounds=886, total_fda_steps=24125, accuracy=0.987500011920929)
EpochMetrics(epoch=194, total_rounds=889, total_fda_steps=24250, accuracy=0.9879000186920166)
EpochMetrics(epoch=195, total_rounds=894, total_fda_steps=24375, accuracy=0.9882000088691711)
EpochMetrics(epoch=196, total_rounds=897, total_fda_steps=24500, accuracy=0.9873999953269958)
EpochMetrics(epoch=197, total_rounds=900, total_fda_steps=24625, accuracy=0.9882000088691711)
EpochMetrics(epoch=198, total_rounds=904, total_fda_steps=24750, accuracy=0.9878000020980835)
EpochMetrics(epoch=199, total_rounds=909, total_fda_steps=24875, accuracy=0.9868999719619751)
EpochMetrics(epoch=200, total_rounds=912, total_fda_steps=25000, accuracy=0.9868999719619751)
EpochMetrics(epoch=201, total_rounds=915, total_fda_steps=25125, accuracy=0.9871000051498413)
EpochMetrics(epoch=202, total_rounds=921, total_fda_steps=25250, accuracy=0.987500011920929)
EpochMetrics(epoch=203, total_rounds=924, total_fda_steps=25375, accuracy=0.9868999719619751)
EpochMetrics(epoch=204, total_rounds=929, total_fda_steps=25500, accuracy=0.9869999885559082)
EpochMetrics(epoch=205, total_rounds=934, total_fda_steps=25625, accuracy=0.9868000149726868)
EpochMetrics(epoch=206, total_rounds=937, total_fda_steps=25750, accuracy=0.9879000186920166)
EpochMetrics(epoch=207, total_rounds=942, total_fda_steps=25875, accuracy=0.9876999855041504)
EpochMetrics(epoch=208, total_rounds=946, total_fda_steps=26000, accuracy=0.9872000217437744)
EpochMetrics(epoch=209, total_rounds=950, total_fda_steps=26125, accuracy=0.9876000285148621)
EpochMetrics(epoch=210, total_rounds=955, total_fda_steps=26250, accuracy=0.9879999756813049)
EpochMetrics(epoch=211, total_rounds=959, total_fda_steps=26375, accuracy=0.9879999756813049)
EpochMetrics(epoch=212, total_rounds=962, total_fda_steps=26500, accuracy=0.988099992275238)
EpochMetrics(epoch=213, total_rounds=966, total_fda_steps=26625, accuracy=0.9872999787330627)
EpochMetrics(epoch=214, total_rounds=971, total_fda_steps=26750, accuracy=0.9871000051498413)
EpochMetrics(epoch=215, total_rounds=977, total_fda_steps=26875, accuracy=0.9876000285148621)
EpochMetrics(epoch=216, total_rounds=979, total_fda_steps=27000, accuracy=0.987500011920929)
EpochMetrics(epoch=217, total_rounds=981, total_fda_steps=27125, accuracy=0.9878000020980835)
EpochMetrics(epoch=218, total_rounds=984, total_fda_steps=27250, accuracy=0.9873999953269958)
EpochMetrics(epoch=219, total_rounds=990, total_fda_steps=27375, accuracy=0.9873999953269958)
EpochMetrics(epoch=220, total_rounds=994, total_fda_steps=27500, accuracy=0.9878000020980835)
EpochMetrics(epoch=221, total_rounds=998, total_fda_steps=27625, accuracy=0.9876000285148621)
EpochMetrics(epoch=222, total_rounds=1000, total_fda_steps=27750, accuracy=0.9871000051498413)
EpochMetrics(epoch=223, total_rounds=1003, total_fda_steps=27875, accuracy=0.9879000186920166)
EpochMetrics(epoch=224, total_rounds=1006, total_fda_steps=28000, accuracy=0.9872000217437744)
EpochMetrics(epoch=225, total_rounds=1011, total_fda_steps=28125, accuracy=0.9876999855041504)
EpochMetrics(epoch=226, total_rounds=1016, total_fda_steps=28250, accuracy=0.9872000217437744)
EpochMetrics(epoch=227, total_rounds=1021, total_fda_steps=28375, accuracy=0.9876000285148621)
EpochMetrics(epoch=228, total_rounds=1025, total_fda_steps=28500, accuracy=0.9873999953269958)
EpochMetrics(epoch=229, total_rounds=1030, total_fda_steps=28625, accuracy=0.9868000149726868)
EpochMetrics(epoch=230, total_rounds=1035, total_fda_steps=28750, accuracy=0.9868999719619751)
EpochMetrics(epoch=231, total_rounds=1040, total_fda_steps=28875, accuracy=0.9868000149726868)
EpochMetrics(epoch=232, total_rounds=1046, total_fda_steps=29000, accuracy=0.9869999885559082)
EpochMetrics(epoch=233, total_rounds=1049, total_fda_steps=29125, accuracy=0.9872999787330627)
EpochMetrics(epoch=234, total_rounds=1051, total_fda_steps=29250, accuracy=0.9872000217437744)
EpochMetrics(epoch=235, total_rounds=1054, total_fda_steps=29375, accuracy=0.9865000247955322)
EpochMetrics(epoch=236, total_rounds=1055, total_fda_steps=29500, accuracy=0.9869999885559082)
EpochMetrics(epoch=237, total_rounds=1056, total_fda_steps=29625, accuracy=0.9869999885559082)
EpochMetrics(epoch=238, total_rounds=1057, total_fda_steps=29750, accuracy=0.9865000247955322)
EpochMetrics(epoch=239, total_rounds=1059, total_fda_steps=29875, accuracy=0.9861999750137329)
EpochMetrics(epoch=240, total_rounds=1062, total_fda_steps=30000, accuracy=0.9861000180244446)
EpochMetrics(epoch=241, total_rounds=1066, total_fda_steps=30125, accuracy=0.9868999719619751)
EpochMetrics(epoch=242, total_rounds=1069, total_fda_steps=30250, accuracy=0.987500011920929)
EpochMetrics(epoch=243, total_rounds=1070, total_fda_steps=30375, accuracy=0.9868000149726868)
EpochMetrics(epoch=244, total_rounds=1075, total_fda_steps=30500, accuracy=0.9866999983787537)
EpochMetrics(epoch=245, total_rounds=1079, total_fda_steps=30625, accuracy=0.9872999787330627)
EpochMetrics(epoch=246, total_rounds=1081, total_fda_steps=30750, accuracy=0.9868999719619751)
EpochMetrics(epoch=247, total_rounds=1083, total_fda_steps=30875, accuracy=0.9872000217437744)
EpochMetrics(epoch=248, total_rounds=1085, total_fda_steps=31000, accuracy=0.9871000051498413)
EpochMetrics(epoch=249, total_rounds=1085, total_fda_steps=31125, accuracy=0.9871000051498413)
EpochMetrics(epoch=250, total_rounds=1085, total_fda_steps=31250, accuracy=0.9871000051498413)
EpochMetrics(epoch=251, total_rounds=1088, total_fda_steps=31375, accuracy=0.9871000051498413)
EpochMetrics(epoch=252, total_rounds=1091, total_fda_steps=31500, accuracy=0.9866999983787537)
EpochMetrics(epoch=253, total_rounds=1094, total_fda_steps=31625, accuracy=0.9868999719619751)
EpochMetrics(epoch=254, total_rounds=1101, total_fda_steps=31750, accuracy=0.9868000149726868)
EpochMetrics(epoch=255, total_rounds=1110, total_fda_steps=31875, accuracy=0.9864000082015991)
EpochMetrics(epoch=256, total_rounds=1117, total_fda_steps=32000, accuracy=0.9861999750137329)
EpochMetrics(epoch=257, total_rounds=1120, total_fda_steps=32125, accuracy=0.9866999983787537)
EpochMetrics(epoch=258, total_rounds=1123, total_fda_steps=32250, accuracy=0.9865999817848206)
EpochMetrics(epoch=259, total_rounds=1126, total_fda_steps=32375, accuracy=0.9861999750137329)
EpochMetrics(epoch=260, total_rounds=1130, total_fda_steps=32500, accuracy=0.9868000149726868)
EpochMetrics(epoch=261, total_rounds=1132, total_fda_steps=32625, accuracy=0.9865999817848206)
EpochMetrics(epoch=262, total_rounds=1136, total_fda_steps=32750, accuracy=0.9864000082015991)
EpochMetrics(epoch=263, total_rounds=1138, total_fda_steps=32875, accuracy=0.9865999817848206)
EpochMetrics(epoch=264, total_rounds=1138, total_fda_steps=33000, accuracy=0.9869999885559082)
EpochMetrics(epoch=265, total_rounds=1143, total_fda_steps=33125, accuracy=0.9866999983787537)
EpochMetrics(epoch=266, total_rounds=1147, total_fda_steps=33250, accuracy=0.9869999885559082)
EpochMetrics(epoch=267, total_rounds=1151, total_fda_steps=33375, accuracy=0.9864000082015991)
EpochMetrics(epoch=268, total_rounds=1153, total_fda_steps=33500, accuracy=0.9871000051498413)
EpochMetrics(epoch=269, total_rounds=1155, total_fda_steps=33625, accuracy=0.9872000217437744)
EpochMetrics(epoch=270, total_rounds=1157, total_fda_steps=33750, accuracy=0.9872999787330627)
EpochMetrics(epoch=271, total_rounds=1160, total_fda_steps=33875, accuracy=0.9876999855041504)
EpochMetrics(epoch=272, total_rounds=1164, total_fda_steps=34000, accuracy=0.9872000217437744)
EpochMetrics(epoch=273, total_rounds=1168, total_fda_steps=34125, accuracy=0.9868999719619751)
EpochMetrics(epoch=274, total_rounds=1172, total_fda_steps=34250, accuracy=0.9866999983787537)
EpochMetrics(epoch=275, total_rounds=1175, total_fda_steps=34375, accuracy=0.9871000051498413)
EpochMetrics(epoch=276, total_rounds=1179, total_fda_steps=34500, accuracy=0.9866999983787537)
EpochMetrics(epoch=277, total_rounds=1184, total_fda_steps=34625, accuracy=0.9868000149726868)
EpochMetrics(epoch=278, total_rounds=1188, total_fda_steps=34750, accuracy=0.9869999885559082)
EpochMetrics(epoch=279, total_rounds=1194, total_fda_steps=34875, accuracy=0.9871000051498413)
EpochMetrics(epoch=280, total_rounds=1195, total_fda_steps=35000, accuracy=0.9869999885559082)
EpochMetrics(epoch=281, total_rounds=1196, total_fda_steps=35125, accuracy=0.9873999953269958)
EpochMetrics(epoch=282, total_rounds=1197, total_fda_steps=35250, accuracy=0.987500011920929)
EpochMetrics(epoch=283, total_rounds=1200, total_fda_steps=35375, accuracy=0.9872000217437744)
EpochMetrics(epoch=284, total_rounds=1203, total_fda_steps=35500, accuracy=0.9866999983787537)
EpochMetrics(epoch=285, total_rounds=1203, total_fda_steps=35625, accuracy=0.9866999983787537)
EpochMetrics(epoch=286, total_rounds=1204, total_fda_steps=35750, accuracy=0.9868999719619751)
EpochMetrics(epoch=287, total_rounds=1204, total_fda_steps=35875, accuracy=0.9872000217437744)
EpochMetrics(epoch=288, total_rounds=1205, total_fda_steps=36000, accuracy=0.9871000051498413)
EpochMetrics(epoch=289, total_rounds=1207, total_fda_steps=36125, accuracy=0.9872000217437744)
EpochMetrics(epoch=290, total_rounds=1208, total_fda_steps=36250, accuracy=0.9872999787330627)
EpochMetrics(epoch=291, total_rounds=1212, total_fda_steps=36375, accuracy=0.9866999983787537)
EpochMetrics(epoch=292, total_rounds=1218, total_fda_steps=36500, accuracy=0.9869999885559082)
EpochMetrics(epoch=293, total_rounds=1222, total_fda_steps=36625, accuracy=0.9871000051498413)
EpochMetrics(epoch=294, total_rounds=1228, total_fda_steps=36750, accuracy=0.9865999817848206)
EpochMetrics(epoch=295, total_rounds=1236, total_fda_steps=36875, accuracy=0.9873999953269958)
EpochMetrics(epoch=296, total_rounds=1244, total_fda_steps=37000, accuracy=0.9869999885559082)
EpochMetrics(epoch=297, total_rounds=1249, total_fda_steps=37125, accuracy=0.9872999787330627)
EpochMetrics(epoch=298, total_rounds=1250, total_fda_steps=37250, accuracy=0.9868999719619751)
EpochMetrics(epoch=299, total_rounds=1251, total_fda_steps=37375, accuracy=0.9869999885559082)
EpochMetrics(epoch=300, total_rounds=1251, total_fda_steps=37500, accuracy=0.9872999787330627)
EpochMetrics(epoch=301, total_rounds=1254, total_fda_steps=37625, accuracy=0.987500011920929)
EpochMetrics(epoch=302, total_rounds=1259, total_fda_steps=37750, accuracy=0.9878000020980835)
EpochMetrics(epoch=303, total_rounds=1260, total_fda_steps=37875, accuracy=0.9876999855041504)
EpochMetrics(epoch=304, total_rounds=1264, total_fda_steps=38000, accuracy=0.9882000088691711)
EpochMetrics(epoch=305, total_rounds=1267, total_fda_steps=38125, accuracy=0.9873999953269958)
EpochMetrics(epoch=306, total_rounds=1271, total_fda_steps=38250, accuracy=0.9872000217437744)
EpochMetrics(epoch=307, total_rounds=1273, total_fda_steps=38375, accuracy=0.9873999953269958)
EpochMetrics(epoch=308, total_rounds=1274, total_fda_steps=38500, accuracy=0.9873999953269958)
EpochMetrics(epoch=309, total_rounds=1275, total_fda_steps=38625, accuracy=0.9872999787330627)
EpochMetrics(epoch=310, total_rounds=1277, total_fda_steps=38750, accuracy=0.9872999787330627)
EpochMetrics(epoch=311, total_rounds=1279, total_fda_steps=38875, accuracy=0.987500011920929)
EpochMetrics(epoch=312, total_rounds=1282, total_fda_steps=39000, accuracy=0.9868000149726868)
EpochMetrics(epoch=313, total_rounds=1282, total_fda_steps=39125, accuracy=0.9868000149726868)
EpochMetrics(epoch=314, total_rounds=1282, total_fda_steps=39250, accuracy=0.9868999719619751)
EpochMetrics(epoch=315, total_rounds=1282, total_fda_steps=39375, accuracy=0.9868999719619751)
EpochMetrics(epoch=316, total_rounds=1282, total_fda_steps=39500, accuracy=0.9871000051498413)
EpochMetrics(epoch=317, total_rounds=1285, total_fda_steps=39625, accuracy=0.987500011920929)
EpochMetrics(epoch=318, total_rounds=1292, total_fda_steps=39750, accuracy=0.9868000149726868)
EpochMetrics(epoch=319, total_rounds=1298, total_fda_steps=39875, accuracy=0.9868999719619751)
EpochMetrics(epoch=320, total_rounds=1303, total_fda_steps=40000, accuracy=0.9864000082015991)
EpochMetrics(epoch=321, total_rounds=1308, total_fda_steps=40125, accuracy=0.9869999885559082)
EpochMetrics(epoch=322, total_rounds=1313, total_fda_steps=40250, accuracy=0.9866999983787537)
EpochMetrics(epoch=323, total_rounds=1320, total_fda_steps=40375, accuracy=0.9868000149726868)
EpochMetrics(epoch=324, total_rounds=1324, total_fda_steps=40500, accuracy=0.9868999719619751)
EpochMetrics(epoch=325, total_rounds=1325, total_fda_steps=40625, accuracy=0.9865999817848206)
EpochMetrics(epoch=326, total_rounds=1330, total_fda_steps=40750, accuracy=0.9865000247955322)
EpochMetrics(epoch=327, total_rounds=1335, total_fda_steps=40875, accuracy=0.9871000051498413)
EpochMetrics(epoch=328, total_rounds=1338, total_fda_steps=41000, accuracy=0.9872999787330627)
EpochMetrics(epoch=329, total_rounds=1340, total_fda_steps=41125, accuracy=0.9865999817848206)
EpochMetrics(epoch=330, total_rounds=1343, total_fda_steps=41250, accuracy=0.9864000082015991)
EpochMetrics(epoch=331, total_rounds=1346, total_fda_steps=41375, accuracy=0.986299991607666)
EpochMetrics(epoch=332, total_rounds=1348, total_fda_steps=41500, accuracy=0.9865000247955322)
EpochMetrics(epoch=333, total_rounds=1349, total_fda_steps=41625, accuracy=0.9865999817848206)
EpochMetrics(epoch=334, total_rounds=1350, total_fda_steps=41750, accuracy=0.9865999817848206)
EpochMetrics(epoch=335, total_rounds=1354, total_fda_steps=41875, accuracy=0.986299991607666)
EpochMetrics(epoch=336, total_rounds=1357, total_fda_steps=42000, accuracy=0.9861000180244446)
EpochMetrics(epoch=337, total_rounds=1359, total_fda_steps=42125, accuracy=0.9865000247955322)
EpochMetrics(epoch=338, total_rounds=1359, total_fda_steps=42250, accuracy=0.9866999983787537)
EpochMetrics(epoch=339, total_rounds=1365, total_fda_steps=42375, accuracy=0.9865000247955322)
EpochMetrics(epoch=340, total_rounds=1369, total_fda_steps=42500, accuracy=0.9872000217437744)
EpochMetrics(epoch=341, total_rounds=1375, total_fda_steps=42625, accuracy=0.9879999756813049)
EpochMetrics(epoch=342, total_rounds=1379, total_fda_steps=42750, accuracy=0.9879000186920166)
EpochMetrics(epoch=343, total_rounds=1382, total_fda_steps=42875, accuracy=0.9876000285148621)
EpochMetrics(epoch=344, total_rounds=1387, total_fda_steps=43000, accuracy=0.9872000217437744)
EpochMetrics(epoch=345, total_rounds=1393, total_fda_steps=43125, accuracy=0.9865999817848206)
EpochMetrics(epoch=346, total_rounds=1397, total_fda_steps=43250, accuracy=0.9869999885559082)
EpochMetrics(epoch=347, total_rounds=1398, total_fda_steps=43375, accuracy=0.9873999953269958)
EpochMetrics(epoch=348, total_rounds=1400, total_fda_steps=43500, accuracy=0.9873999953269958)
EpochMetrics(epoch=349, total_rounds=1405, total_fda_steps=43625, accuracy=0.987500011920929)
EpochMetrics(epoch=350, total_rounds=1406, total_fda_steps=43750, accuracy=0.9873999953269958)

------------ Finished Testing : ------------
NN name : LeNet-5
FDA name : sketch
Num Clients : 15
Batch size : 32
Num Epochs : 350
Number of steps until we check RTC : 1
Theta : 0.5
Total simulation time: 89024.81899118423 sec
-----------------------------------------

