Num GPUs Available:  1

------------ Current Test : ------------
NN name : LeNet-5
FDA name : linear
Num Clients : 50
Batch size : 32
Num Epochs : 350
Number of steps until we check RTC : 1
Theta : 0.5
-----------------------------------------

EpochMetrics(epoch=1, total_rounds=4, total_fda_steps=38, accuracy=0.8500999808311462)
EpochMetrics(epoch=2, total_rounds=7, total_fda_steps=75, accuracy=0.8852999806404114)
EpochMetrics(epoch=3, total_rounds=9, total_fda_steps=113, accuracy=0.8986999988555908)
EpochMetrics(epoch=4, total_rounds=11, total_fda_steps=150, accuracy=0.909500002861023)
EpochMetrics(epoch=5, total_rounds=13, total_fda_steps=188, accuracy=0.9154999852180481)
EpochMetrics(epoch=6, total_rounds=16, total_fda_steps=225, accuracy=0.9218000173568726)
EpochMetrics(epoch=7, total_rounds=18, total_fda_steps=263, accuracy=0.9264000058174133)
EpochMetrics(epoch=8, total_rounds=20, total_fda_steps=300, accuracy=0.929099977016449)
EpochMetrics(epoch=9, total_rounds=22, total_fda_steps=338, accuracy=0.9330000281333923)
EpochMetrics(epoch=10, total_rounds=24, total_fda_steps=375, accuracy=0.9372000098228455)
EpochMetrics(epoch=11, total_rounds=26, total_fda_steps=413, accuracy=0.9402999877929688)
EpochMetrics(epoch=12, total_rounds=28, total_fda_steps=450, accuracy=0.9435999989509583)
EpochMetrics(epoch=13, total_rounds=30, total_fda_steps=488, accuracy=0.9460999965667725)
EpochMetrics(epoch=14, total_rounds=32, total_fda_steps=525, accuracy=0.9473999738693237)
EpochMetrics(epoch=15, total_rounds=34, total_fda_steps=563, accuracy=0.9502000212669373)
EpochMetrics(epoch=16, total_rounds=36, total_fda_steps=600, accuracy=0.9517999887466431)
EpochMetrics(epoch=17, total_rounds=39, total_fda_steps=638, accuracy=0.9524999856948853)
EpochMetrics(epoch=18, total_rounds=41, total_fda_steps=675, accuracy=0.954800009727478)
EpochMetrics(epoch=19, total_rounds=43, total_fda_steps=713, accuracy=0.95660001039505)
EpochMetrics(epoch=20, total_rounds=45, total_fda_steps=750, accuracy=0.9571999907493591)
EpochMetrics(epoch=21, total_rounds=47, total_fda_steps=788, accuracy=0.9603999853134155)
EpochMetrics(epoch=22, total_rounds=49, total_fda_steps=825, accuracy=0.9614999890327454)
EpochMetrics(epoch=23, total_rounds=51, total_fda_steps=863, accuracy=0.9627000093460083)
EpochMetrics(epoch=24, total_rounds=53, total_fda_steps=900, accuracy=0.963699996471405)
EpochMetrics(epoch=25, total_rounds=55, total_fda_steps=938, accuracy=0.9643999934196472)
EpochMetrics(epoch=26, total_rounds=57, total_fda_steps=975, accuracy=0.9656000137329102)
EpochMetrics(epoch=27, total_rounds=58, total_fda_steps=1013, accuracy=0.9660000205039978)
EpochMetrics(epoch=28, total_rounds=60, total_fda_steps=1050, accuracy=0.9674000144004822)
EpochMetrics(epoch=29, total_rounds=62, total_fda_steps=1088, accuracy=0.9674999713897705)
EpochMetrics(epoch=30, total_rounds=64, total_fda_steps=1125, accuracy=0.9696000218391418)
EpochMetrics(epoch=31, total_rounds=66, total_fda_steps=1163, accuracy=0.9692000150680542)
EpochMetrics(epoch=32, total_rounds=68, total_fda_steps=1200, accuracy=0.9702000021934509)
EpochMetrics(epoch=33, total_rounds=70, total_fda_steps=1238, accuracy=0.9706000089645386)
EpochMetrics(epoch=34, total_rounds=72, total_fda_steps=1275, accuracy=0.9710999727249146)
EpochMetrics(epoch=35, total_rounds=74, total_fda_steps=1313, accuracy=0.9715999960899353)
EpochMetrics(epoch=36, total_rounds=76, total_fda_steps=1350, accuracy=0.972100019454956)
EpochMetrics(epoch=37, total_rounds=78, total_fda_steps=1388, accuracy=0.9732000231742859)
EpochMetrics(epoch=38, total_rounds=80, total_fda_steps=1425, accuracy=0.9717000126838684)
EpochMetrics(epoch=39, total_rounds=82, total_fda_steps=1463, accuracy=0.9732000231742859)
EpochMetrics(epoch=40, total_rounds=83, total_fda_steps=1500, accuracy=0.9732000231742859)
EpochMetrics(epoch=41, total_rounds=85, total_fda_steps=1538, accuracy=0.9745000004768372)
EpochMetrics(epoch=42, total_rounds=87, total_fda_steps=1575, accuracy=0.9746999740600586)
EpochMetrics(epoch=43, total_rounds=89, total_fda_steps=1613, accuracy=0.9754999876022339)
EpochMetrics(epoch=44, total_rounds=91, total_fda_steps=1650, accuracy=0.9749000072479248)
EpochMetrics(epoch=45, total_rounds=93, total_fda_steps=1688, accuracy=0.9761999845504761)
EpochMetrics(epoch=46, total_rounds=95, total_fda_steps=1725, accuracy=0.9771999716758728)
EpochMetrics(epoch=47, total_rounds=97, total_fda_steps=1763, accuracy=0.9767000079154968)
EpochMetrics(epoch=48, total_rounds=98, total_fda_steps=1800, accuracy=0.9775000214576721)
EpochMetrics(epoch=49, total_rounds=100, total_fda_steps=1838, accuracy=0.9779000282287598)
EpochMetrics(epoch=50, total_rounds=102, total_fda_steps=1875, accuracy=0.9779999852180481)
EpochMetrics(epoch=51, total_rounds=104, total_fda_steps=1913, accuracy=0.978600025177002)
EpochMetrics(epoch=52, total_rounds=106, total_fda_steps=1950, accuracy=0.9786999821662903)
EpochMetrics(epoch=53, total_rounds=107, total_fda_steps=1988, accuracy=0.9793000221252441)
EpochMetrics(epoch=54, total_rounds=109, total_fda_steps=2025, accuracy=0.9793000221252441)
EpochMetrics(epoch=55, total_rounds=111, total_fda_steps=2063, accuracy=0.9793999791145325)
EpochMetrics(epoch=56, total_rounds=113, total_fda_steps=2100, accuracy=0.9799000024795532)
EpochMetrics(epoch=57, total_rounds=115, total_fda_steps=2138, accuracy=0.9800999760627747)
EpochMetrics(epoch=58, total_rounds=117, total_fda_steps=2175, accuracy=0.9803000092506409)
EpochMetrics(epoch=59, total_rounds=118, total_fda_steps=2213, accuracy=0.9801999926567078)
EpochMetrics(epoch=60, total_rounds=120, total_fda_steps=2250, accuracy=0.9807000160217285)
EpochMetrics(epoch=61, total_rounds=122, total_fda_steps=2288, accuracy=0.9811000227928162)
EpochMetrics(epoch=62, total_rounds=124, total_fda_steps=2325, accuracy=0.9815999865531921)
EpochMetrics(epoch=63, total_rounds=126, total_fda_steps=2363, accuracy=0.9815000295639038)
EpochMetrics(epoch=64, total_rounds=128, total_fda_steps=2400, accuracy=0.9811999797821045)
EpochMetrics(epoch=65, total_rounds=129, total_fda_steps=2438, accuracy=0.9815000295639038)
EpochMetrics(epoch=66, total_rounds=131, total_fda_steps=2475, accuracy=0.9818999767303467)
EpochMetrics(epoch=67, total_rounds=133, total_fda_steps=2513, accuracy=0.9822999835014343)
EpochMetrics(epoch=68, total_rounds=135, total_fda_steps=2550, accuracy=0.9822999835014343)
EpochMetrics(epoch=69, total_rounds=137, total_fda_steps=2588, accuracy=0.9825000166893005)
EpochMetrics(epoch=70, total_rounds=138, total_fda_steps=2625, accuracy=0.9824000000953674)
EpochMetrics(epoch=71, total_rounds=140, total_fda_steps=2663, accuracy=0.982699990272522)
EpochMetrics(epoch=72, total_rounds=142, total_fda_steps=2700, accuracy=0.9825000166893005)
EpochMetrics(epoch=73, total_rounds=144, total_fda_steps=2738, accuracy=0.9829999804496765)
EpochMetrics(epoch=74, total_rounds=146, total_fda_steps=2775, accuracy=0.9825000166893005)
EpochMetrics(epoch=75, total_rounds=147, total_fda_steps=2813, accuracy=0.9824000000953674)
EpochMetrics(epoch=76, total_rounds=149, total_fda_steps=2850, accuracy=0.9825000166893005)
EpochMetrics(epoch=77, total_rounds=151, total_fda_steps=2888, accuracy=0.9828000068664551)
EpochMetrics(epoch=78, total_rounds=153, total_fda_steps=2925, accuracy=0.9829999804496765)
EpochMetrics(epoch=79, total_rounds=154, total_fda_steps=2963, accuracy=0.9829999804496765)
EpochMetrics(epoch=80, total_rounds=156, total_fda_steps=3000, accuracy=0.9828000068664551)
EpochMetrics(epoch=81, total_rounds=158, total_fda_steps=3038, accuracy=0.9830999970436096)
EpochMetrics(epoch=82, total_rounds=160, total_fda_steps=3075, accuracy=0.9836000204086304)
EpochMetrics(epoch=83, total_rounds=161, total_fda_steps=3113, accuracy=0.9833999872207642)
EpochMetrics(epoch=84, total_rounds=163, total_fda_steps=3150, accuracy=0.9837999939918518)
EpochMetrics(epoch=85, total_rounds=165, total_fda_steps=3188, accuracy=0.9837999939918518)
EpochMetrics(epoch=86, total_rounds=167, total_fda_steps=3225, accuracy=0.9840999841690063)
EpochMetrics(epoch=87, total_rounds=168, total_fda_steps=3263, accuracy=0.9840999841690063)
EpochMetrics(epoch=88, total_rounds=170, total_fda_steps=3300, accuracy=0.9839000105857849)
EpochMetrics(epoch=89, total_rounds=172, total_fda_steps=3338, accuracy=0.9836999773979187)
EpochMetrics(epoch=90, total_rounds=174, total_fda_steps=3375, accuracy=0.9842000007629395)
EpochMetrics(epoch=91, total_rounds=175, total_fda_steps=3413, accuracy=0.9846000075340271)
EpochMetrics(epoch=92, total_rounds=177, total_fda_steps=3450, accuracy=0.984499990940094)
EpochMetrics(epoch=93, total_rounds=179, total_fda_steps=3488, accuracy=0.9840999841690063)
EpochMetrics(epoch=94, total_rounds=181, total_fda_steps=3525, accuracy=0.9846000075340271)
EpochMetrics(epoch=95, total_rounds=182, total_fda_steps=3563, accuracy=0.9843999743461609)
EpochMetrics(epoch=96, total_rounds=184, total_fda_steps=3600, accuracy=0.9850999712944031)
EpochMetrics(epoch=97, total_rounds=186, total_fda_steps=3638, accuracy=0.9851999878883362)
EpochMetrics(epoch=98, total_rounds=187, total_fda_steps=3675, accuracy=0.9848999977111816)
EpochMetrics(epoch=99, total_rounds=189, total_fda_steps=3713, accuracy=0.9861999750137329)
EpochMetrics(epoch=100, total_rounds=191, total_fda_steps=3750, accuracy=0.9857000112533569)
EpochMetrics(epoch=101, total_rounds=193, total_fda_steps=3788, accuracy=0.9857000112533569)
EpochMetrics(epoch=102, total_rounds=195, total_fda_steps=3825, accuracy=0.9858999848365784)
EpochMetrics(epoch=103, total_rounds=196, total_fda_steps=3863, accuracy=0.98580002784729)
EpochMetrics(epoch=104, total_rounds=198, total_fda_steps=3900, accuracy=0.9860000014305115)
EpochMetrics(epoch=105, total_rounds=200, total_fda_steps=3938, accuracy=0.9860000014305115)
EpochMetrics(epoch=106, total_rounds=201, total_fda_steps=3975, accuracy=0.9857000112533569)
EpochMetrics(epoch=107, total_rounds=203, total_fda_steps=4013, accuracy=0.9864000082015991)
EpochMetrics(epoch=108, total_rounds=205, total_fda_steps=4050, accuracy=0.9861999750137329)
EpochMetrics(epoch=109, total_rounds=206, total_fda_steps=4088, accuracy=0.9865000247955322)
EpochMetrics(epoch=110, total_rounds=208, total_fda_steps=4125, accuracy=0.9864000082015991)
EpochMetrics(epoch=111, total_rounds=210, total_fda_steps=4163, accuracy=0.9864000082015991)
EpochMetrics(epoch=112, total_rounds=211, total_fda_steps=4200, accuracy=0.9873999953269958)
EpochMetrics(epoch=113, total_rounds=213, total_fda_steps=4238, accuracy=0.9868999719619751)
EpochMetrics(epoch=114, total_rounds=215, total_fda_steps=4275, accuracy=0.9868000149726868)
EpochMetrics(epoch=115, total_rounds=216, total_fda_steps=4313, accuracy=0.986299991607666)
EpochMetrics(epoch=116, total_rounds=218, total_fda_steps=4350, accuracy=0.986299991607666)
EpochMetrics(epoch=117, total_rounds=220, total_fda_steps=4388, accuracy=0.9865000247955322)
EpochMetrics(epoch=118, total_rounds=221, total_fda_steps=4425, accuracy=0.9871000051498413)
EpochMetrics(epoch=119, total_rounds=223, total_fda_steps=4463, accuracy=0.9865000247955322)
EpochMetrics(epoch=120, total_rounds=225, total_fda_steps=4500, accuracy=0.986299991607666)
EpochMetrics(epoch=121, total_rounds=226, total_fda_steps=4538, accuracy=0.9868999719619751)
EpochMetrics(epoch=122, total_rounds=228, total_fda_steps=4575, accuracy=0.9865999817848206)
EpochMetrics(epoch=123, total_rounds=230, total_fda_steps=4613, accuracy=0.9865999817848206)
EpochMetrics(epoch=124, total_rounds=231, total_fda_steps=4650, accuracy=0.9866999983787537)
EpochMetrics(epoch=125, total_rounds=233, total_fda_steps=4688, accuracy=0.9871000051498413)
EpochMetrics(epoch=126, total_rounds=235, total_fda_steps=4725, accuracy=0.9872000217437744)
EpochMetrics(epoch=127, total_rounds=237, total_fda_steps=4763, accuracy=0.9868999719619751)
EpochMetrics(epoch=128, total_rounds=238, total_fda_steps=4800, accuracy=0.9869999885559082)
EpochMetrics(epoch=129, total_rounds=240, total_fda_steps=4838, accuracy=0.9873999953269958)
EpochMetrics(epoch=130, total_rounds=241, total_fda_steps=4875, accuracy=0.987500011920929)
EpochMetrics(epoch=131, total_rounds=243, total_fda_steps=4913, accuracy=0.9872000217437744)
EpochMetrics(epoch=132, total_rounds=245, total_fda_steps=4950, accuracy=0.9866999983787537)
EpochMetrics(epoch=133, total_rounds=246, total_fda_steps=4988, accuracy=0.9866999983787537)
EpochMetrics(epoch=134, total_rounds=248, total_fda_steps=5025, accuracy=0.9868999719619751)
EpochMetrics(epoch=135, total_rounds=250, total_fda_steps=5063, accuracy=0.9866999983787537)
EpochMetrics(epoch=136, total_rounds=251, total_fda_steps=5100, accuracy=0.9869999885559082)
EpochMetrics(epoch=137, total_rounds=253, total_fda_steps=5138, accuracy=0.9869999885559082)
EpochMetrics(epoch=138, total_rounds=255, total_fda_steps=5175, accuracy=0.9872999787330627)
EpochMetrics(epoch=139, total_rounds=256, total_fda_steps=5213, accuracy=0.9868999719619751)
EpochMetrics(epoch=140, total_rounds=258, total_fda_steps=5250, accuracy=0.9868000149726868)
EpochMetrics(epoch=141, total_rounds=260, total_fda_steps=5288, accuracy=0.9866999983787537)
EpochMetrics(epoch=142, total_rounds=262, total_fda_steps=5325, accuracy=0.9868999719619751)
EpochMetrics(epoch=143, total_rounds=263, total_fda_steps=5363, accuracy=0.9872999787330627)
EpochMetrics(epoch=144, total_rounds=265, total_fda_steps=5400, accuracy=0.9866999983787537)
EpochMetrics(epoch=145, total_rounds=266, total_fda_steps=5438, accuracy=0.9872999787330627)
EpochMetrics(epoch=146, total_rounds=268, total_fda_steps=5475, accuracy=0.9868999719619751)
EpochMetrics(epoch=147, total_rounds=270, total_fda_steps=5513, accuracy=0.987500011920929)
EpochMetrics(epoch=148, total_rounds=271, total_fda_steps=5550, accuracy=0.9865999817848206)
EpochMetrics(epoch=149, total_rounds=273, total_fda_steps=5588, accuracy=0.9872999787330627)
EpochMetrics(epoch=150, total_rounds=275, total_fda_steps=5625, accuracy=0.9869999885559082)
EpochMetrics(epoch=151, total_rounds=277, total_fda_steps=5663, accuracy=0.9866999983787537)
EpochMetrics(epoch=152, total_rounds=278, total_fda_steps=5700, accuracy=0.9873999953269958)
EpochMetrics(epoch=153, total_rounds=280, total_fda_steps=5738, accuracy=0.9871000051498413)
EpochMetrics(epoch=154, total_rounds=282, total_fda_steps=5775, accuracy=0.9873999953269958)
EpochMetrics(epoch=155, total_rounds=283, total_fda_steps=5813, accuracy=0.9872000217437744)
EpochMetrics(epoch=156, total_rounds=285, total_fda_steps=5850, accuracy=0.9872999787330627)
EpochMetrics(epoch=157, total_rounds=287, total_fda_steps=5888, accuracy=0.9873999953269958)
EpochMetrics(epoch=158, total_rounds=288, total_fda_steps=5925, accuracy=0.9873999953269958)
EpochMetrics(epoch=159, total_rounds=290, total_fda_steps=5963, accuracy=0.9873999953269958)
EpochMetrics(epoch=160, total_rounds=292, total_fda_steps=6000, accuracy=0.9872999787330627)
EpochMetrics(epoch=161, total_rounds=294, total_fda_steps=6038, accuracy=0.987500011920929)
EpochMetrics(epoch=162, total_rounds=295, total_fda_steps=6075, accuracy=0.987500011920929)
EpochMetrics(epoch=163, total_rounds=297, total_fda_steps=6113, accuracy=0.9868999719619751)
EpochMetrics(epoch=164, total_rounds=299, total_fda_steps=6150, accuracy=0.9876999855041504)
EpochMetrics(epoch=165, total_rounds=301, total_fda_steps=6188, accuracy=0.9873999953269958)
EpochMetrics(epoch=166, total_rounds=302, total_fda_steps=6225, accuracy=0.9876999855041504)
EpochMetrics(epoch=167, total_rounds=304, total_fda_steps=6263, accuracy=0.9868999719619751)
EpochMetrics(epoch=168, total_rounds=305, total_fda_steps=6300, accuracy=0.9876000285148621)
EpochMetrics(epoch=169, total_rounds=307, total_fda_steps=6338, accuracy=0.9879000186920166)
EpochMetrics(epoch=170, total_rounds=308, total_fda_steps=6375, accuracy=0.9871000051498413)
EpochMetrics(epoch=171, total_rounds=310, total_fda_steps=6413, accuracy=0.9876999855041504)
EpochMetrics(epoch=172, total_rounds=311, total_fda_steps=6450, accuracy=0.9876000285148621)
EpochMetrics(epoch=173, total_rounds=313, total_fda_steps=6488, accuracy=0.9878000020980835)
EpochMetrics(epoch=174, total_rounds=315, total_fda_steps=6525, accuracy=0.9872999787330627)
EpochMetrics(epoch=175, total_rounds=316, total_fda_steps=6563, accuracy=0.9872999787330627)
EpochMetrics(epoch=176, total_rounds=318, total_fda_steps=6600, accuracy=0.9876999855041504)
EpochMetrics(epoch=177, total_rounds=320, total_fda_steps=6638, accuracy=0.9879000186920166)
EpochMetrics(epoch=178, total_rounds=321, total_fda_steps=6675, accuracy=0.987500011920929)
EpochMetrics(epoch=179, total_rounds=323, total_fda_steps=6713, accuracy=0.9872000217437744)
EpochMetrics(epoch=180, total_rounds=324, total_fda_steps=6750, accuracy=0.987500011920929)
EpochMetrics(epoch=181, total_rounds=326, total_fda_steps=6788, accuracy=0.9879000186920166)
EpochMetrics(epoch=182, total_rounds=328, total_fda_steps=6825, accuracy=0.987500011920929)
EpochMetrics(epoch=183, total_rounds=329, total_fda_steps=6863, accuracy=0.9876000285148621)
EpochMetrics(epoch=184, total_rounds=331, total_fda_steps=6900, accuracy=0.9878000020980835)
EpochMetrics(epoch=185, total_rounds=333, total_fda_steps=6938, accuracy=0.9876000285148621)
EpochMetrics(epoch=186, total_rounds=334, total_fda_steps=6975, accuracy=0.9873999953269958)
EpochMetrics(epoch=187, total_rounds=336, total_fda_steps=7013, accuracy=0.9873999953269958)
EpochMetrics(epoch=188, total_rounds=338, total_fda_steps=7050, accuracy=0.9879000186920166)
EpochMetrics(epoch=189, total_rounds=340, total_fda_steps=7088, accuracy=0.9878000020980835)
EpochMetrics(epoch=190, total_rounds=341, total_fda_steps=7125, accuracy=0.9876000285148621)
EpochMetrics(epoch=191, total_rounds=343, total_fda_steps=7163, accuracy=0.9879999756813049)
EpochMetrics(epoch=192, total_rounds=345, total_fda_steps=7200, accuracy=0.9882000088691711)
EpochMetrics(epoch=193, total_rounds=346, total_fda_steps=7238, accuracy=0.9878000020980835)
EpochMetrics(epoch=194, total_rounds=348, total_fda_steps=7275, accuracy=0.9879999756813049)
EpochMetrics(epoch=195, total_rounds=349, total_fda_steps=7313, accuracy=0.9878000020980835)
EpochMetrics(epoch=196, total_rounds=351, total_fda_steps=7350, accuracy=0.9876999855041504)
EpochMetrics(epoch=197, total_rounds=352, total_fda_steps=7388, accuracy=0.9879999756813049)
EpochMetrics(epoch=198, total_rounds=354, total_fda_steps=7425, accuracy=0.988099992275238)
EpochMetrics(epoch=199, total_rounds=356, total_fda_steps=7463, accuracy=0.988099992275238)
EpochMetrics(epoch=200, total_rounds=357, total_fda_steps=7500, accuracy=0.9883000254631042)
EpochMetrics(epoch=201, total_rounds=359, total_fda_steps=7538, accuracy=0.9879000186920166)
EpochMetrics(epoch=202, total_rounds=360, total_fda_steps=7575, accuracy=0.988099992275238)
EpochMetrics(epoch=203, total_rounds=362, total_fda_steps=7613, accuracy=0.9879000186920166)
EpochMetrics(epoch=204, total_rounds=364, total_fda_steps=7650, accuracy=0.9879000186920166)
EpochMetrics(epoch=205, total_rounds=365, total_fda_steps=7688, accuracy=0.9879000186920166)
EpochMetrics(epoch=206, total_rounds=367, total_fda_steps=7725, accuracy=0.987500011920929)
EpochMetrics(epoch=207, total_rounds=368, total_fda_steps=7763, accuracy=0.9882000088691711)
EpochMetrics(epoch=208, total_rounds=370, total_fda_steps=7800, accuracy=0.9883000254631042)
EpochMetrics(epoch=209, total_rounds=371, total_fda_steps=7838, accuracy=0.9882000088691711)
EpochMetrics(epoch=210, total_rounds=373, total_fda_steps=7875, accuracy=0.987500011920929)
EpochMetrics(epoch=211, total_rounds=374, total_fda_steps=7913, accuracy=0.9878000020980835)
EpochMetrics(epoch=212, total_rounds=376, total_fda_steps=7950, accuracy=0.9879000186920166)
EpochMetrics(epoch=213, total_rounds=377, total_fda_steps=7988, accuracy=0.9876999855041504)
EpochMetrics(epoch=214, total_rounds=379, total_fda_steps=8025, accuracy=0.987500011920929)
EpochMetrics(epoch=215, total_rounds=380, total_fda_steps=8063, accuracy=0.9879999756813049)
EpochMetrics(epoch=216, total_rounds=382, total_fda_steps=8100, accuracy=0.9876000285148621)
EpochMetrics(epoch=217, total_rounds=383, total_fda_steps=8138, accuracy=0.9879999756813049)
EpochMetrics(epoch=218, total_rounds=384, total_fda_steps=8175, accuracy=0.9879000186920166)
EpochMetrics(epoch=219, total_rounds=386, total_fda_steps=8213, accuracy=0.9879999756813049)
EpochMetrics(epoch=220, total_rounds=387, total_fda_steps=8250, accuracy=0.9876000285148621)
EpochMetrics(epoch=221, total_rounds=389, total_fda_steps=8288, accuracy=0.9876999855041504)
EpochMetrics(epoch=222, total_rounds=390, total_fda_steps=8325, accuracy=0.9876000285148621)
EpochMetrics(epoch=223, total_rounds=392, total_fda_steps=8363, accuracy=0.9873999953269958)
EpochMetrics(epoch=224, total_rounds=394, total_fda_steps=8400, accuracy=0.9876999855041504)
EpochMetrics(epoch=225, total_rounds=395, total_fda_steps=8438, accuracy=0.987500011920929)
EpochMetrics(epoch=226, total_rounds=396, total_fda_steps=8475, accuracy=0.9876000285148621)
EpochMetrics(epoch=227, total_rounds=398, total_fda_steps=8513, accuracy=0.9876000285148621)
EpochMetrics(epoch=228, total_rounds=400, total_fda_steps=8550, accuracy=0.9872999787330627)
EpochMetrics(epoch=229, total_rounds=401, total_fda_steps=8588, accuracy=0.9876000285148621)
EpochMetrics(epoch=230, total_rounds=403, total_fda_steps=8625, accuracy=0.9872999787330627)
EpochMetrics(epoch=231, total_rounds=405, total_fda_steps=8663, accuracy=0.9876999855041504)
EpochMetrics(epoch=232, total_rounds=406, total_fda_steps=8700, accuracy=0.988099992275238)
EpochMetrics(epoch=233, total_rounds=408, total_fda_steps=8738, accuracy=0.987500011920929)
EpochMetrics(epoch=234, total_rounds=409, total_fda_steps=8775, accuracy=0.9879999756813049)
EpochMetrics(epoch=235, total_rounds=411, total_fda_steps=8813, accuracy=0.9884999990463257)
EpochMetrics(epoch=236, total_rounds=412, total_fda_steps=8850, accuracy=0.9883999824523926)
EpochMetrics(epoch=237, total_rounds=414, total_fda_steps=8888, accuracy=0.9879000186920166)
EpochMetrics(epoch=238, total_rounds=415, total_fda_steps=8925, accuracy=0.9878000020980835)
EpochMetrics(epoch=239, total_rounds=417, total_fda_steps=8963, accuracy=0.9876000285148621)
EpochMetrics(epoch=240, total_rounds=418, total_fda_steps=9000, accuracy=0.9879000186920166)
EpochMetrics(epoch=241, total_rounds=420, total_fda_steps=9038, accuracy=0.9883000254631042)
EpochMetrics(epoch=242, total_rounds=421, total_fda_steps=9075, accuracy=0.9878000020980835)
EpochMetrics(epoch=243, total_rounds=423, total_fda_steps=9113, accuracy=0.9879000186920166)
EpochMetrics(epoch=244, total_rounds=425, total_fda_steps=9150, accuracy=0.9879000186920166)
EpochMetrics(epoch=245, total_rounds=426, total_fda_steps=9188, accuracy=0.9878000020980835)
EpochMetrics(epoch=246, total_rounds=428, total_fda_steps=9225, accuracy=0.987500011920929)
EpochMetrics(epoch=247, total_rounds=430, total_fda_steps=9263, accuracy=0.9876000285148621)
EpochMetrics(epoch=248, total_rounds=431, total_fda_steps=9300, accuracy=0.9879999756813049)
EpochMetrics(epoch=249, total_rounds=433, total_fda_steps=9338, accuracy=0.9879000186920166)
EpochMetrics(epoch=250, total_rounds=434, total_fda_steps=9375, accuracy=0.9883000254631042)
EpochMetrics(epoch=251, total_rounds=436, total_fda_steps=9413, accuracy=0.9879999756813049)
EpochMetrics(epoch=252, total_rounds=438, total_fda_steps=9450, accuracy=0.9876999855041504)
EpochMetrics(epoch=253, total_rounds=439, total_fda_steps=9488, accuracy=0.9878000020980835)
EpochMetrics(epoch=254, total_rounds=441, total_fda_steps=9525, accuracy=0.9879999756813049)
EpochMetrics(epoch=255, total_rounds=442, total_fda_steps=9563, accuracy=0.9878000020980835)
EpochMetrics(epoch=256, total_rounds=444, total_fda_steps=9600, accuracy=0.988099992275238)
EpochMetrics(epoch=257, total_rounds=445, total_fda_steps=9638, accuracy=0.9883999824523926)
EpochMetrics(epoch=258, total_rounds=447, total_fda_steps=9675, accuracy=0.9879999756813049)
EpochMetrics(epoch=259, total_rounds=448, total_fda_steps=9713, accuracy=0.9886000156402588)
EpochMetrics(epoch=260, total_rounds=449, total_fda_steps=9750, accuracy=0.9882000088691711)
EpochMetrics(epoch=261, total_rounds=451, total_fda_steps=9788, accuracy=0.9883000254631042)
EpochMetrics(epoch=262, total_rounds=452, total_fda_steps=9825, accuracy=0.988099992275238)
EpochMetrics(epoch=263, total_rounds=454, total_fda_steps=9863, accuracy=0.9882000088691711)
EpochMetrics(epoch=264, total_rounds=455, total_fda_steps=9900, accuracy=0.988099992275238)
EpochMetrics(epoch=265, total_rounds=457, total_fda_steps=9938, accuracy=0.9879000186920166)
EpochMetrics(epoch=266, total_rounds=458, total_fda_steps=9975, accuracy=0.9879999756813049)
EpochMetrics(epoch=267, total_rounds=459, total_fda_steps=10013, accuracy=0.9883000254631042)
EpochMetrics(epoch=268, total_rounds=461, total_fda_steps=10050, accuracy=0.9883000254631042)
EpochMetrics(epoch=269, total_rounds=463, total_fda_steps=10088, accuracy=0.988099992275238)
EpochMetrics(epoch=270, total_rounds=464, total_fda_steps=10125, accuracy=0.988099992275238)
EpochMetrics(epoch=271, total_rounds=466, total_fda_steps=10163, accuracy=0.9882000088691711)
EpochMetrics(epoch=272, total_rounds=467, total_fda_steps=10200, accuracy=0.9879000186920166)
EpochMetrics(epoch=273, total_rounds=469, total_fda_steps=10238, accuracy=0.988099992275238)
EpochMetrics(epoch=274, total_rounds=470, total_fda_steps=10275, accuracy=0.9882000088691711)
EpochMetrics(epoch=275, total_rounds=472, total_fda_steps=10313, accuracy=0.9883000254631042)
EpochMetrics(epoch=276, total_rounds=473, total_fda_steps=10350, accuracy=0.9882000088691711)
EpochMetrics(epoch=277, total_rounds=475, total_fda_steps=10388, accuracy=0.9883000254631042)
EpochMetrics(epoch=278, total_rounds=476, total_fda_steps=10425, accuracy=0.9879999756813049)
EpochMetrics(epoch=279, total_rounds=477, total_fda_steps=10463, accuracy=0.9879999756813049)
EpochMetrics(epoch=280, total_rounds=479, total_fda_steps=10500, accuracy=0.9879000186920166)
EpochMetrics(epoch=281, total_rounds=480, total_fda_steps=10538, accuracy=0.9883000254631042)
EpochMetrics(epoch=282, total_rounds=482, total_fda_steps=10575, accuracy=0.9884999990463257)
EpochMetrics(epoch=283, total_rounds=483, total_fda_steps=10613, accuracy=0.9883999824523926)
EpochMetrics(epoch=284, total_rounds=485, total_fda_steps=10650, accuracy=0.9879000186920166)
EpochMetrics(epoch=285, total_rounds=486, total_fda_steps=10688, accuracy=0.9883000254631042)
EpochMetrics(epoch=286, total_rounds=487, total_fda_steps=10725, accuracy=0.9882000088691711)
EpochMetrics(epoch=287, total_rounds=489, total_fda_steps=10763, accuracy=0.9883000254631042)
EpochMetrics(epoch=288, total_rounds=490, total_fda_steps=10800, accuracy=0.988099992275238)
EpochMetrics(epoch=289, total_rounds=492, total_fda_steps=10838, accuracy=0.9883999824523926)
EpochMetrics(epoch=290, total_rounds=493, total_fda_steps=10875, accuracy=0.9886000156402588)
EpochMetrics(epoch=291, total_rounds=495, total_fda_steps=10913, accuracy=0.9879000186920166)
EpochMetrics(epoch=292, total_rounds=496, total_fda_steps=10950, accuracy=0.9883000254631042)
EpochMetrics(epoch=293, total_rounds=498, total_fda_steps=10988, accuracy=0.9883000254631042)
EpochMetrics(epoch=294, total_rounds=499, total_fda_steps=11025, accuracy=0.9882000088691711)
EpochMetrics(epoch=295, total_rounds=500, total_fda_steps=11063, accuracy=0.9883000254631042)
EpochMetrics(epoch=296, total_rounds=501, total_fda_steps=11100, accuracy=0.9882000088691711)
EpochMetrics(epoch=297, total_rounds=503, total_fda_steps=11138, accuracy=0.9883000254631042)
EpochMetrics(epoch=298, total_rounds=504, total_fda_steps=11175, accuracy=0.9886000156402588)
EpochMetrics(epoch=299, total_rounds=507, total_fda_steps=11213, accuracy=0.9883999824523926)
EpochMetrics(epoch=300, total_rounds=508, total_fda_steps=11250, accuracy=0.9876999855041504)
EpochMetrics(epoch=301, total_rounds=510, total_fda_steps=11288, accuracy=0.9882000088691711)
EpochMetrics(epoch=302, total_rounds=512, total_fda_steps=11325, accuracy=0.987500011920929)
EpochMetrics(epoch=303, total_rounds=513, total_fda_steps=11363, accuracy=0.9876000285148621)
EpochMetrics(epoch=304, total_rounds=515, total_fda_steps=11400, accuracy=0.9878000020980835)
EpochMetrics(epoch=305, total_rounds=516, total_fda_steps=11438, accuracy=0.988099992275238)
EpochMetrics(epoch=306, total_rounds=518, total_fda_steps=11475, accuracy=0.9879000186920166)
EpochMetrics(epoch=307, total_rounds=519, total_fda_steps=11513, accuracy=0.9878000020980835)
EpochMetrics(epoch=308, total_rounds=521, total_fda_steps=11550, accuracy=0.9876999855041504)
EpochMetrics(epoch=309, total_rounds=522, total_fda_steps=11588, accuracy=0.9879000186920166)
EpochMetrics(epoch=310, total_rounds=523, total_fda_steps=11625, accuracy=0.988099992275238)
EpochMetrics(epoch=311, total_rounds=525, total_fda_steps=11663, accuracy=0.988099992275238)
EpochMetrics(epoch=312, total_rounds=526, total_fda_steps=11700, accuracy=0.988099992275238)
EpochMetrics(epoch=313, total_rounds=528, total_fda_steps=11738, accuracy=0.9879000186920166)
EpochMetrics(epoch=314, total_rounds=530, total_fda_steps=11775, accuracy=0.9883000254631042)
EpochMetrics(epoch=315, total_rounds=531, total_fda_steps=11813, accuracy=0.988099992275238)
EpochMetrics(epoch=316, total_rounds=533, total_fda_steps=11850, accuracy=0.9876999855041504)
EpochMetrics(epoch=317, total_rounds=534, total_fda_steps=11888, accuracy=0.9876999855041504)
EpochMetrics(epoch=318, total_rounds=536, total_fda_steps=11925, accuracy=0.987500011920929)
EpochMetrics(epoch=319, total_rounds=537, total_fda_steps=11963, accuracy=0.9876000285148621)
EpochMetrics(epoch=320, total_rounds=539, total_fda_steps=12000, accuracy=0.9876000285148621)
EpochMetrics(epoch=321, total_rounds=540, total_fda_steps=12038, accuracy=0.9879000186920166)
EpochMetrics(epoch=322, total_rounds=542, total_fda_steps=12075, accuracy=0.9879999756813049)
EpochMetrics(epoch=323, total_rounds=543, total_fda_steps=12113, accuracy=0.988099992275238)
EpochMetrics(epoch=324, total_rounds=544, total_fda_steps=12150, accuracy=0.9878000020980835)
EpochMetrics(epoch=325, total_rounds=546, total_fda_steps=12188, accuracy=0.9879000186920166)
EpochMetrics(epoch=326, total_rounds=547, total_fda_steps=12225, accuracy=0.9879999756813049)
EpochMetrics(epoch=327, total_rounds=549, total_fda_steps=12263, accuracy=0.9879000186920166)
EpochMetrics(epoch=328, total_rounds=551, total_fda_steps=12300, accuracy=0.988099992275238)
EpochMetrics(epoch=329, total_rounds=553, total_fda_steps=12338, accuracy=0.988099992275238)
EpochMetrics(epoch=330, total_rounds=555, total_fda_steps=12375, accuracy=0.9883999824523926)
EpochMetrics(epoch=331, total_rounds=556, total_fda_steps=12413, accuracy=0.9878000020980835)
EpochMetrics(epoch=332, total_rounds=557, total_fda_steps=12450, accuracy=0.9879999756813049)
EpochMetrics(epoch=333, total_rounds=558, total_fda_steps=12488, accuracy=0.988099992275238)
EpochMetrics(epoch=334, total_rounds=560, total_fda_steps=12525, accuracy=0.9883999824523926)
EpochMetrics(epoch=335, total_rounds=562, total_fda_steps=12563, accuracy=0.988099992275238)
EpochMetrics(epoch=336, total_rounds=563, total_fda_steps=12600, accuracy=0.9883999824523926)
EpochMetrics(epoch=337, total_rounds=564, total_fda_steps=12638, accuracy=0.9887999892234802)
EpochMetrics(epoch=338, total_rounds=565, total_fda_steps=12675, accuracy=0.9882000088691711)
EpochMetrics(epoch=339, total_rounds=566, total_fda_steps=12713, accuracy=0.9883000254631042)
EpochMetrics(epoch=340, total_rounds=568, total_fda_steps=12750, accuracy=0.9882000088691711)
EpochMetrics(epoch=341, total_rounds=569, total_fda_steps=12788, accuracy=0.9883000254631042)
EpochMetrics(epoch=342, total_rounds=571, total_fda_steps=12825, accuracy=0.9879999756813049)
EpochMetrics(epoch=343, total_rounds=572, total_fda_steps=12863, accuracy=0.9883000254631042)
EpochMetrics(epoch=344, total_rounds=573, total_fda_steps=12900, accuracy=0.9879000186920166)
EpochMetrics(epoch=345, total_rounds=574, total_fda_steps=12938, accuracy=0.9876999855041504)
EpochMetrics(epoch=346, total_rounds=576, total_fda_steps=12975, accuracy=0.9879999756813049)
EpochMetrics(epoch=347, total_rounds=577, total_fda_steps=13013, accuracy=0.9882000088691711)
EpochMetrics(epoch=348, total_rounds=579, total_fda_steps=13050, accuracy=0.9883000254631042)
EpochMetrics(epoch=349, total_rounds=580, total_fda_steps=13088, accuracy=0.9879000186920166)
EpochMetrics(epoch=350, total_rounds=581, total_fda_steps=13125, accuracy=0.9882000088691711)

------------ Finished Testing : ------------
NN name : LeNet-5
FDA name : linear
Num Clients : 50
Batch size : 32
Num Epochs : 350
Number of steps until we check RTC : 1
Theta : 0.5
Total simulation time: 75772.38396024704 sec
-----------------------------------------

