Num GPUs Available:  1

------------ Current Test : ------------
NN name : LeNet-5
FDA name : sketch
Num Clients : 40
Batch size : 256
Num Epochs : 350
Number of steps until we check RTC : 1
Theta : 0.5
-----------------------------------------

retracing `sketch_for_vector`
EpochMetrics(epoch=1, total_rounds=1, total_fda_steps=6, accuracy=0.6399999856948853)
EpochMetrics(epoch=2, total_rounds=2, total_fda_steps=12, accuracy=0.6852999925613403)
EpochMetrics(epoch=3, total_rounds=2, total_fda_steps=18, accuracy=0.7580999732017517)
EpochMetrics(epoch=4, total_rounds=2, total_fda_steps=24, accuracy=0.8115000128746033)
EpochMetrics(epoch=5, total_rounds=3, total_fda_steps=30, accuracy=0.8409000039100647)
EpochMetrics(epoch=6, total_rounds=3, total_fda_steps=36, accuracy=0.855400025844574)
EpochMetrics(epoch=7, total_rounds=4, total_fda_steps=42, accuracy=0.868399977684021)
EpochMetrics(epoch=8, total_rounds=4, total_fda_steps=47, accuracy=0.8779000043869019)
EpochMetrics(epoch=9, total_rounds=5, total_fda_steps=53, accuracy=0.8840000033378601)
EpochMetrics(epoch=10, total_rounds=5, total_fda_steps=59, accuracy=0.890500009059906)
EpochMetrics(epoch=11, total_rounds=5, total_fda_steps=65, accuracy=0.894599974155426)
EpochMetrics(epoch=12, total_rounds=6, total_fda_steps=71, accuracy=0.8992000222206116)
EpochMetrics(epoch=13, total_rounds=6, total_fda_steps=77, accuracy=0.9028000235557556)
EpochMetrics(epoch=14, total_rounds=7, total_fda_steps=83, accuracy=0.90420001745224)
EpochMetrics(epoch=15, total_rounds=7, total_fda_steps=88, accuracy=0.9067000150680542)
EpochMetrics(epoch=16, total_rounds=8, total_fda_steps=94, accuracy=0.9089999794960022)
EpochMetrics(epoch=17, total_rounds=8, total_fda_steps=100, accuracy=0.9128000140190125)
EpochMetrics(epoch=18, total_rounds=9, total_fda_steps=106, accuracy=0.9142000079154968)
EpochMetrics(epoch=19, total_rounds=9, total_fda_steps=112, accuracy=0.9172000288963318)
EpochMetrics(epoch=20, total_rounds=10, total_fda_steps=118, accuracy=0.9189000129699707)
EpochMetrics(epoch=21, total_rounds=10, total_fda_steps=124, accuracy=0.9212999939918518)
EpochMetrics(epoch=22, total_rounds=10, total_fda_steps=129, accuracy=0.9235000014305115)
EpochMetrics(epoch=23, total_rounds=11, total_fda_steps=135, accuracy=0.9251000285148621)
EpochMetrics(epoch=24, total_rounds=11, total_fda_steps=141, accuracy=0.9269999861717224)
EpochMetrics(epoch=25, total_rounds=12, total_fda_steps=147, accuracy=0.9277999997138977)
EpochMetrics(epoch=26, total_rounds=12, total_fda_steps=153, accuracy=0.9289000034332275)
EpochMetrics(epoch=27, total_rounds=13, total_fda_steps=159, accuracy=0.9309999942779541)
EpochMetrics(epoch=28, total_rounds=13, total_fda_steps=165, accuracy=0.9316999912261963)
EpochMetrics(epoch=29, total_rounds=14, total_fda_steps=170, accuracy=0.9337000250816345)
EpochMetrics(epoch=30, total_rounds=14, total_fda_steps=176, accuracy=0.9343000054359436)
EpochMetrics(epoch=31, total_rounds=14, total_fda_steps=182, accuracy=0.9358000159263611)
EpochMetrics(epoch=32, total_rounds=15, total_fda_steps=188, accuracy=0.9362000226974487)
EpochMetrics(epoch=33, total_rounds=15, total_fda_steps=194, accuracy=0.9373000264167786)
EpochMetrics(epoch=34, total_rounds=16, total_fda_steps=200, accuracy=0.9391000270843506)
EpochMetrics(epoch=35, total_rounds=16, total_fda_steps=206, accuracy=0.9398999810218811)
EpochMetrics(epoch=36, total_rounds=17, total_fda_steps=211, accuracy=0.9405999779701233)
EpochMetrics(epoch=37, total_rounds=17, total_fda_steps=217, accuracy=0.9429000020027161)
EpochMetrics(epoch=38, total_rounds=18, total_fda_steps=223, accuracy=0.9430999755859375)
EpochMetrics(epoch=39, total_rounds=18, total_fda_steps=229, accuracy=0.9444000124931335)
EpochMetrics(epoch=40, total_rounds=19, total_fda_steps=235, accuracy=0.9449999928474426)
EpochMetrics(epoch=41, total_rounds=19, total_fda_steps=241, accuracy=0.9466999769210815)
EpochMetrics(epoch=42, total_rounds=19, total_fda_steps=247, accuracy=0.9470999836921692)
EpochMetrics(epoch=43, total_rounds=20, total_fda_steps=252, accuracy=0.9478999972343445)
EpochMetrics(epoch=44, total_rounds=20, total_fda_steps=258, accuracy=0.9488000273704529)
EpochMetrics(epoch=45, total_rounds=21, total_fda_steps=264, accuracy=0.9498999714851379)
EpochMetrics(epoch=46, total_rounds=21, total_fda_steps=270, accuracy=0.9506999850273132)
EpochMetrics(epoch=47, total_rounds=22, total_fda_steps=276, accuracy=0.9513999819755554)
EpochMetrics(epoch=48, total_rounds=22, total_fda_steps=282, accuracy=0.9521999955177307)
EpochMetrics(epoch=49, total_rounds=23, total_fda_steps=288, accuracy=0.9526000022888184)
EpochMetrics(epoch=50, total_rounds=23, total_fda_steps=293, accuracy=0.9534000158309937)
EpochMetrics(epoch=51, total_rounds=23, total_fda_steps=299, accuracy=0.954200029373169)
EpochMetrics(epoch=52, total_rounds=24, total_fda_steps=305, accuracy=0.9553999900817871)
EpochMetrics(epoch=53, total_rounds=24, total_fda_steps=311, accuracy=0.9557999968528748)
EpochMetrics(epoch=54, total_rounds=25, total_fda_steps=317, accuracy=0.95660001039505)
EpochMetrics(epoch=55, total_rounds=25, total_fda_steps=323, accuracy=0.9575999975204468)
EpochMetrics(epoch=56, total_rounds=26, total_fda_steps=329, accuracy=0.9575999975204468)
EpochMetrics(epoch=57, total_rounds=26, total_fda_steps=334, accuracy=0.9587000012397766)
EpochMetrics(epoch=58, total_rounds=27, total_fda_steps=340, accuracy=0.9577999711036682)
EpochMetrics(epoch=59, total_rounds=27, total_fda_steps=346, accuracy=0.960099995136261)
EpochMetrics(epoch=60, total_rounds=28, total_fda_steps=352, accuracy=0.9599000215530396)
EpochMetrics(epoch=61, total_rounds=28, total_fda_steps=358, accuracy=0.9611999988555908)
EpochMetrics(epoch=62, total_rounds=28, total_fda_steps=364, accuracy=0.9610999822616577)
EpochMetrics(epoch=63, total_rounds=29, total_fda_steps=370, accuracy=0.9621999859809875)
EpochMetrics(epoch=64, total_rounds=29, total_fda_steps=375, accuracy=0.9614999890327454)
EpochMetrics(epoch=65, total_rounds=30, total_fda_steps=381, accuracy=0.9624000191688538)
EpochMetrics(epoch=66, total_rounds=30, total_fda_steps=387, accuracy=0.9628000259399414)
EpochMetrics(epoch=67, total_rounds=31, total_fda_steps=393, accuracy=0.963699996471405)
EpochMetrics(epoch=68, total_rounds=31, total_fda_steps=399, accuracy=0.9643999934196472)
EpochMetrics(epoch=69, total_rounds=32, total_fda_steps=405, accuracy=0.9646999835968018)
EpochMetrics(epoch=70, total_rounds=32, total_fda_steps=411, accuracy=0.9650999903678894)
EpochMetrics(epoch=71, total_rounds=33, total_fda_steps=417, accuracy=0.9659000039100647)
EpochMetrics(epoch=72, total_rounds=33, total_fda_steps=422, accuracy=0.9660999774932861)
EpochMetrics(epoch=73, total_rounds=33, total_fda_steps=428, accuracy=0.965499997138977)
EpochMetrics(epoch=74, total_rounds=34, total_fda_steps=434, accuracy=0.9668999910354614)
EpochMetrics(epoch=75, total_rounds=34, total_fda_steps=440, accuracy=0.9674000144004822)
EpochMetrics(epoch=76, total_rounds=35, total_fda_steps=446, accuracy=0.9681000113487244)
EpochMetrics(epoch=77, total_rounds=35, total_fda_steps=452, accuracy=0.9678000211715698)
EpochMetrics(epoch=78, total_rounds=36, total_fda_steps=458, accuracy=0.9682000279426575)
EpochMetrics(epoch=79, total_rounds=36, total_fda_steps=463, accuracy=0.9690999984741211)
EpochMetrics(epoch=80, total_rounds=37, total_fda_steps=469, accuracy=0.968500018119812)
EpochMetrics(epoch=81, total_rounds=37, total_fda_steps=475, accuracy=0.9696999788284302)
EpochMetrics(epoch=82, total_rounds=37, total_fda_steps=481, accuracy=0.9696000218391418)
EpochMetrics(epoch=83, total_rounds=38, total_fda_steps=487, accuracy=0.9696999788284302)
EpochMetrics(epoch=84, total_rounds=38, total_fda_steps=493, accuracy=0.9704999923706055)
EpochMetrics(epoch=85, total_rounds=39, total_fda_steps=499, accuracy=0.9700999855995178)
EpochMetrics(epoch=86, total_rounds=39, total_fda_steps=504, accuracy=0.9700999855995178)
EpochMetrics(epoch=87, total_rounds=40, total_fda_steps=510, accuracy=0.9703999757766724)
EpochMetrics(epoch=88, total_rounds=40, total_fda_steps=516, accuracy=0.9704999923706055)
EpochMetrics(epoch=89, total_rounds=40, total_fda_steps=522, accuracy=0.9706000089645386)
EpochMetrics(epoch=90, total_rounds=41, total_fda_steps=528, accuracy=0.9708999991416931)
EpochMetrics(epoch=91, total_rounds=41, total_fda_steps=534, accuracy=0.9710000157356262)
EpochMetrics(epoch=92, total_rounds=42, total_fda_steps=540, accuracy=0.9717000126838684)
EpochMetrics(epoch=93, total_rounds=42, total_fda_steps=545, accuracy=0.9718999862670898)
EpochMetrics(epoch=94, total_rounds=43, total_fda_steps=551, accuracy=0.9721999764442444)
EpochMetrics(epoch=95, total_rounds=43, total_fda_steps=557, accuracy=0.9718999862670898)
EpochMetrics(epoch=96, total_rounds=43, total_fda_steps=563, accuracy=0.9725000262260437)
EpochMetrics(epoch=97, total_rounds=44, total_fda_steps=569, accuracy=0.9729999899864197)
EpochMetrics(epoch=98, total_rounds=44, total_fda_steps=575, accuracy=0.9726999998092651)
EpochMetrics(epoch=99, total_rounds=45, total_fda_steps=581, accuracy=0.9724000096321106)
EpochMetrics(epoch=100, total_rounds=45, total_fda_steps=586, accuracy=0.9732000231742859)
EpochMetrics(epoch=101, total_rounds=45, total_fda_steps=592, accuracy=0.973800003528595)
EpochMetrics(epoch=102, total_rounds=46, total_fda_steps=598, accuracy=0.9739999771118164)
EpochMetrics(epoch=103, total_rounds=46, total_fda_steps=604, accuracy=0.973800003528595)
EpochMetrics(epoch=104, total_rounds=47, total_fda_steps=610, accuracy=0.974399983882904)
EpochMetrics(epoch=105, total_rounds=47, total_fda_steps=616, accuracy=0.974399983882904)
EpochMetrics(epoch=106, total_rounds=48, total_fda_steps=622, accuracy=0.9743000268936157)
EpochMetrics(epoch=107, total_rounds=48, total_fda_steps=627, accuracy=0.9745000004768372)
EpochMetrics(epoch=108, total_rounds=48, total_fda_steps=633, accuracy=0.9742000102996826)
EpochMetrics(epoch=109, total_rounds=49, total_fda_steps=639, accuracy=0.9743000268936157)
EpochMetrics(epoch=110, total_rounds=49, total_fda_steps=645, accuracy=0.9746000170707703)
EpochMetrics(epoch=111, total_rounds=50, total_fda_steps=651, accuracy=0.9742000102996826)
EpochMetrics(epoch=112, total_rounds=50, total_fda_steps=657, accuracy=0.9743000268936157)
EpochMetrics(epoch=113, total_rounds=51, total_fda_steps=663, accuracy=0.974399983882904)
EpochMetrics(epoch=114, total_rounds=51, total_fda_steps=668, accuracy=0.9747999906539917)
EpochMetrics(epoch=115, total_rounds=51, total_fda_steps=674, accuracy=0.9747999906539917)
EpochMetrics(epoch=116, total_rounds=52, total_fda_steps=680, accuracy=0.9750999808311462)
EpochMetrics(epoch=117, total_rounds=52, total_fda_steps=686, accuracy=0.9753999710083008)
EpochMetrics(epoch=118, total_rounds=53, total_fda_steps=692, accuracy=0.9754999876022339)
EpochMetrics(epoch=119, total_rounds=53, total_fda_steps=698, accuracy=0.9754999876022339)
EpochMetrics(epoch=120, total_rounds=53, total_fda_steps=704, accuracy=0.9757000207901001)
EpochMetrics(epoch=121, total_rounds=54, total_fda_steps=709, accuracy=0.9761000275611877)
EpochMetrics(epoch=122, total_rounds=54, total_fda_steps=715, accuracy=0.9764000177383423)
EpochMetrics(epoch=123, total_rounds=55, total_fda_steps=721, accuracy=0.9761999845504761)
EpochMetrics(epoch=124, total_rounds=55, total_fda_steps=727, accuracy=0.9761000275611877)
EpochMetrics(epoch=125, total_rounds=56, total_fda_steps=733, accuracy=0.9763000011444092)
EpochMetrics(epoch=126, total_rounds=56, total_fda_steps=739, accuracy=0.9763000011444092)
EpochMetrics(epoch=127, total_rounds=56, total_fda_steps=745, accuracy=0.9764999747276306)
EpochMetrics(epoch=128, total_rounds=57, total_fda_steps=750, accuracy=0.9769999980926514)
EpochMetrics(epoch=129, total_rounds=57, total_fda_steps=756, accuracy=0.9765999913215637)
EpochMetrics(epoch=130, total_rounds=58, total_fda_steps=762, accuracy=0.9764999747276306)
EpochMetrics(epoch=131, total_rounds=58, total_fda_steps=768, accuracy=0.9771999716758728)
EpochMetrics(epoch=132, total_rounds=58, total_fda_steps=774, accuracy=0.9769999980926514)
EpochMetrics(epoch=133, total_rounds=59, total_fda_steps=780, accuracy=0.9772999882698059)
EpochMetrics(epoch=134, total_rounds=59, total_fda_steps=786, accuracy=0.977400004863739)
EpochMetrics(epoch=135, total_rounds=60, total_fda_steps=792, accuracy=0.9775999784469604)
EpochMetrics(epoch=136, total_rounds=60, total_fda_steps=797, accuracy=0.9779999852180481)
EpochMetrics(epoch=137, total_rounds=60, total_fda_steps=803, accuracy=0.9779000282287598)
EpochMetrics(epoch=138, total_rounds=61, total_fda_steps=809, accuracy=0.9779000282287598)
EpochMetrics(epoch=139, total_rounds=61, total_fda_steps=815, accuracy=0.9781000018119812)
EpochMetrics(epoch=140, total_rounds=61, total_fda_steps=821, accuracy=0.9779000282287598)
EpochMetrics(epoch=141, total_rounds=62, total_fda_steps=827, accuracy=0.9775999784469604)
EpochMetrics(epoch=142, total_rounds=62, total_fda_steps=833, accuracy=0.9781000018119812)
EpochMetrics(epoch=143, total_rounds=63, total_fda_steps=838, accuracy=0.9783999919891357)
EpochMetrics(epoch=144, total_rounds=63, total_fda_steps=844, accuracy=0.9786999821662903)
EpochMetrics(epoch=145, total_rounds=63, total_fda_steps=850, accuracy=0.978600025177002)
EpochMetrics(epoch=146, total_rounds=64, total_fda_steps=856, accuracy=0.9786999821662903)
EpochMetrics(epoch=147, total_rounds=64, total_fda_steps=862, accuracy=0.9787999987602234)
EpochMetrics(epoch=148, total_rounds=65, total_fda_steps=868, accuracy=0.9789999723434448)
EpochMetrics(epoch=149, total_rounds=65, total_fda_steps=874, accuracy=0.978600025177002)
EpochMetrics(epoch=150, total_rounds=65, total_fda_steps=879, accuracy=0.9794999957084656)
EpochMetrics(epoch=151, total_rounds=66, total_fda_steps=885, accuracy=0.9796000123023987)
EpochMetrics(epoch=152, total_rounds=66, total_fda_steps=891, accuracy=0.9796000123023987)
EpochMetrics(epoch=153, total_rounds=67, total_fda_steps=897, accuracy=0.9793999791145325)
EpochMetrics(epoch=154, total_rounds=67, total_fda_steps=903, accuracy=0.9793999791145325)
EpochMetrics(epoch=155, total_rounds=67, total_fda_steps=909, accuracy=0.9801999926567078)
EpochMetrics(epoch=156, total_rounds=68, total_fda_steps=915, accuracy=0.9794999957084656)
EpochMetrics(epoch=157, total_rounds=68, total_fda_steps=920, accuracy=0.9800000190734863)
EpochMetrics(epoch=158, total_rounds=69, total_fda_steps=926, accuracy=0.9800000190734863)
EpochMetrics(epoch=159, total_rounds=69, total_fda_steps=932, accuracy=0.9793999791145325)
EpochMetrics(epoch=160, total_rounds=69, total_fda_steps=938, accuracy=0.9801999926567078)
EpochMetrics(epoch=161, total_rounds=70, total_fda_steps=944, accuracy=0.980400025844574)
EpochMetrics(epoch=162, total_rounds=70, total_fda_steps=950, accuracy=0.9799000024795532)
EpochMetrics(epoch=163, total_rounds=71, total_fda_steps=956, accuracy=0.9800000190734863)
EpochMetrics(epoch=164, total_rounds=71, total_fda_steps=961, accuracy=0.9807000160217285)
EpochMetrics(epoch=165, total_rounds=71, total_fda_steps=967, accuracy=0.98089998960495)
EpochMetrics(epoch=166, total_rounds=72, total_fda_steps=973, accuracy=0.98089998960495)
EpochMetrics(epoch=167, total_rounds=72, total_fda_steps=979, accuracy=0.9807999730110168)
EpochMetrics(epoch=168, total_rounds=72, total_fda_steps=985, accuracy=0.9807999730110168)
EpochMetrics(epoch=169, total_rounds=73, total_fda_steps=991, accuracy=0.9812999963760376)
EpochMetrics(epoch=170, total_rounds=73, total_fda_steps=997, accuracy=0.98089998960495)
EpochMetrics(epoch=171, total_rounds=73, total_fda_steps=1002, accuracy=0.9807000160217285)
EpochMetrics(epoch=172, total_rounds=74, total_fda_steps=1008, accuracy=0.9810000061988831)
EpochMetrics(epoch=173, total_rounds=74, total_fda_steps=1014, accuracy=0.9811999797821045)
EpochMetrics(epoch=174, total_rounds=75, total_fda_steps=1020, accuracy=0.9812999963760376)
EpochMetrics(epoch=175, total_rounds=75, total_fda_steps=1026, accuracy=0.9810000061988831)
EpochMetrics(epoch=176, total_rounds=75, total_fda_steps=1032, accuracy=0.9812999963760376)
EpochMetrics(epoch=177, total_rounds=76, total_fda_steps=1038, accuracy=0.9812999963760376)
EpochMetrics(epoch=178, total_rounds=76, total_fda_steps=1043, accuracy=0.9811000227928162)
EpochMetrics(epoch=179, total_rounds=76, total_fda_steps=1049, accuracy=0.9817000031471252)
EpochMetrics(epoch=180, total_rounds=77, total_fda_steps=1055, accuracy=0.9810000061988831)
EpochMetrics(epoch=181, total_rounds=77, total_fda_steps=1061, accuracy=0.9818999767303467)
EpochMetrics(epoch=182, total_rounds=78, total_fda_steps=1067, accuracy=0.9815999865531921)
EpochMetrics(epoch=183, total_rounds=78, total_fda_steps=1073, accuracy=0.9818000197410583)
EpochMetrics(epoch=184, total_rounds=78, total_fda_steps=1079, accuracy=0.9815000295639038)
EpochMetrics(epoch=185, total_rounds=79, total_fda_steps=1084, accuracy=0.9815999865531921)
EpochMetrics(epoch=186, total_rounds=79, total_fda_steps=1090, accuracy=0.9818000197410583)
EpochMetrics(epoch=187, total_rounds=79, total_fda_steps=1096, accuracy=0.9814000129699707)
EpochMetrics(epoch=188, total_rounds=80, total_fda_steps=1102, accuracy=0.9811999797821045)
EpochMetrics(epoch=189, total_rounds=80, total_fda_steps=1108, accuracy=0.9815999865531921)
EpochMetrics(epoch=190, total_rounds=80, total_fda_steps=1114, accuracy=0.9814000129699707)
EpochMetrics(epoch=191, total_rounds=81, total_fda_steps=1120, accuracy=0.9815999865531921)
EpochMetrics(epoch=192, total_rounds=81, total_fda_steps=1125, accuracy=0.9821000099182129)
EpochMetrics(epoch=193, total_rounds=82, total_fda_steps=1131, accuracy=0.9817000031471252)
EpochMetrics(epoch=194, total_rounds=82, total_fda_steps=1137, accuracy=0.9824000000953674)
EpochMetrics(epoch=195, total_rounds=82, total_fda_steps=1143, accuracy=0.982699990272522)
EpochMetrics(epoch=196, total_rounds=83, total_fda_steps=1149, accuracy=0.9821000099182129)
EpochMetrics(epoch=197, total_rounds=83, total_fda_steps=1155, accuracy=0.9829000234603882)
EpochMetrics(epoch=198, total_rounds=83, total_fda_steps=1161, accuracy=0.9829000234603882)
EpochMetrics(epoch=199, total_rounds=84, total_fda_steps=1167, accuracy=0.9825999736785889)
EpochMetrics(epoch=200, total_rounds=84, total_fda_steps=1172, accuracy=0.9829000234603882)
EpochMetrics(epoch=201, total_rounds=84, total_fda_steps=1178, accuracy=0.9825000166893005)
EpochMetrics(epoch=202, total_rounds=85, total_fda_steps=1184, accuracy=0.982699990272522)
EpochMetrics(epoch=203, total_rounds=85, total_fda_steps=1190, accuracy=0.9829000234603882)
EpochMetrics(epoch=204, total_rounds=85, total_fda_steps=1196, accuracy=0.9829999804496765)
EpochMetrics(epoch=205, total_rounds=86, total_fda_steps=1202, accuracy=0.9825999736785889)
EpochMetrics(epoch=206, total_rounds=86, total_fda_steps=1208, accuracy=0.9829999804496765)
EpochMetrics(epoch=207, total_rounds=86, total_fda_steps=1213, accuracy=0.983299970626831)
EpochMetrics(epoch=208, total_rounds=87, total_fda_steps=1219, accuracy=0.9829000234603882)
EpochMetrics(epoch=209, total_rounds=87, total_fda_steps=1225, accuracy=0.9832000136375427)
EpochMetrics(epoch=210, total_rounds=87, total_fda_steps=1231, accuracy=0.9833999872207642)
EpochMetrics(epoch=211, total_rounds=88, total_fda_steps=1237, accuracy=0.9836000204086304)
EpochMetrics(epoch=212, total_rounds=88, total_fda_steps=1243, accuracy=0.9836000204086304)
EpochMetrics(epoch=213, total_rounds=89, total_fda_steps=1249, accuracy=0.9835000038146973)
EpochMetrics(epoch=214, total_rounds=89, total_fda_steps=1254, accuracy=0.983299970626831)
EpochMetrics(epoch=215, total_rounds=89, total_fda_steps=1260, accuracy=0.983299970626831)
EpochMetrics(epoch=216, total_rounds=90, total_fda_steps=1266, accuracy=0.9833999872207642)
EpochMetrics(epoch=217, total_rounds=90, total_fda_steps=1272, accuracy=0.983299970626831)
EpochMetrics(epoch=218, total_rounds=90, total_fda_steps=1278, accuracy=0.9833999872207642)
EpochMetrics(epoch=219, total_rounds=91, total_fda_steps=1284, accuracy=0.9835000038146973)
EpochMetrics(epoch=220, total_rounds=91, total_fda_steps=1290, accuracy=0.9836000204086304)
EpochMetrics(epoch=221, total_rounds=91, total_fda_steps=1295, accuracy=0.9836000204086304)
EpochMetrics(epoch=222, total_rounds=92, total_fda_steps=1301, accuracy=0.9839000105857849)
EpochMetrics(epoch=223, total_rounds=92, total_fda_steps=1307, accuracy=0.9836000204086304)
EpochMetrics(epoch=224, total_rounds=92, total_fda_steps=1313, accuracy=0.9837999939918518)
EpochMetrics(epoch=225, total_rounds=93, total_fda_steps=1319, accuracy=0.9835000038146973)
EpochMetrics(epoch=226, total_rounds=93, total_fda_steps=1325, accuracy=0.984000027179718)
EpochMetrics(epoch=227, total_rounds=93, total_fda_steps=1331, accuracy=0.9842000007629395)
EpochMetrics(epoch=228, total_rounds=94, total_fda_steps=1336, accuracy=0.9837999939918518)
EpochMetrics(epoch=229, total_rounds=94, total_fda_steps=1342, accuracy=0.9836000204086304)
EpochMetrics(epoch=230, total_rounds=94, total_fda_steps=1348, accuracy=0.9837999939918518)
EpochMetrics(epoch=231, total_rounds=95, total_fda_steps=1354, accuracy=0.984000027179718)
EpochMetrics(epoch=232, total_rounds=95, total_fda_steps=1360, accuracy=0.9837999939918518)
EpochMetrics(epoch=233, total_rounds=95, total_fda_steps=1366, accuracy=0.9842000007629395)
EpochMetrics(epoch=234, total_rounds=96, total_fda_steps=1372, accuracy=0.9837999939918518)
EpochMetrics(epoch=235, total_rounds=96, total_fda_steps=1377, accuracy=0.9843000173568726)
EpochMetrics(epoch=236, total_rounds=96, total_fda_steps=1383, accuracy=0.9840999841690063)
EpochMetrics(epoch=237, total_rounds=97, total_fda_steps=1389, accuracy=0.9839000105857849)
EpochMetrics(epoch=238, total_rounds=97, total_fda_steps=1395, accuracy=0.984000027179718)
EpochMetrics(epoch=239, total_rounds=97, total_fda_steps=1401, accuracy=0.9842000007629395)
EpochMetrics(epoch=240, total_rounds=98, total_fda_steps=1407, accuracy=0.9842000007629395)
EpochMetrics(epoch=241, total_rounds=98, total_fda_steps=1413, accuracy=0.984000027179718)
EpochMetrics(epoch=242, total_rounds=98, total_fda_steps=1418, accuracy=0.9843999743461609)
EpochMetrics(epoch=243, total_rounds=99, total_fda_steps=1424, accuracy=0.9843000173568726)
EpochMetrics(epoch=244, total_rounds=99, total_fda_steps=1430, accuracy=0.9842000007629395)
EpochMetrics(epoch=245, total_rounds=99, total_fda_steps=1436, accuracy=0.9847000241279602)
EpochMetrics(epoch=246, total_rounds=100, total_fda_steps=1442, accuracy=0.9846000075340271)
EpochMetrics(epoch=247, total_rounds=100, total_fda_steps=1448, accuracy=0.9847999811172485)
EpochMetrics(epoch=248, total_rounds=100, total_fda_steps=1454, accuracy=0.9846000075340271)
EpochMetrics(epoch=249, total_rounds=101, total_fda_steps=1459, accuracy=0.9846000075340271)
EpochMetrics(epoch=250, total_rounds=101, total_fda_steps=1465, accuracy=0.9846000075340271)
EpochMetrics(epoch=251, total_rounds=101, total_fda_steps=1471, accuracy=0.984499990940094)
EpochMetrics(epoch=252, total_rounds=102, total_fda_steps=1477, accuracy=0.9846000075340271)
EpochMetrics(epoch=253, total_rounds=102, total_fda_steps=1483, accuracy=0.9847999811172485)
EpochMetrics(epoch=254, total_rounds=102, total_fda_steps=1489, accuracy=0.9846000075340271)
EpochMetrics(epoch=255, total_rounds=103, total_fda_steps=1495, accuracy=0.9850999712944031)
EpochMetrics(epoch=256, total_rounds=103, total_fda_steps=1500, accuracy=0.9846000075340271)
EpochMetrics(epoch=257, total_rounds=103, total_fda_steps=1506, accuracy=0.9847000241279602)
EpochMetrics(epoch=258, total_rounds=104, total_fda_steps=1512, accuracy=0.9848999977111816)
EpochMetrics(epoch=259, total_rounds=104, total_fda_steps=1518, accuracy=0.9847000241279602)
EpochMetrics(epoch=260, total_rounds=104, total_fda_steps=1524, accuracy=0.9846000075340271)
EpochMetrics(epoch=261, total_rounds=105, total_fda_steps=1530, accuracy=0.9847999811172485)
EpochMetrics(epoch=262, total_rounds=105, total_fda_steps=1536, accuracy=0.9847999811172485)
EpochMetrics(epoch=263, total_rounds=105, total_fda_steps=1542, accuracy=0.9846000075340271)
EpochMetrics(epoch=264, total_rounds=105, total_fda_steps=1547, accuracy=0.9846000075340271)
EpochMetrics(epoch=265, total_rounds=106, total_fda_steps=1553, accuracy=0.9850999712944031)
EpochMetrics(epoch=266, total_rounds=106, total_fda_steps=1559, accuracy=0.9846000075340271)
EpochMetrics(epoch=267, total_rounds=106, total_fda_steps=1565, accuracy=0.9848999977111816)
EpochMetrics(epoch=268, total_rounds=107, total_fda_steps=1571, accuracy=0.9851999878883362)
EpochMetrics(epoch=269, total_rounds=107, total_fda_steps=1577, accuracy=0.984499990940094)
EpochMetrics(epoch=270, total_rounds=107, total_fda_steps=1583, accuracy=0.9848999977111816)
EpochMetrics(epoch=271, total_rounds=108, total_fda_steps=1588, accuracy=0.9853000044822693)
EpochMetrics(epoch=272, total_rounds=108, total_fda_steps=1594, accuracy=0.9851999878883362)
EpochMetrics(epoch=273, total_rounds=108, total_fda_steps=1600, accuracy=0.9850000143051147)
EpochMetrics(epoch=274, total_rounds=109, total_fda_steps=1606, accuracy=0.9851999878883362)
EpochMetrics(epoch=275, total_rounds=109, total_fda_steps=1612, accuracy=0.9854000210762024)
EpochMetrics(epoch=276, total_rounds=109, total_fda_steps=1618, accuracy=0.9855999946594238)
EpochMetrics(epoch=277, total_rounds=110, total_fda_steps=1624, accuracy=0.9850000143051147)
EpochMetrics(epoch=278, total_rounds=110, total_fda_steps=1629, accuracy=0.9850999712944031)
EpochMetrics(epoch=279, total_rounds=110, total_fda_steps=1635, accuracy=0.9854000210762024)
EpochMetrics(epoch=280, total_rounds=111, total_fda_steps=1641, accuracy=0.9854000210762024)
EpochMetrics(epoch=281, total_rounds=111, total_fda_steps=1647, accuracy=0.9854999780654907)
EpochMetrics(epoch=282, total_rounds=111, total_fda_steps=1653, accuracy=0.9857000112533569)
EpochMetrics(epoch=283, total_rounds=112, total_fda_steps=1659, accuracy=0.9853000044822693)
EpochMetrics(epoch=284, total_rounds=112, total_fda_steps=1665, accuracy=0.9853000044822693)
EpochMetrics(epoch=285, total_rounds=112, total_fda_steps=1670, accuracy=0.9854999780654907)
EpochMetrics(epoch=286, total_rounds=112, total_fda_steps=1676, accuracy=0.9854000210762024)
EpochMetrics(epoch=287, total_rounds=113, total_fda_steps=1682, accuracy=0.9855999946594238)
EpochMetrics(epoch=288, total_rounds=113, total_fda_steps=1688, accuracy=0.9854000210762024)
EpochMetrics(epoch=289, total_rounds=113, total_fda_steps=1694, accuracy=0.9854999780654907)
EpochMetrics(epoch=290, total_rounds=114, total_fda_steps=1700, accuracy=0.9851999878883362)
EpochMetrics(epoch=291, total_rounds=114, total_fda_steps=1706, accuracy=0.9854999780654907)
EpochMetrics(epoch=292, total_rounds=114, total_fda_steps=1711, accuracy=0.9857000112533569)
EpochMetrics(epoch=293, total_rounds=115, total_fda_steps=1717, accuracy=0.9855999946594238)
EpochMetrics(epoch=294, total_rounds=115, total_fda_steps=1723, accuracy=0.9854000210762024)
EpochMetrics(epoch=295, total_rounds=115, total_fda_steps=1729, accuracy=0.98580002784729)
EpochMetrics(epoch=296, total_rounds=115, total_fda_steps=1735, accuracy=0.9855999946594238)
EpochMetrics(epoch=297, total_rounds=116, total_fda_steps=1741, accuracy=0.9858999848365784)
EpochMetrics(epoch=298, total_rounds=116, total_fda_steps=1747, accuracy=0.9854999780654907)
EpochMetrics(epoch=299, total_rounds=116, total_fda_steps=1752, accuracy=0.9858999848365784)
EpochMetrics(epoch=300, total_rounds=117, total_fda_steps=1758, accuracy=0.9854999780654907)
EpochMetrics(epoch=301, total_rounds=117, total_fda_steps=1764, accuracy=0.9858999848365784)
EpochMetrics(epoch=302, total_rounds=117, total_fda_steps=1770, accuracy=0.9861000180244446)
EpochMetrics(epoch=303, total_rounds=118, total_fda_steps=1776, accuracy=0.9857000112533569)
EpochMetrics(epoch=304, total_rounds=118, total_fda_steps=1782, accuracy=0.98580002784729)
EpochMetrics(epoch=305, total_rounds=118, total_fda_steps=1788, accuracy=0.9858999848365784)
EpochMetrics(epoch=306, total_rounds=118, total_fda_steps=1793, accuracy=0.9860000014305115)
EpochMetrics(epoch=307, total_rounds=119, total_fda_steps=1799, accuracy=0.9861999750137329)
EpochMetrics(epoch=308, total_rounds=119, total_fda_steps=1805, accuracy=0.9865000247955322)
EpochMetrics(epoch=309, total_rounds=119, total_fda_steps=1811, accuracy=0.98580002784729)
EpochMetrics(epoch=310, total_rounds=120, total_fda_steps=1817, accuracy=0.9858999848365784)
EpochMetrics(epoch=311, total_rounds=120, total_fda_steps=1823, accuracy=0.9861000180244446)
EpochMetrics(epoch=312, total_rounds=120, total_fda_steps=1829, accuracy=0.986299991607666)
EpochMetrics(epoch=313, total_rounds=121, total_fda_steps=1834, accuracy=0.9857000112533569)
EpochMetrics(epoch=314, total_rounds=121, total_fda_steps=1840, accuracy=0.9861000180244446)
EpochMetrics(epoch=315, total_rounds=121, total_fda_steps=1846, accuracy=0.9865999817848206)
EpochMetrics(epoch=316, total_rounds=121, total_fda_steps=1852, accuracy=0.9861999750137329)
EpochMetrics(epoch=317, total_rounds=122, total_fda_steps=1858, accuracy=0.9861000180244446)
EpochMetrics(epoch=318, total_rounds=122, total_fda_steps=1864, accuracy=0.9864000082015991)
EpochMetrics(epoch=319, total_rounds=122, total_fda_steps=1870, accuracy=0.9865000247955322)
EpochMetrics(epoch=320, total_rounds=123, total_fda_steps=1875, accuracy=0.9861000180244446)
EpochMetrics(epoch=321, total_rounds=123, total_fda_steps=1881, accuracy=0.9861000180244446)
EpochMetrics(epoch=322, total_rounds=123, total_fda_steps=1887, accuracy=0.9864000082015991)
EpochMetrics(epoch=323, total_rounds=123, total_fda_steps=1893, accuracy=0.9861000180244446)
EpochMetrics(epoch=324, total_rounds=124, total_fda_steps=1899, accuracy=0.9860000014305115)
EpochMetrics(epoch=325, total_rounds=124, total_fda_steps=1905, accuracy=0.98580002784729)
EpochMetrics(epoch=326, total_rounds=124, total_fda_steps=1911, accuracy=0.9864000082015991)
EpochMetrics(epoch=327, total_rounds=125, total_fda_steps=1917, accuracy=0.9860000014305115)
EpochMetrics(epoch=328, total_rounds=125, total_fda_steps=1922, accuracy=0.9861000180244446)
EpochMetrics(epoch=329, total_rounds=125, total_fda_steps=1928, accuracy=0.9861999750137329)
EpochMetrics(epoch=330, total_rounds=126, total_fda_steps=1934, accuracy=0.9857000112533569)
EpochMetrics(epoch=331, total_rounds=126, total_fda_steps=1940, accuracy=0.9860000014305115)
EpochMetrics(epoch=332, total_rounds=126, total_fda_steps=1946, accuracy=0.986299991607666)
EpochMetrics(epoch=333, total_rounds=126, total_fda_steps=1952, accuracy=0.9858999848365784)
EpochMetrics(epoch=334, total_rounds=127, total_fda_steps=1958, accuracy=0.9861000180244446)
EpochMetrics(epoch=335, total_rounds=127, total_fda_steps=1963, accuracy=0.9868999719619751)
EpochMetrics(epoch=336, total_rounds=127, total_fda_steps=1969, accuracy=0.9860000014305115)
EpochMetrics(epoch=337, total_rounds=128, total_fda_steps=1975, accuracy=0.9860000014305115)
EpochMetrics(epoch=338, total_rounds=128, total_fda_steps=1981, accuracy=0.986299991607666)
EpochMetrics(epoch=339, total_rounds=128, total_fda_steps=1987, accuracy=0.9868999719619751)
EpochMetrics(epoch=340, total_rounds=128, total_fda_steps=1993, accuracy=0.986299991607666)
EpochMetrics(epoch=341, total_rounds=129, total_fda_steps=1999, accuracy=0.9861000180244446)
EpochMetrics(epoch=342, total_rounds=129, total_fda_steps=2004, accuracy=0.9868000149726868)
EpochMetrics(epoch=343, total_rounds=129, total_fda_steps=2010, accuracy=0.9864000082015991)
EpochMetrics(epoch=344, total_rounds=129, total_fda_steps=2016, accuracy=0.9861000180244446)
EpochMetrics(epoch=345, total_rounds=130, total_fda_steps=2022, accuracy=0.9865000247955322)
EpochMetrics(epoch=346, total_rounds=130, total_fda_steps=2028, accuracy=0.9857000112533569)
EpochMetrics(epoch=347, total_rounds=130, total_fda_steps=2034, accuracy=0.986299991607666)
EpochMetrics(epoch=348, total_rounds=131, total_fda_steps=2040, accuracy=0.986299991607666)
EpochMetrics(epoch=349, total_rounds=131, total_fda_steps=2045, accuracy=0.9865000247955322)
EpochMetrics(epoch=350, total_rounds=131, total_fda_steps=2051, accuracy=0.9861999750137329)

------------ Finished Testing : ------------
NN name : LeNet-5
FDA name : sketch
Num Clients : 40
Batch size : 256
Num Epochs : 350
Number of steps until we check RTC : 1
Theta : 0.5
Total simulation time: 13854.600500106812 sec
-----------------------------------------

