Num GPUs Available:  1

------------ Current Test : ------------
NN name : LeNet-5
FDA name : sketch
Num Clients : 15
Batch size : 64
Num Epochs : 350
Number of steps until we check RTC : 1
Theta : 0.5
-----------------------------------------

retracing `sketch_for_vector`
EpochMetrics(epoch=1, total_rounds=4, total_fda_steps=63, accuracy=0.8774999976158142)
EpochMetrics(epoch=2, total_rounds=7, total_fda_steps=125, accuracy=0.9057999849319458)
EpochMetrics(epoch=3, total_rounds=9, total_fda_steps=188, accuracy=0.9212999939918518)
EpochMetrics(epoch=4, total_rounds=12, total_fda_steps=250, accuracy=0.9322999715805054)
EpochMetrics(epoch=5, total_rounds=14, total_fda_steps=313, accuracy=0.9380000233650208)
EpochMetrics(epoch=6, total_rounds=17, total_fda_steps=375, accuracy=0.9451000094413757)
EpochMetrics(epoch=7, total_rounds=20, total_fda_steps=438, accuracy=0.9495000243186951)
EpochMetrics(epoch=8, total_rounds=23, total_fda_steps=500, accuracy=0.9545999765396118)
EpochMetrics(epoch=9, total_rounds=25, total_fda_steps=563, accuracy=0.957099974155426)
EpochMetrics(epoch=10, total_rounds=28, total_fda_steps=625, accuracy=0.9592000246047974)
EpochMetrics(epoch=11, total_rounds=31, total_fda_steps=688, accuracy=0.9628000259399414)
EpochMetrics(epoch=12, total_rounds=34, total_fda_steps=750, accuracy=0.9652000069618225)
EpochMetrics(epoch=13, total_rounds=37, total_fda_steps=813, accuracy=0.965399980545044)
EpochMetrics(epoch=14, total_rounds=39, total_fda_steps=875, accuracy=0.9678000211715698)
EpochMetrics(epoch=15, total_rounds=42, total_fda_steps=938, accuracy=0.9674999713897705)
EpochMetrics(epoch=16, total_rounds=45, total_fda_steps=1000, accuracy=0.9696999788284302)
EpochMetrics(epoch=17, total_rounds=48, total_fda_steps=1063, accuracy=0.9710000157356262)
EpochMetrics(epoch=18, total_rounds=51, total_fda_steps=1125, accuracy=0.972000002861023)
EpochMetrics(epoch=19, total_rounds=54, total_fda_steps=1188, accuracy=0.9726999998092651)
EpochMetrics(epoch=20, total_rounds=56, total_fda_steps=1250, accuracy=0.9731000065803528)
EpochMetrics(epoch=21, total_rounds=59, total_fda_steps=1313, accuracy=0.9746000170707703)
EpochMetrics(epoch=22, total_rounds=62, total_fda_steps=1375, accuracy=0.9753999710083008)
EpochMetrics(epoch=23, total_rounds=65, total_fda_steps=1438, accuracy=0.9772999882698059)
EpochMetrics(epoch=24, total_rounds=68, total_fda_steps=1500, accuracy=0.9768999814987183)
EpochMetrics(epoch=25, total_rounds=71, total_fda_steps=1563, accuracy=0.9776999950408936)
EpochMetrics(epoch=26, total_rounds=73, total_fda_steps=1625, accuracy=0.9776999950408936)
EpochMetrics(epoch=27, total_rounds=76, total_fda_steps=1688, accuracy=0.9785000085830688)
EpochMetrics(epoch=28, total_rounds=79, total_fda_steps=1750, accuracy=0.979200005531311)
EpochMetrics(epoch=29, total_rounds=82, total_fda_steps=1813, accuracy=0.9789999723434448)
EpochMetrics(epoch=30, total_rounds=84, total_fda_steps=1875, accuracy=0.980400025844574)
EpochMetrics(epoch=31, total_rounds=87, total_fda_steps=1938, accuracy=0.9805999994277954)
EpochMetrics(epoch=32, total_rounds=90, total_fda_steps=2000, accuracy=0.9807000160217285)
EpochMetrics(epoch=33, total_rounds=93, total_fda_steps=2063, accuracy=0.9807000160217285)
EpochMetrics(epoch=34, total_rounds=95, total_fda_steps=2125, accuracy=0.9805999994277954)
EpochMetrics(epoch=35, total_rounds=98, total_fda_steps=2188, accuracy=0.9819999933242798)
EpochMetrics(epoch=36, total_rounds=101, total_fda_steps=2250, accuracy=0.9817000031471252)
EpochMetrics(epoch=37, total_rounds=103, total_fda_steps=2313, accuracy=0.9822999835014343)
EpochMetrics(epoch=38, total_rounds=106, total_fda_steps=2375, accuracy=0.9819999933242798)
EpochMetrics(epoch=39, total_rounds=109, total_fda_steps=2438, accuracy=0.9818999767303467)
EpochMetrics(epoch=40, total_rounds=111, total_fda_steps=2500, accuracy=0.9825999736785889)
EpochMetrics(epoch=41, total_rounds=114, total_fda_steps=2563, accuracy=0.9825000166893005)
EpochMetrics(epoch=42, total_rounds=116, total_fda_steps=2625, accuracy=0.982699990272522)
EpochMetrics(epoch=43, total_rounds=119, total_fda_steps=2688, accuracy=0.9833999872207642)
EpochMetrics(epoch=44, total_rounds=122, total_fda_steps=2750, accuracy=0.9839000105857849)
EpochMetrics(epoch=45, total_rounds=124, total_fda_steps=2813, accuracy=0.9843000173568726)
EpochMetrics(epoch=46, total_rounds=127, total_fda_steps=2875, accuracy=0.9846000075340271)
EpochMetrics(epoch=47, total_rounds=129, total_fda_steps=2938, accuracy=0.984499990940094)
EpochMetrics(epoch=48, total_rounds=132, total_fda_steps=3000, accuracy=0.9840999841690063)
EpochMetrics(epoch=49, total_rounds=134, total_fda_steps=3063, accuracy=0.9847000241279602)
EpochMetrics(epoch=50, total_rounds=137, total_fda_steps=3125, accuracy=0.984499990940094)
EpochMetrics(epoch=51, total_rounds=139, total_fda_steps=3188, accuracy=0.9843000173568726)
EpochMetrics(epoch=52, total_rounds=142, total_fda_steps=3250, accuracy=0.9847000241279602)
EpochMetrics(epoch=53, total_rounds=144, total_fda_steps=3313, accuracy=0.9836999773979187)
EpochMetrics(epoch=54, total_rounds=147, total_fda_steps=3375, accuracy=0.9846000075340271)
EpochMetrics(epoch=55, total_rounds=149, total_fda_steps=3438, accuracy=0.9854999780654907)
EpochMetrics(epoch=56, total_rounds=152, total_fda_steps=3500, accuracy=0.9848999977111816)
EpochMetrics(epoch=57, total_rounds=154, total_fda_steps=3563, accuracy=0.9847999811172485)
EpochMetrics(epoch=58, total_rounds=157, total_fda_steps=3625, accuracy=0.9843999743461609)
EpochMetrics(epoch=59, total_rounds=159, total_fda_steps=3688, accuracy=0.9846000075340271)
EpochMetrics(epoch=60, total_rounds=162, total_fda_steps=3750, accuracy=0.98580002784729)
EpochMetrics(epoch=61, total_rounds=164, total_fda_steps=3813, accuracy=0.9850999712944031)
EpochMetrics(epoch=62, total_rounds=166, total_fda_steps=3875, accuracy=0.9855999946594238)
EpochMetrics(epoch=63, total_rounds=169, total_fda_steps=3938, accuracy=0.9854000210762024)
EpochMetrics(epoch=64, total_rounds=171, total_fda_steps=4000, accuracy=0.9850999712944031)
EpochMetrics(epoch=65, total_rounds=174, total_fda_steps=4063, accuracy=0.98580002784729)
EpochMetrics(epoch=66, total_rounds=176, total_fda_steps=4125, accuracy=0.9854999780654907)
EpochMetrics(epoch=67, total_rounds=178, total_fda_steps=4188, accuracy=0.9848999977111816)
EpochMetrics(epoch=68, total_rounds=181, total_fda_steps=4250, accuracy=0.9857000112533569)
EpochMetrics(epoch=69, total_rounds=183, total_fda_steps=4313, accuracy=0.9854000210762024)
EpochMetrics(epoch=70, total_rounds=185, total_fda_steps=4375, accuracy=0.9860000014305115)
EpochMetrics(epoch=71, total_rounds=188, total_fda_steps=4438, accuracy=0.9864000082015991)
EpochMetrics(epoch=72, total_rounds=190, total_fda_steps=4500, accuracy=0.9865000247955322)
EpochMetrics(epoch=73, total_rounds=192, total_fda_steps=4563, accuracy=0.9861999750137329)
EpochMetrics(epoch=74, total_rounds=195, total_fda_steps=4625, accuracy=0.9865999817848206)
EpochMetrics(epoch=75, total_rounds=197, total_fda_steps=4688, accuracy=0.9858999848365784)
EpochMetrics(epoch=76, total_rounds=199, total_fda_steps=4750, accuracy=0.9855999946594238)
EpochMetrics(epoch=77, total_rounds=202, total_fda_steps=4813, accuracy=0.9864000082015991)
EpochMetrics(epoch=78, total_rounds=204, total_fda_steps=4875, accuracy=0.9865999817848206)
EpochMetrics(epoch=79, total_rounds=207, total_fda_steps=4938, accuracy=0.9869999885559082)
EpochMetrics(epoch=80, total_rounds=209, total_fda_steps=5000, accuracy=0.9868000149726868)
EpochMetrics(epoch=81, total_rounds=211, total_fda_steps=5063, accuracy=0.9865999817848206)
EpochMetrics(epoch=82, total_rounds=213, total_fda_steps=5125, accuracy=0.9871000051498413)
EpochMetrics(epoch=83, total_rounds=216, total_fda_steps=5188, accuracy=0.9861999750137329)
EpochMetrics(epoch=84, total_rounds=218, total_fda_steps=5250, accuracy=0.9868000149726868)
EpochMetrics(epoch=85, total_rounds=220, total_fda_steps=5313, accuracy=0.9868999719619751)
EpochMetrics(epoch=86, total_rounds=223, total_fda_steps=5375, accuracy=0.9868000149726868)
EpochMetrics(epoch=87, total_rounds=225, total_fda_steps=5438, accuracy=0.9868999719619751)
EpochMetrics(epoch=88, total_rounds=228, total_fda_steps=5500, accuracy=0.9871000051498413)
EpochMetrics(epoch=89, total_rounds=230, total_fda_steps=5563, accuracy=0.9878000020980835)
EpochMetrics(epoch=90, total_rounds=232, total_fda_steps=5625, accuracy=0.9869999885559082)
EpochMetrics(epoch=91, total_rounds=234, total_fda_steps=5688, accuracy=0.986299991607666)
EpochMetrics(epoch=92, total_rounds=236, total_fda_steps=5750, accuracy=0.9868999719619751)
EpochMetrics(epoch=93, total_rounds=238, total_fda_steps=5813, accuracy=0.9871000051498413)
EpochMetrics(epoch=94, total_rounds=241, total_fda_steps=5875, accuracy=0.9872000217437744)
EpochMetrics(epoch=95, total_rounds=243, total_fda_steps=5938, accuracy=0.9869999885559082)
EpochMetrics(epoch=96, total_rounds=244, total_fda_steps=6000, accuracy=0.9879999756813049)
EpochMetrics(epoch=97, total_rounds=246, total_fda_steps=6063, accuracy=0.9876000285148621)
EpochMetrics(epoch=98, total_rounds=249, total_fda_steps=6125, accuracy=0.9873999953269958)
EpochMetrics(epoch=99, total_rounds=251, total_fda_steps=6188, accuracy=0.9873999953269958)
EpochMetrics(epoch=100, total_rounds=253, total_fda_steps=6250, accuracy=0.9871000051498413)
EpochMetrics(epoch=101, total_rounds=255, total_fda_steps=6313, accuracy=0.9872000217437744)
EpochMetrics(epoch=102, total_rounds=258, total_fda_steps=6375, accuracy=0.9869999885559082)
EpochMetrics(epoch=103, total_rounds=260, total_fda_steps=6438, accuracy=0.9876000285148621)
EpochMetrics(epoch=104, total_rounds=262, total_fda_steps=6500, accuracy=0.9873999953269958)
EpochMetrics(epoch=105, total_rounds=264, total_fda_steps=6563, accuracy=0.9876000285148621)
EpochMetrics(epoch=106, total_rounds=266, total_fda_steps=6625, accuracy=0.9872000217437744)
EpochMetrics(epoch=107, total_rounds=268, total_fda_steps=6688, accuracy=0.9879000186920166)
EpochMetrics(epoch=108, total_rounds=271, total_fda_steps=6750, accuracy=0.9876000285148621)
EpochMetrics(epoch=109, total_rounds=273, total_fda_steps=6813, accuracy=0.9872999787330627)
EpochMetrics(epoch=110, total_rounds=275, total_fda_steps=6875, accuracy=0.9879999756813049)
EpochMetrics(epoch=111, total_rounds=277, total_fda_steps=6938, accuracy=0.9876000285148621)
EpochMetrics(epoch=112, total_rounds=280, total_fda_steps=7000, accuracy=0.9876000285148621)
EpochMetrics(epoch=113, total_rounds=282, total_fda_steps=7063, accuracy=0.987500011920929)
EpochMetrics(epoch=114, total_rounds=283, total_fda_steps=7125, accuracy=0.9872999787330627)
EpochMetrics(epoch=115, total_rounds=286, total_fda_steps=7188, accuracy=0.9876999855041504)
EpochMetrics(epoch=116, total_rounds=288, total_fda_steps=7250, accuracy=0.9872999787330627)
EpochMetrics(epoch=117, total_rounds=290, total_fda_steps=7313, accuracy=0.9876000285148621)
EpochMetrics(epoch=118, total_rounds=292, total_fda_steps=7375, accuracy=0.9879000186920166)
EpochMetrics(epoch=119, total_rounds=294, total_fda_steps=7438, accuracy=0.9882000088691711)
EpochMetrics(epoch=120, total_rounds=296, total_fda_steps=7500, accuracy=0.9872999787330627)
EpochMetrics(epoch=121, total_rounds=299, total_fda_steps=7563, accuracy=0.9871000051498413)
EpochMetrics(epoch=122, total_rounds=301, total_fda_steps=7625, accuracy=0.9871000051498413)
EpochMetrics(epoch=123, total_rounds=303, total_fda_steps=7688, accuracy=0.9871000051498413)
EpochMetrics(epoch=124, total_rounds=305, total_fda_steps=7750, accuracy=0.9878000020980835)
EpochMetrics(epoch=125, total_rounds=307, total_fda_steps=7813, accuracy=0.9872999787330627)
EpochMetrics(epoch=126, total_rounds=310, total_fda_steps=7875, accuracy=0.9868999719619751)
EpochMetrics(epoch=127, total_rounds=312, total_fda_steps=7938, accuracy=0.9879999756813049)
EpochMetrics(epoch=128, total_rounds=314, total_fda_steps=8000, accuracy=0.9878000020980835)
EpochMetrics(epoch=129, total_rounds=316, total_fda_steps=8063, accuracy=0.9886999726295471)
EpochMetrics(epoch=130, total_rounds=319, total_fda_steps=8125, accuracy=0.988099992275238)
EpochMetrics(epoch=131, total_rounds=321, total_fda_steps=8188, accuracy=0.9879999756813049)
EpochMetrics(epoch=132, total_rounds=323, total_fda_steps=8250, accuracy=0.9883000254631042)
EpochMetrics(epoch=133, total_rounds=325, total_fda_steps=8313, accuracy=0.9879999756813049)
EpochMetrics(epoch=134, total_rounds=328, total_fda_steps=8375, accuracy=0.9876000285148621)
EpochMetrics(epoch=135, total_rounds=330, total_fda_steps=8438, accuracy=0.9876999855041504)
EpochMetrics(epoch=136, total_rounds=332, total_fda_steps=8500, accuracy=0.9876000285148621)
EpochMetrics(epoch=137, total_rounds=334, total_fda_steps=8563, accuracy=0.9872000217437744)
EpochMetrics(epoch=138, total_rounds=335, total_fda_steps=8625, accuracy=0.9876000285148621)
EpochMetrics(epoch=139, total_rounds=337, total_fda_steps=8688, accuracy=0.987500011920929)
EpochMetrics(epoch=140, total_rounds=339, total_fda_steps=8750, accuracy=0.9876999855041504)
EpochMetrics(epoch=141, total_rounds=341, total_fda_steps=8813, accuracy=0.9873999953269958)
EpochMetrics(epoch=142, total_rounds=344, total_fda_steps=8875, accuracy=0.9868000149726868)
EpochMetrics(epoch=143, total_rounds=346, total_fda_steps=8938, accuracy=0.9879000186920166)
EpochMetrics(epoch=144, total_rounds=348, total_fda_steps=9000, accuracy=0.9883999824523926)
EpochMetrics(epoch=145, total_rounds=350, total_fda_steps=9063, accuracy=0.9879000186920166)
EpochMetrics(epoch=146, total_rounds=352, total_fda_steps=9125, accuracy=0.9882000088691711)
EpochMetrics(epoch=147, total_rounds=355, total_fda_steps=9188, accuracy=0.9879999756813049)
EpochMetrics(epoch=148, total_rounds=357, total_fda_steps=9250, accuracy=0.9878000020980835)
EpochMetrics(epoch=149, total_rounds=359, total_fda_steps=9313, accuracy=0.9876999855041504)
EpochMetrics(epoch=150, total_rounds=362, total_fda_steps=9375, accuracy=0.9876999855041504)
EpochMetrics(epoch=151, total_rounds=364, total_fda_steps=9438, accuracy=0.9884999990463257)
EpochMetrics(epoch=152, total_rounds=366, total_fda_steps=9500, accuracy=0.9884999990463257)
EpochMetrics(epoch=153, total_rounds=368, total_fda_steps=9563, accuracy=0.9882000088691711)
EpochMetrics(epoch=154, total_rounds=370, total_fda_steps=9625, accuracy=0.9876000285148621)
EpochMetrics(epoch=155, total_rounds=372, total_fda_steps=9688, accuracy=0.988099992275238)
EpochMetrics(epoch=156, total_rounds=375, total_fda_steps=9750, accuracy=0.9883000254631042)
EpochMetrics(epoch=157, total_rounds=377, total_fda_steps=9813, accuracy=0.9883999824523926)
EpochMetrics(epoch=158, total_rounds=379, total_fda_steps=9875, accuracy=0.9876999855041504)
EpochMetrics(epoch=159, total_rounds=381, total_fda_steps=9938, accuracy=0.9883999824523926)
EpochMetrics(epoch=160, total_rounds=383, total_fda_steps=10000, accuracy=0.9868999719619751)
EpochMetrics(epoch=161, total_rounds=386, total_fda_steps=10063, accuracy=0.9879999756813049)
EpochMetrics(epoch=162, total_rounds=388, total_fda_steps=10125, accuracy=0.9879999756813049)
EpochMetrics(epoch=163, total_rounds=389, total_fda_steps=10188, accuracy=0.9876999855041504)
EpochMetrics(epoch=164, total_rounds=391, total_fda_steps=10250, accuracy=0.9872000217437744)
EpochMetrics(epoch=165, total_rounds=393, total_fda_steps=10313, accuracy=0.9876000285148621)
EpochMetrics(epoch=166, total_rounds=396, total_fda_steps=10375, accuracy=0.9873999953269958)
EpochMetrics(epoch=167, total_rounds=398, total_fda_steps=10438, accuracy=0.9873999953269958)
EpochMetrics(epoch=168, total_rounds=400, total_fda_steps=10500, accuracy=0.988099992275238)
EpochMetrics(epoch=169, total_rounds=403, total_fda_steps=10563, accuracy=0.9882000088691711)
EpochMetrics(epoch=170, total_rounds=405, total_fda_steps=10625, accuracy=0.9878000020980835)
EpochMetrics(epoch=171, total_rounds=406, total_fda_steps=10688, accuracy=0.9878000020980835)
EpochMetrics(epoch=172, total_rounds=408, total_fda_steps=10750, accuracy=0.9876000285148621)
EpochMetrics(epoch=173, total_rounds=410, total_fda_steps=10813, accuracy=0.9886000156402588)
EpochMetrics(epoch=174, total_rounds=412, total_fda_steps=10875, accuracy=0.9882000088691711)
EpochMetrics(epoch=175, total_rounds=414, total_fda_steps=10938, accuracy=0.9883000254631042)
EpochMetrics(epoch=176, total_rounds=416, total_fda_steps=11000, accuracy=0.9876000285148621)
EpochMetrics(epoch=177, total_rounds=418, total_fda_steps=11063, accuracy=0.9879000186920166)
EpochMetrics(epoch=178, total_rounds=419, total_fda_steps=11125, accuracy=0.9883000254631042)
EpochMetrics(epoch=179, total_rounds=421, total_fda_steps=11188, accuracy=0.9876999855041504)
EpochMetrics(epoch=180, total_rounds=423, total_fda_steps=11250, accuracy=0.9876999855041504)
EpochMetrics(epoch=181, total_rounds=425, total_fda_steps=11313, accuracy=0.9879000186920166)
EpochMetrics(epoch=182, total_rounds=428, total_fda_steps=11375, accuracy=0.9883000254631042)
EpochMetrics(epoch=183, total_rounds=431, total_fda_steps=11438, accuracy=0.9879000186920166)
EpochMetrics(epoch=184, total_rounds=433, total_fda_steps=11500, accuracy=0.9879000186920166)
EpochMetrics(epoch=185, total_rounds=434, total_fda_steps=11563, accuracy=0.9878000020980835)
EpochMetrics(epoch=186, total_rounds=437, total_fda_steps=11625, accuracy=0.9872999787330627)
EpochMetrics(epoch=187, total_rounds=439, total_fda_steps=11688, accuracy=0.9872000217437744)
EpochMetrics(epoch=188, total_rounds=441, total_fda_steps=11750, accuracy=0.9873999953269958)
EpochMetrics(epoch=189, total_rounds=443, total_fda_steps=11813, accuracy=0.987500011920929)
EpochMetrics(epoch=190, total_rounds=446, total_fda_steps=11875, accuracy=0.9873999953269958)
EpochMetrics(epoch=191, total_rounds=448, total_fda_steps=11938, accuracy=0.9879999756813049)
EpochMetrics(epoch=192, total_rounds=451, total_fda_steps=12000, accuracy=0.987500011920929)
EpochMetrics(epoch=193, total_rounds=453, total_fda_steps=12063, accuracy=0.9878000020980835)
EpochMetrics(epoch=194, total_rounds=455, total_fda_steps=12125, accuracy=0.988099992275238)
EpochMetrics(epoch=195, total_rounds=457, total_fda_steps=12188, accuracy=0.9879000186920166)
EpochMetrics(epoch=196, total_rounds=459, total_fda_steps=12250, accuracy=0.9882000088691711)
EpochMetrics(epoch=197, total_rounds=461, total_fda_steps=12313, accuracy=0.9879000186920166)
EpochMetrics(epoch=198, total_rounds=463, total_fda_steps=12375, accuracy=0.9876000285148621)
EpochMetrics(epoch=199, total_rounds=465, total_fda_steps=12438, accuracy=0.988099992275238)
EpochMetrics(epoch=200, total_rounds=467, total_fda_steps=12500, accuracy=0.9883000254631042)
EpochMetrics(epoch=201, total_rounds=469, total_fda_steps=12563, accuracy=0.9879999756813049)
EpochMetrics(epoch=202, total_rounds=471, total_fda_steps=12625, accuracy=0.9884999990463257)
EpochMetrics(epoch=203, total_rounds=473, total_fda_steps=12688, accuracy=0.9882000088691711)
EpochMetrics(epoch=204, total_rounds=475, total_fda_steps=12750, accuracy=0.9882000088691711)
EpochMetrics(epoch=205, total_rounds=477, total_fda_steps=12813, accuracy=0.988099992275238)
EpochMetrics(epoch=206, total_rounds=479, total_fda_steps=12875, accuracy=0.9879000186920166)
EpochMetrics(epoch=207, total_rounds=481, total_fda_steps=12938, accuracy=0.988099992275238)
EpochMetrics(epoch=208, total_rounds=483, total_fda_steps=13000, accuracy=0.988099992275238)
EpochMetrics(epoch=209, total_rounds=485, total_fda_steps=13063, accuracy=0.9883999824523926)
EpochMetrics(epoch=210, total_rounds=485, total_fda_steps=13125, accuracy=0.9886000156402588)
EpochMetrics(epoch=211, total_rounds=487, total_fda_steps=13188, accuracy=0.9879999756813049)
EpochMetrics(epoch=212, total_rounds=489, total_fda_steps=13250, accuracy=0.9883000254631042)
EpochMetrics(epoch=213, total_rounds=492, total_fda_steps=13313, accuracy=0.9873999953269958)
EpochMetrics(epoch=214, total_rounds=495, total_fda_steps=13375, accuracy=0.988099992275238)
EpochMetrics(epoch=215, total_rounds=496, total_fda_steps=13438, accuracy=0.988099992275238)
EpochMetrics(epoch=216, total_rounds=499, total_fda_steps=13500, accuracy=0.9878000020980835)
EpochMetrics(epoch=217, total_rounds=501, total_fda_steps=13563, accuracy=0.988099992275238)
EpochMetrics(epoch=218, total_rounds=502, total_fda_steps=13625, accuracy=0.988099992275238)
EpochMetrics(epoch=219, total_rounds=505, total_fda_steps=13688, accuracy=0.9879000186920166)
EpochMetrics(epoch=220, total_rounds=507, total_fda_steps=13750, accuracy=0.9878000020980835)
EpochMetrics(epoch=221, total_rounds=509, total_fda_steps=13813, accuracy=0.9879000186920166)
EpochMetrics(epoch=222, total_rounds=511, total_fda_steps=13875, accuracy=0.9873999953269958)
EpochMetrics(epoch=223, total_rounds=513, total_fda_steps=13938, accuracy=0.9872000217437744)
EpochMetrics(epoch=224, total_rounds=516, total_fda_steps=14000, accuracy=0.9882000088691711)
EpochMetrics(epoch=225, total_rounds=519, total_fda_steps=14063, accuracy=0.9878000020980835)
EpochMetrics(epoch=226, total_rounds=521, total_fda_steps=14125, accuracy=0.988099992275238)
EpochMetrics(epoch=227, total_rounds=523, total_fda_steps=14188, accuracy=0.9879000186920166)
EpochMetrics(epoch=228, total_rounds=525, total_fda_steps=14250, accuracy=0.9879000186920166)
EpochMetrics(epoch=229, total_rounds=526, total_fda_steps=14313, accuracy=0.9876999855041504)
EpochMetrics(epoch=230, total_rounds=528, total_fda_steps=14375, accuracy=0.9884999990463257)
EpochMetrics(epoch=231, total_rounds=529, total_fda_steps=14438, accuracy=0.9879999756813049)
EpochMetrics(epoch=232, total_rounds=530, total_fda_steps=14500, accuracy=0.9884999990463257)
EpochMetrics(epoch=233, total_rounds=532, total_fda_steps=14563, accuracy=0.988099992275238)
EpochMetrics(epoch=234, total_rounds=534, total_fda_steps=14625, accuracy=0.9876999855041504)
EpochMetrics(epoch=235, total_rounds=537, total_fda_steps=14688, accuracy=0.9872999787330627)
EpochMetrics(epoch=236, total_rounds=539, total_fda_steps=14750, accuracy=0.988099992275238)
EpochMetrics(epoch=237, total_rounds=541, total_fda_steps=14813, accuracy=0.9876000285148621)
EpochMetrics(epoch=238, total_rounds=543, total_fda_steps=14875, accuracy=0.9878000020980835)
EpochMetrics(epoch=239, total_rounds=545, total_fda_steps=14938, accuracy=0.9879999756813049)
EpochMetrics(epoch=240, total_rounds=547, total_fda_steps=15000, accuracy=0.9883000254631042)
EpochMetrics(epoch=241, total_rounds=549, total_fda_steps=15063, accuracy=0.9878000020980835)
EpochMetrics(epoch=242, total_rounds=551, total_fda_steps=15125, accuracy=0.9876999855041504)
EpochMetrics(epoch=243, total_rounds=551, total_fda_steps=15188, accuracy=0.988099992275238)
EpochMetrics(epoch=244, total_rounds=553, total_fda_steps=15250, accuracy=0.9879999756813049)
EpochMetrics(epoch=245, total_rounds=556, total_fda_steps=15313, accuracy=0.9879999756813049)
EpochMetrics(epoch=246, total_rounds=560, total_fda_steps=15375, accuracy=0.9879000186920166)
EpochMetrics(epoch=247, total_rounds=563, total_fda_steps=15438, accuracy=0.9878000020980835)
EpochMetrics(epoch=248, total_rounds=566, total_fda_steps=15500, accuracy=0.9879999756813049)
EpochMetrics(epoch=249, total_rounds=567, total_fda_steps=15563, accuracy=0.9886999726295471)
EpochMetrics(epoch=250, total_rounds=569, total_fda_steps=15625, accuracy=0.9887999892234802)
EpochMetrics(epoch=251, total_rounds=570, total_fda_steps=15688, accuracy=0.9884999990463257)
EpochMetrics(epoch=252, total_rounds=571, total_fda_steps=15750, accuracy=0.9886999726295471)
EpochMetrics(epoch=253, total_rounds=573, total_fda_steps=15813, accuracy=0.9882000088691711)
EpochMetrics(epoch=254, total_rounds=574, total_fda_steps=15875, accuracy=0.9884999990463257)
EpochMetrics(epoch=255, total_rounds=578, total_fda_steps=15938, accuracy=0.9883999824523926)
EpochMetrics(epoch=256, total_rounds=580, total_fda_steps=16000, accuracy=0.9883000254631042)
EpochMetrics(epoch=257, total_rounds=583, total_fda_steps=16063, accuracy=0.9889000058174133)
EpochMetrics(epoch=258, total_rounds=584, total_fda_steps=16125, accuracy=0.9879999756813049)
EpochMetrics(epoch=259, total_rounds=586, total_fda_steps=16188, accuracy=0.9889000058174133)
EpochMetrics(epoch=260, total_rounds=586, total_fda_steps=16250, accuracy=0.9883999824523926)
EpochMetrics(epoch=261, total_rounds=587, total_fda_steps=16313, accuracy=0.9889000058174133)
EpochMetrics(epoch=262, total_rounds=587, total_fda_steps=16375, accuracy=0.9883000254631042)
EpochMetrics(epoch=263, total_rounds=588, total_fda_steps=16438, accuracy=0.9887999892234802)
EpochMetrics(epoch=264, total_rounds=591, total_fda_steps=16500, accuracy=0.9889000058174133)
EpochMetrics(epoch=265, total_rounds=593, total_fda_steps=16563, accuracy=0.9889000058174133)
EpochMetrics(epoch=266, total_rounds=595, total_fda_steps=16625, accuracy=0.9890999794006348)
EpochMetrics(epoch=267, total_rounds=598, total_fda_steps=16688, accuracy=0.9894000291824341)
EpochMetrics(epoch=268, total_rounds=600, total_fda_steps=16750, accuracy=0.9890000224113464)
EpochMetrics(epoch=269, total_rounds=601, total_fda_steps=16813, accuracy=0.988099992275238)
EpochMetrics(epoch=270, total_rounds=603, total_fda_steps=16875, accuracy=0.9890000224113464)
EpochMetrics(epoch=271, total_rounds=605, total_fda_steps=16938, accuracy=0.9889000058174133)
EpochMetrics(epoch=272, total_rounds=606, total_fda_steps=17000, accuracy=0.9886999726295471)
EpochMetrics(epoch=273, total_rounds=608, total_fda_steps=17063, accuracy=0.9891999959945679)
EpochMetrics(epoch=274, total_rounds=608, total_fda_steps=17125, accuracy=0.9890000224113464)
EpochMetrics(epoch=275, total_rounds=610, total_fda_steps=17188, accuracy=0.9886000156402588)
EpochMetrics(epoch=276, total_rounds=610, total_fda_steps=17250, accuracy=0.9886000156402588)
EpochMetrics(epoch=277, total_rounds=610, total_fda_steps=17313, accuracy=0.9886000156402588)
EpochMetrics(epoch=278, total_rounds=610, total_fda_steps=17375, accuracy=0.9886000156402588)
EpochMetrics(epoch=279, total_rounds=611, total_fda_steps=17438, accuracy=0.9887999892234802)
EpochMetrics(epoch=280, total_rounds=612, total_fda_steps=17500, accuracy=0.9887999892234802)
EpochMetrics(epoch=281, total_rounds=613, total_fda_steps=17563, accuracy=0.9890000224113464)
EpochMetrics(epoch=282, total_rounds=614, total_fda_steps=17625, accuracy=0.9883999824523926)
EpochMetrics(epoch=283, total_rounds=617, total_fda_steps=17688, accuracy=0.9890999794006348)
EpochMetrics(epoch=284, total_rounds=620, total_fda_steps=17750, accuracy=0.9884999990463257)
EpochMetrics(epoch=285, total_rounds=625, total_fda_steps=17813, accuracy=0.9890999794006348)
EpochMetrics(epoch=286, total_rounds=629, total_fda_steps=17875, accuracy=0.9882000088691711)
EpochMetrics(epoch=287, total_rounds=632, total_fda_steps=17938, accuracy=0.9886999726295471)
EpochMetrics(epoch=288, total_rounds=636, total_fda_steps=18000, accuracy=0.9887999892234802)
EpochMetrics(epoch=289, total_rounds=639, total_fda_steps=18063, accuracy=0.9886999726295471)
EpochMetrics(epoch=290, total_rounds=643, total_fda_steps=18125, accuracy=0.9894000291824341)
EpochMetrics(epoch=291, total_rounds=646, total_fda_steps=18188, accuracy=0.9889000058174133)
EpochMetrics(epoch=292, total_rounds=648, total_fda_steps=18250, accuracy=0.9884999990463257)
EpochMetrics(epoch=293, total_rounds=650, total_fda_steps=18313, accuracy=0.9886000156402588)
EpochMetrics(epoch=294, total_rounds=652, total_fda_steps=18375, accuracy=0.9882000088691711)
EpochMetrics(epoch=295, total_rounds=653, total_fda_steps=18438, accuracy=0.9876000285148621)
EpochMetrics(epoch=296, total_rounds=654, total_fda_steps=18500, accuracy=0.9879999756813049)
EpochMetrics(epoch=297, total_rounds=656, total_fda_steps=18563, accuracy=0.988099992275238)
EpochMetrics(epoch=298, total_rounds=656, total_fda_steps=18625, accuracy=0.9883999824523926)
EpochMetrics(epoch=299, total_rounds=657, total_fda_steps=18688, accuracy=0.9879000186920166)
EpochMetrics(epoch=300, total_rounds=659, total_fda_steps=18750, accuracy=0.9883000254631042)
EpochMetrics(epoch=301, total_rounds=661, total_fda_steps=18813, accuracy=0.9883000254631042)
EpochMetrics(epoch=302, total_rounds=662, total_fda_steps=18875, accuracy=0.9883999824523926)
EpochMetrics(epoch=303, total_rounds=663, total_fda_steps=18938, accuracy=0.9883000254631042)
EpochMetrics(epoch=304, total_rounds=664, total_fda_steps=19000, accuracy=0.9883999824523926)
EpochMetrics(epoch=305, total_rounds=664, total_fda_steps=19063, accuracy=0.9882000088691711)
EpochMetrics(epoch=306, total_rounds=664, total_fda_steps=19125, accuracy=0.9883000254631042)
EpochMetrics(epoch=307, total_rounds=664, total_fda_steps=19188, accuracy=0.9883999824523926)
EpochMetrics(epoch=308, total_rounds=664, total_fda_steps=19250, accuracy=0.9883000254631042)
EpochMetrics(epoch=309, total_rounds=664, total_fda_steps=19313, accuracy=0.9883000254631042)
EpochMetrics(epoch=310, total_rounds=664, total_fda_steps=19375, accuracy=0.9883000254631042)
EpochMetrics(epoch=311, total_rounds=664, total_fda_steps=19438, accuracy=0.9883000254631042)
EpochMetrics(epoch=312, total_rounds=664, total_fda_steps=19500, accuracy=0.9882000088691711)
EpochMetrics(epoch=313, total_rounds=664, total_fda_steps=19563, accuracy=0.9882000088691711)
EpochMetrics(epoch=314, total_rounds=664, total_fda_steps=19625, accuracy=0.9883000254631042)
EpochMetrics(epoch=315, total_rounds=664, total_fda_steps=19688, accuracy=0.9882000088691711)
EpochMetrics(epoch=316, total_rounds=664, total_fda_steps=19750, accuracy=0.9883000254631042)
EpochMetrics(epoch=317, total_rounds=664, total_fda_steps=19813, accuracy=0.9882000088691711)
EpochMetrics(epoch=318, total_rounds=664, total_fda_steps=19875, accuracy=0.9882000088691711)
EpochMetrics(epoch=319, total_rounds=664, total_fda_steps=19938, accuracy=0.988099992275238)
EpochMetrics(epoch=320, total_rounds=664, total_fda_steps=20000, accuracy=0.9882000088691711)
EpochMetrics(epoch=321, total_rounds=664, total_fda_steps=20063, accuracy=0.988099992275238)
EpochMetrics(epoch=322, total_rounds=664, total_fda_steps=20125, accuracy=0.9882000088691711)
EpochMetrics(epoch=323, total_rounds=664, total_fda_steps=20188, accuracy=0.988099992275238)
EpochMetrics(epoch=324, total_rounds=664, total_fda_steps=20250, accuracy=0.9882000088691711)
EpochMetrics(epoch=325, total_rounds=664, total_fda_steps=20313, accuracy=0.9882000088691711)
EpochMetrics(epoch=326, total_rounds=664, total_fda_steps=20375, accuracy=0.9882000088691711)
EpochMetrics(epoch=327, total_rounds=664, total_fda_steps=20438, accuracy=0.9882000088691711)
EpochMetrics(epoch=328, total_rounds=664, total_fda_steps=20500, accuracy=0.9882000088691711)
EpochMetrics(epoch=329, total_rounds=664, total_fda_steps=20563, accuracy=0.9882000088691711)
EpochMetrics(epoch=330, total_rounds=664, total_fda_steps=20625, accuracy=0.9883000254631042)
EpochMetrics(epoch=331, total_rounds=665, total_fda_steps=20688, accuracy=0.9882000088691711)
EpochMetrics(epoch=332, total_rounds=668, total_fda_steps=20750, accuracy=0.9883999824523926)
EpochMetrics(epoch=333, total_rounds=672, total_fda_steps=20813, accuracy=0.9883999824523926)
EpochMetrics(epoch=334, total_rounds=677, total_fda_steps=20875, accuracy=0.9879000186920166)
EpochMetrics(epoch=335, total_rounds=683, total_fda_steps=20938, accuracy=0.9883000254631042)
EpochMetrics(epoch=336, total_rounds=687, total_fda_steps=21000, accuracy=0.9883999824523926)
EpochMetrics(epoch=337, total_rounds=691, total_fda_steps=21063, accuracy=0.987500011920929)
EpochMetrics(epoch=338, total_rounds=695, total_fda_steps=21125, accuracy=0.9883000254631042)
EpochMetrics(epoch=339, total_rounds=700, total_fda_steps=21188, accuracy=0.9873999953269958)
EpochMetrics(epoch=340, total_rounds=704, total_fda_steps=21250, accuracy=0.9883999824523926)
EpochMetrics(epoch=341, total_rounds=708, total_fda_steps=21313, accuracy=0.9886000156402588)
EpochMetrics(epoch=342, total_rounds=711, total_fda_steps=21375, accuracy=0.9882000088691711)
EpochMetrics(epoch=343, total_rounds=715, total_fda_steps=21438, accuracy=0.9883000254631042)
EpochMetrics(epoch=344, total_rounds=718, total_fda_steps=21500, accuracy=0.9884999990463257)
EpochMetrics(epoch=345, total_rounds=720, total_fda_steps=21563, accuracy=0.9883999824523926)
EpochMetrics(epoch=346, total_rounds=721, total_fda_steps=21625, accuracy=0.9883000254631042)
EpochMetrics(epoch=347, total_rounds=722, total_fda_steps=21688, accuracy=0.9886999726295471)
EpochMetrics(epoch=348, total_rounds=722, total_fda_steps=21750, accuracy=0.9889000058174133)
EpochMetrics(epoch=349, total_rounds=723, total_fda_steps=21813, accuracy=0.9890000224113464)
EpochMetrics(epoch=350, total_rounds=726, total_fda_steps=21875, accuracy=0.9886999726295471)

------------ Finished Testing : ------------
NN name : LeNet-5
FDA name : sketch
Num Clients : 15
Batch size : 64
Num Epochs : 350
Number of steps until we check RTC : 1
Theta : 0.5
Total simulation time: 53584.88313317299 sec
-----------------------------------------

