Num GPUs Available:  1

------------ Current Test : ------------
NN name : LeNet-5
FDA name : linear
Num Clients : 60
Batch size : 256
Num Epochs : 350
Number of steps until we check RTC : 1
Theta : 0.5
-----------------------------------------

EpochMetrics(epoch=1, total_rounds=1, total_fda_steps=4, accuracy=0.6437000036239624)
EpochMetrics(epoch=2, total_rounds=2, total_fda_steps=8, accuracy=0.689300000667572)
EpochMetrics(epoch=3, total_rounds=3, total_fda_steps=12, accuracy=0.7164999842643738)
EpochMetrics(epoch=4, total_rounds=3, total_fda_steps=16, accuracy=0.7584999799728394)
EpochMetrics(epoch=5, total_rounds=4, total_fda_steps=20, accuracy=0.7975999712944031)
EpochMetrics(epoch=6, total_rounds=4, total_fda_steps=24, accuracy=0.824400007724762)
EpochMetrics(epoch=7, total_rounds=5, total_fda_steps=28, accuracy=0.8396000266075134)
EpochMetrics(epoch=8, total_rounds=5, total_fda_steps=32, accuracy=0.8535000085830688)
EpochMetrics(epoch=9, total_rounds=5, total_fda_steps=36, accuracy=0.864799976348877)
EpochMetrics(epoch=10, total_rounds=6, total_fda_steps=40, accuracy=0.873199999332428)
EpochMetrics(epoch=11, total_rounds=6, total_fda_steps=43, accuracy=0.878000020980835)
EpochMetrics(epoch=12, total_rounds=7, total_fda_steps=47, accuracy=0.8842999935150146)
EpochMetrics(epoch=13, total_rounds=7, total_fda_steps=51, accuracy=0.8888999819755554)
EpochMetrics(epoch=14, total_rounds=7, total_fda_steps=55, accuracy=0.8924999833106995)
EpochMetrics(epoch=15, total_rounds=8, total_fda_steps=59, accuracy=0.89410001039505)
EpochMetrics(epoch=16, total_rounds=8, total_fda_steps=63, accuracy=0.8985999822616577)
EpochMetrics(epoch=17, total_rounds=9, total_fda_steps=67, accuracy=0.9003999829292297)
EpochMetrics(epoch=18, total_rounds=9, total_fda_steps=71, accuracy=0.9036999940872192)
EpochMetrics(epoch=19, total_rounds=9, total_fda_steps=75, accuracy=0.9053000211715698)
EpochMetrics(epoch=20, total_rounds=10, total_fda_steps=79, accuracy=0.9063000082969666)
EpochMetrics(epoch=21, total_rounds=10, total_fda_steps=83, accuracy=0.9092000126838684)
EpochMetrics(epoch=22, total_rounds=11, total_fda_steps=86, accuracy=0.9103000164031982)
EpochMetrics(epoch=23, total_rounds=11, total_fda_steps=90, accuracy=0.9111999869346619)
EpochMetrics(epoch=24, total_rounds=11, total_fda_steps=94, accuracy=0.9122999906539917)
EpochMetrics(epoch=25, total_rounds=12, total_fda_steps=98, accuracy=0.9142000079154968)
EpochMetrics(epoch=26, total_rounds=12, total_fda_steps=102, accuracy=0.9154000282287598)
EpochMetrics(epoch=27, total_rounds=13, total_fda_steps=106, accuracy=0.916700005531311)
EpochMetrics(epoch=28, total_rounds=13, total_fda_steps=110, accuracy=0.9192000031471252)
EpochMetrics(epoch=29, total_rounds=13, total_fda_steps=114, accuracy=0.9197999835014343)
EpochMetrics(epoch=30, total_rounds=14, total_fda_steps=118, accuracy=0.9200999736785889)
EpochMetrics(epoch=31, total_rounds=14, total_fda_steps=122, accuracy=0.921500027179718)
EpochMetrics(epoch=32, total_rounds=14, total_fda_steps=125, accuracy=0.9222000241279602)
EpochMetrics(epoch=33, total_rounds=15, total_fda_steps=129, accuracy=0.9232000112533569)
EpochMetrics(epoch=34, total_rounds=15, total_fda_steps=133, accuracy=0.9236999750137329)
EpochMetrics(epoch=35, total_rounds=16, total_fda_steps=137, accuracy=0.9243999719619751)
EpochMetrics(epoch=36, total_rounds=16, total_fda_steps=141, accuracy=0.925599992275238)
EpochMetrics(epoch=37, total_rounds=16, total_fda_steps=145, accuracy=0.9269000291824341)
EpochMetrics(epoch=38, total_rounds=17, total_fda_steps=149, accuracy=0.9272000193595886)
EpochMetrics(epoch=39, total_rounds=17, total_fda_steps=153, accuracy=0.9287999868392944)
EpochMetrics(epoch=40, total_rounds=18, total_fda_steps=157, accuracy=0.9296000003814697)
EpochMetrics(epoch=41, total_rounds=18, total_fda_steps=161, accuracy=0.9307000041007996)
EpochMetrics(epoch=42, total_rounds=18, total_fda_steps=165, accuracy=0.9312000274658203)
EpochMetrics(epoch=43, total_rounds=19, total_fda_steps=168, accuracy=0.9319000244140625)
EpochMetrics(epoch=44, total_rounds=19, total_fda_steps=172, accuracy=0.9329000115394592)
EpochMetrics(epoch=45, total_rounds=20, total_fda_steps=176, accuracy=0.9340999722480774)
EpochMetrics(epoch=46, total_rounds=20, total_fda_steps=180, accuracy=0.934499979019165)
EpochMetrics(epoch=47, total_rounds=20, total_fda_steps=184, accuracy=0.9351000189781189)
EpochMetrics(epoch=48, total_rounds=21, total_fda_steps=188, accuracy=0.9355999827384949)
EpochMetrics(epoch=49, total_rounds=21, total_fda_steps=192, accuracy=0.9370999932289124)
EpochMetrics(epoch=50, total_rounds=22, total_fda_steps=196, accuracy=0.9383000135421753)
EpochMetrics(epoch=51, total_rounds=22, total_fda_steps=200, accuracy=0.9387000203132629)
EpochMetrics(epoch=52, total_rounds=22, total_fda_steps=204, accuracy=0.9387999773025513)
EpochMetrics(epoch=53, total_rounds=23, total_fda_steps=208, accuracy=0.9397000074386597)
EpochMetrics(epoch=54, total_rounds=23, total_fda_steps=211, accuracy=0.9408000111579895)
EpochMetrics(epoch=55, total_rounds=23, total_fda_steps=215, accuracy=0.9408000111579895)
EpochMetrics(epoch=56, total_rounds=24, total_fda_steps=219, accuracy=0.9419000148773193)
EpochMetrics(epoch=57, total_rounds=24, total_fda_steps=223, accuracy=0.9424999952316284)
EpochMetrics(epoch=58, total_rounds=25, total_fda_steps=227, accuracy=0.9431999921798706)
EpochMetrics(epoch=59, total_rounds=25, total_fda_steps=231, accuracy=0.9447000026702881)
EpochMetrics(epoch=60, total_rounds=25, total_fda_steps=235, accuracy=0.9445000290870667)
EpochMetrics(epoch=61, total_rounds=26, total_fda_steps=239, accuracy=0.9455000162124634)
EpochMetrics(epoch=62, total_rounds=26, total_fda_steps=243, accuracy=0.946399986743927)
EpochMetrics(epoch=63, total_rounds=27, total_fda_steps=247, accuracy=0.9467999935150146)
EpochMetrics(epoch=64, total_rounds=27, total_fda_steps=250, accuracy=0.9478999972343445)
EpochMetrics(epoch=65, total_rounds=27, total_fda_steps=254, accuracy=0.9480999708175659)
EpochMetrics(epoch=66, total_rounds=28, total_fda_steps=258, accuracy=0.9491000175476074)
EpochMetrics(epoch=67, total_rounds=28, total_fda_steps=262, accuracy=0.9485999941825867)
EpochMetrics(epoch=68, total_rounds=29, total_fda_steps=266, accuracy=0.949400007724762)
EpochMetrics(epoch=69, total_rounds=29, total_fda_steps=270, accuracy=0.9508000016212463)
EpochMetrics(epoch=70, total_rounds=29, total_fda_steps=274, accuracy=0.9513999819755554)
EpochMetrics(epoch=71, total_rounds=30, total_fda_steps=278, accuracy=0.95169997215271)
EpochMetrics(epoch=72, total_rounds=30, total_fda_steps=282, accuracy=0.9527999758720398)
EpochMetrics(epoch=73, total_rounds=31, total_fda_steps=286, accuracy=0.9528999924659729)
EpochMetrics(epoch=74, total_rounds=31, total_fda_steps=290, accuracy=0.9537000060081482)
EpochMetrics(epoch=75, total_rounds=31, total_fda_steps=293, accuracy=0.9542999863624573)
EpochMetrics(epoch=76, total_rounds=32, total_fda_steps=297, accuracy=0.9550999999046326)
EpochMetrics(epoch=77, total_rounds=32, total_fda_steps=301, accuracy=0.9556000232696533)
EpochMetrics(epoch=78, total_rounds=32, total_fda_steps=305, accuracy=0.9563999772071838)
EpochMetrics(epoch=79, total_rounds=33, total_fda_steps=309, accuracy=0.95660001039505)
EpochMetrics(epoch=80, total_rounds=33, total_fda_steps=313, accuracy=0.9569000005722046)
EpochMetrics(epoch=81, total_rounds=34, total_fda_steps=317, accuracy=0.9574999809265137)
EpochMetrics(epoch=82, total_rounds=34, total_fda_steps=321, accuracy=0.9575999975204468)
EpochMetrics(epoch=83, total_rounds=34, total_fda_steps=325, accuracy=0.9585000276565552)
EpochMetrics(epoch=84, total_rounds=35, total_fda_steps=329, accuracy=0.9589999914169312)
EpochMetrics(epoch=85, total_rounds=35, total_fda_steps=333, accuracy=0.9592000246047974)
EpochMetrics(epoch=86, total_rounds=36, total_fda_steps=336, accuracy=0.9595000147819519)
EpochMetrics(epoch=87, total_rounds=36, total_fda_steps=340, accuracy=0.9603999853134155)
EpochMetrics(epoch=88, total_rounds=36, total_fda_steps=344, accuracy=0.9599999785423279)
EpochMetrics(epoch=89, total_rounds=37, total_fda_steps=348, accuracy=0.9607999920845032)
EpochMetrics(epoch=90, total_rounds=37, total_fda_steps=352, accuracy=0.9613000154495239)
EpochMetrics(epoch=91, total_rounds=38, total_fda_steps=356, accuracy=0.9613999724388123)
EpochMetrics(epoch=92, total_rounds=38, total_fda_steps=360, accuracy=0.9620000123977661)
EpochMetrics(epoch=93, total_rounds=38, total_fda_steps=364, accuracy=0.9620000123977661)
EpochMetrics(epoch=94, total_rounds=39, total_fda_steps=368, accuracy=0.961899995803833)
EpochMetrics(epoch=95, total_rounds=39, total_fda_steps=372, accuracy=0.9623000025749207)
EpochMetrics(epoch=96, total_rounds=39, total_fda_steps=375, accuracy=0.9627000093460083)
EpochMetrics(epoch=97, total_rounds=40, total_fda_steps=379, accuracy=0.9627000093460083)
EpochMetrics(epoch=98, total_rounds=40, total_fda_steps=383, accuracy=0.9628000259399414)
EpochMetrics(epoch=99, total_rounds=41, total_fda_steps=387, accuracy=0.9628000259399414)
EpochMetrics(epoch=100, total_rounds=41, total_fda_steps=391, accuracy=0.9631999731063843)
EpochMetrics(epoch=101, total_rounds=41, total_fda_steps=395, accuracy=0.9629999995231628)
EpochMetrics(epoch=102, total_rounds=42, total_fda_steps=399, accuracy=0.9631999731063843)
EpochMetrics(epoch=103, total_rounds=42, total_fda_steps=403, accuracy=0.9635999798774719)
EpochMetrics(epoch=104, total_rounds=43, total_fda_steps=407, accuracy=0.9635999798774719)
EpochMetrics(epoch=105, total_rounds=43, total_fda_steps=411, accuracy=0.963699996471405)
EpochMetrics(epoch=106, total_rounds=43, total_fda_steps=415, accuracy=0.9639999866485596)
EpochMetrics(epoch=107, total_rounds=44, total_fda_steps=418, accuracy=0.9641000032424927)
EpochMetrics(epoch=108, total_rounds=44, total_fda_steps=422, accuracy=0.9642000198364258)
EpochMetrics(epoch=109, total_rounds=45, total_fda_steps=426, accuracy=0.9642999768257141)
EpochMetrics(epoch=110, total_rounds=45, total_fda_steps=430, accuracy=0.9648000001907349)
EpochMetrics(epoch=111, total_rounds=45, total_fda_steps=434, accuracy=0.9649999737739563)
EpochMetrics(epoch=112, total_rounds=46, total_fda_steps=438, accuracy=0.9648000001907349)
EpochMetrics(epoch=113, total_rounds=46, total_fda_steps=442, accuracy=0.9646999835968018)
EpochMetrics(epoch=114, total_rounds=47, total_fda_steps=446, accuracy=0.9648000001907349)
EpochMetrics(epoch=115, total_rounds=47, total_fda_steps=450, accuracy=0.9653000235557556)
EpochMetrics(epoch=116, total_rounds=47, total_fda_steps=454, accuracy=0.9653000235557556)
EpochMetrics(epoch=117, total_rounds=48, total_fda_steps=458, accuracy=0.9652000069618225)
EpochMetrics(epoch=118, total_rounds=48, total_fda_steps=461, accuracy=0.9657999873161316)
EpochMetrics(epoch=119, total_rounds=48, total_fda_steps=465, accuracy=0.9659000039100647)
EpochMetrics(epoch=120, total_rounds=49, total_fda_steps=469, accuracy=0.9660999774932861)
EpochMetrics(epoch=121, total_rounds=49, total_fda_steps=473, accuracy=0.9659000039100647)
EpochMetrics(epoch=122, total_rounds=50, total_fda_steps=477, accuracy=0.9661999940872192)
EpochMetrics(epoch=123, total_rounds=50, total_fda_steps=481, accuracy=0.9661999940872192)
EpochMetrics(epoch=124, total_rounds=50, total_fda_steps=485, accuracy=0.9664999842643738)
EpochMetrics(epoch=125, total_rounds=51, total_fda_steps=489, accuracy=0.9668999910354614)
EpochMetrics(epoch=126, total_rounds=51, total_fda_steps=493, accuracy=0.9668999910354614)
EpochMetrics(epoch=127, total_rounds=52, total_fda_steps=497, accuracy=0.9671000242233276)
EpochMetrics(epoch=128, total_rounds=52, total_fda_steps=500, accuracy=0.9677000045776367)
EpochMetrics(epoch=129, total_rounds=52, total_fda_steps=504, accuracy=0.9674000144004822)
EpochMetrics(epoch=130, total_rounds=53, total_fda_steps=508, accuracy=0.9674000144004822)
EpochMetrics(epoch=131, total_rounds=53, total_fda_steps=512, accuracy=0.9675999879837036)
EpochMetrics(epoch=132, total_rounds=53, total_fda_steps=516, accuracy=0.9678999781608582)
EpochMetrics(epoch=133, total_rounds=54, total_fda_steps=520, accuracy=0.9677000045776367)
EpochMetrics(epoch=134, total_rounds=54, total_fda_steps=524, accuracy=0.9678000211715698)
EpochMetrics(epoch=135, total_rounds=54, total_fda_steps=528, accuracy=0.9682999849319458)
EpochMetrics(epoch=136, total_rounds=55, total_fda_steps=532, accuracy=0.9689000248908997)
EpochMetrics(epoch=137, total_rounds=55, total_fda_steps=536, accuracy=0.9688000082969666)
EpochMetrics(epoch=138, total_rounds=56, total_fda_steps=540, accuracy=0.9689000248908997)
EpochMetrics(epoch=139, total_rounds=56, total_fda_steps=543, accuracy=0.968999981880188)
EpochMetrics(epoch=140, total_rounds=56, total_fda_steps=547, accuracy=0.9696999788284302)
EpochMetrics(epoch=141, total_rounds=57, total_fda_steps=551, accuracy=0.9695000052452087)
EpochMetrics(epoch=142, total_rounds=57, total_fda_steps=555, accuracy=0.9696000218391418)
EpochMetrics(epoch=143, total_rounds=57, total_fda_steps=559, accuracy=0.9699000120162964)
EpochMetrics(epoch=144, total_rounds=58, total_fda_steps=563, accuracy=0.9700999855995178)
EpochMetrics(epoch=145, total_rounds=58, total_fda_steps=567, accuracy=0.9710000157356262)
EpochMetrics(epoch=146, total_rounds=58, total_fda_steps=571, accuracy=0.97079998254776)
EpochMetrics(epoch=147, total_rounds=59, total_fda_steps=575, accuracy=0.9708999991416931)
EpochMetrics(epoch=148, total_rounds=59, total_fda_steps=579, accuracy=0.9707000255584717)
EpochMetrics(epoch=149, total_rounds=59, total_fda_steps=583, accuracy=0.97079998254776)
EpochMetrics(epoch=150, total_rounds=60, total_fda_steps=586, accuracy=0.9711999893188477)
EpochMetrics(epoch=151, total_rounds=60, total_fda_steps=590, accuracy=0.9714999794960022)
EpochMetrics(epoch=152, total_rounds=60, total_fda_steps=594, accuracy=0.9713000059127808)
EpochMetrics(epoch=153, total_rounds=61, total_fda_steps=598, accuracy=0.9710999727249146)
EpochMetrics(epoch=154, total_rounds=61, total_fda_steps=602, accuracy=0.9714999794960022)
EpochMetrics(epoch=155, total_rounds=62, total_fda_steps=606, accuracy=0.9717000126838684)
EpochMetrics(epoch=156, total_rounds=62, total_fda_steps=610, accuracy=0.9713000059127808)
EpochMetrics(epoch=157, total_rounds=62, total_fda_steps=614, accuracy=0.9717000126838684)
EpochMetrics(epoch=158, total_rounds=63, total_fda_steps=618, accuracy=0.9722999930381775)
EpochMetrics(epoch=159, total_rounds=63, total_fda_steps=622, accuracy=0.972100019454956)
EpochMetrics(epoch=160, total_rounds=63, total_fda_steps=625, accuracy=0.9725000262260437)
EpochMetrics(epoch=161, total_rounds=64, total_fda_steps=629, accuracy=0.9721999764442444)
EpochMetrics(epoch=162, total_rounds=64, total_fda_steps=633, accuracy=0.9729999899864197)
EpochMetrics(epoch=163, total_rounds=64, total_fda_steps=637, accuracy=0.9728999733924866)
EpochMetrics(epoch=164, total_rounds=65, total_fda_steps=641, accuracy=0.9732000231742859)
EpochMetrics(epoch=165, total_rounds=65, total_fda_steps=645, accuracy=0.9732000231742859)
EpochMetrics(epoch=166, total_rounds=65, total_fda_steps=649, accuracy=0.9735999703407288)
EpochMetrics(epoch=167, total_rounds=66, total_fda_steps=653, accuracy=0.9736999869346619)
EpochMetrics(epoch=168, total_rounds=66, total_fda_steps=657, accuracy=0.973800003528595)
EpochMetrics(epoch=169, total_rounds=67, total_fda_steps=661, accuracy=0.9731000065803528)
EpochMetrics(epoch=170, total_rounds=67, total_fda_steps=665, accuracy=0.9733999967575073)
EpochMetrics(epoch=171, total_rounds=67, total_fda_steps=668, accuracy=0.9740999937057495)
EpochMetrics(epoch=172, total_rounds=68, total_fda_steps=672, accuracy=0.9739000201225281)
EpochMetrics(epoch=173, total_rounds=68, total_fda_steps=676, accuracy=0.9742000102996826)
EpochMetrics(epoch=174, total_rounds=68, total_fda_steps=680, accuracy=0.9745000004768372)
EpochMetrics(epoch=175, total_rounds=69, total_fda_steps=684, accuracy=0.974399983882904)
EpochMetrics(epoch=176, total_rounds=69, total_fda_steps=688, accuracy=0.9746000170707703)
EpochMetrics(epoch=177, total_rounds=69, total_fda_steps=692, accuracy=0.9745000004768372)
EpochMetrics(epoch=178, total_rounds=70, total_fda_steps=696, accuracy=0.9746000170707703)
EpochMetrics(epoch=179, total_rounds=70, total_fda_steps=700, accuracy=0.9740999937057495)
EpochMetrics(epoch=180, total_rounds=70, total_fda_steps=704, accuracy=0.9746000170707703)
EpochMetrics(epoch=181, total_rounds=71, total_fda_steps=708, accuracy=0.9747999906539917)
EpochMetrics(epoch=182, total_rounds=71, total_fda_steps=711, accuracy=0.9746999740600586)
EpochMetrics(epoch=183, total_rounds=71, total_fda_steps=715, accuracy=0.9751999974250793)
EpochMetrics(epoch=184, total_rounds=72, total_fda_steps=719, accuracy=0.9751999974250793)
EpochMetrics(epoch=185, total_rounds=72, total_fda_steps=723, accuracy=0.9751999974250793)
EpochMetrics(epoch=186, total_rounds=72, total_fda_steps=727, accuracy=0.9753000140190125)
EpochMetrics(epoch=187, total_rounds=73, total_fda_steps=731, accuracy=0.9750000238418579)
EpochMetrics(epoch=188, total_rounds=73, total_fda_steps=735, accuracy=0.9753000140190125)
EpochMetrics(epoch=189, total_rounds=73, total_fda_steps=739, accuracy=0.9753999710083008)
EpochMetrics(epoch=190, total_rounds=74, total_fda_steps=743, accuracy=0.9757000207901001)
EpochMetrics(epoch=191, total_rounds=74, total_fda_steps=747, accuracy=0.9757999777793884)
EpochMetrics(epoch=192, total_rounds=74, total_fda_steps=750, accuracy=0.9757000207901001)
EpochMetrics(epoch=193, total_rounds=75, total_fda_steps=754, accuracy=0.975600004196167)
EpochMetrics(epoch=194, total_rounds=75, total_fda_steps=758, accuracy=0.9753999710083008)
EpochMetrics(epoch=195, total_rounds=75, total_fda_steps=762, accuracy=0.9758999943733215)
EpochMetrics(epoch=196, total_rounds=76, total_fda_steps=766, accuracy=0.9761999845504761)
EpochMetrics(epoch=197, total_rounds=76, total_fda_steps=770, accuracy=0.9761000275611877)
EpochMetrics(epoch=198, total_rounds=76, total_fda_steps=774, accuracy=0.9758999943733215)
EpochMetrics(epoch=199, total_rounds=77, total_fda_steps=778, accuracy=0.9764999747276306)
EpochMetrics(epoch=200, total_rounds=77, total_fda_steps=782, accuracy=0.9765999913215637)
EpochMetrics(epoch=201, total_rounds=77, total_fda_steps=786, accuracy=0.9763000011444092)
EpochMetrics(epoch=202, total_rounds=78, total_fda_steps=790, accuracy=0.9763000011444092)
EpochMetrics(epoch=203, total_rounds=78, total_fda_steps=793, accuracy=0.9765999913215637)
EpochMetrics(epoch=204, total_rounds=78, total_fda_steps=797, accuracy=0.9764999747276306)
EpochMetrics(epoch=205, total_rounds=79, total_fda_steps=801, accuracy=0.9768999814987183)
EpochMetrics(epoch=206, total_rounds=79, total_fda_steps=805, accuracy=0.9765999913215637)
EpochMetrics(epoch=207, total_rounds=79, total_fda_steps=809, accuracy=0.9764999747276306)
EpochMetrics(epoch=208, total_rounds=80, total_fda_steps=813, accuracy=0.9768999814987183)
EpochMetrics(epoch=209, total_rounds=80, total_fda_steps=817, accuracy=0.9764999747276306)
EpochMetrics(epoch=210, total_rounds=80, total_fda_steps=821, accuracy=0.9767000079154968)
EpochMetrics(epoch=211, total_rounds=81, total_fda_steps=825, accuracy=0.9768000245094299)
EpochMetrics(epoch=212, total_rounds=81, total_fda_steps=829, accuracy=0.977400004863739)
EpochMetrics(epoch=213, total_rounds=81, total_fda_steps=833, accuracy=0.9771999716758728)
EpochMetrics(epoch=214, total_rounds=82, total_fda_steps=836, accuracy=0.9771000146865845)
EpochMetrics(epoch=215, total_rounds=82, total_fda_steps=840, accuracy=0.9769999980926514)
EpochMetrics(epoch=216, total_rounds=82, total_fda_steps=844, accuracy=0.9771999716758728)
EpochMetrics(epoch=217, total_rounds=83, total_fda_steps=848, accuracy=0.9768000245094299)
EpochMetrics(epoch=218, total_rounds=83, total_fda_steps=852, accuracy=0.9765999913215637)
EpochMetrics(epoch=219, total_rounds=83, total_fda_steps=856, accuracy=0.9772999882698059)
EpochMetrics(epoch=220, total_rounds=84, total_fda_steps=860, accuracy=0.9769999980926514)
EpochMetrics(epoch=221, total_rounds=84, total_fda_steps=864, accuracy=0.9771000146865845)
EpochMetrics(epoch=222, total_rounds=84, total_fda_steps=868, accuracy=0.9771000146865845)
EpochMetrics(epoch=223, total_rounds=85, total_fda_steps=872, accuracy=0.977400004863739)
EpochMetrics(epoch=224, total_rounds=85, total_fda_steps=875, accuracy=0.9775999784469604)
EpochMetrics(epoch=225, total_rounds=85, total_fda_steps=879, accuracy=0.9771999716758728)
EpochMetrics(epoch=226, total_rounds=85, total_fda_steps=883, accuracy=0.9772999882698059)
EpochMetrics(epoch=227, total_rounds=86, total_fda_steps=887, accuracy=0.9776999950408936)
EpochMetrics(epoch=228, total_rounds=86, total_fda_steps=891, accuracy=0.9779000282287598)
EpochMetrics(epoch=229, total_rounds=86, total_fda_steps=895, accuracy=0.977400004863739)
EpochMetrics(epoch=230, total_rounds=87, total_fda_steps=899, accuracy=0.9772999882698059)
EpochMetrics(epoch=231, total_rounds=87, total_fda_steps=903, accuracy=0.9781000018119812)
EpochMetrics(epoch=232, total_rounds=87, total_fda_steps=907, accuracy=0.9775999784469604)
EpochMetrics(epoch=233, total_rounds=88, total_fda_steps=911, accuracy=0.9778000116348267)
EpochMetrics(epoch=234, total_rounds=88, total_fda_steps=915, accuracy=0.9779000282287598)
EpochMetrics(epoch=235, total_rounds=88, total_fda_steps=918, accuracy=0.9775999784469604)
EpochMetrics(epoch=236, total_rounds=89, total_fda_steps=922, accuracy=0.9779999852180481)
EpochMetrics(epoch=237, total_rounds=89, total_fda_steps=926, accuracy=0.9781000018119812)
EpochMetrics(epoch=238, total_rounds=89, total_fda_steps=930, accuracy=0.9782999753952026)
EpochMetrics(epoch=239, total_rounds=90, total_fda_steps=934, accuracy=0.9781000018119812)
EpochMetrics(epoch=240, total_rounds=90, total_fda_steps=938, accuracy=0.978600025177002)
EpochMetrics(epoch=241, total_rounds=90, total_fda_steps=942, accuracy=0.9783999919891357)
EpochMetrics(epoch=242, total_rounds=91, total_fda_steps=946, accuracy=0.9779000282287598)
EpochMetrics(epoch=243, total_rounds=91, total_fda_steps=950, accuracy=0.9783999919891357)
EpochMetrics(epoch=244, total_rounds=91, total_fda_steps=954, accuracy=0.9783999919891357)
EpochMetrics(epoch=245, total_rounds=91, total_fda_steps=958, accuracy=0.9787999987602234)
EpochMetrics(epoch=246, total_rounds=92, total_fda_steps=961, accuracy=0.9786999821662903)
EpochMetrics(epoch=247, total_rounds=92, total_fda_steps=965, accuracy=0.9786999821662903)
EpochMetrics(epoch=248, total_rounds=92, total_fda_steps=969, accuracy=0.9790999889373779)
EpochMetrics(epoch=249, total_rounds=93, total_fda_steps=973, accuracy=0.9785000085830688)
EpochMetrics(epoch=250, total_rounds=93, total_fda_steps=977, accuracy=0.9786999821662903)
EpochMetrics(epoch=251, total_rounds=93, total_fda_steps=981, accuracy=0.9785000085830688)
EpochMetrics(epoch=252, total_rounds=94, total_fda_steps=985, accuracy=0.9789999723434448)
EpochMetrics(epoch=253, total_rounds=94, total_fda_steps=989, accuracy=0.979200005531311)
EpochMetrics(epoch=254, total_rounds=94, total_fda_steps=993, accuracy=0.9793000221252441)
EpochMetrics(epoch=255, total_rounds=94, total_fda_steps=997, accuracy=0.9790999889373779)
EpochMetrics(epoch=256, total_rounds=95, total_fda_steps=1000, accuracy=0.9790999889373779)
EpochMetrics(epoch=257, total_rounds=95, total_fda_steps=1004, accuracy=0.979200005531311)
EpochMetrics(epoch=258, total_rounds=95, total_fda_steps=1008, accuracy=0.9793000221252441)
EpochMetrics(epoch=259, total_rounds=96, total_fda_steps=1012, accuracy=0.9789999723434448)
EpochMetrics(epoch=260, total_rounds=96, total_fda_steps=1016, accuracy=0.979200005531311)
EpochMetrics(epoch=261, total_rounds=96, total_fda_steps=1020, accuracy=0.9797000288963318)
EpochMetrics(epoch=262, total_rounds=97, total_fda_steps=1024, accuracy=0.9797999858856201)
EpochMetrics(epoch=263, total_rounds=97, total_fda_steps=1028, accuracy=0.9796000123023987)
EpochMetrics(epoch=264, total_rounds=97, total_fda_steps=1032, accuracy=0.9793000221252441)
EpochMetrics(epoch=265, total_rounds=97, total_fda_steps=1036, accuracy=0.9799000024795532)
EpochMetrics(epoch=266, total_rounds=98, total_fda_steps=1040, accuracy=0.9799000024795532)
EpochMetrics(epoch=267, total_rounds=98, total_fda_steps=1043, accuracy=0.9793999791145325)
EpochMetrics(epoch=268, total_rounds=98, total_fda_steps=1047, accuracy=0.9800000190734863)
EpochMetrics(epoch=269, total_rounds=99, total_fda_steps=1051, accuracy=0.9800000190734863)
EpochMetrics(epoch=270, total_rounds=99, total_fda_steps=1055, accuracy=0.9797000288963318)
EpochMetrics(epoch=271, total_rounds=99, total_fda_steps=1059, accuracy=0.9800999760627747)
EpochMetrics(epoch=272, total_rounds=100, total_fda_steps=1063, accuracy=0.9800999760627747)
EpochMetrics(epoch=273, total_rounds=100, total_fda_steps=1067, accuracy=0.9800000190734863)
EpochMetrics(epoch=274, total_rounds=100, total_fda_steps=1071, accuracy=0.9800999760627747)
EpochMetrics(epoch=275, total_rounds=100, total_fda_steps=1075, accuracy=0.980400025844574)
EpochMetrics(epoch=276, total_rounds=101, total_fda_steps=1079, accuracy=0.9800000190734863)
EpochMetrics(epoch=277, total_rounds=101, total_fda_steps=1083, accuracy=0.9797999858856201)
EpochMetrics(epoch=278, total_rounds=101, total_fda_steps=1086, accuracy=0.9800000190734863)
EpochMetrics(epoch=279, total_rounds=102, total_fda_steps=1090, accuracy=0.9804999828338623)
EpochMetrics(epoch=280, total_rounds=102, total_fda_steps=1094, accuracy=0.980400025844574)
EpochMetrics(epoch=281, total_rounds=102, total_fda_steps=1098, accuracy=0.9803000092506409)
EpochMetrics(epoch=282, total_rounds=103, total_fda_steps=1102, accuracy=0.9803000092506409)
EpochMetrics(epoch=283, total_rounds=103, total_fda_steps=1106, accuracy=0.9801999926567078)
EpochMetrics(epoch=284, total_rounds=103, total_fda_steps=1110, accuracy=0.9807999730110168)
EpochMetrics(epoch=285, total_rounds=103, total_fda_steps=1114, accuracy=0.98089998960495)
EpochMetrics(epoch=286, total_rounds=104, total_fda_steps=1118, accuracy=0.9803000092506409)
EpochMetrics(epoch=287, total_rounds=104, total_fda_steps=1122, accuracy=0.980400025844574)
EpochMetrics(epoch=288, total_rounds=104, total_fda_steps=1125, accuracy=0.9807999730110168)
EpochMetrics(epoch=289, total_rounds=104, total_fda_steps=1129, accuracy=0.9807000160217285)
EpochMetrics(epoch=290, total_rounds=105, total_fda_steps=1133, accuracy=0.9804999828338623)
EpochMetrics(epoch=291, total_rounds=105, total_fda_steps=1137, accuracy=0.9807000160217285)
EpochMetrics(epoch=292, total_rounds=105, total_fda_steps=1141, accuracy=0.9811000227928162)
EpochMetrics(epoch=293, total_rounds=106, total_fda_steps=1145, accuracy=0.9804999828338623)
EpochMetrics(epoch=294, total_rounds=106, total_fda_steps=1149, accuracy=0.980400025844574)
EpochMetrics(epoch=295, total_rounds=106, total_fda_steps=1153, accuracy=0.98089998960495)
EpochMetrics(epoch=296, total_rounds=106, total_fda_steps=1157, accuracy=0.9811999797821045)
EpochMetrics(epoch=297, total_rounds=107, total_fda_steps=1161, accuracy=0.9810000061988831)
EpochMetrics(epoch=298, total_rounds=107, total_fda_steps=1165, accuracy=0.9810000061988831)
EpochMetrics(epoch=299, total_rounds=107, total_fda_steps=1168, accuracy=0.9807999730110168)
EpochMetrics(epoch=300, total_rounds=108, total_fda_steps=1172, accuracy=0.9811000227928162)
EpochMetrics(epoch=301, total_rounds=108, total_fda_steps=1176, accuracy=0.9810000061988831)
EpochMetrics(epoch=302, total_rounds=108, total_fda_steps=1180, accuracy=0.9810000061988831)
EpochMetrics(epoch=303, total_rounds=108, total_fda_steps=1184, accuracy=0.9811999797821045)
EpochMetrics(epoch=304, total_rounds=109, total_fda_steps=1188, accuracy=0.98089998960495)
EpochMetrics(epoch=305, total_rounds=109, total_fda_steps=1192, accuracy=0.9810000061988831)
EpochMetrics(epoch=306, total_rounds=109, total_fda_steps=1196, accuracy=0.9812999963760376)
EpochMetrics(epoch=307, total_rounds=110, total_fda_steps=1200, accuracy=0.9814000129699707)
EpochMetrics(epoch=308, total_rounds=110, total_fda_steps=1204, accuracy=0.9811000227928162)
EpochMetrics(epoch=309, total_rounds=110, total_fda_steps=1208, accuracy=0.9812999963760376)
EpochMetrics(epoch=310, total_rounds=110, total_fda_steps=1211, accuracy=0.9812999963760376)
EpochMetrics(epoch=311, total_rounds=111, total_fda_steps=1215, accuracy=0.9815000295639038)
EpochMetrics(epoch=312, total_rounds=111, total_fda_steps=1219, accuracy=0.9812999963760376)
EpochMetrics(epoch=313, total_rounds=111, total_fda_steps=1223, accuracy=0.9815000295639038)
EpochMetrics(epoch=314, total_rounds=111, total_fda_steps=1227, accuracy=0.9815999865531921)
EpochMetrics(epoch=315, total_rounds=112, total_fda_steps=1231, accuracy=0.9811000227928162)
EpochMetrics(epoch=316, total_rounds=112, total_fda_steps=1235, accuracy=0.9811000227928162)
EpochMetrics(epoch=317, total_rounds=112, total_fda_steps=1239, accuracy=0.9815999865531921)
EpochMetrics(epoch=318, total_rounds=113, total_fda_steps=1243, accuracy=0.9818000197410583)
EpochMetrics(epoch=319, total_rounds=113, total_fda_steps=1247, accuracy=0.9815000295639038)
EpochMetrics(epoch=320, total_rounds=113, total_fda_steps=1250, accuracy=0.9815000295639038)
EpochMetrics(epoch=321, total_rounds=113, total_fda_steps=1254, accuracy=0.9812999963760376)
EpochMetrics(epoch=322, total_rounds=114, total_fda_steps=1258, accuracy=0.9819999933242798)
EpochMetrics(epoch=323, total_rounds=114, total_fda_steps=1262, accuracy=0.9818000197410583)
EpochMetrics(epoch=324, total_rounds=114, total_fda_steps=1266, accuracy=0.9821000099182129)
EpochMetrics(epoch=325, total_rounds=115, total_fda_steps=1270, accuracy=0.9818999767303467)
EpochMetrics(epoch=326, total_rounds=115, total_fda_steps=1274, accuracy=0.9815000295639038)
EpochMetrics(epoch=327, total_rounds=115, total_fda_steps=1278, accuracy=0.9815999865531921)
EpochMetrics(epoch=328, total_rounds=115, total_fda_steps=1282, accuracy=0.9815999865531921)
EpochMetrics(epoch=329, total_rounds=116, total_fda_steps=1286, accuracy=0.9817000031471252)
EpochMetrics(epoch=330, total_rounds=116, total_fda_steps=1290, accuracy=0.9818999767303467)
EpochMetrics(epoch=331, total_rounds=116, total_fda_steps=1293, accuracy=0.9818999767303467)
EpochMetrics(epoch=332, total_rounds=116, total_fda_steps=1297, accuracy=0.9815999865531921)
EpochMetrics(epoch=333, total_rounds=117, total_fda_steps=1301, accuracy=0.9818999767303467)
EpochMetrics(epoch=334, total_rounds=117, total_fda_steps=1305, accuracy=0.9818999767303467)
EpochMetrics(epoch=335, total_rounds=117, total_fda_steps=1309, accuracy=0.9819999933242798)
EpochMetrics(epoch=336, total_rounds=118, total_fda_steps=1313, accuracy=0.9821000099182129)
EpochMetrics(epoch=337, total_rounds=118, total_fda_steps=1317, accuracy=0.9821000099182129)
EpochMetrics(epoch=338, total_rounds=118, total_fda_steps=1321, accuracy=0.9821000099182129)
EpochMetrics(epoch=339, total_rounds=118, total_fda_steps=1325, accuracy=0.9818000197410583)
EpochMetrics(epoch=340, total_rounds=119, total_fda_steps=1329, accuracy=0.9824000000953674)
EpochMetrics(epoch=341, total_rounds=119, total_fda_steps=1333, accuracy=0.9825999736785889)
EpochMetrics(epoch=342, total_rounds=119, total_fda_steps=1336, accuracy=0.9821000099182129)
EpochMetrics(epoch=343, total_rounds=119, total_fda_steps=1340, accuracy=0.9819999933242798)
EpochMetrics(epoch=344, total_rounds=120, total_fda_steps=1344, accuracy=0.9821000099182129)
EpochMetrics(epoch=345, total_rounds=120, total_fda_steps=1348, accuracy=0.9825000166893005)
EpochMetrics(epoch=346, total_rounds=120, total_fda_steps=1352, accuracy=0.9824000000953674)
EpochMetrics(epoch=347, total_rounds=121, total_fda_steps=1356, accuracy=0.9824000000953674)
EpochMetrics(epoch=348, total_rounds=121, total_fda_steps=1360, accuracy=0.9822999835014343)
EpochMetrics(epoch=349, total_rounds=121, total_fda_steps=1364, accuracy=0.9822999835014343)
EpochMetrics(epoch=350, total_rounds=121, total_fda_steps=1368, accuracy=0.9824000000953674)

------------ Finished Testing : ------------
NN name : LeNet-5
FDA name : linear
Num Clients : 60
Batch size : 256
Num Epochs : 350
Number of steps until we check RTC : 1
Theta : 0.5
Total simulation time: 12707.233691453934 sec
-----------------------------------------

