Num GPUs Available:  1

------------ Current Test : ------------
NN name : LeNet-5
FDA name : naive
Num Clients : 35
Batch size : 64
Num Epochs : 350
Number of steps until we check RTC : 1
Theta : 0.5
-----------------------------------------

EpochMetrics(epoch=1, total_rounds=6, total_fda_steps=27, accuracy=0.8284000158309937)
EpochMetrics(epoch=2, total_rounds=9, total_fda_steps=54, accuracy=0.8831999897956848)
EpochMetrics(epoch=3, total_rounds=11, total_fda_steps=81, accuracy=0.8985999822616577)
EpochMetrics(epoch=4, total_rounds=12, total_fda_steps=108, accuracy=0.9075000286102295)
EpochMetrics(epoch=5, total_rounds=14, total_fda_steps=134, accuracy=0.9150999784469604)
EpochMetrics(epoch=6, total_rounds=15, total_fda_steps=161, accuracy=0.9225000143051147)
EpochMetrics(epoch=7, total_rounds=17, total_fda_steps=188, accuracy=0.926800012588501)
EpochMetrics(epoch=8, total_rounds=18, total_fda_steps=215, accuracy=0.9315000176429749)
EpochMetrics(epoch=9, total_rounds=20, total_fda_steps=242, accuracy=0.9348999857902527)
EpochMetrics(epoch=10, total_rounds=21, total_fda_steps=268, accuracy=0.9366999864578247)
EpochMetrics(epoch=11, total_rounds=23, total_fda_steps=295, accuracy=0.9401999711990356)
EpochMetrics(epoch=12, total_rounds=24, total_fda_steps=322, accuracy=0.9422000050544739)
EpochMetrics(epoch=13, total_rounds=26, total_fda_steps=349, accuracy=0.9452000260353088)
EpochMetrics(epoch=14, total_rounds=27, total_fda_steps=375, accuracy=0.9484999775886536)
EpochMetrics(epoch=15, total_rounds=29, total_fda_steps=402, accuracy=0.9505000114440918)
EpochMetrics(epoch=16, total_rounds=30, total_fda_steps=429, accuracy=0.9545999765396118)
EpochMetrics(epoch=17, total_rounds=32, total_fda_steps=456, accuracy=0.955299973487854)
EpochMetrics(epoch=18, total_rounds=33, total_fda_steps=483, accuracy=0.9571999907493591)
EpochMetrics(epoch=19, total_rounds=35, total_fda_steps=509, accuracy=0.9595000147819519)
EpochMetrics(epoch=20, total_rounds=36, total_fda_steps=536, accuracy=0.9609000086784363)
EpochMetrics(epoch=21, total_rounds=38, total_fda_steps=563, accuracy=0.9613000154495239)
EpochMetrics(epoch=22, total_rounds=39, total_fda_steps=590, accuracy=0.9620000123977661)
EpochMetrics(epoch=23, total_rounds=40, total_fda_steps=617, accuracy=0.9635999798774719)
EpochMetrics(epoch=24, total_rounds=42, total_fda_steps=643, accuracy=0.9638000130653381)
EpochMetrics(epoch=25, total_rounds=43, total_fda_steps=670, accuracy=0.9650999903678894)
EpochMetrics(epoch=26, total_rounds=45, total_fda_steps=697, accuracy=0.9646999835968018)
EpochMetrics(epoch=27, total_rounds=46, total_fda_steps=724, accuracy=0.9664999842643738)
EpochMetrics(epoch=28, total_rounds=48, total_fda_steps=750, accuracy=0.9668999910354614)
EpochMetrics(epoch=29, total_rounds=49, total_fda_steps=777, accuracy=0.9685999751091003)
EpochMetrics(epoch=30, total_rounds=51, total_fda_steps=804, accuracy=0.9693999886512756)
EpochMetrics(epoch=31, total_rounds=52, total_fda_steps=831, accuracy=0.9695000052452087)
EpochMetrics(epoch=32, total_rounds=53, total_fda_steps=858, accuracy=0.9696000218391418)
EpochMetrics(epoch=33, total_rounds=55, total_fda_steps=884, accuracy=0.97079998254776)
EpochMetrics(epoch=34, total_rounds=56, total_fda_steps=911, accuracy=0.9714999794960022)
EpochMetrics(epoch=35, total_rounds=58, total_fda_steps=938, accuracy=0.972000002861023)
EpochMetrics(epoch=36, total_rounds=59, total_fda_steps=965, accuracy=0.9726999998092651)
EpochMetrics(epoch=37, total_rounds=61, total_fda_steps=992, accuracy=0.9729999899864197)
EpochMetrics(epoch=38, total_rounds=62, total_fda_steps=1018, accuracy=0.9722999930381775)
EpochMetrics(epoch=39, total_rounds=64, total_fda_steps=1045, accuracy=0.9735000133514404)
EpochMetrics(epoch=40, total_rounds=65, total_fda_steps=1072, accuracy=0.9739999771118164)
EpochMetrics(epoch=41, total_rounds=67, total_fda_steps=1099, accuracy=0.9743000268936157)
EpochMetrics(epoch=42, total_rounds=68, total_fda_steps=1125, accuracy=0.9745000004768372)
EpochMetrics(epoch=43, total_rounds=69, total_fda_steps=1152, accuracy=0.9749000072479248)
EpochMetrics(epoch=44, total_rounds=71, total_fda_steps=1179, accuracy=0.9753999710083008)
EpochMetrics(epoch=45, total_rounds=72, total_fda_steps=1206, accuracy=0.975600004196167)
EpochMetrics(epoch=46, total_rounds=74, total_fda_steps=1233, accuracy=0.9764000177383423)
EpochMetrics(epoch=47, total_rounds=75, total_fda_steps=1259, accuracy=0.9765999913215637)
EpochMetrics(epoch=48, total_rounds=76, total_fda_steps=1286, accuracy=0.9769999980926514)
EpochMetrics(epoch=49, total_rounds=78, total_fda_steps=1313, accuracy=0.9769999980926514)
EpochMetrics(epoch=50, total_rounds=79, total_fda_steps=1340, accuracy=0.9775999784469604)
EpochMetrics(epoch=51, total_rounds=80, total_fda_steps=1367, accuracy=0.9782999753952026)
EpochMetrics(epoch=52, total_rounds=82, total_fda_steps=1393, accuracy=0.9778000116348267)
EpochMetrics(epoch=53, total_rounds=83, total_fda_steps=1420, accuracy=0.9782999753952026)
EpochMetrics(epoch=54, total_rounds=85, total_fda_steps=1447, accuracy=0.978600025177002)
EpochMetrics(epoch=55, total_rounds=86, total_fda_steps=1474, accuracy=0.9790999889373779)
EpochMetrics(epoch=56, total_rounds=87, total_fda_steps=1500, accuracy=0.9787999987602234)
EpochMetrics(epoch=57, total_rounds=89, total_fda_steps=1527, accuracy=0.9799000024795532)
EpochMetrics(epoch=58, total_rounds=90, total_fda_steps=1554, accuracy=0.9797000288963318)
EpochMetrics(epoch=59, total_rounds=92, total_fda_steps=1581, accuracy=0.9796000123023987)
EpochMetrics(epoch=60, total_rounds=93, total_fda_steps=1608, accuracy=0.9800000190734863)
EpochMetrics(epoch=61, total_rounds=94, total_fda_steps=1634, accuracy=0.9811000227928162)
EpochMetrics(epoch=62, total_rounds=96, total_fda_steps=1661, accuracy=0.9804999828338623)
EpochMetrics(epoch=63, total_rounds=97, total_fda_steps=1688, accuracy=0.9805999994277954)
EpochMetrics(epoch=64, total_rounds=98, total_fda_steps=1715, accuracy=0.9800999760627747)
EpochMetrics(epoch=65, total_rounds=100, total_fda_steps=1742, accuracy=0.9807000160217285)
EpochMetrics(epoch=66, total_rounds=101, total_fda_steps=1768, accuracy=0.9807000160217285)
EpochMetrics(epoch=67, total_rounds=103, total_fda_steps=1795, accuracy=0.9817000031471252)
EpochMetrics(epoch=68, total_rounds=104, total_fda_steps=1822, accuracy=0.9819999933242798)
EpochMetrics(epoch=69, total_rounds=105, total_fda_steps=1849, accuracy=0.9819999933242798)
EpochMetrics(epoch=70, total_rounds=107, total_fda_steps=1875, accuracy=0.9811999797821045)
EpochMetrics(epoch=71, total_rounds=108, total_fda_steps=1902, accuracy=0.9819999933242798)
EpochMetrics(epoch=72, total_rounds=109, total_fda_steps=1929, accuracy=0.9815999865531921)
EpochMetrics(epoch=73, total_rounds=111, total_fda_steps=1956, accuracy=0.9825999736785889)
EpochMetrics(epoch=74, total_rounds=112, total_fda_steps=1983, accuracy=0.9819999933242798)
EpochMetrics(epoch=75, total_rounds=113, total_fda_steps=2009, accuracy=0.9829000234603882)
EpochMetrics(epoch=76, total_rounds=115, total_fda_steps=2036, accuracy=0.982699990272522)
EpochMetrics(epoch=77, total_rounds=116, total_fda_steps=2063, accuracy=0.9832000136375427)
EpochMetrics(epoch=78, total_rounds=117, total_fda_steps=2090, accuracy=0.982699990272522)
EpochMetrics(epoch=79, total_rounds=119, total_fda_steps=2117, accuracy=0.9830999970436096)
EpochMetrics(epoch=80, total_rounds=120, total_fda_steps=2143, accuracy=0.983299970626831)
EpochMetrics(epoch=81, total_rounds=121, total_fda_steps=2170, accuracy=0.9830999970436096)
EpochMetrics(epoch=82, total_rounds=123, total_fda_steps=2197, accuracy=0.9830999970436096)
EpochMetrics(epoch=83, total_rounds=124, total_fda_steps=2224, accuracy=0.984000027179718)
EpochMetrics(epoch=84, total_rounds=125, total_fda_steps=2250, accuracy=0.9832000136375427)
EpochMetrics(epoch=85, total_rounds=127, total_fda_steps=2277, accuracy=0.9837999939918518)
EpochMetrics(epoch=86, total_rounds=128, total_fda_steps=2304, accuracy=0.9832000136375427)
EpochMetrics(epoch=87, total_rounds=129, total_fda_steps=2331, accuracy=0.9836999773979187)
EpochMetrics(epoch=88, total_rounds=130, total_fda_steps=2358, accuracy=0.9837999939918518)
EpochMetrics(epoch=89, total_rounds=132, total_fda_steps=2384, accuracy=0.9839000105857849)
EpochMetrics(epoch=90, total_rounds=133, total_fda_steps=2411, accuracy=0.983299970626831)
EpochMetrics(epoch=91, total_rounds=134, total_fda_steps=2438, accuracy=0.9835000038146973)
EpochMetrics(epoch=92, total_rounds=136, total_fda_steps=2465, accuracy=0.9835000038146973)
EpochMetrics(epoch=93, total_rounds=137, total_fda_steps=2492, accuracy=0.9836000204086304)
EpochMetrics(epoch=94, total_rounds=138, total_fda_steps=2518, accuracy=0.9839000105857849)
EpochMetrics(epoch=95, total_rounds=139, total_fda_steps=2545, accuracy=0.9830999970436096)
EpochMetrics(epoch=96, total_rounds=141, total_fda_steps=2572, accuracy=0.9836000204086304)
EpochMetrics(epoch=97, total_rounds=142, total_fda_steps=2599, accuracy=0.9840999841690063)
EpochMetrics(epoch=98, total_rounds=143, total_fda_steps=2625, accuracy=0.9842000007629395)
EpochMetrics(epoch=99, total_rounds=145, total_fda_steps=2652, accuracy=0.984000027179718)
EpochMetrics(epoch=100, total_rounds=146, total_fda_steps=2679, accuracy=0.9843999743461609)
EpochMetrics(epoch=101, total_rounds=147, total_fda_steps=2706, accuracy=0.9843000173568726)
EpochMetrics(epoch=102, total_rounds=148, total_fda_steps=2733, accuracy=0.9843999743461609)
EpochMetrics(epoch=103, total_rounds=150, total_fda_steps=2759, accuracy=0.9843999743461609)
EpochMetrics(epoch=104, total_rounds=151, total_fda_steps=2786, accuracy=0.9847999811172485)
EpochMetrics(epoch=105, total_rounds=152, total_fda_steps=2813, accuracy=0.9846000075340271)
EpochMetrics(epoch=106, total_rounds=153, total_fda_steps=2840, accuracy=0.9840999841690063)
EpochMetrics(epoch=107, total_rounds=154, total_fda_steps=2867, accuracy=0.9850000143051147)
EpochMetrics(epoch=108, total_rounds=156, total_fda_steps=2893, accuracy=0.9840999841690063)
EpochMetrics(epoch=109, total_rounds=157, total_fda_steps=2920, accuracy=0.9846000075340271)
EpochMetrics(epoch=110, total_rounds=158, total_fda_steps=2947, accuracy=0.9842000007629395)
EpochMetrics(epoch=111, total_rounds=159, total_fda_steps=2974, accuracy=0.9843999743461609)
EpochMetrics(epoch=112, total_rounds=161, total_fda_steps=3000, accuracy=0.9847999811172485)
EpochMetrics(epoch=113, total_rounds=162, total_fda_steps=3027, accuracy=0.9848999977111816)
EpochMetrics(epoch=114, total_rounds=163, total_fda_steps=3054, accuracy=0.9847000241279602)
EpochMetrics(epoch=115, total_rounds=164, total_fda_steps=3081, accuracy=0.9842000007629395)
EpochMetrics(epoch=116, total_rounds=166, total_fda_steps=3108, accuracy=0.9847000241279602)
EpochMetrics(epoch=117, total_rounds=167, total_fda_steps=3134, accuracy=0.9847999811172485)
EpochMetrics(epoch=118, total_rounds=168, total_fda_steps=3161, accuracy=0.9843000173568726)
EpochMetrics(epoch=119, total_rounds=169, total_fda_steps=3188, accuracy=0.9847999811172485)
EpochMetrics(epoch=120, total_rounds=171, total_fda_steps=3215, accuracy=0.9850000143051147)
EpochMetrics(epoch=121, total_rounds=172, total_fda_steps=3242, accuracy=0.9850999712944031)
EpochMetrics(epoch=122, total_rounds=173, total_fda_steps=3268, accuracy=0.9850999712944031)
EpochMetrics(epoch=123, total_rounds=174, total_fda_steps=3295, accuracy=0.9847999811172485)
EpochMetrics(epoch=124, total_rounds=175, total_fda_steps=3322, accuracy=0.984499990940094)
EpochMetrics(epoch=125, total_rounds=176, total_fda_steps=3349, accuracy=0.9847000241279602)
EpochMetrics(epoch=126, total_rounds=178, total_fda_steps=3375, accuracy=0.9850999712944031)
EpochMetrics(epoch=127, total_rounds=179, total_fda_steps=3402, accuracy=0.9843999743461609)
EpochMetrics(epoch=128, total_rounds=180, total_fda_steps=3429, accuracy=0.9851999878883362)
EpochMetrics(epoch=129, total_rounds=181, total_fda_steps=3456, accuracy=0.9848999977111816)
EpochMetrics(epoch=130, total_rounds=182, total_fda_steps=3483, accuracy=0.9850999712944031)
EpochMetrics(epoch=131, total_rounds=184, total_fda_steps=3509, accuracy=0.9854999780654907)
EpochMetrics(epoch=132, total_rounds=185, total_fda_steps=3536, accuracy=0.9847999811172485)
EpochMetrics(epoch=133, total_rounds=186, total_fda_steps=3563, accuracy=0.9854000210762024)
EpochMetrics(epoch=134, total_rounds=187, total_fda_steps=3590, accuracy=0.9850000143051147)
EpochMetrics(epoch=135, total_rounds=189, total_fda_steps=3617, accuracy=0.9850000143051147)
EpochMetrics(epoch=136, total_rounds=190, total_fda_steps=3643, accuracy=0.9848999977111816)
EpochMetrics(epoch=137, total_rounds=191, total_fda_steps=3670, accuracy=0.9851999878883362)
EpochMetrics(epoch=138, total_rounds=192, total_fda_steps=3697, accuracy=0.9850000143051147)
EpochMetrics(epoch=139, total_rounds=193, total_fda_steps=3724, accuracy=0.9847000241279602)
EpochMetrics(epoch=140, total_rounds=194, total_fda_steps=3750, accuracy=0.9851999878883362)
EpochMetrics(epoch=141, total_rounds=195, total_fda_steps=3777, accuracy=0.9850999712944031)
EpochMetrics(epoch=142, total_rounds=197, total_fda_steps=3804, accuracy=0.9850999712944031)
EpochMetrics(epoch=143, total_rounds=198, total_fda_steps=3831, accuracy=0.9847999811172485)
EpochMetrics(epoch=144, total_rounds=199, total_fda_steps=3858, accuracy=0.9850999712944031)
EpochMetrics(epoch=145, total_rounds=200, total_fda_steps=3884, accuracy=0.9850999712944031)
EpochMetrics(epoch=146, total_rounds=201, total_fda_steps=3911, accuracy=0.9846000075340271)
EpochMetrics(epoch=147, total_rounds=202, total_fda_steps=3938, accuracy=0.9853000044822693)
EpochMetrics(epoch=148, total_rounds=204, total_fda_steps=3965, accuracy=0.9858999848365784)
EpochMetrics(epoch=149, total_rounds=205, total_fda_steps=3992, accuracy=0.9855999946594238)
EpochMetrics(epoch=150, total_rounds=206, total_fda_steps=4018, accuracy=0.9854000210762024)
EpochMetrics(epoch=151, total_rounds=207, total_fda_steps=4045, accuracy=0.98580002784729)
EpochMetrics(epoch=152, total_rounds=208, total_fda_steps=4072, accuracy=0.9855999946594238)
EpochMetrics(epoch=153, total_rounds=209, total_fda_steps=4099, accuracy=0.9853000044822693)
EpochMetrics(epoch=154, total_rounds=210, total_fda_steps=4125, accuracy=0.9861999750137329)
EpochMetrics(epoch=155, total_rounds=212, total_fda_steps=4152, accuracy=0.9854999780654907)
EpochMetrics(epoch=156, total_rounds=213, total_fda_steps=4179, accuracy=0.9857000112533569)
EpochMetrics(epoch=157, total_rounds=214, total_fda_steps=4206, accuracy=0.9855999946594238)
EpochMetrics(epoch=158, total_rounds=215, total_fda_steps=4233, accuracy=0.9854000210762024)
EpochMetrics(epoch=159, total_rounds=216, total_fda_steps=4259, accuracy=0.9854999780654907)
EpochMetrics(epoch=160, total_rounds=217, total_fda_steps=4286, accuracy=0.9851999878883362)
EpochMetrics(epoch=161, total_rounds=218, total_fda_steps=4313, accuracy=0.9860000014305115)
EpochMetrics(epoch=162, total_rounds=219, total_fda_steps=4340, accuracy=0.9861999750137329)
EpochMetrics(epoch=163, total_rounds=221, total_fda_steps=4367, accuracy=0.9860000014305115)
EpochMetrics(epoch=164, total_rounds=222, total_fda_steps=4393, accuracy=0.98580002784729)
EpochMetrics(epoch=165, total_rounds=223, total_fda_steps=4420, accuracy=0.9857000112533569)
EpochMetrics(epoch=166, total_rounds=224, total_fda_steps=4447, accuracy=0.9865000247955322)
EpochMetrics(epoch=167, total_rounds=225, total_fda_steps=4474, accuracy=0.9861000180244446)
EpochMetrics(epoch=168, total_rounds=226, total_fda_steps=4500, accuracy=0.9864000082015991)
EpochMetrics(epoch=169, total_rounds=227, total_fda_steps=4527, accuracy=0.9854999780654907)
EpochMetrics(epoch=170, total_rounds=228, total_fda_steps=4554, accuracy=0.9861999750137329)
EpochMetrics(epoch=171, total_rounds=229, total_fda_steps=4581, accuracy=0.9864000082015991)
EpochMetrics(epoch=172, total_rounds=231, total_fda_steps=4608, accuracy=0.9858999848365784)
EpochMetrics(epoch=173, total_rounds=232, total_fda_steps=4634, accuracy=0.98580002784729)
EpochMetrics(epoch=174, total_rounds=233, total_fda_steps=4661, accuracy=0.9855999946594238)
EpochMetrics(epoch=175, total_rounds=234, total_fda_steps=4688, accuracy=0.9860000014305115)
EpochMetrics(epoch=176, total_rounds=235, total_fda_steps=4715, accuracy=0.9857000112533569)
EpochMetrics(epoch=177, total_rounds=236, total_fda_steps=4742, accuracy=0.9861000180244446)
EpochMetrics(epoch=178, total_rounds=237, total_fda_steps=4768, accuracy=0.9858999848365784)
EpochMetrics(epoch=179, total_rounds=238, total_fda_steps=4795, accuracy=0.9861999750137329)
EpochMetrics(epoch=180, total_rounds=239, total_fda_steps=4822, accuracy=0.9860000014305115)
EpochMetrics(epoch=181, total_rounds=240, total_fda_steps=4849, accuracy=0.9861000180244446)
EpochMetrics(epoch=182, total_rounds=242, total_fda_steps=4875, accuracy=0.9861999750137329)
EpochMetrics(epoch=183, total_rounds=243, total_fda_steps=4902, accuracy=0.9861999750137329)
EpochMetrics(epoch=184, total_rounds=244, total_fda_steps=4929, accuracy=0.9860000014305115)
EpochMetrics(epoch=185, total_rounds=245, total_fda_steps=4956, accuracy=0.986299991607666)
EpochMetrics(epoch=186, total_rounds=246, total_fda_steps=4983, accuracy=0.9864000082015991)
EpochMetrics(epoch=187, total_rounds=247, total_fda_steps=5009, accuracy=0.9860000014305115)
EpochMetrics(epoch=188, total_rounds=248, total_fda_steps=5036, accuracy=0.9861999750137329)
EpochMetrics(epoch=189, total_rounds=249, total_fda_steps=5063, accuracy=0.9866999983787537)
EpochMetrics(epoch=190, total_rounds=250, total_fda_steps=5090, accuracy=0.9868000149726868)
EpochMetrics(epoch=191, total_rounds=251, total_fda_steps=5117, accuracy=0.9861999750137329)
EpochMetrics(epoch=192, total_rounds=253, total_fda_steps=5143, accuracy=0.9864000082015991)
EpochMetrics(epoch=193, total_rounds=254, total_fda_steps=5170, accuracy=0.9860000014305115)
EpochMetrics(epoch=194, total_rounds=255, total_fda_steps=5197, accuracy=0.9858999848365784)
EpochMetrics(epoch=195, total_rounds=256, total_fda_steps=5224, accuracy=0.9854999780654907)
EpochMetrics(epoch=196, total_rounds=257, total_fda_steps=5250, accuracy=0.986299991607666)
EpochMetrics(epoch=197, total_rounds=258, total_fda_steps=5277, accuracy=0.9850999712944031)
EpochMetrics(epoch=198, total_rounds=259, total_fda_steps=5304, accuracy=0.9861999750137329)
EpochMetrics(epoch=199, total_rounds=260, total_fda_steps=5331, accuracy=0.9858999848365784)
EpochMetrics(epoch=200, total_rounds=261, total_fda_steps=5358, accuracy=0.9860000014305115)
EpochMetrics(epoch=201, total_rounds=262, total_fda_steps=5384, accuracy=0.9861000180244446)
EpochMetrics(epoch=202, total_rounds=264, total_fda_steps=5411, accuracy=0.9858999848365784)
EpochMetrics(epoch=203, total_rounds=265, total_fda_steps=5438, accuracy=0.9855999946594238)
EpochMetrics(epoch=204, total_rounds=266, total_fda_steps=5465, accuracy=0.9869999885559082)
EpochMetrics(epoch=205, total_rounds=267, total_fda_steps=5492, accuracy=0.9864000082015991)
EpochMetrics(epoch=206, total_rounds=268, total_fda_steps=5518, accuracy=0.9864000082015991)
EpochMetrics(epoch=207, total_rounds=269, total_fda_steps=5545, accuracy=0.9866999983787537)
EpochMetrics(epoch=208, total_rounds=270, total_fda_steps=5572, accuracy=0.9858999848365784)
EpochMetrics(epoch=209, total_rounds=271, total_fda_steps=5599, accuracy=0.9865999817848206)
EpochMetrics(epoch=210, total_rounds=272, total_fda_steps=5625, accuracy=0.9858999848365784)
EpochMetrics(epoch=211, total_rounds=273, total_fda_steps=5652, accuracy=0.9865999817848206)
EpochMetrics(epoch=212, total_rounds=274, total_fda_steps=5679, accuracy=0.9861999750137329)
EpochMetrics(epoch=213, total_rounds=276, total_fda_steps=5706, accuracy=0.9864000082015991)
EpochMetrics(epoch=214, total_rounds=277, total_fda_steps=5733, accuracy=0.9869999885559082)
EpochMetrics(epoch=215, total_rounds=278, total_fda_steps=5759, accuracy=0.9864000082015991)
EpochMetrics(epoch=216, total_rounds=279, total_fda_steps=5786, accuracy=0.9864000082015991)
EpochMetrics(epoch=217, total_rounds=280, total_fda_steps=5813, accuracy=0.9864000082015991)
EpochMetrics(epoch=218, total_rounds=281, total_fda_steps=5840, accuracy=0.9864000082015991)
EpochMetrics(epoch=219, total_rounds=282, total_fda_steps=5867, accuracy=0.9865999817848206)
EpochMetrics(epoch=220, total_rounds=283, total_fda_steps=5893, accuracy=0.9868999719619751)
EpochMetrics(epoch=221, total_rounds=284, total_fda_steps=5920, accuracy=0.9872000217437744)
EpochMetrics(epoch=222, total_rounds=285, total_fda_steps=5947, accuracy=0.9865000247955322)
EpochMetrics(epoch=223, total_rounds=286, total_fda_steps=5974, accuracy=0.9866999983787537)
EpochMetrics(epoch=224, total_rounds=287, total_fda_steps=6000, accuracy=0.9865000247955322)
EpochMetrics(epoch=225, total_rounds=288, total_fda_steps=6027, accuracy=0.9865000247955322)
EpochMetrics(epoch=226, total_rounds=289, total_fda_steps=6054, accuracy=0.9866999983787537)
EpochMetrics(epoch=227, total_rounds=290, total_fda_steps=6081, accuracy=0.9871000051498413)
EpochMetrics(epoch=228, total_rounds=291, total_fda_steps=6108, accuracy=0.9872999787330627)
EpochMetrics(epoch=229, total_rounds=292, total_fda_steps=6134, accuracy=0.9873999953269958)
EpochMetrics(epoch=230, total_rounds=293, total_fda_steps=6161, accuracy=0.9876999855041504)
EpochMetrics(epoch=231, total_rounds=294, total_fda_steps=6188, accuracy=0.9873999953269958)
EpochMetrics(epoch=232, total_rounds=295, total_fda_steps=6215, accuracy=0.9872999787330627)
EpochMetrics(epoch=233, total_rounds=296, total_fda_steps=6242, accuracy=0.9864000082015991)
EpochMetrics(epoch=234, total_rounds=297, total_fda_steps=6268, accuracy=0.9865999817848206)
EpochMetrics(epoch=235, total_rounds=298, total_fda_steps=6295, accuracy=0.9869999885559082)
EpochMetrics(epoch=236, total_rounds=300, total_fda_steps=6322, accuracy=0.9865999817848206)
EpochMetrics(epoch=237, total_rounds=301, total_fda_steps=6349, accuracy=0.9872000217437744)
EpochMetrics(epoch=238, total_rounds=302, total_fda_steps=6375, accuracy=0.9868999719619751)
EpochMetrics(epoch=239, total_rounds=302, total_fda_steps=6402, accuracy=0.9872000217437744)
EpochMetrics(epoch=240, total_rounds=304, total_fda_steps=6429, accuracy=0.9860000014305115)
EpochMetrics(epoch=241, total_rounds=305, total_fda_steps=6456, accuracy=0.9868000149726868)
EpochMetrics(epoch=242, total_rounds=306, total_fda_steps=6483, accuracy=0.9866999983787537)
EpochMetrics(epoch=243, total_rounds=306, total_fda_steps=6509, accuracy=0.9864000082015991)
EpochMetrics(epoch=244, total_rounds=307, total_fda_steps=6536, accuracy=0.9861000180244446)
EpochMetrics(epoch=245, total_rounds=308, total_fda_steps=6563, accuracy=0.9868999719619751)
EpochMetrics(epoch=246, total_rounds=309, total_fda_steps=6590, accuracy=0.9865999817848206)
EpochMetrics(epoch=247, total_rounds=310, total_fda_steps=6617, accuracy=0.9872000217437744)
EpochMetrics(epoch=248, total_rounds=312, total_fda_steps=6643, accuracy=0.986299991607666)
EpochMetrics(epoch=249, total_rounds=313, total_fda_steps=6670, accuracy=0.9871000051498413)
EpochMetrics(epoch=250, total_rounds=314, total_fda_steps=6697, accuracy=0.9871000051498413)
EpochMetrics(epoch=251, total_rounds=315, total_fda_steps=6724, accuracy=0.9872999787330627)
EpochMetrics(epoch=252, total_rounds=316, total_fda_steps=6750, accuracy=0.9864000082015991)
EpochMetrics(epoch=253, total_rounds=317, total_fda_steps=6777, accuracy=0.9869999885559082)
EpochMetrics(epoch=254, total_rounds=318, total_fda_steps=6804, accuracy=0.9865999817848206)
EpochMetrics(epoch=255, total_rounds=319, total_fda_steps=6831, accuracy=0.9872000217437744)
EpochMetrics(epoch=256, total_rounds=320, total_fda_steps=6858, accuracy=0.9872000217437744)
EpochMetrics(epoch=257, total_rounds=321, total_fda_steps=6884, accuracy=0.9873999953269958)
EpochMetrics(epoch=258, total_rounds=322, total_fda_steps=6911, accuracy=0.986299991607666)
EpochMetrics(epoch=259, total_rounds=323, total_fda_steps=6938, accuracy=0.9868000149726868)
EpochMetrics(epoch=260, total_rounds=324, total_fda_steps=6965, accuracy=0.9868000149726868)
EpochMetrics(epoch=261, total_rounds=325, total_fda_steps=6992, accuracy=0.9866999983787537)
EpochMetrics(epoch=262, total_rounds=326, total_fda_steps=7018, accuracy=0.9872000217437744)
EpochMetrics(epoch=263, total_rounds=327, total_fda_steps=7045, accuracy=0.9868999719619751)
EpochMetrics(epoch=264, total_rounds=328, total_fda_steps=7072, accuracy=0.9871000051498413)
EpochMetrics(epoch=265, total_rounds=330, total_fda_steps=7099, accuracy=0.9873999953269958)
EpochMetrics(epoch=266, total_rounds=331, total_fda_steps=7125, accuracy=0.9869999885559082)
EpochMetrics(epoch=267, total_rounds=332, total_fda_steps=7152, accuracy=0.9871000051498413)
EpochMetrics(epoch=268, total_rounds=333, total_fda_steps=7179, accuracy=0.9865999817848206)
EpochMetrics(epoch=269, total_rounds=334, total_fda_steps=7206, accuracy=0.9869999885559082)
EpochMetrics(epoch=270, total_rounds=335, total_fda_steps=7233, accuracy=0.9876000285148621)
EpochMetrics(epoch=271, total_rounds=336, total_fda_steps=7259, accuracy=0.9865999817848206)
EpochMetrics(epoch=272, total_rounds=337, total_fda_steps=7286, accuracy=0.9868000149726868)
EpochMetrics(epoch=273, total_rounds=338, total_fda_steps=7313, accuracy=0.9869999885559082)
EpochMetrics(epoch=274, total_rounds=339, total_fda_steps=7340, accuracy=0.9865999817848206)
EpochMetrics(epoch=275, total_rounds=340, total_fda_steps=7367, accuracy=0.9865999817848206)
EpochMetrics(epoch=276, total_rounds=341, total_fda_steps=7393, accuracy=0.9872000217437744)
EpochMetrics(epoch=277, total_rounds=342, total_fda_steps=7420, accuracy=0.9864000082015991)
EpochMetrics(epoch=278, total_rounds=343, total_fda_steps=7447, accuracy=0.9865999817848206)
EpochMetrics(epoch=279, total_rounds=344, total_fda_steps=7474, accuracy=0.9873999953269958)
EpochMetrics(epoch=280, total_rounds=345, total_fda_steps=7500, accuracy=0.9871000051498413)
EpochMetrics(epoch=281, total_rounds=346, total_fda_steps=7527, accuracy=0.9868999719619751)
EpochMetrics(epoch=282, total_rounds=347, total_fda_steps=7554, accuracy=0.9871000051498413)
EpochMetrics(epoch=283, total_rounds=348, total_fda_steps=7581, accuracy=0.9871000051498413)
EpochMetrics(epoch=284, total_rounds=349, total_fda_steps=7608, accuracy=0.9873999953269958)
EpochMetrics(epoch=285, total_rounds=350, total_fda_steps=7634, accuracy=0.9869999885559082)
EpochMetrics(epoch=286, total_rounds=350, total_fda_steps=7661, accuracy=0.9869999885559082)
EpochMetrics(epoch=287, total_rounds=351, total_fda_steps=7688, accuracy=0.9869999885559082)
EpochMetrics(epoch=288, total_rounds=352, total_fda_steps=7715, accuracy=0.9865999817848206)
EpochMetrics(epoch=289, total_rounds=354, total_fda_steps=7742, accuracy=0.9868000149726868)
EpochMetrics(epoch=290, total_rounds=355, total_fda_steps=7768, accuracy=0.9868999719619751)
EpochMetrics(epoch=291, total_rounds=356, total_fda_steps=7795, accuracy=0.9865000247955322)
EpochMetrics(epoch=292, total_rounds=357, total_fda_steps=7822, accuracy=0.9872999787330627)
EpochMetrics(epoch=293, total_rounds=358, total_fda_steps=7849, accuracy=0.9872000217437744)
EpochMetrics(epoch=294, total_rounds=359, total_fda_steps=7875, accuracy=0.9868000149726868)
EpochMetrics(epoch=295, total_rounds=360, total_fda_steps=7902, accuracy=0.9868000149726868)
EpochMetrics(epoch=296, total_rounds=361, total_fda_steps=7929, accuracy=0.9868000149726868)
EpochMetrics(epoch=297, total_rounds=362, total_fda_steps=7956, accuracy=0.9869999885559082)
EpochMetrics(epoch=298, total_rounds=363, total_fda_steps=7983, accuracy=0.9866999983787537)
EpochMetrics(epoch=299, total_rounds=364, total_fda_steps=8009, accuracy=0.9868000149726868)
EpochMetrics(epoch=300, total_rounds=365, total_fda_steps=8036, accuracy=0.9865999817848206)
EpochMetrics(epoch=301, total_rounds=366, total_fda_steps=8063, accuracy=0.9866999983787537)
EpochMetrics(epoch=302, total_rounds=367, total_fda_steps=8090, accuracy=0.9868999719619751)
EpochMetrics(epoch=303, total_rounds=368, total_fda_steps=8117, accuracy=0.9868000149726868)
EpochMetrics(epoch=304, total_rounds=369, total_fda_steps=8143, accuracy=0.9871000051498413)
EpochMetrics(epoch=305, total_rounds=370, total_fda_steps=8170, accuracy=0.9872999787330627)
EpochMetrics(epoch=306, total_rounds=371, total_fda_steps=8197, accuracy=0.9866999983787537)
EpochMetrics(epoch=307, total_rounds=372, total_fda_steps=8224, accuracy=0.9864000082015991)
EpochMetrics(epoch=308, total_rounds=373, total_fda_steps=8250, accuracy=0.9871000051498413)
EpochMetrics(epoch=309, total_rounds=375, total_fda_steps=8277, accuracy=0.9869999885559082)
EpochMetrics(epoch=310, total_rounds=376, total_fda_steps=8304, accuracy=0.9868999719619751)
EpochMetrics(epoch=311, total_rounds=377, total_fda_steps=8331, accuracy=0.9868999719619751)
EpochMetrics(epoch=312, total_rounds=378, total_fda_steps=8358, accuracy=0.9865000247955322)
EpochMetrics(epoch=313, total_rounds=379, total_fda_steps=8384, accuracy=0.9869999885559082)
EpochMetrics(epoch=314, total_rounds=380, total_fda_steps=8411, accuracy=0.9871000051498413)
EpochMetrics(epoch=315, total_rounds=381, total_fda_steps=8438, accuracy=0.9872000217437744)
EpochMetrics(epoch=316, total_rounds=382, total_fda_steps=8465, accuracy=0.9872999787330627)
EpochMetrics(epoch=317, total_rounds=383, total_fda_steps=8492, accuracy=0.9876999855041504)
EpochMetrics(epoch=318, total_rounds=384, total_fda_steps=8518, accuracy=0.9872000217437744)
EpochMetrics(epoch=319, total_rounds=385, total_fda_steps=8545, accuracy=0.9866999983787537)
EpochMetrics(epoch=320, total_rounds=387, total_fda_steps=8572, accuracy=0.9865999817848206)
EpochMetrics(epoch=321, total_rounds=388, total_fda_steps=8599, accuracy=0.9868000149726868)
EpochMetrics(epoch=322, total_rounds=389, total_fda_steps=8625, accuracy=0.9868000149726868)
EpochMetrics(epoch=323, total_rounds=389, total_fda_steps=8652, accuracy=0.9868000149726868)
EpochMetrics(epoch=324, total_rounds=390, total_fda_steps=8679, accuracy=0.9872000217437744)
EpochMetrics(epoch=325, total_rounds=391, total_fda_steps=8706, accuracy=0.9869999885559082)
EpochMetrics(epoch=326, total_rounds=392, total_fda_steps=8733, accuracy=0.9872000217437744)
EpochMetrics(epoch=327, total_rounds=393, total_fda_steps=8759, accuracy=0.9871000051498413)
EpochMetrics(epoch=328, total_rounds=394, total_fda_steps=8786, accuracy=0.9871000051498413)
EpochMetrics(epoch=329, total_rounds=395, total_fda_steps=8813, accuracy=0.9868999719619751)
EpochMetrics(epoch=330, total_rounds=396, total_fda_steps=8840, accuracy=0.9868000149726868)
EpochMetrics(epoch=331, total_rounds=398, total_fda_steps=8867, accuracy=0.9868000149726868)
EpochMetrics(epoch=332, total_rounds=398, total_fda_steps=8893, accuracy=0.9866999983787537)
EpochMetrics(epoch=333, total_rounds=399, total_fda_steps=8920, accuracy=0.9871000051498413)
EpochMetrics(epoch=334, total_rounds=400, total_fda_steps=8947, accuracy=0.9872000217437744)
EpochMetrics(epoch=335, total_rounds=401, total_fda_steps=8974, accuracy=0.9873999953269958)
EpochMetrics(epoch=336, total_rounds=402, total_fda_steps=9000, accuracy=0.9869999885559082)
EpochMetrics(epoch=337, total_rounds=403, total_fda_steps=9027, accuracy=0.9872000217437744)
EpochMetrics(epoch=338, total_rounds=404, total_fda_steps=9054, accuracy=0.9872999787330627)
EpochMetrics(epoch=339, total_rounds=405, total_fda_steps=9081, accuracy=0.9868999719619751)
EpochMetrics(epoch=340, total_rounds=406, total_fda_steps=9108, accuracy=0.9876000285148621)
EpochMetrics(epoch=341, total_rounds=407, total_fda_steps=9134, accuracy=0.9871000051498413)
EpochMetrics(epoch=342, total_rounds=408, total_fda_steps=9161, accuracy=0.9872000217437744)
EpochMetrics(epoch=343, total_rounds=409, total_fda_steps=9188, accuracy=0.9869999885559082)
EpochMetrics(epoch=344, total_rounds=410, total_fda_steps=9215, accuracy=0.9879999756813049)
EpochMetrics(epoch=345, total_rounds=411, total_fda_steps=9242, accuracy=0.9879000186920166)
EpochMetrics(epoch=346, total_rounds=412, total_fda_steps=9268, accuracy=0.9878000020980835)
EpochMetrics(epoch=347, total_rounds=413, total_fda_steps=9295, accuracy=0.988099992275238)
EpochMetrics(epoch=348, total_rounds=414, total_fda_steps=9322, accuracy=0.9879000186920166)
EpochMetrics(epoch=349, total_rounds=415, total_fda_steps=9349, accuracy=0.9876999855041504)
EpochMetrics(epoch=350, total_rounds=415, total_fda_steps=9375, accuracy=0.9873999953269958)

------------ Finished Testing : ------------
NN name : LeNet-5
FDA name : naive
Num Clients : 35
Batch size : 64
Num Epochs : 350
Number of steps until we check RTC : 1
Theta : 0.5
Total simulation time: 37977.88741016388 sec
-----------------------------------------

