Num GPUs Available:  1

------------ Current Test : ------------
NN name : LeNet-5
FDA name : naive
Num Clients : 5
Batch size : 32
Num Epochs : 350
Number of steps until we check RTC : 1
Theta : 0.5
-----------------------------------------

EpochMetrics(epoch=1, total_rounds=22, total_fda_steps=375, accuracy=0.9369999766349792)
EpochMetrics(epoch=2, total_rounds=38, total_fda_steps=750, accuracy=0.9577999711036682)
EpochMetrics(epoch=3, total_rounds=55, total_fda_steps=1125, accuracy=0.9675999879837036)
EpochMetrics(epoch=4, total_rounds=71, total_fda_steps=1500, accuracy=0.9722999930381775)
EpochMetrics(epoch=5, total_rounds=87, total_fda_steps=1875, accuracy=0.9757999777793884)
EpochMetrics(epoch=6, total_rounds=104, total_fda_steps=2250, accuracy=0.9793999791145325)
EpochMetrics(epoch=7, total_rounds=121, total_fda_steps=2625, accuracy=0.9796000123023987)
EpochMetrics(epoch=8, total_rounds=137, total_fda_steps=3000, accuracy=0.982200026512146)
EpochMetrics(epoch=9, total_rounds=154, total_fda_steps=3375, accuracy=0.9819999933242798)
EpochMetrics(epoch=10, total_rounds=170, total_fda_steps=3750, accuracy=0.9832000136375427)
EpochMetrics(epoch=11, total_rounds=187, total_fda_steps=4125, accuracy=0.983299970626831)
EpochMetrics(epoch=12, total_rounds=203, total_fda_steps=4500, accuracy=0.9847000241279602)
EpochMetrics(epoch=13, total_rounds=219, total_fda_steps=4875, accuracy=0.9850000143051147)
EpochMetrics(epoch=14, total_rounds=236, total_fda_steps=5250, accuracy=0.9868999719619751)
EpochMetrics(epoch=15, total_rounds=253, total_fda_steps=5625, accuracy=0.9848999977111816)
EpochMetrics(epoch=16, total_rounds=269, total_fda_steps=6000, accuracy=0.9854999780654907)
EpochMetrics(epoch=17, total_rounds=285, total_fda_steps=6375, accuracy=0.9861999750137329)
EpochMetrics(epoch=18, total_rounds=300, total_fda_steps=6750, accuracy=0.9865999817848206)
EpochMetrics(epoch=19, total_rounds=318, total_fda_steps=7125, accuracy=0.9868000149726868)
EpochMetrics(epoch=20, total_rounds=334, total_fda_steps=7500, accuracy=0.988099992275238)
EpochMetrics(epoch=21, total_rounds=350, total_fda_steps=7875, accuracy=0.9869999885559082)
EpochMetrics(epoch=22, total_rounds=367, total_fda_steps=8250, accuracy=0.9879999756813049)
EpochMetrics(epoch=23, total_rounds=383, total_fda_steps=8625, accuracy=0.9872999787330627)
EpochMetrics(epoch=24, total_rounds=400, total_fda_steps=9000, accuracy=0.9882000088691711)
EpochMetrics(epoch=25, total_rounds=416, total_fda_steps=9375, accuracy=0.9886000156402588)
EpochMetrics(epoch=26, total_rounds=430, total_fda_steps=9750, accuracy=0.9879999756813049)
EpochMetrics(epoch=27, total_rounds=447, total_fda_steps=10125, accuracy=0.9886000156402588)
EpochMetrics(epoch=28, total_rounds=463, total_fda_steps=10500, accuracy=0.9886999726295471)
EpochMetrics(epoch=29, total_rounds=478, total_fda_steps=10875, accuracy=0.9872999787330627)
EpochMetrics(epoch=30, total_rounds=494, total_fda_steps=11250, accuracy=0.9883999824523926)
EpochMetrics(epoch=31, total_rounds=509, total_fda_steps=11625, accuracy=0.9878000020980835)
EpochMetrics(epoch=32, total_rounds=526, total_fda_steps=12000, accuracy=0.9883000254631042)
EpochMetrics(epoch=33, total_rounds=542, total_fda_steps=12375, accuracy=0.9876999855041504)
EpochMetrics(epoch=34, total_rounds=556, total_fda_steps=12750, accuracy=0.9878000020980835)
EpochMetrics(epoch=35, total_rounds=569, total_fda_steps=13125, accuracy=0.9879000186920166)
EpochMetrics(epoch=36, total_rounds=585, total_fda_steps=13500, accuracy=0.9884999990463257)
EpochMetrics(epoch=37, total_rounds=599, total_fda_steps=13875, accuracy=0.9876999855041504)
EpochMetrics(epoch=38, total_rounds=615, total_fda_steps=14250, accuracy=0.9887999892234802)
EpochMetrics(epoch=39, total_rounds=635, total_fda_steps=14625, accuracy=0.988099992275238)
EpochMetrics(epoch=40, total_rounds=650, total_fda_steps=15000, accuracy=0.9876000285148621)
EpochMetrics(epoch=41, total_rounds=662, total_fda_steps=15375, accuracy=0.9890999794006348)
EpochMetrics(epoch=42, total_rounds=675, total_fda_steps=15750, accuracy=0.9882000088691711)
EpochMetrics(epoch=43, total_rounds=692, total_fda_steps=16125, accuracy=0.9883999824523926)
EpochMetrics(epoch=44, total_rounds=709, total_fda_steps=16500, accuracy=0.9886000156402588)
EpochMetrics(epoch=45, total_rounds=728, total_fda_steps=16875, accuracy=0.9889000058174133)
EpochMetrics(epoch=46, total_rounds=741, total_fda_steps=17250, accuracy=0.988099992275238)
EpochMetrics(epoch=47, total_rounds=754, total_fda_steps=17625, accuracy=0.9890999794006348)
EpochMetrics(epoch=48, total_rounds=768, total_fda_steps=18000, accuracy=0.9886000156402588)
EpochMetrics(epoch=49, total_rounds=784, total_fda_steps=18375, accuracy=0.9876000285148621)
EpochMetrics(epoch=50, total_rounds=800, total_fda_steps=18750, accuracy=0.9890000224113464)
EpochMetrics(epoch=51, total_rounds=816, total_fda_steps=19125, accuracy=0.9887999892234802)
EpochMetrics(epoch=52, total_rounds=831, total_fda_steps=19500, accuracy=0.9884999990463257)
EpochMetrics(epoch=53, total_rounds=843, total_fda_steps=19875, accuracy=0.989799976348877)
EpochMetrics(epoch=54, total_rounds=857, total_fda_steps=20250, accuracy=0.988099992275238)
EpochMetrics(epoch=55, total_rounds=876, total_fda_steps=20625, accuracy=0.9879999756813049)
EpochMetrics(epoch=56, total_rounds=891, total_fda_steps=21000, accuracy=0.9890000224113464)
EpochMetrics(epoch=57, total_rounds=899, total_fda_steps=21375, accuracy=0.9884999990463257)
EpochMetrics(epoch=58, total_rounds=918, total_fda_steps=21750, accuracy=0.9886000156402588)
EpochMetrics(epoch=59, total_rounds=927, total_fda_steps=22125, accuracy=0.9889000058174133)
EpochMetrics(epoch=60, total_rounds=937, total_fda_steps=22500, accuracy=0.9878000020980835)
EpochMetrics(epoch=61, total_rounds=950, total_fda_steps=22875, accuracy=0.9886999726295471)
EpochMetrics(epoch=62, total_rounds=971, total_fda_steps=23250, accuracy=0.9879999756813049)
EpochMetrics(epoch=63, total_rounds=990, total_fda_steps=23625, accuracy=0.9897000193595886)
EpochMetrics(epoch=64, total_rounds=1003, total_fda_steps=24000, accuracy=0.9882000088691711)
EpochMetrics(epoch=65, total_rounds=1014, total_fda_steps=24375, accuracy=0.9897000193595886)
EpochMetrics(epoch=66, total_rounds=1027, total_fda_steps=24750, accuracy=0.9883999824523926)
EpochMetrics(epoch=67, total_rounds=1040, total_fda_steps=25125, accuracy=0.9883999824523926)
EpochMetrics(epoch=68, total_rounds=1053, total_fda_steps=25500, accuracy=0.9890999794006348)
EpochMetrics(epoch=69, total_rounds=1069, total_fda_steps=25875, accuracy=0.9883999824523926)
EpochMetrics(epoch=70, total_rounds=1083, total_fda_steps=26250, accuracy=0.988099992275238)
EpochMetrics(epoch=71, total_rounds=1093, total_fda_steps=26625, accuracy=0.9886000156402588)
EpochMetrics(epoch=72, total_rounds=1104, total_fda_steps=27000, accuracy=0.9894000291824341)
EpochMetrics(epoch=73, total_rounds=1126, total_fda_steps=27375, accuracy=0.9882000088691711)
EpochMetrics(epoch=74, total_rounds=1144, total_fda_steps=27750, accuracy=0.988099992275238)
EpochMetrics(epoch=75, total_rounds=1155, total_fda_steps=28125, accuracy=0.9886000156402588)
EpochMetrics(epoch=76, total_rounds=1167, total_fda_steps=28500, accuracy=0.9889000058174133)
EpochMetrics(epoch=77, total_rounds=1178, total_fda_steps=28875, accuracy=0.9886999726295471)
EpochMetrics(epoch=78, total_rounds=1186, total_fda_steps=29250, accuracy=0.9883999824523926)
EpochMetrics(epoch=79, total_rounds=1197, total_fda_steps=29625, accuracy=0.9891999959945679)
EpochMetrics(epoch=80, total_rounds=1216, total_fda_steps=30000, accuracy=0.988099992275238)
EpochMetrics(epoch=81, total_rounds=1231, total_fda_steps=30375, accuracy=0.9878000020980835)
EpochMetrics(epoch=82, total_rounds=1245, total_fda_steps=30750, accuracy=0.9886999726295471)
EpochMetrics(epoch=83, total_rounds=1262, total_fda_steps=31125, accuracy=0.9884999990463257)
EpochMetrics(epoch=84, total_rounds=1282, total_fda_steps=31500, accuracy=0.9883999824523926)
EpochMetrics(epoch=85, total_rounds=1289, total_fda_steps=31875, accuracy=0.9886999726295471)
EpochMetrics(epoch=86, total_rounds=1302, total_fda_steps=32250, accuracy=0.9876000285148621)
EpochMetrics(epoch=87, total_rounds=1312, total_fda_steps=32625, accuracy=0.9883999824523926)
EpochMetrics(epoch=88, total_rounds=1323, total_fda_steps=33000, accuracy=0.9883000254631042)
EpochMetrics(epoch=89, total_rounds=1330, total_fda_steps=33375, accuracy=0.9884999990463257)
EpochMetrics(epoch=90, total_rounds=1347, total_fda_steps=33750, accuracy=0.9890000224113464)
EpochMetrics(epoch=91, total_rounds=1356, total_fda_steps=34125, accuracy=0.9883999824523926)
EpochMetrics(epoch=92, total_rounds=1369, total_fda_steps=34500, accuracy=0.9876999855041504)
EpochMetrics(epoch=93, total_rounds=1382, total_fda_steps=34875, accuracy=0.9873999953269958)
EpochMetrics(epoch=94, total_rounds=1390, total_fda_steps=35250, accuracy=0.9878000020980835)
EpochMetrics(epoch=95, total_rounds=1403, total_fda_steps=35625, accuracy=0.9879000186920166)
EpochMetrics(epoch=96, total_rounds=1420, total_fda_steps=36000, accuracy=0.9872999787330627)
EpochMetrics(epoch=97, total_rounds=1439, total_fda_steps=36375, accuracy=0.988099992275238)
EpochMetrics(epoch=98, total_rounds=1448, total_fda_steps=36750, accuracy=0.9886999726295471)
EpochMetrics(epoch=99, total_rounds=1456, total_fda_steps=37125, accuracy=0.9883999824523926)
EpochMetrics(epoch=100, total_rounds=1464, total_fda_steps=37500, accuracy=0.988099992275238)
EpochMetrics(epoch=101, total_rounds=1465, total_fda_steps=37875, accuracy=0.9884999990463257)
EpochMetrics(epoch=102, total_rounds=1466, total_fda_steps=38250, accuracy=0.9883999824523926)
EpochMetrics(epoch=103, total_rounds=1471, total_fda_steps=38625, accuracy=0.9883000254631042)
EpochMetrics(epoch=104, total_rounds=1494, total_fda_steps=39000, accuracy=0.9879000186920166)
EpochMetrics(epoch=105, total_rounds=1515, total_fda_steps=39375, accuracy=0.9872000217437744)
EpochMetrics(epoch=106, total_rounds=1535, total_fda_steps=39750, accuracy=0.987500011920929)
EpochMetrics(epoch=107, total_rounds=1555, total_fda_steps=40125, accuracy=0.9876999855041504)
EpochMetrics(epoch=108, total_rounds=1567, total_fda_steps=40500, accuracy=0.9878000020980835)
EpochMetrics(epoch=109, total_rounds=1576, total_fda_steps=40875, accuracy=0.9878000020980835)
EpochMetrics(epoch=110, total_rounds=1586, total_fda_steps=41250, accuracy=0.9879999756813049)
EpochMetrics(epoch=111, total_rounds=1595, total_fda_steps=41625, accuracy=0.9878000020980835)
EpochMetrics(epoch=112, total_rounds=1610, total_fda_steps=42000, accuracy=0.9883999824523926)
EpochMetrics(epoch=113, total_rounds=1622, total_fda_steps=42375, accuracy=0.9886000156402588)
EpochMetrics(epoch=114, total_rounds=1634, total_fda_steps=42750, accuracy=0.9879999756813049)
EpochMetrics(epoch=115, total_rounds=1651, total_fda_steps=43125, accuracy=0.9879999756813049)
EpochMetrics(epoch=116, total_rounds=1664, total_fda_steps=43500, accuracy=0.988099992275238)
EpochMetrics(epoch=117, total_rounds=1671, total_fda_steps=43875, accuracy=0.9883999824523926)
EpochMetrics(epoch=118, total_rounds=1675, total_fda_steps=44250, accuracy=0.9890999794006348)
EpochMetrics(epoch=119, total_rounds=1680, total_fda_steps=44625, accuracy=0.9889000058174133)
EpochMetrics(epoch=120, total_rounds=1694, total_fda_steps=45000, accuracy=0.9891999959945679)
EpochMetrics(epoch=121, total_rounds=1713, total_fda_steps=45375, accuracy=0.9876000285148621)
EpochMetrics(epoch=122, total_rounds=1725, total_fda_steps=45750, accuracy=0.9882000088691711)
EpochMetrics(epoch=123, total_rounds=1735, total_fda_steps=46125, accuracy=0.9883999824523926)
EpochMetrics(epoch=124, total_rounds=1743, total_fda_steps=46500, accuracy=0.9887999892234802)
EpochMetrics(epoch=125, total_rounds=1758, total_fda_steps=46875, accuracy=0.9878000020980835)
EpochMetrics(epoch=126, total_rounds=1769, total_fda_steps=47250, accuracy=0.9883000254631042)
EpochMetrics(epoch=127, total_rounds=1783, total_fda_steps=47625, accuracy=0.9890000224113464)
EpochMetrics(epoch=128, total_rounds=1802, total_fda_steps=48000, accuracy=0.9879999756813049)
EpochMetrics(epoch=129, total_rounds=1810, total_fda_steps=48375, accuracy=0.9876999855041504)
EpochMetrics(epoch=130, total_rounds=1818, total_fda_steps=48750, accuracy=0.9883000254631042)
EpochMetrics(epoch=131, total_rounds=1819, total_fda_steps=49125, accuracy=0.9886000156402588)
EpochMetrics(epoch=132, total_rounds=1825, total_fda_steps=49500, accuracy=0.9882000088691711)
EpochMetrics(epoch=133, total_rounds=1844, total_fda_steps=49875, accuracy=0.9883000254631042)
EpochMetrics(epoch=134, total_rounds=1857, total_fda_steps=50250, accuracy=0.988099992275238)
EpochMetrics(epoch=135, total_rounds=1876, total_fda_steps=50625, accuracy=0.9886999726295471)
EpochMetrics(epoch=136, total_rounds=1883, total_fda_steps=51000, accuracy=0.9883000254631042)
EpochMetrics(epoch=137, total_rounds=1892, total_fda_steps=51375, accuracy=0.9883000254631042)
EpochMetrics(epoch=138, total_rounds=1908, total_fda_steps=51750, accuracy=0.9876000285148621)
EpochMetrics(epoch=139, total_rounds=1921, total_fda_steps=52125, accuracy=0.9879000186920166)
EpochMetrics(epoch=140, total_rounds=1922, total_fda_steps=52500, accuracy=0.987500011920929)
EpochMetrics(epoch=141, total_rounds=1927, total_fda_steps=52875, accuracy=0.9871000051498413)
EpochMetrics(epoch=142, total_rounds=1927, total_fda_steps=53250, accuracy=0.9876999855041504)
EpochMetrics(epoch=143, total_rounds=1927, total_fda_steps=53625, accuracy=0.9876999855041504)
EpochMetrics(epoch=144, total_rounds=1927, total_fda_steps=54000, accuracy=0.9878000020980835)
EpochMetrics(epoch=145, total_rounds=1928, total_fda_steps=54375, accuracy=0.9878000020980835)
EpochMetrics(epoch=146, total_rounds=1928, total_fda_steps=54750, accuracy=0.9878000020980835)
EpochMetrics(epoch=147, total_rounds=1928, total_fda_steps=55125, accuracy=0.9879999756813049)
EpochMetrics(epoch=148, total_rounds=1928, total_fda_steps=55500, accuracy=0.988099992275238)
EpochMetrics(epoch=149, total_rounds=1928, total_fda_steps=55875, accuracy=0.988099992275238)
EpochMetrics(epoch=150, total_rounds=1928, total_fda_steps=56250, accuracy=0.9882000088691711)
EpochMetrics(epoch=151, total_rounds=1928, total_fda_steps=56625, accuracy=0.988099992275238)
EpochMetrics(epoch=152, total_rounds=1933, total_fda_steps=57000, accuracy=0.9886000156402588)
EpochMetrics(epoch=153, total_rounds=1981, total_fda_steps=57375, accuracy=0.9883000254631042)
EpochMetrics(epoch=154, total_rounds=2005, total_fda_steps=57750, accuracy=0.9886999726295471)
EpochMetrics(epoch=155, total_rounds=2015, total_fda_steps=58125, accuracy=0.9891999959945679)
EpochMetrics(epoch=156, total_rounds=2022, total_fda_steps=58500, accuracy=0.9891999959945679)
EpochMetrics(epoch=157, total_rounds=2024, total_fda_steps=58875, accuracy=0.9896000027656555)
EpochMetrics(epoch=158, total_rounds=2025, total_fda_steps=59250, accuracy=0.989799976348877)
EpochMetrics(epoch=159, total_rounds=2032, total_fda_steps=59625, accuracy=0.9886999726295471)
EpochMetrics(epoch=160, total_rounds=2053, total_fda_steps=60000, accuracy=0.9873999953269958)
EpochMetrics(epoch=161, total_rounds=2069, total_fda_steps=60375, accuracy=0.9873999953269958)
EpochMetrics(epoch=162, total_rounds=2088, total_fda_steps=60750, accuracy=0.9882000088691711)
EpochMetrics(epoch=163, total_rounds=2099, total_fda_steps=61125, accuracy=0.9886999726295471)
EpochMetrics(epoch=164, total_rounds=2110, total_fda_steps=61500, accuracy=0.9876999855041504)
EpochMetrics(epoch=165, total_rounds=2119, total_fda_steps=61875, accuracy=0.988099992275238)
EpochMetrics(epoch=166, total_rounds=2132, total_fda_steps=62250, accuracy=0.9879000186920166)
EpochMetrics(epoch=167, total_rounds=2140, total_fda_steps=62625, accuracy=0.9886999726295471)
EpochMetrics(epoch=168, total_rounds=2152, total_fda_steps=63000, accuracy=0.9879000186920166)
EpochMetrics(epoch=169, total_rounds=2156, total_fda_steps=63375, accuracy=0.9883000254631042)
EpochMetrics(epoch=170, total_rounds=2164, total_fda_steps=63750, accuracy=0.9879000186920166)
EpochMetrics(epoch=171, total_rounds=2175, total_fda_steps=64125, accuracy=0.9872999787330627)
EpochMetrics(epoch=172, total_rounds=2189, total_fda_steps=64500, accuracy=0.9879000186920166)
EpochMetrics(epoch=173, total_rounds=2204, total_fda_steps=64875, accuracy=0.9882000088691711)
EpochMetrics(epoch=174, total_rounds=2219, total_fda_steps=65250, accuracy=0.9882000088691711)
EpochMetrics(epoch=175, total_rounds=2227, total_fda_steps=65625, accuracy=0.9879999756813049)
EpochMetrics(epoch=176, total_rounds=2238, total_fda_steps=66000, accuracy=0.988099992275238)
EpochMetrics(epoch=177, total_rounds=2250, total_fda_steps=66375, accuracy=0.9879999756813049)
EpochMetrics(epoch=178, total_rounds=2263, total_fda_steps=66750, accuracy=0.9886000156402588)
EpochMetrics(epoch=179, total_rounds=2269, total_fda_steps=67125, accuracy=0.9886000156402588)
EpochMetrics(epoch=180, total_rounds=2275, total_fda_steps=67500, accuracy=0.9879999756813049)
EpochMetrics(epoch=181, total_rounds=2291, total_fda_steps=67875, accuracy=0.9882000088691711)
EpochMetrics(epoch=182, total_rounds=2306, total_fda_steps=68250, accuracy=0.9879999756813049)
EpochMetrics(epoch=183, total_rounds=2310, total_fda_steps=68625, accuracy=0.9890999794006348)
EpochMetrics(epoch=184, total_rounds=2311, total_fda_steps=69000, accuracy=0.9887999892234802)
EpochMetrics(epoch=185, total_rounds=2319, total_fda_steps=69375, accuracy=0.988099992275238)
EpochMetrics(epoch=186, total_rounds=2330, total_fda_steps=69750, accuracy=0.988099992275238)
EpochMetrics(epoch=187, total_rounds=2351, total_fda_steps=70125, accuracy=0.9879000186920166)
EpochMetrics(epoch=188, total_rounds=2364, total_fda_steps=70500, accuracy=0.9884999990463257)
EpochMetrics(epoch=189, total_rounds=2364, total_fda_steps=70875, accuracy=0.9886000156402588)
EpochMetrics(epoch=190, total_rounds=2365, total_fda_steps=71250, accuracy=0.9883999824523926)
EpochMetrics(epoch=191, total_rounds=2373, total_fda_steps=71625, accuracy=0.9884999990463257)
EpochMetrics(epoch=192, total_rounds=2389, total_fda_steps=72000, accuracy=0.9884999990463257)
EpochMetrics(epoch=193, total_rounds=2415, total_fda_steps=72375, accuracy=0.9891999959945679)
EpochMetrics(epoch=194, total_rounds=2425, total_fda_steps=72750, accuracy=0.9883999824523926)
EpochMetrics(epoch=195, total_rounds=2442, total_fda_steps=73125, accuracy=0.9876999855041504)
EpochMetrics(epoch=196, total_rounds=2447, total_fda_steps=73500, accuracy=0.9876999855041504)
EpochMetrics(epoch=197, total_rounds=2450, total_fda_steps=73875, accuracy=0.988099992275238)
EpochMetrics(epoch=198, total_rounds=2450, total_fda_steps=74250, accuracy=0.9879999756813049)
EpochMetrics(epoch=199, total_rounds=2451, total_fda_steps=74625, accuracy=0.9883999824523926)
EpochMetrics(epoch=200, total_rounds=2451, total_fda_steps=75000, accuracy=0.988099992275238)
EpochMetrics(epoch=201, total_rounds=2451, total_fda_steps=75375, accuracy=0.988099992275238)
EpochMetrics(epoch=202, total_rounds=2451, total_fda_steps=75750, accuracy=0.9883999824523926)
EpochMetrics(epoch=203, total_rounds=2451, total_fda_steps=76125, accuracy=0.9883000254631042)
EpochMetrics(epoch=204, total_rounds=2451, total_fda_steps=76500, accuracy=0.9883000254631042)
EpochMetrics(epoch=205, total_rounds=2451, total_fda_steps=76875, accuracy=0.9883999824523926)
EpochMetrics(epoch=206, total_rounds=2451, total_fda_steps=77250, accuracy=0.9883999824523926)
EpochMetrics(epoch=207, total_rounds=2452, total_fda_steps=77625, accuracy=0.9882000088691711)
EpochMetrics(epoch=208, total_rounds=2452, total_fda_steps=78000, accuracy=0.9883999824523926)
EpochMetrics(epoch=209, total_rounds=2452, total_fda_steps=78375, accuracy=0.9883999824523926)
EpochMetrics(epoch=210, total_rounds=2452, total_fda_steps=78750, accuracy=0.9883999824523926)
EpochMetrics(epoch=211, total_rounds=2452, total_fda_steps=79125, accuracy=0.9883000254631042)
EpochMetrics(epoch=212, total_rounds=2453, total_fda_steps=79500, accuracy=0.9883000254631042)
EpochMetrics(epoch=213, total_rounds=2462, total_fda_steps=79875, accuracy=0.9883000254631042)
EpochMetrics(epoch=214, total_rounds=2514, total_fda_steps=80250, accuracy=0.9868000149726868)
EpochMetrics(epoch=215, total_rounds=2541, total_fda_steps=80625, accuracy=0.987500011920929)
EpochMetrics(epoch=216, total_rounds=2559, total_fda_steps=81000, accuracy=0.9873999953269958)
EpochMetrics(epoch=217, total_rounds=2571, total_fda_steps=81375, accuracy=0.9883000254631042)
EpochMetrics(epoch=218, total_rounds=2584, total_fda_steps=81750, accuracy=0.9882000088691711)
EpochMetrics(epoch=219, total_rounds=2597, total_fda_steps=82125, accuracy=0.9894000291824341)
EpochMetrics(epoch=220, total_rounds=2603, total_fda_steps=82500, accuracy=0.9887999892234802)
EpochMetrics(epoch=221, total_rounds=2606, total_fda_steps=82875, accuracy=0.9886000156402588)
EpochMetrics(epoch=222, total_rounds=2606, total_fda_steps=83250, accuracy=0.9887999892234802)
EpochMetrics(epoch=223, total_rounds=2606, total_fda_steps=83625, accuracy=0.9890000224113464)
EpochMetrics(epoch=224, total_rounds=2609, total_fda_steps=84000, accuracy=0.9884999990463257)
EpochMetrics(epoch=225, total_rounds=2634, total_fda_steps=84375, accuracy=0.9876000285148621)
EpochMetrics(epoch=226, total_rounds=2656, total_fda_steps=84750, accuracy=0.9890000224113464)
EpochMetrics(epoch=227, total_rounds=2662, total_fda_steps=85125, accuracy=0.9879999756813049)
EpochMetrics(epoch=228, total_rounds=2667, total_fda_steps=85500, accuracy=0.9886000156402588)
EpochMetrics(epoch=229, total_rounds=2668, total_fda_steps=85875, accuracy=0.9884999990463257)
EpochMetrics(epoch=230, total_rounds=2675, total_fda_steps=86250, accuracy=0.9886000156402588)
EpochMetrics(epoch=231, total_rounds=2684, total_fda_steps=86625, accuracy=0.9879999756813049)
EpochMetrics(epoch=232, total_rounds=2704, total_fda_steps=87000, accuracy=0.9883999824523926)
EpochMetrics(epoch=233, total_rounds=2719, total_fda_steps=87375, accuracy=0.9883000254631042)
EpochMetrics(epoch=234, total_rounds=2723, total_fda_steps=87750, accuracy=0.9883999824523926)
EpochMetrics(epoch=235, total_rounds=2727, total_fda_steps=88125, accuracy=0.9890000224113464)
EpochMetrics(epoch=236, total_rounds=2732, total_fda_steps=88500, accuracy=0.9883999824523926)
EpochMetrics(epoch=237, total_rounds=2732, total_fda_steps=88875, accuracy=0.9886000156402588)
EpochMetrics(epoch=238, total_rounds=2732, total_fda_steps=89250, accuracy=0.9890000224113464)
EpochMetrics(epoch=239, total_rounds=2732, total_fda_steps=89625, accuracy=0.9889000058174133)
EpochMetrics(epoch=240, total_rounds=2732, total_fda_steps=90000, accuracy=0.9890000224113464)
EpochMetrics(epoch=241, total_rounds=2732, total_fda_steps=90375, accuracy=0.9890000224113464)
EpochMetrics(epoch=242, total_rounds=2732, total_fda_steps=90750, accuracy=0.9891999959945679)
EpochMetrics(epoch=243, total_rounds=2732, total_fda_steps=91125, accuracy=0.9891999959945679)
EpochMetrics(epoch=244, total_rounds=2733, total_fda_steps=91500, accuracy=0.9890999794006348)
EpochMetrics(epoch=245, total_rounds=2733, total_fda_steps=91875, accuracy=0.9887999892234802)
EpochMetrics(epoch=246, total_rounds=2771, total_fda_steps=92250, accuracy=0.9876000285148621)
EpochMetrics(epoch=247, total_rounds=2797, total_fda_steps=92625, accuracy=0.9879999756813049)
EpochMetrics(epoch=248, total_rounds=2806, total_fda_steps=93000, accuracy=0.988099992275238)
EpochMetrics(epoch=249, total_rounds=2813, total_fda_steps=93375, accuracy=0.9879000186920166)
EpochMetrics(epoch=250, total_rounds=2819, total_fda_steps=93750, accuracy=0.9894999861717224)
EpochMetrics(epoch=251, total_rounds=2830, total_fda_steps=94125, accuracy=0.9890000224113464)
EpochMetrics(epoch=252, total_rounds=2832, total_fda_steps=94500, accuracy=0.9887999892234802)
EpochMetrics(epoch=253, total_rounds=2842, total_fda_steps=94875, accuracy=0.988099992275238)
EpochMetrics(epoch=254, total_rounds=2854, total_fda_steps=95250, accuracy=0.9879000186920166)
EpochMetrics(epoch=255, total_rounds=2866, total_fda_steps=95625, accuracy=0.9878000020980835)
EpochMetrics(epoch=256, total_rounds=2881, total_fda_steps=96000, accuracy=0.9878000020980835)
EpochMetrics(epoch=257, total_rounds=2882, total_fda_steps=96375, accuracy=0.9883000254631042)
EpochMetrics(epoch=258, total_rounds=2894, total_fda_steps=96750, accuracy=0.9887999892234802)
EpochMetrics(epoch=259, total_rounds=2896, total_fda_steps=97125, accuracy=0.9890999794006348)
EpochMetrics(epoch=260, total_rounds=2915, total_fda_steps=97500, accuracy=0.9890000224113464)
EpochMetrics(epoch=261, total_rounds=2934, total_fda_steps=97875, accuracy=0.9883999824523926)
EpochMetrics(epoch=262, total_rounds=2939, total_fda_steps=98250, accuracy=0.9887999892234802)
EpochMetrics(epoch=263, total_rounds=2943, total_fda_steps=98625, accuracy=0.9890999794006348)
EpochMetrics(epoch=264, total_rounds=2949, total_fda_steps=99000, accuracy=0.988099992275238)
EpochMetrics(epoch=265, total_rounds=2952, total_fda_steps=99375, accuracy=0.9886000156402588)
EpochMetrics(epoch=266, total_rounds=2961, total_fda_steps=99750, accuracy=0.988099992275238)
EpochMetrics(epoch=267, total_rounds=2973, total_fda_steps=100125, accuracy=0.9872000217437744)
EpochMetrics(epoch=268, total_rounds=2982, total_fda_steps=100500, accuracy=0.9886999726295471)
EpochMetrics(epoch=269, total_rounds=2999, total_fda_steps=100875, accuracy=0.9891999959945679)
EpochMetrics(epoch=270, total_rounds=3003, total_fda_steps=101250, accuracy=0.9886999726295471)
EpochMetrics(epoch=271, total_rounds=3005, total_fda_steps=101625, accuracy=0.9884999990463257)
EpochMetrics(epoch=272, total_rounds=3008, total_fda_steps=102000, accuracy=0.9889000058174133)
EpochMetrics(epoch=273, total_rounds=3009, total_fda_steps=102375, accuracy=0.9883999824523926)
EpochMetrics(epoch=274, total_rounds=3009, total_fda_steps=102750, accuracy=0.9883999824523926)
EpochMetrics(epoch=275, total_rounds=3009, total_fda_steps=103125, accuracy=0.9886000156402588)
EpochMetrics(epoch=276, total_rounds=3009, total_fda_steps=103500, accuracy=0.9886999726295471)
EpochMetrics(epoch=277, total_rounds=3009, total_fda_steps=103875, accuracy=0.9886999726295471)
EpochMetrics(epoch=278, total_rounds=3009, total_fda_steps=104250, accuracy=0.9889000058174133)
EpochMetrics(epoch=279, total_rounds=3009, total_fda_steps=104625, accuracy=0.9889000058174133)
EpochMetrics(epoch=280, total_rounds=3009, total_fda_steps=105000, accuracy=0.9887999892234802)
EpochMetrics(epoch=281, total_rounds=3009, total_fda_steps=105375, accuracy=0.9887999892234802)
EpochMetrics(epoch=282, total_rounds=3009, total_fda_steps=105750, accuracy=0.9886999726295471)
EpochMetrics(epoch=283, total_rounds=3010, total_fda_steps=106125, accuracy=0.9883999824523926)
EpochMetrics(epoch=284, total_rounds=3010, total_fda_steps=106500, accuracy=0.9886999726295471)
EpochMetrics(epoch=285, total_rounds=3011, total_fda_steps=106875, accuracy=0.9883000254631042)
EpochMetrics(epoch=286, total_rounds=3029, total_fda_steps=107250, accuracy=0.9883000254631042)
EpochMetrics(epoch=287, total_rounds=3073, total_fda_steps=107625, accuracy=0.9860000014305115)
EpochMetrics(epoch=288, total_rounds=3090, total_fda_steps=108000, accuracy=0.9876999855041504)
EpochMetrics(epoch=289, total_rounds=3100, total_fda_steps=108375, accuracy=0.9871000051498413)
EpochMetrics(epoch=290, total_rounds=3110, total_fda_steps=108750, accuracy=0.9876000285148621)
EpochMetrics(epoch=291, total_rounds=3125, total_fda_steps=109125, accuracy=0.9879999756813049)
EpochMetrics(epoch=292, total_rounds=3147, total_fda_steps=109500, accuracy=0.9883999824523926)
EpochMetrics(epoch=293, total_rounds=3151, total_fda_steps=109875, accuracy=0.9890000224113464)
EpochMetrics(epoch=294, total_rounds=3156, total_fda_steps=110250, accuracy=0.9896000027656555)
EpochMetrics(epoch=295, total_rounds=3161, total_fda_steps=110625, accuracy=0.989300012588501)
EpochMetrics(epoch=296, total_rounds=3167, total_fda_steps=111000, accuracy=0.9896000027656555)
EpochMetrics(epoch=297, total_rounds=3176, total_fda_steps=111375, accuracy=0.9886000156402588)
EpochMetrics(epoch=298, total_rounds=3179, total_fda_steps=111750, accuracy=0.9890999794006348)
EpochMetrics(epoch=299, total_rounds=3185, total_fda_steps=112125, accuracy=0.989300012588501)
EpochMetrics(epoch=300, total_rounds=3198, total_fda_steps=112500, accuracy=0.9879999756813049)
EpochMetrics(epoch=301, total_rounds=3216, total_fda_steps=112875, accuracy=0.9879999756813049)
EpochMetrics(epoch=302, total_rounds=3232, total_fda_steps=113250, accuracy=0.9883000254631042)
EpochMetrics(epoch=303, total_rounds=3243, total_fda_steps=113625, accuracy=0.9882000088691711)
EpochMetrics(epoch=304, total_rounds=3255, total_fda_steps=114000, accuracy=0.9884999990463257)
EpochMetrics(epoch=305, total_rounds=3260, total_fda_steps=114375, accuracy=0.988099992275238)
EpochMetrics(epoch=306, total_rounds=3272, total_fda_steps=114750, accuracy=0.988099992275238)
EpochMetrics(epoch=307, total_rounds=3281, total_fda_steps=115125, accuracy=0.9882000088691711)
EpochMetrics(epoch=308, total_rounds=3289, total_fda_steps=115500, accuracy=0.9876000285148621)
EpochMetrics(epoch=309, total_rounds=3294, total_fda_steps=115875, accuracy=0.9873999953269958)
EpochMetrics(epoch=310, total_rounds=3299, total_fda_steps=116250, accuracy=0.9876999855041504)
EpochMetrics(epoch=311, total_rounds=3312, total_fda_steps=116625, accuracy=0.9884999990463257)
EpochMetrics(epoch=312, total_rounds=3321, total_fda_steps=117000, accuracy=0.9894000291824341)
EpochMetrics(epoch=313, total_rounds=3328, total_fda_steps=117375, accuracy=0.9883000254631042)
EpochMetrics(epoch=314, total_rounds=3331, total_fda_steps=117750, accuracy=0.9886000156402588)
EpochMetrics(epoch=315, total_rounds=3331, total_fda_steps=118125, accuracy=0.9886999726295471)
EpochMetrics(epoch=316, total_rounds=3332, total_fda_steps=118500, accuracy=0.9889000058174133)
EpochMetrics(epoch=317, total_rounds=3332, total_fda_steps=118875, accuracy=0.9886999726295471)
EpochMetrics(epoch=318, total_rounds=3332, total_fda_steps=119250, accuracy=0.9886999726295471)
EpochMetrics(epoch=319, total_rounds=3332, total_fda_steps=119625, accuracy=0.9884999990463257)
EpochMetrics(epoch=320, total_rounds=3332, total_fda_steps=120000, accuracy=0.9886999726295471)
EpochMetrics(epoch=321, total_rounds=3332, total_fda_steps=120375, accuracy=0.9884999990463257)
EpochMetrics(epoch=322, total_rounds=3332, total_fda_steps=120750, accuracy=0.9884999990463257)
EpochMetrics(epoch=323, total_rounds=3332, total_fda_steps=121125, accuracy=0.9883999824523926)
EpochMetrics(epoch=324, total_rounds=3332, total_fda_steps=121500, accuracy=0.9883999824523926)
EpochMetrics(epoch=325, total_rounds=3332, total_fda_steps=121875, accuracy=0.9883999824523926)
EpochMetrics(epoch=326, total_rounds=3332, total_fda_steps=122250, accuracy=0.9884999990463257)
EpochMetrics(epoch=327, total_rounds=3332, total_fda_steps=122625, accuracy=0.9884999990463257)
EpochMetrics(epoch=328, total_rounds=3332, total_fda_steps=123000, accuracy=0.9886000156402588)
EpochMetrics(epoch=329, total_rounds=3333, total_fda_steps=123375, accuracy=0.9883000254631042)
EpochMetrics(epoch=330, total_rounds=3333, total_fda_steps=123750, accuracy=0.9884999990463257)
EpochMetrics(epoch=331, total_rounds=3333, total_fda_steps=124125, accuracy=0.9883999824523926)
EpochMetrics(epoch=332, total_rounds=3334, total_fda_steps=124500, accuracy=0.9883000254631042)
EpochMetrics(epoch=333, total_rounds=3346, total_fda_steps=124875, accuracy=0.9876000285148621)
EpochMetrics(epoch=334, total_rounds=3392, total_fda_steps=125250, accuracy=0.988099992275238)
EpochMetrics(epoch=335, total_rounds=3411, total_fda_steps=125625, accuracy=0.9878000020980835)
EpochMetrics(epoch=336, total_rounds=3428, total_fda_steps=126000, accuracy=0.9882000088691711)
EpochMetrics(epoch=337, total_rounds=3430, total_fda_steps=126375, accuracy=0.9886000156402588)
EpochMetrics(epoch=338, total_rounds=3430, total_fda_steps=126750, accuracy=0.9887999892234802)
EpochMetrics(epoch=339, total_rounds=3431, total_fda_steps=127125, accuracy=0.9884999990463257)
EpochMetrics(epoch=340, total_rounds=3431, total_fda_steps=127500, accuracy=0.9883999824523926)
EpochMetrics(epoch=341, total_rounds=3431, total_fda_steps=127875, accuracy=0.9884999990463257)
EpochMetrics(epoch=342, total_rounds=3431, total_fda_steps=128250, accuracy=0.9884999990463257)
EpochMetrics(epoch=343, total_rounds=3431, total_fda_steps=128625, accuracy=0.9886000156402588)
EpochMetrics(epoch=344, total_rounds=3431, total_fda_steps=129000, accuracy=0.9886000156402588)
EpochMetrics(epoch=345, total_rounds=3431, total_fda_steps=129375, accuracy=0.9886000156402588)
EpochMetrics(epoch=346, total_rounds=3431, total_fda_steps=129750, accuracy=0.9886000156402588)
EpochMetrics(epoch=347, total_rounds=3431, total_fda_steps=130125, accuracy=0.9883999824523926)
EpochMetrics(epoch=348, total_rounds=3431, total_fda_steps=130500, accuracy=0.9883999824523926)
EpochMetrics(epoch=349, total_rounds=3431, total_fda_steps=130875, accuracy=0.9884999990463257)
EpochMetrics(epoch=350, total_rounds=3431, total_fda_steps=131250, accuracy=0.9883999824523926)

------------ Finished Testing : ------------
NN name : LeNet-5
FDA name : naive
Num Clients : 5
Batch size : 32
Num Epochs : 350
Number of steps until we check RTC : 1
Theta : 0.5
Total simulation time: 85134.64729142189 sec
-----------------------------------------

