Num GPUs Available:  1

------------ Current Test : ------------
NN name : LeNet-5
FDA name : naive
Num Clients : 30
Batch size : 256
Num Epochs : 350
Number of steps until we check RTC : 1
Theta : 0.5
-----------------------------------------

EpochMetrics(epoch=1, total_rounds=2, total_fda_steps=8, accuracy=0.6798999905586243)
EpochMetrics(epoch=2, total_rounds=4, total_fda_steps=16, accuracy=0.8086000084877014)
EpochMetrics(epoch=3, total_rounds=6, total_fda_steps=24, accuracy=0.8507000207901001)
EpochMetrics(epoch=4, total_rounds=7, total_fda_steps=32, accuracy=0.8644999861717224)
EpochMetrics(epoch=5, total_rounds=9, total_fda_steps=40, accuracy=0.8810999989509583)
EpochMetrics(epoch=6, total_rounds=9, total_fda_steps=47, accuracy=0.8895000219345093)
EpochMetrics(epoch=7, total_rounds=10, total_fda_steps=55, accuracy=0.895799994468689)
EpochMetrics(epoch=8, total_rounds=11, total_fda_steps=63, accuracy=0.9017999768257141)
EpochMetrics(epoch=9, total_rounds=12, total_fda_steps=71, accuracy=0.90420001745224)
EpochMetrics(epoch=10, total_rounds=13, total_fda_steps=79, accuracy=0.9085000157356262)
EpochMetrics(epoch=11, total_rounds=13, total_fda_steps=86, accuracy=0.9111999869346619)
EpochMetrics(epoch=12, total_rounds=14, total_fda_steps=94, accuracy=0.9132999777793884)
EpochMetrics(epoch=13, total_rounds=15, total_fda_steps=102, accuracy=0.9168999791145325)
EpochMetrics(epoch=14, total_rounds=16, total_fda_steps=110, accuracy=0.9204999804496765)
EpochMetrics(epoch=15, total_rounds=16, total_fda_steps=118, accuracy=0.9226999878883362)
EpochMetrics(epoch=16, total_rounds=17, total_fda_steps=125, accuracy=0.9236999750137329)
EpochMetrics(epoch=17, total_rounds=18, total_fda_steps=133, accuracy=0.9261999726295471)
EpochMetrics(epoch=18, total_rounds=18, total_fda_steps=141, accuracy=0.9265999794006348)
EpochMetrics(epoch=19, total_rounds=19, total_fda_steps=149, accuracy=0.9284999966621399)
EpochMetrics(epoch=20, total_rounds=20, total_fda_steps=157, accuracy=0.9301000237464905)
EpochMetrics(epoch=21, total_rounds=20, total_fda_steps=165, accuracy=0.932699978351593)
EpochMetrics(epoch=22, total_rounds=21, total_fda_steps=172, accuracy=0.9340999722480774)
EpochMetrics(epoch=23, total_rounds=22, total_fda_steps=180, accuracy=0.9355000257492065)
EpochMetrics(epoch=24, total_rounds=22, total_fda_steps=188, accuracy=0.9369999766349792)
EpochMetrics(epoch=25, total_rounds=23, total_fda_steps=196, accuracy=0.9398999810218811)
EpochMetrics(epoch=26, total_rounds=24, total_fda_steps=204, accuracy=0.9401000142097473)
EpochMetrics(epoch=27, total_rounds=24, total_fda_steps=211, accuracy=0.9419000148773193)
EpochMetrics(epoch=28, total_rounds=25, total_fda_steps=219, accuracy=0.9430999755859375)
EpochMetrics(epoch=29, total_rounds=26, total_fda_steps=227, accuracy=0.9440000057220459)
EpochMetrics(epoch=30, total_rounds=26, total_fda_steps=235, accuracy=0.9462000131607056)
EpochMetrics(epoch=31, total_rounds=27, total_fda_steps=243, accuracy=0.9473999738693237)
EpochMetrics(epoch=32, total_rounds=27, total_fda_steps=250, accuracy=0.9480999708175659)
EpochMetrics(epoch=33, total_rounds=28, total_fda_steps=258, accuracy=0.9496999979019165)
EpochMetrics(epoch=34, total_rounds=29, total_fda_steps=266, accuracy=0.9502999782562256)
EpochMetrics(epoch=35, total_rounds=29, total_fda_steps=274, accuracy=0.951200008392334)
EpochMetrics(epoch=36, total_rounds=30, total_fda_steps=282, accuracy=0.9520000219345093)
EpochMetrics(epoch=37, total_rounds=31, total_fda_steps=290, accuracy=0.9539999961853027)
EpochMetrics(epoch=38, total_rounds=31, total_fda_steps=297, accuracy=0.9556000232696533)
EpochMetrics(epoch=39, total_rounds=32, total_fda_steps=305, accuracy=0.9556999802589417)
EpochMetrics(epoch=40, total_rounds=32, total_fda_steps=313, accuracy=0.9563999772071838)
EpochMetrics(epoch=41, total_rounds=33, total_fda_steps=321, accuracy=0.9580000042915344)
EpochMetrics(epoch=42, total_rounds=34, total_fda_steps=329, accuracy=0.9580000042915344)
EpochMetrics(epoch=43, total_rounds=34, total_fda_steps=336, accuracy=0.9589999914169312)
EpochMetrics(epoch=44, total_rounds=35, total_fda_steps=344, accuracy=0.9592000246047974)
EpochMetrics(epoch=45, total_rounds=35, total_fda_steps=352, accuracy=0.9602000117301941)
EpochMetrics(epoch=46, total_rounds=36, total_fda_steps=360, accuracy=0.9609000086784363)
EpochMetrics(epoch=47, total_rounds=37, total_fda_steps=368, accuracy=0.9610999822616577)
EpochMetrics(epoch=48, total_rounds=37, total_fda_steps=375, accuracy=0.9611999988555908)
EpochMetrics(epoch=49, total_rounds=38, total_fda_steps=383, accuracy=0.9627000093460083)
EpochMetrics(epoch=50, total_rounds=38, total_fda_steps=391, accuracy=0.9624999761581421)
EpochMetrics(epoch=51, total_rounds=39, total_fda_steps=399, accuracy=0.9624000191688538)
EpochMetrics(epoch=52, total_rounds=40, total_fda_steps=407, accuracy=0.9634000062942505)
EpochMetrics(epoch=53, total_rounds=40, total_fda_steps=415, accuracy=0.9642999768257141)
EpochMetrics(epoch=54, total_rounds=41, total_fda_steps=422, accuracy=0.9650999903678894)
EpochMetrics(epoch=55, total_rounds=41, total_fda_steps=430, accuracy=0.9649999737739563)
EpochMetrics(epoch=56, total_rounds=42, total_fda_steps=438, accuracy=0.9652000069618225)
EpochMetrics(epoch=57, total_rounds=43, total_fda_steps=446, accuracy=0.9663000106811523)
EpochMetrics(epoch=58, total_rounds=43, total_fda_steps=454, accuracy=0.9666000008583069)
EpochMetrics(epoch=59, total_rounds=44, total_fda_steps=461, accuracy=0.96670001745224)
EpochMetrics(epoch=60, total_rounds=44, total_fda_steps=469, accuracy=0.967199981212616)
EpochMetrics(epoch=61, total_rounds=45, total_fda_steps=477, accuracy=0.9677000045776367)
EpochMetrics(epoch=62, total_rounds=46, total_fda_steps=485, accuracy=0.9679999947547913)
EpochMetrics(epoch=63, total_rounds=46, total_fda_steps=493, accuracy=0.9675999879837036)
EpochMetrics(epoch=64, total_rounds=47, total_fda_steps=500, accuracy=0.9690999984741211)
EpochMetrics(epoch=65, total_rounds=47, total_fda_steps=508, accuracy=0.9696999788284302)
EpochMetrics(epoch=66, total_rounds=48, total_fda_steps=516, accuracy=0.9704999923706055)
EpochMetrics(epoch=67, total_rounds=49, total_fda_steps=524, accuracy=0.9700000286102295)
EpochMetrics(epoch=68, total_rounds=49, total_fda_steps=532, accuracy=0.9699000120162964)
EpochMetrics(epoch=69, total_rounds=50, total_fda_steps=540, accuracy=0.9708999991416931)
EpochMetrics(epoch=70, total_rounds=50, total_fda_steps=547, accuracy=0.9710000157356262)
EpochMetrics(epoch=71, total_rounds=51, total_fda_steps=555, accuracy=0.9714000225067139)
EpochMetrics(epoch=72, total_rounds=52, total_fda_steps=563, accuracy=0.9718999862670898)
EpochMetrics(epoch=73, total_rounds=52, total_fda_steps=571, accuracy=0.9726999998092651)
EpochMetrics(epoch=74, total_rounds=53, total_fda_steps=579, accuracy=0.9724000096321106)
EpochMetrics(epoch=75, total_rounds=53, total_fda_steps=586, accuracy=0.9721999764442444)
EpochMetrics(epoch=76, total_rounds=54, total_fda_steps=594, accuracy=0.9733999967575073)
EpochMetrics(epoch=77, total_rounds=54, total_fda_steps=602, accuracy=0.9728999733924866)
EpochMetrics(epoch=78, total_rounds=55, total_fda_steps=610, accuracy=0.973800003528595)
EpochMetrics(epoch=79, total_rounds=56, total_fda_steps=618, accuracy=0.9728999733924866)
EpochMetrics(epoch=80, total_rounds=56, total_fda_steps=625, accuracy=0.9736999869346619)
EpochMetrics(epoch=81, total_rounds=57, total_fda_steps=633, accuracy=0.9739000201225281)
EpochMetrics(epoch=82, total_rounds=57, total_fda_steps=641, accuracy=0.9746999740600586)
EpochMetrics(epoch=83, total_rounds=58, total_fda_steps=649, accuracy=0.9750999808311462)
EpochMetrics(epoch=84, total_rounds=58, total_fda_steps=657, accuracy=0.9750000238418579)
EpochMetrics(epoch=85, total_rounds=59, total_fda_steps=665, accuracy=0.9747999906539917)
EpochMetrics(epoch=86, total_rounds=59, total_fda_steps=672, accuracy=0.9753999710083008)
EpochMetrics(epoch=87, total_rounds=60, total_fda_steps=680, accuracy=0.9746999740600586)
EpochMetrics(epoch=88, total_rounds=61, total_fda_steps=688, accuracy=0.9757000207901001)
EpochMetrics(epoch=89, total_rounds=61, total_fda_steps=696, accuracy=0.9754999876022339)
EpochMetrics(epoch=90, total_rounds=62, total_fda_steps=704, accuracy=0.9753999710083008)
EpochMetrics(epoch=91, total_rounds=62, total_fda_steps=711, accuracy=0.9764000177383423)
EpochMetrics(epoch=92, total_rounds=63, total_fda_steps=719, accuracy=0.9763000011444092)
EpochMetrics(epoch=93, total_rounds=63, total_fda_steps=727, accuracy=0.9768000245094299)
EpochMetrics(epoch=94, total_rounds=64, total_fda_steps=735, accuracy=0.9764999747276306)
EpochMetrics(epoch=95, total_rounds=64, total_fda_steps=743, accuracy=0.9767000079154968)
EpochMetrics(epoch=96, total_rounds=65, total_fda_steps=750, accuracy=0.9768999814987183)
EpochMetrics(epoch=97, total_rounds=65, total_fda_steps=758, accuracy=0.9771000146865845)
EpochMetrics(epoch=98, total_rounds=66, total_fda_steps=766, accuracy=0.9768000245094299)
EpochMetrics(epoch=99, total_rounds=66, total_fda_steps=774, accuracy=0.9779999852180481)
EpochMetrics(epoch=100, total_rounds=67, total_fda_steps=782, accuracy=0.9776999950408936)
EpochMetrics(epoch=101, total_rounds=68, total_fda_steps=790, accuracy=0.9775000214576721)
EpochMetrics(epoch=102, total_rounds=68, total_fda_steps=797, accuracy=0.9778000116348267)
EpochMetrics(epoch=103, total_rounds=69, total_fda_steps=805, accuracy=0.9781000018119812)
EpochMetrics(epoch=104, total_rounds=69, total_fda_steps=813, accuracy=0.9776999950408936)
EpochMetrics(epoch=105, total_rounds=70, total_fda_steps=821, accuracy=0.9787999987602234)
EpochMetrics(epoch=106, total_rounds=70, total_fda_steps=829, accuracy=0.9786999821662903)
EpochMetrics(epoch=107, total_rounds=71, total_fda_steps=836, accuracy=0.978600025177002)
EpochMetrics(epoch=108, total_rounds=71, total_fda_steps=844, accuracy=0.9782999753952026)
EpochMetrics(epoch=109, total_rounds=72, total_fda_steps=852, accuracy=0.9786999821662903)
EpochMetrics(epoch=110, total_rounds=72, total_fda_steps=860, accuracy=0.979200005531311)
EpochMetrics(epoch=111, total_rounds=73, total_fda_steps=868, accuracy=0.978600025177002)
EpochMetrics(epoch=112, total_rounds=73, total_fda_steps=875, accuracy=0.9793000221252441)
EpochMetrics(epoch=113, total_rounds=74, total_fda_steps=883, accuracy=0.9794999957084656)
EpochMetrics(epoch=114, total_rounds=74, total_fda_steps=891, accuracy=0.9790999889373779)
EpochMetrics(epoch=115, total_rounds=75, total_fda_steps=899, accuracy=0.9793999791145325)
EpochMetrics(epoch=116, total_rounds=75, total_fda_steps=907, accuracy=0.9801999926567078)
EpochMetrics(epoch=117, total_rounds=76, total_fda_steps=915, accuracy=0.979200005531311)
EpochMetrics(epoch=118, total_rounds=76, total_fda_steps=922, accuracy=0.9800000190734863)
EpochMetrics(epoch=119, total_rounds=77, total_fda_steps=930, accuracy=0.9794999957084656)
EpochMetrics(epoch=120, total_rounds=77, total_fda_steps=938, accuracy=0.9804999828338623)
EpochMetrics(epoch=121, total_rounds=78, total_fda_steps=946, accuracy=0.9800000190734863)
EpochMetrics(epoch=122, total_rounds=78, total_fda_steps=954, accuracy=0.9799000024795532)
EpochMetrics(epoch=123, total_rounds=79, total_fda_steps=961, accuracy=0.9800999760627747)
EpochMetrics(epoch=124, total_rounds=79, total_fda_steps=969, accuracy=0.9799000024795532)
EpochMetrics(epoch=125, total_rounds=80, total_fda_steps=977, accuracy=0.9805999994277954)
EpochMetrics(epoch=126, total_rounds=80, total_fda_steps=985, accuracy=0.98089998960495)
EpochMetrics(epoch=127, total_rounds=81, total_fda_steps=993, accuracy=0.9807999730110168)
EpochMetrics(epoch=128, total_rounds=81, total_fda_steps=1000, accuracy=0.9805999994277954)
EpochMetrics(epoch=129, total_rounds=82, total_fda_steps=1008, accuracy=0.9803000092506409)
EpochMetrics(epoch=130, total_rounds=82, total_fda_steps=1016, accuracy=0.98089998960495)
EpochMetrics(epoch=131, total_rounds=83, total_fda_steps=1024, accuracy=0.98089998960495)
EpochMetrics(epoch=132, total_rounds=83, total_fda_steps=1032, accuracy=0.9801999926567078)
EpochMetrics(epoch=133, total_rounds=84, total_fda_steps=1040, accuracy=0.9811000227928162)
EpochMetrics(epoch=134, total_rounds=84, total_fda_steps=1047, accuracy=0.9807000160217285)
EpochMetrics(epoch=135, total_rounds=85, total_fda_steps=1055, accuracy=0.9817000031471252)
EpochMetrics(epoch=136, total_rounds=85, total_fda_steps=1063, accuracy=0.9807999730110168)
EpochMetrics(epoch=137, total_rounds=86, total_fda_steps=1071, accuracy=0.9812999963760376)
EpochMetrics(epoch=138, total_rounds=86, total_fda_steps=1079, accuracy=0.98089998960495)
EpochMetrics(epoch=139, total_rounds=87, total_fda_steps=1086, accuracy=0.9815999865531921)
EpochMetrics(epoch=140, total_rounds=87, total_fda_steps=1094, accuracy=0.9810000061988831)
EpochMetrics(epoch=141, total_rounds=88, total_fda_steps=1102, accuracy=0.9815999865531921)
EpochMetrics(epoch=142, total_rounds=88, total_fda_steps=1110, accuracy=0.9810000061988831)
EpochMetrics(epoch=143, total_rounds=89, total_fda_steps=1118, accuracy=0.9814000129699707)
EpochMetrics(epoch=144, total_rounds=89, total_fda_steps=1125, accuracy=0.9817000031471252)
EpochMetrics(epoch=145, total_rounds=90, total_fda_steps=1133, accuracy=0.9822999835014343)
EpochMetrics(epoch=146, total_rounds=90, total_fda_steps=1141, accuracy=0.9811999797821045)
EpochMetrics(epoch=147, total_rounds=91, total_fda_steps=1149, accuracy=0.9818999767303467)
EpochMetrics(epoch=148, total_rounds=91, total_fda_steps=1157, accuracy=0.9821000099182129)
EpochMetrics(epoch=149, total_rounds=91, total_fda_steps=1165, accuracy=0.9824000000953674)
EpochMetrics(epoch=150, total_rounds=92, total_fda_steps=1172, accuracy=0.982699990272522)
EpochMetrics(epoch=151, total_rounds=92, total_fda_steps=1180, accuracy=0.9815999865531921)
EpochMetrics(epoch=152, total_rounds=93, total_fda_steps=1188, accuracy=0.9830999970436096)
EpochMetrics(epoch=153, total_rounds=93, total_fda_steps=1196, accuracy=0.9818000197410583)
EpochMetrics(epoch=154, total_rounds=94, total_fda_steps=1204, accuracy=0.9829000234603882)
EpochMetrics(epoch=155, total_rounds=94, total_fda_steps=1211, accuracy=0.9828000068664551)
EpochMetrics(epoch=156, total_rounds=95, total_fda_steps=1219, accuracy=0.9825000166893005)
EpochMetrics(epoch=157, total_rounds=95, total_fda_steps=1227, accuracy=0.982699990272522)
EpochMetrics(epoch=158, total_rounds=96, total_fda_steps=1235, accuracy=0.9829999804496765)
EpochMetrics(epoch=159, total_rounds=96, total_fda_steps=1243, accuracy=0.9836000204086304)
EpochMetrics(epoch=160, total_rounds=96, total_fda_steps=1250, accuracy=0.983299970626831)
EpochMetrics(epoch=161, total_rounds=97, total_fda_steps=1258, accuracy=0.9832000136375427)
EpochMetrics(epoch=162, total_rounds=97, total_fda_steps=1266, accuracy=0.983299970626831)
EpochMetrics(epoch=163, total_rounds=98, total_fda_steps=1274, accuracy=0.9828000068664551)
EpochMetrics(epoch=164, total_rounds=98, total_fda_steps=1282, accuracy=0.9828000068664551)
EpochMetrics(epoch=165, total_rounds=99, total_fda_steps=1290, accuracy=0.9828000068664551)
EpochMetrics(epoch=166, total_rounds=99, total_fda_steps=1297, accuracy=0.9833999872207642)
EpochMetrics(epoch=167, total_rounds=100, total_fda_steps=1305, accuracy=0.9825999736785889)
EpochMetrics(epoch=168, total_rounds=100, total_fda_steps=1313, accuracy=0.983299970626831)
EpochMetrics(epoch=169, total_rounds=101, total_fda_steps=1321, accuracy=0.9835000038146973)
EpochMetrics(epoch=170, total_rounds=101, total_fda_steps=1329, accuracy=0.9836000204086304)
EpochMetrics(epoch=171, total_rounds=101, total_fda_steps=1336, accuracy=0.9836000204086304)
EpochMetrics(epoch=172, total_rounds=102, total_fda_steps=1344, accuracy=0.9839000105857849)
EpochMetrics(epoch=173, total_rounds=102, total_fda_steps=1352, accuracy=0.9843000173568726)
EpochMetrics(epoch=174, total_rounds=103, total_fda_steps=1360, accuracy=0.9839000105857849)
EpochMetrics(epoch=175, total_rounds=103, total_fda_steps=1368, accuracy=0.9832000136375427)
EpochMetrics(epoch=176, total_rounds=104, total_fda_steps=1375, accuracy=0.9835000038146973)
EpochMetrics(epoch=177, total_rounds=104, total_fda_steps=1383, accuracy=0.9835000038146973)
EpochMetrics(epoch=178, total_rounds=105, total_fda_steps=1391, accuracy=0.9829999804496765)
EpochMetrics(epoch=179, total_rounds=105, total_fda_steps=1399, accuracy=0.9840999841690063)
EpochMetrics(epoch=180, total_rounds=105, total_fda_steps=1407, accuracy=0.9839000105857849)
EpochMetrics(epoch=181, total_rounds=106, total_fda_steps=1415, accuracy=0.9843000173568726)
EpochMetrics(epoch=182, total_rounds=106, total_fda_steps=1422, accuracy=0.9843000173568726)
EpochMetrics(epoch=183, total_rounds=107, total_fda_steps=1430, accuracy=0.9839000105857849)
EpochMetrics(epoch=184, total_rounds=107, total_fda_steps=1438, accuracy=0.9837999939918518)
EpochMetrics(epoch=185, total_rounds=108, total_fda_steps=1446, accuracy=0.984000027179718)
EpochMetrics(epoch=186, total_rounds=108, total_fda_steps=1454, accuracy=0.9842000007629395)
EpochMetrics(epoch=187, total_rounds=108, total_fda_steps=1461, accuracy=0.984000027179718)
EpochMetrics(epoch=188, total_rounds=109, total_fda_steps=1469, accuracy=0.9840999841690063)
EpochMetrics(epoch=189, total_rounds=109, total_fda_steps=1477, accuracy=0.9837999939918518)
EpochMetrics(epoch=190, total_rounds=110, total_fda_steps=1485, accuracy=0.9840999841690063)
EpochMetrics(epoch=191, total_rounds=110, total_fda_steps=1493, accuracy=0.9840999841690063)
EpochMetrics(epoch=192, total_rounds=111, total_fda_steps=1500, accuracy=0.9836999773979187)
EpochMetrics(epoch=193, total_rounds=111, total_fda_steps=1508, accuracy=0.984499990940094)
EpochMetrics(epoch=194, total_rounds=111, total_fda_steps=1516, accuracy=0.9839000105857849)
EpochMetrics(epoch=195, total_rounds=112, total_fda_steps=1524, accuracy=0.9843999743461609)
EpochMetrics(epoch=196, total_rounds=112, total_fda_steps=1532, accuracy=0.9843000173568726)
EpochMetrics(epoch=197, total_rounds=113, total_fda_steps=1540, accuracy=0.984499990940094)
EpochMetrics(epoch=198, total_rounds=113, total_fda_steps=1547, accuracy=0.9847999811172485)
EpochMetrics(epoch=199, total_rounds=113, total_fda_steps=1555, accuracy=0.9842000007629395)
EpochMetrics(epoch=200, total_rounds=114, total_fda_steps=1563, accuracy=0.9847000241279602)
EpochMetrics(epoch=201, total_rounds=114, total_fda_steps=1571, accuracy=0.9843999743461609)
EpochMetrics(epoch=202, total_rounds=115, total_fda_steps=1579, accuracy=0.984499990940094)
EpochMetrics(epoch=203, total_rounds=115, total_fda_steps=1586, accuracy=0.984499990940094)
EpochMetrics(epoch=204, total_rounds=116, total_fda_steps=1594, accuracy=0.984499990940094)
EpochMetrics(epoch=205, total_rounds=116, total_fda_steps=1602, accuracy=0.9846000075340271)
EpochMetrics(epoch=206, total_rounds=116, total_fda_steps=1610, accuracy=0.9843000173568726)
EpochMetrics(epoch=207, total_rounds=117, total_fda_steps=1618, accuracy=0.9851999878883362)
EpochMetrics(epoch=208, total_rounds=117, total_fda_steps=1625, accuracy=0.9847000241279602)
EpochMetrics(epoch=209, total_rounds=118, total_fda_steps=1633, accuracy=0.9843000173568726)
EpochMetrics(epoch=210, total_rounds=118, total_fda_steps=1641, accuracy=0.984499990940094)
EpochMetrics(epoch=211, total_rounds=118, total_fda_steps=1649, accuracy=0.9847999811172485)
EpochMetrics(epoch=212, total_rounds=119, total_fda_steps=1657, accuracy=0.9846000075340271)
EpochMetrics(epoch=213, total_rounds=119, total_fda_steps=1665, accuracy=0.9843000173568726)
EpochMetrics(epoch=214, total_rounds=120, total_fda_steps=1672, accuracy=0.9847000241279602)
EpochMetrics(epoch=215, total_rounds=120, total_fda_steps=1680, accuracy=0.9850000143051147)
EpochMetrics(epoch=216, total_rounds=120, total_fda_steps=1688, accuracy=0.9843000173568726)
EpochMetrics(epoch=217, total_rounds=121, total_fda_steps=1696, accuracy=0.9850999712944031)
EpochMetrics(epoch=218, total_rounds=121, total_fda_steps=1704, accuracy=0.9848999977111816)
EpochMetrics(epoch=219, total_rounds=122, total_fda_steps=1711, accuracy=0.9846000075340271)
EpochMetrics(epoch=220, total_rounds=122, total_fda_steps=1719, accuracy=0.9847999811172485)
EpochMetrics(epoch=221, total_rounds=122, total_fda_steps=1727, accuracy=0.9855999946594238)
EpochMetrics(epoch=222, total_rounds=123, total_fda_steps=1735, accuracy=0.9847999811172485)
EpochMetrics(epoch=223, total_rounds=123, total_fda_steps=1743, accuracy=0.9850000143051147)
EpochMetrics(epoch=224, total_rounds=124, total_fda_steps=1750, accuracy=0.9848999977111816)
EpochMetrics(epoch=225, total_rounds=124, total_fda_steps=1758, accuracy=0.9847999811172485)
EpochMetrics(epoch=226, total_rounds=124, total_fda_steps=1766, accuracy=0.9850000143051147)
EpochMetrics(epoch=227, total_rounds=125, total_fda_steps=1774, accuracy=0.9851999878883362)
EpochMetrics(epoch=228, total_rounds=125, total_fda_steps=1782, accuracy=0.9850000143051147)
EpochMetrics(epoch=229, total_rounds=126, total_fda_steps=1790, accuracy=0.9851999878883362)
EpochMetrics(epoch=230, total_rounds=126, total_fda_steps=1797, accuracy=0.9854999780654907)
EpochMetrics(epoch=231, total_rounds=126, total_fda_steps=1805, accuracy=0.9850999712944031)
EpochMetrics(epoch=232, total_rounds=127, total_fda_steps=1813, accuracy=0.98580002784729)
EpochMetrics(epoch=233, total_rounds=127, total_fda_steps=1821, accuracy=0.9854000210762024)
EpochMetrics(epoch=234, total_rounds=127, total_fda_steps=1829, accuracy=0.9850999712944031)
EpochMetrics(epoch=235, total_rounds=128, total_fda_steps=1836, accuracy=0.9853000044822693)
EpochMetrics(epoch=236, total_rounds=128, total_fda_steps=1844, accuracy=0.9854000210762024)
EpochMetrics(epoch=237, total_rounds=129, total_fda_steps=1852, accuracy=0.9855999946594238)
EpochMetrics(epoch=238, total_rounds=129, total_fda_steps=1860, accuracy=0.9854999780654907)
EpochMetrics(epoch=239, total_rounds=129, total_fda_steps=1868, accuracy=0.9857000112533569)
EpochMetrics(epoch=240, total_rounds=130, total_fda_steps=1875, accuracy=0.9851999878883362)
EpochMetrics(epoch=241, total_rounds=130, total_fda_steps=1883, accuracy=0.9854999780654907)
EpochMetrics(epoch=242, total_rounds=130, total_fda_steps=1891, accuracy=0.9855999946594238)
EpochMetrics(epoch=243, total_rounds=131, total_fda_steps=1899, accuracy=0.9855999946594238)
EpochMetrics(epoch=244, total_rounds=131, total_fda_steps=1907, accuracy=0.9854000210762024)
EpochMetrics(epoch=245, total_rounds=132, total_fda_steps=1915, accuracy=0.9860000014305115)
EpochMetrics(epoch=246, total_rounds=132, total_fda_steps=1922, accuracy=0.9858999848365784)
EpochMetrics(epoch=247, total_rounds=132, total_fda_steps=1930, accuracy=0.98580002784729)
EpochMetrics(epoch=248, total_rounds=133, total_fda_steps=1938, accuracy=0.9855999946594238)
EpochMetrics(epoch=249, total_rounds=133, total_fda_steps=1946, accuracy=0.9854999780654907)
EpochMetrics(epoch=250, total_rounds=134, total_fda_steps=1954, accuracy=0.9857000112533569)
EpochMetrics(epoch=251, total_rounds=134, total_fda_steps=1961, accuracy=0.9854999780654907)
EpochMetrics(epoch=252, total_rounds=134, total_fda_steps=1969, accuracy=0.9854999780654907)
EpochMetrics(epoch=253, total_rounds=135, total_fda_steps=1977, accuracy=0.98580002784729)
EpochMetrics(epoch=254, total_rounds=135, total_fda_steps=1985, accuracy=0.9855999946594238)
EpochMetrics(epoch=255, total_rounds=135, total_fda_steps=1993, accuracy=0.9860000014305115)
EpochMetrics(epoch=256, total_rounds=136, total_fda_steps=2000, accuracy=0.98580002784729)
EpochMetrics(epoch=257, total_rounds=136, total_fda_steps=2008, accuracy=0.9854000210762024)
EpochMetrics(epoch=258, total_rounds=136, total_fda_steps=2016, accuracy=0.9858999848365784)
EpochMetrics(epoch=259, total_rounds=137, total_fda_steps=2024, accuracy=0.98580002784729)
EpochMetrics(epoch=260, total_rounds=137, total_fda_steps=2032, accuracy=0.9858999848365784)
EpochMetrics(epoch=261, total_rounds=138, total_fda_steps=2040, accuracy=0.9855999946594238)
EpochMetrics(epoch=262, total_rounds=138, total_fda_steps=2047, accuracy=0.9858999848365784)
EpochMetrics(epoch=263, total_rounds=138, total_fda_steps=2055, accuracy=0.9860000014305115)
EpochMetrics(epoch=264, total_rounds=139, total_fda_steps=2063, accuracy=0.98580002784729)
EpochMetrics(epoch=265, total_rounds=139, total_fda_steps=2071, accuracy=0.9854000210762024)
EpochMetrics(epoch=266, total_rounds=139, total_fda_steps=2079, accuracy=0.9861000180244446)
EpochMetrics(epoch=267, total_rounds=140, total_fda_steps=2086, accuracy=0.9858999848365784)
EpochMetrics(epoch=268, total_rounds=140, total_fda_steps=2094, accuracy=0.98580002784729)
EpochMetrics(epoch=269, total_rounds=140, total_fda_steps=2102, accuracy=0.9861000180244446)
EpochMetrics(epoch=270, total_rounds=141, total_fda_steps=2110, accuracy=0.98580002784729)
EpochMetrics(epoch=271, total_rounds=141, total_fda_steps=2118, accuracy=0.98580002784729)
EpochMetrics(epoch=272, total_rounds=142, total_fda_steps=2125, accuracy=0.9853000044822693)
EpochMetrics(epoch=273, total_rounds=142, total_fda_steps=2133, accuracy=0.9854999780654907)
EpochMetrics(epoch=274, total_rounds=142, total_fda_steps=2141, accuracy=0.98580002784729)
EpochMetrics(epoch=275, total_rounds=143, total_fda_steps=2149, accuracy=0.98580002784729)
EpochMetrics(epoch=276, total_rounds=143, total_fda_steps=2157, accuracy=0.9854000210762024)
EpochMetrics(epoch=277, total_rounds=143, total_fda_steps=2165, accuracy=0.9854999780654907)
EpochMetrics(epoch=278, total_rounds=144, total_fda_steps=2172, accuracy=0.9854999780654907)
EpochMetrics(epoch=279, total_rounds=144, total_fda_steps=2180, accuracy=0.9854999780654907)
EpochMetrics(epoch=280, total_rounds=144, total_fda_steps=2188, accuracy=0.9858999848365784)
EpochMetrics(epoch=281, total_rounds=145, total_fda_steps=2196, accuracy=0.9854000210762024)
EpochMetrics(epoch=282, total_rounds=145, total_fda_steps=2204, accuracy=0.9861000180244446)
EpochMetrics(epoch=283, total_rounds=145, total_fda_steps=2211, accuracy=0.9861999750137329)
EpochMetrics(epoch=284, total_rounds=146, total_fda_steps=2219, accuracy=0.9860000014305115)
EpochMetrics(epoch=285, total_rounds=146, total_fda_steps=2227, accuracy=0.9854999780654907)
EpochMetrics(epoch=286, total_rounds=146, total_fda_steps=2235, accuracy=0.9861000180244446)
EpochMetrics(epoch=287, total_rounds=147, total_fda_steps=2243, accuracy=0.9861999750137329)
EpochMetrics(epoch=288, total_rounds=147, total_fda_steps=2250, accuracy=0.9858999848365784)
EpochMetrics(epoch=289, total_rounds=147, total_fda_steps=2258, accuracy=0.9861999750137329)
EpochMetrics(epoch=290, total_rounds=148, total_fda_steps=2266, accuracy=0.9857000112533569)
EpochMetrics(epoch=291, total_rounds=148, total_fda_steps=2274, accuracy=0.9858999848365784)
EpochMetrics(epoch=292, total_rounds=148, total_fda_steps=2282, accuracy=0.9860000014305115)
EpochMetrics(epoch=293, total_rounds=149, total_fda_steps=2290, accuracy=0.9853000044822693)
EpochMetrics(epoch=294, total_rounds=149, total_fda_steps=2297, accuracy=0.9861000180244446)
EpochMetrics(epoch=295, total_rounds=149, total_fda_steps=2305, accuracy=0.9861000180244446)
EpochMetrics(epoch=296, total_rounds=150, total_fda_steps=2313, accuracy=0.9858999848365784)
EpochMetrics(epoch=297, total_rounds=150, total_fda_steps=2321, accuracy=0.9861000180244446)
EpochMetrics(epoch=298, total_rounds=151, total_fda_steps=2329, accuracy=0.9861000180244446)
EpochMetrics(epoch=299, total_rounds=151, total_fda_steps=2336, accuracy=0.98580002784729)
EpochMetrics(epoch=300, total_rounds=151, total_fda_steps=2344, accuracy=0.9861000180244446)
EpochMetrics(epoch=301, total_rounds=151, total_fda_steps=2352, accuracy=0.9861999750137329)
EpochMetrics(epoch=302, total_rounds=152, total_fda_steps=2360, accuracy=0.98580002784729)
EpochMetrics(epoch=303, total_rounds=152, total_fda_steps=2368, accuracy=0.9860000014305115)
EpochMetrics(epoch=304, total_rounds=152, total_fda_steps=2375, accuracy=0.9865000247955322)
EpochMetrics(epoch=305, total_rounds=153, total_fda_steps=2383, accuracy=0.9860000014305115)
EpochMetrics(epoch=306, total_rounds=153, total_fda_steps=2391, accuracy=0.986299991607666)
EpochMetrics(epoch=307, total_rounds=154, total_fda_steps=2399, accuracy=0.9866999983787537)
EpochMetrics(epoch=308, total_rounds=154, total_fda_steps=2407, accuracy=0.9861000180244446)
EpochMetrics(epoch=309, total_rounds=154, total_fda_steps=2415, accuracy=0.98580002784729)
EpochMetrics(epoch=310, total_rounds=155, total_fda_steps=2422, accuracy=0.9858999848365784)
EpochMetrics(epoch=311, total_rounds=155, total_fda_steps=2430, accuracy=0.9861999750137329)
EpochMetrics(epoch=312, total_rounds=155, total_fda_steps=2438, accuracy=0.9864000082015991)
EpochMetrics(epoch=313, total_rounds=156, total_fda_steps=2446, accuracy=0.9864000082015991)
EpochMetrics(epoch=314, total_rounds=156, total_fda_steps=2454, accuracy=0.9861000180244446)
EpochMetrics(epoch=315, total_rounds=156, total_fda_steps=2461, accuracy=0.9865999817848206)
EpochMetrics(epoch=316, total_rounds=157, total_fda_steps=2469, accuracy=0.9861000180244446)
EpochMetrics(epoch=317, total_rounds=157, total_fda_steps=2477, accuracy=0.9858999848365784)
EpochMetrics(epoch=318, total_rounds=157, total_fda_steps=2485, accuracy=0.9864000082015991)
EpochMetrics(epoch=319, total_rounds=158, total_fda_steps=2493, accuracy=0.9861000180244446)
EpochMetrics(epoch=320, total_rounds=158, total_fda_steps=2500, accuracy=0.9858999848365784)
EpochMetrics(epoch=321, total_rounds=158, total_fda_steps=2508, accuracy=0.9860000014305115)
EpochMetrics(epoch=322, total_rounds=159, total_fda_steps=2516, accuracy=0.9861999750137329)
EpochMetrics(epoch=323, total_rounds=159, total_fda_steps=2524, accuracy=0.9858999848365784)
EpochMetrics(epoch=324, total_rounds=159, total_fda_steps=2532, accuracy=0.9861000180244446)
EpochMetrics(epoch=325, total_rounds=159, total_fda_steps=2540, accuracy=0.9858999848365784)
EpochMetrics(epoch=326, total_rounds=160, total_fda_steps=2547, accuracy=0.9861999750137329)
EpochMetrics(epoch=327, total_rounds=160, total_fda_steps=2555, accuracy=0.986299991607666)
EpochMetrics(epoch=328, total_rounds=160, total_fda_steps=2563, accuracy=0.9864000082015991)
EpochMetrics(epoch=329, total_rounds=161, total_fda_steps=2571, accuracy=0.9861999750137329)
EpochMetrics(epoch=330, total_rounds=161, total_fda_steps=2579, accuracy=0.9865000247955322)
EpochMetrics(epoch=331, total_rounds=161, total_fda_steps=2586, accuracy=0.9865000247955322)
EpochMetrics(epoch=332, total_rounds=162, total_fda_steps=2594, accuracy=0.986299991607666)
EpochMetrics(epoch=333, total_rounds=162, total_fda_steps=2602, accuracy=0.9861000180244446)
EpochMetrics(epoch=334, total_rounds=162, total_fda_steps=2610, accuracy=0.9865000247955322)
EpochMetrics(epoch=335, total_rounds=163, total_fda_steps=2618, accuracy=0.9861999750137329)
EpochMetrics(epoch=336, total_rounds=163, total_fda_steps=2625, accuracy=0.986299991607666)
EpochMetrics(epoch=337, total_rounds=163, total_fda_steps=2633, accuracy=0.9865000247955322)
EpochMetrics(epoch=338, total_rounds=164, total_fda_steps=2641, accuracy=0.9861999750137329)
EpochMetrics(epoch=339, total_rounds=164, total_fda_steps=2649, accuracy=0.9858999848365784)
EpochMetrics(epoch=340, total_rounds=164, total_fda_steps=2657, accuracy=0.9861999750137329)
EpochMetrics(epoch=341, total_rounds=165, total_fda_steps=2665, accuracy=0.9864000082015991)
EpochMetrics(epoch=342, total_rounds=165, total_fda_steps=2672, accuracy=0.9861999750137329)
EpochMetrics(epoch=343, total_rounds=165, total_fda_steps=2680, accuracy=0.9865000247955322)
EpochMetrics(epoch=344, total_rounds=165, total_fda_steps=2688, accuracy=0.9864000082015991)
EpochMetrics(epoch=345, total_rounds=166, total_fda_steps=2696, accuracy=0.9861000180244446)
EpochMetrics(epoch=346, total_rounds=166, total_fda_steps=2704, accuracy=0.9864000082015991)
EpochMetrics(epoch=347, total_rounds=166, total_fda_steps=2711, accuracy=0.9865999817848206)
EpochMetrics(epoch=348, total_rounds=167, total_fda_steps=2719, accuracy=0.9861000180244446)
EpochMetrics(epoch=349, total_rounds=167, total_fda_steps=2727, accuracy=0.9864000082015991)
EpochMetrics(epoch=350, total_rounds=167, total_fda_steps=2735, accuracy=0.9861999750137329)

------------ Finished Testing : ------------
NN name : LeNet-5
FDA name : naive
Num Clients : 30
Batch size : 256
Num Epochs : 350
Number of steps until we check RTC : 1
Theta : 0.5
Total simulation time: 11127.08207154274 sec
-----------------------------------------

