Num GPUs Available:  1

------------ Current Test : ------------
NN name : LeNet-5
FDA name : naive
Num Clients : 35
Batch size : 128
Num Epochs : 350
Number of steps until we check RTC : 1
Theta : 0.5
-----------------------------------------

EpochMetrics(epoch=1, total_rounds=3, total_fda_steps=14, accuracy=0.7581999897956848)
EpochMetrics(epoch=2, total_rounds=6, total_fda_steps=27, accuracy=0.8382999897003174)
EpochMetrics(epoch=3, total_rounds=8, total_fda_steps=41, accuracy=0.878000020980835)
EpochMetrics(epoch=4, total_rounds=9, total_fda_steps=54, accuracy=0.8894000053405762)
EpochMetrics(epoch=5, total_rounds=10, total_fda_steps=67, accuracy=0.8984000086784363)
EpochMetrics(epoch=6, total_rounds=11, total_fda_steps=81, accuracy=0.9067000150680542)
EpochMetrics(epoch=7, total_rounds=12, total_fda_steps=94, accuracy=0.9096999764442444)
EpochMetrics(epoch=8, total_rounds=13, total_fda_steps=108, accuracy=0.9121000170707703)
EpochMetrics(epoch=9, total_rounds=14, total_fda_steps=121, accuracy=0.9160000085830688)
EpochMetrics(epoch=10, total_rounds=15, total_fda_steps=134, accuracy=0.919700026512146)
EpochMetrics(epoch=11, total_rounds=16, total_fda_steps=148, accuracy=0.9222999811172485)
EpochMetrics(epoch=12, total_rounds=16, total_fda_steps=161, accuracy=0.9251999855041504)
EpochMetrics(epoch=13, total_rounds=17, total_fda_steps=175, accuracy=0.9293000102043152)
EpochMetrics(epoch=14, total_rounds=18, total_fda_steps=188, accuracy=0.930899977684021)
EpochMetrics(epoch=15, total_rounds=19, total_fda_steps=201, accuracy=0.9351000189781189)
EpochMetrics(epoch=16, total_rounds=20, total_fda_steps=215, accuracy=0.9368000030517578)
EpochMetrics(epoch=17, total_rounds=21, total_fda_steps=228, accuracy=0.9397000074386597)
EpochMetrics(epoch=18, total_rounds=22, total_fda_steps=242, accuracy=0.9409000277519226)
EpochMetrics(epoch=19, total_rounds=23, total_fda_steps=255, accuracy=0.9431999921798706)
EpochMetrics(epoch=20, total_rounds=24, total_fda_steps=268, accuracy=0.9445000290870667)
EpochMetrics(epoch=21, total_rounds=25, total_fda_steps=282, accuracy=0.9459999799728394)
EpochMetrics(epoch=22, total_rounds=25, total_fda_steps=295, accuracy=0.9474999904632568)
EpochMetrics(epoch=23, total_rounds=26, total_fda_steps=309, accuracy=0.9485999941825867)
EpochMetrics(epoch=24, total_rounds=27, total_fda_steps=322, accuracy=0.9503999948501587)
EpochMetrics(epoch=25, total_rounds=28, total_fda_steps=335, accuracy=0.9520999789237976)
EpochMetrics(epoch=26, total_rounds=29, total_fda_steps=349, accuracy=0.9534000158309937)
EpochMetrics(epoch=27, total_rounds=30, total_fda_steps=362, accuracy=0.9546999931335449)
EpochMetrics(epoch=28, total_rounds=31, total_fda_steps=375, accuracy=0.9563999772071838)
EpochMetrics(epoch=29, total_rounds=32, total_fda_steps=389, accuracy=0.9573000073432922)
EpochMetrics(epoch=30, total_rounds=33, total_fda_steps=402, accuracy=0.9577999711036682)
EpochMetrics(epoch=31, total_rounds=33, total_fda_steps=416, accuracy=0.958899974822998)
EpochMetrics(epoch=32, total_rounds=34, total_fda_steps=429, accuracy=0.9610999822616577)
EpochMetrics(epoch=33, total_rounds=35, total_fda_steps=442, accuracy=0.9614999890327454)
EpochMetrics(epoch=34, total_rounds=36, total_fda_steps=456, accuracy=0.961899995803833)
EpochMetrics(epoch=35, total_rounds=37, total_fda_steps=469, accuracy=0.9627000093460083)
EpochMetrics(epoch=36, total_rounds=38, total_fda_steps=483, accuracy=0.963699996471405)
EpochMetrics(epoch=37, total_rounds=39, total_fda_steps=496, accuracy=0.9643999934196472)
EpochMetrics(epoch=38, total_rounds=40, total_fda_steps=509, accuracy=0.965499997138977)
EpochMetrics(epoch=39, total_rounds=41, total_fda_steps=523, accuracy=0.9650999903678894)
EpochMetrics(epoch=40, total_rounds=41, total_fda_steps=536, accuracy=0.9649999737739563)
EpochMetrics(epoch=41, total_rounds=42, total_fda_steps=550, accuracy=0.96670001745224)
EpochMetrics(epoch=42, total_rounds=43, total_fda_steps=563, accuracy=0.96670001745224)
EpochMetrics(epoch=43, total_rounds=44, total_fda_steps=576, accuracy=0.9674000144004822)
EpochMetrics(epoch=44, total_rounds=45, total_fda_steps=590, accuracy=0.9672999978065491)
EpochMetrics(epoch=45, total_rounds=46, total_fda_steps=603, accuracy=0.9678999781608582)
EpochMetrics(epoch=46, total_rounds=47, total_fda_steps=617, accuracy=0.9684000015258789)
EpochMetrics(epoch=47, total_rounds=47, total_fda_steps=630, accuracy=0.9692000150680542)
EpochMetrics(epoch=48, total_rounds=48, total_fda_steps=643, accuracy=0.9699000120162964)
EpochMetrics(epoch=49, total_rounds=49, total_fda_steps=657, accuracy=0.9699000120162964)
EpochMetrics(epoch=50, total_rounds=50, total_fda_steps=670, accuracy=0.970300018787384)
EpochMetrics(epoch=51, total_rounds=51, total_fda_steps=684, accuracy=0.970300018787384)
EpochMetrics(epoch=52, total_rounds=52, total_fda_steps=697, accuracy=0.9714999794960022)
EpochMetrics(epoch=53, total_rounds=52, total_fda_steps=710, accuracy=0.9713000059127808)
EpochMetrics(epoch=54, total_rounds=53, total_fda_steps=724, accuracy=0.9710999727249146)
EpochMetrics(epoch=55, total_rounds=54, total_fda_steps=737, accuracy=0.972000002861023)
EpochMetrics(epoch=56, total_rounds=55, total_fda_steps=750, accuracy=0.9715999960899353)
EpochMetrics(epoch=57, total_rounds=56, total_fda_steps=764, accuracy=0.9721999764442444)
EpochMetrics(epoch=58, total_rounds=57, total_fda_steps=777, accuracy=0.9725000262260437)
EpochMetrics(epoch=59, total_rounds=57, total_fda_steps=791, accuracy=0.9732999801635742)
EpochMetrics(epoch=60, total_rounds=58, total_fda_steps=804, accuracy=0.9733999967575073)
EpochMetrics(epoch=61, total_rounds=59, total_fda_steps=817, accuracy=0.9733999967575073)
EpochMetrics(epoch=62, total_rounds=60, total_fda_steps=831, accuracy=0.974399983882904)
EpochMetrics(epoch=63, total_rounds=61, total_fda_steps=844, accuracy=0.9742000102996826)
EpochMetrics(epoch=64, total_rounds=62, total_fda_steps=858, accuracy=0.9749000072479248)
EpochMetrics(epoch=65, total_rounds=62, total_fda_steps=871, accuracy=0.9746000170707703)
EpochMetrics(epoch=66, total_rounds=63, total_fda_steps=884, accuracy=0.9749000072479248)
EpochMetrics(epoch=67, total_rounds=64, total_fda_steps=898, accuracy=0.9757999777793884)
EpochMetrics(epoch=68, total_rounds=65, total_fda_steps=911, accuracy=0.9754999876022339)
EpochMetrics(epoch=69, total_rounds=66, total_fda_steps=925, accuracy=0.9761000275611877)
EpochMetrics(epoch=70, total_rounds=67, total_fda_steps=938, accuracy=0.9764000177383423)
EpochMetrics(epoch=71, total_rounds=67, total_fda_steps=951, accuracy=0.9764999747276306)
EpochMetrics(epoch=72, total_rounds=68, total_fda_steps=965, accuracy=0.977400004863739)
EpochMetrics(epoch=73, total_rounds=69, total_fda_steps=978, accuracy=0.9769999980926514)
EpochMetrics(epoch=74, total_rounds=70, total_fda_steps=992, accuracy=0.9771000146865845)
EpochMetrics(epoch=75, total_rounds=71, total_fda_steps=1005, accuracy=0.9783999919891357)
EpochMetrics(epoch=76, total_rounds=71, total_fda_steps=1018, accuracy=0.9775999784469604)
EpochMetrics(epoch=77, total_rounds=72, total_fda_steps=1032, accuracy=0.9779000282287598)
EpochMetrics(epoch=78, total_rounds=73, total_fda_steps=1045, accuracy=0.9786999821662903)
EpochMetrics(epoch=79, total_rounds=74, total_fda_steps=1059, accuracy=0.9789000153541565)
EpochMetrics(epoch=80, total_rounds=75, total_fda_steps=1072, accuracy=0.9790999889373779)
EpochMetrics(epoch=81, total_rounds=75, total_fda_steps=1085, accuracy=0.979200005531311)
EpochMetrics(epoch=82, total_rounds=76, total_fda_steps=1099, accuracy=0.979200005531311)
EpochMetrics(epoch=83, total_rounds=77, total_fda_steps=1112, accuracy=0.9796000123023987)
EpochMetrics(epoch=84, total_rounds=78, total_fda_steps=1125, accuracy=0.9799000024795532)
EpochMetrics(epoch=85, total_rounds=78, total_fda_steps=1139, accuracy=0.9801999926567078)
EpochMetrics(epoch=86, total_rounds=79, total_fda_steps=1152, accuracy=0.9793999791145325)
EpochMetrics(epoch=87, total_rounds=80, total_fda_steps=1166, accuracy=0.9807000160217285)
EpochMetrics(epoch=88, total_rounds=81, total_fda_steps=1179, accuracy=0.9805999994277954)
EpochMetrics(epoch=89, total_rounds=82, total_fda_steps=1192, accuracy=0.9812999963760376)
EpochMetrics(epoch=90, total_rounds=82, total_fda_steps=1206, accuracy=0.9811999797821045)
EpochMetrics(epoch=91, total_rounds=83, total_fda_steps=1219, accuracy=0.9814000129699707)
EpochMetrics(epoch=92, total_rounds=84, total_fda_steps=1233, accuracy=0.9812999963760376)
EpochMetrics(epoch=93, total_rounds=85, total_fda_steps=1246, accuracy=0.9807999730110168)
EpochMetrics(epoch=94, total_rounds=85, total_fda_steps=1259, accuracy=0.9815000295639038)
EpochMetrics(epoch=95, total_rounds=86, total_fda_steps=1273, accuracy=0.9817000031471252)
EpochMetrics(epoch=96, total_rounds=87, total_fda_steps=1286, accuracy=0.9817000031471252)
EpochMetrics(epoch=97, total_rounds=88, total_fda_steps=1300, accuracy=0.9815000295639038)
EpochMetrics(epoch=98, total_rounds=88, total_fda_steps=1313, accuracy=0.9817000031471252)
EpochMetrics(epoch=99, total_rounds=89, total_fda_steps=1326, accuracy=0.9818000197410583)
EpochMetrics(epoch=100, total_rounds=90, total_fda_steps=1340, accuracy=0.9821000099182129)
EpochMetrics(epoch=101, total_rounds=91, total_fda_steps=1353, accuracy=0.9815000295639038)
EpochMetrics(epoch=102, total_rounds=91, total_fda_steps=1367, accuracy=0.9822999835014343)
EpochMetrics(epoch=103, total_rounds=92, total_fda_steps=1380, accuracy=0.9825000166893005)
EpochMetrics(epoch=104, total_rounds=93, total_fda_steps=1393, accuracy=0.982200026512146)
EpochMetrics(epoch=105, total_rounds=94, total_fda_steps=1407, accuracy=0.9819999933242798)
EpochMetrics(epoch=106, total_rounds=94, total_fda_steps=1420, accuracy=0.982699990272522)
EpochMetrics(epoch=107, total_rounds=95, total_fda_steps=1434, accuracy=0.9829000234603882)
EpochMetrics(epoch=108, total_rounds=96, total_fda_steps=1447, accuracy=0.9830999970436096)
EpochMetrics(epoch=109, total_rounds=97, total_fda_steps=1460, accuracy=0.9830999970436096)
EpochMetrics(epoch=110, total_rounds=97, total_fda_steps=1474, accuracy=0.9830999970436096)
EpochMetrics(epoch=111, total_rounds=98, total_fda_steps=1487, accuracy=0.9829000234603882)
EpochMetrics(epoch=112, total_rounds=99, total_fda_steps=1500, accuracy=0.9829999804496765)
EpochMetrics(epoch=113, total_rounds=100, total_fda_steps=1514, accuracy=0.983299970626831)
EpochMetrics(epoch=114, total_rounds=100, total_fda_steps=1527, accuracy=0.9830999970436096)
EpochMetrics(epoch=115, total_rounds=101, total_fda_steps=1541, accuracy=0.9836000204086304)
EpochMetrics(epoch=116, total_rounds=102, total_fda_steps=1554, accuracy=0.983299970626831)
EpochMetrics(epoch=117, total_rounds=102, total_fda_steps=1567, accuracy=0.9836000204086304)
EpochMetrics(epoch=118, total_rounds=103, total_fda_steps=1581, accuracy=0.9832000136375427)
EpochMetrics(epoch=119, total_rounds=104, total_fda_steps=1594, accuracy=0.9837999939918518)
EpochMetrics(epoch=120, total_rounds=105, total_fda_steps=1608, accuracy=0.983299970626831)
EpochMetrics(epoch=121, total_rounds=105, total_fda_steps=1621, accuracy=0.9839000105857849)
EpochMetrics(epoch=122, total_rounds=106, total_fda_steps=1634, accuracy=0.9836000204086304)
EpochMetrics(epoch=123, total_rounds=107, total_fda_steps=1648, accuracy=0.9833999872207642)
EpochMetrics(epoch=124, total_rounds=107, total_fda_steps=1661, accuracy=0.9839000105857849)
EpochMetrics(epoch=125, total_rounds=108, total_fda_steps=1675, accuracy=0.9843000173568726)
EpochMetrics(epoch=126, total_rounds=109, total_fda_steps=1688, accuracy=0.984000027179718)
EpochMetrics(epoch=127, total_rounds=110, total_fda_steps=1701, accuracy=0.9840999841690063)
EpochMetrics(epoch=128, total_rounds=110, total_fda_steps=1715, accuracy=0.9836000204086304)
EpochMetrics(epoch=129, total_rounds=111, total_fda_steps=1728, accuracy=0.9836999773979187)
EpochMetrics(epoch=130, total_rounds=112, total_fda_steps=1742, accuracy=0.9837999939918518)
EpochMetrics(epoch=131, total_rounds=112, total_fda_steps=1755, accuracy=0.9842000007629395)
EpochMetrics(epoch=132, total_rounds=113, total_fda_steps=1768, accuracy=0.9843000173568726)
EpochMetrics(epoch=133, total_rounds=114, total_fda_steps=1782, accuracy=0.9840999841690063)
EpochMetrics(epoch=134, total_rounds=114, total_fda_steps=1795, accuracy=0.9840999841690063)
EpochMetrics(epoch=135, total_rounds=115, total_fda_steps=1809, accuracy=0.9840999841690063)
EpochMetrics(epoch=136, total_rounds=116, total_fda_steps=1822, accuracy=0.984499990940094)
EpochMetrics(epoch=137, total_rounds=116, total_fda_steps=1835, accuracy=0.984000027179718)
EpochMetrics(epoch=138, total_rounds=117, total_fda_steps=1849, accuracy=0.9842000007629395)
EpochMetrics(epoch=139, total_rounds=118, total_fda_steps=1862, accuracy=0.9840999841690063)
EpochMetrics(epoch=140, total_rounds=118, total_fda_steps=1875, accuracy=0.984499990940094)
EpochMetrics(epoch=141, total_rounds=119, total_fda_steps=1889, accuracy=0.9848999977111816)
EpochMetrics(epoch=142, total_rounds=120, total_fda_steps=1902, accuracy=0.9846000075340271)
EpochMetrics(epoch=143, total_rounds=121, total_fda_steps=1916, accuracy=0.9846000075340271)
EpochMetrics(epoch=144, total_rounds=121, total_fda_steps=1929, accuracy=0.9850000143051147)
EpochMetrics(epoch=145, total_rounds=122, total_fda_steps=1942, accuracy=0.9847999811172485)
EpochMetrics(epoch=146, total_rounds=123, total_fda_steps=1956, accuracy=0.9847000241279602)
EpochMetrics(epoch=147, total_rounds=123, total_fda_steps=1969, accuracy=0.984499990940094)
EpochMetrics(epoch=148, total_rounds=124, total_fda_steps=1983, accuracy=0.9854999780654907)
EpochMetrics(epoch=149, total_rounds=124, total_fda_steps=1996, accuracy=0.9848999977111816)
EpochMetrics(epoch=150, total_rounds=125, total_fda_steps=2009, accuracy=0.9853000044822693)
EpochMetrics(epoch=151, total_rounds=126, total_fda_steps=2023, accuracy=0.9853000044822693)
EpochMetrics(epoch=152, total_rounds=126, total_fda_steps=2036, accuracy=0.9851999878883362)
EpochMetrics(epoch=153, total_rounds=127, total_fda_steps=2050, accuracy=0.9854000210762024)
EpochMetrics(epoch=154, total_rounds=128, total_fda_steps=2063, accuracy=0.9854000210762024)
EpochMetrics(epoch=155, total_rounds=128, total_fda_steps=2076, accuracy=0.9851999878883362)
EpochMetrics(epoch=156, total_rounds=129, total_fda_steps=2090, accuracy=0.9854000210762024)
EpochMetrics(epoch=157, total_rounds=130, total_fda_steps=2103, accuracy=0.9854000210762024)
EpochMetrics(epoch=158, total_rounds=130, total_fda_steps=2117, accuracy=0.9853000044822693)
EpochMetrics(epoch=159, total_rounds=131, total_fda_steps=2130, accuracy=0.9854999780654907)
EpochMetrics(epoch=160, total_rounds=132, total_fda_steps=2143, accuracy=0.9854000210762024)
EpochMetrics(epoch=161, total_rounds=132, total_fda_steps=2157, accuracy=0.9855999946594238)
EpochMetrics(epoch=162, total_rounds=133, total_fda_steps=2170, accuracy=0.986299991607666)
EpochMetrics(epoch=163, total_rounds=134, total_fda_steps=2184, accuracy=0.9858999848365784)
EpochMetrics(epoch=164, total_rounds=134, total_fda_steps=2197, accuracy=0.9857000112533569)
EpochMetrics(epoch=165, total_rounds=135, total_fda_steps=2210, accuracy=0.98580002784729)
EpochMetrics(epoch=166, total_rounds=136, total_fda_steps=2224, accuracy=0.9854999780654907)
EpochMetrics(epoch=167, total_rounds=136, total_fda_steps=2237, accuracy=0.9857000112533569)
EpochMetrics(epoch=168, total_rounds=137, total_fda_steps=2250, accuracy=0.9854999780654907)
EpochMetrics(epoch=169, total_rounds=137, total_fda_steps=2264, accuracy=0.9857000112533569)
EpochMetrics(epoch=170, total_rounds=138, total_fda_steps=2277, accuracy=0.9860000014305115)
EpochMetrics(epoch=171, total_rounds=139, total_fda_steps=2291, accuracy=0.9850999712944031)
EpochMetrics(epoch=172, total_rounds=139, total_fda_steps=2304, accuracy=0.98580002784729)
EpochMetrics(epoch=173, total_rounds=140, total_fda_steps=2317, accuracy=0.9861000180244446)
EpochMetrics(epoch=174, total_rounds=141, total_fda_steps=2331, accuracy=0.98580002784729)
EpochMetrics(epoch=175, total_rounds=141, total_fda_steps=2344, accuracy=0.9864000082015991)
EpochMetrics(epoch=176, total_rounds=142, total_fda_steps=2358, accuracy=0.98580002784729)
EpochMetrics(epoch=177, total_rounds=142, total_fda_steps=2371, accuracy=0.9865000247955322)
EpochMetrics(epoch=178, total_rounds=143, total_fda_steps=2384, accuracy=0.98580002784729)
EpochMetrics(epoch=179, total_rounds=144, total_fda_steps=2398, accuracy=0.9858999848365784)
EpochMetrics(epoch=180, total_rounds=144, total_fda_steps=2411, accuracy=0.986299991607666)
EpochMetrics(epoch=181, total_rounds=145, total_fda_steps=2425, accuracy=0.9860000014305115)
EpochMetrics(epoch=182, total_rounds=146, total_fda_steps=2438, accuracy=0.9861000180244446)
EpochMetrics(epoch=183, total_rounds=146, total_fda_steps=2451, accuracy=0.9864000082015991)
EpochMetrics(epoch=184, total_rounds=147, total_fda_steps=2465, accuracy=0.986299991607666)
EpochMetrics(epoch=185, total_rounds=147, total_fda_steps=2478, accuracy=0.9861999750137329)
EpochMetrics(epoch=186, total_rounds=148, total_fda_steps=2492, accuracy=0.9861999750137329)
EpochMetrics(epoch=187, total_rounds=149, total_fda_steps=2505, accuracy=0.986299991607666)
EpochMetrics(epoch=188, total_rounds=149, total_fda_steps=2518, accuracy=0.986299991607666)
EpochMetrics(epoch=189, total_rounds=150, total_fda_steps=2532, accuracy=0.9861000180244446)
EpochMetrics(epoch=190, total_rounds=150, total_fda_steps=2545, accuracy=0.986299991607666)
EpochMetrics(epoch=191, total_rounds=151, total_fda_steps=2559, accuracy=0.986299991607666)
EpochMetrics(epoch=192, total_rounds=152, total_fda_steps=2572, accuracy=0.9866999983787537)
EpochMetrics(epoch=193, total_rounds=152, total_fda_steps=2585, accuracy=0.9866999983787537)
EpochMetrics(epoch=194, total_rounds=153, total_fda_steps=2599, accuracy=0.9865000247955322)
EpochMetrics(epoch=195, total_rounds=153, total_fda_steps=2612, accuracy=0.9866999983787537)
EpochMetrics(epoch=196, total_rounds=154, total_fda_steps=2625, accuracy=0.9865999817848206)
EpochMetrics(epoch=197, total_rounds=155, total_fda_steps=2639, accuracy=0.9865000247955322)
EpochMetrics(epoch=198, total_rounds=155, total_fda_steps=2652, accuracy=0.9868999719619751)
EpochMetrics(epoch=199, total_rounds=156, total_fda_steps=2666, accuracy=0.986299991607666)
EpochMetrics(epoch=200, total_rounds=156, total_fda_steps=2679, accuracy=0.9868000149726868)
EpochMetrics(epoch=201, total_rounds=157, total_fda_steps=2692, accuracy=0.9871000051498413)
EpochMetrics(epoch=202, total_rounds=158, total_fda_steps=2706, accuracy=0.9868000149726868)
EpochMetrics(epoch=203, total_rounds=158, total_fda_steps=2719, accuracy=0.9871000051498413)
EpochMetrics(epoch=204, total_rounds=159, total_fda_steps=2733, accuracy=0.9868999719619751)
EpochMetrics(epoch=205, total_rounds=159, total_fda_steps=2746, accuracy=0.9869999885559082)
EpochMetrics(epoch=206, total_rounds=160, total_fda_steps=2759, accuracy=0.9868999719619751)
EpochMetrics(epoch=207, total_rounds=161, total_fda_steps=2773, accuracy=0.9872000217437744)
EpochMetrics(epoch=208, total_rounds=161, total_fda_steps=2786, accuracy=0.9868999719619751)
EpochMetrics(epoch=209, total_rounds=162, total_fda_steps=2800, accuracy=0.9871000051498413)
EpochMetrics(epoch=210, total_rounds=162, total_fda_steps=2813, accuracy=0.9868999719619751)
EpochMetrics(epoch=211, total_rounds=163, total_fda_steps=2826, accuracy=0.9866999983787537)
EpochMetrics(epoch=212, total_rounds=164, total_fda_steps=2840, accuracy=0.9868999719619751)
EpochMetrics(epoch=213, total_rounds=164, total_fda_steps=2853, accuracy=0.9869999885559082)
EpochMetrics(epoch=214, total_rounds=165, total_fda_steps=2867, accuracy=0.9871000051498413)
EpochMetrics(epoch=215, total_rounds=165, total_fda_steps=2880, accuracy=0.9872999787330627)
EpochMetrics(epoch=216, total_rounds=166, total_fda_steps=2893, accuracy=0.9865999817848206)
EpochMetrics(epoch=217, total_rounds=166, total_fda_steps=2907, accuracy=0.9872999787330627)
EpochMetrics(epoch=218, total_rounds=167, total_fda_steps=2920, accuracy=0.9865000247955322)
EpochMetrics(epoch=219, total_rounds=168, total_fda_steps=2934, accuracy=0.9868999719619751)
EpochMetrics(epoch=220, total_rounds=168, total_fda_steps=2947, accuracy=0.9871000051498413)
EpochMetrics(epoch=221, total_rounds=169, total_fda_steps=2960, accuracy=0.9869999885559082)
EpochMetrics(epoch=222, total_rounds=169, total_fda_steps=2974, accuracy=0.9868000149726868)
EpochMetrics(epoch=223, total_rounds=170, total_fda_steps=2987, accuracy=0.9868000149726868)
EpochMetrics(epoch=224, total_rounds=170, total_fda_steps=3000, accuracy=0.9871000051498413)
EpochMetrics(epoch=225, total_rounds=171, total_fda_steps=3014, accuracy=0.9872999787330627)
EpochMetrics(epoch=226, total_rounds=172, total_fda_steps=3027, accuracy=0.9868000149726868)
EpochMetrics(epoch=227, total_rounds=172, total_fda_steps=3041, accuracy=0.9869999885559082)
EpochMetrics(epoch=228, total_rounds=173, total_fda_steps=3054, accuracy=0.9872999787330627)
EpochMetrics(epoch=229, total_rounds=173, total_fda_steps=3067, accuracy=0.9873999953269958)
EpochMetrics(epoch=230, total_rounds=174, total_fda_steps=3081, accuracy=0.9869999885559082)
EpochMetrics(epoch=231, total_rounds=174, total_fda_steps=3094, accuracy=0.9868999719619751)
EpochMetrics(epoch=232, total_rounds=175, total_fda_steps=3108, accuracy=0.9869999885559082)
EpochMetrics(epoch=233, total_rounds=176, total_fda_steps=3121, accuracy=0.9872999787330627)
EpochMetrics(epoch=234, total_rounds=176, total_fda_steps=3134, accuracy=0.9868999719619751)
EpochMetrics(epoch=235, total_rounds=177, total_fda_steps=3148, accuracy=0.9872000217437744)
EpochMetrics(epoch=236, total_rounds=177, total_fda_steps=3161, accuracy=0.987500011920929)
EpochMetrics(epoch=237, total_rounds=178, total_fda_steps=3175, accuracy=0.9869999885559082)
EpochMetrics(epoch=238, total_rounds=178, total_fda_steps=3188, accuracy=0.9872000217437744)
EpochMetrics(epoch=239, total_rounds=179, total_fda_steps=3201, accuracy=0.9866999983787537)
EpochMetrics(epoch=240, total_rounds=180, total_fda_steps=3215, accuracy=0.9869999885559082)
EpochMetrics(epoch=241, total_rounds=180, total_fda_steps=3228, accuracy=0.9868999719619751)
EpochMetrics(epoch=242, total_rounds=181, total_fda_steps=3242, accuracy=0.9873999953269958)
EpochMetrics(epoch=243, total_rounds=181, total_fda_steps=3255, accuracy=0.9869999885559082)
EpochMetrics(epoch=244, total_rounds=182, total_fda_steps=3268, accuracy=0.9873999953269958)
EpochMetrics(epoch=245, total_rounds=182, total_fda_steps=3282, accuracy=0.9872000217437744)
EpochMetrics(epoch=246, total_rounds=183, total_fda_steps=3295, accuracy=0.9872999787330627)
EpochMetrics(epoch=247, total_rounds=183, total_fda_steps=3309, accuracy=0.9876999855041504)
EpochMetrics(epoch=248, total_rounds=184, total_fda_steps=3322, accuracy=0.9871000051498413)
EpochMetrics(epoch=249, total_rounds=184, total_fda_steps=3335, accuracy=0.9879000186920166)
EpochMetrics(epoch=250, total_rounds=185, total_fda_steps=3349, accuracy=0.9868999719619751)
EpochMetrics(epoch=251, total_rounds=185, total_fda_steps=3362, accuracy=0.9871000051498413)
EpochMetrics(epoch=252, total_rounds=186, total_fda_steps=3375, accuracy=0.9872000217437744)
EpochMetrics(epoch=253, total_rounds=187, total_fda_steps=3389, accuracy=0.9868000149726868)
EpochMetrics(epoch=254, total_rounds=187, total_fda_steps=3402, accuracy=0.9872000217437744)
EpochMetrics(epoch=255, total_rounds=188, total_fda_steps=3416, accuracy=0.9872000217437744)
EpochMetrics(epoch=256, total_rounds=188, total_fda_steps=3429, accuracy=0.9871000051498413)
EpochMetrics(epoch=257, total_rounds=189, total_fda_steps=3442, accuracy=0.9868999719619751)
EpochMetrics(epoch=258, total_rounds=189, total_fda_steps=3456, accuracy=0.9868000149726868)
EpochMetrics(epoch=259, total_rounds=190, total_fda_steps=3469, accuracy=0.9869999885559082)
EpochMetrics(epoch=260, total_rounds=190, total_fda_steps=3483, accuracy=0.9871000051498413)
EpochMetrics(epoch=261, total_rounds=191, total_fda_steps=3496, accuracy=0.9869999885559082)
EpochMetrics(epoch=262, total_rounds=191, total_fda_steps=3509, accuracy=0.9872999787330627)
EpochMetrics(epoch=263, total_rounds=192, total_fda_steps=3523, accuracy=0.9871000051498413)
EpochMetrics(epoch=264, total_rounds=192, total_fda_steps=3536, accuracy=0.9873999953269958)
EpochMetrics(epoch=265, total_rounds=193, total_fda_steps=3550, accuracy=0.9866999983787537)
EpochMetrics(epoch=266, total_rounds=193, total_fda_steps=3563, accuracy=0.9871000051498413)
EpochMetrics(epoch=267, total_rounds=194, total_fda_steps=3576, accuracy=0.9868999719619751)
EpochMetrics(epoch=268, total_rounds=195, total_fda_steps=3590, accuracy=0.9869999885559082)
EpochMetrics(epoch=269, total_rounds=195, total_fda_steps=3603, accuracy=0.9871000051498413)
EpochMetrics(epoch=270, total_rounds=196, total_fda_steps=3617, accuracy=0.9872999787330627)
EpochMetrics(epoch=271, total_rounds=196, total_fda_steps=3630, accuracy=0.9876000285148621)
EpochMetrics(epoch=272, total_rounds=197, total_fda_steps=3643, accuracy=0.9872999787330627)
EpochMetrics(epoch=273, total_rounds=197, total_fda_steps=3657, accuracy=0.9871000051498413)
EpochMetrics(epoch=274, total_rounds=198, total_fda_steps=3670, accuracy=0.9872999787330627)
EpochMetrics(epoch=275, total_rounds=198, total_fda_steps=3684, accuracy=0.9866999983787537)
EpochMetrics(epoch=276, total_rounds=199, total_fda_steps=3697, accuracy=0.9872000217437744)
EpochMetrics(epoch=277, total_rounds=199, total_fda_steps=3710, accuracy=0.9872000217437744)
EpochMetrics(epoch=278, total_rounds=200, total_fda_steps=3724, accuracy=0.9869999885559082)
EpochMetrics(epoch=279, total_rounds=200, total_fda_steps=3737, accuracy=0.9872000217437744)
EpochMetrics(epoch=280, total_rounds=201, total_fda_steps=3750, accuracy=0.9873999953269958)
EpochMetrics(epoch=281, total_rounds=201, total_fda_steps=3764, accuracy=0.9871000051498413)
EpochMetrics(epoch=282, total_rounds=202, total_fda_steps=3777, accuracy=0.9866999983787537)
EpochMetrics(epoch=283, total_rounds=202, total_fda_steps=3791, accuracy=0.9876000285148621)
EpochMetrics(epoch=284, total_rounds=203, total_fda_steps=3804, accuracy=0.9872000217437744)
EpochMetrics(epoch=285, total_rounds=204, total_fda_steps=3817, accuracy=0.9872000217437744)
EpochMetrics(epoch=286, total_rounds=204, total_fda_steps=3831, accuracy=0.9869999885559082)
EpochMetrics(epoch=287, total_rounds=205, total_fda_steps=3844, accuracy=0.9869999885559082)
EpochMetrics(epoch=288, total_rounds=205, total_fda_steps=3858, accuracy=0.9873999953269958)
EpochMetrics(epoch=289, total_rounds=206, total_fda_steps=3871, accuracy=0.9872999787330627)
EpochMetrics(epoch=290, total_rounds=206, total_fda_steps=3884, accuracy=0.9871000051498413)
EpochMetrics(epoch=291, total_rounds=207, total_fda_steps=3898, accuracy=0.9871000051498413)
EpochMetrics(epoch=292, total_rounds=207, total_fda_steps=3911, accuracy=0.9872000217437744)
EpochMetrics(epoch=293, total_rounds=208, total_fda_steps=3925, accuracy=0.9868999719619751)
EpochMetrics(epoch=294, total_rounds=208, total_fda_steps=3938, accuracy=0.9868000149726868)
EpochMetrics(epoch=295, total_rounds=209, total_fda_steps=3951, accuracy=0.9873999953269958)
EpochMetrics(epoch=296, total_rounds=209, total_fda_steps=3965, accuracy=0.9869999885559082)
EpochMetrics(epoch=297, total_rounds=210, total_fda_steps=3978, accuracy=0.9872999787330627)
EpochMetrics(epoch=298, total_rounds=210, total_fda_steps=3992, accuracy=0.9869999885559082)
EpochMetrics(epoch=299, total_rounds=211, total_fda_steps=4005, accuracy=0.9876000285148621)
EpochMetrics(epoch=300, total_rounds=211, total_fda_steps=4018, accuracy=0.9876999855041504)
EpochMetrics(epoch=301, total_rounds=212, total_fda_steps=4032, accuracy=0.9869999885559082)
EpochMetrics(epoch=302, total_rounds=212, total_fda_steps=4045, accuracy=0.9871000051498413)
EpochMetrics(epoch=303, total_rounds=213, total_fda_steps=4059, accuracy=0.987500011920929)
EpochMetrics(epoch=304, total_rounds=213, total_fda_steps=4072, accuracy=0.9873999953269958)
EpochMetrics(epoch=305, total_rounds=214, total_fda_steps=4085, accuracy=0.9872999787330627)
EpochMetrics(epoch=306, total_rounds=214, total_fda_steps=4099, accuracy=0.9868999719619751)
EpochMetrics(epoch=307, total_rounds=215, total_fda_steps=4112, accuracy=0.9872999787330627)
EpochMetrics(epoch=308, total_rounds=215, total_fda_steps=4125, accuracy=0.9871000051498413)
EpochMetrics(epoch=309, total_rounds=216, total_fda_steps=4139, accuracy=0.9872000217437744)
EpochMetrics(epoch=310, total_rounds=216, total_fda_steps=4152, accuracy=0.9873999953269958)
EpochMetrics(epoch=311, total_rounds=216, total_fda_steps=4166, accuracy=0.9872999787330627)
EpochMetrics(epoch=312, total_rounds=217, total_fda_steps=4179, accuracy=0.9872000217437744)
EpochMetrics(epoch=313, total_rounds=217, total_fda_steps=4192, accuracy=0.9872000217437744)
EpochMetrics(epoch=314, total_rounds=218, total_fda_steps=4206, accuracy=0.9869999885559082)
EpochMetrics(epoch=315, total_rounds=219, total_fda_steps=4219, accuracy=0.9868999719619751)
EpochMetrics(epoch=316, total_rounds=219, total_fda_steps=4233, accuracy=0.9873999953269958)
EpochMetrics(epoch=317, total_rounds=220, total_fda_steps=4246, accuracy=0.9873999953269958)
EpochMetrics(epoch=318, total_rounds=220, total_fda_steps=4259, accuracy=0.9872999787330627)
EpochMetrics(epoch=319, total_rounds=221, total_fda_steps=4273, accuracy=0.9871000051498413)
EpochMetrics(epoch=320, total_rounds=221, total_fda_steps=4286, accuracy=0.9872999787330627)
EpochMetrics(epoch=321, total_rounds=222, total_fda_steps=4300, accuracy=0.987500011920929)
EpochMetrics(epoch=322, total_rounds=222, total_fda_steps=4313, accuracy=0.9876000285148621)
EpochMetrics(epoch=323, total_rounds=223, total_fda_steps=4326, accuracy=0.987500011920929)
EpochMetrics(epoch=324, total_rounds=223, total_fda_steps=4340, accuracy=0.9873999953269958)
EpochMetrics(epoch=325, total_rounds=224, total_fda_steps=4353, accuracy=0.9873999953269958)
EpochMetrics(epoch=326, total_rounds=224, total_fda_steps=4367, accuracy=0.9876999855041504)
EpochMetrics(epoch=327, total_rounds=225, total_fda_steps=4380, accuracy=0.9869999885559082)
EpochMetrics(epoch=328, total_rounds=225, total_fda_steps=4393, accuracy=0.9872000217437744)
EpochMetrics(epoch=329, total_rounds=226, total_fda_steps=4407, accuracy=0.987500011920929)
EpochMetrics(epoch=330, total_rounds=226, total_fda_steps=4420, accuracy=0.9876999855041504)
EpochMetrics(epoch=331, total_rounds=227, total_fda_steps=4434, accuracy=0.987500011920929)
EpochMetrics(epoch=332, total_rounds=227, total_fda_steps=4447, accuracy=0.987500011920929)
EpochMetrics(epoch=333, total_rounds=228, total_fda_steps=4460, accuracy=0.9876999855041504)
EpochMetrics(epoch=334, total_rounds=228, total_fda_steps=4474, accuracy=0.9872999787330627)
EpochMetrics(epoch=335, total_rounds=229, total_fda_steps=4487, accuracy=0.9879999756813049)
EpochMetrics(epoch=336, total_rounds=229, total_fda_steps=4500, accuracy=0.988099992275238)
EpochMetrics(epoch=337, total_rounds=230, total_fda_steps=4514, accuracy=0.988099992275238)
EpochMetrics(epoch=338, total_rounds=230, total_fda_steps=4527, accuracy=0.9876999855041504)
EpochMetrics(epoch=339, total_rounds=231, total_fda_steps=4541, accuracy=0.9876000285148621)
EpochMetrics(epoch=340, total_rounds=231, total_fda_steps=4554, accuracy=0.9876999855041504)
EpochMetrics(epoch=341, total_rounds=232, total_fda_steps=4567, accuracy=0.9879999756813049)
EpochMetrics(epoch=342, total_rounds=232, total_fda_steps=4581, accuracy=0.9883999824523926)
EpochMetrics(epoch=343, total_rounds=233, total_fda_steps=4594, accuracy=0.988099992275238)
EpochMetrics(epoch=344, total_rounds=233, total_fda_steps=4608, accuracy=0.9876999855041504)
EpochMetrics(epoch=345, total_rounds=234, total_fda_steps=4621, accuracy=0.9876999855041504)
EpochMetrics(epoch=346, total_rounds=234, total_fda_steps=4634, accuracy=0.988099992275238)
EpochMetrics(epoch=347, total_rounds=235, total_fda_steps=4648, accuracy=0.9882000088691711)
EpochMetrics(epoch=348, total_rounds=235, total_fda_steps=4661, accuracy=0.987500011920929)
EpochMetrics(epoch=349, total_rounds=235, total_fda_steps=4675, accuracy=0.9882000088691711)
EpochMetrics(epoch=350, total_rounds=236, total_fda_steps=4688, accuracy=0.9879999756813049)

------------ Finished Testing : ------------
NN name : LeNet-5
FDA name : naive
Num Clients : 35
Batch size : 128
Num Epochs : 350
Number of steps until we check RTC : 1
Theta : 0.5
Total simulation time: 19773.718203783035 sec
-----------------------------------------

