Num GPUs Available:  1

------------ Current Test : ------------
NN name : LeNet-5
FDA name : sketch
Num Clients : 5
Batch size : 32
Num Epochs : 350
Number of steps until we check RTC : 1
Theta : 0.5
-----------------------------------------

retracing `sketch_for_vector`
EpochMetrics(epoch=1, total_rounds=12, total_fda_steps=375, accuracy=0.9345999956130981)
EpochMetrics(epoch=2, total_rounds=25, total_fda_steps=750, accuracy=0.9564999938011169)
EpochMetrics(epoch=3, total_rounds=39, total_fda_steps=1125, accuracy=0.9671000242233276)
EpochMetrics(epoch=4, total_rounds=52, total_fda_steps=1500, accuracy=0.972100019454956)
EpochMetrics(epoch=5, total_rounds=67, total_fda_steps=1875, accuracy=0.9764999747276306)
EpochMetrics(epoch=6, total_rounds=81, total_fda_steps=2250, accuracy=0.9787999987602234)
EpochMetrics(epoch=7, total_rounds=95, total_fda_steps=2625, accuracy=0.9796000123023987)
EpochMetrics(epoch=8, total_rounds=110, total_fda_steps=3000, accuracy=0.9815000295639038)
EpochMetrics(epoch=9, total_rounds=124, total_fda_steps=3375, accuracy=0.9835000038146973)
EpochMetrics(epoch=10, total_rounds=138, total_fda_steps=3750, accuracy=0.9848999977111816)
EpochMetrics(epoch=11, total_rounds=153, total_fda_steps=4125, accuracy=0.9847999811172485)
EpochMetrics(epoch=12, total_rounds=167, total_fda_steps=4500, accuracy=0.9847999811172485)
EpochMetrics(epoch=13, total_rounds=181, total_fda_steps=4875, accuracy=0.9851999878883362)
EpochMetrics(epoch=14, total_rounds=195, total_fda_steps=5250, accuracy=0.9860000014305115)
EpochMetrics(epoch=15, total_rounds=209, total_fda_steps=5625, accuracy=0.9871000051498413)
EpochMetrics(epoch=16, total_rounds=223, total_fda_steps=6000, accuracy=0.9865999817848206)
EpochMetrics(epoch=17, total_rounds=237, total_fda_steps=6375, accuracy=0.9868999719619751)
EpochMetrics(epoch=18, total_rounds=252, total_fda_steps=6750, accuracy=0.9866999983787537)
EpochMetrics(epoch=19, total_rounds=265, total_fda_steps=7125, accuracy=0.9873999953269958)
EpochMetrics(epoch=20, total_rounds=279, total_fda_steps=7500, accuracy=0.9861999750137329)
EpochMetrics(epoch=21, total_rounds=293, total_fda_steps=7875, accuracy=0.9872000217437744)
EpochMetrics(epoch=22, total_rounds=306, total_fda_steps=8250, accuracy=0.9868000149726868)
EpochMetrics(epoch=23, total_rounds=320, total_fda_steps=8625, accuracy=0.9876999855041504)
EpochMetrics(epoch=24, total_rounds=333, total_fda_steps=9000, accuracy=0.9882000088691711)
EpochMetrics(epoch=25, total_rounds=347, total_fda_steps=9375, accuracy=0.9872000217437744)
EpochMetrics(epoch=26, total_rounds=361, total_fda_steps=9750, accuracy=0.98580002784729)
EpochMetrics(epoch=27, total_rounds=374, total_fda_steps=10125, accuracy=0.9876000285148621)
EpochMetrics(epoch=28, total_rounds=387, total_fda_steps=10500, accuracy=0.9868999719619751)
EpochMetrics(epoch=29, total_rounds=400, total_fda_steps=10875, accuracy=0.9868000149726868)
EpochMetrics(epoch=30, total_rounds=415, total_fda_steps=11250, accuracy=0.9868000149726868)
EpochMetrics(epoch=31, total_rounds=428, total_fda_steps=11625, accuracy=0.9868999719619751)
EpochMetrics(epoch=32, total_rounds=441, total_fda_steps=12000, accuracy=0.9871000051498413)
EpochMetrics(epoch=33, total_rounds=454, total_fda_steps=12375, accuracy=0.9883000254631042)
EpochMetrics(epoch=34, total_rounds=470, total_fda_steps=12750, accuracy=0.9866999983787537)
EpochMetrics(epoch=35, total_rounds=483, total_fda_steps=13125, accuracy=0.9868000149726868)
EpochMetrics(epoch=36, total_rounds=495, total_fda_steps=13500, accuracy=0.9876000285148621)
EpochMetrics(epoch=37, total_rounds=508, total_fda_steps=13875, accuracy=0.9866999983787537)
EpochMetrics(epoch=38, total_rounds=522, total_fda_steps=14250, accuracy=0.9872000217437744)
EpochMetrics(epoch=39, total_rounds=538, total_fda_steps=14625, accuracy=0.9886999726295471)
EpochMetrics(epoch=40, total_rounds=548, total_fda_steps=15000, accuracy=0.9887999892234802)
EpochMetrics(epoch=41, total_rounds=560, total_fda_steps=15375, accuracy=0.9878000020980835)
EpochMetrics(epoch=42, total_rounds=575, total_fda_steps=15750, accuracy=0.988099992275238)
EpochMetrics(epoch=43, total_rounds=586, total_fda_steps=16125, accuracy=0.9871000051498413)
EpochMetrics(epoch=44, total_rounds=599, total_fda_steps=16500, accuracy=0.9884999990463257)
EpochMetrics(epoch=45, total_rounds=610, total_fda_steps=16875, accuracy=0.9878000020980835)
EpochMetrics(epoch=46, total_rounds=624, total_fda_steps=17250, accuracy=0.9882000088691711)
EpochMetrics(epoch=47, total_rounds=636, total_fda_steps=17625, accuracy=0.9882000088691711)
EpochMetrics(epoch=48, total_rounds=650, total_fda_steps=18000, accuracy=0.988099992275238)
EpochMetrics(epoch=49, total_rounds=666, total_fda_steps=18375, accuracy=0.9873999953269958)
EpochMetrics(epoch=50, total_rounds=677, total_fda_steps=18750, accuracy=0.9876000285148621)
EpochMetrics(epoch=51, total_rounds=686, total_fda_steps=19125, accuracy=0.9884999990463257)
EpochMetrics(epoch=52, total_rounds=698, total_fda_steps=19500, accuracy=0.9890000224113464)
EpochMetrics(epoch=53, total_rounds=713, total_fda_steps=19875, accuracy=0.988099992275238)
EpochMetrics(epoch=54, total_rounds=729, total_fda_steps=20250, accuracy=0.988099992275238)
EpochMetrics(epoch=55, total_rounds=742, total_fda_steps=20625, accuracy=0.9882000088691711)
EpochMetrics(epoch=56, total_rounds=755, total_fda_steps=21000, accuracy=0.988099992275238)
EpochMetrics(epoch=57, total_rounds=766, total_fda_steps=21375, accuracy=0.9876999855041504)
EpochMetrics(epoch=58, total_rounds=780, total_fda_steps=21750, accuracy=0.988099992275238)
EpochMetrics(epoch=59, total_rounds=790, total_fda_steps=22125, accuracy=0.9890999794006348)
EpochMetrics(epoch=60, total_rounds=807, total_fda_steps=22500, accuracy=0.9882000088691711)
EpochMetrics(epoch=61, total_rounds=819, total_fda_steps=22875, accuracy=0.9884999990463257)
EpochMetrics(epoch=62, total_rounds=830, total_fda_steps=23250, accuracy=0.9878000020980835)
EpochMetrics(epoch=63, total_rounds=839, total_fda_steps=23625, accuracy=0.9890999794006348)
EpochMetrics(epoch=64, total_rounds=854, total_fda_steps=24000, accuracy=0.9886000156402588)
EpochMetrics(epoch=65, total_rounds=869, total_fda_steps=24375, accuracy=0.9878000020980835)
EpochMetrics(epoch=66, total_rounds=875, total_fda_steps=24750, accuracy=0.9879000186920166)
EpochMetrics(epoch=67, total_rounds=880, total_fda_steps=25125, accuracy=0.988099992275238)
EpochMetrics(epoch=68, total_rounds=882, total_fda_steps=25500, accuracy=0.9886999726295471)
EpochMetrics(epoch=69, total_rounds=886, total_fda_steps=25875, accuracy=0.9886999726295471)
EpochMetrics(epoch=70, total_rounds=902, total_fda_steps=26250, accuracy=0.9873999953269958)
EpochMetrics(epoch=71, total_rounds=921, total_fda_steps=26625, accuracy=0.9879000186920166)
EpochMetrics(epoch=72, total_rounds=937, total_fda_steps=27000, accuracy=0.9879000186920166)
EpochMetrics(epoch=73, total_rounds=955, total_fda_steps=27375, accuracy=0.987500011920929)
EpochMetrics(epoch=74, total_rounds=970, total_fda_steps=27750, accuracy=0.987500011920929)
EpochMetrics(epoch=75, total_rounds=982, total_fda_steps=28125, accuracy=0.9883000254631042)
EpochMetrics(epoch=76, total_rounds=992, total_fda_steps=28500, accuracy=0.9883000254631042)
EpochMetrics(epoch=77, total_rounds=1003, total_fda_steps=28875, accuracy=0.9886000156402588)
EpochMetrics(epoch=78, total_rounds=1013, total_fda_steps=29250, accuracy=0.9876999855041504)
EpochMetrics(epoch=79, total_rounds=1026, total_fda_steps=29625, accuracy=0.9891999959945679)
EpochMetrics(epoch=80, total_rounds=1035, total_fda_steps=30000, accuracy=0.9879000186920166)
EpochMetrics(epoch=81, total_rounds=1040, total_fda_steps=30375, accuracy=0.9878000020980835)
EpochMetrics(epoch=82, total_rounds=1050, total_fda_steps=30750, accuracy=0.9883999824523926)
EpochMetrics(epoch=83, total_rounds=1064, total_fda_steps=31125, accuracy=0.9890999794006348)
EpochMetrics(epoch=84, total_rounds=1069, total_fda_steps=31500, accuracy=0.9884999990463257)
EpochMetrics(epoch=85, total_rounds=1085, total_fda_steps=31875, accuracy=0.9873999953269958)
EpochMetrics(epoch=86, total_rounds=1091, total_fda_steps=32250, accuracy=0.9883999824523926)
EpochMetrics(epoch=87, total_rounds=1101, total_fda_steps=32625, accuracy=0.9889000058174133)
EpochMetrics(epoch=88, total_rounds=1113, total_fda_steps=33000, accuracy=0.9891999959945679)
EpochMetrics(epoch=89, total_rounds=1124, total_fda_steps=33375, accuracy=0.9876999855041504)
EpochMetrics(epoch=90, total_rounds=1142, total_fda_steps=33750, accuracy=0.9891999959945679)
EpochMetrics(epoch=91, total_rounds=1148, total_fda_steps=34125, accuracy=0.9894999861717224)
EpochMetrics(epoch=92, total_rounds=1161, total_fda_steps=34500, accuracy=0.9890000224113464)
EpochMetrics(epoch=93, total_rounds=1173, total_fda_steps=34875, accuracy=0.9886999726295471)
EpochMetrics(epoch=94, total_rounds=1185, total_fda_steps=35250, accuracy=0.9890999794006348)
EpochMetrics(epoch=95, total_rounds=1199, total_fda_steps=35625, accuracy=0.9884999990463257)
EpochMetrics(epoch=96, total_rounds=1208, total_fda_steps=36000, accuracy=0.9883999824523926)
EpochMetrics(epoch=97, total_rounds=1221, total_fda_steps=36375, accuracy=0.9884999990463257)
EpochMetrics(epoch=98, total_rounds=1226, total_fda_steps=36750, accuracy=0.9886000156402588)
EpochMetrics(epoch=99, total_rounds=1241, total_fda_steps=37125, accuracy=0.9887999892234802)
EpochMetrics(epoch=100, total_rounds=1255, total_fda_steps=37500, accuracy=0.9887999892234802)
EpochMetrics(epoch=101, total_rounds=1265, total_fda_steps=37875, accuracy=0.9887999892234802)
EpochMetrics(epoch=102, total_rounds=1268, total_fda_steps=38250, accuracy=0.9884999990463257)
EpochMetrics(epoch=103, total_rounds=1276, total_fda_steps=38625, accuracy=0.9891999959945679)
EpochMetrics(epoch=104, total_rounds=1282, total_fda_steps=39000, accuracy=0.9891999959945679)
EpochMetrics(epoch=105, total_rounds=1289, total_fda_steps=39375, accuracy=0.9890999794006348)
EpochMetrics(epoch=106, total_rounds=1307, total_fda_steps=39750, accuracy=0.988099992275238)
EpochMetrics(epoch=107, total_rounds=1326, total_fda_steps=40125, accuracy=0.9890000224113464)
EpochMetrics(epoch=108, total_rounds=1335, total_fda_steps=40500, accuracy=0.9886000156402588)
EpochMetrics(epoch=109, total_rounds=1349, total_fda_steps=40875, accuracy=0.9876000285148621)
EpochMetrics(epoch=110, total_rounds=1359, total_fda_steps=41250, accuracy=0.9884999990463257)
EpochMetrics(epoch=111, total_rounds=1363, total_fda_steps=41625, accuracy=0.9887999892234802)
EpochMetrics(epoch=112, total_rounds=1373, total_fda_steps=42000, accuracy=0.9886000156402588)
EpochMetrics(epoch=113, total_rounds=1387, total_fda_steps=42375, accuracy=0.9891999959945679)
EpochMetrics(epoch=114, total_rounds=1401, total_fda_steps=42750, accuracy=0.9886000156402588)
EpochMetrics(epoch=115, total_rounds=1414, total_fda_steps=43125, accuracy=0.9883999824523926)
EpochMetrics(epoch=116, total_rounds=1423, total_fda_steps=43500, accuracy=0.9894000291824341)
EpochMetrics(epoch=117, total_rounds=1436, total_fda_steps=43875, accuracy=0.9884999990463257)
EpochMetrics(epoch=118, total_rounds=1444, total_fda_steps=44250, accuracy=0.9889000058174133)
EpochMetrics(epoch=119, total_rounds=1451, total_fda_steps=44625, accuracy=0.9890999794006348)
EpochMetrics(epoch=120, total_rounds=1467, total_fda_steps=45000, accuracy=0.9886000156402588)
EpochMetrics(epoch=121, total_rounds=1471, total_fda_steps=45375, accuracy=0.9882000088691711)
EpochMetrics(epoch=122, total_rounds=1473, total_fda_steps=45750, accuracy=0.9894000291824341)
EpochMetrics(epoch=123, total_rounds=1474, total_fda_steps=46125, accuracy=0.9890999794006348)
EpochMetrics(epoch=124, total_rounds=1489, total_fda_steps=46500, accuracy=0.9882000088691711)
EpochMetrics(epoch=125, total_rounds=1496, total_fda_steps=46875, accuracy=0.9889000058174133)
EpochMetrics(epoch=126, total_rounds=1505, total_fda_steps=47250, accuracy=0.9879999756813049)
EpochMetrics(epoch=127, total_rounds=1525, total_fda_steps=47625, accuracy=0.9886999726295471)
EpochMetrics(epoch=128, total_rounds=1542, total_fda_steps=48000, accuracy=0.9883000254631042)
EpochMetrics(epoch=129, total_rounds=1546, total_fda_steps=48375, accuracy=0.9889000058174133)
EpochMetrics(epoch=130, total_rounds=1550, total_fda_steps=48750, accuracy=0.989300012588501)
EpochMetrics(epoch=131, total_rounds=1556, total_fda_steps=49125, accuracy=0.9887999892234802)
EpochMetrics(epoch=132, total_rounds=1569, total_fda_steps=49500, accuracy=0.9890999794006348)
EpochMetrics(epoch=133, total_rounds=1579, total_fda_steps=49875, accuracy=0.9887999892234802)
EpochMetrics(epoch=134, total_rounds=1600, total_fda_steps=50250, accuracy=0.9883000254631042)
EpochMetrics(epoch=135, total_rounds=1611, total_fda_steps=50625, accuracy=0.9879000186920166)
EpochMetrics(epoch=136, total_rounds=1620, total_fda_steps=51000, accuracy=0.9887999892234802)
EpochMetrics(epoch=137, total_rounds=1629, total_fda_steps=51375, accuracy=0.9890000224113464)
EpochMetrics(epoch=138, total_rounds=1632, total_fda_steps=51750, accuracy=0.988099992275238)
EpochMetrics(epoch=139, total_rounds=1641, total_fda_steps=52125, accuracy=0.9889000058174133)
EpochMetrics(epoch=140, total_rounds=1652, total_fda_steps=52500, accuracy=0.9889000058174133)
EpochMetrics(epoch=141, total_rounds=1659, total_fda_steps=52875, accuracy=0.9890999794006348)
EpochMetrics(epoch=142, total_rounds=1672, total_fda_steps=53250, accuracy=0.988099992275238)
EpochMetrics(epoch=143, total_rounds=1679, total_fda_steps=53625, accuracy=0.9890999794006348)
EpochMetrics(epoch=144, total_rounds=1690, total_fda_steps=54000, accuracy=0.9886000156402588)
EpochMetrics(epoch=145, total_rounds=1705, total_fda_steps=54375, accuracy=0.9883999824523926)
EpochMetrics(epoch=146, total_rounds=1716, total_fda_steps=54750, accuracy=0.9876999855041504)
EpochMetrics(epoch=147, total_rounds=1727, total_fda_steps=55125, accuracy=0.9887999892234802)
EpochMetrics(epoch=148, total_rounds=1731, total_fda_steps=55500, accuracy=0.989300012588501)
EpochMetrics(epoch=149, total_rounds=1734, total_fda_steps=55875, accuracy=0.989300012588501)
EpochMetrics(epoch=150, total_rounds=1734, total_fda_steps=56250, accuracy=0.9897000193595886)
EpochMetrics(epoch=151, total_rounds=1734, total_fda_steps=56625, accuracy=0.9897000193595886)
EpochMetrics(epoch=152, total_rounds=1734, total_fda_steps=57000, accuracy=0.9900000095367432)
EpochMetrics(epoch=153, total_rounds=1734, total_fda_steps=57375, accuracy=0.989799976348877)
EpochMetrics(epoch=154, total_rounds=1734, total_fda_steps=57750, accuracy=0.9900000095367432)
EpochMetrics(epoch=155, total_rounds=1734, total_fda_steps=58125, accuracy=0.989799976348877)
EpochMetrics(epoch=156, total_rounds=1734, total_fda_steps=58500, accuracy=0.9897000193595886)
EpochMetrics(epoch=157, total_rounds=1734, total_fda_steps=58875, accuracy=0.9901000261306763)
EpochMetrics(epoch=158, total_rounds=1734, total_fda_steps=59250, accuracy=0.9900000095367432)
EpochMetrics(epoch=159, total_rounds=1734, total_fda_steps=59625, accuracy=0.9901000261306763)
EpochMetrics(epoch=160, total_rounds=1735, total_fda_steps=60000, accuracy=0.9897000193595886)
EpochMetrics(epoch=161, total_rounds=1735, total_fda_steps=60375, accuracy=0.9900000095367432)
EpochMetrics(epoch=162, total_rounds=1781, total_fda_steps=60750, accuracy=0.987500011920929)
EpochMetrics(epoch=163, total_rounds=1802, total_fda_steps=61125, accuracy=0.9887999892234802)
EpochMetrics(epoch=164, total_rounds=1817, total_fda_steps=61500, accuracy=0.9879999756813049)
EpochMetrics(epoch=165, total_rounds=1825, total_fda_steps=61875, accuracy=0.9886000156402588)
EpochMetrics(epoch=166, total_rounds=1841, total_fda_steps=62250, accuracy=0.9876999855041504)
EpochMetrics(epoch=167, total_rounds=1851, total_fda_steps=62625, accuracy=0.9883000254631042)
EpochMetrics(epoch=168, total_rounds=1857, total_fda_steps=63000, accuracy=0.9883000254631042)
EpochMetrics(epoch=169, total_rounds=1863, total_fda_steps=63375, accuracy=0.9884999990463257)
EpochMetrics(epoch=170, total_rounds=1875, total_fda_steps=63750, accuracy=0.9886999726295471)
EpochMetrics(epoch=171, total_rounds=1880, total_fda_steps=64125, accuracy=0.9897000193595886)
EpochMetrics(epoch=172, total_rounds=1881, total_fda_steps=64500, accuracy=0.9897000193595886)
EpochMetrics(epoch=173, total_rounds=1881, total_fda_steps=64875, accuracy=0.9898999929428101)
EpochMetrics(epoch=174, total_rounds=1881, total_fda_steps=65250, accuracy=0.9898999929428101)
EpochMetrics(epoch=175, total_rounds=1885, total_fda_steps=65625, accuracy=0.9891999959945679)
EpochMetrics(epoch=176, total_rounds=1897, total_fda_steps=66000, accuracy=0.989799976348877)
EpochMetrics(epoch=177, total_rounds=1917, total_fda_steps=66375, accuracy=0.9884999990463257)
EpochMetrics(epoch=178, total_rounds=1936, total_fda_steps=66750, accuracy=0.9887999892234802)
EpochMetrics(epoch=179, total_rounds=1950, total_fda_steps=67125, accuracy=0.989799976348877)
EpochMetrics(epoch=180, total_rounds=1964, total_fda_steps=67500, accuracy=0.9894999861717224)
EpochMetrics(epoch=181, total_rounds=1968, total_fda_steps=67875, accuracy=0.9890000224113464)
EpochMetrics(epoch=182, total_rounds=1975, total_fda_steps=68250, accuracy=0.9897000193595886)
EpochMetrics(epoch=183, total_rounds=1983, total_fda_steps=68625, accuracy=0.9890000224113464)
EpochMetrics(epoch=184, total_rounds=1989, total_fda_steps=69000, accuracy=0.9887999892234802)
EpochMetrics(epoch=185, total_rounds=2003, total_fda_steps=69375, accuracy=0.9890999794006348)
EpochMetrics(epoch=186, total_rounds=2014, total_fda_steps=69750, accuracy=0.9896000027656555)
EpochMetrics(epoch=187, total_rounds=2026, total_fda_steps=70125, accuracy=0.9897000193595886)
EpochMetrics(epoch=188, total_rounds=2036, total_fda_steps=70500, accuracy=0.9896000027656555)
EpochMetrics(epoch=189, total_rounds=2048, total_fda_steps=70875, accuracy=0.9890000224113464)
EpochMetrics(epoch=190, total_rounds=2058, total_fda_steps=71250, accuracy=0.9889000058174133)
EpochMetrics(epoch=191, total_rounds=2064, total_fda_steps=71625, accuracy=0.9887999892234802)
EpochMetrics(epoch=192, total_rounds=2079, total_fda_steps=72000, accuracy=0.9884999990463257)
EpochMetrics(epoch=193, total_rounds=2084, total_fda_steps=72375, accuracy=0.9894999861717224)
EpochMetrics(epoch=194, total_rounds=2089, total_fda_steps=72750, accuracy=0.9890999794006348)
EpochMetrics(epoch=195, total_rounds=2091, total_fda_steps=73125, accuracy=0.9890000224113464)
EpochMetrics(epoch=196, total_rounds=2104, total_fda_steps=73500, accuracy=0.9887999892234802)
EpochMetrics(epoch=197, total_rounds=2119, total_fda_steps=73875, accuracy=0.9882000088691711)
EpochMetrics(epoch=198, total_rounds=2132, total_fda_steps=74250, accuracy=0.9891999959945679)
EpochMetrics(epoch=199, total_rounds=2143, total_fda_steps=74625, accuracy=0.9896000027656555)
EpochMetrics(epoch=200, total_rounds=2150, total_fda_steps=75000, accuracy=0.989799976348877)
EpochMetrics(epoch=201, total_rounds=2152, total_fda_steps=75375, accuracy=0.989799976348877)
EpochMetrics(epoch=202, total_rounds=2165, total_fda_steps=75750, accuracy=0.9889000058174133)
EpochMetrics(epoch=203, total_rounds=2176, total_fda_steps=76125, accuracy=0.9889000058174133)
EpochMetrics(epoch=204, total_rounds=2186, total_fda_steps=76500, accuracy=0.9894000291824341)
EpochMetrics(epoch=205, total_rounds=2189, total_fda_steps=76875, accuracy=0.9898999929428101)
EpochMetrics(epoch=206, total_rounds=2190, total_fda_steps=77250, accuracy=0.9897000193595886)
EpochMetrics(epoch=207, total_rounds=2190, total_fda_steps=77625, accuracy=0.989799976348877)
EpochMetrics(epoch=208, total_rounds=2203, total_fda_steps=78000, accuracy=0.9894999861717224)
EpochMetrics(epoch=209, total_rounds=2216, total_fda_steps=78375, accuracy=0.989300012588501)
EpochMetrics(epoch=210, total_rounds=2232, total_fda_steps=78750, accuracy=0.9889000058174133)
EpochMetrics(epoch=211, total_rounds=2245, total_fda_steps=79125, accuracy=0.9889000058174133)
EpochMetrics(epoch=212, total_rounds=2257, total_fda_steps=79500, accuracy=0.9890000224113464)
EpochMetrics(epoch=213, total_rounds=2263, total_fda_steps=79875, accuracy=0.9883000254631042)
EpochMetrics(epoch=214, total_rounds=2266, total_fda_steps=80250, accuracy=0.9891999959945679)
EpochMetrics(epoch=215, total_rounds=2267, total_fda_steps=80625, accuracy=0.9891999959945679)
EpochMetrics(epoch=216, total_rounds=2267, total_fda_steps=81000, accuracy=0.9891999959945679)
EpochMetrics(epoch=217, total_rounds=2267, total_fda_steps=81375, accuracy=0.9889000058174133)
EpochMetrics(epoch=218, total_rounds=2267, total_fda_steps=81750, accuracy=0.9889000058174133)
EpochMetrics(epoch=219, total_rounds=2267, total_fda_steps=82125, accuracy=0.9890000224113464)
EpochMetrics(epoch=220, total_rounds=2267, total_fda_steps=82500, accuracy=0.9890999794006348)
EpochMetrics(epoch=221, total_rounds=2267, total_fda_steps=82875, accuracy=0.9890000224113464)
EpochMetrics(epoch=222, total_rounds=2267, total_fda_steps=83250, accuracy=0.9890000224113464)
EpochMetrics(epoch=223, total_rounds=2267, total_fda_steps=83625, accuracy=0.9890000224113464)
EpochMetrics(epoch=224, total_rounds=2267, total_fda_steps=84000, accuracy=0.9891999959945679)
EpochMetrics(epoch=225, total_rounds=2267, total_fda_steps=84375, accuracy=0.9891999959945679)
EpochMetrics(epoch=226, total_rounds=2267, total_fda_steps=84750, accuracy=0.9891999959945679)
EpochMetrics(epoch=227, total_rounds=2268, total_fda_steps=85125, accuracy=0.9894000291824341)
EpochMetrics(epoch=228, total_rounds=2268, total_fda_steps=85500, accuracy=0.989300012588501)
EpochMetrics(epoch=229, total_rounds=2269, total_fda_steps=85875, accuracy=0.9894999861717224)
EpochMetrics(epoch=230, total_rounds=2289, total_fda_steps=86250, accuracy=0.987500011920929)
EpochMetrics(epoch=231, total_rounds=2328, total_fda_steps=86625, accuracy=0.9884999990463257)
EpochMetrics(epoch=232, total_rounds=2335, total_fda_steps=87000, accuracy=0.9890000224113464)
EpochMetrics(epoch=233, total_rounds=2338, total_fda_steps=87375, accuracy=0.9882000088691711)
EpochMetrics(epoch=234, total_rounds=2348, total_fda_steps=87750, accuracy=0.9876000285148621)
EpochMetrics(epoch=235, total_rounds=2360, total_fda_steps=88125, accuracy=0.9873999953269958)
EpochMetrics(epoch=236, total_rounds=2373, total_fda_steps=88500, accuracy=0.9883000254631042)
EpochMetrics(epoch=237, total_rounds=2377, total_fda_steps=88875, accuracy=0.988099992275238)
EpochMetrics(epoch=238, total_rounds=2378, total_fda_steps=89250, accuracy=0.9882000088691711)
EpochMetrics(epoch=239, total_rounds=2378, total_fda_steps=89625, accuracy=0.9883000254631042)
EpochMetrics(epoch=240, total_rounds=2384, total_fda_steps=90000, accuracy=0.9879000186920166)
EpochMetrics(epoch=241, total_rounds=2391, total_fda_steps=90375, accuracy=0.9871000051498413)
EpochMetrics(epoch=242, total_rounds=2403, total_fda_steps=90750, accuracy=0.9889000058174133)
EpochMetrics(epoch=243, total_rounds=2406, total_fda_steps=91125, accuracy=0.9890999794006348)
EpochMetrics(epoch=244, total_rounds=2416, total_fda_steps=91500, accuracy=0.9890000224113464)
EpochMetrics(epoch=245, total_rounds=2436, total_fda_steps=91875, accuracy=0.9886000156402588)
EpochMetrics(epoch=246, total_rounds=2442, total_fda_steps=92250, accuracy=0.989300012588501)
EpochMetrics(epoch=247, total_rounds=2446, total_fda_steps=92625, accuracy=0.9894000291824341)
EpochMetrics(epoch=248, total_rounds=2448, total_fda_steps=93000, accuracy=0.9894000291824341)
EpochMetrics(epoch=249, total_rounds=2448, total_fda_steps=93375, accuracy=0.9891999959945679)
EpochMetrics(epoch=250, total_rounds=2448, total_fda_steps=93750, accuracy=0.9891999959945679)
EpochMetrics(epoch=251, total_rounds=2448, total_fda_steps=94125, accuracy=0.9891999959945679)
EpochMetrics(epoch=252, total_rounds=2448, total_fda_steps=94500, accuracy=0.9891999959945679)
EpochMetrics(epoch=253, total_rounds=2448, total_fda_steps=94875, accuracy=0.989300012588501)
EpochMetrics(epoch=254, total_rounds=2448, total_fda_steps=95250, accuracy=0.9894999861717224)
EpochMetrics(epoch=255, total_rounds=2448, total_fda_steps=95625, accuracy=0.9894000291824341)
EpochMetrics(epoch=256, total_rounds=2448, total_fda_steps=96000, accuracy=0.9894000291824341)
EpochMetrics(epoch=257, total_rounds=2454, total_fda_steps=96375, accuracy=0.9883000254631042)
EpochMetrics(epoch=258, total_rounds=2476, total_fda_steps=96750, accuracy=0.9879999756813049)
EpochMetrics(epoch=259, total_rounds=2509, total_fda_steps=97125, accuracy=0.9879000186920166)
EpochMetrics(epoch=260, total_rounds=2519, total_fda_steps=97500, accuracy=0.9890999794006348)
EpochMetrics(epoch=261, total_rounds=2527, total_fda_steps=97875, accuracy=0.989300012588501)
EpochMetrics(epoch=262, total_rounds=2537, total_fda_steps=98250, accuracy=0.9883000254631042)
EpochMetrics(epoch=263, total_rounds=2549, total_fda_steps=98625, accuracy=0.9876999855041504)
EpochMetrics(epoch=264, total_rounds=2554, total_fda_steps=99000, accuracy=0.9891999959945679)
EpochMetrics(epoch=265, total_rounds=2554, total_fda_steps=99375, accuracy=0.989300012588501)
EpochMetrics(epoch=266, total_rounds=2554, total_fda_steps=99750, accuracy=0.9894000291824341)
EpochMetrics(epoch=267, total_rounds=2554, total_fda_steps=100125, accuracy=0.9896000027656555)
EpochMetrics(epoch=268, total_rounds=2555, total_fda_steps=100500, accuracy=0.989300012588501)
EpochMetrics(epoch=269, total_rounds=2555, total_fda_steps=100875, accuracy=0.9890999794006348)
EpochMetrics(epoch=270, total_rounds=2555, total_fda_steps=101250, accuracy=0.9889000058174133)
EpochMetrics(epoch=271, total_rounds=2555, total_fda_steps=101625, accuracy=0.9890999794006348)
EpochMetrics(epoch=272, total_rounds=2555, total_fda_steps=102000, accuracy=0.9891999959945679)
EpochMetrics(epoch=273, total_rounds=2555, total_fda_steps=102375, accuracy=0.9894999861717224)
EpochMetrics(epoch=274, total_rounds=2555, total_fda_steps=102750, accuracy=0.9894999861717224)
EpochMetrics(epoch=275, total_rounds=2555, total_fda_steps=103125, accuracy=0.9894000291824341)
EpochMetrics(epoch=276, total_rounds=2555, total_fda_steps=103500, accuracy=0.9894000291824341)
EpochMetrics(epoch=277, total_rounds=2555, total_fda_steps=103875, accuracy=0.9894999861717224)
EpochMetrics(epoch=278, total_rounds=2555, total_fda_steps=104250, accuracy=0.9894999861717224)
EpochMetrics(epoch=279, total_rounds=2556, total_fda_steps=104625, accuracy=0.989300012588501)
EpochMetrics(epoch=280, total_rounds=2594, total_fda_steps=105000, accuracy=0.9894000291824341)
EpochMetrics(epoch=281, total_rounds=2613, total_fda_steps=105375, accuracy=0.9883000254631042)
EpochMetrics(epoch=282, total_rounds=2631, total_fda_steps=105750, accuracy=0.9882000088691711)
EpochMetrics(epoch=283, total_rounds=2642, total_fda_steps=106125, accuracy=0.9879000186920166)
EpochMetrics(epoch=284, total_rounds=2659, total_fda_steps=106500, accuracy=0.9884999990463257)
EpochMetrics(epoch=285, total_rounds=2667, total_fda_steps=106875, accuracy=0.9883999824523926)
EpochMetrics(epoch=286, total_rounds=2674, total_fda_steps=107250, accuracy=0.9889000058174133)
EpochMetrics(epoch=287, total_rounds=2675, total_fda_steps=107625, accuracy=0.9887999892234802)
EpochMetrics(epoch=288, total_rounds=2675, total_fda_steps=108000, accuracy=0.9886999726295471)
EpochMetrics(epoch=289, total_rounds=2675, total_fda_steps=108375, accuracy=0.9886000156402588)
EpochMetrics(epoch=290, total_rounds=2675, total_fda_steps=108750, accuracy=0.9887999892234802)
EpochMetrics(epoch=291, total_rounds=2675, total_fda_steps=109125, accuracy=0.9886999726295471)
EpochMetrics(epoch=292, total_rounds=2675, total_fda_steps=109500, accuracy=0.9889000058174133)
EpochMetrics(epoch=293, total_rounds=2675, total_fda_steps=109875, accuracy=0.9890999794006348)
EpochMetrics(epoch=294, total_rounds=2675, total_fda_steps=110250, accuracy=0.9890000224113464)
EpochMetrics(epoch=295, total_rounds=2696, total_fda_steps=110625, accuracy=0.9886000156402588)
EpochMetrics(epoch=296, total_rounds=2718, total_fda_steps=111000, accuracy=0.9879000186920166)
EpochMetrics(epoch=297, total_rounds=2727, total_fda_steps=111375, accuracy=0.9882000088691711)
EpochMetrics(epoch=298, total_rounds=2738, total_fda_steps=111750, accuracy=0.9887999892234802)
EpochMetrics(epoch=299, total_rounds=2740, total_fda_steps=112125, accuracy=0.9883999824523926)
EpochMetrics(epoch=300, total_rounds=2741, total_fda_steps=112500, accuracy=0.9890000224113464)
EpochMetrics(epoch=301, total_rounds=2741, total_fda_steps=112875, accuracy=0.9890000224113464)
EpochMetrics(epoch=302, total_rounds=2741, total_fda_steps=113250, accuracy=0.9890999794006348)
EpochMetrics(epoch=303, total_rounds=2741, total_fda_steps=113625, accuracy=0.9890000224113464)
EpochMetrics(epoch=304, total_rounds=2741, total_fda_steps=114000, accuracy=0.9890999794006348)
EpochMetrics(epoch=305, total_rounds=2741, total_fda_steps=114375, accuracy=0.9890999794006348)
EpochMetrics(epoch=306, total_rounds=2741, total_fda_steps=114750, accuracy=0.9891999959945679)
EpochMetrics(epoch=307, total_rounds=2741, total_fda_steps=115125, accuracy=0.9890999794006348)
EpochMetrics(epoch=308, total_rounds=2741, total_fda_steps=115500, accuracy=0.9890999794006348)
EpochMetrics(epoch=309, total_rounds=2741, total_fda_steps=115875, accuracy=0.9890999794006348)
EpochMetrics(epoch=310, total_rounds=2754, total_fda_steps=116250, accuracy=0.9868999719619751)
EpochMetrics(epoch=311, total_rounds=2786, total_fda_steps=116625, accuracy=0.9879999756813049)
EpochMetrics(epoch=312, total_rounds=2801, total_fda_steps=117000, accuracy=0.9882000088691711)
EpochMetrics(epoch=313, total_rounds=2808, total_fda_steps=117375, accuracy=0.9886000156402588)
EpochMetrics(epoch=314, total_rounds=2812, total_fda_steps=117750, accuracy=0.9886000156402588)
EpochMetrics(epoch=315, total_rounds=2812, total_fda_steps=118125, accuracy=0.9887999892234802)
EpochMetrics(epoch=316, total_rounds=2813, total_fda_steps=118500, accuracy=0.9889000058174133)
EpochMetrics(epoch=317, total_rounds=2828, total_fda_steps=118875, accuracy=0.9890000224113464)
EpochMetrics(epoch=318, total_rounds=2846, total_fda_steps=119250, accuracy=0.9884999990463257)
EpochMetrics(epoch=319, total_rounds=2863, total_fda_steps=119625, accuracy=0.9876000285148621)
EpochMetrics(epoch=320, total_rounds=2877, total_fda_steps=120000, accuracy=0.9882000088691711)
EpochMetrics(epoch=321, total_rounds=2888, total_fda_steps=120375, accuracy=0.9878000020980835)
EpochMetrics(epoch=322, total_rounds=2892, total_fda_steps=120750, accuracy=0.987500011920929)
EpochMetrics(epoch=323, total_rounds=2894, total_fda_steps=121125, accuracy=0.9872999787330627)
EpochMetrics(epoch=324, total_rounds=2901, total_fda_steps=121500, accuracy=0.9876000285148621)
EpochMetrics(epoch=325, total_rounds=2911, total_fda_steps=121875, accuracy=0.9876999855041504)
EpochMetrics(epoch=326, total_rounds=2923, total_fda_steps=122250, accuracy=0.9882000088691711)
EpochMetrics(epoch=327, total_rounds=2926, total_fda_steps=122625, accuracy=0.9882000088691711)
EpochMetrics(epoch=328, total_rounds=2939, total_fda_steps=123000, accuracy=0.9886000156402588)
EpochMetrics(epoch=329, total_rounds=2950, total_fda_steps=123375, accuracy=0.9879000186920166)
EpochMetrics(epoch=330, total_rounds=2953, total_fda_steps=123750, accuracy=0.9879000186920166)
EpochMetrics(epoch=331, total_rounds=2962, total_fda_steps=124125, accuracy=0.9876999855041504)
EpochMetrics(epoch=332, total_rounds=2963, total_fda_steps=124500, accuracy=0.9882000088691711)
EpochMetrics(epoch=333, total_rounds=2967, total_fda_steps=124875, accuracy=0.9882000088691711)
EpochMetrics(epoch=334, total_rounds=2977, total_fda_steps=125250, accuracy=0.9879000186920166)
EpochMetrics(epoch=335, total_rounds=2978, total_fda_steps=125625, accuracy=0.988099992275238)
EpochMetrics(epoch=336, total_rounds=2978, total_fda_steps=126000, accuracy=0.9879999756813049)
EpochMetrics(epoch=337, total_rounds=2978, total_fda_steps=126375, accuracy=0.988099992275238)
EpochMetrics(epoch=338, total_rounds=2978, total_fda_steps=126750, accuracy=0.9882000088691711)
EpochMetrics(epoch=339, total_rounds=2978, total_fda_steps=127125, accuracy=0.988099992275238)
EpochMetrics(epoch=340, total_rounds=2978, total_fda_steps=127500, accuracy=0.988099992275238)
EpochMetrics(epoch=341, total_rounds=2978, total_fda_steps=127875, accuracy=0.9882000088691711)
EpochMetrics(epoch=342, total_rounds=2978, total_fda_steps=128250, accuracy=0.9882000088691711)
EpochMetrics(epoch=343, total_rounds=2978, total_fda_steps=128625, accuracy=0.9886000156402588)
EpochMetrics(epoch=344, total_rounds=2978, total_fda_steps=129000, accuracy=0.9886000156402588)
EpochMetrics(epoch=345, total_rounds=2978, total_fda_steps=129375, accuracy=0.9886000156402588)
EpochMetrics(epoch=346, total_rounds=2978, total_fda_steps=129750, accuracy=0.9886000156402588)
EpochMetrics(epoch=347, total_rounds=2979, total_fda_steps=130125, accuracy=0.9887999892234802)
EpochMetrics(epoch=348, total_rounds=2979, total_fda_steps=130500, accuracy=0.9886999726295471)
EpochMetrics(epoch=349, total_rounds=2979, total_fda_steps=130875, accuracy=0.9890000224113464)
EpochMetrics(epoch=350, total_rounds=2998, total_fda_steps=131250, accuracy=0.9886999726295471)

------------ Finished Testing : ------------
NN name : LeNet-5
FDA name : sketch
Num Clients : 5
Batch size : 32
Num Epochs : 350
Number of steps until we check RTC : 1
Theta : 0.5
Total simulation time: 93896.73642897606 sec
-----------------------------------------

