Num GPUs Available:  1

------------ Current Test : ------------
NN name : LeNet-5
FDA name : linear
Num Clients : 10
Batch size : 32
Num Epochs : 350
Number of steps until we check RTC : 1
Theta : 0.5
-----------------------------------------

EpochMetrics(epoch=1, total_rounds=12, total_fda_steps=188, accuracy=0.9142000079154968)
EpochMetrics(epoch=2, total_rounds=22, total_fda_steps=375, accuracy=0.9380999803543091)
EpochMetrics(epoch=3, total_rounds=30, total_fda_steps=563, accuracy=0.9488000273704529)
EpochMetrics(epoch=4, total_rounds=39, total_fda_steps=750, accuracy=0.9602000117301941)
EpochMetrics(epoch=5, total_rounds=48, total_fda_steps=938, accuracy=0.9650999903678894)
EpochMetrics(epoch=6, total_rounds=56, total_fda_steps=1125, accuracy=0.9700999855995178)
EpochMetrics(epoch=7, total_rounds=64, total_fda_steps=1313, accuracy=0.9713000059127808)
EpochMetrics(epoch=8, total_rounds=72, total_fda_steps=1500, accuracy=0.973800003528595)
EpochMetrics(epoch=9, total_rounds=81, total_fda_steps=1688, accuracy=0.9764999747276306)
EpochMetrics(epoch=10, total_rounds=89, total_fda_steps=1875, accuracy=0.9782000184059143)
EpochMetrics(epoch=11, total_rounds=97, total_fda_steps=2063, accuracy=0.9793000221252441)
EpochMetrics(epoch=12, total_rounds=106, total_fda_steps=2250, accuracy=0.9814000129699707)
EpochMetrics(epoch=13, total_rounds=114, total_fda_steps=2438, accuracy=0.9815000295639038)
EpochMetrics(epoch=14, total_rounds=122, total_fda_steps=2625, accuracy=0.9821000099182129)
EpochMetrics(epoch=15, total_rounds=131, total_fda_steps=2813, accuracy=0.9824000000953674)
EpochMetrics(epoch=16, total_rounds=139, total_fda_steps=3000, accuracy=0.9828000068664551)
EpochMetrics(epoch=17, total_rounds=147, total_fda_steps=3188, accuracy=0.9836999773979187)
EpochMetrics(epoch=18, total_rounds=155, total_fda_steps=3375, accuracy=0.9847000241279602)
EpochMetrics(epoch=19, total_rounds=163, total_fda_steps=3563, accuracy=0.984499990940094)
EpochMetrics(epoch=20, total_rounds=172, total_fda_steps=3750, accuracy=0.9840999841690063)
EpochMetrics(epoch=21, total_rounds=180, total_fda_steps=3938, accuracy=0.9847999811172485)
EpochMetrics(epoch=22, total_rounds=188, total_fda_steps=4125, accuracy=0.9854999780654907)
EpochMetrics(epoch=23, total_rounds=195, total_fda_steps=4313, accuracy=0.9846000075340271)
EpochMetrics(epoch=24, total_rounds=203, total_fda_steps=4500, accuracy=0.9843000173568726)
EpochMetrics(epoch=25, total_rounds=211, total_fda_steps=4688, accuracy=0.9854999780654907)
EpochMetrics(epoch=26, total_rounds=220, total_fda_steps=4875, accuracy=0.9868000149726868)
EpochMetrics(epoch=27, total_rounds=228, total_fda_steps=5063, accuracy=0.9861000180244446)
EpochMetrics(epoch=28, total_rounds=236, total_fda_steps=5250, accuracy=0.9861000180244446)
EpochMetrics(epoch=29, total_rounds=244, total_fda_steps=5438, accuracy=0.9854999780654907)
EpochMetrics(epoch=30, total_rounds=251, total_fda_steps=5625, accuracy=0.9871000051498413)
EpochMetrics(epoch=31, total_rounds=259, total_fda_steps=5813, accuracy=0.9860000014305115)
EpochMetrics(epoch=32, total_rounds=267, total_fda_steps=6000, accuracy=0.9878000020980835)
EpochMetrics(epoch=33, total_rounds=275, total_fda_steps=6188, accuracy=0.9873999953269958)
EpochMetrics(epoch=34, total_rounds=283, total_fda_steps=6375, accuracy=0.987500011920929)
EpochMetrics(epoch=35, total_rounds=291, total_fda_steps=6563, accuracy=0.9876999855041504)
EpochMetrics(epoch=36, total_rounds=299, total_fda_steps=6750, accuracy=0.9861999750137329)
EpochMetrics(epoch=37, total_rounds=307, total_fda_steps=6938, accuracy=0.9873999953269958)
EpochMetrics(epoch=38, total_rounds=314, total_fda_steps=7125, accuracy=0.9872000217437744)
EpochMetrics(epoch=39, total_rounds=322, total_fda_steps=7313, accuracy=0.9879999756813049)
EpochMetrics(epoch=40, total_rounds=330, total_fda_steps=7500, accuracy=0.9878000020980835)
EpochMetrics(epoch=41, total_rounds=338, total_fda_steps=7688, accuracy=0.9872000217437744)
EpochMetrics(epoch=42, total_rounds=345, total_fda_steps=7875, accuracy=0.9879000186920166)
EpochMetrics(epoch=43, total_rounds=353, total_fda_steps=8063, accuracy=0.9871000051498413)
EpochMetrics(epoch=44, total_rounds=362, total_fda_steps=8250, accuracy=0.9876000285148621)
EpochMetrics(epoch=45, total_rounds=369, total_fda_steps=8438, accuracy=0.9873999953269958)
EpochMetrics(epoch=46, total_rounds=377, total_fda_steps=8625, accuracy=0.987500011920929)
EpochMetrics(epoch=47, total_rounds=383, total_fda_steps=8813, accuracy=0.987500011920929)
EpochMetrics(epoch=48, total_rounds=391, total_fda_steps=9000, accuracy=0.9876000285148621)
EpochMetrics(epoch=49, total_rounds=400, total_fda_steps=9188, accuracy=0.9872000217437744)
EpochMetrics(epoch=50, total_rounds=407, total_fda_steps=9375, accuracy=0.9871000051498413)
EpochMetrics(epoch=51, total_rounds=415, total_fda_steps=9563, accuracy=0.9866999983787537)
EpochMetrics(epoch=52, total_rounds=422, total_fda_steps=9750, accuracy=0.9868000149726868)
EpochMetrics(epoch=53, total_rounds=431, total_fda_steps=9938, accuracy=0.9873999953269958)
EpochMetrics(epoch=54, total_rounds=438, total_fda_steps=10125, accuracy=0.9872000217437744)
EpochMetrics(epoch=55, total_rounds=445, total_fda_steps=10313, accuracy=0.9871000051498413)
EpochMetrics(epoch=56, total_rounds=451, total_fda_steps=10500, accuracy=0.9872000217437744)
EpochMetrics(epoch=57, total_rounds=459, total_fda_steps=10688, accuracy=0.9868000149726868)
EpochMetrics(epoch=58, total_rounds=467, total_fda_steps=10875, accuracy=0.9871000051498413)
EpochMetrics(epoch=59, total_rounds=473, total_fda_steps=11063, accuracy=0.9868999719619751)
EpochMetrics(epoch=60, total_rounds=480, total_fda_steps=11250, accuracy=0.987500011920929)
EpochMetrics(epoch=61, total_rounds=486, total_fda_steps=11438, accuracy=0.987500011920929)
EpochMetrics(epoch=62, total_rounds=491, total_fda_steps=11625, accuracy=0.9872000217437744)
EpochMetrics(epoch=63, total_rounds=498, total_fda_steps=11813, accuracy=0.9865999817848206)
EpochMetrics(epoch=64, total_rounds=505, total_fda_steps=12000, accuracy=0.9873999953269958)
EpochMetrics(epoch=65, total_rounds=512, total_fda_steps=12188, accuracy=0.9872000217437744)
EpochMetrics(epoch=66, total_rounds=521, total_fda_steps=12375, accuracy=0.9871000051498413)
EpochMetrics(epoch=67, total_rounds=527, total_fda_steps=12563, accuracy=0.9868000149726868)
EpochMetrics(epoch=68, total_rounds=534, total_fda_steps=12750, accuracy=0.9869999885559082)
EpochMetrics(epoch=69, total_rounds=540, total_fda_steps=12938, accuracy=0.9872999787330627)
EpochMetrics(epoch=70, total_rounds=549, total_fda_steps=13125, accuracy=0.9879000186920166)
EpochMetrics(epoch=71, total_rounds=558, total_fda_steps=13313, accuracy=0.9865000247955322)
EpochMetrics(epoch=72, total_rounds=564, total_fda_steps=13500, accuracy=0.9865999817848206)
EpochMetrics(epoch=73, total_rounds=573, total_fda_steps=13688, accuracy=0.986299991607666)
EpochMetrics(epoch=74, total_rounds=579, total_fda_steps=13875, accuracy=0.9861999750137329)
EpochMetrics(epoch=75, total_rounds=587, total_fda_steps=14063, accuracy=0.9872999787330627)
EpochMetrics(epoch=76, total_rounds=593, total_fda_steps=14250, accuracy=0.9876000285148621)
EpochMetrics(epoch=77, total_rounds=599, total_fda_steps=14438, accuracy=0.9876000285148621)
EpochMetrics(epoch=78, total_rounds=606, total_fda_steps=14625, accuracy=0.9872999787330627)
EpochMetrics(epoch=79, total_rounds=615, total_fda_steps=14813, accuracy=0.9876999855041504)
EpochMetrics(epoch=80, total_rounds=622, total_fda_steps=15000, accuracy=0.9869999885559082)
EpochMetrics(epoch=81, total_rounds=628, total_fda_steps=15188, accuracy=0.9869999885559082)
EpochMetrics(epoch=82, total_rounds=636, total_fda_steps=15375, accuracy=0.9865999817848206)
EpochMetrics(epoch=83, total_rounds=642, total_fda_steps=15563, accuracy=0.9872000217437744)
EpochMetrics(epoch=84, total_rounds=648, total_fda_steps=15750, accuracy=0.9868999719619751)
EpochMetrics(epoch=85, total_rounds=654, total_fda_steps=15938, accuracy=0.9873999953269958)
EpochMetrics(epoch=86, total_rounds=660, total_fda_steps=16125, accuracy=0.9873999953269958)
EpochMetrics(epoch=87, total_rounds=668, total_fda_steps=16313, accuracy=0.9865999817848206)
EpochMetrics(epoch=88, total_rounds=673, total_fda_steps=16500, accuracy=0.9868999719619751)
EpochMetrics(epoch=89, total_rounds=679, total_fda_steps=16688, accuracy=0.9871000051498413)
EpochMetrics(epoch=90, total_rounds=685, total_fda_steps=16875, accuracy=0.9864000082015991)
EpochMetrics(epoch=91, total_rounds=692, total_fda_steps=17063, accuracy=0.9872000217437744)
EpochMetrics(epoch=92, total_rounds=699, total_fda_steps=17250, accuracy=0.9866999983787537)
EpochMetrics(epoch=93, total_rounds=704, total_fda_steps=17438, accuracy=0.9871000051498413)
EpochMetrics(epoch=94, total_rounds=712, total_fda_steps=17625, accuracy=0.9865000247955322)
EpochMetrics(epoch=95, total_rounds=720, total_fda_steps=17813, accuracy=0.9864000082015991)
EpochMetrics(epoch=96, total_rounds=726, total_fda_steps=18000, accuracy=0.9868999719619751)
EpochMetrics(epoch=97, total_rounds=734, total_fda_steps=18188, accuracy=0.9872000217437744)
EpochMetrics(epoch=98, total_rounds=739, total_fda_steps=18375, accuracy=0.9868999719619751)
EpochMetrics(epoch=99, total_rounds=750, total_fda_steps=18563, accuracy=0.9873999953269958)
EpochMetrics(epoch=100, total_rounds=758, total_fda_steps=18750, accuracy=0.986299991607666)
EpochMetrics(epoch=101, total_rounds=764, total_fda_steps=18938, accuracy=0.9866999983787537)
EpochMetrics(epoch=102, total_rounds=772, total_fda_steps=19125, accuracy=0.9865999817848206)
EpochMetrics(epoch=103, total_rounds=778, total_fda_steps=19313, accuracy=0.9868999719619751)
EpochMetrics(epoch=104, total_rounds=781, total_fda_steps=19500, accuracy=0.9868999719619751)
EpochMetrics(epoch=105, total_rounds=786, total_fda_steps=19688, accuracy=0.9869999885559082)
EpochMetrics(epoch=106, total_rounds=793, total_fda_steps=19875, accuracy=0.9865999817848206)
EpochMetrics(epoch=107, total_rounds=800, total_fda_steps=20063, accuracy=0.9865000247955322)
EpochMetrics(epoch=108, total_rounds=806, total_fda_steps=20250, accuracy=0.9865000247955322)
EpochMetrics(epoch=109, total_rounds=810, total_fda_steps=20438, accuracy=0.9868000149726868)
EpochMetrics(epoch=110, total_rounds=817, total_fda_steps=20625, accuracy=0.9861999750137329)
EpochMetrics(epoch=111, total_rounds=824, total_fda_steps=20813, accuracy=0.9868000149726868)
EpochMetrics(epoch=112, total_rounds=830, total_fda_steps=21000, accuracy=0.9865000247955322)
EpochMetrics(epoch=113, total_rounds=836, total_fda_steps=21188, accuracy=0.9865000247955322)
EpochMetrics(epoch=114, total_rounds=842, total_fda_steps=21375, accuracy=0.9868000149726868)
EpochMetrics(epoch=115, total_rounds=849, total_fda_steps=21563, accuracy=0.986299991607666)
EpochMetrics(epoch=116, total_rounds=857, total_fda_steps=21750, accuracy=0.9868999719619751)
EpochMetrics(epoch=117, total_rounds=866, total_fda_steps=21938, accuracy=0.9865000247955322)
EpochMetrics(epoch=118, total_rounds=874, total_fda_steps=22125, accuracy=0.9861999750137329)
EpochMetrics(epoch=119, total_rounds=878, total_fda_steps=22313, accuracy=0.9860000014305115)
EpochMetrics(epoch=120, total_rounds=884, total_fda_steps=22500, accuracy=0.9868000149726868)
EpochMetrics(epoch=121, total_rounds=889, total_fda_steps=22688, accuracy=0.9869999885559082)
EpochMetrics(epoch=122, total_rounds=896, total_fda_steps=22875, accuracy=0.9869999885559082)
EpochMetrics(epoch=123, total_rounds=903, total_fda_steps=23063, accuracy=0.9868000149726868)
EpochMetrics(epoch=124, total_rounds=907, total_fda_steps=23250, accuracy=0.9873999953269958)
EpochMetrics(epoch=125, total_rounds=913, total_fda_steps=23438, accuracy=0.9866999983787537)
EpochMetrics(epoch=126, total_rounds=920, total_fda_steps=23625, accuracy=0.9868000149726868)
EpochMetrics(epoch=127, total_rounds=924, total_fda_steps=23813, accuracy=0.9869999885559082)
EpochMetrics(epoch=128, total_rounds=929, total_fda_steps=24000, accuracy=0.9865999817848206)
EpochMetrics(epoch=129, total_rounds=935, total_fda_steps=24188, accuracy=0.9865999817848206)
EpochMetrics(epoch=130, total_rounds=938, total_fda_steps=24375, accuracy=0.9872000217437744)
EpochMetrics(epoch=131, total_rounds=946, total_fda_steps=24563, accuracy=0.9864000082015991)
EpochMetrics(epoch=132, total_rounds=955, total_fda_steps=24750, accuracy=0.9872000217437744)
EpochMetrics(epoch=133, total_rounds=963, total_fda_steps=24938, accuracy=0.9866999983787537)
EpochMetrics(epoch=134, total_rounds=967, total_fda_steps=25125, accuracy=0.9864000082015991)
EpochMetrics(epoch=135, total_rounds=975, total_fda_steps=25313, accuracy=0.9866999983787537)
EpochMetrics(epoch=136, total_rounds=982, total_fda_steps=25500, accuracy=0.9871000051498413)
EpochMetrics(epoch=137, total_rounds=991, total_fda_steps=25688, accuracy=0.9872000217437744)
EpochMetrics(epoch=138, total_rounds=996, total_fda_steps=25875, accuracy=0.9868000149726868)
EpochMetrics(epoch=139, total_rounds=1000, total_fda_steps=26063, accuracy=0.9871000051498413)
EpochMetrics(epoch=140, total_rounds=1003, total_fda_steps=26250, accuracy=0.9868999719619751)
EpochMetrics(epoch=141, total_rounds=1005, total_fda_steps=26438, accuracy=0.9868000149726868)
EpochMetrics(epoch=142, total_rounds=1007, total_fda_steps=26625, accuracy=0.9876000285148621)
EpochMetrics(epoch=143, total_rounds=1012, total_fda_steps=26813, accuracy=0.9868000149726868)
EpochMetrics(epoch=144, total_rounds=1016, total_fda_steps=27000, accuracy=0.9871000051498413)
EpochMetrics(epoch=145, total_rounds=1021, total_fda_steps=27188, accuracy=0.9864000082015991)
EpochMetrics(epoch=146, total_rounds=1024, total_fda_steps=27375, accuracy=0.9869999885559082)
EpochMetrics(epoch=147, total_rounds=1027, total_fda_steps=27563, accuracy=0.9871000051498413)
EpochMetrics(epoch=148, total_rounds=1031, total_fda_steps=27750, accuracy=0.9873999953269958)
EpochMetrics(epoch=149, total_rounds=1038, total_fda_steps=27938, accuracy=0.9869999885559082)
EpochMetrics(epoch=150, total_rounds=1048, total_fda_steps=28125, accuracy=0.9872000217437744)
EpochMetrics(epoch=151, total_rounds=1056, total_fda_steps=28313, accuracy=0.9869999885559082)
EpochMetrics(epoch=152, total_rounds=1063, total_fda_steps=28500, accuracy=0.9872000217437744)
EpochMetrics(epoch=153, total_rounds=1069, total_fda_steps=28688, accuracy=0.9865000247955322)
EpochMetrics(epoch=154, total_rounds=1079, total_fda_steps=28875, accuracy=0.9864000082015991)
EpochMetrics(epoch=155, total_rounds=1089, total_fda_steps=29063, accuracy=0.9865000247955322)
EpochMetrics(epoch=156, total_rounds=1096, total_fda_steps=29250, accuracy=0.9871000051498413)
EpochMetrics(epoch=157, total_rounds=1102, total_fda_steps=29438, accuracy=0.9872000217437744)
EpochMetrics(epoch=158, total_rounds=1106, total_fda_steps=29625, accuracy=0.9871000051498413)
EpochMetrics(epoch=159, total_rounds=1113, total_fda_steps=29813, accuracy=0.9872999787330627)
EpochMetrics(epoch=160, total_rounds=1120, total_fda_steps=30000, accuracy=0.9872999787330627)
EpochMetrics(epoch=161, total_rounds=1125, total_fda_steps=30188, accuracy=0.9868000149726868)
EpochMetrics(epoch=162, total_rounds=1130, total_fda_steps=30375, accuracy=0.9868000149726868)
EpochMetrics(epoch=163, total_rounds=1135, total_fda_steps=30563, accuracy=0.9868999719619751)
EpochMetrics(epoch=164, total_rounds=1140, total_fda_steps=30750, accuracy=0.9869999885559082)
EpochMetrics(epoch=165, total_rounds=1147, total_fda_steps=30938, accuracy=0.9876000285148621)
EpochMetrics(epoch=166, total_rounds=1151, total_fda_steps=31125, accuracy=0.9865000247955322)
EpochMetrics(epoch=167, total_rounds=1151, total_fda_steps=31313, accuracy=0.9872000217437744)
EpochMetrics(epoch=168, total_rounds=1158, total_fda_steps=31500, accuracy=0.986299991607666)
EpochMetrics(epoch=169, total_rounds=1162, total_fda_steps=31688, accuracy=0.9872000217437744)
EpochMetrics(epoch=170, total_rounds=1169, total_fda_steps=31875, accuracy=0.9872999787330627)
EpochMetrics(epoch=171, total_rounds=1174, total_fda_steps=32063, accuracy=0.9868000149726868)
EpochMetrics(epoch=172, total_rounds=1180, total_fda_steps=32250, accuracy=0.9866999983787537)
EpochMetrics(epoch=173, total_rounds=1187, total_fda_steps=32438, accuracy=0.9872000217437744)
EpochMetrics(epoch=174, total_rounds=1192, total_fda_steps=32625, accuracy=0.9861999750137329)
EpochMetrics(epoch=175, total_rounds=1196, total_fda_steps=32813, accuracy=0.986299991607666)
EpochMetrics(epoch=176, total_rounds=1197, total_fda_steps=33000, accuracy=0.9868000149726868)
EpochMetrics(epoch=177, total_rounds=1200, total_fda_steps=33188, accuracy=0.9868000149726868)
EpochMetrics(epoch=178, total_rounds=1204, total_fda_steps=33375, accuracy=0.9868999719619751)
EpochMetrics(epoch=179, total_rounds=1208, total_fda_steps=33563, accuracy=0.9876000285148621)
EpochMetrics(epoch=180, total_rounds=1210, total_fda_steps=33750, accuracy=0.987500011920929)
EpochMetrics(epoch=181, total_rounds=1213, total_fda_steps=33938, accuracy=0.9873999953269958)
EpochMetrics(epoch=182, total_rounds=1215, total_fda_steps=34125, accuracy=0.9872000217437744)
EpochMetrics(epoch=183, total_rounds=1229, total_fda_steps=34313, accuracy=0.9868999719619751)
EpochMetrics(epoch=184, total_rounds=1238, total_fda_steps=34500, accuracy=0.9872000217437744)
EpochMetrics(epoch=185, total_rounds=1244, total_fda_steps=34688, accuracy=0.9868000149726868)
EpochMetrics(epoch=186, total_rounds=1253, total_fda_steps=34875, accuracy=0.9866999983787537)
EpochMetrics(epoch=187, total_rounds=1259, total_fda_steps=35063, accuracy=0.9871000051498413)
EpochMetrics(epoch=188, total_rounds=1268, total_fda_steps=35250, accuracy=0.9866999983787537)
EpochMetrics(epoch=189, total_rounds=1273, total_fda_steps=35438, accuracy=0.9869999885559082)
EpochMetrics(epoch=190, total_rounds=1278, total_fda_steps=35625, accuracy=0.9865999817848206)
EpochMetrics(epoch=191, total_rounds=1283, total_fda_steps=35813, accuracy=0.9868999719619751)
EpochMetrics(epoch=192, total_rounds=1286, total_fda_steps=36000, accuracy=0.9866999983787537)
EpochMetrics(epoch=193, total_rounds=1289, total_fda_steps=36188, accuracy=0.9871000051498413)
EpochMetrics(epoch=194, total_rounds=1292, total_fda_steps=36375, accuracy=0.9872999787330627)
EpochMetrics(epoch=195, total_rounds=1296, total_fda_steps=36563, accuracy=0.9866999983787537)
EpochMetrics(epoch=196, total_rounds=1302, total_fda_steps=36750, accuracy=0.9872000217437744)
EpochMetrics(epoch=197, total_rounds=1306, total_fda_steps=36938, accuracy=0.9869999885559082)
EpochMetrics(epoch=198, total_rounds=1312, total_fda_steps=37125, accuracy=0.9868999719619751)
EpochMetrics(epoch=199, total_rounds=1317, total_fda_steps=37313, accuracy=0.9876000285148621)
EpochMetrics(epoch=200, total_rounds=1320, total_fda_steps=37500, accuracy=0.9871000051498413)
EpochMetrics(epoch=201, total_rounds=1327, total_fda_steps=37688, accuracy=0.9876999855041504)
EpochMetrics(epoch=202, total_rounds=1334, total_fda_steps=37875, accuracy=0.9876000285148621)
EpochMetrics(epoch=203, total_rounds=1340, total_fda_steps=38063, accuracy=0.9872000217437744)
EpochMetrics(epoch=204, total_rounds=1343, total_fda_steps=38250, accuracy=0.9872000217437744)
EpochMetrics(epoch=205, total_rounds=1351, total_fda_steps=38438, accuracy=0.9866999983787537)
EpochMetrics(epoch=206, total_rounds=1358, total_fda_steps=38625, accuracy=0.9873999953269958)
EpochMetrics(epoch=207, total_rounds=1362, total_fda_steps=38813, accuracy=0.9866999983787537)
EpochMetrics(epoch=208, total_rounds=1367, total_fda_steps=39000, accuracy=0.9866999983787537)
EpochMetrics(epoch=209, total_rounds=1372, total_fda_steps=39188, accuracy=0.9871000051498413)
EpochMetrics(epoch=210, total_rounds=1378, total_fda_steps=39375, accuracy=0.9871000051498413)
EpochMetrics(epoch=211, total_rounds=1379, total_fda_steps=39563, accuracy=0.9876999855041504)
EpochMetrics(epoch=212, total_rounds=1380, total_fda_steps=39750, accuracy=0.9879999756813049)
EpochMetrics(epoch=213, total_rounds=1382, total_fda_steps=39938, accuracy=0.987500011920929)
EpochMetrics(epoch=214, total_rounds=1389, total_fda_steps=40125, accuracy=0.9879000186920166)
EpochMetrics(epoch=215, total_rounds=1395, total_fda_steps=40313, accuracy=0.9879999756813049)
EpochMetrics(epoch=216, total_rounds=1401, total_fda_steps=40500, accuracy=0.9873999953269958)
EpochMetrics(epoch=217, total_rounds=1406, total_fda_steps=40688, accuracy=0.9869999885559082)
EpochMetrics(epoch=218, total_rounds=1415, total_fda_steps=40875, accuracy=0.9876999855041504)
EpochMetrics(epoch=219, total_rounds=1424, total_fda_steps=41063, accuracy=0.988099992275238)
EpochMetrics(epoch=220, total_rounds=1433, total_fda_steps=41250, accuracy=0.9872000217437744)
EpochMetrics(epoch=221, total_rounds=1444, total_fda_steps=41438, accuracy=0.9868999719619751)
EpochMetrics(epoch=222, total_rounds=1452, total_fda_steps=41625, accuracy=0.9872000217437744)
EpochMetrics(epoch=223, total_rounds=1458, total_fda_steps=41813, accuracy=0.9872999787330627)
EpochMetrics(epoch=224, total_rounds=1462, total_fda_steps=42000, accuracy=0.9872999787330627)
EpochMetrics(epoch=225, total_rounds=1465, total_fda_steps=42188, accuracy=0.987500011920929)
EpochMetrics(epoch=226, total_rounds=1472, total_fda_steps=42375, accuracy=0.987500011920929)
EpochMetrics(epoch=227, total_rounds=1473, total_fda_steps=42563, accuracy=0.9871000051498413)
EpochMetrics(epoch=228, total_rounds=1474, total_fda_steps=42750, accuracy=0.9872000217437744)
EpochMetrics(epoch=229, total_rounds=1475, total_fda_steps=42938, accuracy=0.9873999953269958)
EpochMetrics(epoch=230, total_rounds=1476, total_fda_steps=43125, accuracy=0.9876000285148621)
EpochMetrics(epoch=231, total_rounds=1477, total_fda_steps=43313, accuracy=0.9879000186920166)
EpochMetrics(epoch=232, total_rounds=1477, total_fda_steps=43500, accuracy=0.9879999756813049)
EpochMetrics(epoch=233, total_rounds=1477, total_fda_steps=43688, accuracy=0.9879000186920166)
EpochMetrics(epoch=234, total_rounds=1477, total_fda_steps=43875, accuracy=0.9879000186920166)
EpochMetrics(epoch=235, total_rounds=1477, total_fda_steps=44063, accuracy=0.9879999756813049)
EpochMetrics(epoch=236, total_rounds=1477, total_fda_steps=44250, accuracy=0.988099992275238)
EpochMetrics(epoch=237, total_rounds=1477, total_fda_steps=44438, accuracy=0.9879999756813049)
EpochMetrics(epoch=238, total_rounds=1477, total_fda_steps=44625, accuracy=0.9879000186920166)
EpochMetrics(epoch=239, total_rounds=1477, total_fda_steps=44813, accuracy=0.9879000186920166)
EpochMetrics(epoch=240, total_rounds=1477, total_fda_steps=45000, accuracy=0.9879000186920166)
EpochMetrics(epoch=241, total_rounds=1477, total_fda_steps=45188, accuracy=0.9879000186920166)
EpochMetrics(epoch=242, total_rounds=1477, total_fda_steps=45375, accuracy=0.9879000186920166)
EpochMetrics(epoch=243, total_rounds=1477, total_fda_steps=45563, accuracy=0.9879000186920166)
EpochMetrics(epoch=244, total_rounds=1478, total_fda_steps=45750, accuracy=0.9876999855041504)
EpochMetrics(epoch=245, total_rounds=1492, total_fda_steps=45938, accuracy=0.987500011920929)
EpochMetrics(epoch=246, total_rounds=1503, total_fda_steps=46125, accuracy=0.9876000285148621)
EpochMetrics(epoch=247, total_rounds=1514, total_fda_steps=46313, accuracy=0.986299991607666)
EpochMetrics(epoch=248, total_rounds=1525, total_fda_steps=46500, accuracy=0.9865000247955322)
EpochMetrics(epoch=249, total_rounds=1538, total_fda_steps=46688, accuracy=0.9861999750137329)
EpochMetrics(epoch=250, total_rounds=1545, total_fda_steps=46875, accuracy=0.9860000014305115)
EpochMetrics(epoch=251, total_rounds=1547, total_fda_steps=47063, accuracy=0.9864000082015991)
EpochMetrics(epoch=252, total_rounds=1553, total_fda_steps=47250, accuracy=0.9871000051498413)
EpochMetrics(epoch=253, total_rounds=1559, total_fda_steps=47438, accuracy=0.9865999817848206)
EpochMetrics(epoch=254, total_rounds=1567, total_fda_steps=47625, accuracy=0.9865999817848206)
EpochMetrics(epoch=255, total_rounds=1574, total_fda_steps=47813, accuracy=0.9868000149726868)
EpochMetrics(epoch=256, total_rounds=1581, total_fda_steps=48000, accuracy=0.9871000051498413)
EpochMetrics(epoch=257, total_rounds=1587, total_fda_steps=48188, accuracy=0.9868999719619751)
EpochMetrics(epoch=258, total_rounds=1594, total_fda_steps=48375, accuracy=0.9868000149726868)
EpochMetrics(epoch=259, total_rounds=1596, total_fda_steps=48563, accuracy=0.9868999719619751)
EpochMetrics(epoch=260, total_rounds=1599, total_fda_steps=48750, accuracy=0.9866999983787537)
EpochMetrics(epoch=261, total_rounds=1603, total_fda_steps=48938, accuracy=0.9869999885559082)
EpochMetrics(epoch=262, total_rounds=1606, total_fda_steps=49125, accuracy=0.9869999885559082)
EpochMetrics(epoch=263, total_rounds=1607, total_fda_steps=49313, accuracy=0.9868000149726868)
EpochMetrics(epoch=264, total_rounds=1607, total_fda_steps=49500, accuracy=0.9868000149726868)
EpochMetrics(epoch=265, total_rounds=1607, total_fda_steps=49688, accuracy=0.9868000149726868)
EpochMetrics(epoch=266, total_rounds=1607, total_fda_steps=49875, accuracy=0.9868000149726868)
EpochMetrics(epoch=267, total_rounds=1607, total_fda_steps=50063, accuracy=0.9868000149726868)
EpochMetrics(epoch=268, total_rounds=1607, total_fda_steps=50250, accuracy=0.9868999719619751)
EpochMetrics(epoch=269, total_rounds=1607, total_fda_steps=50438, accuracy=0.9866999983787537)
EpochMetrics(epoch=270, total_rounds=1607, total_fda_steps=50625, accuracy=0.9866999983787537)
EpochMetrics(epoch=271, total_rounds=1607, total_fda_steps=50813, accuracy=0.9868999719619751)
EpochMetrics(epoch=272, total_rounds=1607, total_fda_steps=51000, accuracy=0.9871000051498413)
EpochMetrics(epoch=273, total_rounds=1607, total_fda_steps=51188, accuracy=0.9871000051498413)
EpochMetrics(epoch=274, total_rounds=1607, total_fda_steps=51375, accuracy=0.9871000051498413)
EpochMetrics(epoch=275, total_rounds=1607, total_fda_steps=51563, accuracy=0.9872000217437744)
EpochMetrics(epoch=276, total_rounds=1607, total_fda_steps=51750, accuracy=0.9872000217437744)
EpochMetrics(epoch=277, total_rounds=1607, total_fda_steps=51938, accuracy=0.9871000051498413)
EpochMetrics(epoch=278, total_rounds=1608, total_fda_steps=52125, accuracy=0.9869999885559082)
EpochMetrics(epoch=279, total_rounds=1615, total_fda_steps=52313, accuracy=0.9865000247955322)
EpochMetrics(epoch=280, total_rounds=1633, total_fda_steps=52500, accuracy=0.9865999817848206)
EpochMetrics(epoch=281, total_rounds=1646, total_fda_steps=52688, accuracy=0.9865000247955322)
EpochMetrics(epoch=282, total_rounds=1655, total_fda_steps=52875, accuracy=0.9868999719619751)
EpochMetrics(epoch=283, total_rounds=1667, total_fda_steps=53063, accuracy=0.9865999817848206)
EpochMetrics(epoch=284, total_rounds=1671, total_fda_steps=53250, accuracy=0.9864000082015991)
EpochMetrics(epoch=285, total_rounds=1679, total_fda_steps=53438, accuracy=0.9868999719619751)
EpochMetrics(epoch=286, total_rounds=1685, total_fda_steps=53625, accuracy=0.9865000247955322)
EpochMetrics(epoch=287, total_rounds=1686, total_fda_steps=53813, accuracy=0.9866999983787537)
EpochMetrics(epoch=288, total_rounds=1690, total_fda_steps=54000, accuracy=0.9868000149726868)
EpochMetrics(epoch=289, total_rounds=1692, total_fda_steps=54188, accuracy=0.9869999885559082)
EpochMetrics(epoch=290, total_rounds=1693, total_fda_steps=54375, accuracy=0.9869999885559082)
EpochMetrics(epoch=291, total_rounds=1693, total_fda_steps=54563, accuracy=0.9872000217437744)
EpochMetrics(epoch=292, total_rounds=1698, total_fda_steps=54750, accuracy=0.9876000285148621)
EpochMetrics(epoch=293, total_rounds=1705, total_fda_steps=54938, accuracy=0.9868999719619751)
EpochMetrics(epoch=294, total_rounds=1711, total_fda_steps=55125, accuracy=0.9869999885559082)
EpochMetrics(epoch=295, total_rounds=1719, total_fda_steps=55313, accuracy=0.9876999855041504)
EpochMetrics(epoch=296, total_rounds=1723, total_fda_steps=55500, accuracy=0.9872000217437744)
EpochMetrics(epoch=297, total_rounds=1726, total_fda_steps=55688, accuracy=0.9872000217437744)
EpochMetrics(epoch=298, total_rounds=1727, total_fda_steps=55875, accuracy=0.9869999885559082)
EpochMetrics(epoch=299, total_rounds=1728, total_fda_steps=56063, accuracy=0.9872000217437744)
EpochMetrics(epoch=300, total_rounds=1729, total_fda_steps=56250, accuracy=0.9871000051498413)
EpochMetrics(epoch=301, total_rounds=1729, total_fda_steps=56438, accuracy=0.9872999787330627)
EpochMetrics(epoch=302, total_rounds=1729, total_fda_steps=56625, accuracy=0.9872999787330627)
EpochMetrics(epoch=303, total_rounds=1729, total_fda_steps=56813, accuracy=0.9872999787330627)
EpochMetrics(epoch=304, total_rounds=1729, total_fda_steps=57000, accuracy=0.9872999787330627)
EpochMetrics(epoch=305, total_rounds=1729, total_fda_steps=57188, accuracy=0.9872000217437744)
EpochMetrics(epoch=306, total_rounds=1729, total_fda_steps=57375, accuracy=0.9872999787330627)
EpochMetrics(epoch=307, total_rounds=1729, total_fda_steps=57563, accuracy=0.9872999787330627)
EpochMetrics(epoch=308, total_rounds=1729, total_fda_steps=57750, accuracy=0.9872999787330627)
EpochMetrics(epoch=309, total_rounds=1729, total_fda_steps=57938, accuracy=0.9872999787330627)
EpochMetrics(epoch=310, total_rounds=1729, total_fda_steps=58125, accuracy=0.9872000217437744)
EpochMetrics(epoch=311, total_rounds=1729, total_fda_steps=58313, accuracy=0.9871000051498413)
EpochMetrics(epoch=312, total_rounds=1729, total_fda_steps=58500, accuracy=0.9872000217437744)
EpochMetrics(epoch=313, total_rounds=1730, total_fda_steps=58688, accuracy=0.9872999787330627)
EpochMetrics(epoch=314, total_rounds=1741, total_fda_steps=58875, accuracy=0.9872999787330627)
EpochMetrics(epoch=315, total_rounds=1757, total_fda_steps=59063, accuracy=0.9871000051498413)
EpochMetrics(epoch=316, total_rounds=1768, total_fda_steps=59250, accuracy=0.9876000285148621)
EpochMetrics(epoch=317, total_rounds=1779, total_fda_steps=59438, accuracy=0.9876000285148621)
EpochMetrics(epoch=318, total_rounds=1792, total_fda_steps=59625, accuracy=0.9876000285148621)
EpochMetrics(epoch=319, total_rounds=1803, total_fda_steps=59813, accuracy=0.9866999983787537)
EpochMetrics(epoch=320, total_rounds=1811, total_fda_steps=60000, accuracy=0.9873999953269958)
EpochMetrics(epoch=321, total_rounds=1817, total_fda_steps=60188, accuracy=0.9868000149726868)
EpochMetrics(epoch=322, total_rounds=1818, total_fda_steps=60375, accuracy=0.987500011920929)
EpochMetrics(epoch=323, total_rounds=1818, total_fda_steps=60563, accuracy=0.9879000186920166)
EpochMetrics(epoch=324, total_rounds=1821, total_fda_steps=60750, accuracy=0.987500011920929)
EpochMetrics(epoch=325, total_rounds=1824, total_fda_steps=60938, accuracy=0.9866999983787537)
EpochMetrics(epoch=326, total_rounds=1827, total_fda_steps=61125, accuracy=0.9866999983787537)
EpochMetrics(epoch=327, total_rounds=1830, total_fda_steps=61313, accuracy=0.9872000217437744)
EpochMetrics(epoch=328, total_rounds=1836, total_fda_steps=61500, accuracy=0.9868999719619751)
EpochMetrics(epoch=329, total_rounds=1847, total_fda_steps=61688, accuracy=0.9869999885559082)
EpochMetrics(epoch=330, total_rounds=1856, total_fda_steps=61875, accuracy=0.9876999855041504)
EpochMetrics(epoch=331, total_rounds=1863, total_fda_steps=62063, accuracy=0.9872000217437744)
EpochMetrics(epoch=332, total_rounds=1869, total_fda_steps=62250, accuracy=0.9878000020980835)
EpochMetrics(epoch=333, total_rounds=1874, total_fda_steps=62438, accuracy=0.987500011920929)
EpochMetrics(epoch=334, total_rounds=1876, total_fda_steps=62625, accuracy=0.9872000217437744)
EpochMetrics(epoch=335, total_rounds=1881, total_fda_steps=62813, accuracy=0.9868000149726868)
EpochMetrics(epoch=336, total_rounds=1885, total_fda_steps=63000, accuracy=0.9868000149726868)
EpochMetrics(epoch=337, total_rounds=1889, total_fda_steps=63188, accuracy=0.9868999719619751)
EpochMetrics(epoch=338, total_rounds=1892, total_fda_steps=63375, accuracy=0.9872999787330627)
EpochMetrics(epoch=339, total_rounds=1895, total_fda_steps=63563, accuracy=0.9873999953269958)
EpochMetrics(epoch=340, total_rounds=1898, total_fda_steps=63750, accuracy=0.9872999787330627)
EpochMetrics(epoch=341, total_rounds=1909, total_fda_steps=63938, accuracy=0.9865999817848206)
EpochMetrics(epoch=342, total_rounds=1910, total_fda_steps=64125, accuracy=0.9869999885559082)
EpochMetrics(epoch=343, total_rounds=1912, total_fda_steps=64313, accuracy=0.9872000217437744)
EpochMetrics(epoch=344, total_rounds=1915, total_fda_steps=64500, accuracy=0.9868000149726868)
EpochMetrics(epoch=345, total_rounds=1917, total_fda_steps=64688, accuracy=0.987500011920929)
EpochMetrics(epoch=346, total_rounds=1918, total_fda_steps=64875, accuracy=0.9876000285148621)
EpochMetrics(epoch=347, total_rounds=1919, total_fda_steps=65063, accuracy=0.9873999953269958)
EpochMetrics(epoch=348, total_rounds=1919, total_fda_steps=65250, accuracy=0.9876000285148621)
EpochMetrics(epoch=349, total_rounds=1919, total_fda_steps=65438, accuracy=0.987500011920929)
EpochMetrics(epoch=350, total_rounds=1923, total_fda_steps=65625, accuracy=0.9879999756813049)

------------ Finished Testing : ------------
NN name : LeNet-5
FDA name : linear
Num Clients : 10
Batch size : 32
Num Epochs : 350
Number of steps until we check RTC : 1
Theta : 0.5
Total simulation time: 79916.08351612091 sec
-----------------------------------------

