Num GPUs Available:  1

------------ Current Test : ------------
NN name : LeNet-5
FDA name : linear
Num Clients : 25
Batch size : 32
Num Epochs : 350
Number of steps until we check RTC : 1
Theta : 0.5
-----------------------------------------

EpochMetrics(epoch=1, total_rounds=6, total_fda_steps=75, accuracy=0.8938999772071838)
EpochMetrics(epoch=2, total_rounds=9, total_fda_steps=150, accuracy=0.9143999814987183)
EpochMetrics(epoch=3, total_rounds=13, total_fda_steps=225, accuracy=0.9261999726295471)
EpochMetrics(epoch=4, total_rounds=16, total_fda_steps=300, accuracy=0.9318000078201294)
EpochMetrics(epoch=5, total_rounds=20, total_fda_steps=375, accuracy=0.9391000270843506)
EpochMetrics(epoch=6, total_rounds=24, total_fda_steps=450, accuracy=0.9449999928474426)
EpochMetrics(epoch=7, total_rounds=27, total_fda_steps=525, accuracy=0.9491000175476074)
EpochMetrics(epoch=8, total_rounds=31, total_fda_steps=600, accuracy=0.9534000158309937)
EpochMetrics(epoch=9, total_rounds=35, total_fda_steps=675, accuracy=0.9580000042915344)
EpochMetrics(epoch=10, total_rounds=38, total_fda_steps=750, accuracy=0.9611999988555908)
EpochMetrics(epoch=11, total_rounds=42, total_fda_steps=825, accuracy=0.963699996471405)
EpochMetrics(epoch=12, total_rounds=46, total_fda_steps=900, accuracy=0.9648000001907349)
EpochMetrics(epoch=13, total_rounds=50, total_fda_steps=975, accuracy=0.9670000076293945)
EpochMetrics(epoch=14, total_rounds=53, total_fda_steps=1050, accuracy=0.9679999947547913)
EpochMetrics(epoch=15, total_rounds=57, total_fda_steps=1125, accuracy=0.9692000150680542)
EpochMetrics(epoch=16, total_rounds=61, total_fda_steps=1200, accuracy=0.9715999960899353)
EpochMetrics(epoch=17, total_rounds=64, total_fda_steps=1275, accuracy=0.9724000096321106)
EpochMetrics(epoch=18, total_rounds=68, total_fda_steps=1350, accuracy=0.9733999967575073)
EpochMetrics(epoch=19, total_rounds=72, total_fda_steps=1425, accuracy=0.9740999937057495)
EpochMetrics(epoch=20, total_rounds=75, total_fda_steps=1500, accuracy=0.9761999845504761)
EpochMetrics(epoch=21, total_rounds=79, total_fda_steps=1575, accuracy=0.9761000275611877)
EpochMetrics(epoch=22, total_rounds=83, total_fda_steps=1650, accuracy=0.9764999747276306)
EpochMetrics(epoch=23, total_rounds=86, total_fda_steps=1725, accuracy=0.9779999852180481)
EpochMetrics(epoch=24, total_rounds=90, total_fda_steps=1800, accuracy=0.9787999987602234)
EpochMetrics(epoch=25, total_rounds=93, total_fda_steps=1875, accuracy=0.979200005531311)
EpochMetrics(epoch=26, total_rounds=97, total_fda_steps=1950, accuracy=0.9789000153541565)
EpochMetrics(epoch=27, total_rounds=100, total_fda_steps=2025, accuracy=0.9797999858856201)
EpochMetrics(epoch=28, total_rounds=104, total_fda_steps=2100, accuracy=0.9799000024795532)
EpochMetrics(epoch=29, total_rounds=108, total_fda_steps=2175, accuracy=0.9817000031471252)
EpochMetrics(epoch=30, total_rounds=111, total_fda_steps=2250, accuracy=0.9815000295639038)
EpochMetrics(epoch=31, total_rounds=115, total_fda_steps=2325, accuracy=0.9824000000953674)
EpochMetrics(epoch=32, total_rounds=119, total_fda_steps=2400, accuracy=0.9819999933242798)
EpochMetrics(epoch=33, total_rounds=122, total_fda_steps=2475, accuracy=0.9824000000953674)
EpochMetrics(epoch=34, total_rounds=126, total_fda_steps=2550, accuracy=0.9825999736785889)
EpochMetrics(epoch=35, total_rounds=129, total_fda_steps=2625, accuracy=0.9825999736785889)
EpochMetrics(epoch=36, total_rounds=133, total_fda_steps=2700, accuracy=0.9836000204086304)
EpochMetrics(epoch=37, total_rounds=136, total_fda_steps=2775, accuracy=0.9833999872207642)
EpochMetrics(epoch=38, total_rounds=140, total_fda_steps=2850, accuracy=0.9843000173568726)
EpochMetrics(epoch=39, total_rounds=143, total_fda_steps=2925, accuracy=0.9842000007629395)
EpochMetrics(epoch=40, total_rounds=147, total_fda_steps=3000, accuracy=0.9839000105857849)
EpochMetrics(epoch=41, total_rounds=150, total_fda_steps=3075, accuracy=0.9843000173568726)
EpochMetrics(epoch=42, total_rounds=154, total_fda_steps=3150, accuracy=0.9843000173568726)
EpochMetrics(epoch=43, total_rounds=157, total_fda_steps=3225, accuracy=0.984499990940094)
EpochMetrics(epoch=44, total_rounds=161, total_fda_steps=3300, accuracy=0.9850000143051147)
EpochMetrics(epoch=45, total_rounds=164, total_fda_steps=3375, accuracy=0.9851999878883362)
EpochMetrics(epoch=46, total_rounds=168, total_fda_steps=3450, accuracy=0.9854999780654907)
EpochMetrics(epoch=47, total_rounds=171, total_fda_steps=3525, accuracy=0.98580002784729)
EpochMetrics(epoch=48, total_rounds=174, total_fda_steps=3600, accuracy=0.9860000014305115)
EpochMetrics(epoch=49, total_rounds=178, total_fda_steps=3675, accuracy=0.9851999878883362)
EpochMetrics(epoch=50, total_rounds=181, total_fda_steps=3750, accuracy=0.9858999848365784)
EpochMetrics(epoch=51, total_rounds=185, total_fda_steps=3825, accuracy=0.9860000014305115)
EpochMetrics(epoch=52, total_rounds=188, total_fda_steps=3900, accuracy=0.9865000247955322)
EpochMetrics(epoch=53, total_rounds=191, total_fda_steps=3975, accuracy=0.9861000180244446)
EpochMetrics(epoch=54, total_rounds=195, total_fda_steps=4050, accuracy=0.9864000082015991)
EpochMetrics(epoch=55, total_rounds=198, total_fda_steps=4125, accuracy=0.9865999817848206)
EpochMetrics(epoch=56, total_rounds=202, total_fda_steps=4200, accuracy=0.9861000180244446)
EpochMetrics(epoch=57, total_rounds=205, total_fda_steps=4275, accuracy=0.9865999817848206)
EpochMetrics(epoch=58, total_rounds=209, total_fda_steps=4350, accuracy=0.9869999885559082)
EpochMetrics(epoch=59, total_rounds=212, total_fda_steps=4425, accuracy=0.9865000247955322)
EpochMetrics(epoch=60, total_rounds=215, total_fda_steps=4500, accuracy=0.9865000247955322)
EpochMetrics(epoch=61, total_rounds=219, total_fda_steps=4575, accuracy=0.9868000149726868)
EpochMetrics(epoch=62, total_rounds=222, total_fda_steps=4650, accuracy=0.9872000217437744)
EpochMetrics(epoch=63, total_rounds=225, total_fda_steps=4725, accuracy=0.9873999953269958)
EpochMetrics(epoch=64, total_rounds=229, total_fda_steps=4800, accuracy=0.9869999885559082)
EpochMetrics(epoch=65, total_rounds=232, total_fda_steps=4875, accuracy=0.9869999885559082)
EpochMetrics(epoch=66, total_rounds=235, total_fda_steps=4950, accuracy=0.9873999953269958)
EpochMetrics(epoch=67, total_rounds=239, total_fda_steps=5025, accuracy=0.9872999787330627)
EpochMetrics(epoch=68, total_rounds=242, total_fda_steps=5100, accuracy=0.9872999787330627)
EpochMetrics(epoch=69, total_rounds=246, total_fda_steps=5175, accuracy=0.9868999719619751)
EpochMetrics(epoch=70, total_rounds=249, total_fda_steps=5250, accuracy=0.9876000285148621)
EpochMetrics(epoch=71, total_rounds=252, total_fda_steps=5325, accuracy=0.9873999953269958)
EpochMetrics(epoch=72, total_rounds=255, total_fda_steps=5400, accuracy=0.9868999719619751)
EpochMetrics(epoch=73, total_rounds=259, total_fda_steps=5475, accuracy=0.9869999885559082)
EpochMetrics(epoch=74, total_rounds=262, total_fda_steps=5550, accuracy=0.987500011920929)
EpochMetrics(epoch=75, total_rounds=265, total_fda_steps=5625, accuracy=0.9871000051498413)
EpochMetrics(epoch=76, total_rounds=268, total_fda_steps=5700, accuracy=0.9873999953269958)
EpochMetrics(epoch=77, total_rounds=271, total_fda_steps=5775, accuracy=0.9872999787330627)
EpochMetrics(epoch=78, total_rounds=275, total_fda_steps=5850, accuracy=0.9868000149726868)
EpochMetrics(epoch=79, total_rounds=278, total_fda_steps=5925, accuracy=0.9871000051498413)
EpochMetrics(epoch=80, total_rounds=281, total_fda_steps=6000, accuracy=0.9868999719619751)
EpochMetrics(epoch=81, total_rounds=284, total_fda_steps=6075, accuracy=0.987500011920929)
EpochMetrics(epoch=82, total_rounds=288, total_fda_steps=6150, accuracy=0.9872999787330627)
EpochMetrics(epoch=83, total_rounds=291, total_fda_steps=6225, accuracy=0.9873999953269958)
EpochMetrics(epoch=84, total_rounds=294, total_fda_steps=6300, accuracy=0.9879000186920166)
EpochMetrics(epoch=85, total_rounds=297, total_fda_steps=6375, accuracy=0.9869999885559082)
EpochMetrics(epoch=86, total_rounds=300, total_fda_steps=6450, accuracy=0.9873999953269958)
EpochMetrics(epoch=87, total_rounds=304, total_fda_steps=6525, accuracy=0.9876000285148621)
EpochMetrics(epoch=88, total_rounds=307, total_fda_steps=6600, accuracy=0.9868000149726868)
EpochMetrics(epoch=89, total_rounds=310, total_fda_steps=6675, accuracy=0.9873999953269958)
EpochMetrics(epoch=90, total_rounds=313, total_fda_steps=6750, accuracy=0.9864000082015991)
EpochMetrics(epoch=91, total_rounds=316, total_fda_steps=6825, accuracy=0.987500011920929)
EpochMetrics(epoch=92, total_rounds=319, total_fda_steps=6900, accuracy=0.9876000285148621)
EpochMetrics(epoch=93, total_rounds=322, total_fda_steps=6975, accuracy=0.9872999787330627)
EpochMetrics(epoch=94, total_rounds=326, total_fda_steps=7050, accuracy=0.9876000285148621)
EpochMetrics(epoch=95, total_rounds=328, total_fda_steps=7125, accuracy=0.9878000020980835)
EpochMetrics(epoch=96, total_rounds=331, total_fda_steps=7200, accuracy=0.9872999787330627)
EpochMetrics(epoch=97, total_rounds=335, total_fda_steps=7275, accuracy=0.9868999719619751)
EpochMetrics(epoch=98, total_rounds=338, total_fda_steps=7350, accuracy=0.9873999953269958)
EpochMetrics(epoch=99, total_rounds=341, total_fda_steps=7425, accuracy=0.987500011920929)
EpochMetrics(epoch=100, total_rounds=344, total_fda_steps=7500, accuracy=0.9873999953269958)
EpochMetrics(epoch=101, total_rounds=347, total_fda_steps=7575, accuracy=0.9878000020980835)
EpochMetrics(epoch=102, total_rounds=351, total_fda_steps=7650, accuracy=0.9876999855041504)
EpochMetrics(epoch=103, total_rounds=354, total_fda_steps=7725, accuracy=0.987500011920929)
EpochMetrics(epoch=104, total_rounds=357, total_fda_steps=7800, accuracy=0.9878000020980835)
EpochMetrics(epoch=105, total_rounds=360, total_fda_steps=7875, accuracy=0.9882000088691711)
EpochMetrics(epoch=106, total_rounds=363, total_fda_steps=7950, accuracy=0.9876999855041504)
EpochMetrics(epoch=107, total_rounds=366, total_fda_steps=8025, accuracy=0.9878000020980835)
EpochMetrics(epoch=108, total_rounds=369, total_fda_steps=8100, accuracy=0.9872999787330627)
EpochMetrics(epoch=109, total_rounds=373, total_fda_steps=8175, accuracy=0.988099992275238)
EpochMetrics(epoch=110, total_rounds=375, total_fda_steps=8250, accuracy=0.9882000088691711)
EpochMetrics(epoch=111, total_rounds=378, total_fda_steps=8325, accuracy=0.9876000285148621)
EpochMetrics(epoch=112, total_rounds=381, total_fda_steps=8400, accuracy=0.988099992275238)
EpochMetrics(epoch=113, total_rounds=384, total_fda_steps=8475, accuracy=0.9879000186920166)
EpochMetrics(epoch=114, total_rounds=387, total_fda_steps=8550, accuracy=0.9882000088691711)
EpochMetrics(epoch=115, total_rounds=390, total_fda_steps=8625, accuracy=0.9879999756813049)
EpochMetrics(epoch=116, total_rounds=393, total_fda_steps=8700, accuracy=0.9879000186920166)
EpochMetrics(epoch=117, total_rounds=396, total_fda_steps=8775, accuracy=0.9879999756813049)
EpochMetrics(epoch=118, total_rounds=399, total_fda_steps=8850, accuracy=0.9876000285148621)
EpochMetrics(epoch=119, total_rounds=401, total_fda_steps=8925, accuracy=0.9876999855041504)
EpochMetrics(epoch=120, total_rounds=405, total_fda_steps=9000, accuracy=0.9879999756813049)
EpochMetrics(epoch=121, total_rounds=408, total_fda_steps=9075, accuracy=0.9878000020980835)
EpochMetrics(epoch=122, total_rounds=411, total_fda_steps=9150, accuracy=0.9882000088691711)
EpochMetrics(epoch=123, total_rounds=414, total_fda_steps=9225, accuracy=0.9882000088691711)
EpochMetrics(epoch=124, total_rounds=417, total_fda_steps=9300, accuracy=0.9878000020980835)
EpochMetrics(epoch=125, total_rounds=420, total_fda_steps=9375, accuracy=0.9883999824523926)
EpochMetrics(epoch=126, total_rounds=423, total_fda_steps=9450, accuracy=0.9882000088691711)
EpochMetrics(epoch=127, total_rounds=426, total_fda_steps=9525, accuracy=0.9883000254631042)
EpochMetrics(epoch=128, total_rounds=429, total_fda_steps=9600, accuracy=0.9879999756813049)
EpochMetrics(epoch=129, total_rounds=432, total_fda_steps=9675, accuracy=0.9873999953269958)
EpochMetrics(epoch=130, total_rounds=435, total_fda_steps=9750, accuracy=0.9879999756813049)
EpochMetrics(epoch=131, total_rounds=438, total_fda_steps=9825, accuracy=0.9883000254631042)
EpochMetrics(epoch=132, total_rounds=441, total_fda_steps=9900, accuracy=0.9876000285148621)
EpochMetrics(epoch=133, total_rounds=444, total_fda_steps=9975, accuracy=0.9879999756813049)
EpochMetrics(epoch=134, total_rounds=447, total_fda_steps=10050, accuracy=0.9882000088691711)
EpochMetrics(epoch=135, total_rounds=449, total_fda_steps=10125, accuracy=0.9884999990463257)
EpochMetrics(epoch=136, total_rounds=452, total_fda_steps=10200, accuracy=0.9883000254631042)
EpochMetrics(epoch=137, total_rounds=455, total_fda_steps=10275, accuracy=0.9883000254631042)
EpochMetrics(epoch=138, total_rounds=457, total_fda_steps=10350, accuracy=0.9878000020980835)
EpochMetrics(epoch=139, total_rounds=460, total_fda_steps=10425, accuracy=0.9876000285148621)
EpochMetrics(epoch=140, total_rounds=463, total_fda_steps=10500, accuracy=0.9878000020980835)
EpochMetrics(epoch=141, total_rounds=465, total_fda_steps=10575, accuracy=0.9876000285148621)
EpochMetrics(epoch=142, total_rounds=468, total_fda_steps=10650, accuracy=0.9876999855041504)
EpochMetrics(epoch=143, total_rounds=471, total_fda_steps=10725, accuracy=0.9876999855041504)
EpochMetrics(epoch=144, total_rounds=474, total_fda_steps=10800, accuracy=0.9878000020980835)
EpochMetrics(epoch=145, total_rounds=477, total_fda_steps=10875, accuracy=0.9879000186920166)
EpochMetrics(epoch=146, total_rounds=479, total_fda_steps=10950, accuracy=0.9876000285148621)
EpochMetrics(epoch=147, total_rounds=483, total_fda_steps=11025, accuracy=0.988099992275238)
EpochMetrics(epoch=148, total_rounds=486, total_fda_steps=11100, accuracy=0.9887999892234802)
EpochMetrics(epoch=149, total_rounds=488, total_fda_steps=11175, accuracy=0.9886000156402588)
EpochMetrics(epoch=150, total_rounds=491, total_fda_steps=11250, accuracy=0.9886000156402588)
EpochMetrics(epoch=151, total_rounds=493, total_fda_steps=11325, accuracy=0.9887999892234802)
EpochMetrics(epoch=152, total_rounds=496, total_fda_steps=11400, accuracy=0.9884999990463257)
EpochMetrics(epoch=153, total_rounds=499, total_fda_steps=11475, accuracy=0.9886999726295471)
EpochMetrics(epoch=154, total_rounds=501, total_fda_steps=11550, accuracy=0.9886999726295471)
EpochMetrics(epoch=155, total_rounds=505, total_fda_steps=11625, accuracy=0.9878000020980835)
EpochMetrics(epoch=156, total_rounds=508, total_fda_steps=11700, accuracy=0.9886000156402588)
EpochMetrics(epoch=157, total_rounds=511, total_fda_steps=11775, accuracy=0.9882000088691711)
EpochMetrics(epoch=158, total_rounds=514, total_fda_steps=11850, accuracy=0.9878000020980835)
EpochMetrics(epoch=159, total_rounds=518, total_fda_steps=11925, accuracy=0.9883000254631042)
EpochMetrics(epoch=160, total_rounds=521, total_fda_steps=12000, accuracy=0.988099992275238)
EpochMetrics(epoch=161, total_rounds=524, total_fda_steps=12075, accuracy=0.9882000088691711)
EpochMetrics(epoch=162, total_rounds=526, total_fda_steps=12150, accuracy=0.9879000186920166)
EpochMetrics(epoch=163, total_rounds=529, total_fda_steps=12225, accuracy=0.9879999756813049)
EpochMetrics(epoch=164, total_rounds=531, total_fda_steps=12300, accuracy=0.9890000224113464)
EpochMetrics(epoch=165, total_rounds=534, total_fda_steps=12375, accuracy=0.9878000020980835)
EpochMetrics(epoch=166, total_rounds=536, total_fda_steps=12450, accuracy=0.9883999824523926)
EpochMetrics(epoch=167, total_rounds=539, total_fda_steps=12525, accuracy=0.9886000156402588)
EpochMetrics(epoch=168, total_rounds=542, total_fda_steps=12600, accuracy=0.9889000058174133)
EpochMetrics(epoch=169, total_rounds=545, total_fda_steps=12675, accuracy=0.9882000088691711)
EpochMetrics(epoch=170, total_rounds=548, total_fda_steps=12750, accuracy=0.9887999892234802)
EpochMetrics(epoch=171, total_rounds=551, total_fda_steps=12825, accuracy=0.9884999990463257)
EpochMetrics(epoch=172, total_rounds=554, total_fda_steps=12900, accuracy=0.9883000254631042)
EpochMetrics(epoch=173, total_rounds=557, total_fda_steps=12975, accuracy=0.9884999990463257)
EpochMetrics(epoch=174, total_rounds=560, total_fda_steps=13050, accuracy=0.9886999726295471)
EpochMetrics(epoch=175, total_rounds=563, total_fda_steps=13125, accuracy=0.9887999892234802)
EpochMetrics(epoch=176, total_rounds=565, total_fda_steps=13200, accuracy=0.9886000156402588)
EpochMetrics(epoch=177, total_rounds=567, total_fda_steps=13275, accuracy=0.9884999990463257)
EpochMetrics(epoch=178, total_rounds=571, total_fda_steps=13350, accuracy=0.9883000254631042)
EpochMetrics(epoch=179, total_rounds=573, total_fda_steps=13425, accuracy=0.9886999726295471)
EpochMetrics(epoch=180, total_rounds=575, total_fda_steps=13500, accuracy=0.9883000254631042)
EpochMetrics(epoch=181, total_rounds=578, total_fda_steps=13575, accuracy=0.988099992275238)
EpochMetrics(epoch=182, total_rounds=581, total_fda_steps=13650, accuracy=0.9882000088691711)
EpochMetrics(epoch=183, total_rounds=584, total_fda_steps=13725, accuracy=0.988099992275238)
EpochMetrics(epoch=184, total_rounds=587, total_fda_steps=13800, accuracy=0.988099992275238)
EpochMetrics(epoch=185, total_rounds=591, total_fda_steps=13875, accuracy=0.9884999990463257)
EpochMetrics(epoch=186, total_rounds=594, total_fda_steps=13950, accuracy=0.9883000254631042)
EpochMetrics(epoch=187, total_rounds=597, total_fda_steps=14025, accuracy=0.9886999726295471)
EpochMetrics(epoch=188, total_rounds=599, total_fda_steps=14100, accuracy=0.9886000156402588)
EpochMetrics(epoch=189, total_rounds=602, total_fda_steps=14175, accuracy=0.988099992275238)
EpochMetrics(epoch=190, total_rounds=605, total_fda_steps=14250, accuracy=0.9883999824523926)
EpochMetrics(epoch=191, total_rounds=608, total_fda_steps=14325, accuracy=0.9882000088691711)
EpochMetrics(epoch=192, total_rounds=610, total_fda_steps=14400, accuracy=0.9879999756813049)
EpochMetrics(epoch=193, total_rounds=613, total_fda_steps=14475, accuracy=0.9879999756813049)
EpochMetrics(epoch=194, total_rounds=615, total_fda_steps=14550, accuracy=0.9886000156402588)
EpochMetrics(epoch=195, total_rounds=618, total_fda_steps=14625, accuracy=0.988099992275238)
EpochMetrics(epoch=196, total_rounds=621, total_fda_steps=14700, accuracy=0.9878000020980835)
EpochMetrics(epoch=197, total_rounds=624, total_fda_steps=14775, accuracy=0.9879999756813049)
EpochMetrics(epoch=198, total_rounds=627, total_fda_steps=14850, accuracy=0.9876999855041504)
EpochMetrics(epoch=199, total_rounds=630, total_fda_steps=14925, accuracy=0.9882000088691711)
EpochMetrics(epoch=200, total_rounds=631, total_fda_steps=15000, accuracy=0.9883999824523926)
EpochMetrics(epoch=201, total_rounds=633, total_fda_steps=15075, accuracy=0.9886000156402588)
EpochMetrics(epoch=202, total_rounds=636, total_fda_steps=15150, accuracy=0.9883999824523926)
EpochMetrics(epoch=203, total_rounds=639, total_fda_steps=15225, accuracy=0.9879000186920166)
EpochMetrics(epoch=204, total_rounds=642, total_fda_steps=15300, accuracy=0.9883000254631042)
EpochMetrics(epoch=205, total_rounds=645, total_fda_steps=15375, accuracy=0.9886999726295471)
EpochMetrics(epoch=206, total_rounds=647, total_fda_steps=15450, accuracy=0.9884999990463257)
EpochMetrics(epoch=207, total_rounds=651, total_fda_steps=15525, accuracy=0.9883999824523926)
EpochMetrics(epoch=208, total_rounds=655, total_fda_steps=15600, accuracy=0.9873999953269958)
EpochMetrics(epoch=209, total_rounds=657, total_fda_steps=15675, accuracy=0.9879000186920166)
EpochMetrics(epoch=210, total_rounds=659, total_fda_steps=15750, accuracy=0.988099992275238)
EpochMetrics(epoch=211, total_rounds=661, total_fda_steps=15825, accuracy=0.9882000088691711)
EpochMetrics(epoch=212, total_rounds=664, total_fda_steps=15900, accuracy=0.9879999756813049)
EpochMetrics(epoch=213, total_rounds=667, total_fda_steps=15975, accuracy=0.9883000254631042)
EpochMetrics(epoch=214, total_rounds=670, total_fda_steps=16050, accuracy=0.9883999824523926)
EpochMetrics(epoch=215, total_rounds=673, total_fda_steps=16125, accuracy=0.9883000254631042)
EpochMetrics(epoch=216, total_rounds=676, total_fda_steps=16200, accuracy=0.9883999824523926)
EpochMetrics(epoch=217, total_rounds=678, total_fda_steps=16275, accuracy=0.9883999824523926)
EpochMetrics(epoch=218, total_rounds=679, total_fda_steps=16350, accuracy=0.9879999756813049)
EpochMetrics(epoch=219, total_rounds=681, total_fda_steps=16425, accuracy=0.9879999756813049)
EpochMetrics(epoch=220, total_rounds=684, total_fda_steps=16500, accuracy=0.9883000254631042)
EpochMetrics(epoch=221, total_rounds=687, total_fda_steps=16575, accuracy=0.9882000088691711)
EpochMetrics(epoch=222, total_rounds=691, total_fda_steps=16650, accuracy=0.9886999726295471)
EpochMetrics(epoch=223, total_rounds=693, total_fda_steps=16725, accuracy=0.9884999990463257)
EpochMetrics(epoch=224, total_rounds=695, total_fda_steps=16800, accuracy=0.9886000156402588)
EpochMetrics(epoch=225, total_rounds=697, total_fda_steps=16875, accuracy=0.9884999990463257)
EpochMetrics(epoch=226, total_rounds=699, total_fda_steps=16950, accuracy=0.9879000186920166)
EpochMetrics(epoch=227, total_rounds=701, total_fda_steps=17025, accuracy=0.9876999855041504)
EpochMetrics(epoch=228, total_rounds=705, total_fda_steps=17100, accuracy=0.9879999756813049)
EpochMetrics(epoch=229, total_rounds=708, total_fda_steps=17175, accuracy=0.9882000088691711)
EpochMetrics(epoch=230, total_rounds=710, total_fda_steps=17250, accuracy=0.9876999855041504)
EpochMetrics(epoch=231, total_rounds=712, total_fda_steps=17325, accuracy=0.9879000186920166)
EpochMetrics(epoch=232, total_rounds=716, total_fda_steps=17400, accuracy=0.9886999726295471)
EpochMetrics(epoch=233, total_rounds=718, total_fda_steps=17475, accuracy=0.9886999726295471)
EpochMetrics(epoch=234, total_rounds=721, total_fda_steps=17550, accuracy=0.9883999824523926)
EpochMetrics(epoch=235, total_rounds=723, total_fda_steps=17625, accuracy=0.9883000254631042)
EpochMetrics(epoch=236, total_rounds=725, total_fda_steps=17700, accuracy=0.9879000186920166)
EpochMetrics(epoch=237, total_rounds=728, total_fda_steps=17775, accuracy=0.9879999756813049)
EpochMetrics(epoch=238, total_rounds=732, total_fda_steps=17850, accuracy=0.9883999824523926)
EpochMetrics(epoch=239, total_rounds=735, total_fda_steps=17925, accuracy=0.9886999726295471)
EpochMetrics(epoch=240, total_rounds=738, total_fda_steps=18000, accuracy=0.989300012588501)
EpochMetrics(epoch=241, total_rounds=741, total_fda_steps=18075, accuracy=0.9886000156402588)
EpochMetrics(epoch=242, total_rounds=743, total_fda_steps=18150, accuracy=0.9886000156402588)
EpochMetrics(epoch=243, total_rounds=744, total_fda_steps=18225, accuracy=0.9884999990463257)
EpochMetrics(epoch=244, total_rounds=746, total_fda_steps=18300, accuracy=0.9879999756813049)
EpochMetrics(epoch=245, total_rounds=747, total_fda_steps=18375, accuracy=0.9883000254631042)
EpochMetrics(epoch=246, total_rounds=750, total_fda_steps=18450, accuracy=0.988099992275238)
EpochMetrics(epoch=247, total_rounds=754, total_fda_steps=18525, accuracy=0.9883999824523926)
EpochMetrics(epoch=248, total_rounds=758, total_fda_steps=18600, accuracy=0.988099992275238)
EpochMetrics(epoch=249, total_rounds=761, total_fda_steps=18675, accuracy=0.9883000254631042)
EpochMetrics(epoch=250, total_rounds=763, total_fda_steps=18750, accuracy=0.988099992275238)
EpochMetrics(epoch=251, total_rounds=765, total_fda_steps=18825, accuracy=0.9883000254631042)
EpochMetrics(epoch=252, total_rounds=768, total_fda_steps=18900, accuracy=0.9886000156402588)
EpochMetrics(epoch=253, total_rounds=770, total_fda_steps=18975, accuracy=0.9883000254631042)
EpochMetrics(epoch=254, total_rounds=772, total_fda_steps=19050, accuracy=0.9882000088691711)
EpochMetrics(epoch=255, total_rounds=775, total_fda_steps=19125, accuracy=0.9879999756813049)
EpochMetrics(epoch=256, total_rounds=777, total_fda_steps=19200, accuracy=0.9886000156402588)
EpochMetrics(epoch=257, total_rounds=780, total_fda_steps=19275, accuracy=0.9882000088691711)
EpochMetrics(epoch=258, total_rounds=782, total_fda_steps=19350, accuracy=0.9883999824523926)
EpochMetrics(epoch=259, total_rounds=786, total_fda_steps=19425, accuracy=0.9884999990463257)
EpochMetrics(epoch=260, total_rounds=789, total_fda_steps=19500, accuracy=0.9884999990463257)
EpochMetrics(epoch=261, total_rounds=792, total_fda_steps=19575, accuracy=0.9883999824523926)
EpochMetrics(epoch=262, total_rounds=796, total_fda_steps=19650, accuracy=0.9887999892234802)
EpochMetrics(epoch=263, total_rounds=798, total_fda_steps=19725, accuracy=0.9883999824523926)
EpochMetrics(epoch=264, total_rounds=801, total_fda_steps=19800, accuracy=0.9883000254631042)
EpochMetrics(epoch=265, total_rounds=803, total_fda_steps=19875, accuracy=0.9883000254631042)
EpochMetrics(epoch=266, total_rounds=805, total_fda_steps=19950, accuracy=0.988099992275238)
EpochMetrics(epoch=267, total_rounds=807, total_fda_steps=20025, accuracy=0.9882000088691711)
EpochMetrics(epoch=268, total_rounds=808, total_fda_steps=20100, accuracy=0.988099992275238)
EpochMetrics(epoch=269, total_rounds=811, total_fda_steps=20175, accuracy=0.9883999824523926)
EpochMetrics(epoch=270, total_rounds=813, total_fda_steps=20250, accuracy=0.9883000254631042)
EpochMetrics(epoch=271, total_rounds=816, total_fda_steps=20325, accuracy=0.9883999824523926)
EpochMetrics(epoch=272, total_rounds=819, total_fda_steps=20400, accuracy=0.9886000156402588)
EpochMetrics(epoch=273, total_rounds=821, total_fda_steps=20475, accuracy=0.9882000088691711)
EpochMetrics(epoch=274, total_rounds=823, total_fda_steps=20550, accuracy=0.9883999824523926)
EpochMetrics(epoch=275, total_rounds=825, total_fda_steps=20625, accuracy=0.9882000088691711)
EpochMetrics(epoch=276, total_rounds=828, total_fda_steps=20700, accuracy=0.9883000254631042)
EpochMetrics(epoch=277, total_rounds=830, total_fda_steps=20775, accuracy=0.9886999726295471)
EpochMetrics(epoch=278, total_rounds=831, total_fda_steps=20850, accuracy=0.9886000156402588)
EpochMetrics(epoch=279, total_rounds=832, total_fda_steps=20925, accuracy=0.9886000156402588)
EpochMetrics(epoch=280, total_rounds=834, total_fda_steps=21000, accuracy=0.9887999892234802)
EpochMetrics(epoch=281, total_rounds=834, total_fda_steps=21075, accuracy=0.9884999990463257)
EpochMetrics(epoch=282, total_rounds=836, total_fda_steps=21150, accuracy=0.9884999990463257)
EpochMetrics(epoch=283, total_rounds=838, total_fda_steps=21225, accuracy=0.9883999824523926)
EpochMetrics(epoch=284, total_rounds=841, total_fda_steps=21300, accuracy=0.9887999892234802)
EpochMetrics(epoch=285, total_rounds=846, total_fda_steps=21375, accuracy=0.9883000254631042)
EpochMetrics(epoch=286, total_rounds=850, total_fda_steps=21450, accuracy=0.9883999824523926)
EpochMetrics(epoch=287, total_rounds=853, total_fda_steps=21525, accuracy=0.9884999990463257)
EpochMetrics(epoch=288, total_rounds=856, total_fda_steps=21600, accuracy=0.9883000254631042)
EpochMetrics(epoch=289, total_rounds=859, total_fda_steps=21675, accuracy=0.9883000254631042)
EpochMetrics(epoch=290, total_rounds=861, total_fda_steps=21750, accuracy=0.9890000224113464)
EpochMetrics(epoch=291, total_rounds=863, total_fda_steps=21825, accuracy=0.9887999892234802)
EpochMetrics(epoch=292, total_rounds=866, total_fda_steps=21900, accuracy=0.9890000224113464)
EpochMetrics(epoch=293, total_rounds=867, total_fda_steps=21975, accuracy=0.9884999990463257)
EpochMetrics(epoch=294, total_rounds=870, total_fda_steps=22050, accuracy=0.9886999726295471)
EpochMetrics(epoch=295, total_rounds=871, total_fda_steps=22125, accuracy=0.9884999990463257)
EpochMetrics(epoch=296, total_rounds=874, total_fda_steps=22200, accuracy=0.9887999892234802)
EpochMetrics(epoch=297, total_rounds=877, total_fda_steps=22275, accuracy=0.9886999726295471)
EpochMetrics(epoch=298, total_rounds=879, total_fda_steps=22350, accuracy=0.9887999892234802)
EpochMetrics(epoch=299, total_rounds=884, total_fda_steps=22425, accuracy=0.9884999990463257)
EpochMetrics(epoch=300, total_rounds=885, total_fda_steps=22500, accuracy=0.9884999990463257)
EpochMetrics(epoch=301, total_rounds=888, total_fda_steps=22575, accuracy=0.9887999892234802)
EpochMetrics(epoch=302, total_rounds=891, total_fda_steps=22650, accuracy=0.9886000156402588)
EpochMetrics(epoch=303, total_rounds=893, total_fda_steps=22725, accuracy=0.9886999726295471)
EpochMetrics(epoch=304, total_rounds=896, total_fda_steps=22800, accuracy=0.9887999892234802)
EpochMetrics(epoch=305, total_rounds=898, total_fda_steps=22875, accuracy=0.9887999892234802)
EpochMetrics(epoch=306, total_rounds=900, total_fda_steps=22950, accuracy=0.9883999824523926)
EpochMetrics(epoch=307, total_rounds=903, total_fda_steps=23025, accuracy=0.9879999756813049)
EpochMetrics(epoch=308, total_rounds=906, total_fda_steps=23100, accuracy=0.9882000088691711)
EpochMetrics(epoch=309, total_rounds=908, total_fda_steps=23175, accuracy=0.9883999824523926)
EpochMetrics(epoch=310, total_rounds=909, total_fda_steps=23250, accuracy=0.988099992275238)
EpochMetrics(epoch=311, total_rounds=910, total_fda_steps=23325, accuracy=0.9883999824523926)
EpochMetrics(epoch=312, total_rounds=913, total_fda_steps=23400, accuracy=0.9883999824523926)
EpochMetrics(epoch=313, total_rounds=915, total_fda_steps=23475, accuracy=0.9882000088691711)
EpochMetrics(epoch=314, total_rounds=917, total_fda_steps=23550, accuracy=0.988099992275238)
EpochMetrics(epoch=315, total_rounds=919, total_fda_steps=23625, accuracy=0.9883999824523926)
EpochMetrics(epoch=316, total_rounds=921, total_fda_steps=23700, accuracy=0.9883000254631042)
EpochMetrics(epoch=317, total_rounds=924, total_fda_steps=23775, accuracy=0.9882000088691711)
EpochMetrics(epoch=318, total_rounds=927, total_fda_steps=23850, accuracy=0.9886999726295471)
EpochMetrics(epoch=319, total_rounds=928, total_fda_steps=23925, accuracy=0.9886000156402588)
EpochMetrics(epoch=320, total_rounds=931, total_fda_steps=24000, accuracy=0.9883000254631042)
EpochMetrics(epoch=321, total_rounds=935, total_fda_steps=24075, accuracy=0.9884999990463257)
EpochMetrics(epoch=322, total_rounds=939, total_fda_steps=24150, accuracy=0.9879999756813049)
EpochMetrics(epoch=323, total_rounds=942, total_fda_steps=24225, accuracy=0.9883000254631042)
EpochMetrics(epoch=324, total_rounds=944, total_fda_steps=24300, accuracy=0.9882000088691711)
EpochMetrics(epoch=325, total_rounds=946, total_fda_steps=24375, accuracy=0.9883000254631042)
EpochMetrics(epoch=326, total_rounds=949, total_fda_steps=24450, accuracy=0.9883999824523926)
EpochMetrics(epoch=327, total_rounds=953, total_fda_steps=24525, accuracy=0.9882000088691711)
EpochMetrics(epoch=328, total_rounds=955, total_fda_steps=24600, accuracy=0.9884999990463257)
EpochMetrics(epoch=329, total_rounds=957, total_fda_steps=24675, accuracy=0.9882000088691711)
EpochMetrics(epoch=330, total_rounds=961, total_fda_steps=24750, accuracy=0.9884999990463257)
EpochMetrics(epoch=331, total_rounds=963, total_fda_steps=24825, accuracy=0.9884999990463257)
EpochMetrics(epoch=332, total_rounds=964, total_fda_steps=24900, accuracy=0.988099992275238)
EpochMetrics(epoch=333, total_rounds=964, total_fda_steps=24975, accuracy=0.9883999824523926)
EpochMetrics(epoch=334, total_rounds=966, total_fda_steps=25050, accuracy=0.9882000088691711)
EpochMetrics(epoch=335, total_rounds=969, total_fda_steps=25125, accuracy=0.9878000020980835)
EpochMetrics(epoch=336, total_rounds=970, total_fda_steps=25200, accuracy=0.9879999756813049)
EpochMetrics(epoch=337, total_rounds=972, total_fda_steps=25275, accuracy=0.9883999824523926)
EpochMetrics(epoch=338, total_rounds=975, total_fda_steps=25350, accuracy=0.9883000254631042)
EpochMetrics(epoch=339, total_rounds=977, total_fda_steps=25425, accuracy=0.9883999824523926)
EpochMetrics(epoch=340, total_rounds=980, total_fda_steps=25500, accuracy=0.9884999990463257)
EpochMetrics(epoch=341, total_rounds=982, total_fda_steps=25575, accuracy=0.9882000088691711)
EpochMetrics(epoch=342, total_rounds=985, total_fda_steps=25650, accuracy=0.9883000254631042)
EpochMetrics(epoch=343, total_rounds=987, total_fda_steps=25725, accuracy=0.9883000254631042)
EpochMetrics(epoch=344, total_rounds=989, total_fda_steps=25800, accuracy=0.988099992275238)
EpochMetrics(epoch=345, total_rounds=992, total_fda_steps=25875, accuracy=0.9878000020980835)
EpochMetrics(epoch=346, total_rounds=993, total_fda_steps=25950, accuracy=0.9879999756813049)
EpochMetrics(epoch=347, total_rounds=995, total_fda_steps=26025, accuracy=0.988099992275238)
EpochMetrics(epoch=348, total_rounds=997, total_fda_steps=26100, accuracy=0.9882000088691711)
EpochMetrics(epoch=349, total_rounds=1000, total_fda_steps=26175, accuracy=0.9883999824523926)
EpochMetrics(epoch=350, total_rounds=1002, total_fda_steps=26250, accuracy=0.9883999824523926)

------------ Finished Testing : ------------
NN name : LeNet-5
FDA name : linear
Num Clients : 25
Batch size : 32
Num Epochs : 350
Number of steps until we check RTC : 1
Theta : 0.5
Total simulation time: 76091.0850224495 sec
-----------------------------------------

