Num GPUs Available:  1

------------ Current Test : ------------
NN name : LeNet-5
FDA name : naive
Num Clients : 50
Batch size : 256
Num Epochs : 500
Number of steps until we check RTC : 1
Theta : 1.0
-----------------------------------------

EpochMetrics(epoch=1, total_rounds=1, total_fda_steps=5, accuracy=0.5612000226974487)
EpochMetrics(epoch=2, total_rounds=2, total_fda_steps=10, accuracy=0.694100022315979)
EpochMetrics(epoch=3, total_rounds=3, total_fda_steps=15, accuracy=0.7617999911308289)
EpochMetrics(epoch=4, total_rounds=4, total_fda_steps=19, accuracy=0.7883999943733215)
EpochMetrics(epoch=5, total_rounds=4, total_fda_steps=24, accuracy=0.820900022983551)
EpochMetrics(epoch=6, total_rounds=5, total_fda_steps=29, accuracy=0.8465999960899353)
EpochMetrics(epoch=7, total_rounds=5, total_fda_steps=33, accuracy=0.8587999939918518)
EpochMetrics(epoch=8, total_rounds=6, total_fda_steps=38, accuracy=0.8737999796867371)
EpochMetrics(epoch=9, total_rounds=6, total_fda_steps=43, accuracy=0.879800021648407)
EpochMetrics(epoch=10, total_rounds=7, total_fda_steps=47, accuracy=0.8845999836921692)
EpochMetrics(epoch=11, total_rounds=7, total_fda_steps=52, accuracy=0.8895999789237976)
EpochMetrics(epoch=12, total_rounds=8, total_fda_steps=57, accuracy=0.892799973487854)
EpochMetrics(epoch=13, total_rounds=8, total_fda_steps=61, accuracy=0.8967999815940857)
EpochMetrics(epoch=14, total_rounds=8, total_fda_steps=66, accuracy=0.9010999798774719)
EpochMetrics(epoch=15, total_rounds=9, total_fda_steps=71, accuracy=0.9038000106811523)
EpochMetrics(epoch=16, total_rounds=9, total_fda_steps=75, accuracy=0.9049999713897705)
EpochMetrics(epoch=17, total_rounds=9, total_fda_steps=80, accuracy=0.9075000286102295)
EpochMetrics(epoch=18, total_rounds=10, total_fda_steps=85, accuracy=0.9089999794960022)
EpochMetrics(epoch=19, total_rounds=10, total_fda_steps=90, accuracy=0.9106000065803528)
EpochMetrics(epoch=20, total_rounds=10, total_fda_steps=94, accuracy=0.9111999869346619)
EpochMetrics(epoch=21, total_rounds=11, total_fda_steps=99, accuracy=0.9125000238418579)
EpochMetrics(epoch=22, total_rounds=11, total_fda_steps=104, accuracy=0.9142000079154968)
EpochMetrics(epoch=23, total_rounds=11, total_fda_steps=108, accuracy=0.9156000018119812)
EpochMetrics(epoch=24, total_rounds=12, total_fda_steps=113, accuracy=0.9172999858856201)
EpochMetrics(epoch=25, total_rounds=12, total_fda_steps=118, accuracy=0.9176999926567078)
EpochMetrics(epoch=26, total_rounds=12, total_fda_steps=122, accuracy=0.919700026512146)
EpochMetrics(epoch=27, total_rounds=12, total_fda_steps=127, accuracy=0.9210000038146973)
EpochMetrics(epoch=28, total_rounds=13, total_fda_steps=132, accuracy=0.9215999841690063)
EpochMetrics(epoch=29, total_rounds=13, total_fda_steps=136, accuracy=0.9236999750137329)
EpochMetrics(epoch=30, total_rounds=13, total_fda_steps=141, accuracy=0.9248999953269958)
EpochMetrics(epoch=31, total_rounds=14, total_fda_steps=146, accuracy=0.9247999787330627)
EpochMetrics(epoch=32, total_rounds=14, total_fda_steps=150, accuracy=0.9275000095367432)
EpochMetrics(epoch=33, total_rounds=14, total_fda_steps=155, accuracy=0.929099977016449)
EpochMetrics(epoch=34, total_rounds=15, total_fda_steps=160, accuracy=0.9294999837875366)
EpochMetrics(epoch=35, total_rounds=15, total_fda_steps=165, accuracy=0.9304999709129333)
EpochMetrics(epoch=36, total_rounds=15, total_fda_steps=169, accuracy=0.9315000176429749)
EpochMetrics(epoch=37, total_rounds=15, total_fda_steps=174, accuracy=0.9325000047683716)
EpochMetrics(epoch=38, total_rounds=16, total_fda_steps=179, accuracy=0.9326000213623047)
EpochMetrics(epoch=39, total_rounds=16, total_fda_steps=183, accuracy=0.934499979019165)
EpochMetrics(epoch=40, total_rounds=16, total_fda_steps=188, accuracy=0.9362999796867371)
EpochMetrics(epoch=41, total_rounds=17, total_fda_steps=193, accuracy=0.9359999895095825)
EpochMetrics(epoch=42, total_rounds=17, total_fda_steps=197, accuracy=0.9370999932289124)
EpochMetrics(epoch=43, total_rounds=17, total_fda_steps=202, accuracy=0.9390000104904175)
EpochMetrics(epoch=44, total_rounds=17, total_fda_steps=207, accuracy=0.939300000667572)
EpochMetrics(epoch=45, total_rounds=18, total_fda_steps=211, accuracy=0.9399999976158142)
EpochMetrics(epoch=46, total_rounds=18, total_fda_steps=216, accuracy=0.9412999749183655)
EpochMetrics(epoch=47, total_rounds=18, total_fda_steps=221, accuracy=0.9415000081062317)
EpochMetrics(epoch=48, total_rounds=19, total_fda_steps=225, accuracy=0.942300021648407)
EpochMetrics(epoch=49, total_rounds=19, total_fda_steps=230, accuracy=0.9431999921798706)
EpochMetrics(epoch=50, total_rounds=19, total_fda_steps=235, accuracy=0.944599986076355)
EpochMetrics(epoch=51, total_rounds=20, total_fda_steps=240, accuracy=0.9447000026702881)
EpochMetrics(epoch=52, total_rounds=20, total_fda_steps=244, accuracy=0.9448999762535095)
EpochMetrics(epoch=53, total_rounds=20, total_fda_steps=249, accuracy=0.9463000297546387)
EpochMetrics(epoch=54, total_rounds=20, total_fda_steps=254, accuracy=0.9473000168800354)
EpochMetrics(epoch=55, total_rounds=21, total_fda_steps=258, accuracy=0.947700023651123)
EpochMetrics(epoch=56, total_rounds=21, total_fda_steps=263, accuracy=0.9488999843597412)
EpochMetrics(epoch=57, total_rounds=21, total_fda_steps=268, accuracy=0.949400007724762)
EpochMetrics(epoch=58, total_rounds=22, total_fda_steps=272, accuracy=0.9495999813079834)
EpochMetrics(epoch=59, total_rounds=22, total_fda_steps=277, accuracy=0.9502999782562256)
EpochMetrics(epoch=60, total_rounds=22, total_fda_steps=282, accuracy=0.9517999887466431)
EpochMetrics(epoch=61, total_rounds=22, total_fda_steps=286, accuracy=0.95169997215271)
EpochMetrics(epoch=62, total_rounds=23, total_fda_steps=291, accuracy=0.9521999955177307)
EpochMetrics(epoch=63, total_rounds=23, total_fda_steps=296, accuracy=0.953499972820282)
EpochMetrics(epoch=64, total_rounds=23, total_fda_steps=300, accuracy=0.9537000060081482)
EpochMetrics(epoch=65, total_rounds=24, total_fda_steps=305, accuracy=0.9541000127792358)
EpochMetrics(epoch=66, total_rounds=24, total_fda_steps=310, accuracy=0.955299973487854)
EpochMetrics(epoch=67, total_rounds=24, total_fda_steps=315, accuracy=0.9556000232696533)
EpochMetrics(epoch=68, total_rounds=24, total_fda_steps=319, accuracy=0.955299973487854)
EpochMetrics(epoch=69, total_rounds=25, total_fda_steps=324, accuracy=0.9559999704360962)
EpochMetrics(epoch=70, total_rounds=25, total_fda_steps=329, accuracy=0.957099974155426)
EpochMetrics(epoch=71, total_rounds=25, total_fda_steps=333, accuracy=0.9569000005722046)
EpochMetrics(epoch=72, total_rounds=25, total_fda_steps=338, accuracy=0.9567999839782715)
EpochMetrics(epoch=73, total_rounds=26, total_fda_steps=343, accuracy=0.9577999711036682)
EpochMetrics(epoch=74, total_rounds=26, total_fda_steps=347, accuracy=0.958899974822998)
EpochMetrics(epoch=75, total_rounds=26, total_fda_steps=352, accuracy=0.9588000178337097)
EpochMetrics(epoch=76, total_rounds=27, total_fda_steps=357, accuracy=0.9589999914169312)
EpochMetrics(epoch=77, total_rounds=27, total_fda_steps=361, accuracy=0.9599999785423279)
EpochMetrics(epoch=78, total_rounds=27, total_fda_steps=366, accuracy=0.9610000252723694)
EpochMetrics(epoch=79, total_rounds=27, total_fda_steps=371, accuracy=0.9606999754905701)
EpochMetrics(epoch=80, total_rounds=28, total_fda_steps=375, accuracy=0.9603000283241272)
EpochMetrics(epoch=81, total_rounds=28, total_fda_steps=380, accuracy=0.9617000222206116)
EpochMetrics(epoch=82, total_rounds=28, total_fda_steps=385, accuracy=0.9617999792098999)
EpochMetrics(epoch=83, total_rounds=28, total_fda_steps=390, accuracy=0.9628000259399414)
EpochMetrics(epoch=84, total_rounds=29, total_fda_steps=394, accuracy=0.9624000191688538)
EpochMetrics(epoch=85, total_rounds=29, total_fda_steps=399, accuracy=0.9641000032424927)
EpochMetrics(epoch=86, total_rounds=29, total_fda_steps=404, accuracy=0.9638000130653381)
EpochMetrics(epoch=87, total_rounds=29, total_fda_steps=408, accuracy=0.9638000130653381)
EpochMetrics(epoch=88, total_rounds=30, total_fda_steps=413, accuracy=0.9645000100135803)
EpochMetrics(epoch=89, total_rounds=30, total_fda_steps=418, accuracy=0.9643999934196472)
EpochMetrics(epoch=90, total_rounds=30, total_fda_steps=422, accuracy=0.9652000069618225)
EpochMetrics(epoch=91, total_rounds=30, total_fda_steps=427, accuracy=0.9646999835968018)
EpochMetrics(epoch=92, total_rounds=31, total_fda_steps=432, accuracy=0.9650999903678894)
EpochMetrics(epoch=93, total_rounds=31, total_fda_steps=436, accuracy=0.9661999940872192)
EpochMetrics(epoch=94, total_rounds=31, total_fda_steps=441, accuracy=0.9660999774932861)
EpochMetrics(epoch=95, total_rounds=32, total_fda_steps=446, accuracy=0.9660999774932861)
EpochMetrics(epoch=96, total_rounds=32, total_fda_steps=450, accuracy=0.9667999744415283)
EpochMetrics(epoch=97, total_rounds=32, total_fda_steps=455, accuracy=0.9664999842643738)
EpochMetrics(epoch=98, total_rounds=32, total_fda_steps=460, accuracy=0.9664999842643738)
EpochMetrics(epoch=99, total_rounds=33, total_fda_steps=465, accuracy=0.9666000008583069)
EpochMetrics(epoch=100, total_rounds=33, total_fda_steps=469, accuracy=0.9671000242233276)
EpochMetrics(epoch=101, total_rounds=33, total_fda_steps=474, accuracy=0.9674999713897705)
EpochMetrics(epoch=102, total_rounds=33, total_fda_steps=479, accuracy=0.9682000279426575)
EpochMetrics(epoch=103, total_rounds=34, total_fda_steps=483, accuracy=0.9678999781608582)
EpochMetrics(epoch=104, total_rounds=34, total_fda_steps=488, accuracy=0.9672999978065491)
EpochMetrics(epoch=105, total_rounds=34, total_fda_steps=493, accuracy=0.9681000113487244)
EpochMetrics(epoch=106, total_rounds=34, total_fda_steps=497, accuracy=0.968999981880188)
EpochMetrics(epoch=107, total_rounds=35, total_fda_steps=502, accuracy=0.9682000279426575)
EpochMetrics(epoch=108, total_rounds=35, total_fda_steps=507, accuracy=0.9693999886512756)
EpochMetrics(epoch=109, total_rounds=35, total_fda_steps=511, accuracy=0.9695000052452087)
EpochMetrics(epoch=110, total_rounds=35, total_fda_steps=516, accuracy=0.9692999720573425)
EpochMetrics(epoch=111, total_rounds=36, total_fda_steps=521, accuracy=0.9692999720573425)
EpochMetrics(epoch=112, total_rounds=36, total_fda_steps=525, accuracy=0.9696999788284302)
EpochMetrics(epoch=113, total_rounds=36, total_fda_steps=530, accuracy=0.9699000120162964)
EpochMetrics(epoch=114, total_rounds=36, total_fda_steps=535, accuracy=0.9692000150680542)
EpochMetrics(epoch=115, total_rounds=37, total_fda_steps=540, accuracy=0.9699000120162964)
EpochMetrics(epoch=116, total_rounds=37, total_fda_steps=544, accuracy=0.970300018787384)
EpochMetrics(epoch=117, total_rounds=37, total_fda_steps=549, accuracy=0.9710000157356262)
EpochMetrics(epoch=118, total_rounds=37, total_fda_steps=554, accuracy=0.97079998254776)
EpochMetrics(epoch=119, total_rounds=37, total_fda_steps=558, accuracy=0.9708999991416931)
EpochMetrics(epoch=120, total_rounds=38, total_fda_steps=563, accuracy=0.97079998254776)
EpochMetrics(epoch=121, total_rounds=38, total_fda_steps=568, accuracy=0.9718000292778015)
EpochMetrics(epoch=122, total_rounds=38, total_fda_steps=572, accuracy=0.9717000126838684)
EpochMetrics(epoch=123, total_rounds=38, total_fda_steps=577, accuracy=0.9711999893188477)
EpochMetrics(epoch=124, total_rounds=39, total_fda_steps=582, accuracy=0.9724000096321106)
EpochMetrics(epoch=125, total_rounds=39, total_fda_steps=586, accuracy=0.9725000262260437)
EpochMetrics(epoch=126, total_rounds=39, total_fda_steps=591, accuracy=0.9731000065803528)
EpochMetrics(epoch=127, total_rounds=39, total_fda_steps=596, accuracy=0.9725000262260437)
EpochMetrics(epoch=128, total_rounds=40, total_fda_steps=600, accuracy=0.9721999764442444)
EpochMetrics(epoch=129, total_rounds=40, total_fda_steps=605, accuracy=0.9731000065803528)
EpochMetrics(epoch=130, total_rounds=40, total_fda_steps=610, accuracy=0.973800003528595)
EpochMetrics(epoch=131, total_rounds=40, total_fda_steps=615, accuracy=0.9733999967575073)
EpochMetrics(epoch=132, total_rounds=41, total_fda_steps=619, accuracy=0.9735000133514404)
EpochMetrics(epoch=133, total_rounds=41, total_fda_steps=624, accuracy=0.9739999771118164)
EpochMetrics(epoch=134, total_rounds=41, total_fda_steps=629, accuracy=0.9736999869346619)
EpochMetrics(epoch=135, total_rounds=41, total_fda_steps=633, accuracy=0.9742000102996826)
EpochMetrics(epoch=136, total_rounds=41, total_fda_steps=638, accuracy=0.9742000102996826)
EpochMetrics(epoch=137, total_rounds=42, total_fda_steps=643, accuracy=0.9740999937057495)
EpochMetrics(epoch=138, total_rounds=42, total_fda_steps=647, accuracy=0.9742000102996826)
EpochMetrics(epoch=139, total_rounds=42, total_fda_steps=652, accuracy=0.9750000238418579)
EpochMetrics(epoch=140, total_rounds=42, total_fda_steps=657, accuracy=0.9746000170707703)
EpochMetrics(epoch=141, total_rounds=43, total_fda_steps=661, accuracy=0.9743000268936157)
EpochMetrics(epoch=142, total_rounds=43, total_fda_steps=666, accuracy=0.9750999808311462)
EpochMetrics(epoch=143, total_rounds=43, total_fda_steps=671, accuracy=0.9751999974250793)
EpochMetrics(epoch=144, total_rounds=43, total_fda_steps=675, accuracy=0.9749000072479248)
EpochMetrics(epoch=145, total_rounds=44, total_fda_steps=680, accuracy=0.9747999906539917)
EpochMetrics(epoch=146, total_rounds=44, total_fda_steps=685, accuracy=0.975600004196167)
EpochMetrics(epoch=147, total_rounds=44, total_fda_steps=690, accuracy=0.9760000109672546)
EpochMetrics(epoch=148, total_rounds=44, total_fda_steps=694, accuracy=0.975600004196167)
EpochMetrics(epoch=149, total_rounds=44, total_fda_steps=699, accuracy=0.9757999777793884)
EpochMetrics(epoch=150, total_rounds=45, total_fda_steps=704, accuracy=0.9753000140190125)
EpochMetrics(epoch=151, total_rounds=45, total_fda_steps=708, accuracy=0.9761999845504761)
EpochMetrics(epoch=152, total_rounds=45, total_fda_steps=713, accuracy=0.9763000011444092)
EpochMetrics(epoch=153, total_rounds=45, total_fda_steps=718, accuracy=0.9765999913215637)
EpochMetrics(epoch=154, total_rounds=46, total_fda_steps=722, accuracy=0.9763000011444092)
EpochMetrics(epoch=155, total_rounds=46, total_fda_steps=727, accuracy=0.9764999747276306)
EpochMetrics(epoch=156, total_rounds=46, total_fda_steps=732, accuracy=0.9768999814987183)
EpochMetrics(epoch=157, total_rounds=46, total_fda_steps=736, accuracy=0.9768999814987183)
EpochMetrics(epoch=158, total_rounds=46, total_fda_steps=741, accuracy=0.9771000146865845)
EpochMetrics(epoch=159, total_rounds=47, total_fda_steps=746, accuracy=0.9771999716758728)
EpochMetrics(epoch=160, total_rounds=47, total_fda_steps=750, accuracy=0.9771000146865845)
EpochMetrics(epoch=161, total_rounds=47, total_fda_steps=755, accuracy=0.9775999784469604)
EpochMetrics(epoch=162, total_rounds=47, total_fda_steps=760, accuracy=0.9771000146865845)
EpochMetrics(epoch=163, total_rounds=48, total_fda_steps=765, accuracy=0.9775000214576721)
EpochMetrics(epoch=164, total_rounds=48, total_fda_steps=769, accuracy=0.9772999882698059)
EpochMetrics(epoch=165, total_rounds=48, total_fda_steps=774, accuracy=0.9775999784469604)
EpochMetrics(epoch=166, total_rounds=48, total_fda_steps=779, accuracy=0.9776999950408936)
EpochMetrics(epoch=167, total_rounds=48, total_fda_steps=783, accuracy=0.9782000184059143)
EpochMetrics(epoch=168, total_rounds=49, total_fda_steps=788, accuracy=0.9775999784469604)
EpochMetrics(epoch=169, total_rounds=49, total_fda_steps=793, accuracy=0.9779000282287598)
EpochMetrics(epoch=170, total_rounds=49, total_fda_steps=797, accuracy=0.9779999852180481)
EpochMetrics(epoch=171, total_rounds=49, total_fda_steps=802, accuracy=0.9783999919891357)
EpochMetrics(epoch=172, total_rounds=49, total_fda_steps=807, accuracy=0.9786999821662903)
EpochMetrics(epoch=173, total_rounds=50, total_fda_steps=811, accuracy=0.9785000085830688)
EpochMetrics(epoch=174, total_rounds=50, total_fda_steps=816, accuracy=0.9787999987602234)
EpochMetrics(epoch=175, total_rounds=50, total_fda_steps=821, accuracy=0.9789999723434448)
EpochMetrics(epoch=176, total_rounds=50, total_fda_steps=825, accuracy=0.9790999889373779)
EpochMetrics(epoch=177, total_rounds=50, total_fda_steps=830, accuracy=0.9789999723434448)
EpochMetrics(epoch=178, total_rounds=51, total_fda_steps=835, accuracy=0.9787999987602234)
EpochMetrics(epoch=179, total_rounds=51, total_fda_steps=840, accuracy=0.9790999889373779)
EpochMetrics(epoch=180, total_rounds=51, total_fda_steps=844, accuracy=0.9790999889373779)
EpochMetrics(epoch=181, total_rounds=51, total_fda_steps=849, accuracy=0.9800000190734863)
EpochMetrics(epoch=182, total_rounds=52, total_fda_steps=854, accuracy=0.9793999791145325)
EpochMetrics(epoch=183, total_rounds=52, total_fda_steps=858, accuracy=0.9793000221252441)
EpochMetrics(epoch=184, total_rounds=52, total_fda_steps=863, accuracy=0.9796000123023987)
EpochMetrics(epoch=185, total_rounds=52, total_fda_steps=868, accuracy=0.9797999858856201)
EpochMetrics(epoch=186, total_rounds=52, total_fda_steps=872, accuracy=0.9797999858856201)
EpochMetrics(epoch=187, total_rounds=52, total_fda_steps=877, accuracy=0.9797999858856201)
EpochMetrics(epoch=188, total_rounds=53, total_fda_steps=882, accuracy=0.979200005531311)
EpochMetrics(epoch=189, total_rounds=53, total_fda_steps=886, accuracy=0.9800000190734863)
EpochMetrics(epoch=190, total_rounds=53, total_fda_steps=891, accuracy=0.9797999858856201)
EpochMetrics(epoch=191, total_rounds=53, total_fda_steps=896, accuracy=0.9804999828338623)
EpochMetrics(epoch=192, total_rounds=53, total_fda_steps=900, accuracy=0.9799000024795532)
EpochMetrics(epoch=193, total_rounds=54, total_fda_steps=905, accuracy=0.9797999858856201)
EpochMetrics(epoch=194, total_rounds=54, total_fda_steps=910, accuracy=0.9799000024795532)
EpochMetrics(epoch=195, total_rounds=54, total_fda_steps=915, accuracy=0.9801999926567078)
EpochMetrics(epoch=196, total_rounds=54, total_fda_steps=919, accuracy=0.9807000160217285)
EpochMetrics(epoch=197, total_rounds=54, total_fda_steps=924, accuracy=0.980400025844574)
EpochMetrics(epoch=198, total_rounds=55, total_fda_steps=929, accuracy=0.9800999760627747)
EpochMetrics(epoch=199, total_rounds=55, total_fda_steps=933, accuracy=0.9799000024795532)
EpochMetrics(epoch=200, total_rounds=55, total_fda_steps=938, accuracy=0.9804999828338623)
EpochMetrics(epoch=201, total_rounds=55, total_fda_steps=943, accuracy=0.9810000061988831)
EpochMetrics(epoch=202, total_rounds=55, total_fda_steps=947, accuracy=0.9805999994277954)
EpochMetrics(epoch=203, total_rounds=56, total_fda_steps=952, accuracy=0.9800999760627747)
EpochMetrics(epoch=204, total_rounds=56, total_fda_steps=957, accuracy=0.9805999994277954)
EpochMetrics(epoch=205, total_rounds=56, total_fda_steps=961, accuracy=0.9810000061988831)
EpochMetrics(epoch=206, total_rounds=56, total_fda_steps=966, accuracy=0.9807000160217285)
EpochMetrics(epoch=207, total_rounds=56, total_fda_steps=971, accuracy=0.98089998960495)
EpochMetrics(epoch=208, total_rounds=57, total_fda_steps=975, accuracy=0.9805999994277954)
EpochMetrics(epoch=209, total_rounds=57, total_fda_steps=980, accuracy=0.9805999994277954)
EpochMetrics(epoch=210, total_rounds=57, total_fda_steps=985, accuracy=0.9811000227928162)
EpochMetrics(epoch=211, total_rounds=57, total_fda_steps=990, accuracy=0.9807999730110168)
EpochMetrics(epoch=212, total_rounds=57, total_fda_steps=994, accuracy=0.9805999994277954)
EpochMetrics(epoch=213, total_rounds=58, total_fda_steps=999, accuracy=0.9811000227928162)
EpochMetrics(epoch=214, total_rounds=58, total_fda_steps=1004, accuracy=0.980400025844574)
EpochMetrics(epoch=215, total_rounds=58, total_fda_steps=1008, accuracy=0.9805999994277954)
EpochMetrics(epoch=216, total_rounds=58, total_fda_steps=1013, accuracy=0.98089998960495)
EpochMetrics(epoch=217, total_rounds=58, total_fda_steps=1018, accuracy=0.9812999963760376)
EpochMetrics(epoch=218, total_rounds=58, total_fda_steps=1022, accuracy=0.9811999797821045)
EpochMetrics(epoch=219, total_rounds=59, total_fda_steps=1027, accuracy=0.9811000227928162)
EpochMetrics(epoch=220, total_rounds=59, total_fda_steps=1032, accuracy=0.9812999963760376)
EpochMetrics(epoch=221, total_rounds=59, total_fda_steps=1036, accuracy=0.9818000197410583)
EpochMetrics(epoch=222, total_rounds=59, total_fda_steps=1041, accuracy=0.9811999797821045)
EpochMetrics(epoch=223, total_rounds=59, total_fda_steps=1046, accuracy=0.9807999730110168)
EpochMetrics(epoch=224, total_rounds=60, total_fda_steps=1050, accuracy=0.9815000295639038)
EpochMetrics(epoch=225, total_rounds=60, total_fda_steps=1055, accuracy=0.9807999730110168)
EpochMetrics(epoch=226, total_rounds=60, total_fda_steps=1060, accuracy=0.9819999933242798)
EpochMetrics(epoch=227, total_rounds=60, total_fda_steps=1065, accuracy=0.9818000197410583)
EpochMetrics(epoch=228, total_rounds=60, total_fda_steps=1069, accuracy=0.9815999865531921)
EpochMetrics(epoch=229, total_rounds=60, total_fda_steps=1074, accuracy=0.9815000295639038)
EpochMetrics(epoch=230, total_rounds=61, total_fda_steps=1079, accuracy=0.9811999797821045)
EpochMetrics(epoch=231, total_rounds=61, total_fda_steps=1083, accuracy=0.9814000129699707)
EpochMetrics(epoch=232, total_rounds=61, total_fda_steps=1088, accuracy=0.9815999865531921)
EpochMetrics(epoch=233, total_rounds=61, total_fda_steps=1093, accuracy=0.9818999767303467)
EpochMetrics(epoch=234, total_rounds=61, total_fda_steps=1097, accuracy=0.9819999933242798)
EpochMetrics(epoch=235, total_rounds=62, total_fda_steps=1102, accuracy=0.9817000031471252)
EpochMetrics(epoch=236, total_rounds=62, total_fda_steps=1107, accuracy=0.9811000227928162)
EpochMetrics(epoch=237, total_rounds=62, total_fda_steps=1111, accuracy=0.9817000031471252)
EpochMetrics(epoch=238, total_rounds=62, total_fda_steps=1116, accuracy=0.9821000099182129)
EpochMetrics(epoch=239, total_rounds=62, total_fda_steps=1121, accuracy=0.9817000031471252)
EpochMetrics(epoch=240, total_rounds=62, total_fda_steps=1125, accuracy=0.9818999767303467)
EpochMetrics(epoch=241, total_rounds=63, total_fda_steps=1130, accuracy=0.9818999767303467)
EpochMetrics(epoch=242, total_rounds=63, total_fda_steps=1135, accuracy=0.9817000031471252)
EpochMetrics(epoch=243, total_rounds=63, total_fda_steps=1140, accuracy=0.982200026512146)
EpochMetrics(epoch=244, total_rounds=63, total_fda_steps=1144, accuracy=0.9821000099182129)
EpochMetrics(epoch=245, total_rounds=63, total_fda_steps=1149, accuracy=0.9821000099182129)
EpochMetrics(epoch=246, total_rounds=64, total_fda_steps=1154, accuracy=0.982200026512146)
EpochMetrics(epoch=247, total_rounds=64, total_fda_steps=1158, accuracy=0.9819999933242798)
EpochMetrics(epoch=248, total_rounds=64, total_fda_steps=1163, accuracy=0.9819999933242798)
EpochMetrics(epoch=249, total_rounds=64, total_fda_steps=1168, accuracy=0.9818000197410583)
EpochMetrics(epoch=250, total_rounds=64, total_fda_steps=1172, accuracy=0.982200026512146)
EpochMetrics(epoch=251, total_rounds=64, total_fda_steps=1177, accuracy=0.9821000099182129)
EpochMetrics(epoch=252, total_rounds=65, total_fda_steps=1182, accuracy=0.9818999767303467)
EpochMetrics(epoch=253, total_rounds=65, total_fda_steps=1186, accuracy=0.9821000099182129)
EpochMetrics(epoch=254, total_rounds=65, total_fda_steps=1191, accuracy=0.9822999835014343)
EpochMetrics(epoch=255, total_rounds=65, total_fda_steps=1196, accuracy=0.982200026512146)
EpochMetrics(epoch=256, total_rounds=65, total_fda_steps=1200, accuracy=0.9819999933242798)
EpochMetrics(epoch=257, total_rounds=65, total_fda_steps=1205, accuracy=0.9815999865531921)
EpochMetrics(epoch=258, total_rounds=66, total_fda_steps=1210, accuracy=0.9824000000953674)
EpochMetrics(epoch=259, total_rounds=66, total_fda_steps=1215, accuracy=0.982200026512146)
EpochMetrics(epoch=260, total_rounds=66, total_fda_steps=1219, accuracy=0.982200026512146)
EpochMetrics(epoch=261, total_rounds=66, total_fda_steps=1224, accuracy=0.9822999835014343)
EpochMetrics(epoch=262, total_rounds=66, total_fda_steps=1229, accuracy=0.982699990272522)
EpochMetrics(epoch=263, total_rounds=66, total_fda_steps=1233, accuracy=0.982200026512146)
EpochMetrics(epoch=264, total_rounds=67, total_fda_steps=1238, accuracy=0.9825000166893005)
EpochMetrics(epoch=265, total_rounds=67, total_fda_steps=1243, accuracy=0.9825000166893005)
EpochMetrics(epoch=266, total_rounds=67, total_fda_steps=1247, accuracy=0.9824000000953674)
EpochMetrics(epoch=267, total_rounds=67, total_fda_steps=1252, accuracy=0.9824000000953674)
EpochMetrics(epoch=268, total_rounds=67, total_fda_steps=1257, accuracy=0.9825999736785889)
EpochMetrics(epoch=269, total_rounds=67, total_fda_steps=1261, accuracy=0.9824000000953674)
EpochMetrics(epoch=270, total_rounds=68, total_fda_steps=1266, accuracy=0.9829000234603882)
EpochMetrics(epoch=271, total_rounds=68, total_fda_steps=1271, accuracy=0.9822999835014343)
EpochMetrics(epoch=272, total_rounds=68, total_fda_steps=1275, accuracy=0.9825999736785889)
EpochMetrics(epoch=273, total_rounds=68, total_fda_steps=1280, accuracy=0.982699990272522)
EpochMetrics(epoch=274, total_rounds=68, total_fda_steps=1285, accuracy=0.982699990272522)
EpochMetrics(epoch=275, total_rounds=69, total_fda_steps=1290, accuracy=0.9822999835014343)
EpochMetrics(epoch=276, total_rounds=69, total_fda_steps=1294, accuracy=0.982699990272522)
EpochMetrics(epoch=277, total_rounds=69, total_fda_steps=1299, accuracy=0.9828000068664551)
EpochMetrics(epoch=278, total_rounds=69, total_fda_steps=1304, accuracy=0.9825999736785889)
EpochMetrics(epoch=279, total_rounds=69, total_fda_steps=1308, accuracy=0.982699990272522)
EpochMetrics(epoch=280, total_rounds=69, total_fda_steps=1313, accuracy=0.9829000234603882)
EpochMetrics(epoch=281, total_rounds=69, total_fda_steps=1318, accuracy=0.9828000068664551)
EpochMetrics(epoch=282, total_rounds=70, total_fda_steps=1322, accuracy=0.9830999970436096)
EpochMetrics(epoch=283, total_rounds=70, total_fda_steps=1327, accuracy=0.983299970626831)
EpochMetrics(epoch=284, total_rounds=70, total_fda_steps=1332, accuracy=0.9829999804496765)
EpochMetrics(epoch=285, total_rounds=70, total_fda_steps=1336, accuracy=0.9830999970436096)
EpochMetrics(epoch=286, total_rounds=70, total_fda_steps=1341, accuracy=0.9832000136375427)
EpochMetrics(epoch=287, total_rounds=70, total_fda_steps=1346, accuracy=0.9830999970436096)
EpochMetrics(epoch=288, total_rounds=71, total_fda_steps=1350, accuracy=0.9828000068664551)
EpochMetrics(epoch=289, total_rounds=71, total_fda_steps=1355, accuracy=0.9836000204086304)
EpochMetrics(epoch=290, total_rounds=71, total_fda_steps=1360, accuracy=0.9832000136375427)
EpochMetrics(epoch=291, total_rounds=71, total_fda_steps=1365, accuracy=0.9830999970436096)
EpochMetrics(epoch=292, total_rounds=71, total_fda_steps=1369, accuracy=0.983299970626831)
EpochMetrics(epoch=293, total_rounds=71, total_fda_steps=1374, accuracy=0.9830999970436096)
EpochMetrics(epoch=294, total_rounds=72, total_fda_steps=1379, accuracy=0.9836000204086304)
EpochMetrics(epoch=295, total_rounds=72, total_fda_steps=1383, accuracy=0.9833999872207642)
EpochMetrics(epoch=296, total_rounds=72, total_fda_steps=1388, accuracy=0.9835000038146973)
EpochMetrics(epoch=297, total_rounds=72, total_fda_steps=1393, accuracy=0.983299970626831)
EpochMetrics(epoch=298, total_rounds=72, total_fda_steps=1397, accuracy=0.9830999970436096)
EpochMetrics(epoch=299, total_rounds=72, total_fda_steps=1402, accuracy=0.9833999872207642)
EpochMetrics(epoch=300, total_rounds=73, total_fda_steps=1407, accuracy=0.983299970626831)
EpochMetrics(epoch=301, total_rounds=73, total_fda_steps=1411, accuracy=0.9833999872207642)
EpochMetrics(epoch=302, total_rounds=73, total_fda_steps=1416, accuracy=0.9836000204086304)
EpochMetrics(epoch=303, total_rounds=73, total_fda_steps=1421, accuracy=0.9833999872207642)
EpochMetrics(epoch=304, total_rounds=73, total_fda_steps=1425, accuracy=0.9833999872207642)
EpochMetrics(epoch=305, total_rounds=73, total_fda_steps=1430, accuracy=0.983299970626831)
EpochMetrics(epoch=306, total_rounds=73, total_fda_steps=1435, accuracy=0.9835000038146973)
EpochMetrics(epoch=307, total_rounds=74, total_fda_steps=1440, accuracy=0.9836999773979187)
EpochMetrics(epoch=308, total_rounds=74, total_fda_steps=1444, accuracy=0.9836000204086304)
EpochMetrics(epoch=309, total_rounds=74, total_fda_steps=1449, accuracy=0.9836999773979187)
EpochMetrics(epoch=310, total_rounds=74, total_fda_steps=1454, accuracy=0.9837999939918518)
EpochMetrics(epoch=311, total_rounds=74, total_fda_steps=1458, accuracy=0.9833999872207642)
EpochMetrics(epoch=312, total_rounds=74, total_fda_steps=1463, accuracy=0.9830999970436096)
EpochMetrics(epoch=313, total_rounds=75, total_fda_steps=1468, accuracy=0.9836999773979187)
EpochMetrics(epoch=314, total_rounds=75, total_fda_steps=1472, accuracy=0.9835000038146973)
EpochMetrics(epoch=315, total_rounds=75, total_fda_steps=1477, accuracy=0.9837999939918518)
EpochMetrics(epoch=316, total_rounds=75, total_fda_steps=1482, accuracy=0.9836000204086304)
EpochMetrics(epoch=317, total_rounds=75, total_fda_steps=1486, accuracy=0.9835000038146973)
EpochMetrics(epoch=318, total_rounds=75, total_fda_steps=1491, accuracy=0.9833999872207642)
EpochMetrics(epoch=319, total_rounds=76, total_fda_steps=1496, accuracy=0.9836000204086304)
EpochMetrics(epoch=320, total_rounds=76, total_fda_steps=1500, accuracy=0.9837999939918518)
EpochMetrics(epoch=321, total_rounds=76, total_fda_steps=1505, accuracy=0.9837999939918518)
EpochMetrics(epoch=322, total_rounds=76, total_fda_steps=1510, accuracy=0.9836000204086304)
EpochMetrics(epoch=323, total_rounds=76, total_fda_steps=1515, accuracy=0.9836999773979187)
EpochMetrics(epoch=324, total_rounds=76, total_fda_steps=1519, accuracy=0.9833999872207642)
EpochMetrics(epoch=325, total_rounds=77, total_fda_steps=1524, accuracy=0.9839000105857849)
EpochMetrics(epoch=326, total_rounds=77, total_fda_steps=1529, accuracy=0.984000027179718)
EpochMetrics(epoch=327, total_rounds=77, total_fda_steps=1533, accuracy=0.984000027179718)
EpochMetrics(epoch=328, total_rounds=77, total_fda_steps=1538, accuracy=0.9840999841690063)
EpochMetrics(epoch=329, total_rounds=77, total_fda_steps=1543, accuracy=0.9837999939918518)
EpochMetrics(epoch=330, total_rounds=77, total_fda_steps=1547, accuracy=0.9836999773979187)
EpochMetrics(epoch=331, total_rounds=77, total_fda_steps=1552, accuracy=0.9835000038146973)
EpochMetrics(epoch=332, total_rounds=78, total_fda_steps=1557, accuracy=0.9836999773979187)
EpochMetrics(epoch=333, total_rounds=78, total_fda_steps=1561, accuracy=0.9839000105857849)
EpochMetrics(epoch=334, total_rounds=78, total_fda_steps=1566, accuracy=0.9842000007629395)
EpochMetrics(epoch=335, total_rounds=78, total_fda_steps=1571, accuracy=0.9840999841690063)
EpochMetrics(epoch=336, total_rounds=78, total_fda_steps=1575, accuracy=0.9840999841690063)
EpochMetrics(epoch=337, total_rounds=78, total_fda_steps=1580, accuracy=0.9836000204086304)
EpochMetrics(epoch=338, total_rounds=79, total_fda_steps=1585, accuracy=0.9839000105857849)
EpochMetrics(epoch=339, total_rounds=79, total_fda_steps=1590, accuracy=0.9842000007629395)
EpochMetrics(epoch=340, total_rounds=79, total_fda_steps=1594, accuracy=0.9839000105857849)
EpochMetrics(epoch=341, total_rounds=79, total_fda_steps=1599, accuracy=0.9839000105857849)
EpochMetrics(epoch=342, total_rounds=79, total_fda_steps=1604, accuracy=0.9840999841690063)
EpochMetrics(epoch=343, total_rounds=79, total_fda_steps=1608, accuracy=0.9833999872207642)
EpochMetrics(epoch=344, total_rounds=79, total_fda_steps=1613, accuracy=0.9836000204086304)
EpochMetrics(epoch=345, total_rounds=80, total_fda_steps=1618, accuracy=0.9835000038146973)
EpochMetrics(epoch=346, total_rounds=80, total_fda_steps=1622, accuracy=0.9839000105857849)
EpochMetrics(epoch=347, total_rounds=80, total_fda_steps=1627, accuracy=0.9840999841690063)
EpochMetrics(epoch=348, total_rounds=80, total_fda_steps=1632, accuracy=0.9840999841690063)
EpochMetrics(epoch=349, total_rounds=80, total_fda_steps=1636, accuracy=0.9840999841690063)
EpochMetrics(epoch=350, total_rounds=80, total_fda_steps=1641, accuracy=0.9842000007629395)
EpochMetrics(epoch=351, total_rounds=80, total_fda_steps=1646, accuracy=0.9842000007629395)
EpochMetrics(epoch=352, total_rounds=81, total_fda_steps=1650, accuracy=0.9837999939918518)
EpochMetrics(epoch=353, total_rounds=81, total_fda_steps=1655, accuracy=0.984000027179718)
EpochMetrics(epoch=354, total_rounds=81, total_fda_steps=1660, accuracy=0.9839000105857849)
EpochMetrics(epoch=355, total_rounds=81, total_fda_steps=1665, accuracy=0.9842000007629395)
EpochMetrics(epoch=356, total_rounds=81, total_fda_steps=1669, accuracy=0.984000027179718)
EpochMetrics(epoch=357, total_rounds=81, total_fda_steps=1674, accuracy=0.984000027179718)
EpochMetrics(epoch=358, total_rounds=81, total_fda_steps=1679, accuracy=0.984000027179718)
EpochMetrics(epoch=359, total_rounds=82, total_fda_steps=1683, accuracy=0.9836999773979187)
EpochMetrics(epoch=360, total_rounds=82, total_fda_steps=1688, accuracy=0.984000027179718)
EpochMetrics(epoch=361, total_rounds=82, total_fda_steps=1693, accuracy=0.9843000173568726)
EpochMetrics(epoch=362, total_rounds=82, total_fda_steps=1697, accuracy=0.984499990940094)
EpochMetrics(epoch=363, total_rounds=82, total_fda_steps=1702, accuracy=0.9842000007629395)
EpochMetrics(epoch=364, total_rounds=82, total_fda_steps=1707, accuracy=0.9840999841690063)
EpochMetrics(epoch=365, total_rounds=82, total_fda_steps=1711, accuracy=0.9842000007629395)
EpochMetrics(epoch=366, total_rounds=83, total_fda_steps=1716, accuracy=0.9843999743461609)
EpochMetrics(epoch=367, total_rounds=83, total_fda_steps=1721, accuracy=0.9843000173568726)
EpochMetrics(epoch=368, total_rounds=83, total_fda_steps=1725, accuracy=0.9846000075340271)
EpochMetrics(epoch=369, total_rounds=83, total_fda_steps=1730, accuracy=0.9846000075340271)
EpochMetrics(epoch=370, total_rounds=83, total_fda_steps=1735, accuracy=0.9846000075340271)
EpochMetrics(epoch=371, total_rounds=83, total_fda_steps=1740, accuracy=0.9842000007629395)
EpochMetrics(epoch=372, total_rounds=83, total_fda_steps=1744, accuracy=0.984000027179718)
EpochMetrics(epoch=373, total_rounds=84, total_fda_steps=1749, accuracy=0.9843999743461609)
EpochMetrics(epoch=374, total_rounds=84, total_fda_steps=1754, accuracy=0.9843999743461609)
EpochMetrics(epoch=375, total_rounds=84, total_fda_steps=1758, accuracy=0.9848999977111816)
EpochMetrics(epoch=376, total_rounds=84, total_fda_steps=1763, accuracy=0.9843999743461609)
EpochMetrics(epoch=377, total_rounds=84, total_fda_steps=1768, accuracy=0.9842000007629395)
EpochMetrics(epoch=378, total_rounds=84, total_fda_steps=1772, accuracy=0.984499990940094)
EpochMetrics(epoch=379, total_rounds=84, total_fda_steps=1777, accuracy=0.984499990940094)
EpochMetrics(epoch=380, total_rounds=85, total_fda_steps=1782, accuracy=0.984499990940094)
EpochMetrics(epoch=381, total_rounds=85, total_fda_steps=1786, accuracy=0.984499990940094)
EpochMetrics(epoch=382, total_rounds=85, total_fda_steps=1791, accuracy=0.9847999811172485)
EpochMetrics(epoch=383, total_rounds=85, total_fda_steps=1796, accuracy=0.9847999811172485)
EpochMetrics(epoch=384, total_rounds=85, total_fda_steps=1800, accuracy=0.9848999977111816)
EpochMetrics(epoch=385, total_rounds=85, total_fda_steps=1805, accuracy=0.9847000241279602)
EpochMetrics(epoch=386, total_rounds=85, total_fda_steps=1810, accuracy=0.9843999743461609)
EpochMetrics(epoch=387, total_rounds=86, total_fda_steps=1815, accuracy=0.9847000241279602)
EpochMetrics(epoch=388, total_rounds=86, total_fda_steps=1819, accuracy=0.9847999811172485)
EpochMetrics(epoch=389, total_rounds=86, total_fda_steps=1824, accuracy=0.9846000075340271)
EpochMetrics(epoch=390, total_rounds=86, total_fda_steps=1829, accuracy=0.9850000143051147)
EpochMetrics(epoch=391, total_rounds=86, total_fda_steps=1833, accuracy=0.9850999712944031)
EpochMetrics(epoch=392, total_rounds=86, total_fda_steps=1838, accuracy=0.9848999977111816)
EpochMetrics(epoch=393, total_rounds=86, total_fda_steps=1843, accuracy=0.984499990940094)
EpochMetrics(epoch=394, total_rounds=87, total_fda_steps=1847, accuracy=0.984499990940094)
EpochMetrics(epoch=395, total_rounds=87, total_fda_steps=1852, accuracy=0.984499990940094)
EpochMetrics(epoch=396, total_rounds=87, total_fda_steps=1857, accuracy=0.9847999811172485)
EpochMetrics(epoch=397, total_rounds=87, total_fda_steps=1861, accuracy=0.9847999811172485)
EpochMetrics(epoch=398, total_rounds=87, total_fda_steps=1866, accuracy=0.9850000143051147)
EpochMetrics(epoch=399, total_rounds=87, total_fda_steps=1871, accuracy=0.9843999743461609)
EpochMetrics(epoch=400, total_rounds=87, total_fda_steps=1875, accuracy=0.9847000241279602)
EpochMetrics(epoch=401, total_rounds=88, total_fda_steps=1880, accuracy=0.9848999977111816)
EpochMetrics(epoch=402, total_rounds=88, total_fda_steps=1885, accuracy=0.9846000075340271)
EpochMetrics(epoch=403, total_rounds=88, total_fda_steps=1890, accuracy=0.9851999878883362)
EpochMetrics(epoch=404, total_rounds=88, total_fda_steps=1894, accuracy=0.9850000143051147)
EpochMetrics(epoch=405, total_rounds=88, total_fda_steps=1899, accuracy=0.9850000143051147)
EpochMetrics(epoch=406, total_rounds=88, total_fda_steps=1904, accuracy=0.9846000075340271)
EpochMetrics(epoch=407, total_rounds=88, total_fda_steps=1908, accuracy=0.9846000075340271)
EpochMetrics(epoch=408, total_rounds=89, total_fda_steps=1913, accuracy=0.9848999977111816)
EpochMetrics(epoch=409, total_rounds=89, total_fda_steps=1918, accuracy=0.9848999977111816)
EpochMetrics(epoch=410, total_rounds=89, total_fda_steps=1922, accuracy=0.9850999712944031)
EpochMetrics(epoch=411, total_rounds=89, total_fda_steps=1927, accuracy=0.9850999712944031)
EpochMetrics(epoch=412, total_rounds=89, total_fda_steps=1932, accuracy=0.9848999977111816)
EpochMetrics(epoch=413, total_rounds=89, total_fda_steps=1936, accuracy=0.9850000143051147)
EpochMetrics(epoch=414, total_rounds=89, total_fda_steps=1941, accuracy=0.9851999878883362)
EpochMetrics(epoch=415, total_rounds=89, total_fda_steps=1946, accuracy=0.9853000044822693)
EpochMetrics(epoch=416, total_rounds=90, total_fda_steps=1950, accuracy=0.9850000143051147)
EpochMetrics(epoch=417, total_rounds=90, total_fda_steps=1955, accuracy=0.9847999811172485)
EpochMetrics(epoch=418, total_rounds=90, total_fda_steps=1960, accuracy=0.9850999712944031)
EpochMetrics(epoch=419, total_rounds=90, total_fda_steps=1965, accuracy=0.9850999712944031)
EpochMetrics(epoch=420, total_rounds=90, total_fda_steps=1969, accuracy=0.9848999977111816)
EpochMetrics(epoch=421, total_rounds=90, total_fda_steps=1974, accuracy=0.9850000143051147)
EpochMetrics(epoch=422, total_rounds=90, total_fda_steps=1979, accuracy=0.9850999712944031)
EpochMetrics(epoch=423, total_rounds=91, total_fda_steps=1983, accuracy=0.9854000210762024)
EpochMetrics(epoch=424, total_rounds=91, total_fda_steps=1988, accuracy=0.9850000143051147)
EpochMetrics(epoch=425, total_rounds=91, total_fda_steps=1993, accuracy=0.9851999878883362)
EpochMetrics(epoch=426, total_rounds=91, total_fda_steps=1997, accuracy=0.9846000075340271)
EpochMetrics(epoch=427, total_rounds=91, total_fda_steps=2002, accuracy=0.9850999712944031)
EpochMetrics(epoch=428, total_rounds=91, total_fda_steps=2007, accuracy=0.9848999977111816)
EpochMetrics(epoch=429, total_rounds=91, total_fda_steps=2011, accuracy=0.9850000143051147)
EpochMetrics(epoch=430, total_rounds=91, total_fda_steps=2016, accuracy=0.9850999712944031)
EpochMetrics(epoch=431, total_rounds=92, total_fda_steps=2021, accuracy=0.9851999878883362)
EpochMetrics(epoch=432, total_rounds=92, total_fda_steps=2025, accuracy=0.9848999977111816)
EpochMetrics(epoch=433, total_rounds=92, total_fda_steps=2030, accuracy=0.9850999712944031)
EpochMetrics(epoch=434, total_rounds=92, total_fda_steps=2035, accuracy=0.9853000044822693)
EpochMetrics(epoch=435, total_rounds=92, total_fda_steps=2040, accuracy=0.9851999878883362)
EpochMetrics(epoch=436, total_rounds=92, total_fda_steps=2044, accuracy=0.9851999878883362)
EpochMetrics(epoch=437, total_rounds=92, total_fda_steps=2049, accuracy=0.9850999712944031)
EpochMetrics(epoch=438, total_rounds=92, total_fda_steps=2054, accuracy=0.9851999878883362)
EpochMetrics(epoch=439, total_rounds=93, total_fda_steps=2058, accuracy=0.9855999946594238)
EpochMetrics(epoch=440, total_rounds=93, total_fda_steps=2063, accuracy=0.9851999878883362)
EpochMetrics(epoch=441, total_rounds=93, total_fda_steps=2068, accuracy=0.9850000143051147)
EpochMetrics(epoch=442, total_rounds=93, total_fda_steps=2072, accuracy=0.9850000143051147)
EpochMetrics(epoch=443, total_rounds=93, total_fda_steps=2077, accuracy=0.9850000143051147)
EpochMetrics(epoch=444, total_rounds=93, total_fda_steps=2082, accuracy=0.9851999878883362)
EpochMetrics(epoch=445, total_rounds=93, total_fda_steps=2086, accuracy=0.9854000210762024)
EpochMetrics(epoch=446, total_rounds=93, total_fda_steps=2091, accuracy=0.9854999780654907)
EpochMetrics(epoch=447, total_rounds=93, total_fda_steps=2096, accuracy=0.9855999946594238)
EpochMetrics(epoch=448, total_rounds=94, total_fda_steps=2100, accuracy=0.9857000112533569)
EpochMetrics(epoch=449, total_rounds=94, total_fda_steps=2105, accuracy=0.9854000210762024)
EpochMetrics(epoch=450, total_rounds=94, total_fda_steps=2110, accuracy=0.9857000112533569)
EpochMetrics(epoch=451, total_rounds=94, total_fda_steps=2115, accuracy=0.9850999712944031)
EpochMetrics(epoch=452, total_rounds=94, total_fda_steps=2119, accuracy=0.9851999878883362)
EpochMetrics(epoch=453, total_rounds=94, total_fda_steps=2124, accuracy=0.9850000143051147)
EpochMetrics(epoch=454, total_rounds=94, total_fda_steps=2129, accuracy=0.9854000210762024)
EpochMetrics(epoch=455, total_rounds=95, total_fda_steps=2133, accuracy=0.9853000044822693)
EpochMetrics(epoch=456, total_rounds=95, total_fda_steps=2138, accuracy=0.9854000210762024)
EpochMetrics(epoch=457, total_rounds=95, total_fda_steps=2143, accuracy=0.9853000044822693)
EpochMetrics(epoch=458, total_rounds=95, total_fda_steps=2147, accuracy=0.9854999780654907)
EpochMetrics(epoch=459, total_rounds=95, total_fda_steps=2152, accuracy=0.9854000210762024)
EpochMetrics(epoch=460, total_rounds=95, total_fda_steps=2157, accuracy=0.9854000210762024)
EpochMetrics(epoch=461, total_rounds=95, total_fda_steps=2161, accuracy=0.9854000210762024)
EpochMetrics(epoch=462, total_rounds=95, total_fda_steps=2166, accuracy=0.9854999780654907)
EpochMetrics(epoch=463, total_rounds=96, total_fda_steps=2171, accuracy=0.9853000044822693)
EpochMetrics(epoch=464, total_rounds=96, total_fda_steps=2175, accuracy=0.9853000044822693)
EpochMetrics(epoch=465, total_rounds=96, total_fda_steps=2180, accuracy=0.9854999780654907)
EpochMetrics(epoch=466, total_rounds=96, total_fda_steps=2185, accuracy=0.9850999712944031)
EpochMetrics(epoch=467, total_rounds=96, total_fda_steps=2190, accuracy=0.9851999878883362)
EpochMetrics(epoch=468, total_rounds=96, total_fda_steps=2194, accuracy=0.9857000112533569)
EpochMetrics(epoch=469, total_rounds=96, total_fda_steps=2199, accuracy=0.98580002784729)
EpochMetrics(epoch=470, total_rounds=97, total_fda_steps=2204, accuracy=0.9855999946594238)
EpochMetrics(epoch=471, total_rounds=97, total_fda_steps=2208, accuracy=0.98580002784729)
EpochMetrics(epoch=472, total_rounds=97, total_fda_steps=2213, accuracy=0.9855999946594238)
EpochMetrics(epoch=473, total_rounds=97, total_fda_steps=2218, accuracy=0.9854999780654907)
EpochMetrics(epoch=474, total_rounds=97, total_fda_steps=2222, accuracy=0.9851999878883362)
EpochMetrics(epoch=475, total_rounds=97, total_fda_steps=2227, accuracy=0.9854000210762024)
EpochMetrics(epoch=476, total_rounds=97, total_fda_steps=2232, accuracy=0.9853000044822693)
EpochMetrics(epoch=477, total_rounds=97, total_fda_steps=2236, accuracy=0.9853000044822693)
EpochMetrics(epoch=478, total_rounds=98, total_fda_steps=2241, accuracy=0.9854999780654907)
EpochMetrics(epoch=479, total_rounds=98, total_fda_steps=2246, accuracy=0.98580002784729)
EpochMetrics(epoch=480, total_rounds=98, total_fda_steps=2250, accuracy=0.9854000210762024)
EpochMetrics(epoch=481, total_rounds=98, total_fda_steps=2255, accuracy=0.9857000112533569)
EpochMetrics(epoch=482, total_rounds=98, total_fda_steps=2260, accuracy=0.9853000044822693)
EpochMetrics(epoch=483, total_rounds=98, total_fda_steps=2265, accuracy=0.9854999780654907)
EpochMetrics(epoch=484, total_rounds=98, total_fda_steps=2269, accuracy=0.9854999780654907)
EpochMetrics(epoch=485, total_rounds=99, total_fda_steps=2274, accuracy=0.9854999780654907)
EpochMetrics(epoch=486, total_rounds=99, total_fda_steps=2279, accuracy=0.9861000180244446)
EpochMetrics(epoch=487, total_rounds=99, total_fda_steps=2283, accuracy=0.9855999946594238)
EpochMetrics(epoch=488, total_rounds=99, total_fda_steps=2288, accuracy=0.98580002784729)
EpochMetrics(epoch=489, total_rounds=99, total_fda_steps=2293, accuracy=0.9853000044822693)
EpochMetrics(epoch=490, total_rounds=99, total_fda_steps=2297, accuracy=0.9851999878883362)
EpochMetrics(epoch=491, total_rounds=99, total_fda_steps=2302, accuracy=0.9854000210762024)
EpochMetrics(epoch=492, total_rounds=99, total_fda_steps=2307, accuracy=0.9855999946594238)
EpochMetrics(epoch=493, total_rounds=100, total_fda_steps=2311, accuracy=0.9860000014305115)
EpochMetrics(epoch=494, total_rounds=100, total_fda_steps=2316, accuracy=0.9854000210762024)
EpochMetrics(epoch=495, total_rounds=100, total_fda_steps=2321, accuracy=0.9853000044822693)
EpochMetrics(epoch=496, total_rounds=100, total_fda_steps=2325, accuracy=0.9854000210762024)
EpochMetrics(epoch=497, total_rounds=100, total_fda_steps=2330, accuracy=0.9854000210762024)
EpochMetrics(epoch=498, total_rounds=100, total_fda_steps=2335, accuracy=0.9853000044822693)
EpochMetrics(epoch=499, total_rounds=100, total_fda_steps=2340, accuracy=0.9853000044822693)
EpochMetrics(epoch=500, total_rounds=100, total_fda_steps=2344, accuracy=0.9853000044822693)

------------ Finished Testing : ------------
NN name : LeNet-5
FDA name : naive
Num Clients : 50
Batch size : 256
Num Epochs : 500
Number of steps until we check RTC : 1
Theta : 1.0
Total simulation time: 15526.269973993301 sec
-----------------------------------------

