Num GPUs Available:  1

------------ Current Test : ------------
NN name : LeNet-5
FDA name : naive
Num Clients : 45
Batch size : 256
Num Epochs : 500
Number of steps until we check RTC : 1
Theta : 1.0
-----------------------------------------

EpochMetrics(epoch=1, total_rounds=2, total_fda_steps=6, accuracy=0.6873000264167786)
EpochMetrics(epoch=2, total_rounds=2, total_fda_steps=11, accuracy=0.7401000261306763)
EpochMetrics(epoch=3, total_rounds=3, total_fda_steps=16, accuracy=0.7714999914169312)
EpochMetrics(epoch=4, total_rounds=4, total_fda_steps=21, accuracy=0.807699978351593)
EpochMetrics(epoch=5, total_rounds=5, total_fda_steps=27, accuracy=0.8463000059127808)
EpochMetrics(epoch=6, total_rounds=6, total_fda_steps=32, accuracy=0.8634999990463257)
EpochMetrics(epoch=7, total_rounds=6, total_fda_steps=37, accuracy=0.8765000104904175)
EpochMetrics(epoch=8, total_rounds=7, total_fda_steps=42, accuracy=0.8847000002861023)
EpochMetrics(epoch=9, total_rounds=7, total_fda_steps=47, accuracy=0.8913000226020813)
EpochMetrics(epoch=10, total_rounds=8, total_fda_steps=53, accuracy=0.8956000208854675)
EpochMetrics(epoch=11, total_rounds=8, total_fda_steps=58, accuracy=0.8978999853134155)
EpochMetrics(epoch=12, total_rounds=8, total_fda_steps=63, accuracy=0.9016000032424927)
EpochMetrics(epoch=13, total_rounds=9, total_fda_steps=68, accuracy=0.9036999940872192)
EpochMetrics(epoch=14, total_rounds=9, total_fda_steps=73, accuracy=0.9071999788284302)
EpochMetrics(epoch=15, total_rounds=10, total_fda_steps=79, accuracy=0.9075000286102295)
EpochMetrics(epoch=16, total_rounds=10, total_fda_steps=84, accuracy=0.9104999899864197)
EpochMetrics(epoch=17, total_rounds=10, total_fda_steps=89, accuracy=0.9122999906539917)
EpochMetrics(epoch=18, total_rounds=11, total_fda_steps=94, accuracy=0.9138000011444092)
EpochMetrics(epoch=19, total_rounds=11, total_fda_steps=99, accuracy=0.9156000018119812)
EpochMetrics(epoch=20, total_rounds=11, total_fda_steps=105, accuracy=0.9174000024795532)
EpochMetrics(epoch=21, total_rounds=12, total_fda_steps=110, accuracy=0.9178000092506409)
EpochMetrics(epoch=22, total_rounds=12, total_fda_steps=115, accuracy=0.9200000166893005)
EpochMetrics(epoch=23, total_rounds=12, total_fda_steps=120, accuracy=0.9211999773979187)
EpochMetrics(epoch=24, total_rounds=13, total_fda_steps=125, accuracy=0.9232000112533569)
EpochMetrics(epoch=25, total_rounds=13, total_fda_steps=131, accuracy=0.9254000186920166)
EpochMetrics(epoch=26, total_rounds=13, total_fda_steps=136, accuracy=0.9258999824523926)
EpochMetrics(epoch=27, total_rounds=14, total_fda_steps=141, accuracy=0.926800012588501)
EpochMetrics(epoch=28, total_rounds=14, total_fda_steps=146, accuracy=0.9294000267982483)
EpochMetrics(epoch=29, total_rounds=14, total_fda_steps=152, accuracy=0.930400013923645)
EpochMetrics(epoch=30, total_rounds=15, total_fda_steps=157, accuracy=0.9330999851226807)
EpochMetrics(epoch=31, total_rounds=15, total_fda_steps=162, accuracy=0.9340999722480774)
EpochMetrics(epoch=32, total_rounds=15, total_fda_steps=167, accuracy=0.9352999925613403)
EpochMetrics(epoch=33, total_rounds=15, total_fda_steps=172, accuracy=0.9359999895095825)
EpochMetrics(epoch=34, total_rounds=16, total_fda_steps=178, accuracy=0.9376000165939331)
EpochMetrics(epoch=35, total_rounds=16, total_fda_steps=183, accuracy=0.9377999901771545)
EpochMetrics(epoch=36, total_rounds=16, total_fda_steps=188, accuracy=0.9387999773025513)
EpochMetrics(epoch=37, total_rounds=17, total_fda_steps=193, accuracy=0.939300000667572)
EpochMetrics(epoch=38, total_rounds=17, total_fda_steps=198, accuracy=0.9404000043869019)
EpochMetrics(epoch=39, total_rounds=17, total_fda_steps=204, accuracy=0.941100001335144)
EpochMetrics(epoch=40, total_rounds=18, total_fda_steps=209, accuracy=0.942300021648407)
EpochMetrics(epoch=41, total_rounds=18, total_fda_steps=214, accuracy=0.9433000087738037)
EpochMetrics(epoch=42, total_rounds=18, total_fda_steps=219, accuracy=0.9441999793052673)
EpochMetrics(epoch=43, total_rounds=19, total_fda_steps=224, accuracy=0.9458000063896179)
EpochMetrics(epoch=44, total_rounds=19, total_fda_steps=230, accuracy=0.9466999769210815)
EpochMetrics(epoch=45, total_rounds=19, total_fda_steps=235, accuracy=0.9469000101089478)
EpochMetrics(epoch=46, total_rounds=20, total_fda_steps=240, accuracy=0.9474999904632568)
EpochMetrics(epoch=47, total_rounds=20, total_fda_steps=245, accuracy=0.9491000175476074)
EpochMetrics(epoch=48, total_rounds=20, total_fda_steps=250, accuracy=0.9488999843597412)
EpochMetrics(epoch=49, total_rounds=21, total_fda_steps=256, accuracy=0.9502999782562256)
EpochMetrics(epoch=50, total_rounds=21, total_fda_steps=261, accuracy=0.9514999985694885)
EpochMetrics(epoch=51, total_rounds=21, total_fda_steps=266, accuracy=0.9514999985694885)
EpochMetrics(epoch=52, total_rounds=22, total_fda_steps=271, accuracy=0.9520000219345093)
EpochMetrics(epoch=53, total_rounds=22, total_fda_steps=277, accuracy=0.9528999924659729)
EpochMetrics(epoch=54, total_rounds=22, total_fda_steps=282, accuracy=0.9531999826431274)
EpochMetrics(epoch=55, total_rounds=23, total_fda_steps=287, accuracy=0.9535999894142151)
EpochMetrics(epoch=56, total_rounds=23, total_fda_steps=292, accuracy=0.9539999961853027)
EpochMetrics(epoch=57, total_rounds=23, total_fda_steps=297, accuracy=0.954800009727478)
EpochMetrics(epoch=58, total_rounds=23, total_fda_steps=303, accuracy=0.9545000195503235)
EpochMetrics(epoch=59, total_rounds=24, total_fda_steps=308, accuracy=0.9559000134468079)
EpochMetrics(epoch=60, total_rounds=24, total_fda_steps=313, accuracy=0.9563000202178955)
EpochMetrics(epoch=61, total_rounds=24, total_fda_steps=318, accuracy=0.9563999772071838)
EpochMetrics(epoch=62, total_rounds=25, total_fda_steps=323, accuracy=0.957099974155426)
EpochMetrics(epoch=63, total_rounds=25, total_fda_steps=329, accuracy=0.9574000239372253)
EpochMetrics(epoch=64, total_rounds=25, total_fda_steps=334, accuracy=0.9573000073432922)
EpochMetrics(epoch=65, total_rounds=26, total_fda_steps=339, accuracy=0.9575999975204468)
EpochMetrics(epoch=66, total_rounds=26, total_fda_steps=344, accuracy=0.9580000042915344)
EpochMetrics(epoch=67, total_rounds=26, total_fda_steps=349, accuracy=0.9580000042915344)
EpochMetrics(epoch=68, total_rounds=27, total_fda_steps=355, accuracy=0.9595999717712402)
EpochMetrics(epoch=69, total_rounds=27, total_fda_steps=360, accuracy=0.9599999785423279)
EpochMetrics(epoch=70, total_rounds=27, total_fda_steps=365, accuracy=0.960099995136261)
EpochMetrics(epoch=71, total_rounds=27, total_fda_steps=370, accuracy=0.9606999754905701)
EpochMetrics(epoch=72, total_rounds=28, total_fda_steps=375, accuracy=0.9609000086784363)
EpochMetrics(epoch=73, total_rounds=28, total_fda_steps=381, accuracy=0.9611999988555908)
EpochMetrics(epoch=74, total_rounds=28, total_fda_steps=386, accuracy=0.9623000025749207)
EpochMetrics(epoch=75, total_rounds=29, total_fda_steps=391, accuracy=0.9628000259399414)
EpochMetrics(epoch=76, total_rounds=29, total_fda_steps=396, accuracy=0.9635999798774719)
EpochMetrics(epoch=77, total_rounds=29, total_fda_steps=402, accuracy=0.9635999798774719)
EpochMetrics(epoch=78, total_rounds=30, total_fda_steps=407, accuracy=0.9632999897003174)
EpochMetrics(epoch=79, total_rounds=30, total_fda_steps=412, accuracy=0.9638000130653381)
EpochMetrics(epoch=80, total_rounds=30, total_fda_steps=417, accuracy=0.9642000198364258)
EpochMetrics(epoch=81, total_rounds=30, total_fda_steps=422, accuracy=0.9642999768257141)
EpochMetrics(epoch=82, total_rounds=31, total_fda_steps=428, accuracy=0.9652000069618225)
EpochMetrics(epoch=83, total_rounds=31, total_fda_steps=433, accuracy=0.965399980545044)
EpochMetrics(epoch=84, total_rounds=31, total_fda_steps=438, accuracy=0.9648000001907349)
EpochMetrics(epoch=85, total_rounds=32, total_fda_steps=443, accuracy=0.9660000205039978)
EpochMetrics(epoch=86, total_rounds=32, total_fda_steps=448, accuracy=0.9660000205039978)
EpochMetrics(epoch=87, total_rounds=32, total_fda_steps=454, accuracy=0.9660999774932861)
EpochMetrics(epoch=88, total_rounds=33, total_fda_steps=459, accuracy=0.9660999774932861)
EpochMetrics(epoch=89, total_rounds=33, total_fda_steps=464, accuracy=0.9666000008583069)
EpochMetrics(epoch=90, total_rounds=33, total_fda_steps=469, accuracy=0.9670000076293945)
EpochMetrics(epoch=91, total_rounds=34, total_fda_steps=474, accuracy=0.9657999873161316)
EpochMetrics(epoch=92, total_rounds=34, total_fda_steps=480, accuracy=0.9677000045776367)
EpochMetrics(epoch=93, total_rounds=34, total_fda_steps=485, accuracy=0.9678000211715698)
EpochMetrics(epoch=94, total_rounds=34, total_fda_steps=490, accuracy=0.9677000045776367)
EpochMetrics(epoch=95, total_rounds=35, total_fda_steps=495, accuracy=0.9686999917030334)
EpochMetrics(epoch=96, total_rounds=35, total_fda_steps=500, accuracy=0.9685999751091003)
EpochMetrics(epoch=97, total_rounds=35, total_fda_steps=506, accuracy=0.9682999849319458)
EpochMetrics(epoch=98, total_rounds=36, total_fda_steps=511, accuracy=0.968500018119812)
EpochMetrics(epoch=99, total_rounds=36, total_fda_steps=516, accuracy=0.9685999751091003)
EpochMetrics(epoch=100, total_rounds=36, total_fda_steps=521, accuracy=0.9682999849319458)
EpochMetrics(epoch=101, total_rounds=37, total_fda_steps=527, accuracy=0.9682000279426575)
EpochMetrics(epoch=102, total_rounds=37, total_fda_steps=532, accuracy=0.9692999720573425)
EpochMetrics(epoch=103, total_rounds=37, total_fda_steps=537, accuracy=0.968999981880188)
EpochMetrics(epoch=104, total_rounds=37, total_fda_steps=542, accuracy=0.9692000150680542)
EpochMetrics(epoch=105, total_rounds=38, total_fda_steps=547, accuracy=0.9696000218391418)
EpochMetrics(epoch=106, total_rounds=38, total_fda_steps=553, accuracy=0.9693999886512756)
EpochMetrics(epoch=107, total_rounds=38, total_fda_steps=558, accuracy=0.9696000218391418)
EpochMetrics(epoch=108, total_rounds=39, total_fda_steps=563, accuracy=0.9696999788284302)
EpochMetrics(epoch=109, total_rounds=39, total_fda_steps=568, accuracy=0.9696000218391418)
EpochMetrics(epoch=110, total_rounds=39, total_fda_steps=573, accuracy=0.9700000286102295)
EpochMetrics(epoch=111, total_rounds=39, total_fda_steps=579, accuracy=0.9702000021934509)
EpochMetrics(epoch=112, total_rounds=40, total_fda_steps=584, accuracy=0.9706000089645386)
EpochMetrics(epoch=113, total_rounds=40, total_fda_steps=589, accuracy=0.9710000157356262)
EpochMetrics(epoch=114, total_rounds=40, total_fda_steps=594, accuracy=0.9708999991416931)
EpochMetrics(epoch=115, total_rounds=41, total_fda_steps=599, accuracy=0.9710999727249146)
EpochMetrics(epoch=116, total_rounds=41, total_fda_steps=605, accuracy=0.9718999862670898)
EpochMetrics(epoch=117, total_rounds=41, total_fda_steps=610, accuracy=0.9721999764442444)
EpochMetrics(epoch=118, total_rounds=41, total_fda_steps=615, accuracy=0.9718000292778015)
EpochMetrics(epoch=119, total_rounds=42, total_fda_steps=620, accuracy=0.9722999930381775)
EpochMetrics(epoch=120, total_rounds=42, total_fda_steps=625, accuracy=0.9729999899864197)
EpochMetrics(epoch=121, total_rounds=42, total_fda_steps=631, accuracy=0.9725000262260437)
EpochMetrics(epoch=122, total_rounds=43, total_fda_steps=636, accuracy=0.972100019454956)
EpochMetrics(epoch=123, total_rounds=43, total_fda_steps=641, accuracy=0.972599983215332)
EpochMetrics(epoch=124, total_rounds=43, total_fda_steps=646, accuracy=0.9729999899864197)
EpochMetrics(epoch=125, total_rounds=43, total_fda_steps=652, accuracy=0.9733999967575073)
EpochMetrics(epoch=126, total_rounds=44, total_fda_steps=657, accuracy=0.9735000133514404)
EpochMetrics(epoch=127, total_rounds=44, total_fda_steps=662, accuracy=0.9740999937057495)
EpochMetrics(epoch=128, total_rounds=44, total_fda_steps=667, accuracy=0.9733999967575073)
EpochMetrics(epoch=129, total_rounds=44, total_fda_steps=672, accuracy=0.9735000133514404)
EpochMetrics(epoch=130, total_rounds=45, total_fda_steps=678, accuracy=0.9735000133514404)
EpochMetrics(epoch=131, total_rounds=45, total_fda_steps=683, accuracy=0.9740999937057495)
EpochMetrics(epoch=132, total_rounds=45, total_fda_steps=688, accuracy=0.9739999771118164)
EpochMetrics(epoch=133, total_rounds=46, total_fda_steps=693, accuracy=0.9742000102996826)
EpochMetrics(epoch=134, total_rounds=46, total_fda_steps=698, accuracy=0.9747999906539917)
EpochMetrics(epoch=135, total_rounds=46, total_fda_steps=704, accuracy=0.9749000072479248)
EpochMetrics(epoch=136, total_rounds=46, total_fda_steps=709, accuracy=0.9750999808311462)
EpochMetrics(epoch=137, total_rounds=47, total_fda_steps=714, accuracy=0.9746000170707703)
EpochMetrics(epoch=138, total_rounds=47, total_fda_steps=719, accuracy=0.9757000207901001)
EpochMetrics(epoch=139, total_rounds=47, total_fda_steps=724, accuracy=0.9753999710083008)
EpochMetrics(epoch=140, total_rounds=47, total_fda_steps=730, accuracy=0.9753000140190125)
EpochMetrics(epoch=141, total_rounds=48, total_fda_steps=735, accuracy=0.9758999943733215)
EpochMetrics(epoch=142, total_rounds=48, total_fda_steps=740, accuracy=0.9761000275611877)
EpochMetrics(epoch=143, total_rounds=48, total_fda_steps=745, accuracy=0.9760000109672546)
EpochMetrics(epoch=144, total_rounds=48, total_fda_steps=750, accuracy=0.9758999943733215)
EpochMetrics(epoch=145, total_rounds=49, total_fda_steps=756, accuracy=0.9764999747276306)
EpochMetrics(epoch=146, total_rounds=49, total_fda_steps=761, accuracy=0.9768999814987183)
EpochMetrics(epoch=147, total_rounds=49, total_fda_steps=766, accuracy=0.9764000177383423)
EpochMetrics(epoch=148, total_rounds=50, total_fda_steps=771, accuracy=0.9765999913215637)
EpochMetrics(epoch=149, total_rounds=50, total_fda_steps=777, accuracy=0.9761999845504761)
EpochMetrics(epoch=150, total_rounds=50, total_fda_steps=782, accuracy=0.9767000079154968)
EpochMetrics(epoch=151, total_rounds=50, total_fda_steps=787, accuracy=0.9767000079154968)
EpochMetrics(epoch=152, total_rounds=51, total_fda_steps=792, accuracy=0.9767000079154968)
EpochMetrics(epoch=153, total_rounds=51, total_fda_steps=797, accuracy=0.9764999747276306)
EpochMetrics(epoch=154, total_rounds=51, total_fda_steps=803, accuracy=0.9769999980926514)
EpochMetrics(epoch=155, total_rounds=51, total_fda_steps=808, accuracy=0.9769999980926514)
EpochMetrics(epoch=156, total_rounds=52, total_fda_steps=813, accuracy=0.9767000079154968)
EpochMetrics(epoch=157, total_rounds=52, total_fda_steps=818, accuracy=0.9768000245094299)
EpochMetrics(epoch=158, total_rounds=52, total_fda_steps=823, accuracy=0.9769999980926514)
EpochMetrics(epoch=159, total_rounds=52, total_fda_steps=829, accuracy=0.9768999814987183)
EpochMetrics(epoch=160, total_rounds=53, total_fda_steps=834, accuracy=0.9772999882698059)
EpochMetrics(epoch=161, total_rounds=53, total_fda_steps=839, accuracy=0.9771999716758728)
EpochMetrics(epoch=162, total_rounds=53, total_fda_steps=844, accuracy=0.9771000146865845)
EpochMetrics(epoch=163, total_rounds=53, total_fda_steps=849, accuracy=0.9775000214576721)
EpochMetrics(epoch=164, total_rounds=54, total_fda_steps=855, accuracy=0.9775000214576721)
EpochMetrics(epoch=165, total_rounds=54, total_fda_steps=860, accuracy=0.9772999882698059)
EpochMetrics(epoch=166, total_rounds=54, total_fda_steps=865, accuracy=0.9772999882698059)
EpochMetrics(epoch=167, total_rounds=54, total_fda_steps=870, accuracy=0.9775000214576721)
EpochMetrics(epoch=168, total_rounds=55, total_fda_steps=875, accuracy=0.9775999784469604)
EpochMetrics(epoch=169, total_rounds=55, total_fda_steps=881, accuracy=0.9776999950408936)
EpochMetrics(epoch=170, total_rounds=55, total_fda_steps=886, accuracy=0.9778000116348267)
EpochMetrics(epoch=171, total_rounds=55, total_fda_steps=891, accuracy=0.9776999950408936)
EpochMetrics(epoch=172, total_rounds=56, total_fda_steps=896, accuracy=0.9781000018119812)
EpochMetrics(epoch=173, total_rounds=56, total_fda_steps=902, accuracy=0.9779000282287598)
EpochMetrics(epoch=174, total_rounds=56, total_fda_steps=907, accuracy=0.9775999784469604)
EpochMetrics(epoch=175, total_rounds=56, total_fda_steps=912, accuracy=0.9779999852180481)
EpochMetrics(epoch=176, total_rounds=57, total_fda_steps=917, accuracy=0.978600025177002)
EpochMetrics(epoch=177, total_rounds=57, total_fda_steps=922, accuracy=0.9787999987602234)
EpochMetrics(epoch=178, total_rounds=57, total_fda_steps=928, accuracy=0.9785000085830688)
EpochMetrics(epoch=179, total_rounds=57, total_fda_steps=933, accuracy=0.9776999950408936)
EpochMetrics(epoch=180, total_rounds=58, total_fda_steps=938, accuracy=0.9789000153541565)
EpochMetrics(epoch=181, total_rounds=58, total_fda_steps=943, accuracy=0.9787999987602234)
EpochMetrics(epoch=182, total_rounds=58, total_fda_steps=948, accuracy=0.9783999919891357)
EpochMetrics(epoch=183, total_rounds=58, total_fda_steps=954, accuracy=0.9783999919891357)
EpochMetrics(epoch=184, total_rounds=59, total_fda_steps=959, accuracy=0.9793000221252441)
EpochMetrics(epoch=185, total_rounds=59, total_fda_steps=964, accuracy=0.9787999987602234)
EpochMetrics(epoch=186, total_rounds=59, total_fda_steps=969, accuracy=0.978600025177002)
EpochMetrics(epoch=187, total_rounds=59, total_fda_steps=974, accuracy=0.9782999753952026)
EpochMetrics(epoch=188, total_rounds=60, total_fda_steps=980, accuracy=0.9797999858856201)
EpochMetrics(epoch=189, total_rounds=60, total_fda_steps=985, accuracy=0.9790999889373779)
EpochMetrics(epoch=190, total_rounds=60, total_fda_steps=990, accuracy=0.9790999889373779)
EpochMetrics(epoch=191, total_rounds=60, total_fda_steps=995, accuracy=0.9782999753952026)
EpochMetrics(epoch=192, total_rounds=61, total_fda_steps=1000, accuracy=0.9796000123023987)
EpochMetrics(epoch=193, total_rounds=61, total_fda_steps=1006, accuracy=0.9789000153541565)
EpochMetrics(epoch=194, total_rounds=61, total_fda_steps=1011, accuracy=0.9785000085830688)
EpochMetrics(epoch=195, total_rounds=61, total_fda_steps=1016, accuracy=0.9789999723434448)
EpochMetrics(epoch=196, total_rounds=62, total_fda_steps=1021, accuracy=0.9793000221252441)
EpochMetrics(epoch=197, total_rounds=62, total_fda_steps=1027, accuracy=0.9799000024795532)
EpochMetrics(epoch=198, total_rounds=62, total_fda_steps=1032, accuracy=0.9787999987602234)
EpochMetrics(epoch=199, total_rounds=62, total_fda_steps=1037, accuracy=0.9787999987602234)
EpochMetrics(epoch=200, total_rounds=63, total_fda_steps=1042, accuracy=0.9793000221252441)
EpochMetrics(epoch=201, total_rounds=63, total_fda_steps=1047, accuracy=0.9800999760627747)
EpochMetrics(epoch=202, total_rounds=63, total_fda_steps=1053, accuracy=0.9790999889373779)
EpochMetrics(epoch=203, total_rounds=63, total_fda_steps=1058, accuracy=0.9794999957084656)
EpochMetrics(epoch=204, total_rounds=63, total_fda_steps=1063, accuracy=0.979200005531311)
EpochMetrics(epoch=205, total_rounds=64, total_fda_steps=1068, accuracy=0.9800999760627747)
EpochMetrics(epoch=206, total_rounds=64, total_fda_steps=1073, accuracy=0.9801999926567078)
EpochMetrics(epoch=207, total_rounds=64, total_fda_steps=1079, accuracy=0.9796000123023987)
EpochMetrics(epoch=208, total_rounds=64, total_fda_steps=1084, accuracy=0.9797000288963318)
EpochMetrics(epoch=209, total_rounds=65, total_fda_steps=1089, accuracy=0.9800000190734863)
EpochMetrics(epoch=210, total_rounds=65, total_fda_steps=1094, accuracy=0.9793000221252441)
EpochMetrics(epoch=211, total_rounds=65, total_fda_steps=1099, accuracy=0.9797000288963318)
EpochMetrics(epoch=212, total_rounds=65, total_fda_steps=1105, accuracy=0.979200005531311)
EpochMetrics(epoch=213, total_rounds=66, total_fda_steps=1110, accuracy=0.9794999957084656)
EpochMetrics(epoch=214, total_rounds=66, total_fda_steps=1115, accuracy=0.9805999994277954)
EpochMetrics(epoch=215, total_rounds=66, total_fda_steps=1120, accuracy=0.9800999760627747)
EpochMetrics(epoch=216, total_rounds=66, total_fda_steps=1125, accuracy=0.9801999926567078)
EpochMetrics(epoch=217, total_rounds=66, total_fda_steps=1131, accuracy=0.9797000288963318)
EpochMetrics(epoch=218, total_rounds=67, total_fda_steps=1136, accuracy=0.9800000190734863)
EpochMetrics(epoch=219, total_rounds=67, total_fda_steps=1141, accuracy=0.9800999760627747)
EpochMetrics(epoch=220, total_rounds=67, total_fda_steps=1146, accuracy=0.98089998960495)
EpochMetrics(epoch=221, total_rounds=67, total_fda_steps=1152, accuracy=0.9803000092506409)
EpochMetrics(epoch=222, total_rounds=67, total_fda_steps=1157, accuracy=0.9800000190734863)
EpochMetrics(epoch=223, total_rounds=68, total_fda_steps=1162, accuracy=0.9803000092506409)
EpochMetrics(epoch=224, total_rounds=68, total_fda_steps=1167, accuracy=0.9804999828338623)
EpochMetrics(epoch=225, total_rounds=68, total_fda_steps=1172, accuracy=0.9807000160217285)
EpochMetrics(epoch=226, total_rounds=68, total_fda_steps=1178, accuracy=0.9805999994277954)
EpochMetrics(epoch=227, total_rounds=69, total_fda_steps=1183, accuracy=0.980400025844574)
EpochMetrics(epoch=228, total_rounds=69, total_fda_steps=1188, accuracy=0.9807999730110168)
EpochMetrics(epoch=229, total_rounds=69, total_fda_steps=1193, accuracy=0.9807999730110168)
EpochMetrics(epoch=230, total_rounds=69, total_fda_steps=1198, accuracy=0.9807000160217285)
EpochMetrics(epoch=231, total_rounds=69, total_fda_steps=1204, accuracy=0.9805999994277954)
EpochMetrics(epoch=232, total_rounds=70, total_fda_steps=1209, accuracy=0.9805999994277954)
EpochMetrics(epoch=233, total_rounds=70, total_fda_steps=1214, accuracy=0.98089998960495)
EpochMetrics(epoch=234, total_rounds=70, total_fda_steps=1219, accuracy=0.98089998960495)
EpochMetrics(epoch=235, total_rounds=70, total_fda_steps=1224, accuracy=0.9811999797821045)
EpochMetrics(epoch=236, total_rounds=71, total_fda_steps=1230, accuracy=0.9807000160217285)
EpochMetrics(epoch=237, total_rounds=71, total_fda_steps=1235, accuracy=0.9810000061988831)
EpochMetrics(epoch=238, total_rounds=71, total_fda_steps=1240, accuracy=0.9810000061988831)
EpochMetrics(epoch=239, total_rounds=71, total_fda_steps=1245, accuracy=0.9815000295639038)
EpochMetrics(epoch=240, total_rounds=71, total_fda_steps=1250, accuracy=0.9815000295639038)
EpochMetrics(epoch=241, total_rounds=72, total_fda_steps=1256, accuracy=0.9811000227928162)
EpochMetrics(epoch=242, total_rounds=72, total_fda_steps=1261, accuracy=0.9814000129699707)
EpochMetrics(epoch=243, total_rounds=72, total_fda_steps=1266, accuracy=0.9807000160217285)
EpochMetrics(epoch=244, total_rounds=72, total_fda_steps=1271, accuracy=0.9814000129699707)
EpochMetrics(epoch=245, total_rounds=72, total_fda_steps=1277, accuracy=0.9818999767303467)
EpochMetrics(epoch=246, total_rounds=73, total_fda_steps=1282, accuracy=0.9815999865531921)
EpochMetrics(epoch=247, total_rounds=73, total_fda_steps=1287, accuracy=0.9814000129699707)
EpochMetrics(epoch=248, total_rounds=73, total_fda_steps=1292, accuracy=0.9814000129699707)
EpochMetrics(epoch=249, total_rounds=73, total_fda_steps=1297, accuracy=0.9815999865531921)
EpochMetrics(epoch=250, total_rounds=73, total_fda_steps=1303, accuracy=0.9812999963760376)
EpochMetrics(epoch=251, total_rounds=74, total_fda_steps=1308, accuracy=0.9811999797821045)
EpochMetrics(epoch=252, total_rounds=74, total_fda_steps=1313, accuracy=0.9815000295639038)
EpochMetrics(epoch=253, total_rounds=74, total_fda_steps=1318, accuracy=0.9814000129699707)
EpochMetrics(epoch=254, total_rounds=74, total_fda_steps=1323, accuracy=0.9818000197410583)
EpochMetrics(epoch=255, total_rounds=74, total_fda_steps=1329, accuracy=0.9817000031471252)
EpochMetrics(epoch=256, total_rounds=75, total_fda_steps=1334, accuracy=0.9814000129699707)
EpochMetrics(epoch=257, total_rounds=75, total_fda_steps=1339, accuracy=0.9815000295639038)
EpochMetrics(epoch=258, total_rounds=75, total_fda_steps=1344, accuracy=0.9817000031471252)
EpochMetrics(epoch=259, total_rounds=75, total_fda_steps=1349, accuracy=0.9821000099182129)
EpochMetrics(epoch=260, total_rounds=75, total_fda_steps=1355, accuracy=0.9814000129699707)
EpochMetrics(epoch=261, total_rounds=76, total_fda_steps=1360, accuracy=0.9817000031471252)
EpochMetrics(epoch=262, total_rounds=76, total_fda_steps=1365, accuracy=0.9814000129699707)
EpochMetrics(epoch=263, total_rounds=76, total_fda_steps=1370, accuracy=0.9815999865531921)
EpochMetrics(epoch=264, total_rounds=76, total_fda_steps=1375, accuracy=0.9819999933242798)
EpochMetrics(epoch=265, total_rounds=76, total_fda_steps=1381, accuracy=0.9815000295639038)
EpochMetrics(epoch=266, total_rounds=77, total_fda_steps=1386, accuracy=0.9821000099182129)
EpochMetrics(epoch=267, total_rounds=77, total_fda_steps=1391, accuracy=0.9817000031471252)
EpochMetrics(epoch=268, total_rounds=77, total_fda_steps=1396, accuracy=0.9818000197410583)
EpochMetrics(epoch=269, total_rounds=77, total_fda_steps=1402, accuracy=0.9824000000953674)
EpochMetrics(epoch=270, total_rounds=77, total_fda_steps=1407, accuracy=0.9819999933242798)
EpochMetrics(epoch=271, total_rounds=78, total_fda_steps=1412, accuracy=0.9824000000953674)
EpochMetrics(epoch=272, total_rounds=78, total_fda_steps=1417, accuracy=0.9815000295639038)
EpochMetrics(epoch=273, total_rounds=78, total_fda_steps=1422, accuracy=0.9815000295639038)
EpochMetrics(epoch=274, total_rounds=78, total_fda_steps=1428, accuracy=0.982200026512146)
EpochMetrics(epoch=275, total_rounds=78, total_fda_steps=1433, accuracy=0.9822999835014343)
EpochMetrics(epoch=276, total_rounds=79, total_fda_steps=1438, accuracy=0.982200026512146)
EpochMetrics(epoch=277, total_rounds=79, total_fda_steps=1443, accuracy=0.9818999767303467)
EpochMetrics(epoch=278, total_rounds=79, total_fda_steps=1448, accuracy=0.982200026512146)
EpochMetrics(epoch=279, total_rounds=79, total_fda_steps=1454, accuracy=0.9825000166893005)
EpochMetrics(epoch=280, total_rounds=79, total_fda_steps=1459, accuracy=0.9825000166893005)
EpochMetrics(epoch=281, total_rounds=80, total_fda_steps=1464, accuracy=0.9824000000953674)
EpochMetrics(epoch=282, total_rounds=80, total_fda_steps=1469, accuracy=0.9825000166893005)
EpochMetrics(epoch=283, total_rounds=80, total_fda_steps=1474, accuracy=0.9829000234603882)
EpochMetrics(epoch=284, total_rounds=80, total_fda_steps=1480, accuracy=0.982699990272522)
EpochMetrics(epoch=285, total_rounds=80, total_fda_steps=1485, accuracy=0.9824000000953674)
EpochMetrics(epoch=286, total_rounds=81, total_fda_steps=1490, accuracy=0.982699990272522)
EpochMetrics(epoch=287, total_rounds=81, total_fda_steps=1495, accuracy=0.9821000099182129)
EpochMetrics(epoch=288, total_rounds=81, total_fda_steps=1500, accuracy=0.9825999736785889)
EpochMetrics(epoch=289, total_rounds=81, total_fda_steps=1506, accuracy=0.9830999970436096)
EpochMetrics(epoch=290, total_rounds=81, total_fda_steps=1511, accuracy=0.9825999736785889)
EpochMetrics(epoch=291, total_rounds=82, total_fda_steps=1516, accuracy=0.9828000068664551)
EpochMetrics(epoch=292, total_rounds=82, total_fda_steps=1521, accuracy=0.9825000166893005)
EpochMetrics(epoch=293, total_rounds=82, total_fda_steps=1527, accuracy=0.9829000234603882)
EpochMetrics(epoch=294, total_rounds=82, total_fda_steps=1532, accuracy=0.9829000234603882)
EpochMetrics(epoch=295, total_rounds=82, total_fda_steps=1537, accuracy=0.9829000234603882)
EpochMetrics(epoch=296, total_rounds=83, total_fda_steps=1542, accuracy=0.9828000068664551)
EpochMetrics(epoch=297, total_rounds=83, total_fda_steps=1547, accuracy=0.9825999736785889)
EpochMetrics(epoch=298, total_rounds=83, total_fda_steps=1553, accuracy=0.9825999736785889)
EpochMetrics(epoch=299, total_rounds=83, total_fda_steps=1558, accuracy=0.9825999736785889)
EpochMetrics(epoch=300, total_rounds=83, total_fda_steps=1563, accuracy=0.983299970626831)
EpochMetrics(epoch=301, total_rounds=83, total_fda_steps=1568, accuracy=0.9828000068664551)
EpochMetrics(epoch=302, total_rounds=84, total_fda_steps=1573, accuracy=0.9829999804496765)
EpochMetrics(epoch=303, total_rounds=84, total_fda_steps=1579, accuracy=0.9822999835014343)
EpochMetrics(epoch=304, total_rounds=84, total_fda_steps=1584, accuracy=0.9829000234603882)
EpochMetrics(epoch=305, total_rounds=84, total_fda_steps=1589, accuracy=0.9830999970436096)
EpochMetrics(epoch=306, total_rounds=84, total_fda_steps=1594, accuracy=0.9829000234603882)
EpochMetrics(epoch=307, total_rounds=85, total_fda_steps=1599, accuracy=0.9829000234603882)
EpochMetrics(epoch=308, total_rounds=85, total_fda_steps=1605, accuracy=0.9830999970436096)
EpochMetrics(epoch=309, total_rounds=85, total_fda_steps=1610, accuracy=0.9825999736785889)
EpochMetrics(epoch=310, total_rounds=85, total_fda_steps=1615, accuracy=0.9830999970436096)
EpochMetrics(epoch=311, total_rounds=85, total_fda_steps=1620, accuracy=0.9828000068664551)
EpochMetrics(epoch=312, total_rounds=85, total_fda_steps=1625, accuracy=0.9829000234603882)
EpochMetrics(epoch=313, total_rounds=86, total_fda_steps=1631, accuracy=0.9828000068664551)
EpochMetrics(epoch=314, total_rounds=86, total_fda_steps=1636, accuracy=0.9830999970436096)
EpochMetrics(epoch=315, total_rounds=86, total_fda_steps=1641, accuracy=0.9829999804496765)
EpochMetrics(epoch=316, total_rounds=86, total_fda_steps=1646, accuracy=0.9829000234603882)
EpochMetrics(epoch=317, total_rounds=86, total_fda_steps=1652, accuracy=0.983299970626831)
EpochMetrics(epoch=318, total_rounds=87, total_fda_steps=1657, accuracy=0.9830999970436096)
EpochMetrics(epoch=319, total_rounds=87, total_fda_steps=1662, accuracy=0.9829999804496765)
EpochMetrics(epoch=320, total_rounds=87, total_fda_steps=1667, accuracy=0.9836000204086304)
EpochMetrics(epoch=321, total_rounds=87, total_fda_steps=1672, accuracy=0.9829999804496765)
EpochMetrics(epoch=322, total_rounds=87, total_fda_steps=1678, accuracy=0.9830999970436096)
EpochMetrics(epoch=323, total_rounds=87, total_fda_steps=1683, accuracy=0.9829999804496765)
EpochMetrics(epoch=324, total_rounds=88, total_fda_steps=1688, accuracy=0.9833999872207642)
EpochMetrics(epoch=325, total_rounds=88, total_fda_steps=1693, accuracy=0.9836999773979187)
EpochMetrics(epoch=326, total_rounds=88, total_fda_steps=1698, accuracy=0.9836000204086304)
EpochMetrics(epoch=327, total_rounds=88, total_fda_steps=1704, accuracy=0.9835000038146973)
EpochMetrics(epoch=328, total_rounds=88, total_fda_steps=1709, accuracy=0.9832000136375427)
EpochMetrics(epoch=329, total_rounds=89, total_fda_steps=1714, accuracy=0.9829999804496765)
EpochMetrics(epoch=330, total_rounds=89, total_fda_steps=1719, accuracy=0.9840999841690063)
EpochMetrics(epoch=331, total_rounds=89, total_fda_steps=1724, accuracy=0.9828000068664551)
EpochMetrics(epoch=332, total_rounds=89, total_fda_steps=1730, accuracy=0.9829999804496765)
EpochMetrics(epoch=333, total_rounds=89, total_fda_steps=1735, accuracy=0.9836999773979187)
EpochMetrics(epoch=334, total_rounds=89, total_fda_steps=1740, accuracy=0.9833999872207642)
EpochMetrics(epoch=335, total_rounds=90, total_fda_steps=1745, accuracy=0.9836000204086304)
EpochMetrics(epoch=336, total_rounds=90, total_fda_steps=1750, accuracy=0.9837999939918518)
EpochMetrics(epoch=337, total_rounds=90, total_fda_steps=1756, accuracy=0.9836000204086304)
EpochMetrics(epoch=338, total_rounds=90, total_fda_steps=1761, accuracy=0.9836999773979187)
EpochMetrics(epoch=339, total_rounds=90, total_fda_steps=1766, accuracy=0.9833999872207642)
EpochMetrics(epoch=340, total_rounds=90, total_fda_steps=1771, accuracy=0.9832000136375427)
EpochMetrics(epoch=341, total_rounds=91, total_fda_steps=1777, accuracy=0.9836999773979187)
EpochMetrics(epoch=342, total_rounds=91, total_fda_steps=1782, accuracy=0.9833999872207642)
EpochMetrics(epoch=343, total_rounds=91, total_fda_steps=1787, accuracy=0.9837999939918518)
EpochMetrics(epoch=344, total_rounds=91, total_fda_steps=1792, accuracy=0.9835000038146973)
EpochMetrics(epoch=345, total_rounds=91, total_fda_steps=1797, accuracy=0.9832000136375427)
EpochMetrics(epoch=346, total_rounds=92, total_fda_steps=1803, accuracy=0.9835000038146973)
EpochMetrics(epoch=347, total_rounds=92, total_fda_steps=1808, accuracy=0.9837999939918518)
EpochMetrics(epoch=348, total_rounds=92, total_fda_steps=1813, accuracy=0.9837999939918518)
EpochMetrics(epoch=349, total_rounds=92, total_fda_steps=1818, accuracy=0.9840999841690063)
EpochMetrics(epoch=350, total_rounds=92, total_fda_steps=1823, accuracy=0.9835000038146973)
EpochMetrics(epoch=351, total_rounds=92, total_fda_steps=1829, accuracy=0.9832000136375427)
EpochMetrics(epoch=352, total_rounds=93, total_fda_steps=1834, accuracy=0.9839000105857849)
EpochMetrics(epoch=353, total_rounds=93, total_fda_steps=1839, accuracy=0.9839000105857849)
EpochMetrics(epoch=354, total_rounds=93, total_fda_steps=1844, accuracy=0.9839000105857849)
EpochMetrics(epoch=355, total_rounds=93, total_fda_steps=1849, accuracy=0.9842000007629395)
EpochMetrics(epoch=356, total_rounds=93, total_fda_steps=1855, accuracy=0.9837999939918518)
EpochMetrics(epoch=357, total_rounds=93, total_fda_steps=1860, accuracy=0.9836000204086304)
EpochMetrics(epoch=358, total_rounds=94, total_fda_steps=1865, accuracy=0.9836000204086304)
EpochMetrics(epoch=359, total_rounds=94, total_fda_steps=1870, accuracy=0.9842000007629395)
EpochMetrics(epoch=360, total_rounds=94, total_fda_steps=1875, accuracy=0.9836999773979187)
EpochMetrics(epoch=361, total_rounds=94, total_fda_steps=1881, accuracy=0.9839000105857849)
EpochMetrics(epoch=362, total_rounds=94, total_fda_steps=1886, accuracy=0.9843999743461609)
EpochMetrics(epoch=363, total_rounds=94, total_fda_steps=1891, accuracy=0.9833999872207642)
EpochMetrics(epoch=364, total_rounds=95, total_fda_steps=1896, accuracy=0.9835000038146973)
EpochMetrics(epoch=365, total_rounds=95, total_fda_steps=1902, accuracy=0.9843999743461609)
EpochMetrics(epoch=366, total_rounds=95, total_fda_steps=1907, accuracy=0.9840999841690063)
EpochMetrics(epoch=367, total_rounds=95, total_fda_steps=1912, accuracy=0.9839000105857849)
EpochMetrics(epoch=368, total_rounds=95, total_fda_steps=1917, accuracy=0.9840999841690063)
EpochMetrics(epoch=369, total_rounds=95, total_fda_steps=1922, accuracy=0.984000027179718)
EpochMetrics(epoch=370, total_rounds=96, total_fda_steps=1928, accuracy=0.9843000173568726)
EpochMetrics(epoch=371, total_rounds=96, total_fda_steps=1933, accuracy=0.9840999841690063)
EpochMetrics(epoch=372, total_rounds=96, total_fda_steps=1938, accuracy=0.9836999773979187)
EpochMetrics(epoch=373, total_rounds=96, total_fda_steps=1943, accuracy=0.984499990940094)
EpochMetrics(epoch=374, total_rounds=96, total_fda_steps=1948, accuracy=0.9846000075340271)
EpochMetrics(epoch=375, total_rounds=96, total_fda_steps=1954, accuracy=0.9843999743461609)
EpochMetrics(epoch=376, total_rounds=97, total_fda_steps=1959, accuracy=0.9843000173568726)
EpochMetrics(epoch=377, total_rounds=97, total_fda_steps=1964, accuracy=0.984499990940094)
EpochMetrics(epoch=378, total_rounds=97, total_fda_steps=1969, accuracy=0.9843999743461609)
EpochMetrics(epoch=379, total_rounds=97, total_fda_steps=1974, accuracy=0.9846000075340271)
EpochMetrics(epoch=380, total_rounds=97, total_fda_steps=1980, accuracy=0.9847000241279602)
EpochMetrics(epoch=381, total_rounds=97, total_fda_steps=1985, accuracy=0.9840999841690063)
EpochMetrics(epoch=382, total_rounds=98, total_fda_steps=1990, accuracy=0.9843000173568726)
EpochMetrics(epoch=383, total_rounds=98, total_fda_steps=1995, accuracy=0.9847000241279602)
EpochMetrics(epoch=384, total_rounds=98, total_fda_steps=2000, accuracy=0.9846000075340271)
EpochMetrics(epoch=385, total_rounds=98, total_fda_steps=2006, accuracy=0.9840999841690063)
EpochMetrics(epoch=386, total_rounds=98, total_fda_steps=2011, accuracy=0.984499990940094)
EpochMetrics(epoch=387, total_rounds=98, total_fda_steps=2016, accuracy=0.9843000173568726)
EpochMetrics(epoch=388, total_rounds=99, total_fda_steps=2021, accuracy=0.9846000075340271)
EpochMetrics(epoch=389, total_rounds=99, total_fda_steps=2027, accuracy=0.9847000241279602)
EpochMetrics(epoch=390, total_rounds=99, total_fda_steps=2032, accuracy=0.9843999743461609)
EpochMetrics(epoch=391, total_rounds=99, total_fda_steps=2037, accuracy=0.9847999811172485)
EpochMetrics(epoch=392, total_rounds=99, total_fda_steps=2042, accuracy=0.984499990940094)
EpochMetrics(epoch=393, total_rounds=99, total_fda_steps=2047, accuracy=0.9843999743461609)
EpochMetrics(epoch=394, total_rounds=100, total_fda_steps=2053, accuracy=0.9847000241279602)
EpochMetrics(epoch=395, total_rounds=100, total_fda_steps=2058, accuracy=0.9848999977111816)
EpochMetrics(epoch=396, total_rounds=100, total_fda_steps=2063, accuracy=0.984499990940094)
EpochMetrics(epoch=397, total_rounds=100, total_fda_steps=2068, accuracy=0.9848999977111816)
EpochMetrics(epoch=398, total_rounds=100, total_fda_steps=2073, accuracy=0.9850000143051147)
EpochMetrics(epoch=399, total_rounds=100, total_fda_steps=2079, accuracy=0.9843999743461609)
EpochMetrics(epoch=400, total_rounds=101, total_fda_steps=2084, accuracy=0.9846000075340271)
EpochMetrics(epoch=401, total_rounds=101, total_fda_steps=2089, accuracy=0.9847999811172485)
EpochMetrics(epoch=402, total_rounds=101, total_fda_steps=2094, accuracy=0.9843999743461609)
EpochMetrics(epoch=403, total_rounds=101, total_fda_steps=2099, accuracy=0.9847999811172485)
EpochMetrics(epoch=404, total_rounds=101, total_fda_steps=2105, accuracy=0.9850000143051147)
EpochMetrics(epoch=405, total_rounds=101, total_fda_steps=2110, accuracy=0.9846000075340271)
EpochMetrics(epoch=406, total_rounds=101, total_fda_steps=2115, accuracy=0.984499990940094)
EpochMetrics(epoch=407, total_rounds=102, total_fda_steps=2120, accuracy=0.9846000075340271)
EpochMetrics(epoch=408, total_rounds=102, total_fda_steps=2125, accuracy=0.9847999811172485)
EpochMetrics(epoch=409, total_rounds=102, total_fda_steps=2131, accuracy=0.9847000241279602)
EpochMetrics(epoch=410, total_rounds=102, total_fda_steps=2136, accuracy=0.9850999712944031)
EpochMetrics(epoch=411, total_rounds=102, total_fda_steps=2141, accuracy=0.9848999977111816)
EpochMetrics(epoch=412, total_rounds=102, total_fda_steps=2146, accuracy=0.9847000241279602)
EpochMetrics(epoch=413, total_rounds=103, total_fda_steps=2152, accuracy=0.9847000241279602)
EpochMetrics(epoch=414, total_rounds=103, total_fda_steps=2157, accuracy=0.984499990940094)
EpochMetrics(epoch=415, total_rounds=103, total_fda_steps=2162, accuracy=0.9842000007629395)
EpochMetrics(epoch=416, total_rounds=103, total_fda_steps=2167, accuracy=0.9850000143051147)
EpochMetrics(epoch=417, total_rounds=103, total_fda_steps=2172, accuracy=0.9847999811172485)
EpochMetrics(epoch=418, total_rounds=103, total_fda_steps=2178, accuracy=0.9846000075340271)
EpochMetrics(epoch=419, total_rounds=103, total_fda_steps=2183, accuracy=0.9847999811172485)
EpochMetrics(epoch=420, total_rounds=104, total_fda_steps=2188, accuracy=0.9848999977111816)
EpochMetrics(epoch=421, total_rounds=104, total_fda_steps=2193, accuracy=0.9851999878883362)
EpochMetrics(epoch=422, total_rounds=104, total_fda_steps=2198, accuracy=0.9851999878883362)
EpochMetrics(epoch=423, total_rounds=104, total_fda_steps=2204, accuracy=0.9851999878883362)
EpochMetrics(epoch=424, total_rounds=104, total_fda_steps=2209, accuracy=0.9850999712944031)
EpochMetrics(epoch=425, total_rounds=104, total_fda_steps=2214, accuracy=0.9848999977111816)
EpochMetrics(epoch=426, total_rounds=105, total_fda_steps=2219, accuracy=0.9846000075340271)
EpochMetrics(epoch=427, total_rounds=105, total_fda_steps=2224, accuracy=0.9850999712944031)
EpochMetrics(epoch=428, total_rounds=105, total_fda_steps=2230, accuracy=0.9848999977111816)
EpochMetrics(epoch=429, total_rounds=105, total_fda_steps=2235, accuracy=0.9850000143051147)
EpochMetrics(epoch=430, total_rounds=105, total_fda_steps=2240, accuracy=0.9851999878883362)
EpochMetrics(epoch=431, total_rounds=105, total_fda_steps=2245, accuracy=0.9850999712944031)
EpochMetrics(epoch=432, total_rounds=105, total_fda_steps=2250, accuracy=0.9843999743461609)
EpochMetrics(epoch=433, total_rounds=106, total_fda_steps=2256, accuracy=0.9850999712944031)
EpochMetrics(epoch=434, total_rounds=106, total_fda_steps=2261, accuracy=0.9850000143051147)
EpochMetrics(epoch=435, total_rounds=106, total_fda_steps=2266, accuracy=0.9851999878883362)
EpochMetrics(epoch=436, total_rounds=106, total_fda_steps=2271, accuracy=0.9847000241279602)
EpochMetrics(epoch=437, total_rounds=106, total_fda_steps=2277, accuracy=0.984499990940094)
EpochMetrics(epoch=438, total_rounds=106, total_fda_steps=2282, accuracy=0.9850000143051147)
EpochMetrics(epoch=439, total_rounds=107, total_fda_steps=2287, accuracy=0.9848999977111816)
EpochMetrics(epoch=440, total_rounds=107, total_fda_steps=2292, accuracy=0.9847000241279602)
EpochMetrics(epoch=441, total_rounds=107, total_fda_steps=2297, accuracy=0.9850000143051147)
EpochMetrics(epoch=442, total_rounds=107, total_fda_steps=2303, accuracy=0.9848999977111816)
EpochMetrics(epoch=443, total_rounds=107, total_fda_steps=2308, accuracy=0.9847000241279602)
EpochMetrics(epoch=444, total_rounds=107, total_fda_steps=2313, accuracy=0.9850000143051147)
EpochMetrics(epoch=445, total_rounds=107, total_fda_steps=2318, accuracy=0.9847000241279602)
EpochMetrics(epoch=446, total_rounds=108, total_fda_steps=2323, accuracy=0.9853000044822693)
EpochMetrics(epoch=447, total_rounds=108, total_fda_steps=2329, accuracy=0.9850999712944031)
EpochMetrics(epoch=448, total_rounds=108, total_fda_steps=2334, accuracy=0.9848999977111816)
EpochMetrics(epoch=449, total_rounds=108, total_fda_steps=2339, accuracy=0.9848999977111816)
EpochMetrics(epoch=450, total_rounds=108, total_fda_steps=2344, accuracy=0.9851999878883362)
EpochMetrics(epoch=451, total_rounds=108, total_fda_steps=2349, accuracy=0.9848999977111816)
EpochMetrics(epoch=452, total_rounds=109, total_fda_steps=2355, accuracy=0.9846000075340271)
EpochMetrics(epoch=453, total_rounds=109, total_fda_steps=2360, accuracy=0.9853000044822693)
EpochMetrics(epoch=454, total_rounds=109, total_fda_steps=2365, accuracy=0.9847999811172485)
EpochMetrics(epoch=455, total_rounds=109, total_fda_steps=2370, accuracy=0.9847000241279602)
EpochMetrics(epoch=456, total_rounds=109, total_fda_steps=2375, accuracy=0.9851999878883362)
EpochMetrics(epoch=457, total_rounds=109, total_fda_steps=2381, accuracy=0.9851999878883362)
EpochMetrics(epoch=458, total_rounds=109, total_fda_steps=2386, accuracy=0.9850000143051147)
EpochMetrics(epoch=459, total_rounds=109, total_fda_steps=2391, accuracy=0.9847000241279602)
EpochMetrics(epoch=460, total_rounds=110, total_fda_steps=2396, accuracy=0.9848999977111816)
EpochMetrics(epoch=461, total_rounds=110, total_fda_steps=2402, accuracy=0.9848999977111816)
EpochMetrics(epoch=462, total_rounds=110, total_fda_steps=2407, accuracy=0.9853000044822693)
EpochMetrics(epoch=463, total_rounds=110, total_fda_steps=2412, accuracy=0.9848999977111816)
EpochMetrics(epoch=464, total_rounds=110, total_fda_steps=2417, accuracy=0.9847999811172485)
EpochMetrics(epoch=465, total_rounds=110, total_fda_steps=2422, accuracy=0.9848999977111816)
EpochMetrics(epoch=466, total_rounds=111, total_fda_steps=2428, accuracy=0.9847999811172485)
EpochMetrics(epoch=467, total_rounds=111, total_fda_steps=2433, accuracy=0.9851999878883362)
EpochMetrics(epoch=468, total_rounds=111, total_fda_steps=2438, accuracy=0.9850999712944031)
EpochMetrics(epoch=469, total_rounds=111, total_fda_steps=2443, accuracy=0.9847000241279602)
EpochMetrics(epoch=470, total_rounds=111, total_fda_steps=2448, accuracy=0.984499990940094)
EpochMetrics(epoch=471, total_rounds=111, total_fda_steps=2454, accuracy=0.9847999811172485)
EpochMetrics(epoch=472, total_rounds=112, total_fda_steps=2459, accuracy=0.9850000143051147)
EpochMetrics(epoch=473, total_rounds=112, total_fda_steps=2464, accuracy=0.9850999712944031)
EpochMetrics(epoch=474, total_rounds=112, total_fda_steps=2469, accuracy=0.9851999878883362)
EpochMetrics(epoch=475, total_rounds=112, total_fda_steps=2474, accuracy=0.9846000075340271)
EpochMetrics(epoch=476, total_rounds=112, total_fda_steps=2480, accuracy=0.9850000143051147)
EpochMetrics(epoch=477, total_rounds=112, total_fda_steps=2485, accuracy=0.9847999811172485)
EpochMetrics(epoch=478, total_rounds=113, total_fda_steps=2490, accuracy=0.9846000075340271)
EpochMetrics(epoch=479, total_rounds=113, total_fda_steps=2495, accuracy=0.9850999712944031)
EpochMetrics(epoch=480, total_rounds=113, total_fda_steps=2500, accuracy=0.9851999878883362)
EpochMetrics(epoch=481, total_rounds=113, total_fda_steps=2506, accuracy=0.9853000044822693)
EpochMetrics(epoch=482, total_rounds=113, total_fda_steps=2511, accuracy=0.9850000143051147)
EpochMetrics(epoch=483, total_rounds=113, total_fda_steps=2516, accuracy=0.9850999712944031)
EpochMetrics(epoch=484, total_rounds=113, total_fda_steps=2521, accuracy=0.9846000075340271)
EpochMetrics(epoch=485, total_rounds=114, total_fda_steps=2527, accuracy=0.9851999878883362)
EpochMetrics(epoch=486, total_rounds=114, total_fda_steps=2532, accuracy=0.9851999878883362)
EpochMetrics(epoch=487, total_rounds=114, total_fda_steps=2537, accuracy=0.9846000075340271)
EpochMetrics(epoch=488, total_rounds=114, total_fda_steps=2542, accuracy=0.9850999712944031)
EpochMetrics(epoch=489, total_rounds=114, total_fda_steps=2547, accuracy=0.9853000044822693)
EpochMetrics(epoch=490, total_rounds=114, total_fda_steps=2553, accuracy=0.9850000143051147)
EpochMetrics(epoch=491, total_rounds=114, total_fda_steps=2558, accuracy=0.9850999712944031)
EpochMetrics(epoch=492, total_rounds=115, total_fda_steps=2563, accuracy=0.9855999946594238)
EpochMetrics(epoch=493, total_rounds=115, total_fda_steps=2568, accuracy=0.9850999712944031)
EpochMetrics(epoch=494, total_rounds=115, total_fda_steps=2573, accuracy=0.9848999977111816)
EpochMetrics(epoch=495, total_rounds=115, total_fda_steps=2579, accuracy=0.9854000210762024)
EpochMetrics(epoch=496, total_rounds=115, total_fda_steps=2584, accuracy=0.9850999712944031)
EpochMetrics(epoch=497, total_rounds=115, total_fda_steps=2589, accuracy=0.9848999977111816)
EpochMetrics(epoch=498, total_rounds=115, total_fda_steps=2594, accuracy=0.9847999811172485)
EpochMetrics(epoch=499, total_rounds=116, total_fda_steps=2599, accuracy=0.9853000044822693)
EpochMetrics(epoch=500, total_rounds=116, total_fda_steps=2605, accuracy=0.9851999878883362)

------------ Finished Testing : ------------
NN name : LeNet-5
FDA name : naive
Num Clients : 45
Batch size : 256
Num Epochs : 500
Number of steps until we check RTC : 1
Theta : 1.0
Total simulation time: 15411.940546035767 sec
-----------------------------------------

