Num GPUs Available:  1

------------ Current Test : ------------
NN name : LeNet-5
FDA name : naive
Num Clients : 55
Batch size : 256
Num Epochs : 500
Number of steps until we check RTC : 1
Theta : 1.0
-----------------------------------------

EpochMetrics(epoch=1, total_rounds=1, total_fda_steps=5, accuracy=0.6319000124931335)
EpochMetrics(epoch=2, total_rounds=2, total_fda_steps=9, accuracy=0.6822999715805054)
EpochMetrics(epoch=3, total_rounds=3, total_fda_steps=13, accuracy=0.7286999821662903)
EpochMetrics(epoch=4, total_rounds=3, total_fda_steps=18, accuracy=0.7890999913215637)
EpochMetrics(epoch=5, total_rounds=4, total_fda_steps=22, accuracy=0.816100001335144)
EpochMetrics(epoch=6, total_rounds=5, total_fda_steps=26, accuracy=0.8357999920845032)
EpochMetrics(epoch=7, total_rounds=5, total_fda_steps=30, accuracy=0.8518999814987183)
EpochMetrics(epoch=8, total_rounds=6, total_fda_steps=35, accuracy=0.8689000010490417)
EpochMetrics(epoch=9, total_rounds=6, total_fda_steps=39, accuracy=0.8769999742507935)
EpochMetrics(epoch=10, total_rounds=6, total_fda_steps=43, accuracy=0.883899986743927)
EpochMetrics(epoch=11, total_rounds=7, total_fda_steps=47, accuracy=0.8889999985694885)
EpochMetrics(epoch=12, total_rounds=7, total_fda_steps=52, accuracy=0.8935999870300293)
EpochMetrics(epoch=13, total_rounds=7, total_fda_steps=56, accuracy=0.8952000141143799)
EpochMetrics(epoch=14, total_rounds=8, total_fda_steps=60, accuracy=0.8986999988555908)
EpochMetrics(epoch=15, total_rounds=8, total_fda_steps=64, accuracy=0.9021999835968018)
EpochMetrics(epoch=16, total_rounds=8, total_fda_steps=69, accuracy=0.9053000211715698)
EpochMetrics(epoch=17, total_rounds=8, total_fda_steps=73, accuracy=0.9067999720573425)
EpochMetrics(epoch=18, total_rounds=9, total_fda_steps=77, accuracy=0.9085999727249146)
EpochMetrics(epoch=19, total_rounds=9, total_fda_steps=81, accuracy=0.910099983215332)
EpochMetrics(epoch=20, total_rounds=9, total_fda_steps=86, accuracy=0.9111999869346619)
EpochMetrics(epoch=21, total_rounds=10, total_fda_steps=90, accuracy=0.9128000140190125)
EpochMetrics(epoch=22, total_rounds=10, total_fda_steps=94, accuracy=0.9136999845504761)
EpochMetrics(epoch=23, total_rounds=10, total_fda_steps=99, accuracy=0.9165999889373779)
EpochMetrics(epoch=24, total_rounds=10, total_fda_steps=103, accuracy=0.9168000221252441)
EpochMetrics(epoch=25, total_rounds=11, total_fda_steps=107, accuracy=0.9180999994277954)
EpochMetrics(epoch=26, total_rounds=11, total_fda_steps=111, accuracy=0.9205999970436096)
EpochMetrics(epoch=27, total_rounds=11, total_fda_steps=116, accuracy=0.9225000143051147)
EpochMetrics(epoch=28, total_rounds=11, total_fda_steps=120, accuracy=0.9222000241279602)
EpochMetrics(epoch=29, total_rounds=12, total_fda_steps=124, accuracy=0.9235000014305115)
EpochMetrics(epoch=30, total_rounds=12, total_fda_steps=128, accuracy=0.9246000051498413)
EpochMetrics(epoch=31, total_rounds=12, total_fda_steps=133, accuracy=0.925000011920929)
EpochMetrics(epoch=32, total_rounds=12, total_fda_steps=137, accuracy=0.9271000027656555)
EpochMetrics(epoch=33, total_rounds=13, total_fda_steps=141, accuracy=0.9275000095367432)
EpochMetrics(epoch=34, total_rounds=13, total_fda_steps=145, accuracy=0.9287999868392944)
EpochMetrics(epoch=35, total_rounds=13, total_fda_steps=150, accuracy=0.9301999807357788)
EpochMetrics(epoch=36, total_rounds=14, total_fda_steps=154, accuracy=0.930899977684021)
EpochMetrics(epoch=37, total_rounds=14, total_fda_steps=158, accuracy=0.9319999814033508)
EpochMetrics(epoch=38, total_rounds=14, total_fda_steps=162, accuracy=0.9336000084877014)
EpochMetrics(epoch=39, total_rounds=14, total_fda_steps=167, accuracy=0.9352999925613403)
EpochMetrics(epoch=40, total_rounds=15, total_fda_steps=171, accuracy=0.9361000061035156)
EpochMetrics(epoch=41, total_rounds=15, total_fda_steps=175, accuracy=0.9375)
EpochMetrics(epoch=42, total_rounds=15, total_fda_steps=179, accuracy=0.9375)
EpochMetrics(epoch=43, total_rounds=15, total_fda_steps=184, accuracy=0.9377999901771545)
EpochMetrics(epoch=44, total_rounds=16, total_fda_steps=188, accuracy=0.9387000203132629)
EpochMetrics(epoch=45, total_rounds=16, total_fda_steps=192, accuracy=0.9399999976158142)
EpochMetrics(epoch=46, total_rounds=16, total_fda_steps=197, accuracy=0.9409999847412109)
EpochMetrics(epoch=47, total_rounds=16, total_fda_steps=201, accuracy=0.9412999749183655)
EpochMetrics(epoch=48, total_rounds=17, total_fda_steps=205, accuracy=0.9420999884605408)
EpochMetrics(epoch=49, total_rounds=17, total_fda_steps=209, accuracy=0.9435999989509583)
EpochMetrics(epoch=50, total_rounds=17, total_fda_steps=214, accuracy=0.9438999891281128)
EpochMetrics(epoch=51, total_rounds=18, total_fda_steps=218, accuracy=0.9438999891281128)
EpochMetrics(epoch=52, total_rounds=18, total_fda_steps=222, accuracy=0.9452000260353088)
EpochMetrics(epoch=53, total_rounds=18, total_fda_steps=226, accuracy=0.9466000199317932)
EpochMetrics(epoch=54, total_rounds=18, total_fda_steps=231, accuracy=0.9470000267028809)
EpochMetrics(epoch=55, total_rounds=19, total_fda_steps=235, accuracy=0.9472000002861023)
EpochMetrics(epoch=56, total_rounds=19, total_fda_steps=239, accuracy=0.9484999775886536)
EpochMetrics(epoch=57, total_rounds=19, total_fda_steps=243, accuracy=0.9498000144958496)
EpochMetrics(epoch=58, total_rounds=19, total_fda_steps=248, accuracy=0.9495999813079834)
EpochMetrics(epoch=59, total_rounds=20, total_fda_steps=252, accuracy=0.9503999948501587)
EpochMetrics(epoch=60, total_rounds=20, total_fda_steps=256, accuracy=0.9514999985694885)
EpochMetrics(epoch=61, total_rounds=20, total_fda_steps=260, accuracy=0.9517999887466431)
EpochMetrics(epoch=62, total_rounds=20, total_fda_steps=265, accuracy=0.9531999826431274)
EpochMetrics(epoch=63, total_rounds=21, total_fda_steps=269, accuracy=0.953499972820282)
EpochMetrics(epoch=64, total_rounds=21, total_fda_steps=273, accuracy=0.9538999795913696)
EpochMetrics(epoch=65, total_rounds=21, total_fda_steps=277, accuracy=0.9542999863624573)
EpochMetrics(epoch=66, total_rounds=22, total_fda_steps=282, accuracy=0.9549000263214111)
EpochMetrics(epoch=67, total_rounds=22, total_fda_steps=286, accuracy=0.9557999968528748)
EpochMetrics(epoch=68, total_rounds=22, total_fda_steps=290, accuracy=0.9563999772071838)
EpochMetrics(epoch=69, total_rounds=22, total_fda_steps=295, accuracy=0.9564999938011169)
EpochMetrics(epoch=70, total_rounds=23, total_fda_steps=299, accuracy=0.9571999907493591)
EpochMetrics(epoch=71, total_rounds=23, total_fda_steps=303, accuracy=0.9574000239372253)
EpochMetrics(epoch=72, total_rounds=23, total_fda_steps=307, accuracy=0.9580000042915344)
EpochMetrics(epoch=73, total_rounds=23, total_fda_steps=312, accuracy=0.9587000012397766)
EpochMetrics(epoch=74, total_rounds=24, total_fda_steps=316, accuracy=0.9592000246047974)
EpochMetrics(epoch=75, total_rounds=24, total_fda_steps=320, accuracy=0.9591000080108643)
EpochMetrics(epoch=76, total_rounds=24, total_fda_steps=324, accuracy=0.9599999785423279)
EpochMetrics(epoch=77, total_rounds=24, total_fda_steps=329, accuracy=0.9606000185012817)
EpochMetrics(epoch=78, total_rounds=25, total_fda_steps=333, accuracy=0.9607999920845032)
EpochMetrics(epoch=79, total_rounds=25, total_fda_steps=337, accuracy=0.9609000086784363)
EpochMetrics(epoch=80, total_rounds=25, total_fda_steps=341, accuracy=0.9610999822616577)
EpochMetrics(epoch=81, total_rounds=25, total_fda_steps=346, accuracy=0.9621999859809875)
EpochMetrics(epoch=82, total_rounds=26, total_fda_steps=350, accuracy=0.9613999724388123)
EpochMetrics(epoch=83, total_rounds=26, total_fda_steps=354, accuracy=0.9621000289916992)
EpochMetrics(epoch=84, total_rounds=26, total_fda_steps=358, accuracy=0.9631999731063843)
EpochMetrics(epoch=85, total_rounds=26, total_fda_steps=363, accuracy=0.963100016117096)
EpochMetrics(epoch=86, total_rounds=27, total_fda_steps=367, accuracy=0.9632999897003174)
EpochMetrics(epoch=87, total_rounds=27, total_fda_steps=371, accuracy=0.9635000228881836)
EpochMetrics(epoch=88, total_rounds=27, total_fda_steps=376, accuracy=0.9641000032424927)
EpochMetrics(epoch=89, total_rounds=27, total_fda_steps=380, accuracy=0.9638000130653381)
EpochMetrics(epoch=90, total_rounds=28, total_fda_steps=384, accuracy=0.963699996471405)
EpochMetrics(epoch=91, total_rounds=28, total_fda_steps=388, accuracy=0.9639999866485596)
EpochMetrics(epoch=92, total_rounds=28, total_fda_steps=393, accuracy=0.965399980545044)
EpochMetrics(epoch=93, total_rounds=28, total_fda_steps=397, accuracy=0.9648000001907349)
EpochMetrics(epoch=94, total_rounds=29, total_fda_steps=401, accuracy=0.9645000100135803)
EpochMetrics(epoch=95, total_rounds=29, total_fda_steps=405, accuracy=0.9659000039100647)
EpochMetrics(epoch=96, total_rounds=29, total_fda_steps=410, accuracy=0.9660000205039978)
EpochMetrics(epoch=97, total_rounds=29, total_fda_steps=414, accuracy=0.965499997138977)
EpochMetrics(epoch=98, total_rounds=30, total_fda_steps=418, accuracy=0.9660000205039978)
EpochMetrics(epoch=99, total_rounds=30, total_fda_steps=422, accuracy=0.9668999910354614)
EpochMetrics(epoch=100, total_rounds=30, total_fda_steps=427, accuracy=0.9672999978065491)
EpochMetrics(epoch=101, total_rounds=30, total_fda_steps=431, accuracy=0.9670000076293945)
EpochMetrics(epoch=102, total_rounds=31, total_fda_steps=435, accuracy=0.9672999978065491)
EpochMetrics(epoch=103, total_rounds=31, total_fda_steps=439, accuracy=0.9677000045776367)
EpochMetrics(epoch=104, total_rounds=31, total_fda_steps=444, accuracy=0.9684000015258789)
EpochMetrics(epoch=105, total_rounds=31, total_fda_steps=448, accuracy=0.9679999947547913)
EpochMetrics(epoch=106, total_rounds=32, total_fda_steps=452, accuracy=0.9685999751091003)
EpochMetrics(epoch=107, total_rounds=32, total_fda_steps=456, accuracy=0.9689000248908997)
EpochMetrics(epoch=108, total_rounds=32, total_fda_steps=461, accuracy=0.9697999954223633)
EpochMetrics(epoch=109, total_rounds=32, total_fda_steps=465, accuracy=0.9690999984741211)
EpochMetrics(epoch=110, total_rounds=33, total_fda_steps=469, accuracy=0.9696999788284302)
EpochMetrics(epoch=111, total_rounds=33, total_fda_steps=474, accuracy=0.9700999855995178)
EpochMetrics(epoch=112, total_rounds=33, total_fda_steps=478, accuracy=0.9700000286102295)
EpochMetrics(epoch=113, total_rounds=33, total_fda_steps=482, accuracy=0.9700999855995178)
EpochMetrics(epoch=114, total_rounds=34, total_fda_steps=486, accuracy=0.9700000286102295)
EpochMetrics(epoch=115, total_rounds=34, total_fda_steps=491, accuracy=0.9710999727249146)
EpochMetrics(epoch=116, total_rounds=34, total_fda_steps=495, accuracy=0.9713000059127808)
EpochMetrics(epoch=117, total_rounds=34, total_fda_steps=499, accuracy=0.9710000157356262)
EpochMetrics(epoch=118, total_rounds=35, total_fda_steps=503, accuracy=0.9708999991416931)
EpochMetrics(epoch=119, total_rounds=35, total_fda_steps=508, accuracy=0.9718000292778015)
EpochMetrics(epoch=120, total_rounds=35, total_fda_steps=512, accuracy=0.9722999930381775)
EpochMetrics(epoch=121, total_rounds=35, total_fda_steps=516, accuracy=0.9721999764442444)
EpochMetrics(epoch=122, total_rounds=36, total_fda_steps=520, accuracy=0.9717000126838684)
EpochMetrics(epoch=123, total_rounds=36, total_fda_steps=525, accuracy=0.9718999862670898)
EpochMetrics(epoch=124, total_rounds=36, total_fda_steps=529, accuracy=0.9722999930381775)
EpochMetrics(epoch=125, total_rounds=36, total_fda_steps=533, accuracy=0.9721999764442444)
EpochMetrics(epoch=126, total_rounds=37, total_fda_steps=537, accuracy=0.9722999930381775)
EpochMetrics(epoch=127, total_rounds=37, total_fda_steps=542, accuracy=0.9728000164031982)
EpochMetrics(epoch=128, total_rounds=37, total_fda_steps=546, accuracy=0.9726999998092651)
EpochMetrics(epoch=129, total_rounds=37, total_fda_steps=550, accuracy=0.9732000231742859)
EpochMetrics(epoch=130, total_rounds=37, total_fda_steps=554, accuracy=0.9729999899864197)
EpochMetrics(epoch=131, total_rounds=38, total_fda_steps=559, accuracy=0.9731000065803528)
EpochMetrics(epoch=132, total_rounds=38, total_fda_steps=563, accuracy=0.9725000262260437)
EpochMetrics(epoch=133, total_rounds=38, total_fda_steps=567, accuracy=0.9732999801635742)
EpochMetrics(epoch=134, total_rounds=38, total_fda_steps=572, accuracy=0.973800003528595)
EpochMetrics(epoch=135, total_rounds=39, total_fda_steps=576, accuracy=0.973800003528595)
EpochMetrics(epoch=136, total_rounds=39, total_fda_steps=580, accuracy=0.9735999703407288)
EpochMetrics(epoch=137, total_rounds=39, total_fda_steps=584, accuracy=0.973800003528595)
EpochMetrics(epoch=138, total_rounds=39, total_fda_steps=589, accuracy=0.9745000004768372)
EpochMetrics(epoch=139, total_rounds=40, total_fda_steps=593, accuracy=0.9743000268936157)
EpochMetrics(epoch=140, total_rounds=40, total_fda_steps=597, accuracy=0.9742000102996826)
EpochMetrics(epoch=141, total_rounds=40, total_fda_steps=601, accuracy=0.9746999740600586)
EpochMetrics(epoch=142, total_rounds=40, total_fda_steps=606, accuracy=0.9749000072479248)
EpochMetrics(epoch=143, total_rounds=41, total_fda_steps=610, accuracy=0.9746999740600586)
EpochMetrics(epoch=144, total_rounds=41, total_fda_steps=614, accuracy=0.9743000268936157)
EpochMetrics(epoch=145, total_rounds=41, total_fda_steps=618, accuracy=0.9747999906539917)
EpochMetrics(epoch=146, total_rounds=41, total_fda_steps=623, accuracy=0.9747999906539917)
EpochMetrics(epoch=147, total_rounds=41, total_fda_steps=627, accuracy=0.9746000170707703)
EpochMetrics(epoch=148, total_rounds=42, total_fda_steps=631, accuracy=0.9747999906539917)
EpochMetrics(epoch=149, total_rounds=42, total_fda_steps=635, accuracy=0.9749000072479248)
EpochMetrics(epoch=150, total_rounds=42, total_fda_steps=640, accuracy=0.9750000238418579)
EpochMetrics(epoch=151, total_rounds=42, total_fda_steps=644, accuracy=0.9750999808311462)
EpochMetrics(epoch=152, total_rounds=43, total_fda_steps=648, accuracy=0.9746999740600586)
EpochMetrics(epoch=153, total_rounds=43, total_fda_steps=652, accuracy=0.9750000238418579)
EpochMetrics(epoch=154, total_rounds=43, total_fda_steps=657, accuracy=0.9747999906539917)
EpochMetrics(epoch=155, total_rounds=43, total_fda_steps=661, accuracy=0.9749000072479248)
EpochMetrics(epoch=156, total_rounds=43, total_fda_steps=665, accuracy=0.9751999974250793)
EpochMetrics(epoch=157, total_rounds=44, total_fda_steps=670, accuracy=0.9753999710083008)
EpochMetrics(epoch=158, total_rounds=44, total_fda_steps=674, accuracy=0.9761000275611877)
EpochMetrics(epoch=159, total_rounds=44, total_fda_steps=678, accuracy=0.9761999845504761)
EpochMetrics(epoch=160, total_rounds=44, total_fda_steps=682, accuracy=0.9760000109672546)
EpochMetrics(epoch=161, total_rounds=45, total_fda_steps=687, accuracy=0.9760000109672546)
EpochMetrics(epoch=162, total_rounds=45, total_fda_steps=691, accuracy=0.9763000011444092)
EpochMetrics(epoch=163, total_rounds=45, total_fda_steps=695, accuracy=0.9769999980926514)
EpochMetrics(epoch=164, total_rounds=45, total_fda_steps=699, accuracy=0.9764999747276306)
EpochMetrics(epoch=165, total_rounds=45, total_fda_steps=704, accuracy=0.9757999777793884)
EpochMetrics(epoch=166, total_rounds=46, total_fda_steps=708, accuracy=0.975600004196167)
EpochMetrics(epoch=167, total_rounds=46, total_fda_steps=712, accuracy=0.9767000079154968)
EpochMetrics(epoch=168, total_rounds=46, total_fda_steps=716, accuracy=0.9764999747276306)
EpochMetrics(epoch=169, total_rounds=46, total_fda_steps=721, accuracy=0.9764000177383423)
EpochMetrics(epoch=170, total_rounds=46, total_fda_steps=725, accuracy=0.9760000109672546)
EpochMetrics(epoch=171, total_rounds=47, total_fda_steps=729, accuracy=0.9761999845504761)
EpochMetrics(epoch=172, total_rounds=47, total_fda_steps=733, accuracy=0.9768999814987183)
EpochMetrics(epoch=173, total_rounds=47, total_fda_steps=738, accuracy=0.9767000079154968)
EpochMetrics(epoch=174, total_rounds=47, total_fda_steps=742, accuracy=0.9763000011444092)
EpochMetrics(epoch=175, total_rounds=48, total_fda_steps=746, accuracy=0.9764000177383423)
EpochMetrics(epoch=176, total_rounds=48, total_fda_steps=751, accuracy=0.9768000245094299)
EpochMetrics(epoch=177, total_rounds=48, total_fda_steps=755, accuracy=0.9775999784469604)
EpochMetrics(epoch=178, total_rounds=48, total_fda_steps=759, accuracy=0.9775000214576721)
EpochMetrics(epoch=179, total_rounds=48, total_fda_steps=763, accuracy=0.9764999747276306)
EpochMetrics(epoch=180, total_rounds=49, total_fda_steps=768, accuracy=0.9771999716758728)
EpochMetrics(epoch=181, total_rounds=49, total_fda_steps=772, accuracy=0.977400004863739)
EpochMetrics(epoch=182, total_rounds=49, total_fda_steps=776, accuracy=0.9769999980926514)
EpochMetrics(epoch=183, total_rounds=49, total_fda_steps=780, accuracy=0.9771000146865845)
EpochMetrics(epoch=184, total_rounds=49, total_fda_steps=785, accuracy=0.9775000214576721)
EpochMetrics(epoch=185, total_rounds=50, total_fda_steps=789, accuracy=0.9775000214576721)
EpochMetrics(epoch=186, total_rounds=50, total_fda_steps=793, accuracy=0.9772999882698059)
EpochMetrics(epoch=187, total_rounds=50, total_fda_steps=797, accuracy=0.9779999852180481)
EpochMetrics(epoch=188, total_rounds=50, total_fda_steps=802, accuracy=0.977400004863739)
EpochMetrics(epoch=189, total_rounds=50, total_fda_steps=806, accuracy=0.977400004863739)
EpochMetrics(epoch=190, total_rounds=51, total_fda_steps=810, accuracy=0.9776999950408936)
EpochMetrics(epoch=191, total_rounds=51, total_fda_steps=814, accuracy=0.9776999950408936)
EpochMetrics(epoch=192, total_rounds=51, total_fda_steps=819, accuracy=0.9779999852180481)
EpochMetrics(epoch=193, total_rounds=51, total_fda_steps=823, accuracy=0.9775999784469604)
EpochMetrics(epoch=194, total_rounds=51, total_fda_steps=827, accuracy=0.9775000214576721)
EpochMetrics(epoch=195, total_rounds=52, total_fda_steps=831, accuracy=0.9779999852180481)
EpochMetrics(epoch=196, total_rounds=52, total_fda_steps=836, accuracy=0.9782000184059143)
EpochMetrics(epoch=197, total_rounds=52, total_fda_steps=840, accuracy=0.9782999753952026)
EpochMetrics(epoch=198, total_rounds=52, total_fda_steps=844, accuracy=0.9776999950408936)
EpochMetrics(epoch=199, total_rounds=53, total_fda_steps=849, accuracy=0.9779999852180481)
EpochMetrics(epoch=200, total_rounds=53, total_fda_steps=853, accuracy=0.9779999852180481)
EpochMetrics(epoch=201, total_rounds=53, total_fda_steps=857, accuracy=0.9785000085830688)
EpochMetrics(epoch=202, total_rounds=53, total_fda_steps=861, accuracy=0.9786999821662903)
EpochMetrics(epoch=203, total_rounds=53, total_fda_steps=866, accuracy=0.9785000085830688)
EpochMetrics(epoch=204, total_rounds=54, total_fda_steps=870, accuracy=0.9785000085830688)
EpochMetrics(epoch=205, total_rounds=54, total_fda_steps=874, accuracy=0.9786999821662903)
EpochMetrics(epoch=206, total_rounds=54, total_fda_steps=878, accuracy=0.9782999753952026)
EpochMetrics(epoch=207, total_rounds=54, total_fda_steps=883, accuracy=0.978600025177002)
EpochMetrics(epoch=208, total_rounds=54, total_fda_steps=887, accuracy=0.9786999821662903)
EpochMetrics(epoch=209, total_rounds=55, total_fda_steps=891, accuracy=0.9786999821662903)
EpochMetrics(epoch=210, total_rounds=55, total_fda_steps=895, accuracy=0.9789999723434448)
EpochMetrics(epoch=211, total_rounds=55, total_fda_steps=900, accuracy=0.978600025177002)
EpochMetrics(epoch=212, total_rounds=55, total_fda_steps=904, accuracy=0.9785000085830688)
EpochMetrics(epoch=213, total_rounds=55, total_fda_steps=908, accuracy=0.979200005531311)
EpochMetrics(epoch=214, total_rounds=55, total_fda_steps=912, accuracy=0.9789999723434448)
EpochMetrics(epoch=215, total_rounds=56, total_fda_steps=917, accuracy=0.9790999889373779)
EpochMetrics(epoch=216, total_rounds=56, total_fda_steps=921, accuracy=0.9793000221252441)
EpochMetrics(epoch=217, total_rounds=56, total_fda_steps=925, accuracy=0.9789000153541565)
EpochMetrics(epoch=218, total_rounds=56, total_fda_steps=929, accuracy=0.9793999791145325)
EpochMetrics(epoch=219, total_rounds=56, total_fda_steps=934, accuracy=0.9790999889373779)
EpochMetrics(epoch=220, total_rounds=57, total_fda_steps=938, accuracy=0.9790999889373779)
EpochMetrics(epoch=221, total_rounds=57, total_fda_steps=942, accuracy=0.9789999723434448)
EpochMetrics(epoch=222, total_rounds=57, total_fda_steps=947, accuracy=0.9789999723434448)
EpochMetrics(epoch=223, total_rounds=57, total_fda_steps=951, accuracy=0.9793999791145325)
EpochMetrics(epoch=224, total_rounds=57, total_fda_steps=955, accuracy=0.9793000221252441)
EpochMetrics(epoch=225, total_rounds=58, total_fda_steps=959, accuracy=0.9797999858856201)
EpochMetrics(epoch=226, total_rounds=58, total_fda_steps=964, accuracy=0.979200005531311)
EpochMetrics(epoch=227, total_rounds=58, total_fda_steps=968, accuracy=0.9793999791145325)
EpochMetrics(epoch=228, total_rounds=58, total_fda_steps=972, accuracy=0.9797000288963318)
EpochMetrics(epoch=229, total_rounds=58, total_fda_steps=976, accuracy=0.9797999858856201)
EpochMetrics(epoch=230, total_rounds=59, total_fda_steps=981, accuracy=0.9799000024795532)
EpochMetrics(epoch=231, total_rounds=59, total_fda_steps=985, accuracy=0.9794999957084656)
EpochMetrics(epoch=232, total_rounds=59, total_fda_steps=989, accuracy=0.9793999791145325)
EpochMetrics(epoch=233, total_rounds=59, total_fda_steps=993, accuracy=0.9793999791145325)
EpochMetrics(epoch=234, total_rounds=59, total_fda_steps=998, accuracy=0.9799000024795532)
EpochMetrics(epoch=235, total_rounds=59, total_fda_steps=1002, accuracy=0.9803000092506409)
EpochMetrics(epoch=236, total_rounds=60, total_fda_steps=1006, accuracy=0.9799000024795532)
EpochMetrics(epoch=237, total_rounds=60, total_fda_steps=1010, accuracy=0.9799000024795532)
EpochMetrics(epoch=238, total_rounds=60, total_fda_steps=1015, accuracy=0.9800000190734863)
EpochMetrics(epoch=239, total_rounds=60, total_fda_steps=1019, accuracy=0.9800999760627747)
EpochMetrics(epoch=240, total_rounds=60, total_fda_steps=1023, accuracy=0.9801999926567078)
EpochMetrics(epoch=241, total_rounds=60, total_fda_steps=1027, accuracy=0.9800000190734863)
EpochMetrics(epoch=242, total_rounds=61, total_fda_steps=1032, accuracy=0.979200005531311)
EpochMetrics(epoch=243, total_rounds=61, total_fda_steps=1036, accuracy=0.9799000024795532)
EpochMetrics(epoch=244, total_rounds=61, total_fda_steps=1040, accuracy=0.9801999926567078)
EpochMetrics(epoch=245, total_rounds=61, total_fda_steps=1045, accuracy=0.9801999926567078)
EpochMetrics(epoch=246, total_rounds=61, total_fda_steps=1049, accuracy=0.9807000160217285)
EpochMetrics(epoch=247, total_rounds=62, total_fda_steps=1053, accuracy=0.9800999760627747)
EpochMetrics(epoch=248, total_rounds=62, total_fda_steps=1057, accuracy=0.9801999926567078)
EpochMetrics(epoch=249, total_rounds=62, total_fda_steps=1062, accuracy=0.9803000092506409)
EpochMetrics(epoch=250, total_rounds=62, total_fda_steps=1066, accuracy=0.9805999994277954)
EpochMetrics(epoch=251, total_rounds=62, total_fda_steps=1070, accuracy=0.9807000160217285)
EpochMetrics(epoch=252, total_rounds=62, total_fda_steps=1074, accuracy=0.9803000092506409)
EpochMetrics(epoch=253, total_rounds=63, total_fda_steps=1079, accuracy=0.980400025844574)
EpochMetrics(epoch=254, total_rounds=63, total_fda_steps=1083, accuracy=0.9800999760627747)
EpochMetrics(epoch=255, total_rounds=63, total_fda_steps=1087, accuracy=0.9805999994277954)
EpochMetrics(epoch=256, total_rounds=63, total_fda_steps=1091, accuracy=0.980400025844574)
EpochMetrics(epoch=257, total_rounds=63, total_fda_steps=1096, accuracy=0.980400025844574)
EpochMetrics(epoch=258, total_rounds=64, total_fda_steps=1100, accuracy=0.9805999994277954)
EpochMetrics(epoch=259, total_rounds=64, total_fda_steps=1104, accuracy=0.9800999760627747)
EpochMetrics(epoch=260, total_rounds=64, total_fda_steps=1108, accuracy=0.980400025844574)
EpochMetrics(epoch=261, total_rounds=64, total_fda_steps=1113, accuracy=0.980400025844574)
EpochMetrics(epoch=262, total_rounds=64, total_fda_steps=1117, accuracy=0.9804999828338623)
EpochMetrics(epoch=263, total_rounds=64, total_fda_steps=1121, accuracy=0.9810000061988831)
EpochMetrics(epoch=264, total_rounds=65, total_fda_steps=1126, accuracy=0.9805999994277954)
EpochMetrics(epoch=265, total_rounds=65, total_fda_steps=1130, accuracy=0.9807999730110168)
EpochMetrics(epoch=266, total_rounds=65, total_fda_steps=1134, accuracy=0.9807999730110168)
EpochMetrics(epoch=267, total_rounds=65, total_fda_steps=1138, accuracy=0.98089998960495)
EpochMetrics(epoch=268, total_rounds=65, total_fda_steps=1143, accuracy=0.9810000061988831)
EpochMetrics(epoch=269, total_rounds=65, total_fda_steps=1147, accuracy=0.9805999994277954)
EpochMetrics(epoch=270, total_rounds=66, total_fda_steps=1151, accuracy=0.9805999994277954)
EpochMetrics(epoch=271, total_rounds=66, total_fda_steps=1155, accuracy=0.9805999994277954)
EpochMetrics(epoch=272, total_rounds=66, total_fda_steps=1160, accuracy=0.9807999730110168)
EpochMetrics(epoch=273, total_rounds=66, total_fda_steps=1164, accuracy=0.9811999797821045)
EpochMetrics(epoch=274, total_rounds=66, total_fda_steps=1168, accuracy=0.98089998960495)
EpochMetrics(epoch=275, total_rounds=66, total_fda_steps=1172, accuracy=0.9804999828338623)
EpochMetrics(epoch=276, total_rounds=67, total_fda_steps=1177, accuracy=0.980400025844574)
EpochMetrics(epoch=277, total_rounds=67, total_fda_steps=1181, accuracy=0.9811999797821045)
EpochMetrics(epoch=278, total_rounds=67, total_fda_steps=1185, accuracy=0.9814000129699707)
EpochMetrics(epoch=279, total_rounds=67, total_fda_steps=1189, accuracy=0.9812999963760376)
EpochMetrics(epoch=280, total_rounds=67, total_fda_steps=1194, accuracy=0.9811999797821045)
EpochMetrics(epoch=281, total_rounds=67, total_fda_steps=1198, accuracy=0.9811000227928162)
EpochMetrics(epoch=282, total_rounds=68, total_fda_steps=1202, accuracy=0.98089998960495)
EpochMetrics(epoch=283, total_rounds=68, total_fda_steps=1206, accuracy=0.9811999797821045)
EpochMetrics(epoch=284, total_rounds=68, total_fda_steps=1211, accuracy=0.9817000031471252)
EpochMetrics(epoch=285, total_rounds=68, total_fda_steps=1215, accuracy=0.9818999767303467)
EpochMetrics(epoch=286, total_rounds=68, total_fda_steps=1219, accuracy=0.9815999865531921)
EpochMetrics(epoch=287, total_rounds=68, total_fda_steps=1224, accuracy=0.9814000129699707)
EpochMetrics(epoch=288, total_rounds=69, total_fda_steps=1228, accuracy=0.9811999797821045)
EpochMetrics(epoch=289, total_rounds=69, total_fda_steps=1232, accuracy=0.9811999797821045)
EpochMetrics(epoch=290, total_rounds=69, total_fda_steps=1236, accuracy=0.9817000031471252)
EpochMetrics(epoch=291, total_rounds=69, total_fda_steps=1241, accuracy=0.9818999767303467)
EpochMetrics(epoch=292, total_rounds=69, total_fda_steps=1245, accuracy=0.9818999767303467)
EpochMetrics(epoch=293, total_rounds=69, total_fda_steps=1249, accuracy=0.9817000031471252)
EpochMetrics(epoch=294, total_rounds=70, total_fda_steps=1253, accuracy=0.9811999797821045)
EpochMetrics(epoch=295, total_rounds=70, total_fda_steps=1258, accuracy=0.9817000031471252)
EpochMetrics(epoch=296, total_rounds=70, total_fda_steps=1262, accuracy=0.9824000000953674)
EpochMetrics(epoch=297, total_rounds=70, total_fda_steps=1266, accuracy=0.9824000000953674)
EpochMetrics(epoch=298, total_rounds=70, total_fda_steps=1270, accuracy=0.9824000000953674)
EpochMetrics(epoch=299, total_rounds=70, total_fda_steps=1275, accuracy=0.9818999767303467)
EpochMetrics(epoch=300, total_rounds=71, total_fda_steps=1279, accuracy=0.9818000197410583)
EpochMetrics(epoch=301, total_rounds=71, total_fda_steps=1283, accuracy=0.9819999933242798)
EpochMetrics(epoch=302, total_rounds=71, total_fda_steps=1287, accuracy=0.9825000166893005)
EpochMetrics(epoch=303, total_rounds=71, total_fda_steps=1292, accuracy=0.9822999835014343)
EpochMetrics(epoch=304, total_rounds=71, total_fda_steps=1296, accuracy=0.9822999835014343)
EpochMetrics(epoch=305, total_rounds=71, total_fda_steps=1300, accuracy=0.9819999933242798)
EpochMetrics(epoch=306, total_rounds=72, total_fda_steps=1304, accuracy=0.982200026512146)
EpochMetrics(epoch=307, total_rounds=72, total_fda_steps=1309, accuracy=0.982200026512146)
EpochMetrics(epoch=308, total_rounds=72, total_fda_steps=1313, accuracy=0.982699990272522)
EpochMetrics(epoch=309, total_rounds=72, total_fda_steps=1317, accuracy=0.9825000166893005)
EpochMetrics(epoch=310, total_rounds=72, total_fda_steps=1322, accuracy=0.9825000166893005)
EpochMetrics(epoch=311, total_rounds=72, total_fda_steps=1326, accuracy=0.982200026512146)
EpochMetrics(epoch=312, total_rounds=72, total_fda_steps=1330, accuracy=0.9822999835014343)
EpochMetrics(epoch=313, total_rounds=73, total_fda_steps=1334, accuracy=0.9818000197410583)
EpochMetrics(epoch=314, total_rounds=73, total_fda_steps=1339, accuracy=0.982200026512146)
EpochMetrics(epoch=315, total_rounds=73, total_fda_steps=1343, accuracy=0.9825999736785889)
EpochMetrics(epoch=316, total_rounds=73, total_fda_steps=1347, accuracy=0.982699990272522)
EpochMetrics(epoch=317, total_rounds=73, total_fda_steps=1351, accuracy=0.9829000234603882)
EpochMetrics(epoch=318, total_rounds=73, total_fda_steps=1356, accuracy=0.9825000166893005)
EpochMetrics(epoch=319, total_rounds=74, total_fda_steps=1360, accuracy=0.9821000099182129)
EpochMetrics(epoch=320, total_rounds=74, total_fda_steps=1364, accuracy=0.9825999736785889)
EpochMetrics(epoch=321, total_rounds=74, total_fda_steps=1368, accuracy=0.9828000068664551)
EpochMetrics(epoch=322, total_rounds=74, total_fda_steps=1373, accuracy=0.9829999804496765)
EpochMetrics(epoch=323, total_rounds=74, total_fda_steps=1377, accuracy=0.9829000234603882)
EpochMetrics(epoch=324, total_rounds=74, total_fda_steps=1381, accuracy=0.9828000068664551)
EpochMetrics(epoch=325, total_rounds=75, total_fda_steps=1385, accuracy=0.982699990272522)
EpochMetrics(epoch=326, total_rounds=75, total_fda_steps=1390, accuracy=0.9828000068664551)
EpochMetrics(epoch=327, total_rounds=75, total_fda_steps=1394, accuracy=0.9829999804496765)
EpochMetrics(epoch=328, total_rounds=75, total_fda_steps=1398, accuracy=0.9825999736785889)
EpochMetrics(epoch=329, total_rounds=75, total_fda_steps=1402, accuracy=0.982699990272522)
EpochMetrics(epoch=330, total_rounds=75, total_fda_steps=1407, accuracy=0.9829999804496765)
EpochMetrics(epoch=331, total_rounds=75, total_fda_steps=1411, accuracy=0.9829000234603882)
EpochMetrics(epoch=332, total_rounds=76, total_fda_steps=1415, accuracy=0.9829999804496765)
EpochMetrics(epoch=333, total_rounds=76, total_fda_steps=1420, accuracy=0.9825999736785889)
EpochMetrics(epoch=334, total_rounds=76, total_fda_steps=1424, accuracy=0.9832000136375427)
EpochMetrics(epoch=335, total_rounds=76, total_fda_steps=1428, accuracy=0.9829999804496765)
EpochMetrics(epoch=336, total_rounds=76, total_fda_steps=1432, accuracy=0.9830999970436096)
EpochMetrics(epoch=337, total_rounds=76, total_fda_steps=1437, accuracy=0.9828000068664551)
EpochMetrics(epoch=338, total_rounds=77, total_fda_steps=1441, accuracy=0.9828000068664551)
EpochMetrics(epoch=339, total_rounds=77, total_fda_steps=1445, accuracy=0.9828000068664551)
EpochMetrics(epoch=340, total_rounds=77, total_fda_steps=1449, accuracy=0.9828000068664551)
EpochMetrics(epoch=341, total_rounds=77, total_fda_steps=1454, accuracy=0.9832000136375427)
EpochMetrics(epoch=342, total_rounds=77, total_fda_steps=1458, accuracy=0.9832000136375427)
EpochMetrics(epoch=343, total_rounds=77, total_fda_steps=1462, accuracy=0.9829999804496765)
EpochMetrics(epoch=344, total_rounds=77, total_fda_steps=1466, accuracy=0.982699990272522)
EpochMetrics(epoch=345, total_rounds=78, total_fda_steps=1471, accuracy=0.9830999970436096)
EpochMetrics(epoch=346, total_rounds=78, total_fda_steps=1475, accuracy=0.9829000234603882)
EpochMetrics(epoch=347, total_rounds=78, total_fda_steps=1479, accuracy=0.9832000136375427)
EpochMetrics(epoch=348, total_rounds=78, total_fda_steps=1483, accuracy=0.9833999872207642)
EpochMetrics(epoch=349, total_rounds=78, total_fda_steps=1488, accuracy=0.9830999970436096)
EpochMetrics(epoch=350, total_rounds=78, total_fda_steps=1492, accuracy=0.9829000234603882)
EpochMetrics(epoch=351, total_rounds=78, total_fda_steps=1496, accuracy=0.9829000234603882)
EpochMetrics(epoch=352, total_rounds=79, total_fda_steps=1501, accuracy=0.9829999804496765)
EpochMetrics(epoch=353, total_rounds=79, total_fda_steps=1505, accuracy=0.9833999872207642)
EpochMetrics(epoch=354, total_rounds=79, total_fda_steps=1509, accuracy=0.9836000204086304)
EpochMetrics(epoch=355, total_rounds=79, total_fda_steps=1513, accuracy=0.9829999804496765)
EpochMetrics(epoch=356, total_rounds=79, total_fda_steps=1518, accuracy=0.9829999804496765)
EpochMetrics(epoch=357, total_rounds=79, total_fda_steps=1522, accuracy=0.9829999804496765)
EpochMetrics(epoch=358, total_rounds=80, total_fda_steps=1526, accuracy=0.9829999804496765)
EpochMetrics(epoch=359, total_rounds=80, total_fda_steps=1530, accuracy=0.9830999970436096)
EpochMetrics(epoch=360, total_rounds=80, total_fda_steps=1535, accuracy=0.9836000204086304)
EpochMetrics(epoch=361, total_rounds=80, total_fda_steps=1539, accuracy=0.9839000105857849)
EpochMetrics(epoch=362, total_rounds=80, total_fda_steps=1543, accuracy=0.9835000038146973)
EpochMetrics(epoch=363, total_rounds=80, total_fda_steps=1547, accuracy=0.9830999970436096)
EpochMetrics(epoch=364, total_rounds=80, total_fda_steps=1552, accuracy=0.9832000136375427)
EpochMetrics(epoch=365, total_rounds=81, total_fda_steps=1556, accuracy=0.983299970626831)
EpochMetrics(epoch=366, total_rounds=81, total_fda_steps=1560, accuracy=0.9832000136375427)
EpochMetrics(epoch=367, total_rounds=81, total_fda_steps=1564, accuracy=0.9832000136375427)
EpochMetrics(epoch=368, total_rounds=81, total_fda_steps=1569, accuracy=0.9837999939918518)
EpochMetrics(epoch=369, total_rounds=81, total_fda_steps=1573, accuracy=0.9833999872207642)
EpochMetrics(epoch=370, total_rounds=81, total_fda_steps=1577, accuracy=0.9833999872207642)
EpochMetrics(epoch=371, total_rounds=81, total_fda_steps=1581, accuracy=0.983299970626831)
EpochMetrics(epoch=372, total_rounds=82, total_fda_steps=1586, accuracy=0.9833999872207642)
EpochMetrics(epoch=373, total_rounds=82, total_fda_steps=1590, accuracy=0.9836000204086304)
EpochMetrics(epoch=374, total_rounds=82, total_fda_steps=1594, accuracy=0.9839000105857849)
EpochMetrics(epoch=375, total_rounds=82, total_fda_steps=1599, accuracy=0.9835000038146973)
EpochMetrics(epoch=376, total_rounds=82, total_fda_steps=1603, accuracy=0.983299970626831)
EpochMetrics(epoch=377, total_rounds=82, total_fda_steps=1607, accuracy=0.9835000038146973)
EpochMetrics(epoch=378, total_rounds=82, total_fda_steps=1611, accuracy=0.9835000038146973)
EpochMetrics(epoch=379, total_rounds=83, total_fda_steps=1616, accuracy=0.9832000136375427)
EpochMetrics(epoch=380, total_rounds=83, total_fda_steps=1620, accuracy=0.9836000204086304)
EpochMetrics(epoch=381, total_rounds=83, total_fda_steps=1624, accuracy=0.9839000105857849)
EpochMetrics(epoch=382, total_rounds=83, total_fda_steps=1628, accuracy=0.9839000105857849)
EpochMetrics(epoch=383, total_rounds=83, total_fda_steps=1633, accuracy=0.9833999872207642)
EpochMetrics(epoch=384, total_rounds=83, total_fda_steps=1637, accuracy=0.9836000204086304)
EpochMetrics(epoch=385, total_rounds=83, total_fda_steps=1641, accuracy=0.9836000204086304)
EpochMetrics(epoch=386, total_rounds=84, total_fda_steps=1645, accuracy=0.9837999939918518)
EpochMetrics(epoch=387, total_rounds=84, total_fda_steps=1650, accuracy=0.9839000105857849)
EpochMetrics(epoch=388, total_rounds=84, total_fda_steps=1654, accuracy=0.9840999841690063)
EpochMetrics(epoch=389, total_rounds=84, total_fda_steps=1658, accuracy=0.9839000105857849)
EpochMetrics(epoch=390, total_rounds=84, total_fda_steps=1662, accuracy=0.9835000038146973)
EpochMetrics(epoch=391, total_rounds=84, total_fda_steps=1667, accuracy=0.9835000038146973)
EpochMetrics(epoch=392, total_rounds=84, total_fda_steps=1671, accuracy=0.9839000105857849)
EpochMetrics(epoch=393, total_rounds=85, total_fda_steps=1675, accuracy=0.9836000204086304)
EpochMetrics(epoch=394, total_rounds=85, total_fda_steps=1679, accuracy=0.9839000105857849)
EpochMetrics(epoch=395, total_rounds=85, total_fda_steps=1684, accuracy=0.984000027179718)
EpochMetrics(epoch=396, total_rounds=85, total_fda_steps=1688, accuracy=0.9840999841690063)
EpochMetrics(epoch=397, total_rounds=85, total_fda_steps=1692, accuracy=0.9836000204086304)
EpochMetrics(epoch=398, total_rounds=85, total_fda_steps=1697, accuracy=0.9836000204086304)
EpochMetrics(epoch=399, total_rounds=85, total_fda_steps=1701, accuracy=0.9837999939918518)
EpochMetrics(epoch=400, total_rounds=86, total_fda_steps=1705, accuracy=0.9837999939918518)
EpochMetrics(epoch=401, total_rounds=86, total_fda_steps=1709, accuracy=0.9837999939918518)
EpochMetrics(epoch=402, total_rounds=86, total_fda_steps=1714, accuracy=0.9842000007629395)
EpochMetrics(epoch=403, total_rounds=86, total_fda_steps=1718, accuracy=0.9840999841690063)
EpochMetrics(epoch=404, total_rounds=86, total_fda_steps=1722, accuracy=0.9836000204086304)
EpochMetrics(epoch=405, total_rounds=86, total_fda_steps=1726, accuracy=0.9836000204086304)
EpochMetrics(epoch=406, total_rounds=86, total_fda_steps=1731, accuracy=0.9837999939918518)
EpochMetrics(epoch=407, total_rounds=87, total_fda_steps=1735, accuracy=0.9842000007629395)
EpochMetrics(epoch=408, total_rounds=87, total_fda_steps=1739, accuracy=0.9839000105857849)
EpochMetrics(epoch=409, total_rounds=87, total_fda_steps=1743, accuracy=0.984000027179718)
EpochMetrics(epoch=410, total_rounds=87, total_fda_steps=1748, accuracy=0.9839000105857849)
EpochMetrics(epoch=411, total_rounds=87, total_fda_steps=1752, accuracy=0.9839000105857849)
EpochMetrics(epoch=412, total_rounds=87, total_fda_steps=1756, accuracy=0.9837999939918518)
EpochMetrics(epoch=413, total_rounds=87, total_fda_steps=1760, accuracy=0.9839000105857849)
EpochMetrics(epoch=414, total_rounds=88, total_fda_steps=1765, accuracy=0.984000027179718)
EpochMetrics(epoch=415, total_rounds=88, total_fda_steps=1769, accuracy=0.984000027179718)
EpochMetrics(epoch=416, total_rounds=88, total_fda_steps=1773, accuracy=0.984000027179718)
EpochMetrics(epoch=417, total_rounds=88, total_fda_steps=1777, accuracy=0.9843999743461609)
EpochMetrics(epoch=418, total_rounds=88, total_fda_steps=1782, accuracy=0.9837999939918518)
EpochMetrics(epoch=419, total_rounds=88, total_fda_steps=1786, accuracy=0.9842000007629395)
EpochMetrics(epoch=420, total_rounds=88, total_fda_steps=1790, accuracy=0.984000027179718)
EpochMetrics(epoch=421, total_rounds=88, total_fda_steps=1795, accuracy=0.9837999939918518)
EpochMetrics(epoch=422, total_rounds=89, total_fda_steps=1799, accuracy=0.9837999939918518)
EpochMetrics(epoch=423, total_rounds=89, total_fda_steps=1803, accuracy=0.9836999773979187)
EpochMetrics(epoch=424, total_rounds=89, total_fda_steps=1807, accuracy=0.9842000007629395)
EpochMetrics(epoch=425, total_rounds=89, total_fda_steps=1812, accuracy=0.9842000007629395)
EpochMetrics(epoch=426, total_rounds=89, total_fda_steps=1816, accuracy=0.984000027179718)
EpochMetrics(epoch=427, total_rounds=89, total_fda_steps=1820, accuracy=0.9837999939918518)
EpochMetrics(epoch=428, total_rounds=89, total_fda_steps=1824, accuracy=0.9837999939918518)
EpochMetrics(epoch=429, total_rounds=90, total_fda_steps=1829, accuracy=0.9840999841690063)
EpochMetrics(epoch=430, total_rounds=90, total_fda_steps=1833, accuracy=0.9840999841690063)
EpochMetrics(epoch=431, total_rounds=90, total_fda_steps=1837, accuracy=0.9842000007629395)
EpochMetrics(epoch=432, total_rounds=90, total_fda_steps=1841, accuracy=0.9843000173568726)
EpochMetrics(epoch=433, total_rounds=90, total_fda_steps=1846, accuracy=0.9843999743461609)
EpochMetrics(epoch=434, total_rounds=90, total_fda_steps=1850, accuracy=0.9842000007629395)
EpochMetrics(epoch=435, total_rounds=90, total_fda_steps=1854, accuracy=0.9840999841690063)
EpochMetrics(epoch=436, total_rounds=90, total_fda_steps=1858, accuracy=0.984000027179718)
EpochMetrics(epoch=437, total_rounds=91, total_fda_steps=1863, accuracy=0.984499990940094)
EpochMetrics(epoch=438, total_rounds=91, total_fda_steps=1867, accuracy=0.9842000007629395)
EpochMetrics(epoch=439, total_rounds=91, total_fda_steps=1871, accuracy=0.9843000173568726)
EpochMetrics(epoch=440, total_rounds=91, total_fda_steps=1876, accuracy=0.9840999841690063)
EpochMetrics(epoch=441, total_rounds=91, total_fda_steps=1880, accuracy=0.9840999841690063)
EpochMetrics(epoch=442, total_rounds=91, total_fda_steps=1884, accuracy=0.9840999841690063)
EpochMetrics(epoch=443, total_rounds=91, total_fda_steps=1888, accuracy=0.9843000173568726)
EpochMetrics(epoch=444, total_rounds=92, total_fda_steps=1893, accuracy=0.9842000007629395)
EpochMetrics(epoch=445, total_rounds=92, total_fda_steps=1897, accuracy=0.9843999743461609)
EpochMetrics(epoch=446, total_rounds=92, total_fda_steps=1901, accuracy=0.9843999743461609)
EpochMetrics(epoch=447, total_rounds=92, total_fda_steps=1905, accuracy=0.9843999743461609)
EpochMetrics(epoch=448, total_rounds=92, total_fda_steps=1910, accuracy=0.9842000007629395)
EpochMetrics(epoch=449, total_rounds=92, total_fda_steps=1914, accuracy=0.984000027179718)
EpochMetrics(epoch=450, total_rounds=92, total_fda_steps=1918, accuracy=0.9840999841690063)
EpochMetrics(epoch=451, total_rounds=92, total_fda_steps=1922, accuracy=0.9842000007629395)
EpochMetrics(epoch=452, total_rounds=93, total_fda_steps=1927, accuracy=0.9843000173568726)
EpochMetrics(epoch=453, total_rounds=93, total_fda_steps=1931, accuracy=0.9847000241279602)
EpochMetrics(epoch=454, total_rounds=93, total_fda_steps=1935, accuracy=0.9847000241279602)
EpochMetrics(epoch=455, total_rounds=93, total_fda_steps=1939, accuracy=0.984499990940094)
EpochMetrics(epoch=456, total_rounds=93, total_fda_steps=1944, accuracy=0.9843000173568726)
EpochMetrics(epoch=457, total_rounds=93, total_fda_steps=1948, accuracy=0.984000027179718)
EpochMetrics(epoch=458, total_rounds=93, total_fda_steps=1952, accuracy=0.9843000173568726)
EpochMetrics(epoch=459, total_rounds=94, total_fda_steps=1956, accuracy=0.9846000075340271)
EpochMetrics(epoch=460, total_rounds=94, total_fda_steps=1961, accuracy=0.9843000173568726)
EpochMetrics(epoch=461, total_rounds=94, total_fda_steps=1965, accuracy=0.9846000075340271)
EpochMetrics(epoch=462, total_rounds=94, total_fda_steps=1969, accuracy=0.9847000241279602)
EpochMetrics(epoch=463, total_rounds=94, total_fda_steps=1974, accuracy=0.9846000075340271)
EpochMetrics(epoch=464, total_rounds=94, total_fda_steps=1978, accuracy=0.9842000007629395)
EpochMetrics(epoch=465, total_rounds=94, total_fda_steps=1982, accuracy=0.9843000173568726)
EpochMetrics(epoch=466, total_rounds=94, total_fda_steps=1986, accuracy=0.9840999841690063)
EpochMetrics(epoch=467, total_rounds=95, total_fda_steps=1991, accuracy=0.9847000241279602)
EpochMetrics(epoch=468, total_rounds=95, total_fda_steps=1995, accuracy=0.9846000075340271)
EpochMetrics(epoch=469, total_rounds=95, total_fda_steps=1999, accuracy=0.9843999743461609)
EpochMetrics(epoch=470, total_rounds=95, total_fda_steps=2003, accuracy=0.984499990940094)
EpochMetrics(epoch=471, total_rounds=95, total_fda_steps=2008, accuracy=0.9840999841690063)
EpochMetrics(epoch=472, total_rounds=95, total_fda_steps=2012, accuracy=0.9839000105857849)
EpochMetrics(epoch=473, total_rounds=95, total_fda_steps=2016, accuracy=0.984000027179718)
EpochMetrics(epoch=474, total_rounds=95, total_fda_steps=2020, accuracy=0.9840999841690063)
EpochMetrics(epoch=475, total_rounds=96, total_fda_steps=2025, accuracy=0.984499990940094)
EpochMetrics(epoch=476, total_rounds=96, total_fda_steps=2029, accuracy=0.984499990940094)
EpochMetrics(epoch=477, total_rounds=96, total_fda_steps=2033, accuracy=0.9846000075340271)
EpochMetrics(epoch=478, total_rounds=96, total_fda_steps=2037, accuracy=0.9846000075340271)
EpochMetrics(epoch=479, total_rounds=96, total_fda_steps=2042, accuracy=0.9843000173568726)
EpochMetrics(epoch=480, total_rounds=96, total_fda_steps=2046, accuracy=0.9843999743461609)
EpochMetrics(epoch=481, total_rounds=96, total_fda_steps=2050, accuracy=0.9843000173568726)
EpochMetrics(epoch=482, total_rounds=96, total_fda_steps=2054, accuracy=0.9843999743461609)
EpochMetrics(epoch=483, total_rounds=97, total_fda_steps=2059, accuracy=0.9843000173568726)
EpochMetrics(epoch=484, total_rounds=97, total_fda_steps=2063, accuracy=0.9846000075340271)
EpochMetrics(epoch=485, total_rounds=97, total_fda_steps=2067, accuracy=0.9850000143051147)
EpochMetrics(epoch=486, total_rounds=97, total_fda_steps=2072, accuracy=0.9848999977111816)
EpochMetrics(epoch=487, total_rounds=97, total_fda_steps=2076, accuracy=0.9847000241279602)
EpochMetrics(epoch=488, total_rounds=97, total_fda_steps=2080, accuracy=0.984499990940094)
EpochMetrics(epoch=489, total_rounds=97, total_fda_steps=2084, accuracy=0.9843000173568726)
EpochMetrics(epoch=490, total_rounds=97, total_fda_steps=2089, accuracy=0.984499990940094)
EpochMetrics(epoch=491, total_rounds=98, total_fda_steps=2093, accuracy=0.9843999743461609)
EpochMetrics(epoch=492, total_rounds=98, total_fda_steps=2097, accuracy=0.9847000241279602)
EpochMetrics(epoch=493, total_rounds=98, total_fda_steps=2101, accuracy=0.9847000241279602)
EpochMetrics(epoch=494, total_rounds=98, total_fda_steps=2106, accuracy=0.9847999811172485)
EpochMetrics(epoch=495, total_rounds=98, total_fda_steps=2110, accuracy=0.9847000241279602)
EpochMetrics(epoch=496, total_rounds=98, total_fda_steps=2114, accuracy=0.9847999811172485)
EpochMetrics(epoch=497, total_rounds=98, total_fda_steps=2118, accuracy=0.9846000075340271)
EpochMetrics(epoch=498, total_rounds=98, total_fda_steps=2123, accuracy=0.9847000241279602)
EpochMetrics(epoch=499, total_rounds=99, total_fda_steps=2127, accuracy=0.9847000241279602)
EpochMetrics(epoch=500, total_rounds=99, total_fda_steps=2131, accuracy=0.9850000143051147)

------------ Finished Testing : ------------
NN name : LeNet-5
FDA name : naive
Num Clients : 55
Batch size : 256
Num Epochs : 500
Number of steps until we check RTC : 1
Theta : 1.0
Total simulation time: 15644.185416221619 sec
-----------------------------------------

