2023-05-07 13:48:49,518 - distributed.nanny - INFO -         Start Nanny at: 'tcp://10.0.0.107:34747'
2023-05-07 13:48:53,847 - distributed.worker - INFO -       Start worker at:     tcp://10.0.0.107:41827
2023-05-07 13:48:53,848 - distributed.worker - INFO -          Listening to:     tcp://10.0.0.107:41827
2023-05-07 13:48:53,848 - distributed.worker - INFO -           Worker name:             SLURMCluster-6
2023-05-07 13:48:53,848 - distributed.worker - INFO -          dashboard at:           10.0.0.107:36791
2023-05-07 13:48:53,848 - distributed.worker - INFO - Waiting to connect to:     tcp://10.0.0.100:39613
2023-05-07 13:48:53,849 - distributed.worker - INFO - -------------------------------------------------
2023-05-07 13:48:53,849 - distributed.worker - INFO -               Threads:                          4
2023-05-07 13:48:53,849 - distributed.worker - INFO -                Memory:                   2.79 GiB
2023-05-07 13:48:53,849 - distributed.worker - INFO -       Local Directory: /storage/tuclocal/mtheologitis/dask-worker-space/worker-i_nltotu
2023-05-07 13:48:53,850 - distributed.worker - INFO - -------------------------------------------------
2023-05-07 13:48:55,780 - distributed.worker - INFO -         Registered to:     tcp://10.0.0.100:39613
2023-05-07 13:48:55,782 - distributed.worker - INFO - -------------------------------------------------
2023-05-07 13:48:55,783 - distributed.core - INFO - Starting established connection to tcp://10.0.0.100:39613
2023-05-07 13:49:25,894 - distributed.worker - INFO - Starting Worker plugin TF_Simulation_FDA_CNN.pydd693128-d774-4352-8932-ef9608d56812
2023-05-07 13:49:26,001 - distributed.utils - INFO - Reload module TF_Simulation_FDA_CNN from .py file
2023-05-07 13:49:36.322765: I tensorflow/core/platform/cpu_feature_guard.cc:182] This TensorFlow binary is optimized to use available CPU instructions in performance-critical operations.
To enable the following instructions: SSE3, in other operations, rebuild TensorFlow with the appropriate compiler flags.
2023-05-07 13:49:50,413 - distributed.core - INFO - Event loop was unresponsive in Worker for 24.43s.  This is often caused by long-running GIL-holding functions or moving large chunks of data. This can cause timeouts and instability.
2023-05-07 13:50:03.249349: W tensorflow/tsl/framework/cpu_allocator_impl.cc:83] Allocation of 376320000 exceeds 10% of free system memory.
2023-05-07 13:50:09.390374: W tensorflow/tsl/framework/cpu_allocator_impl.cc:83] Allocation of 376320000 exceeds 10% of free system memory.
2023-05-07 13:50:09.812352: I tensorflow/core/common_runtime/executor.cc:1197] [/device:CPU:0] (DEBUG INFO) Executor start aborting (this does not indicate an error and you can ignore this message): INVALID_ARGUMENT: You must feed a value for placeholder tensor 'Placeholder/_0' with dtype double and shape [60000,28,28]
	 [[{{node Placeholder/_0}}]]
2023-05-07 13:50:09.814225: I tensorflow/core/common_runtime/executor.cc:1197] [/device:CPU:0] (DEBUG INFO) Executor start aborting (this does not indicate an error and you can ignore this message): INVALID_ARGUMENT: You must feed a value for placeholder tensor 'Placeholder/_1' with dtype uint8 and shape [60000]
	 [[{{node Placeholder/_1}}]]
2023-05-07 13:50:22.733588: W tensorflow/tsl/framework/cpu_allocator_impl.cc:83] Allocation of 376320000 exceeds 10% of free system memory.
2023-05-07 13:50:23.162172: I tensorflow/core/common_runtime/executor.cc:1197] [/device:CPU:0] (DEBUG INFO) Executor start aborting (this does not indicate an error and you can ignore this message): INVALID_ARGUMENT: You must feed a value for placeholder tensor 'Placeholder/_1' with dtype uint8 and shape [60000]
	 [[{{node Placeholder/_1}}]]
2023-05-07 13:50:23.162847: I tensorflow/core/common_runtime/executor.cc:1197] [/device:CPU:0] (DEBUG INFO) Executor start aborting (this does not indicate an error and you can ignore this message): INVALID_ARGUMENT: You must feed a value for placeholder tensor 'Placeholder/_1' with dtype uint8 and shape [60000]
	 [[{{node Placeholder/_1}}]]
2023-05-07 13:50:34.009266: W tensorflow/tsl/framework/cpu_allocator_impl.cc:83] Allocation of 376320000 exceeds 10% of free system memory.
2023-05-07 13:50:34.423876: I tensorflow/core/common_runtime/executor.cc:1197] [/device:CPU:0] (DEBUG INFO) Executor start aborting (this does not indicate an error and you can ignore this message): INVALID_ARGUMENT: You must feed a value for placeholder tensor 'Placeholder/_1' with dtype uint8 and shape [60000]
	 [[{{node Placeholder/_1}}]]
2023-05-07 13:50:34.424633: I tensorflow/core/common_runtime/executor.cc:1197] [/device:CPU:0] (DEBUG INFO) Executor start aborting (this does not indicate an error and you can ignore this message): INVALID_ARGUMENT: You must feed a value for placeholder tensor 'Placeholder/_0' with dtype double and shape [60000,28,28]
	 [[{{node Placeholder/_0}}]]
2023-05-07 13:50:45.458304: W tensorflow/tsl/framework/cpu_allocator_impl.cc:83] Allocation of 376320000 exceeds 10% of free system memory.
2023-05-07 13:50:45.874656: I tensorflow/core/common_runtime/executor.cc:1197] [/device:CPU:0] (DEBUG INFO) Executor start aborting (this does not indicate an error and you can ignore this message): INVALID_ARGUMENT: You must feed a value for placeholder tensor 'Placeholder/_1' with dtype uint8 and shape [60000]
	 [[{{node Placeholder/_1}}]]
2023-05-07 13:50:45.875374: I tensorflow/core/common_runtime/executor.cc:1197] [/device:CPU:0] (DEBUG INFO) Executor start aborting (this does not indicate an error and you can ignore this message): INVALID_ARGUMENT: You must feed a value for placeholder tensor 'Placeholder/_0' with dtype double and shape [60000,28,28]
	 [[{{node Placeholder/_0}}]]
2023-05-07 13:50:57.191593: I tensorflow/core/common_runtime/executor.cc:1197] [/device:CPU:0] (DEBUG INFO) Executor start aborting (this does not indicate an error and you can ignore this message): INVALID_ARGUMENT: You must feed a value for placeholder tensor 'Placeholder/_1' with dtype uint8 and shape [60000]
	 [[{{node Placeholder/_1}}]]
2023-05-07 13:50:57.192331: I tensorflow/core/common_runtime/executor.cc:1197] [/device:CPU:0] (DEBUG INFO) Executor start aborting (this does not indicate an error and you can ignore this message): INVALID_ARGUMENT: You must feed a value for placeholder tensor 'Placeholder/_1' with dtype uint8 and shape [60000]
	 [[{{node Placeholder/_1}}]]
2023-05-07 13:51:08.397175: I tensorflow/core/common_runtime/executor.cc:1197] [/device:CPU:0] (DEBUG INFO) Executor start aborting (this does not indicate an error and you can ignore this message): INVALID_ARGUMENT: You must feed a value for placeholder tensor 'Placeholder/_1' with dtype uint8 and shape [60000]
	 [[{{node Placeholder/_1}}]]
2023-05-07 13:51:08.397922: I tensorflow/core/common_runtime/executor.cc:1197] [/device:CPU:0] (DEBUG INFO) Executor start aborting (this does not indicate an error and you can ignore this message): INVALID_ARGUMENT: You must feed a value for placeholder tensor 'Placeholder/_1' with dtype uint8 and shape [60000]
	 [[{{node Placeholder/_1}}]]
2023-05-07 13:51:19.594276: I tensorflow/core/common_runtime/executor.cc:1197] [/device:CPU:0] (DEBUG INFO) Executor start aborting (this does not indicate an error and you can ignore this message): INVALID_ARGUMENT: You must feed a value for placeholder tensor 'Placeholder/_1' with dtype uint8 and shape [60000]
	 [[{{node Placeholder/_1}}]]
2023-05-07 13:51:19.595024: I tensorflow/core/common_runtime/executor.cc:1197] [/device:CPU:0] (DEBUG INFO) Executor start aborting (this does not indicate an error and you can ignore this message): INVALID_ARGUMENT: You must feed a value for placeholder tensor 'Placeholder/_0' with dtype double and shape [60000,28,28]
	 [[{{node Placeholder/_0}}]]
2023-05-07 13:51:32.710095: I tensorflow/core/common_runtime/executor.cc:1197] [/device:CPU:0] (DEBUG INFO) Executor start aborting (this does not indicate an error and you can ignore this message): INVALID_ARGUMENT: You must feed a value for placeholder tensor 'Placeholder/_1' with dtype uint8 and shape [60000]
	 [[{{node Placeholder/_1}}]]
2023-05-07 13:51:32.710852: I tensorflow/core/common_runtime/executor.cc:1197] [/device:CPU:0] (DEBUG INFO) Executor start aborting (this does not indicate an error and you can ignore this message): INVALID_ARGUMENT: You must feed a value for placeholder tensor 'Placeholder/_0' with dtype double and shape [60000,28,28]
	 [[{{node Placeholder/_0}}]]
2023-05-07 13:51:43.968838: I tensorflow/core/common_runtime/executor.cc:1197] [/device:CPU:0] (DEBUG INFO) Executor start aborting (this does not indicate an error and you can ignore this message): INVALID_ARGUMENT: You must feed a value for placeholder tensor 'Placeholder/_0' with dtype double and shape [60000,28,28]
	 [[{{node Placeholder/_0}}]]
2023-05-07 13:51:43.969604: I tensorflow/core/common_runtime/executor.cc:1197] [/device:CPU:0] (DEBUG INFO) Executor start aborting (this does not indicate an error and you can ignore this message): INVALID_ARGUMENT: You must feed a value for placeholder tensor 'Placeholder/_1' with dtype uint8 and shape [60000]
	 [[{{node Placeholder/_1}}]]
2023-05-07 13:51:55.316969: I tensorflow/core/common_runtime/executor.cc:1197] [/device:CPU:0] (DEBUG INFO) Executor start aborting (this does not indicate an error and you can ignore this message): INVALID_ARGUMENT: You must feed a value for placeholder tensor 'Placeholder/_1' with dtype uint8 and shape [60000]
	 [[{{node Placeholder/_1}}]]
2023-05-07 13:51:55.317724: I tensorflow/core/common_runtime/executor.cc:1197] [/device:CPU:0] (DEBUG INFO) Executor start aborting (this does not indicate an error and you can ignore this message): INVALID_ARGUMENT: You must feed a value for placeholder tensor 'Placeholder/_1' with dtype uint8 and shape [60000]
	 [[{{node Placeholder/_1}}]]
2023-05-07 13:52:06.494778: I tensorflow/core/common_runtime/executor.cc:1197] [/device:CPU:0] (DEBUG INFO) Executor start aborting (this does not indicate an error and you can ignore this message): INVALID_ARGUMENT: You must feed a value for placeholder tensor 'Placeholder/_1' with dtype uint8 and shape [60000]
	 [[{{node Placeholder/_1}}]]
2023-05-07 13:52:06.495525: I tensorflow/core/common_runtime/executor.cc:1197] [/device:CPU:0] (DEBUG INFO) Executor start aborting (this does not indicate an error and you can ignore this message): INVALID_ARGUMENT: You must feed a value for placeholder tensor 'Placeholder/_1' with dtype uint8 and shape [60000]
	 [[{{node Placeholder/_1}}]]
2023-05-07 13:52:17.752830: I tensorflow/core/common_runtime/executor.cc:1197] [/device:CPU:0] (DEBUG INFO) Executor start aborting (this does not indicate an error and you can ignore this message): INVALID_ARGUMENT: You must feed a value for placeholder tensor 'Placeholder/_1' with dtype uint8 and shape [60000]
	 [[{{node Placeholder/_1}}]]
2023-05-07 13:52:17.753567: I tensorflow/core/common_runtime/executor.cc:1197] [/device:CPU:0] (DEBUG INFO) Executor start aborting (this does not indicate an error and you can ignore this message): INVALID_ARGUMENT: You must feed a value for placeholder tensor 'Placeholder/_0' with dtype double and shape [60000,28,28]
	 [[{{node Placeholder/_0}}]]
2023-05-07 13:52:28.955047: I tensorflow/core/common_runtime/executor.cc:1197] [/device:CPU:0] (DEBUG INFO) Executor start aborting (this does not indicate an error and you can ignore this message): INVALID_ARGUMENT: You must feed a value for placeholder tensor 'Placeholder/_1' with dtype uint8 and shape [60000]
	 [[{{node Placeholder/_1}}]]
2023-05-07 13:52:28.955878: I tensorflow/core/common_runtime/executor.cc:1197] [/device:CPU:0] (DEBUG INFO) Executor start aborting (this does not indicate an error and you can ignore this message): INVALID_ARGUMENT: You must feed a value for placeholder tensor 'Placeholder/_1' with dtype uint8 and shape [60000]
	 [[{{node Placeholder/_1}}]]
2023-05-07 13:59:38.467951: I tensorflow/core/common_runtime/executor.cc:1197] [/device:CPU:0] (DEBUG INFO) Executor start aborting (this does not indicate an error and you can ignore this message): INVALID_ARGUMENT: You must feed a value for placeholder tensor 'Placeholder/_1' with dtype uint8 and shape [10000]
	 [[{{node Placeholder/_1}}]]
