2023-05-07 13:48:49,558 - distributed.nanny - INFO -         Start Nanny at: 'tcp://10.0.0.103:34605'
2023-05-07 13:48:53,811 - distributed.worker - INFO -       Start worker at:     tcp://10.0.0.103:42701
2023-05-07 13:48:53,812 - distributed.worker - INFO -          Listening to:     tcp://10.0.0.103:42701
2023-05-07 13:48:53,812 - distributed.worker - INFO -           Worker name:             SLURMCluster-3
2023-05-07 13:48:53,813 - distributed.worker - INFO -          dashboard at:           10.0.0.103:39753
2023-05-07 13:48:53,813 - distributed.worker - INFO - Waiting to connect to:     tcp://10.0.0.100:39613
2023-05-07 13:48:53,813 - distributed.worker - INFO - -------------------------------------------------
2023-05-07 13:48:53,813 - distributed.worker - INFO -               Threads:                          4
2023-05-07 13:48:53,813 - distributed.worker - INFO -                Memory:                   2.79 GiB
2023-05-07 13:48:53,814 - distributed.worker - INFO -       Local Directory: /storage/tuclocal/mtheologitis/dask-worker-space/worker-f7nzfr0r
2023-05-07 13:48:53,814 - distributed.worker - INFO - -------------------------------------------------
2023-05-07 13:48:55,735 - distributed.worker - INFO -         Registered to:     tcp://10.0.0.100:39613
2023-05-07 13:48:55,736 - distributed.worker - INFO - -------------------------------------------------
2023-05-07 13:48:55,738 - distributed.core - INFO - Starting established connection to tcp://10.0.0.100:39613
2023-05-07 13:49:25,891 - distributed.worker - INFO - Starting Worker plugin TF_Simulation_FDA_CNN.pydd693128-d774-4352-8932-ef9608d56812
2023-05-07 13:49:26,000 - distributed.utils - INFO - Reload module TF_Simulation_FDA_CNN from .py file
2023-05-07 13:49:36.813525: I tensorflow/core/platform/cpu_feature_guard.cc:182] This TensorFlow binary is optimized to use available CPU instructions in performance-critical operations.
To enable the following instructions: SSE3, in other operations, rebuild TensorFlow with the appropriate compiler flags.
2023-05-07 13:49:50,611 - distributed.core - INFO - Event loop was unresponsive in Worker for 24.63s.  This is often caused by long-running GIL-holding functions or moving large chunks of data. This can cause timeouts and instability.
2023-05-07 13:49:59.295448: W tensorflow/tsl/framework/cpu_allocator_impl.cc:83] Allocation of 376320000 exceeds 10% of free system memory.
2023-05-07 13:50:07.474756: W tensorflow/tsl/framework/cpu_allocator_impl.cc:83] Allocation of 376320000 exceeds 10% of free system memory.
2023-05-07 13:50:07.897920: I tensorflow/core/common_runtime/executor.cc:1197] [/device:CPU:0] (DEBUG INFO) Executor start aborting (this does not indicate an error and you can ignore this message): INVALID_ARGUMENT: You must feed a value for placeholder tensor 'Placeholder/_1' with dtype uint8 and shape [60000]
	 [[{{node Placeholder/_1}}]]
2023-05-07 13:50:07.900563: I tensorflow/core/common_runtime/executor.cc:1197] [/device:CPU:0] (DEBUG INFO) Executor start aborting (this does not indicate an error and you can ignore this message): INVALID_ARGUMENT: You must feed a value for placeholder tensor 'Placeholder/_1' with dtype uint8 and shape [60000]
	 [[{{node Placeholder/_1}}]]
2023-05-07 13:50:17.220864: W tensorflow/tsl/framework/cpu_allocator_impl.cc:83] Allocation of 376320000 exceeds 10% of free system memory.
2023-05-07 13:50:17.640866: I tensorflow/core/common_runtime/executor.cc:1197] [/device:CPU:0] (DEBUG INFO) Executor start aborting (this does not indicate an error and you can ignore this message): INVALID_ARGUMENT: You must feed a value for placeholder tensor 'Placeholder/_1' with dtype uint8 and shape [60000]
	 [[{{node Placeholder/_1}}]]
2023-05-07 13:50:17.641634: I tensorflow/core/common_runtime/executor.cc:1197] [/device:CPU:0] (DEBUG INFO) Executor start aborting (this does not indicate an error and you can ignore this message): INVALID_ARGUMENT: You must feed a value for placeholder tensor 'Placeholder/_0' with dtype double and shape [60000,28,28]
	 [[{{node Placeholder/_0}}]]
2023-05-07 13:50:26.318206: W tensorflow/tsl/framework/cpu_allocator_impl.cc:83] Allocation of 376320000 exceeds 10% of free system memory.
2023-05-07 13:50:26.733813: I tensorflow/core/common_runtime/executor.cc:1197] [/device:CPU:0] (DEBUG INFO) Executor start aborting (this does not indicate an error and you can ignore this message): INVALID_ARGUMENT: You must feed a value for placeholder tensor 'Placeholder/_1' with dtype uint8 and shape [60000]
	 [[{{node Placeholder/_1}}]]
2023-05-07 13:50:26.734551: I tensorflow/core/common_runtime/executor.cc:1197] [/device:CPU:0] (DEBUG INFO) Executor start aborting (this does not indicate an error and you can ignore this message): INVALID_ARGUMENT: You must feed a value for placeholder tensor 'Placeholder/_1' with dtype uint8 and shape [60000]
	 [[{{node Placeholder/_1}}]]
2023-05-07 13:50:35.428874: W tensorflow/tsl/framework/cpu_allocator_impl.cc:83] Allocation of 376320000 exceeds 10% of free system memory.
2023-05-07 13:50:35.779988: I tensorflow/core/common_runtime/executor.cc:1197] [/device:CPU:0] (DEBUG INFO) Executor start aborting (this does not indicate an error and you can ignore this message): INVALID_ARGUMENT: You must feed a value for placeholder tensor 'Placeholder/_0' with dtype double and shape [60000,28,28]
	 [[{{node Placeholder/_0}}]]
2023-05-07 13:50:35.780723: I tensorflow/core/common_runtime/executor.cc:1197] [/device:CPU:0] (DEBUG INFO) Executor start aborting (this does not indicate an error and you can ignore this message): INVALID_ARGUMENT: You must feed a value for placeholder tensor 'Placeholder/_1' with dtype uint8 and shape [60000]
	 [[{{node Placeholder/_1}}]]
2023-05-07 13:50:44.806832: I tensorflow/core/common_runtime/executor.cc:1197] [/device:CPU:0] (DEBUG INFO) Executor start aborting (this does not indicate an error and you can ignore this message): INVALID_ARGUMENT: You must feed a value for placeholder tensor 'Placeholder/_0' with dtype double and shape [60000,28,28]
	 [[{{node Placeholder/_0}}]]
2023-05-07 13:50:44.807642: I tensorflow/core/common_runtime/executor.cc:1197] [/device:CPU:0] (DEBUG INFO) Executor start aborting (this does not indicate an error and you can ignore this message): INVALID_ARGUMENT: You must feed a value for placeholder tensor 'Placeholder/_1' with dtype uint8 and shape [60000]
	 [[{{node Placeholder/_1}}]]
2023-05-07 13:50:53.853212: I tensorflow/core/common_runtime/executor.cc:1197] [/device:CPU:0] (DEBUG INFO) Executor start aborting (this does not indicate an error and you can ignore this message): INVALID_ARGUMENT: You must feed a value for placeholder tensor 'Placeholder/_1' with dtype uint8 and shape [60000]
	 [[{{node Placeholder/_1}}]]
2023-05-07 13:50:53.853964: I tensorflow/core/common_runtime/executor.cc:1197] [/device:CPU:0] (DEBUG INFO) Executor start aborting (this does not indicate an error and you can ignore this message): INVALID_ARGUMENT: You must feed a value for placeholder tensor 'Placeholder/_0' with dtype double and shape [60000,28,28]
	 [[{{node Placeholder/_0}}]]
2023-05-07 13:51:03.020877: I tensorflow/core/common_runtime/executor.cc:1197] [/device:CPU:0] (DEBUG INFO) Executor start aborting (this does not indicate an error and you can ignore this message): INVALID_ARGUMENT: You must feed a value for placeholder tensor 'Placeholder/_0' with dtype double and shape [60000,28,28]
	 [[{{node Placeholder/_0}}]]
2023-05-07 13:51:03.021649: I tensorflow/core/common_runtime/executor.cc:1197] [/device:CPU:0] (DEBUG INFO) Executor start aborting (this does not indicate an error and you can ignore this message): INVALID_ARGUMENT: You must feed a value for placeholder tensor 'Placeholder/_1' with dtype uint8 and shape [60000]
	 [[{{node Placeholder/_1}}]]
2023-05-07 13:51:12.186106: I tensorflow/core/common_runtime/executor.cc:1197] [/device:CPU:0] (DEBUG INFO) Executor start aborting (this does not indicate an error and you can ignore this message): INVALID_ARGUMENT: You must feed a value for placeholder tensor 'Placeholder/_1' with dtype uint8 and shape [60000]
	 [[{{node Placeholder/_1}}]]
2023-05-07 13:51:12.186876: I tensorflow/core/common_runtime/executor.cc:1197] [/device:CPU:0] (DEBUG INFO) Executor start aborting (this does not indicate an error and you can ignore this message): INVALID_ARGUMENT: You must feed a value for placeholder tensor 'Placeholder/_1' with dtype uint8 and shape [60000]
	 [[{{node Placeholder/_1}}]]
2023-05-07 13:51:21.288077: I tensorflow/core/common_runtime/executor.cc:1197] [/device:CPU:0] (DEBUG INFO) Executor start aborting (this does not indicate an error and you can ignore this message): INVALID_ARGUMENT: You must feed a value for placeholder tensor 'Placeholder/_0' with dtype double and shape [60000,28,28]
	 [[{{node Placeholder/_0}}]]
2023-05-07 13:51:21.288856: I tensorflow/core/common_runtime/executor.cc:1197] [/device:CPU:0] (DEBUG INFO) Executor start aborting (this does not indicate an error and you can ignore this message): INVALID_ARGUMENT: You must feed a value for placeholder tensor 'Placeholder/_1' with dtype uint8 and shape [60000]
	 [[{{node Placeholder/_1}}]]
2023-05-07 13:51:30.456499: I tensorflow/core/common_runtime/executor.cc:1197] [/device:CPU:0] (DEBUG INFO) Executor start aborting (this does not indicate an error and you can ignore this message): INVALID_ARGUMENT: You must feed a value for placeholder tensor 'Placeholder/_1' with dtype uint8 and shape [60000]
	 [[{{node Placeholder/_1}}]]
2023-05-07 13:51:30.457288: I tensorflow/core/common_runtime/executor.cc:1197] [/device:CPU:0] (DEBUG INFO) Executor start aborting (this does not indicate an error and you can ignore this message): INVALID_ARGUMENT: You must feed a value for placeholder tensor 'Placeholder/_1' with dtype uint8 and shape [60000]
	 [[{{node Placeholder/_1}}]]
2023-05-07 13:51:39.428399: I tensorflow/core/common_runtime/executor.cc:1197] [/device:CPU:0] (DEBUG INFO) Executor start aborting (this does not indicate an error and you can ignore this message): INVALID_ARGUMENT: You must feed a value for placeholder tensor 'Placeholder/_1' with dtype uint8 and shape [60000]
	 [[{{node Placeholder/_1}}]]
2023-05-07 13:51:39.429177: I tensorflow/core/common_runtime/executor.cc:1197] [/device:CPU:0] (DEBUG INFO) Executor start aborting (this does not indicate an error and you can ignore this message): INVALID_ARGUMENT: You must feed a value for placeholder tensor 'Placeholder/_1' with dtype uint8 and shape [60000]
	 [[{{node Placeholder/_1}}]]
2023-05-07 13:51:48.477572: I tensorflow/core/common_runtime/executor.cc:1197] [/device:CPU:0] (DEBUG INFO) Executor start aborting (this does not indicate an error and you can ignore this message): INVALID_ARGUMENT: You must feed a value for placeholder tensor 'Placeholder/_0' with dtype double and shape [60000,28,28]
	 [[{{node Placeholder/_0}}]]
2023-05-07 13:51:48.478339: I tensorflow/core/common_runtime/executor.cc:1197] [/device:CPU:0] (DEBUG INFO) Executor start aborting (this does not indicate an error and you can ignore this message): INVALID_ARGUMENT: You must feed a value for placeholder tensor 'Placeholder/_0' with dtype double and shape [60000,28,28]
	 [[{{node Placeholder/_0}}]]
2023-05-07 13:51:57.530081: I tensorflow/core/common_runtime/executor.cc:1197] [/device:CPU:0] (DEBUG INFO) Executor start aborting (this does not indicate an error and you can ignore this message): INVALID_ARGUMENT: You must feed a value for placeholder tensor 'Placeholder/_0' with dtype double and shape [60000,28,28]
	 [[{{node Placeholder/_0}}]]
2023-05-07 13:51:57.530853: I tensorflow/core/common_runtime/executor.cc:1197] [/device:CPU:0] (DEBUG INFO) Executor start aborting (this does not indicate an error and you can ignore this message): INVALID_ARGUMENT: You must feed a value for placeholder tensor 'Placeholder/_1' with dtype uint8 and shape [60000]
	 [[{{node Placeholder/_1}}]]
2023-05-07 13:52:08.370797: I tensorflow/core/common_runtime/executor.cc:1197] [/device:CPU:0] (DEBUG INFO) Executor start aborting (this does not indicate an error and you can ignore this message): INVALID_ARGUMENT: You must feed a value for placeholder tensor 'Placeholder/_0' with dtype double and shape [60000,28,28]
	 [[{{node Placeholder/_0}}]]
2023-05-07 13:52:08.371655: I tensorflow/core/common_runtime/executor.cc:1197] [/device:CPU:0] (DEBUG INFO) Executor start aborting (this does not indicate an error and you can ignore this message): INVALID_ARGUMENT: You must feed a value for placeholder tensor 'Placeholder/_0' with dtype double and shape [60000,28,28]
	 [[{{node Placeholder/_0}}]]
