2023-08-29 14:42:24.059831: I tensorflow/stream_executor/platform/default/dso_loader.cc:49] Successfully opened dynamic library libcudart.so.10.1
2023-08-29 14:42:24.067511: I tensorflow/stream_executor/platform/default/dso_loader.cc:49] Successfully opened dynamic library libcudart.so.10.1
2023-08-29 14:42:24.068583: I tensorflow/stream_executor/platform/default/dso_loader.cc:49] Successfully opened dynamic library libcudart.so.10.1
2023-08-29 14:42:24.079921: I tensorflow/stream_executor/platform/default/dso_loader.cc:49] Successfully opened dynamic library libcudart.so.10.1
2023-08-29 14:42:24.081028: I tensorflow/stream_executor/platform/default/dso_loader.cc:49] Successfully opened dynamic library libcudart.so.10.1
2023-08-29 14:42:24.059835: I tensorflow/stream_executor/platform/default/dso_loader.cc:49] Successfully opened dynamic library libcudart.so.10.1
2023-08-29 14:42:24.067511: I tensorflow/stream_executor/platform/default/dso_loader.cc:49] Successfully opened dynamic library libcudart.so.10.1
2023-08-29 14:42:24.108006: I tensorflow/stream_executor/platform/default/dso_loader.cc:49] Successfully opened dynamic library libcudart.so.10.1
2023-08-29 14:42:24.068583: I tensorflow/stream_executor/platform/default/dso_loader.cc:49] Successfully opened dynamic library libcudart.so.10.1
2023-08-29 14:42:24.079921: I tensorflow/stream_executor/platform/default/dso_loader.cc:49] Successfully opened dynamic library libcudart.so.10.1
2023-08-29 14:42:24.081028: I tensorflow/stream_executor/platform/default/dso_loader.cc:49] Successfully opened dynamic library libcudart.so.10.1
2023-08-29 14:42:24.108006: I tensorflow/stream_executor/platform/default/dso_loader.cc:49] Successfully opened dynamic library libcudart.so.10.1
2023-08-29 14:42:32.486895: I tensorflow/stream_executor/platform/default/dso_loader.cc:49] Successfully opened dynamic library libcuda.so.1
2023-08-29 14:42:32.486896: I tensorflow/stream_executor/platform/default/dso_loader.cc:49] Successfully opened dynamic library libcuda.so.1
2023-08-29 14:42:32.493034: I tensorflow/stream_executor/platform/default/dso_loader.cc:49] Successfully opened dynamic library libcuda.so.1
2023-08-29 14:42:32.493034: I tensorflow/stream_executor/platform/default/dso_loader.cc:49] Successfully opened dynamic library libcuda.so.1
2023-08-29 14:42:32.495705: I tensorflow/stream_executor/platform/default/dso_loader.cc:49] Successfully opened dynamic library libcuda.so.1
2023-08-29 14:42:32.495703: I tensorflow/stream_executor/platform/default/dso_loader.cc:49] Successfully opened dynamic library libcuda.so.1
2023-08-29 14:42:32.508740: I tensorflow/stream_executor/platform/default/dso_loader.cc:49] Successfully opened dynamic library libcuda.so.1
2023-08-29 14:42:32.508740: I tensorflow/stream_executor/platform/default/dso_loader.cc:49] Successfully opened dynamic library libcuda.so.1
2023-08-29 14:42:32.520866: I tensorflow/stream_executor/platform/default/dso_loader.cc:49] Successfully opened dynamic library libcuda.so.1
2023-08-29 14:42:32.520871: I tensorflow/stream_executor/platform/default/dso_loader.cc:49] Successfully opened dynamic library libcuda.so.1
2023-08-29 14:42:32.561248: I tensorflow/core/common_runtime/gpu/gpu_device.cc:1720] Found device 0 with properties: 
pciBusID: 0000:04:00.0 name: Tesla K40m computeCapability: 3.5
coreClock: 0.8755GHz coreCount: 15 deviceMemorySize: 11.17GiB deviceMemoryBandwidth: 268.58GiB/s
2023-08-29 14:42:32.561324: I tensorflow/stream_executor/platform/default/dso_loader.cc:49] Successfully opened dynamic library libcudart.so.10.1
2023-08-29 14:42:32.562297: I tensorflow/core/common_runtime/gpu/gpu_device.cc:1720] Found device 0 with properties: 
pciBusID: 0000:82:00.0 name: Tesla K40m computeCapability: 3.5
coreClock: 0.8755GHz coreCount: 15 deviceMemorySize: 11.17GiB deviceMemoryBandwidth: 268.58GiB/s
2023-08-29 14:42:32.562361: I tensorflow/stream_executor/platform/default/dso_loader.cc:49] Successfully opened dynamic library libcudart.so.10.1
2023-08-29 14:42:32.566003: I tensorflow/core/common_runtime/gpu/gpu_device.cc:1720] Found device 0 with properties: 
pciBusID: 0000:04:00.0 name: Tesla K40m computeCapability: 3.5
coreClock: 0.8755GHz coreCount: 15 deviceMemorySize: 11.17GiB deviceMemoryBandwidth: 268.58GiB/s
2023-08-29 14:42:32.566066: I tensorflow/stream_executor/platform/default/dso_loader.cc:49] Successfully opened dynamic library libcudart.so.10.1
2023-08-29 14:42:32.570152: I tensorflow/core/common_runtime/gpu/gpu_device.cc:1720] Found device 0 with properties: 
pciBusID: 0000:82:00.0 name: Tesla K40m computeCapability: 3.5
coreClock: 0.8755GHz coreCount: 15 deviceMemorySize: 11.17GiB deviceMemoryBandwidth: 268.58GiB/s
2023-08-29 14:42:32.570186: I tensorflow/stream_executor/platform/default/dso_loader.cc:49] Successfully opened dynamic library libcudart.so.10.1
2023-08-29 14:42:32.575346: I tensorflow/core/common_runtime/gpu/gpu_device.cc:1720] Found device 0 with properties: 
pciBusID: 0000:82:00.0 name: Tesla K40m computeCapability: 3.5
coreClock: 0.8755GHz coreCount: 15 deviceMemorySize: 11.17GiB deviceMemoryBandwidth: 268.58GiB/s
2023-08-29 14:42:32.575375: I tensorflow/stream_executor/platform/default/dso_loader.cc:49] Successfully opened dynamic library libcudart.so.10.1
2023-08-29 14:42:32.576866: I tensorflow/core/common_runtime/gpu/gpu_device.cc:1720] Found device 0 with properties: 
pciBusID: 0000:04:00.0 name: Tesla K40m computeCapability: 3.5
coreClock: 0.8755GHz coreCount: 15 deviceMemorySize: 11.17GiB deviceMemoryBandwidth: 268.58GiB/s
2023-08-29 14:42:32.576898: I tensorflow/stream_executor/platform/default/dso_loader.cc:49] Successfully opened dynamic library libcudart.so.10.1
2023-08-29 14:42:32.584820: I tensorflow/core/common_runtime/gpu/gpu_device.cc:1720] Found device 0 with properties: 
pciBusID: 0000:82:00.0 name: Tesla K40m computeCapability: 3.5
coreClock: 0.8755GHz coreCount: 15 deviceMemorySize: 11.17GiB deviceMemoryBandwidth: 268.58GiB/s
2023-08-29 14:42:32.584882: I tensorflow/stream_executor/platform/default/dso_loader.cc:49] Successfully opened dynamic library libcudart.so.10.1
2023-08-29 14:42:32.599129: I tensorflow/core/common_runtime/gpu/gpu_device.cc:1720] Found device 0 with properties: 
pciBusID: 0000:04:00.0 name: Tesla K40m computeCapability: 3.5
coreClock: 0.8755GHz coreCount: 15 deviceMemorySize: 11.17GiB deviceMemoryBandwidth: 268.58GiB/s
2023-08-29 14:42:32.599162: I tensorflow/stream_executor/platform/default/dso_loader.cc:49] Successfully opened dynamic library libcudart.so.10.1
2023-08-29 14:42:32.603704: I tensorflow/core/common_runtime/gpu/gpu_device.cc:1720] Found device 0 with properties: 
pciBusID: 0000:04:00.0 name: Tesla K40m computeCapability: 3.5
coreClock: 0.8755GHz coreCount: 15 deviceMemorySize: 11.17GiB deviceMemoryBandwidth: 268.58GiB/s
2023-08-29 14:42:32.603747: I tensorflow/stream_executor/platform/default/dso_loader.cc:49] Successfully opened dynamic library libcudart.so.10.1
2023-08-29 14:42:32.604342: I tensorflow/stream_executor/platform/default/dso_loader.cc:49] Successfully opened dynamic library libcublas.so.10
2023-08-29 14:42:32.604344: I tensorflow/stream_executor/platform/default/dso_loader.cc:49] Successfully opened dynamic library libcublas.so.10
2023-08-29 14:42:32.604425: I tensorflow/stream_executor/platform/default/dso_loader.cc:49] Successfully opened dynamic library libcublasLt.so.10
2023-08-29 14:42:32.604434: I tensorflow/stream_executor/platform/default/dso_loader.cc:49] Successfully opened dynamic library libcublasLt.so.10
2023-08-29 14:42:32.606112: I tensorflow/stream_executor/platform/default/dso_loader.cc:49] Successfully opened dynamic library libcublas.so.10
2023-08-29 14:42:32.606112: I tensorflow/stream_executor/platform/default/dso_loader.cc:49] Successfully opened dynamic library libcublas.so.10
2023-08-29 14:42:32.606198: I tensorflow/stream_executor/platform/default/dso_loader.cc:49] Successfully opened dynamic library libcublasLt.so.10
2023-08-29 14:42:32.606192: I tensorflow/stream_executor/platform/default/dso_loader.cc:49] Successfully opened dynamic library libcublasLt.so.10
2023-08-29 14:42:32.615948: I tensorflow/stream_executor/platform/default/dso_loader.cc:49] Successfully opened dynamic library libcublas.so.10
2023-08-29 14:42:32.615940: I tensorflow/stream_executor/platform/default/dso_loader.cc:49] Successfully opened dynamic library libcublas.so.10
2023-08-29 14:42:32.616029: I tensorflow/stream_executor/platform/default/dso_loader.cc:49] Successfully opened dynamic library libcublasLt.so.10
2023-08-29 14:42:32.616023: I tensorflow/stream_executor/platform/default/dso_loader.cc:49] Successfully opened dynamic library libcublasLt.so.10
2023-08-29 14:42:32.619484: I tensorflow/core/common_runtime/gpu/gpu_device.cc:1720] Found device 0 with properties: 
pciBusID: 0000:82:00.0 name: Tesla K40m computeCapability: 3.5
coreClock: 0.8755GHz coreCount: 15 deviceMemorySize: 11.17GiB deviceMemoryBandwidth: 268.58GiB/s
2023-08-29 14:42:32.619531: I tensorflow/stream_executor/platform/default/dso_loader.cc:49] Successfully opened dynamic library libcudart.so.10.1
2023-08-29 14:42:32.631206: I tensorflow/stream_executor/platform/default/dso_loader.cc:49] Successfully opened dynamic library libcublas.so.10
2023-08-29 14:42:32.631208: I tensorflow/stream_executor/platform/default/dso_loader.cc:49] Successfully opened dynamic library libcublas.so.10
2023-08-29 14:42:32.631301: I tensorflow/stream_executor/platform/default/dso_loader.cc:49] Successfully opened dynamic library libcublasLt.so.10
2023-08-29 14:42:32.631296: I tensorflow/stream_executor/platform/default/dso_loader.cc:49] Successfully opened dynamic library libcublasLt.so.10
2023-08-29 14:42:32.632232: I tensorflow/stream_executor/platform/default/dso_loader.cc:49] Successfully opened dynamic library libcufft.so.10
2023-08-29 14:42:32.632239: I tensorflow/stream_executor/platform/default/dso_loader.cc:49] Successfully opened dynamic library libcufft.so.10
2023-08-29 14:42:32.632951: I tensorflow/stream_executor/platform/default/dso_loader.cc:49] Successfully opened dynamic library libcufft.so.10
2023-08-29 14:42:32.632947: I tensorflow/stream_executor/platform/default/dso_loader.cc:49] Successfully opened dynamic library libcufft.so.10
2023-08-29 14:42:32.637455: I tensorflow/stream_executor/platform/default/dso_loader.cc:49] Successfully opened dynamic library libcufft.so.10
2023-08-29 14:42:32.637462: I tensorflow/stream_executor/platform/default/dso_loader.cc:49] Successfully opened dynamic library libcufft.so.10
2023-08-29 14:42:32.643750: I tensorflow/stream_executor/platform/default/dso_loader.cc:49] Successfully opened dynamic library libcurand.so.10
2023-08-29 14:42:32.644215: I tensorflow/stream_executor/platform/default/dso_loader.cc:49] Successfully opened dynamic library libcurand.so.10
2023-08-29 14:42:32.645697: I tensorflow/stream_executor/platform/default/dso_loader.cc:49] Successfully opened dynamic library libcurand.so.10
2023-08-29 14:42:32.646096: I tensorflow/stream_executor/platform/default/dso_loader.cc:49] Successfully opened dynamic library libcublas.so.10
2023-08-29 14:42:32.646104: I tensorflow/stream_executor/platform/default/dso_loader.cc:49] Successfully opened dynamic library libcublas.so.10
2023-08-29 14:42:32.646189: I tensorflow/stream_executor/platform/default/dso_loader.cc:49] Successfully opened dynamic library libcublasLt.so.10
2023-08-29 14:42:32.646184: I tensorflow/stream_executor/platform/default/dso_loader.cc:49] Successfully opened dynamic library libcublasLt.so.10
2023-08-29 14:42:32.646108: I tensorflow/stream_executor/platform/default/dso_loader.cc:49] Successfully opened dynamic library libcurand.so.10
2023-08-29 14:42:32.646084: I tensorflow/stream_executor/platform/default/dso_loader.cc:49] Successfully opened dynamic library libcurand.so.10
2023-08-29 14:42:32.646080: I tensorflow/stream_executor/platform/default/dso_loader.cc:49] Successfully opened dynamic library libcurand.so.10
2023-08-29 14:42:32.660364: I tensorflow/stream_executor/platform/default/dso_loader.cc:49] Successfully opened dynamic library libcufft.so.10
2023-08-29 14:42:32.660361: I tensorflow/stream_executor/platform/default/dso_loader.cc:49] Successfully opened dynamic library libcufft.so.10
2023-08-29 14:42:32.670515: I tensorflow/stream_executor/platform/default/dso_loader.cc:49] Successfully opened dynamic library libcufft.so.10
2023-08-29 14:42:32.670518: I tensorflow/stream_executor/platform/default/dso_loader.cc:49] Successfully opened dynamic library libcufft.so.10
2023-08-29 14:42:32.673862: I tensorflow/stream_executor/platform/default/dso_loader.cc:49] Successfully opened dynamic library libcurand.so.10
2023-08-29 14:42:32.673856: I tensorflow/stream_executor/platform/default/dso_loader.cc:49] Successfully opened dynamic library libcurand.so.10
2023-08-29 14:42:32.679180: I tensorflow/stream_executor/platform/default/dso_loader.cc:49] Successfully opened dynamic library libcurand.so.10
2023-08-29 14:42:32.679175: I tensorflow/stream_executor/platform/default/dso_loader.cc:49] Successfully opened dynamic library libcurand.so.10
2023-08-29 14:42:32.686111: I tensorflow/stream_executor/platform/default/dso_loader.cc:49] Successfully opened dynamic library libcusolver.so.10
2023-08-29 14:42:32.686114: I tensorflow/stream_executor/platform/default/dso_loader.cc:49] Successfully opened dynamic library libcusolver.so.10
2023-08-29 14:42:32.691882: I tensorflow/stream_executor/platform/default/dso_loader.cc:49] Successfully opened dynamic library libcusolver.so.10
2023-08-29 14:42:32.691879: I tensorflow/stream_executor/platform/default/dso_loader.cc:49] Successfully opened dynamic library libcusolver.so.10
2023-08-29 14:42:32.696320: I tensorflow/stream_executor/platform/default/dso_loader.cc:49] Successfully opened dynamic library libcusolver.so.10
2023-08-29 14:42:32.696323: I tensorflow/stream_executor/platform/default/dso_loader.cc:49] Successfully opened dynamic library libcusolver.so.10
2023-08-29 14:42:32.703401: I tensorflow/stream_executor/platform/default/dso_loader.cc:49] Successfully opened dynamic library libcusparse.so.10
2023-08-29 14:42:32.703401: I tensorflow/stream_executor/platform/default/dso_loader.cc:49] Successfully opened dynamic library libcusparse.so.10
2023-08-29 14:42:32.710775: I tensorflow/stream_executor/platform/default/dso_loader.cc:49] Successfully opened dynamic library libcusparse.so.10
2023-08-29 14:42:32.710765: I tensorflow/stream_executor/platform/default/dso_loader.cc:49] Successfully opened dynamic library libcusparse.so.10
2023-08-29 14:42:32.716796: I tensorflow/stream_executor/platform/default/dso_loader.cc:49] Successfully opened dynamic library libcusparse.so.10
2023-08-29 14:42:32.716802: I tensorflow/stream_executor/platform/default/dso_loader.cc:49] Successfully opened dynamic library libcusparse.so.10
2023-08-29 14:42:32.719100: I tensorflow/stream_executor/platform/default/dso_loader.cc:49] Successfully opened dynamic library libcusolver.so.10
2023-08-29 14:42:32.719105: I tensorflow/stream_executor/platform/default/dso_loader.cc:49] Successfully opened dynamic library libcusolver.so.10
2023-08-29 14:42:32.719492: I tensorflow/stream_executor/platform/default/dso_loader.cc:49] Successfully opened dynamic library libcusolver.so.10
2023-08-29 14:42:32.719489: I tensorflow/stream_executor/platform/default/dso_loader.cc:49] Successfully opened dynamic library libcusolver.so.10
2023-08-29 14:42:32.735749: I tensorflow/stream_executor/platform/default/dso_loader.cc:49] Successfully opened dynamic library libcusparse.so.10
2023-08-29 14:42:32.735743: I tensorflow/stream_executor/platform/default/dso_loader.cc:49] Successfully opened dynamic library libcusparse.so.10
2023-08-29 14:42:32.738010: I tensorflow/stream_executor/platform/default/dso_loader.cc:49] Successfully opened dynamic library libcusparse.so.10
2023-08-29 14:42:32.738036: I tensorflow/stream_executor/platform/default/dso_loader.cc:49] Successfully opened dynamic library libcusparse.so.10
2023-08-29 14:42:32.775441: I tensorflow/stream_executor/platform/default/dso_loader.cc:49] Successfully opened dynamic library libcudnn.so.7
2023-08-29 14:42:32.775438: I tensorflow/stream_executor/platform/default/dso_loader.cc:49] Successfully opened dynamic library libcudnn.so.7
2023-08-29 14:42:32.784464: I tensorflow/core/common_runtime/gpu/gpu_device.cc:1862] Adding visible gpu devices: 0
2023-08-29 14:42:32.784740: I tensorflow/core/common_runtime/gpu/gpu_device.cc:1862] Adding visible gpu devices: 0
2023-08-29 14:42:32.790071: I tensorflow/stream_executor/platform/default/dso_loader.cc:49] Successfully opened dynamic library libcudnn.so.7
2023-08-29 14:42:32.790072: I tensorflow/stream_executor/platform/default/dso_loader.cc:49] Successfully opened dynamic library libcudnn.so.7
2023-08-29 14:42:32.790473: I tensorflow/stream_executor/platform/default/dso_loader.cc:49] Successfully opened dynamic library libcudnn.so.7
2023-08-29 14:42:32.790473: I tensorflow/stream_executor/platform/default/dso_loader.cc:49] Successfully opened dynamic library libcudnn.so.7
2023-08-29 14:42:32.799178: I tensorflow/core/common_runtime/gpu/gpu_device.cc:1862] Adding visible gpu devices: 0
2023-08-29 14:42:32.799352: I tensorflow/core/common_runtime/gpu/gpu_device.cc:1862] Adding visible gpu devices: 0
2023-08-29 14:42:32.799688: I tensorflow/core/common_runtime/gpu/gpu_device.cc:1862] Adding visible gpu devices: 0
2023-08-29 14:42:32.799865: I tensorflow/core/common_runtime/gpu/gpu_device.cc:1862] Adding visible gpu devices: 0
2023-08-29 14:42:32.800145: I tensorflow/stream_executor/platform/default/dso_loader.cc:49] Successfully opened dynamic library libcudnn.so.7
2023-08-29 14:42:32.800142: I tensorflow/stream_executor/platform/default/dso_loader.cc:49] Successfully opened dynamic library libcudnn.so.7
2023-08-29 14:42:32.807797: I tensorflow/stream_executor/platform/default/dso_loader.cc:49] Successfully opened dynamic library libcudnn.so.7
2023-08-29 14:42:32.807797: I tensorflow/stream_executor/platform/default/dso_loader.cc:49] Successfully opened dynamic library libcudnn.so.7
2023-08-29 14:42:32.809192: I tensorflow/core/common_runtime/gpu/gpu_device.cc:1862] Adding visible gpu devices: 0
2023-08-29 14:42:32.809471: I tensorflow/core/common_runtime/gpu/gpu_device.cc:1862] Adding visible gpu devices: 0
2023-08-29 14:42:32.816832: I tensorflow/core/common_runtime/gpu/gpu_device.cc:1862] Adding visible gpu devices: 0
2023-08-29 14:42:32.817100: I tensorflow/core/common_runtime/gpu/gpu_device.cc:1862] Adding visible gpu devices: 0
2023-08-29 14:42:33.121353: I tensorflow/stream_executor/platform/default/dso_loader.cc:49] Successfully opened dynamic library libcuda.so.1
2023-08-29 14:42:33.121356: I tensorflow/stream_executor/platform/default/dso_loader.cc:49] Successfully opened dynamic library libcuda.so.1
2023-08-29 14:42:33.196491: I tensorflow/core/common_runtime/gpu/gpu_device.cc:1720] Found device 0 with properties: 
pciBusID: 0000:04:00.0 name: Tesla K40m computeCapability: 3.5
coreClock: 0.8755GHz coreCount: 15 deviceMemorySize: 11.17GiB deviceMemoryBandwidth: 268.58GiB/s
2023-08-29 14:42:33.196567: I tensorflow/stream_executor/platform/default/dso_loader.cc:49] Successfully opened dynamic library libcudart.so.10.1
2023-08-29 14:42:33.211033: I tensorflow/core/common_runtime/gpu/gpu_device.cc:1720] Found device 0 with properties: 
pciBusID: 0000:82:00.0 name: Tesla K40m computeCapability: 3.5
coreClock: 0.8755GHz coreCount: 15 deviceMemorySize: 11.17GiB deviceMemoryBandwidth: 268.58GiB/s
2023-08-29 14:42:33.211067: I tensorflow/stream_executor/platform/default/dso_loader.cc:49] Successfully opened dynamic library libcudart.so.10.1
2023-08-29 14:42:33.251522: I tensorflow/stream_executor/platform/default/dso_loader.cc:49] Successfully opened dynamic library libcublas.so.10
2023-08-29 14:42:33.251541: I tensorflow/stream_executor/platform/default/dso_loader.cc:49] Successfully opened dynamic library libcublas.so.10
2023-08-29 14:42:33.251609: I tensorflow/stream_executor/platform/default/dso_loader.cc:49] Successfully opened dynamic library libcublasLt.so.10
2023-08-29 14:42:33.251662: I tensorflow/stream_executor/platform/default/dso_loader.cc:49] Successfully opened dynamic library libcublasLt.so.10
2023-08-29 14:42:33.285676: I tensorflow/stream_executor/platform/default/dso_loader.cc:49] Successfully opened dynamic library libcufft.so.10
2023-08-29 14:42:33.285694: I tensorflow/stream_executor/platform/default/dso_loader.cc:49] Successfully opened dynamic library libcufft.so.10
2023-08-29 14:42:33.299677: I tensorflow/stream_executor/platform/default/dso_loader.cc:49] Successfully opened dynamic library libcurand.so.10
2023-08-29 14:42:33.299671: I tensorflow/stream_executor/platform/default/dso_loader.cc:49] Successfully opened dynamic library libcurand.so.10
2023-08-29 14:42:33.355064: I tensorflow/stream_executor/platform/default/dso_loader.cc:49] Successfully opened dynamic library libcusolver.so.10
2023-08-29 14:42:33.355060: I tensorflow/stream_executor/platform/default/dso_loader.cc:49] Successfully opened dynamic library libcusolver.so.10
2023-08-29 14:42:33.358895: I tensorflow/core/platform/cpu_feature_guard.cc:142] This TensorFlow binary is optimized with oneAPI Deep Neural Network Library (oneDNN) to use the following CPU instructions in performance-critical operations:  SSE3 SSE4.1 SSE4.2 AVX AVX2 FMA
To enable them in other operations, rebuild TensorFlow with the appropriate compiler flags.
2023-08-29 14:42:33.365364: I tensorflow/core/platform/cpu_feature_guard.cc:142] This TensorFlow binary is optimized with oneAPI Deep Neural Network Library (oneDNN) to use the following CPU instructions in performance-critical operations:  SSE3 SSE4.1 SSE4.2 AVX AVX2 FMA
To enable them in other operations, rebuild TensorFlow with the appropriate compiler flags.
2023-08-29 14:42:33.375410: I tensorflow/core/platform/cpu_feature_guard.cc:142] This TensorFlow binary is optimized with oneAPI Deep Neural Network Library (oneDNN) to use the following CPU instructions in performance-critical operations:  SSE3 SSE4.1 SSE4.2 AVX AVX2 FMA
To enable them in other operations, rebuild TensorFlow with the appropriate compiler flags.
2023-08-29 14:42:33.376279: I tensorflow/stream_executor/platform/default/dso_loader.cc:49] Successfully opened dynamic library libcusparse.so.10
2023-08-29 14:42:33.376268: I tensorflow/stream_executor/platform/default/dso_loader.cc:49] Successfully opened dynamic library libcusparse.so.10
2023-08-29 14:42:33.378441: I tensorflow/core/platform/cpu_feature_guard.cc:142] This TensorFlow binary is optimized with oneAPI Deep Neural Network Library (oneDNN) to use the following CPU instructions in performance-critical operations:  SSE3 SSE4.1 SSE4.2 AVX AVX2 FMA
To enable them in other operations, rebuild TensorFlow with the appropriate compiler flags.
2023-08-29 14:42:33.378440: I tensorflow/core/platform/cpu_feature_guard.cc:142] This TensorFlow binary is optimized with oneAPI Deep Neural Network Library (oneDNN) to use the following CPU instructions in performance-critical operations:  SSE3 SSE4.1 SSE4.2 AVX AVX2 FMA
To enable them in other operations, rebuild TensorFlow with the appropriate compiler flags.
2023-08-29 14:42:33.378751: I tensorflow/core/platform/profile_utils/cpu_utils.cc:112] CPU Frequency: 2600145000 Hz
2023-08-29 14:42:33.379830: I tensorflow/core/platform/profile_utils/cpu_utils.cc:112] CPU Frequency: 2600145000 Hz
2023-08-29 14:42:33.381533: I tensorflow/compiler/xla/service/service.cc:168] XLA service 0x41218e0 initialized for platform Host (this does not guarantee that XLA will be used). Devices:
2023-08-29 14:42:33.381554: I tensorflow/compiler/xla/service/service.cc:176]   StreamExecutor device (0): Host, Default Version
2023-08-29 14:42:33.382606: I tensorflow/compiler/xla/service/service.cc:168] XLA service 0x42687f0 initialized for platform Host (this does not guarantee that XLA will be used). Devices:
2023-08-29 14:42:33.382625: I tensorflow/compiler/xla/service/service.cc:176]   StreamExecutor device (0): Host, Default Version
2023-08-29 14:42:33.384306: I tensorflow/core/platform/cpu_feature_guard.cc:142] This TensorFlow binary is optimized with oneAPI Deep Neural Network Library (oneDNN) to use the following CPU instructions in performance-critical operations:  SSE3 SSE4.1 SSE4.2 AVX AVX2 FMA
To enable them in other operations, rebuild TensorFlow with the appropriate compiler flags.
2023-08-29 14:42:33.390815: I tensorflow/core/platform/cpu_feature_guard.cc:142] This TensorFlow binary is optimized with oneAPI Deep Neural Network Library (oneDNN) to use the following CPU instructions in performance-critical operations:  SSE3 SSE4.1 SSE4.2 AVX AVX2 FMA
To enable them in other operations, rebuild TensorFlow with the appropriate compiler flags.
2023-08-29 14:42:33.391479: I tensorflow/core/platform/cpu_feature_guard.cc:142] This TensorFlow binary is optimized with oneAPI Deep Neural Network Library (oneDNN) to use the following CPU instructions in performance-critical operations:  SSE3 SSE4.1 SSE4.2 AVX AVX2 FMA
To enable them in other operations, rebuild TensorFlow with the appropriate compiler flags.
2023-08-29 14:42:33.391695: I tensorflow/core/platform/profile_utils/cpu_utils.cc:112] CPU Frequency: 2600060000 Hz
2023-08-29 14:42:33.392198: I tensorflow/core/platform/cpu_feature_guard.cc:142] This TensorFlow binary is optimized with oneAPI Deep Neural Network Library (oneDNN) to use the following CPU instructions in performance-critical operations:  SSE3 SSE4.1 SSE4.2 AVX AVX2 FMA
To enable them in other operations, rebuild TensorFlow with the appropriate compiler flags.
2023-08-29 14:42:33.393033: I tensorflow/core/platform/cpu_feature_guard.cc:142] This TensorFlow binary is optimized with oneAPI Deep Neural Network Library (oneDNN) to use the following CPU instructions in performance-critical operations:  SSE3 SSE4.1 SSE4.2 AVX AVX2 FMA
To enable them in other operations, rebuild TensorFlow with the appropriate compiler flags.
2023-08-29 14:42:33.393490: I tensorflow/core/platform/profile_utils/cpu_utils.cc:112] CPU Frequency: 2600250000 Hz
2023-08-29 14:42:33.394470: I tensorflow/compiler/xla/service/service.cc:168] XLA service 0x4a907e0 initialized for platform Host (this does not guarantee that XLA will be used). Devices:
2023-08-29 14:42:33.394492: I tensorflow/compiler/xla/service/service.cc:176]   StreamExecutor device (0): Host, Default Version
2023-08-29 14:42:33.396197: I tensorflow/compiler/xla/service/service.cc:168] XLA service 0x5d348c0 initialized for platform Host (this does not guarantee that XLA will be used). Devices:
2023-08-29 14:42:33.396222: I tensorflow/compiler/xla/service/service.cc:176]   StreamExecutor device (0): Host, Default Version
2023-08-29 14:42:33.397320: I tensorflow/core/platform/profile_utils/cpu_utils.cc:112] CPU Frequency: 2600250000 Hz
2023-08-29 14:42:33.398351: I tensorflow/core/platform/profile_utils/cpu_utils.cc:112] CPU Frequency: 2600060000 Hz
2023-08-29 14:42:33.400120: I tensorflow/compiler/xla/service/service.cc:168] XLA service 0x43ab8c0 initialized for platform Host (this does not guarantee that XLA will be used). Devices:
2023-08-29 14:42:33.400146: I tensorflow/compiler/xla/service/service.cc:176]   StreamExecutor device (0): Host, Default Version
2023-08-29 14:42:33.401028: I tensorflow/compiler/xla/service/service.cc:168] XLA service 0x4a708c0 initialized for platform Host (this does not guarantee that XLA will be used). Devices:
2023-08-29 14:42:33.401045: I tensorflow/compiler/xla/service/service.cc:176]   StreamExecutor device (0): Host, Default Version
2023-08-29 14:42:33.405771: I tensorflow/core/platform/profile_utils/cpu_utils.cc:112] CPU Frequency: 2599880000 Hz
2023-08-29 14:42:33.406463: I tensorflow/core/platform/profile_utils/cpu_utils.cc:112] CPU Frequency: 2599855000 Hz
2023-08-29 14:42:33.408914: I tensorflow/compiler/xla/service/service.cc:168] XLA service 0x42b5790 initialized for platform Host (this does not guarantee that XLA will be used). Devices:
2023-08-29 14:42:33.408941: I tensorflow/compiler/xla/service/service.cc:176]   StreamExecutor device (0): Host, Default Version
2023-08-29 14:42:33.409269: I tensorflow/compiler/xla/service/service.cc:168] XLA service 0x4e058f0 initialized for platform Host (this does not guarantee that XLA will be used). Devices:
2023-08-29 14:42:33.409287: I tensorflow/compiler/xla/service/service.cc:176]   StreamExecutor device (0): Host, Default Version
2023-08-29 14:42:33.412996: I tensorflow/core/platform/profile_utils/cpu_utils.cc:112] CPU Frequency: 2599855000 Hz
2023-08-29 14:42:33.413109: I tensorflow/core/platform/profile_utils/cpu_utils.cc:112] CPU Frequency: 2599880000 Hz
2023-08-29 14:42:33.415725: I tensorflow/compiler/xla/service/service.cc:168] XLA service 0x57598c0 initialized for platform Host (this does not guarantee that XLA will be used). Devices:
2023-08-29 14:42:33.415743: I tensorflow/compiler/xla/service/service.cc:176]   StreamExecutor device (0): Host, Default Version
2023-08-29 14:42:33.416121: I tensorflow/compiler/xla/service/service.cc:168] XLA service 0x51257e0 initialized for platform Host (this does not guarantee that XLA will be used). Devices:
2023-08-29 14:42:33.416141: I tensorflow/compiler/xla/service/service.cc:176]   StreamExecutor device (0): Host, Default Version
2023-08-29 14:42:33.453853: I tensorflow/stream_executor/platform/default/dso_loader.cc:49] Successfully opened dynamic library libcudnn.so.7
2023-08-29 14:42:33.453866: I tensorflow/stream_executor/platform/default/dso_loader.cc:49] Successfully opened dynamic library libcudnn.so.7
2023-08-29 14:42:33.463078: I tensorflow/core/common_runtime/gpu/gpu_device.cc:1862] Adding visible gpu devices: 0
2023-08-29 14:42:33.463266: I tensorflow/core/common_runtime/gpu/gpu_device.cc:1862] Adding visible gpu devices: 0
2023-08-29 14:42:33.546660: I tensorflow/compiler/xla/service/service.cc:168] XLA service 0x42dc950 initialized for platform CUDA (this does not guarantee that XLA will be used). Devices:
2023-08-29 14:42:33.546699: I tensorflow/compiler/xla/service/service.cc:176]   StreamExecutor device (0): Tesla K40m, Compute Capability 3.5
2023-08-29 14:42:33.549945: I tensorflow/core/common_runtime/gpu/gpu_device.cc:1720] Found device 0 with properties: 
pciBusID: 0000:82:00.0 name: Tesla K40m computeCapability: 3.5
coreClock: 0.8755GHz coreCount: 15 deviceMemorySize: 11.17GiB deviceMemoryBandwidth: 268.58GiB/s
2023-08-29 14:42:33.550000: I tensorflow/stream_executor/platform/default/dso_loader.cc:49] Successfully opened dynamic library libcudart.so.10.1
2023-08-29 14:42:33.550048: I tensorflow/stream_executor/platform/default/dso_loader.cc:49] Successfully opened dynamic library libcublas.so.10
2023-08-29 14:42:33.550078: I tensorflow/stream_executor/platform/default/dso_loader.cc:49] Successfully opened dynamic library libcublasLt.so.10
2023-08-29 14:42:33.550107: I tensorflow/stream_executor/platform/default/dso_loader.cc:49] Successfully opened dynamic library libcufft.so.10
2023-08-29 14:42:33.550171: I tensorflow/stream_executor/platform/default/dso_loader.cc:49] Successfully opened dynamic library libcurand.so.10
2023-08-29 14:42:33.550200: I tensorflow/stream_executor/platform/default/dso_loader.cc:49] Successfully opened dynamic library libcusolver.so.10
2023-08-29 14:42:33.550250: I tensorflow/stream_executor/platform/default/dso_loader.cc:49] Successfully opened dynamic library libcusparse.so.10
2023-08-29 14:42:33.550282: I tensorflow/stream_executor/platform/default/dso_loader.cc:49] Successfully opened dynamic library libcudnn.so.7
2023-08-29 14:42:33.552177: I tensorflow/compiler/xla/service/service.cc:168] XLA service 0x4195a40 initialized for platform CUDA (this does not guarantee that XLA will be used). Devices:
2023-08-29 14:42:33.552221: I tensorflow/compiler/xla/service/service.cc:176]   StreamExecutor device (0): Tesla K40m, Compute Capability 3.5
2023-08-29 14:42:33.556009: I tensorflow/compiler/xla/service/service.cc:168] XLA service 0x441fa20 initialized for platform CUDA (this does not guarantee that XLA will be used). Devices:
2023-08-29 14:42:33.556107: I tensorflow/compiler/xla/service/service.cc:176]   StreamExecutor device (0): Tesla K40m, Compute Capability 3.5
2023-08-29 14:42:33.556380: I tensorflow/core/common_runtime/gpu/gpu_device.cc:1720] Found device 0 with properties: 
pciBusID: 0000:04:00.0 name: Tesla K40m computeCapability: 3.5
coreClock: 0.8755GHz coreCount: 15 deviceMemorySize: 11.17GiB deviceMemoryBandwidth: 268.58GiB/s
2023-08-29 14:42:33.556431: I tensorflow/stream_executor/platform/default/dso_loader.cc:49] Successfully opened dynamic library libcudart.so.10.1
2023-08-29 14:42:33.556479: I tensorflow/stream_executor/platform/default/dso_loader.cc:49] Successfully opened dynamic library libcublas.so.10
2023-08-29 14:42:33.556507: I tensorflow/stream_executor/platform/default/dso_loader.cc:49] Successfully opened dynamic library libcublasLt.so.10
2023-08-29 14:42:33.556533: I tensorflow/stream_executor/platform/default/dso_loader.cc:49] Successfully opened dynamic library libcufft.so.10
2023-08-29 14:42:33.556562: I tensorflow/stream_executor/platform/default/dso_loader.cc:49] Successfully opened dynamic library libcurand.so.10
2023-08-29 14:42:33.556588: I tensorflow/stream_executor/platform/default/dso_loader.cc:49] Successfully opened dynamic library libcusolver.so.10
2023-08-29 14:42:33.556616: I tensorflow/stream_executor/platform/default/dso_loader.cc:49] Successfully opened dynamic library libcusparse.so.10
2023-08-29 14:42:33.556646: I tensorflow/stream_executor/platform/default/dso_loader.cc:49] Successfully opened dynamic library libcudnn.so.7
2023-08-29 14:42:33.558540: I tensorflow/core/common_runtime/gpu/gpu_device.cc:1862] Adding visible gpu devices: 0
2023-08-29 14:42:33.558870: I tensorflow/compiler/xla/service/service.cc:168] XLA service 0x4b04940 initialized for platform CUDA (this does not guarantee that XLA will be used). Devices:
2023-08-29 14:42:33.558912: I tensorflow/compiler/xla/service/service.cc:176]   StreamExecutor device (0): Tesla K40m, Compute Capability 3.5
2023-08-29 14:42:33.558610: I tensorflow/stream_executor/platform/default/dso_loader.cc:49] Successfully opened dynamic library libcudart.so.10.1
2023-08-29 14:42:33.559982: I tensorflow/compiler/xla/service/service.cc:168] XLA service 0x5da8a20 initialized for platform CUDA (this does not guarantee that XLA will be used). Devices:
2023-08-29 14:42:33.560006: I tensorflow/compiler/xla/service/service.cc:176]   StreamExecutor device (0): Tesla K40m, Compute Capability 3.5
2023-08-29 14:42:33.560181: I tensorflow/core/common_runtime/gpu/gpu_device.cc:1720] Found device 0 with properties: 
pciBusID: 0000:04:00.0 name: Tesla K40m computeCapability: 3.5
coreClock: 0.8755GHz coreCount: 15 deviceMemorySize: 11.17GiB deviceMemoryBandwidth: 268.58GiB/s
2023-08-29 14:42:33.560231: I tensorflow/stream_executor/platform/default/dso_loader.cc:49] Successfully opened dynamic library libcudart.so.10.1
2023-08-29 14:42:33.560280: I tensorflow/stream_executor/platform/default/dso_loader.cc:49] Successfully opened dynamic library libcublas.so.10
2023-08-29 14:42:33.560335: I tensorflow/stream_executor/platform/default/dso_loader.cc:49] Successfully opened dynamic library libcublasLt.so.10
2023-08-29 14:42:33.560369: I tensorflow/stream_executor/platform/default/dso_loader.cc:49] Successfully opened dynamic library libcufft.so.10
2023-08-29 14:42:33.560399: I tensorflow/stream_executor/platform/default/dso_loader.cc:49] Successfully opened dynamic library libcurand.so.10
2023-08-29 14:42:33.560456: I tensorflow/stream_executor/platform/default/dso_loader.cc:49] Successfully opened dynamic library libcusolver.so.10
2023-08-29 14:42:33.560485: I tensorflow/stream_executor/platform/default/dso_loader.cc:49] Successfully opened dynamic library libcusparse.so.10
2023-08-29 14:42:33.560535: I tensorflow/stream_executor/platform/default/dso_loader.cc:49] Successfully opened dynamic library libcudnn.so.7
2023-08-29 14:42:33.561710: I tensorflow/core/common_runtime/gpu/gpu_device.cc:1720] Found device 0 with properties: 
pciBusID: 0000:04:00.0 name: Tesla K40m computeCapability: 3.5
coreClock: 0.8755GHz coreCount: 15 deviceMemorySize: 11.17GiB deviceMemoryBandwidth: 268.58GiB/s
2023-08-29 14:42:33.561759: I tensorflow/stream_executor/platform/default/dso_loader.cc:49] Successfully opened dynamic library libcudart.so.10.1
2023-08-29 14:42:33.561788: I tensorflow/stream_executor/platform/default/dso_loader.cc:49] Successfully opened dynamic library libcublas.so.10
2023-08-29 14:42:33.561802: I tensorflow/stream_executor/platform/default/dso_loader.cc:49] Successfully opened dynamic library libcublasLt.so.10
2023-08-29 14:42:33.561814: I tensorflow/stream_executor/platform/default/dso_loader.cc:49] Successfully opened dynamic library libcufft.so.10
2023-08-29 14:42:33.561827: I tensorflow/stream_executor/platform/default/dso_loader.cc:49] Successfully opened dynamic library libcurand.so.10
2023-08-29 14:42:33.561839: I tensorflow/stream_executor/platform/default/dso_loader.cc:49] Successfully opened dynamic library libcusolver.so.10
2023-08-29 14:42:33.561852: I tensorflow/stream_executor/platform/default/dso_loader.cc:49] Successfully opened dynamic library libcusparse.so.10
2023-08-29 14:42:33.561866: I tensorflow/stream_executor/platform/default/dso_loader.cc:49] Successfully opened dynamic library libcudnn.so.7
2023-08-29 14:42:33.562019: I tensorflow/core/common_runtime/gpu/gpu_device.cc:1720] Found device 0 with properties: 
pciBusID: 0000:82:00.0 name: Tesla K40m computeCapability: 3.5
coreClock: 0.8755GHz coreCount: 15 deviceMemorySize: 11.17GiB deviceMemoryBandwidth: 268.58GiB/s
2023-08-29 14:42:33.562062: I tensorflow/stream_executor/platform/default/dso_loader.cc:49] Successfully opened dynamic library libcudart.so.10.1
2023-08-29 14:42:33.562104: I tensorflow/stream_executor/platform/default/dso_loader.cc:49] Successfully opened dynamic library libcublas.so.10
2023-08-29 14:42:33.562131: I tensorflow/stream_executor/platform/default/dso_loader.cc:49] Successfully opened dynamic library libcublasLt.so.10
2023-08-29 14:42:33.562154: I tensorflow/stream_executor/platform/default/dso_loader.cc:49] Successfully opened dynamic library libcufft.so.10
2023-08-29 14:42:33.562178: I tensorflow/stream_executor/platform/default/dso_loader.cc:49] Successfully opened dynamic library libcurand.so.10
2023-08-29 14:42:33.562202: I tensorflow/stream_executor/platform/default/dso_loader.cc:49] Successfully opened dynamic library libcusolver.so.10
2023-08-29 14:42:33.562225: I tensorflow/stream_executor/platform/default/dso_loader.cc:49] Successfully opened dynamic library libcusparse.so.10
2023-08-29 14:42:33.562249: I tensorflow/stream_executor/platform/default/dso_loader.cc:49] Successfully opened dynamic library libcudnn.so.7
2023-08-29 14:42:33.564867: I tensorflow/compiler/xla/service/service.cc:168] XLA service 0x4ae4a20 initialized for platform CUDA (this does not guarantee that XLA will be used). Devices:
2023-08-29 14:42:33.564905: I tensorflow/compiler/xla/service/service.cc:176]   StreamExecutor device (0): Tesla K40m, Compute Capability 3.5
2023-08-29 14:42:33.564770: I tensorflow/core/common_runtime/gpu/gpu_device.cc:1862] Adding visible gpu devices: 0
2023-08-29 14:42:33.564844: I tensorflow/stream_executor/platform/default/dso_loader.cc:49] Successfully opened dynamic library libcudart.so.10.1
2023-08-29 14:42:33.566489: I tensorflow/core/common_runtime/gpu/gpu_device.cc:1862] Adding visible gpu devices: 0
2023-08-29 14:42:33.566525: I tensorflow/stream_executor/platform/default/dso_loader.cc:49] Successfully opened dynamic library libcudart.so.10.1
2023-08-29 14:42:33.568298: I tensorflow/core/common_runtime/gpu/gpu_device.cc:1862] Adding visible gpu devices: 0
2023-08-29 14:42:33.568371: I tensorflow/stream_executor/platform/default/dso_loader.cc:49] Successfully opened dynamic library libcudart.so.10.1
2023-08-29 14:42:33.568875: I tensorflow/core/common_runtime/gpu/gpu_device.cc:1720] Found device 0 with properties: 
pciBusID: 0000:82:00.0 name: Tesla K40m computeCapability: 3.5
coreClock: 0.8755GHz coreCount: 15 deviceMemorySize: 11.17GiB deviceMemoryBandwidth: 268.58GiB/s
2023-08-29 14:42:33.568918: I tensorflow/stream_executor/platform/default/dso_loader.cc:49] Successfully opened dynamic library libcudart.so.10.1
2023-08-29 14:42:33.568961: I tensorflow/stream_executor/platform/default/dso_loader.cc:49] Successfully opened dynamic library libcublas.so.10
2023-08-29 14:42:33.568988: I tensorflow/stream_executor/platform/default/dso_loader.cc:49] Successfully opened dynamic library libcublasLt.so.10
2023-08-29 14:42:33.569013: I tensorflow/stream_executor/platform/default/dso_loader.cc:49] Successfully opened dynamic library libcufft.so.10
2023-08-29 14:42:33.569039: I tensorflow/stream_executor/platform/default/dso_loader.cc:49] Successfully opened dynamic library libcurand.so.10
2023-08-29 14:42:33.569065: I tensorflow/stream_executor/platform/default/dso_loader.cc:49] Successfully opened dynamic library libcusolver.so.10
2023-08-29 14:42:33.569089: I tensorflow/stream_executor/platform/default/dso_loader.cc:49] Successfully opened dynamic library libcusparse.so.10
2023-08-29 14:42:33.569113: I tensorflow/stream_executor/platform/default/dso_loader.cc:49] Successfully opened dynamic library libcudnn.so.7
2023-08-29 14:42:33.571500: I tensorflow/core/common_runtime/gpu/gpu_device.cc:1862] Adding visible gpu devices: 0
2023-08-29 14:42:33.571586: I tensorflow/stream_executor/platform/default/dso_loader.cc:49] Successfully opened dynamic library libcudart.so.10.1
2023-08-29 14:42:33.573775: I tensorflow/core/common_runtime/gpu/gpu_device.cc:1862] Adding visible gpu devices: 0
2023-08-29 14:42:33.573841: I tensorflow/stream_executor/platform/default/dso_loader.cc:49] Successfully opened dynamic library libcudart.so.10.1
2023-08-29 14:42:33.580775: I tensorflow/compiler/xla/service/service.cc:168] XLA service 0x43298f0 initialized for platform CUDA (this does not guarantee that XLA will be used). Devices:
2023-08-29 14:42:33.580827: I tensorflow/compiler/xla/service/service.cc:176]   StreamExecutor device (0): Tesla K40m, Compute Capability 3.5
2023-08-29 14:42:33.580944: I tensorflow/compiler/xla/service/service.cc:168] XLA service 0x57cda20 initialized for platform CUDA (this does not guarantee that XLA will be used). Devices:
2023-08-29 14:42:33.580982: I tensorflow/compiler/xla/service/service.cc:176]   StreamExecutor device (0): Tesla K40m, Compute Capability 3.5
2023-08-29 14:42:33.582111: I tensorflow/compiler/xla/service/service.cc:168] XLA service 0x4e79a50 initialized for platform CUDA (this does not guarantee that XLA will be used). Devices:
2023-08-29 14:42:33.582151: I tensorflow/compiler/xla/service/service.cc:176]   StreamExecutor device (0): Tesla K40m, Compute Capability 3.5
2023-08-29 14:42:33.585543: I tensorflow/core/common_runtime/gpu/gpu_device.cc:1720] Found device 0 with properties: 
pciBusID: 0000:04:00.0 name: Tesla K40m computeCapability: 3.5
coreClock: 0.8755GHz coreCount: 15 deviceMemorySize: 11.17GiB deviceMemoryBandwidth: 268.58GiB/s
2023-08-29 14:42:33.585589: I tensorflow/stream_executor/platform/default/dso_loader.cc:49] Successfully opened dynamic library libcudart.so.10.1
2023-08-29 14:42:33.585635: I tensorflow/stream_executor/platform/default/dso_loader.cc:49] Successfully opened dynamic library libcublas.so.10
2023-08-29 14:42:33.585664: I tensorflow/stream_executor/platform/default/dso_loader.cc:49] Successfully opened dynamic library libcublasLt.so.10
2023-08-29 14:42:33.585692: I tensorflow/stream_executor/platform/default/dso_loader.cc:49] Successfully opened dynamic library libcufft.so.10
2023-08-29 14:42:33.585693: I tensorflow/core/common_runtime/gpu/gpu_device.cc:1720] Found device 0 with properties: 
pciBusID: 0000:82:00.0 name: Tesla K40m computeCapability: 3.5
coreClock: 0.8755GHz coreCount: 15 deviceMemorySize: 11.17GiB deviceMemoryBandwidth: 268.58GiB/s
2023-08-29 14:42:33.585719: I tensorflow/stream_executor/platform/default/dso_loader.cc:49] Successfully opened dynamic library libcurand.so.10
2023-08-29 14:42:33.585746: I tensorflow/stream_executor/platform/default/dso_loader.cc:49] Successfully opened dynamic library libcusolver.so.10
2023-08-29 14:42:33.585735: I tensorflow/stream_executor/platform/default/dso_loader.cc:49] Successfully opened dynamic library libcudart.so.10.1
2023-08-29 14:42:33.585772: I tensorflow/stream_executor/platform/default/dso_loader.cc:49] Successfully opened dynamic library libcusparse.so.10
2023-08-29 14:42:33.585780: I tensorflow/stream_executor/platform/default/dso_loader.cc:49] Successfully opened dynamic library libcublas.so.10
2023-08-29 14:42:33.585799: I tensorflow/stream_executor/platform/default/dso_loader.cc:49] Successfully opened dynamic library libcudnn.so.7
2023-08-29 14:42:33.585807: I tensorflow/stream_executor/platform/default/dso_loader.cc:49] Successfully opened dynamic library libcublasLt.so.10
2023-08-29 14:42:33.585831: I tensorflow/stream_executor/platform/default/dso_loader.cc:49] Successfully opened dynamic library libcufft.so.10
2023-08-29 14:42:33.585857: I tensorflow/stream_executor/platform/default/dso_loader.cc:49] Successfully opened dynamic library libcurand.so.10
2023-08-29 14:42:33.585883: I tensorflow/stream_executor/platform/default/dso_loader.cc:49] Successfully opened dynamic library libcusolver.so.10
2023-08-29 14:42:33.585910: I tensorflow/stream_executor/platform/default/dso_loader.cc:49] Successfully opened dynamic library libcusparse.so.10
2023-08-29 14:42:33.585944: I tensorflow/stream_executor/platform/default/dso_loader.cc:49] Successfully opened dynamic library libcudnn.so.7
2023-08-29 14:42:33.586755: I tensorflow/core/common_runtime/gpu/gpu_device.cc:1720] Found device 0 with properties: 
pciBusID: 0000:82:00.0 name: Tesla K40m computeCapability: 3.5
coreClock: 0.8755GHz coreCount: 15 deviceMemorySize: 11.17GiB deviceMemoryBandwidth: 268.58GiB/s
2023-08-29 14:42:33.586802: I tensorflow/stream_executor/platform/default/dso_loader.cc:49] Successfully opened dynamic library libcudart.so.10.1
2023-08-29 14:42:33.586847: I tensorflow/stream_executor/platform/default/dso_loader.cc:49] Successfully opened dynamic library libcublas.so.10
2023-08-29 14:42:33.586876: I tensorflow/stream_executor/platform/default/dso_loader.cc:49] Successfully opened dynamic library libcublasLt.so.10
2023-08-29 14:42:33.586902: I tensorflow/stream_executor/platform/default/dso_loader.cc:49] Successfully opened dynamic library libcufft.so.10
2023-08-29 14:42:33.586929: I tensorflow/stream_executor/platform/default/dso_loader.cc:49] Successfully opened dynamic library libcurand.so.10
2023-08-29 14:42:33.586956: I tensorflow/stream_executor/platform/default/dso_loader.cc:49] Successfully opened dynamic library libcusolver.so.10
2023-08-29 14:42:33.586982: I tensorflow/stream_executor/platform/default/dso_loader.cc:49] Successfully opened dynamic library libcusparse.so.10
2023-08-29 14:42:33.587010: I tensorflow/stream_executor/platform/default/dso_loader.cc:49] Successfully opened dynamic library libcudnn.so.7
2023-08-29 14:42:33.587046: I tensorflow/compiler/xla/service/service.cc:168] XLA service 0x5199940 initialized for platform CUDA (this does not guarantee that XLA will be used). Devices:
2023-08-29 14:42:33.587090: I tensorflow/compiler/xla/service/service.cc:176]   StreamExecutor device (0): Tesla K40m, Compute Capability 3.5
2023-08-29 14:42:33.591591: I tensorflow/core/common_runtime/gpu/gpu_device.cc:1720] Found device 0 with properties: 
pciBusID: 0000:04:00.0 name: Tesla K40m computeCapability: 3.5
coreClock: 0.8755GHz coreCount: 15 deviceMemorySize: 11.17GiB deviceMemoryBandwidth: 268.58GiB/s
2023-08-29 14:42:33.591638: I tensorflow/stream_executor/platform/default/dso_loader.cc:49] Successfully opened dynamic library libcudart.so.10.1
2023-08-29 14:42:33.591686: I tensorflow/stream_executor/platform/default/dso_loader.cc:49] Successfully opened dynamic library libcublas.so.10
2023-08-29 14:42:33.591716: I tensorflow/stream_executor/platform/default/dso_loader.cc:49] Successfully opened dynamic library libcublasLt.so.10
2023-08-29 14:42:33.591745: I tensorflow/stream_executor/platform/default/dso_loader.cc:49] Successfully opened dynamic library libcufft.so.10
2023-08-29 14:42:33.591772: I tensorflow/stream_executor/platform/default/dso_loader.cc:49] Successfully opened dynamic library libcurand.so.10
2023-08-29 14:42:33.591800: I tensorflow/stream_executor/platform/default/dso_loader.cc:49] Successfully opened dynamic library libcusolver.so.10
2023-08-29 14:42:33.591830: I tensorflow/stream_executor/platform/default/dso_loader.cc:49] Successfully opened dynamic library libcusparse.so.10
2023-08-29 14:42:33.591860: I tensorflow/stream_executor/platform/default/dso_loader.cc:49] Successfully opened dynamic library libcudnn.so.7
2023-08-29 14:42:33.593887: I tensorflow/core/common_runtime/gpu/gpu_device.cc:1862] Adding visible gpu devices: 0
2023-08-29 14:42:33.593918: I tensorflow/core/common_runtime/gpu/gpu_device.cc:1862] Adding visible gpu devices: 0
2023-08-29 14:42:33.593956: I tensorflow/stream_executor/platform/default/dso_loader.cc:49] Successfully opened dynamic library libcudart.so.10.1
2023-08-29 14:42:33.593986: I tensorflow/stream_executor/platform/default/dso_loader.cc:49] Successfully opened dynamic library libcudart.so.10.1
2023-08-29 14:42:33.594140: I tensorflow/core/common_runtime/gpu/gpu_device.cc:1862] Adding visible gpu devices: 0
2023-08-29 14:42:33.594207: I tensorflow/stream_executor/platform/default/dso_loader.cc:49] Successfully opened dynamic library libcudart.so.10.1
2023-08-29 14:42:33.599827: I tensorflow/core/common_runtime/gpu/gpu_device.cc:1862] Adding visible gpu devices: 0
2023-08-29 14:42:33.599894: I tensorflow/stream_executor/platform/default/dso_loader.cc:49] Successfully opened dynamic library libcudart.so.10.1
2023-08-29 14:42:34.020949: I tensorflow/core/platform/cpu_feature_guard.cc:142] This TensorFlow binary is optimized with oneAPI Deep Neural Network Library (oneDNN) to use the following CPU instructions in performance-critical operations:  SSE3 SSE4.1 SSE4.2 AVX AVX2 FMA
To enable them in other operations, rebuild TensorFlow with the appropriate compiler flags.
2023-08-29 14:42:34.026449: I tensorflow/core/platform/cpu_feature_guard.cc:142] This TensorFlow binary is optimized with oneAPI Deep Neural Network Library (oneDNN) to use the following CPU instructions in performance-critical operations:  SSE3 SSE4.1 SSE4.2 AVX AVX2 FMA
To enable them in other operations, rebuild TensorFlow with the appropriate compiler flags.
2023-08-29 14:42:34.036015: I tensorflow/core/platform/profile_utils/cpu_utils.cc:112] CPU Frequency: 2599995000 Hz
2023-08-29 14:42:34.038820: I tensorflow/compiler/xla/service/service.cc:168] XLA service 0x5acd8f0 initialized for platform Host (this does not guarantee that XLA will be used). Devices:
2023-08-29 14:42:34.038843: I tensorflow/compiler/xla/service/service.cc:176]   StreamExecutor device (0): Host, Default Version
2023-08-29 14:42:34.044024: I tensorflow/core/platform/profile_utils/cpu_utils.cc:112] CPU Frequency: 2599995000 Hz
2023-08-29 14:42:34.047178: I tensorflow/compiler/xla/service/service.cc:168] XLA service 0x49fc8c0 initialized for platform Host (this does not guarantee that XLA will be used). Devices:
2023-08-29 14:42:34.047196: I tensorflow/compiler/xla/service/service.cc:176]   StreamExecutor device (0): Host, Default Version
2023-08-29 14:42:34.073086: I tensorflow/core/common_runtime/gpu/gpu_device.cc:1261] Device interconnect StreamExecutor with strength 1 edge matrix:
2023-08-29 14:42:34.073121: I tensorflow/core/common_runtime/gpu/gpu_device.cc:1267]      0 
2023-08-29 14:42:34.073133: I tensorflow/core/common_runtime/gpu/gpu_device.cc:1280] 0:   N 
2023-08-29 14:42:34.075637: I tensorflow/core/common_runtime/gpu/gpu_device.cc:1261] Device interconnect StreamExecutor with strength 1 edge matrix:
2023-08-29 14:42:34.075674: I tensorflow/core/common_runtime/gpu/gpu_device.cc:1267]      0 
2023-08-29 14:42:34.075686: I tensorflow/core/common_runtime/gpu/gpu_device.cc:1280] 0:   N 
2023-08-29 14:42:34.075872: I tensorflow/core/common_runtime/gpu/gpu_device.cc:1406] Created TensorFlow device (/job:localhost/replica:0/task:0/device:GPU:0 with 10621 MB memory) -> physical GPU (device: 0, name: Tesla K40m, pci bus id: 0000:82:00.0, compute capability: 3.5)
2023-08-29 14:42:34.077000: I tensorflow/core/common_runtime/gpu/gpu_device.cc:1261] Device interconnect StreamExecutor with strength 1 edge matrix:
2023-08-29 14:42:34.077035: I tensorflow/core/common_runtime/gpu/gpu_device.cc:1267]      0 
2023-08-29 14:42:34.077047: I tensorflow/core/common_runtime/gpu/gpu_device.cc:1280] 0:   N 
2023-08-29 14:42:34.078364: I tensorflow/core/common_runtime/gpu/gpu_device.cc:1406] Created TensorFlow device (/job:localhost/replica:0/task:0/device:GPU:0 with 10621 MB memory) -> physical GPU (device: 0, name: Tesla K40m, pci bus id: 0000:04:00.0, compute capability: 3.5)
2023-08-29 14:42:34.078630: I tensorflow/core/common_runtime/gpu/gpu_device.cc:1261] Device interconnect StreamExecutor with strength 1 edge matrix:
2023-08-29 14:42:34.078651: I tensorflow/core/common_runtime/gpu/gpu_device.cc:1267]      0 
2023-08-29 14:42:34.078661: I tensorflow/core/common_runtime/gpu/gpu_device.cc:1280] 0:   N 
2023-08-29 14:42:34.079725: I tensorflow/core/common_runtime/gpu/gpu_device.cc:1406] Created TensorFlow device (/job:localhost/replica:0/task:0/device:GPU:0 with 10621 MB memory) -> physical GPU (device: 0, name: Tesla K40m, pci bus id: 0000:04:00.0, compute capability: 3.5)
2023-08-29 14:42:34.081223: I tensorflow/core/common_runtime/gpu/gpu_device.cc:1406] Created TensorFlow device (/job:localhost/replica:0/task:0/device:GPU:0 with 10621 MB memory) -> physical GPU (device: 0, name: Tesla K40m, pci bus id: 0000:82:00.0, compute capability: 3.5)
2023-08-29 14:42:34.081807: I tensorflow/core/common_runtime/gpu/gpu_device.cc:1261] Device interconnect StreamExecutor with strength 1 edge matrix:
2023-08-29 14:42:34.081841: I tensorflow/core/common_runtime/gpu/gpu_device.cc:1267]      0 
2023-08-29 14:42:34.081853: I tensorflow/core/common_runtime/gpu/gpu_device.cc:1280] 0:   N 
2023-08-29 14:42:34.084513: I tensorflow/core/common_runtime/gpu/gpu_device.cc:1406] Created TensorFlow device (/job:localhost/replica:0/task:0/device:GPU:0 with 10621 MB memory) -> physical GPU (device: 0, name: Tesla K40m, pci bus id: 0000:82:00.0, compute capability: 3.5)
2023-08-29 14:42:34.084954: I tensorflow/core/common_runtime/gpu/gpu_device.cc:1261] Device interconnect StreamExecutor with strength 1 edge matrix:
2023-08-29 14:42:34.084990: I tensorflow/core/common_runtime/gpu/gpu_device.cc:1267]      0 
2023-08-29 14:42:34.085003: I tensorflow/core/common_runtime/gpu/gpu_device.cc:1280] 0:   N 
2023-08-29 14:42:34.087807: I tensorflow/core/common_runtime/gpu/gpu_device.cc:1406] Created TensorFlow device (/job:localhost/replica:0/task:0/device:GPU:0 with 10621 MB memory) -> physical GPU (device: 0, name: Tesla K40m, pci bus id: 0000:04:00.0, compute capability: 3.5)
2023-08-29 14:42:34.098915: I tensorflow/core/common_runtime/gpu/gpu_device.cc:1261] Device interconnect StreamExecutor with strength 1 edge matrix:
2023-08-29 14:42:34.098947: I tensorflow/core/common_runtime/gpu/gpu_device.cc:1267]      0 
2023-08-29 14:42:34.098959: I tensorflow/core/common_runtime/gpu/gpu_device.cc:1280] 0:   N 
2023-08-29 14:42:34.101877: I tensorflow/core/common_runtime/gpu/gpu_device.cc:1406] Created TensorFlow device (/job:localhost/replica:0/task:0/device:GPU:0 with 10621 MB memory) -> physical GPU (device: 0, name: Tesla K40m, pci bus id: 0000:82:00.0, compute capability: 3.5)
2023-08-29 14:42:34.107048: I tensorflow/core/common_runtime/gpu/gpu_device.cc:1261] Device interconnect StreamExecutor with strength 1 edge matrix:
2023-08-29 14:42:34.107081: I tensorflow/core/common_runtime/gpu/gpu_device.cc:1267]      0 
2023-08-29 14:42:34.107093: I tensorflow/core/common_runtime/gpu/gpu_device.cc:1280] 0:   N 
2023-08-29 14:42:34.109843: I tensorflow/core/common_runtime/gpu/gpu_device.cc:1406] Created TensorFlow device (/job:localhost/replica:0/task:0/device:GPU:0 with 10621 MB memory) -> physical GPU (device: 0, name: Tesla K40m, pci bus id: 0000:04:00.0, compute capability: 3.5)
2023-08-29 14:42:34.112414: I tensorflow/core/common_runtime/gpu/gpu_device.cc:1261] Device interconnect StreamExecutor with strength 1 edge matrix:
2023-08-29 14:42:34.112447: I tensorflow/core/common_runtime/gpu/gpu_device.cc:1267]      0 
2023-08-29 14:42:34.112459: I tensorflow/core/common_runtime/gpu/gpu_device.cc:1280] 0:   N 
2023-08-29 14:42:34.115112: I tensorflow/core/common_runtime/gpu/gpu_device.cc:1406] Created TensorFlow device (/job:localhost/replica:0/task:0/device:GPU:0 with 10621 MB memory) -> physical GPU (device: 0, name: Tesla K40m, pci bus id: 0000:82:00.0, compute capability: 3.5)
2023-08-29 14:42:34.115925: I tensorflow/core/common_runtime/gpu/gpu_device.cc:1261] Device interconnect StreamExecutor with strength 1 edge matrix:
2023-08-29 14:42:34.115961: I tensorflow/core/common_runtime/gpu/gpu_device.cc:1267]      0 
2023-08-29 14:42:34.115973: I tensorflow/core/common_runtime/gpu/gpu_device.cc:1280] 0:   N 
2023-08-29 14:42:34.118657: I tensorflow/core/common_runtime/gpu/gpu_device.cc:1406] Created TensorFlow device (/job:localhost/replica:0/task:0/device:GPU:0 with 10621 MB memory) -> physical GPU (device: 0, name: Tesla K40m, pci bus id: 0000:04:00.0, compute capability: 3.5)
2023-08-29 14:42:34.223745: I tensorflow/compiler/xla/service/service.cc:168] XLA service 0x4a70a20 initialized for platform CUDA (this does not guarantee that XLA will be used). Devices:
2023-08-29 14:42:34.223785: I tensorflow/compiler/xla/service/service.cc:176]   StreamExecutor device (0): Tesla K40m, Compute Capability 3.5
2023-08-29 14:42:34.223946: I tensorflow/compiler/xla/service/service.cc:168] XLA service 0x5b41a50 initialized for platform CUDA (this does not guarantee that XLA will be used). Devices:
2023-08-29 14:42:34.223983: I tensorflow/compiler/xla/service/service.cc:176]   StreamExecutor device (0): Tesla K40m, Compute Capability 3.5
2023-08-29 14:42:34.228343: I tensorflow/core/common_runtime/gpu/gpu_device.cc:1720] Found device 0 with properties: 
pciBusID: 0000:04:00.0 name: Tesla K40m computeCapability: 3.5
coreClock: 0.8755GHz coreCount: 15 deviceMemorySize: 11.17GiB deviceMemoryBandwidth: 268.58GiB/s
2023-08-29 14:42:34.228389: I tensorflow/stream_executor/platform/default/dso_loader.cc:49] Successfully opened dynamic library libcudart.so.10.1
2023-08-29 14:42:34.228434: I tensorflow/stream_executor/platform/default/dso_loader.cc:49] Successfully opened dynamic library libcublas.so.10
2023-08-29 14:42:34.228461: I tensorflow/stream_executor/platform/default/dso_loader.cc:49] Successfully opened dynamic library libcublasLt.so.10
2023-08-29 14:42:34.228486: I tensorflow/stream_executor/platform/default/dso_loader.cc:49] Successfully opened dynamic library libcufft.so.10
2023-08-29 14:42:34.228512: I tensorflow/stream_executor/platform/default/dso_loader.cc:49] Successfully opened dynamic library libcurand.so.10
2023-08-29 14:42:34.228500: I tensorflow/core/common_runtime/gpu/gpu_device.cc:1720] Found device 0 with properties: 
pciBusID: 0000:82:00.0 name: Tesla K40m computeCapability: 3.5
coreClock: 0.8755GHz coreCount: 15 deviceMemorySize: 11.17GiB deviceMemoryBandwidth: 268.58GiB/s
2023-08-29 14:42:34.228537: I tensorflow/stream_executor/platform/default/dso_loader.cc:49] Successfully opened dynamic library libcusolver.so.10
2023-08-29 14:42:34.228540: I tensorflow/stream_executor/platform/default/dso_loader.cc:49] Successfully opened dynamic library libcudart.so.10.1
2023-08-29 14:42:34.228561: I tensorflow/stream_executor/platform/default/dso_loader.cc:49] Successfully opened dynamic library libcusparse.so.10
2023-08-29 14:42:34.228587: I tensorflow/stream_executor/platform/default/dso_loader.cc:49] Successfully opened dynamic library libcudnn.so.7
2023-08-29 14:42:34.228583: I tensorflow/stream_executor/platform/default/dso_loader.cc:49] Successfully opened dynamic library libcublas.so.10
2023-08-29 14:42:34.228609: I tensorflow/stream_executor/platform/default/dso_loader.cc:49] Successfully opened dynamic library libcublasLt.so.10
2023-08-29 14:42:34.228634: I tensorflow/stream_executor/platform/default/dso_loader.cc:49] Successfully opened dynamic library libcufft.so.10
2023-08-29 14:42:34.228658: I tensorflow/stream_executor/platform/default/dso_loader.cc:49] Successfully opened dynamic library libcurand.so.10
2023-08-29 14:42:34.228682: I tensorflow/stream_executor/platform/default/dso_loader.cc:49] Successfully opened dynamic library libcusolver.so.10
2023-08-29 14:42:34.228705: I tensorflow/stream_executor/platform/default/dso_loader.cc:49] Successfully opened dynamic library libcusparse.so.10
2023-08-29 14:42:34.228730: I tensorflow/stream_executor/platform/default/dso_loader.cc:49] Successfully opened dynamic library libcudnn.so.7
2023-08-29 14:42:34.236858: I tensorflow/core/common_runtime/gpu/gpu_device.cc:1862] Adding visible gpu devices: 0
2023-08-29 14:42:34.236927: I tensorflow/stream_executor/platform/default/dso_loader.cc:49] Successfully opened dynamic library libcudart.so.10.1
2023-08-29 14:42:34.237022: I tensorflow/core/common_runtime/gpu/gpu_device.cc:1862] Adding visible gpu devices: 0
2023-08-29 14:42:34.237087: I tensorflow/stream_executor/platform/default/dso_loader.cc:49] Successfully opened dynamic library libcudart.so.10.1
2023-08-29 14:42:34.752160: I tensorflow/core/common_runtime/gpu/gpu_device.cc:1261] Device interconnect StreamExecutor with strength 1 edge matrix:
2023-08-29 14:42:34.752193: I tensorflow/core/common_runtime/gpu/gpu_device.cc:1267]      0 
2023-08-29 14:42:34.752205: I tensorflow/core/common_runtime/gpu/gpu_device.cc:1280] 0:   N 
2023-08-29 14:42:34.752445: I tensorflow/core/common_runtime/gpu/gpu_device.cc:1261] Device interconnect StreamExecutor with strength 1 edge matrix:
2023-08-29 14:42:34.752466: I tensorflow/core/common_runtime/gpu/gpu_device.cc:1267]      0 
2023-08-29 14:42:34.752476: I tensorflow/core/common_runtime/gpu/gpu_device.cc:1280] 0:   N 
2023-08-29 14:42:34.756604: I tensorflow/core/common_runtime/gpu/gpu_device.cc:1406] Created TensorFlow device (/job:localhost/replica:0/task:0/device:GPU:0 with 10621 MB memory) -> physical GPU (device: 0, name: Tesla K40m, pci bus id: 0000:04:00.0, compute capability: 3.5)
2023-08-29 14:42:34.756907: I tensorflow/core/common_runtime/gpu/gpu_device.cc:1406] Created TensorFlow device (/job:localhost/replica:0/task:0/device:GPU:0 with 10621 MB memory) -> physical GPU (device: 0, name: Tesla K40m, pci bus id: 0000:82:00.0, compute capability: 3.5)
2023-08-29 14:42:35.807192: I tensorflow/stream_executor/platform/default/dso_loader.cc:49] Successfully opened dynamic library libcudnn.so.7
2023-08-29 14:42:36.205834: I tensorflow/stream_executor/platform/default/dso_loader.cc:49] Successfully opened dynamic library libcudnn.so.7
2023-08-29 14:42:36.265375: I tensorflow/stream_executor/platform/default/dso_loader.cc:49] Successfully opened dynamic library libcudnn.so.7
2023-08-29 14:42:36.521486: I tensorflow/stream_executor/platform/default/dso_loader.cc:49] Successfully opened dynamic library libcudnn.so.7
2023-08-29 14:42:37.018524: I tensorflow/stream_executor/platform/default/dso_loader.cc:49] Successfully opened dynamic library libcudnn.so.7
2023-08-29 14:42:37.158248: I tensorflow/stream_executor/platform/default/dso_loader.cc:49] Successfully opened dynamic library libcublas.so.10
2023-08-29 14:42:37.257393: I tensorflow/stream_executor/platform/default/dso_loader.cc:49] Successfully opened dynamic library libcublas.so.10
2023-08-29 14:42:37.412859: I tensorflow/stream_executor/platform/default/dso_loader.cc:49] Successfully opened dynamic library libcublas.so.10
2023-08-29 14:42:37.474794: I tensorflow/stream_executor/platform/default/dso_loader.cc:49] Successfully opened dynamic library libcudnn.so.7
2023-08-29 14:42:37.475601: I tensorflow/stream_executor/platform/default/dso_loader.cc:49] Successfully opened dynamic library libcublas.so.10
2023-08-29 14:42:38.142372: I tensorflow/stream_executor/platform/default/dso_loader.cc:49] Successfully opened dynamic library libcudnn.so.7
2023-08-29 14:42:38.309177: I tensorflow/stream_executor/platform/default/dso_loader.cc:49] Successfully opened dynamic library libcublas.so.10
2023-08-29 14:42:38.334010: I tensorflow/stream_executor/platform/default/dso_loader.cc:49] Successfully opened dynamic library libcudnn.so.7
2023-08-29 14:42:38.453206: I tensorflow/stream_executor/platform/default/dso_loader.cc:49] Successfully opened dynamic library libcublas.so.10
2023-08-29 14:42:39.315387: I tensorflow/stream_executor/platform/default/dso_loader.cc:49] Successfully opened dynamic library libcudnn.so.7
2023-08-29 14:42:39.337184: I tensorflow/stream_executor/platform/default/dso_loader.cc:49] Successfully opened dynamic library libcublas.so.10
2023-08-29 14:42:39.392472: I tensorflow/stream_executor/platform/default/dso_loader.cc:49] Successfully opened dynamic library libcudnn.so.7
2023-08-29 14:42:39.416058: I tensorflow/stream_executor/platform/default/dso_loader.cc:49] Successfully opened dynamic library libcublas.so.10
2023-08-29 14:42:39.908879: I tensorflow/stream_executor/platform/default/dso_loader.cc:49] Successfully opened dynamic library libcudnn.so.7
2023-08-29 14:42:40.208117: I tensorflow/stream_executor/platform/default/dso_loader.cc:49] Successfully opened dynamic library libcudnn.so.7
2023-08-29 14:42:40.620814: I tensorflow/stream_executor/platform/default/dso_loader.cc:49] Successfully opened dynamic library libcublas.so.10
2023-08-29 14:42:40.621142: I tensorflow/stream_executor/platform/default/dso_loader.cc:49] Successfully opened dynamic library libcublas.so.10
2023-08-29 14:42:41.137857: I tensorflow/stream_executor/platform/default/dso_loader.cc:49] Successfully opened dynamic library libcublas.so.10
2023-08-29 14:42:41.187952: I tensorflow/stream_executor/platform/default/dso_loader.cc:49] Successfully opened dynamic library libcublas.so.10
2023-08-29 14:47:27.729096: I tensorflow/compiler/mlir/mlir_graph_optimization_pass.cc:116] None of the MLIR optimization passes are enabled (registered 2)
2023-08-29 14:47:38.503849: I tensorflow/compiler/mlir/mlir_graph_optimization_pass.cc:116] None of the MLIR optimization passes are enabled (registered 2)
2023-08-29 14:47:44.699925: I tensorflow/compiler/mlir/mlir_graph_optimization_pass.cc:116] None of the MLIR optimization passes are enabled (registered 2)
2023-08-29 14:47:51.911552: I tensorflow/compiler/mlir/mlir_graph_optimization_pass.cc:116] None of the MLIR optimization passes are enabled (registered 2)
2023-08-29 14:48:10.199044: I tensorflow/compiler/mlir/mlir_graph_optimization_pass.cc:116] None of the MLIR optimization passes are enabled (registered 2)
2023-08-29 14:48:24.007953: I tensorflow/compiler/mlir/mlir_graph_optimization_pass.cc:116] None of the MLIR optimization passes are enabled (registered 2)
2023-08-29 14:48:33.420971: I tensorflow/compiler/mlir/mlir_graph_optimization_pass.cc:116] None of the MLIR optimization passes are enabled (registered 2)
2023-08-29 14:48:38.469552: I tensorflow/compiler/mlir/mlir_graph_optimization_pass.cc:116] None of the MLIR optimization passes are enabled (registered 2)
2023-08-29 14:48:50.193188: I tensorflow/compiler/mlir/mlir_graph_optimization_pass.cc:116] None of the MLIR optimization passes are enabled (registered 2)
2023-08-29 14:48:58.248931: I tensorflow/compiler/mlir/mlir_graph_optimization_pass.cc:116] None of the MLIR optimization passes are enabled (registered 2)
2023-08-29 14:49:12.033152: I tensorflow/compiler/mlir/mlir_graph_optimization_pass.cc:116] None of the MLIR optimization passes are enabled (registered 2)
2023-08-29 14:49:16.995582: I tensorflow/compiler/mlir/mlir_graph_optimization_pass.cc:116] None of the MLIR optimization passes are enabled (registered 2)
